[full_m2] Starting at 2026-04-14T02:49:19.286461
[full_m2] Seeds: [42, 123], Step-jumps: [2, 4, 6, 8]
[full_m2] Sample sizes: {'gsm8k': 200, 'math500': 100, 'humaneval': 164, 'mbpp': 100}
[full_m2] Loading model on cuda:0...
Loading checkpoint shards:   0%|          | 0/6 [00:00<?, ?it/s]Loading checkpoint shards:  17%|█▋        | 1/6 [00:00<00:00,  7.88it/s]Loading checkpoint shards:  33%|███▎      | 2/6 [00:00<00:00,  8.79it/s]Loading checkpoint shards:  50%|█████     | 3/6 [00:00<00:00,  9.15it/s]Loading checkpoint shards:  67%|██████▋   | 4/6 [00:00<00:00,  9.37it/s]Loading checkpoint shards: 100%|██████████| 6/6 [00:00<00:00,  9.88it/s]Loading checkpoint shards: 100%|██████████| 6/6 [00:00<00:00,  9.51it/s]
[full_m2] Model loaded. VRAM: 15288 MB
  seed=42 gsm8k: 200 samples
  seed=42 math500: 100 samples
  seed=42 humaneval: 164 samples
  seed=42 mbpp: 100 samples
  seed=123 gsm8k: 200 samples
  seed=123 math500: 100 samples
  seed=123 humaneval: 164 samples
  seed=123 mbpp: 100 samples

[full_m2] === Step-Jump = 2x (1/4) ===
[full_m2] seed=42
  Evaluating gsm8k...
  gsm8k [50/200] acc=0.360
  gsm8k [100/200] acc=0.340
  gsm8k [150/200] acc=0.373
  gsm8k [200/200] acc=0.375
    gsm8k: acc=0.375, tps=117.1, speedup=3.77x, ret=0.527
  Evaluating math500...
  math500 [30/100] acc=0.100
  math500 [60/100] acc=0.067
  math500 [90/100] acc=0.078
    math500: acc=0.080, tps=231.8, speedup=2.93x, ret=0.723
  Evaluating humaneval...
    humaneval: acc=0.000, tps=196.4, speedup=2.00x, ret=0.000
  Evaluating mbpp...
  mbpp [30/100]
  mbpp [60/100]
  mbpp [90/100]
    mbpp: acc=0.000, tps=257.6, speedup=1.34x, ret=1.000
[full_m2] seed=123
  Evaluating gsm8k...
  gsm8k [50/200] acc=0.420
  gsm8k [100/200] acc=0.420
  gsm8k [150/200] acc=0.427
  gsm8k [200/200] acc=0.400
    gsm8k: acc=0.400, tps=117.2, speedup=3.78x, ret=0.562
  Evaluating math500...
  math500 [30/100] acc=0.133
  math500 [60/100] acc=0.167
  math500 [90/100] acc=0.200
    math500: acc=0.230, tps=238.0, speedup=3.00x, ret=2.078
  Evaluating humaneval...
    humaneval: acc=0.000, tps=196.5, speedup=2.00x, ret=0.000
  Evaluating mbpp...
  mbpp [30/100]
  mbpp [60/100]
  mbpp [90/100]
    mbpp: acc=0.000, tps=258.2, speedup=1.35x, ret=1.000

[full_m2] === Step-Jump = 4x (2/4) ===
[full_m2] seed=42
  Evaluating gsm8k...
  gsm8k [50/200] acc=0.080
  gsm8k [100/200] acc=0.100
  gsm8k [150/200] acc=0.107
  gsm8k [200/200] acc=0.090
    gsm8k: acc=0.090, tps=234.0, speedup=7.54x, ret=0.126
  Evaluating math500...
  math500 [30/100] acc=0.033
  math500 [60/100] acc=0.017
  math500 [90/100] acc=0.033
    math500: acc=0.030, tps=463.2, speedup=5.85x, ret=0.271
  Evaluating humaneval...
    humaneval: acc=0.000, tps=392.6, speedup=4.01x, ret=0.000
  Evaluating mbpp...
  mbpp [30/100]
  mbpp [60/100]
  mbpp [90/100]
    mbpp: acc=0.000, tps=514.8, speedup=2.69x, ret=1.000
[full_m2] seed=123
  Evaluating gsm8k...
  gsm8k [50/200] acc=0.140
  gsm8k [100/200] acc=0.110
  gsm8k [150/200] acc=0.107
  gsm8k [200/200] acc=0.095
    gsm8k: acc=0.095, tps=234.2, speedup=7.55x, ret=0.133
  Evaluating math500...
  math500 [30/100] acc=0.033
  math500 [60/100] acc=0.017
  math500 [90/100] acc=0.011
    math500: acc=0.020, tps=475.7, speedup=6.00x, ret=0.181
  Evaluating humaneval...
    humaneval: acc=0.000, tps=392.6, speedup=4.01x, ret=0.000
  Evaluating mbpp...
  mbpp [30/100]
  mbpp [60/100]
  mbpp [90/100]
    mbpp: acc=0.000, tps=515.9, speedup=2.69x, ret=1.000

[full_m2] === Step-Jump = 6x (3/4) ===
[full_m2] seed=42
  Evaluating gsm8k...
  gsm8k [50/200] acc=0.020
  gsm8k [100/200] acc=0.010
  gsm8k [150/200] acc=0.020
  gsm8k [200/200] acc=0.020
    gsm8k: acc=0.020, tps=467.8, speedup=15.08x, ret=0.028
  Evaluating math500...
  math500 [30/100] acc=0.033
  math500 [60/100] acc=0.050
  math500 [90/100] acc=0.044
    math500: acc=0.040, tps=925.1, speedup=11.68x, ret=0.361
  Evaluating humaneval...
    humaneval: acc=0.000, tps=783.9, speedup=8.00x, ret=0.000
  Evaluating mbpp...
  mbpp [30/100]
  mbpp [60/100]
  mbpp [90/100]
    mbpp: acc=0.000, tps=1027.6, speedup=5.36x, ret=1.000
[full_m2] seed=123
  Evaluating gsm8k...
  gsm8k [50/200] acc=0.040
  gsm8k [100/200] acc=0.030
  gsm8k [150/200] acc=0.020
  gsm8k [200/200] acc=0.025
    gsm8k: acc=0.025, tps=468.1, speedup=15.09x, ret=0.035
  Evaluating math500...
  math500 [30/100] acc=0.033
  math500 [60/100] acc=0.033
  math500 [90/100] acc=0.033
    math500: acc=0.030, tps=949.9, speedup=11.99x, ret=0.271
  Evaluating humaneval...
    humaneval: acc=0.000, tps=784.1, speedup=8.00x, ret=0.000
  Evaluating mbpp...
  mbpp [30/100]
  mbpp [60/100]
  mbpp [90/100]
    mbpp: acc=0.000, tps=1029.7, speedup=5.37x, ret=1.000

[full_m2] === Step-Jump = 8x (4/4) ===
[full_m2] seed=42
  Evaluating gsm8k...
  gsm8k [50/200] acc=0.020
  gsm8k [100/200] acc=0.010
  gsm8k [150/200] acc=0.020
  gsm8k [200/200] acc=0.020
    gsm8k: acc=0.020, tps=467.8, speedup=15.08x, ret=0.028
  Evaluating math500...
  math500 [30/100] acc=0.033
  math500 [60/100] acc=0.050
  math500 [90/100] acc=0.044
    math500: acc=0.040, tps=925.1, speedup=11.68x, ret=0.361
  Evaluating humaneval...
    humaneval: acc=0.000, tps=784.1, speedup=8.00x, ret=0.000
  Evaluating mbpp...
  mbpp [30/100]
  mbpp [60/100]
  mbpp [90/100]
    mbpp: acc=0.000, tps=1027.7, speedup=5.36x, ret=1.000
[full_m2] seed=123
  Evaluating gsm8k...
  gsm8k [50/200] acc=0.040
  gsm8k [100/200] acc=0.030
  gsm8k [150/200] acc=0.020
  gsm8k [200/200] acc=0.025
    gsm8k: acc=0.025, tps=468.2, speedup=15.10x, ret=0.035
  Evaluating math500...
  math500 [30/100] acc=0.033
  math500 [60/100] acc=0.033
  math500 [90/100] acc=0.033
    math500: acc=0.030, tps=949.9, speedup=11.99x, ret=0.271
  Evaluating humaneval...
    humaneval: acc=0.000, tps=784.2, speedup=8.00x, ret=0.000
  Evaluating mbpp...
  mbpp [30/100]
  mbpp [60/100]
  mbpp [90/100]
    mbpp: acc=0.000, tps=1029.8, speedup=5.38x, ret=1.000
  step_jump=2x: speedup=3.095x, acc_ret=0.760, QAS=1.177, within_5pct=False
  step_jump=4x: speedup=6.187x, acc_ret=0.279, QAS=0.864, within_5pct=False
  step_jump=6x: speedup=12.363x, acc_ret=0.243, QAS=1.505, within_5pct=False
  step_jump=8x: speedup=12.364x, acc_ret=0.243, QAS=1.505, within_5pct=False

[full_m2] Verdict: NO_GO
[full_m2] Best operating point: {'step_jump': 8, 'step_jump_label': '8x', 'combined_speedup': 12.363891926544165, 'combined_acc_ret': 0.24342600386044616, 'gsm8k_acc_drop': 0.968407750631845, 'within_5pct': False, 'combined_qas': 1.5048464019205394, 'per_benchmark': {'gsm8k': {'avg_tps': 467.9968966261028, 'avg_acc': 0.0225, 'avg_speedup': 15.090345875152444, 'avg_acc_ret': 0.03159224936815501, 'n_seeds': 2.0}, 'math500': {'avg_tps': 937.5146363523759, 'avg_acc': 0.035, 'avg_speedup': 11.83416816693018, 'avg_acc_ret': 0.31616982836495033, 'n_seeds': 2.0}, 'humaneval': {'avg_tps': 784.1344267023209, 'avg_acc': 0.0, 'avg_speedup': 8.001453348527239, 'avg_acc_ret': 0.0, 'n_seeds': 2.0}, 'mbpp': {'avg_tps': 1028.7269840516137, 'avg_acc': 0.0, 'avg_speedup': 5.369531093355535, 'avg_acc_ret': 1.0, 'n_seeds': 2.0}}}
[full_m2] Elapsed: 58.2 min
[full_m2] Results → /home/qhxie/AutoResearch-SibylSystem/workspaces/dlm-acceleration/current/exp/results/full_m2/m2_pareto_full.json
[full_m2] Done.
