============================================================
Training resnet20_nobn on cifar10
WD method: cwd_hard, base WD: 0.0005
Epochs: 200, LR: 0.0005, Batch: 128
Seed: 123, Device: cuda:7
Output: /home/ccwang/sibyl-research-system/workspaces/dynamic-wd/current/exp/results/full/nobn/cifar10/resnet20_nobn/cwd_hard/seed_123
============================================================
  E  0/200: loss=1.8866 tr_acc=28.17% te_acc=38.14% wn=18.16 CSI=0.0000 AIS=0.4984 BEM=-0.9000
  E 10/200: loss=0.7817 tr_acc=72.03% te_acc=71.99% wn=26.59 CSI=0.4021 AIS=0.4290 BEM=-0.5000
  E 20/200: loss=0.5358 tr_acc=81.22% te_acc=80.28% wn=31.31 CSI=0.0669 AIS=0.4470 BEM=-0.4905
  E 30/200: loss=0.4193 tr_acc=85.33% te_acc=82.25% wn=35.17 CSI=0.0550 AIS=0.5050 BEM=-0.4871
  E 40/200: loss=0.3372 tr_acc=88.14% te_acc=84.42% wn=38.45 CSI=0.0563 AIS=0.4035 BEM=-0.4756
  E 50/200: loss=0.2834 tr_acc=89.91% te_acc=84.77% wn=41.14 CSI=0.0741 AIS=0.3280 BEM=-0.4961
  E 60/200: loss=0.2375 tr_acc=91.55% te_acc=85.28% wn=43.35 CSI=0.0738 AIS=0.5786 BEM=-0.4803
  E 70/200: loss=0.1980 tr_acc=92.96% te_acc=85.40% wn=45.12 CSI=0.0846 AIS=0.3949 BEM=-0.4831
  E 80/200: loss=0.1713 tr_acc=93.76% te_acc=85.01% wn=46.56 CSI=0.0846 AIS=0.5539 BEM=-0.4901
  E 90/200: loss=0.1403 tr_acc=94.90% te_acc=86.25% wn=47.69 CSI=0.0908 AIS=0.4121 BEM=-0.4989
  E100/200: loss=0.1161 tr_acc=95.83% te_acc=86.35% wn=48.51 CSI=0.1125 AIS=0.6037 BEM=-0.5050
  E110/200: loss=0.0999 tr_acc=96.40% te_acc=86.65% wn=49.14 CSI=0.1005 AIS=0.4146 BEM=-0.5045
  E120/200: loss=0.0802 tr_acc=97.13% te_acc=86.46% wn=49.59 CSI=0.1157 AIS=0.4335 BEM=-0.5008
  E130/200: loss=0.0675 tr_acc=97.53% te_acc=86.65% wn=49.90 CSI=0.1372 AIS=0.4782 BEM=-0.5031
  E140/200: loss=0.0534 tr_acc=98.09% te_acc=87.05% wn=50.09 CSI=0.1361 AIS=0.4479 BEM=-0.5021
  E150/200: loss=0.0433 tr_acc=98.42% te_acc=87.06% wn=50.22 CSI=0.1841 AIS=0.4557 BEM=-0.5066
  E160/200: loss=0.0348 tr_acc=98.80% te_acc=87.21% wn=50.29 CSI=0.1365 AIS=0.4420 BEM=-0.5025
  E170/200: loss=0.0283 tr_acc=99.02% te_acc=87.31% wn=50.32 CSI=0.1538 AIS=0.5067 BEM=-0.5006
  E180/200: loss=0.0257 tr_acc=99.08% te_acc=87.30% wn=50.34 CSI=0.2377 AIS=0.4920 BEM=-0.5072
  E190/200: loss=0.0231 tr_acc=99.18% te_acc=87.20% wn=50.35 CSI=0.5429 AIS=0.3821 BEM=-0.5084
  E199/200: loss=0.0222 tr_acc=99.26% te_acc=87.26% wn=50.35 CSI=0.7966 AIS=0.5342 BEM=-0.5080

Done! Best: 87.52%, Time: 3833.7s
