============================================================
Training resnet20_nobn on cifar10
WD method: cwd_hard, base WD: 0.0005
Epochs: 200, LR: 0.0005, Batch: 128
Seed: 42, Device: cuda:7
Output: /home/ccwang/sibyl-research-system/workspaces/dynamic-wd/current/exp/results/full/nobn/cifar10/resnet20_nobn/cwd_hard/seed_42
============================================================
  E  0/200: loss=1.8691 tr_acc=28.94% te_acc=38.00% wn=18.00 CSI=0.0000 AIS=0.2992 BEM=-0.7000
  E 10/200: loss=0.8102 tr_acc=71.04% te_acc=71.67% wn=26.63 CSI=0.3519 AIS=0.3299 BEM=-0.6182
  E 20/200: loss=0.5423 tr_acc=81.02% te_acc=79.48% wn=31.62 CSI=0.0981 AIS=0.4899 BEM=-0.5476
  E 30/200: loss=0.4219 tr_acc=85.24% te_acc=82.02% wn=35.56 CSI=0.0621 AIS=0.4941 BEM=-0.5097
  E 40/200: loss=0.3395 tr_acc=87.99% te_acc=84.32% wn=38.85 CSI=0.0783 AIS=0.4745 BEM=-0.5098
  E 50/200: loss=0.2830 tr_acc=90.06% te_acc=84.63% wn=41.56 CSI=0.0715 AIS=0.5371 BEM=-0.5078
  E 60/200: loss=0.2400 tr_acc=91.41% te_acc=85.93% wn=43.82 CSI=0.0710 AIS=0.4479 BEM=-0.5000
  E 70/200: loss=0.1963 tr_acc=93.06% te_acc=85.40% wn=45.64 CSI=0.0787 AIS=0.5308 BEM=-0.5000
  E 80/200: loss=0.1636 tr_acc=94.20% te_acc=86.91% wn=47.06 CSI=0.0842 AIS=0.4146 BEM=-0.5062
  E 90/200: loss=0.1356 tr_acc=95.04% te_acc=85.56% wn=48.15 CSI=0.0682 AIS=0.5509 BEM=-0.5088
  E100/200: loss=0.1152 tr_acc=95.80% te_acc=86.69% wn=49.02 CSI=0.0931 AIS=0.4182 BEM=-0.5099
  E110/200: loss=0.0914 tr_acc=96.70% te_acc=86.40% wn=49.64 CSI=0.1221 AIS=0.4309 BEM=-0.5081
  E120/200: loss=0.0753 tr_acc=97.31% te_acc=86.73% wn=50.08 CSI=0.0937 AIS=0.5847 BEM=-0.5074
  E130/200: loss=0.0608 tr_acc=97.87% te_acc=86.82% wn=50.39 CSI=0.1114 AIS=0.3823 BEM=-0.5084
  E140/200: loss=0.0522 tr_acc=98.12% te_acc=87.37% wn=50.58 CSI=0.1639 AIS=0.3674 BEM=-0.5113
  E150/200: loss=0.0395 tr_acc=98.55% te_acc=87.23% wn=50.70 CSI=0.1869 AIS=0.4950 BEM=-0.5093
  E160/200: loss=0.0302 tr_acc=98.97% te_acc=87.71% wn=50.76 CSI=0.1889 AIS=0.4312 BEM=-0.5112
  E170/200: loss=0.0256 tr_acc=99.13% te_acc=87.58% wn=50.80 CSI=0.2971 AIS=0.4696 BEM=-0.5082
  E180/200: loss=0.0207 tr_acc=99.35% te_acc=87.53% wn=50.82 CSI=0.3453 AIS=0.4823 BEM=-0.5050
  E190/200: loss=0.0204 tr_acc=99.31% te_acc=87.58% wn=50.82 CSI=0.4445 AIS=0.4823 BEM=-0.5047
  E199/200: loss=0.0182 tr_acc=99.40% te_acc=87.64% wn=50.82 CSI=0.9882 AIS=0.3078 BEM=-0.5025

Done! Best: 87.76%, Time: 4109.6s
