============================================================
Training vgg16_bn on cifar10
WD method: cwd_hard, base WD: 0.0005
Epochs: 200, LR: 0.001, Batch: 128
Seed: 42, Device: cuda:1
Output: /home/ccwang/sibyl-research-system/workspaces/dynamic-wd/current/exp/results/full/vgg16bn/cifar10/cwd_hard/seed_42
============================================================
  E  0/200: loss=1.8860 tr_acc=22.34% te_acc=29.32% wn=122.20 CSI=0.0000 AIS=0.3110 BEM=-0.3000
  E 10/200: loss=0.5838 tr_acc=81.53% te_acc=79.85% wn=255.26 CSI=0.2813 AIS=0.2815 BEM=-0.4091
  E 20/200: loss=0.3462 tr_acc=89.19% te_acc=84.57% wn=338.83 CSI=0.0612 AIS=0.2768 BEM=-0.4381
  E 30/200: loss=0.2296 tr_acc=92.82% te_acc=87.69% wn=409.67 CSI=0.0843 AIS=0.2452 BEM=-0.4742
  E 40/200: loss=0.1587 tr_acc=95.04% te_acc=89.40% wn=465.33 CSI=0.1501 AIS=0.2184 BEM=-0.4780
  E 50/200: loss=0.1072 tr_acc=96.74% te_acc=89.51% wn=513.60 CSI=0.1890 AIS=0.1541 BEM=-0.4804
  E 60/200: loss=0.0757 tr_acc=97.65% te_acc=90.13% wn=550.08 CSI=0.1451 AIS=0.1732 BEM=-0.4787
  E 70/200: loss=0.0567 tr_acc=98.35% te_acc=90.63% wn=580.81 CSI=0.2381 AIS=0.0958 BEM=-0.4775
  E 80/200: loss=0.0436 tr_acc=98.72% te_acc=90.96% wn=603.24 CSI=0.1464 AIS=0.2401 BEM=-0.4802
  E 90/200: loss=0.0356 tr_acc=98.96% te_acc=90.92% wn=620.18 CSI=0.0864 AIS=0.1906 BEM=-0.4835
  E100/200: loss=0.0262 tr_acc=99.19% te_acc=91.31% wn=633.82 CSI=0.1855 AIS=0.2548 BEM=-0.4802
  E110/200: loss=0.0149 tr_acc=99.53% te_acc=91.29% wn=642.19 CSI=0.2156 AIS=0.2401 BEM=-0.4874
  E120/200: loss=0.0128 tr_acc=99.61% te_acc=91.51% wn=649.04 CSI=0.2083 AIS=0.1676 BEM=-0.4843
  E130/200: loss=0.0079 tr_acc=99.76% te_acc=91.94% wn=653.13 CSI=0.2314 AIS=0.2728 BEM=-0.4908
  E140/200: loss=0.0077 tr_acc=99.80% te_acc=91.97% wn=656.05 CSI=0.2295 AIS=0.2479 BEM=-0.5014
  E150/200: loss=0.0043 tr_acc=99.88% te_acc=91.96% wn=657.48 CSI=0.7070 AIS=0.2565 BEM=-0.4987
  E160/200: loss=0.0026 tr_acc=99.92% te_acc=91.94% wn=658.25 CSI=0.5148 AIS=0.2541 BEM=-0.5031
  E170/200: loss=0.0019 tr_acc=99.94% te_acc=92.18% wn=658.54 CSI=1.3880 AIS=0.2338 BEM=-0.5023
  E180/200: loss=0.0013 tr_acc=99.97% te_acc=92.22% wn=658.67 CSI=1.0322 AIS=0.2173 BEM=-0.4978
  E190/200: loss=0.0006 tr_acc=99.98% te_acc=92.25% wn=658.71 CSI=0.6984 AIS=0.1732 BEM=-0.5016
  E199/200: loss=0.0006 tr_acc=99.98% te_acc=92.31% wn=658.71 CSI=1.3699 AIS=0.2291 BEM=-0.5005

Done! Best: 92.32%, Time: 1019.3s
