============================================================
Training vgg16_bn on cifar10
WD method: constant, base WD: 0.0005
Epochs: 200, LR: 0.001, Batch: 128
Seed: 456, Device: cuda:1
Output: /home/ccwang/sibyl-research-system/workspaces/dynamic-wd/current/exp/results/full/vgg16bn/cifar10/constant/seed_456
============================================================
  E  0/200: loss=1.8956 tr_acc=20.79% te_acc=30.65% wn=120.83 CSI=0.0000 AIS=0.4109 BEM=0.0000
  E 10/200: loss=0.5541 tr_acc=82.37% te_acc=82.31% wn=256.77 CSI=0.3016 AIS=0.3338 BEM=0.0000
  E 20/200: loss=0.3323 tr_acc=89.56% te_acc=85.93% wn=339.39 CSI=0.0740 AIS=0.2247 BEM=0.0000
  E 30/200: loss=0.2228 tr_acc=93.13% te_acc=87.69% wn=408.47 CSI=0.1142 AIS=0.1610 BEM=0.0000
  E 40/200: loss=0.1492 tr_acc=95.38% te_acc=88.67% wn=463.87 CSI=0.1079 AIS=0.2012 BEM=0.0000
  E 50/200: loss=0.1034 tr_acc=96.92% te_acc=90.34% wn=509.47 CSI=0.1867 AIS=0.2394 BEM=0.0000
  E 60/200: loss=0.0740 tr_acc=97.76% te_acc=90.20% wn=545.24 CSI=0.4496 AIS=0.1147 BEM=0.0000
  E 70/200: loss=0.0506 tr_acc=98.50% te_acc=90.11% wn=571.96 CSI=0.1817 AIS=0.1085 BEM=0.0000
  E 80/200: loss=0.0406 tr_acc=98.79% te_acc=91.04% wn=593.77 CSI=0.1110 AIS=0.1162 BEM=0.0000
  E 90/200: loss=0.0293 tr_acc=99.13% te_acc=90.91% wn=609.91 CSI=0.1655 AIS=0.3402 BEM=0.0000
  E100/200: loss=0.0201 tr_acc=99.38% te_acc=91.10% wn=623.92 CSI=0.8272 AIS=0.2676 BEM=0.0000
  E110/200: loss=0.0159 tr_acc=99.58% te_acc=91.22% wn=631.95 CSI=0.1727 AIS=0.1988 BEM=0.0000
  E120/200: loss=0.0117 tr_acc=99.63% te_acc=91.13% wn=637.65 CSI=0.2540 AIS=0.2219 BEM=0.0000
  E130/200: loss=0.0045 tr_acc=99.87% te_acc=91.49% wn=641.74 CSI=1.9406 AIS=0.1722 BEM=0.0000
  E140/200: loss=0.0063 tr_acc=99.83% te_acc=91.52% wn=643.46 CSI=0.2763 AIS=0.1732 BEM=0.0000
  E150/200: loss=0.0040 tr_acc=99.89% te_acc=91.31% wn=644.60 CSI=0.4316 AIS=0.2431 BEM=0.0000
  E160/200: loss=0.0021 tr_acc=99.95% te_acc=91.57% wn=645.06 CSI=0.7699 AIS=0.3179 BEM=0.0000
  E170/200: loss=0.0011 tr_acc=99.97% te_acc=91.91% wn=645.26 CSI=1.0554 AIS=0.3037 BEM=0.0000
  E180/200: loss=0.0008 tr_acc=99.98% te_acc=91.95% wn=645.36 CSI=1.1122 AIS=0.3938 BEM=0.0000
  E190/200: loss=0.0013 tr_acc=99.97% te_acc=92.00% wn=645.39 CSI=0.9019 AIS=0.2281 BEM=0.0000
  E199/200: loss=0.0009 tr_acc=99.98% te_acc=92.07% wn=645.39 CSI=1.6511 AIS=0.2415 BEM=0.0000

Done! Best: 92.12%, Time: 768.9s
