
Loading checkpoint shards:   0%|          | 0/6 [00:00<?, ?it/s]
Loading checkpoint shards:  17%|█▋        | 1/6 [00:00<00:00,  7.45it/s]
Loading checkpoint shards:  33%|███▎      | 2/6 [00:00<00:00,  7.84it/s]
Loading checkpoint shards:  50%|█████     | 3/6 [00:00<00:00,  8.18it/s]
Loading checkpoint shards:  67%|██████▋   | 4/6 [00:00<00:00,  8.37it/s]
Loading checkpoint shards:  83%|████████▎ | 5/6 [00:00<00:00,  8.74it/s]
Loading checkpoint shards: 100%|██████████| 6/6 [00:00<00:00,  9.12it/s]
Loading checkpoint shards: 100%|██████████| 6/6 [00:00<00:00,  8.64it/s]

[full_m1_pareto_t3] Starting at 2026-04-13T11:52:36.847602
[full_m1_pareto_t3] Entropy thresholds: [3.0]
[full_m1_pareto_t3] Seeds: [42, 123, 456]
[full_m1_pareto_t3] Loading LLaDA-8B-Instruct...
[full_m1_pareto_t3] Model loaded. VRAM: 15288 MB
[full_m1_pareto_t3] Loading datasets...
  GSM8K=1319, MATH500=500, HumanEval=164, MBPP=257
[full_m1_pareto_t3] Loaded base partial: 2 thresholds done

[full_m1_pareto_t3] === Threshold 3.0 (1/1) ===
  [full_m1_pareto_t3] threshold=3.0, seed=42
  [GSM8K_t3.0_s42] n=1319, seed=42, threshold=3.0, bs=4
    [100/1319] acc=0.120, tps=59.1, cache_hit=0.619
    [200/1319] acc=0.130, tps=61.5, cache_hit=0.636
    [300/1319] acc=0.127, tps=61.3, cache_hit=0.634
    [400/1319] acc=0.125, tps=60.2, cache_hit=0.635
    [500/1319] acc=0.114, tps=59.2, cache_hit=0.629
    [600/1319] acc=0.108, tps=59.7, cache_hit=0.632
    [700/1319] acc=0.103, tps=59.7, cache_hit=0.631
    [800/1319] acc=0.105, tps=59.4, cache_hit=0.630
    [900/1319] acc=0.107, tps=59.2, cache_hit=0.631
    [1000/1319] acc=0.100, tps=59.2, cache_hit=0.632
    [1100/1319] acc=0.102, tps=59.1, cache_hit=0.631
    [1200/1319] acc=0.100, tps=59.3, cache_hit=0.631
    [1300/1319] acc=0.100, tps=59.2, cache_hit=0.632
    [1319/1319] acc=0.099, tps=59.6, cache_hit=0.633
    GSM8K done: acc=0.099, speedup=1.92x, cache_hit=0.633
  [MATH500_t3.0_s42] n=500, seed=42, threshold=3.0, bs=2
    [100/500] acc=0.050, tps=118.8
    [200/500] acc=0.045, tps=124.5
    [300/500] acc=0.033, tps=122.5
    [400/500] acc=0.028, tps=123.2
    [500/500] acc=0.028, tps=123.7
    MATH500 done: acc=0.028, speedup=1.56x
  [HumanEval_t3.0_s42] n=164, seed=42, threshold=3.0, bs=4
    [40/164] pass@1=0.000, tps=140.9
    [80/164] pass@1=0.000, tps=150.6
    [120/164] pass@1=0.000, tps=151.0
    [160/164] pass@1=0.000, tps=153.8
    [164/164] pass@1=0.000, tps=155.1
    HumanEval done: pass@1=0.000, speedup=1.58x
  [MBPP_t3.0_s42] n=257, seed=42, threshold=3.0, bs=4
    [80/257] pass@1=0.000, tps=228.2
    [160/257] pass@1=0.000, tps=228.6
    [240/257] pass@1=0.000, tps=229.6
    [257/257] pass@1=0.000, tps=228.7
    MBPP done: pass@1=0.000, speedup=1.19x
  [checkpoint] threshold=3.0, seed=42 saved
  [full_m1_pareto_t3] threshold=3.0, seed=123
  [GSM8K_t3.0_s123] n=1319, seed=123, threshold=3.0, bs=4
    [100/1319] acc=0.080, tps=57.2, cache_hit=0.638
    [200/1319] acc=0.110, tps=61.4, cache_hit=0.650
    [300/1319] acc=0.113, tps=61.6, cache_hit=0.645
    [400/1319] acc=0.107, tps=61.5, cache_hit=0.643
    [500/1319] acc=0.100, tps=61.0, cache_hit=0.641
    [600/1319] acc=0.098, tps=60.3, cache_hit=0.638
    [700/1319] acc=0.100, tps=60.3, cache_hit=0.636
    [800/1319] acc=0.105, tps=60.0, cache_hit=0.635
    [900/1319] acc=0.114, tps=59.1, cache_hit=0.630
    [1000/1319] acc=0.111, tps=59.5, cache_hit=0.631
    [1100/1319] acc=0.111, tps=59.3, cache_hit=0.631
    [1200/1319] acc=0.109, tps=59.3, cache_hit=0.631
    [1300/1319] acc=0.108, tps=59.4, cache_hit=0.631
    [1319/1319] acc=0.108, tps=59.4, cache_hit=0.632
    GSM8K done: acc=0.108, speedup=1.91x, cache_hit=0.632
  [MATH500_t3.0_s123] n=500, seed=123, threshold=3.0, bs=2
    [100/500] acc=0.010, tps=123.5
    [200/500] acc=0.030, tps=127.7
    [300/500] acc=0.033, tps=122.7
    [400/500] acc=0.040, tps=122.6
    [500/500] acc=0.040, tps=125.1
    MATH500 done: acc=0.040, speedup=1.58x
  [HumanEval_t3.0_s123] n=164, seed=123, threshold=3.0, bs=4
    [40/164] pass@1=0.000, tps=148.3
    [80/164] pass@1=0.000, tps=151.9
    [120/164] pass@1=0.000, tps=150.4
    [160/164] pass@1=0.000, tps=153.1
    [164/164] pass@1=0.000, tps=152.3
    HumanEval done: pass@1=0.000, speedup=1.55x
  [MBPP_t3.0_s123] n=257, seed=123, threshold=3.0, bs=4
    [80/257] pass@1=0.000, tps=228.6
    [160/257] pass@1=0.000, tps=227.7
    [240/257] pass@1=0.000, tps=228.3
    [257/257] pass@1=0.000, tps=227.0
    MBPP done: pass@1=0.000, speedup=1.19x
  [checkpoint] threshold=3.0, seed=123 saved
  [full_m1_pareto_t3] threshold=3.0, seed=456
  [GSM8K_t3.0_s456] n=1319, seed=456, threshold=3.0, bs=4
    [100/1319] acc=0.060, tps=55.2, cache_hit=0.597
    [200/1319] acc=0.065, tps=59.2, cache_hit=0.615
    [300/1319] acc=0.090, tps=59.4, cache_hit=0.618
    [400/1319] acc=0.090, tps=59.1, cache_hit=0.620
    [500/1319] acc=0.092, tps=59.5, cache_hit=0.629
    [600/1319] acc=0.095, tps=59.5, cache_hit=0.631
    [700/1319] acc=0.100, tps=59.2, cache_hit=0.631
    [800/1319] acc=0.102, tps=59.1, cache_hit=0.630
    [900/1319] acc=0.104, tps=58.6, cache_hit=0.629
    [1000/1319] acc=0.103, tps=58.8, cache_hit=0.630
    [1100/1319] acc=0.105, tps=58.9, cache_hit=0.632
    [1200/1319] acc=0.106, tps=58.7, cache_hit=0.632
    [1300/1319] acc=0.104, tps=58.8, cache_hit=0.633
    [1319/1319] acc=0.103, tps=58.7, cache_hit=0.633
    GSM8K done: acc=0.103, speedup=1.89x, cache_hit=0.633
  [MATH500_t3.0_s456] n=500, seed=456, threshold=3.0, bs=2
    [100/500] acc=0.070, tps=118.1
    [200/500] acc=0.065, tps=125.1
    [300/500] acc=0.050, tps=126.9
    [400/500] acc=0.043, tps=125.1
    [500/500] acc=0.038, tps=125.9
    MATH500 done: acc=0.038, speedup=1.59x
  [HumanEval_t3.0_s456] n=164, seed=456, threshold=3.0, bs=4
    [40/164] pass@1=0.000, tps=138.6
    [80/164] pass@1=0.000, tps=149.0
    [120/164] pass@1=0.000, tps=153.1
    [160/164] pass@1=0.000, tps=156.2
    [164/164] pass@1=0.000, tps=155.1
    HumanEval done: pass@1=0.000, speedup=1.58x
  [MBPP_t3.0_s456] n=257, seed=456, threshold=3.0, bs=4
    [80/257] pass@1=0.000, tps=232.2
    [160/257] pass@1=0.000, tps=230.4
    [240/257] pass@1=0.000, tps=230.8
    [257/257] pass@1=0.000, tps=229.2
    MBPP done: pass@1=0.000, speedup=1.20x
  [checkpoint] threshold=3.0, seed=456 saved

[full_m1_pareto_t3] Aggregating results...
  Threshold=3.0: speedup=1.702x, acc_ret=0.308, QAS=0.523, within_2pct=False

[full_m1_pareto_t3] === FINAL OPERATING POINT ===
  Entropy threshold: 3.0
  Combined speedup:  1.702x
  Combined QAS:      0.523
  GSM8K speedup:     1.909x
  GSM8K acc:         0.103
[full_m1_pareto_t3] Results saved to /home/qhxie/AutoResearch-SibylSystem/workspaces/dlm-acceleration/current/exp/results/full_m1/m1_pareto_full_t3.json
[full_m1_pareto_t3] gpu_progress.json updated
[full_m1_pareto_t3] Done in 439.2 minutes.

