
Loading checkpoint shards:   0%|          | 0/6 [00:00<?, ?it/s]
Loading checkpoint shards:  17%|█▋        | 1/6 [00:00<00:00,  7.81it/s]
Loading checkpoint shards:  33%|███▎      | 2/6 [00:00<00:00,  8.63it/s]
Loading checkpoint shards:  50%|█████     | 3/6 [00:00<00:00,  9.17it/s]
Loading checkpoint shards:  67%|██████▋   | 4/6 [00:00<00:00,  9.46it/s]
Loading checkpoint shards: 100%|██████████| 6/6 [00:00<00:00, 10.10it/s]
Loading checkpoint shards: 100%|██████████| 6/6 [00:00<00:00,  9.63it/s]

[full_m1_pareto_t2] Starting at 2026-04-13T11:52:36.836287
[full_m1_pareto_t2] Entropy thresholds: [2.0]
[full_m1_pareto_t2] Seeds: [42, 123, 456]
[full_m1_pareto_t2] Loading LLaDA-8B-Instruct...
[full_m1_pareto_t2] Model loaded. VRAM: 15288 MB
[full_m1_pareto_t2] Loading datasets...
  GSM8K=1319, MATH500=500, HumanEval=164, MBPP=257
[full_m1_pareto_t2] Loaded base partial: 2 thresholds done

[full_m1_pareto_t2] === Threshold 2.0 (1/1) ===
  [full_m1_pareto_t2] threshold=2.0, seed=42
  [GSM8K_t2.0_s42] n=1319, seed=42, threshold=2.0, bs=4
    [100/1319] acc=0.400, tps=48.3, cache_hit=0.584
    [200/1319] acc=0.390, tps=48.4, cache_hit=0.605
    [300/1319] acc=0.383, tps=47.5, cache_hit=0.604
    [400/1319] acc=0.383, tps=46.8, cache_hit=0.605
    [500/1319] acc=0.378, tps=46.2, cache_hit=0.600
    [600/1319] acc=0.378, tps=46.4, cache_hit=0.601
    [700/1319] acc=0.367, tps=46.4, cache_hit=0.600
    [800/1319] acc=0.378, tps=46.1, cache_hit=0.600
    [900/1319] acc=0.379, tps=46.1, cache_hit=0.600
    [1000/1319] acc=0.380, tps=46.1, cache_hit=0.600
    [1100/1319] acc=0.385, tps=46.2, cache_hit=0.600
    [1200/1319] acc=0.388, tps=46.1, cache_hit=0.601
    [1300/1319] acc=0.394, tps=46.2, cache_hit=0.601
    [1319/1319] acc=0.395, tps=46.4, cache_hit=0.602
    GSM8K done: acc=0.395, speedup=1.50x, cache_hit=0.602
  [MATH500_t2.0_s42] n=500, seed=42, threshold=2.0, bs=2
    [100/500] acc=0.070, tps=97.5
    [200/500] acc=0.085, tps=102.6
    [300/500] acc=0.090, tps=101.8
    [400/500] acc=0.075, tps=101.6
    [500/500] acc=0.070, tps=102.4
    MATH500 done: acc=0.070, speedup=1.29x
  [HumanEval_t2.0_s42] n=164, seed=42, threshold=2.0, bs=4
    [40/164] pass@1=0.000, tps=119.1
    [80/164] pass@1=0.000, tps=129.6
    [120/164] pass@1=0.000, tps=131.2
    [160/164] pass@1=0.000, tps=133.4
    [164/164] pass@1=0.000, tps=134.6
    HumanEval done: pass@1=0.000, speedup=1.37x
  [MBPP_t2.0_s42] n=257, seed=42, threshold=2.0, bs=4
    [80/257] pass@1=0.000, tps=209.3
    [160/257] pass@1=0.000, tps=207.2
    [240/257] pass@1=0.000, tps=207.0
    [257/257] pass@1=0.000, tps=206.2
    MBPP done: pass@1=0.000, speedup=1.08x
  [checkpoint] threshold=2.0, seed=42 saved
  [full_m1_pareto_t2] threshold=2.0, seed=123
  [GSM8K_t2.0_s123] n=1319, seed=123, threshold=2.0, bs=4
    [100/1319] acc=0.390, tps=44.5, cache_hit=0.611
    [200/1319] acc=0.375, tps=47.8, cache_hit=0.621
    [300/1319] acc=0.377, tps=48.4, cache_hit=0.614
    [400/1319] acc=0.380, tps=48.5, cache_hit=0.613
    [500/1319] acc=0.370, tps=48.2, cache_hit=0.610
    [600/1319] acc=0.360, tps=47.5, cache_hit=0.607
    [700/1319] acc=0.364, tps=47.2, cache_hit=0.607
    [800/1319] acc=0.365, tps=47.1, cache_hit=0.605
    [900/1319] acc=0.378, tps=46.6, cache_hit=0.601
    [1000/1319] acc=0.375, tps=46.7, cache_hit=0.602
    [1100/1319] acc=0.375, tps=46.5, cache_hit=0.602
    [1200/1319] acc=0.380, tps=46.5, cache_hit=0.602
    [1300/1319] acc=0.381, tps=46.5, cache_hit=0.602
    [1319/1319] acc=0.382, tps=46.5, cache_hit=0.603
    GSM8K done: acc=0.382, speedup=1.50x, cache_hit=0.603
  [MATH500_t2.0_s123] n=500, seed=123, threshold=2.0, bs=2
    [100/500] acc=0.030, tps=106.1
    [200/500] acc=0.055, tps=105.7
    [300/500] acc=0.067, tps=103.3
    [400/500] acc=0.065, tps=102.4
    [500/500] acc=0.068, tps=103.9
    MATH500 done: acc=0.068, speedup=1.31x
  [HumanEval_t2.0_s123] n=164, seed=123, threshold=2.0, bs=4
    [40/164] pass@1=0.000, tps=126.8
    [80/164] pass@1=0.000, tps=130.7
    [120/164] pass@1=0.000, tps=128.2
    [160/164] pass@1=0.000, tps=131.2
    [164/164] pass@1=0.000, tps=130.2
    HumanEval done: pass@1=0.000, speedup=1.33x
  [MBPP_t2.0_s123] n=257, seed=123, threshold=2.0, bs=4
    [80/257] pass@1=0.000, tps=207.0
    [160/257] pass@1=0.000, tps=206.8
    [240/257] pass@1=0.000, tps=206.4
    [257/257] pass@1=0.000, tps=205.5
    MBPP done: pass@1=0.000, speedup=1.07x
  [checkpoint] threshold=2.0, seed=123 saved
  [full_m1_pareto_t2] threshold=2.0, seed=456
  [GSM8K_t2.0_s456] n=1319, seed=456, threshold=2.0, bs=4
    [100/1319] acc=0.410, tps=43.0, cache_hit=0.577
    [200/1319] acc=0.400, tps=45.1, cache_hit=0.587
    [300/1319] acc=0.397, tps=45.6, cache_hit=0.587
    [400/1319] acc=0.380, tps=45.7, cache_hit=0.590
    [500/1319] acc=0.386, tps=46.2, cache_hit=0.599
    [600/1319] acc=0.382, tps=46.5, cache_hit=0.600
    [700/1319] acc=0.394, tps=46.4, cache_hit=0.601
    [800/1319] acc=0.401, tps=46.3, cache_hit=0.600
    [900/1319] acc=0.404, tps=46.1, cache_hit=0.599
    [1000/1319] acc=0.404, tps=46.2, cache_hit=0.600
    [1100/1319] acc=0.403, tps=46.3, cache_hit=0.601
    [1200/1319] acc=0.404, tps=46.3, cache_hit=0.601
    [1300/1319] acc=0.397, tps=46.4, cache_hit=0.601
    [1319/1319] acc=0.397, tps=46.3, cache_hit=0.602
    GSM8K done: acc=0.397, speedup=1.49x, cache_hit=0.602
  [MATH500_t2.0_s456] n=500, seed=456, threshold=2.0, bs=2
    [100/500] acc=0.100, tps=100.1
    [200/500] acc=0.105, tps=107.8
    [300/500] acc=0.100, tps=106.6
    [400/500] acc=0.085, tps=105.5
    [500/500] acc=0.080, tps=105.4
    MATH500 done: acc=0.080, speedup=1.33x
  [HumanEval_t2.0_s456] n=164, seed=456, threshold=2.0, bs=4
    [40/164] pass@1=0.000, tps=120.6
    [80/164] pass@1=0.000, tps=129.9
    [120/164] pass@1=0.000, tps=132.7
    [160/164] pass@1=0.000, tps=133.6
    [164/164] pass@1=0.000, tps=133.0
    HumanEval done: pass@1=0.000, speedup=1.36x
  [MBPP_t2.0_s456] n=257, seed=456, threshold=2.0, bs=4
    [80/257] pass@1=0.000, tps=209.3
    [160/257] pass@1=0.000, tps=207.5
    [240/257] pass@1=0.000, tps=207.5
    [257/257] pass@1=0.000, tps=206.5
    MBPP done: pass@1=0.000, speedup=1.08x
  [checkpoint] threshold=2.0, seed=456 saved

[full_m1_pareto_t2] Aggregating results...
  Threshold=2.0: speedup=1.380x, acc_ret=0.606, QAS=0.836, within_2pct=False

[full_m1_pareto_t2] === FINAL OPERATING POINT ===
  Entropy threshold: 2.0
  Combined speedup:  1.380x
  Combined QAS:      0.836
  GSM8K speedup:     1.496x
  GSM8K acc:         0.391
[full_m1_pareto_t2] Results saved to /home/qhxie/AutoResearch-SibylSystem/workspaces/dlm-acceleration/current/exp/results/full_m1/m1_pareto_full_t2.json
[full_m1_pareto_t2] gpu_progress.json updated
[full_m1_pareto_t2] Done in 538.0 minutes.

