
Loading checkpoint shards:   0%|          | 0/6 [00:00<?, ?it/s]
Loading checkpoint shards:  17%|█▋        | 1/6 [00:00<00:00,  7.71it/s]
Loading checkpoint shards:  33%|███▎      | 2/6 [00:00<00:00,  8.14it/s]
Loading checkpoint shards:  50%|█████     | 3/6 [00:00<00:00,  8.51it/s]
Loading checkpoint shards:  67%|██████▋   | 4/6 [00:00<00:00,  8.92it/s]
Loading checkpoint shards:  83%|████████▎ | 5/6 [00:00<00:00,  9.18it/s]
Loading checkpoint shards: 100%|██████████| 6/6 [00:00<00:00,  8.92it/s]
Loading checkpoint shards: 100%|██████████| 6/6 [00:00<00:00,  8.77it/s]

[full_igsd_preseed] Starting preseed of top-2 configs on cuda:7
[full_igsd_preseed] Configs: (tau=0.7, T_draft=16), (tau=0.8, T_draft=16)
[full_igsd_preseed] Seeds: [123, 456]
[full_igsd_preseed] Loading LLaDA-8B-Instruct on cuda:7...
[full_igsd_preseed] Model loaded. VRAM: 15288 MB
[full_igsd_preseed] Loading datasets...

[full_igsd_preseed] Config: tau=0.7, T_draft=16
  [GSM8K_tau0.7_td16_s123] n=1319, seed=123, tau=0.7, t_draft=16
    [100/1319] acc=0.400, tps=165.0
    [200/1319] acc=0.450, tps=166.8
    [300/1319] acc=0.473, tps=166.9
    [400/1319] acc=0.468, tps=166.9
    [500/1319] acc=0.456, tps=165.0
    [600/1319] acc=0.457, tps=164.1
    [700/1319] acc=0.461, tps=163.6
    [800/1319] acc=0.458, tps=162.9
    [900/1319] acc=0.448, tps=161.0
    [1000/1319] acc=0.446, tps=160.5
    [1100/1319] acc=0.440, tps=160.5
    [1200/1319] acc=0.439, tps=160.1
    [1300/1319] acc=0.438, tps=160.3
    [1319/1319] acc=0.441, tps=160.4
    GSM8K done: acc=0.441, speedup=5.17x, accept_rate=0.914
  [MATH500_tau0.7_td16_s123] n=500, seed=123, tau=0.7, t_draft=16
    [100/500] acc=0.090, tps=205.0
    [200/500] acc=0.070, tps=213.0
    [300/500] acc=0.067, tps=209.6
    [400/500] acc=0.068, tps=212.5
    [500/500] acc=0.082, tps=213.8
    MATH500 done: acc=0.082, speedup=2.70x
  [HumanEval_tau0.7_td16_s123] n=164, seed=123, tau=0.7, t_draft=16
    [40/164] pass@1=0.000, tps=207.5
    [80/164] pass@1=0.000, tps=227.9
    [120/164] pass@1=0.000, tps=224.8
    [160/164] pass@1=0.000, tps=226.7
    [164/164] pass@1=0.000, tps=225.7
    HumanEval done: pass@1=0.000, speedup=2.30x
  [MBPP_tau0.7_td16_s123] n=257, seed=123, tau=0.7, t_draft=16
    [80/257] pass@1=0.000, tps=306.9
    [160/257] pass@1=0.000, tps=298.7
    [240/257] pass@1=0.000, tps=298.7
    [257/257] pass@1=0.000, tps=297.9
    MBPP done: pass@1=0.000, speedup=1.56x
  [checkpoint] tau=0.7, T_draft=16, seed=123 saved
  [GSM8K_tau0.7_td16_s456] n=1319, seed=456, tau=0.7, t_draft=16
    [100/1319] acc=0.410, tps=153.2
    [200/1319] acc=0.435, tps=156.8
    [300/1319] acc=0.417, tps=157.1
    [400/1319] acc=0.427, tps=157.1
    [500/1319] acc=0.438, tps=159.4
    [600/1319] acc=0.442, tps=159.2
    [700/1319] acc=0.443, tps=159.1
    [800/1319] acc=0.439, tps=158.9
    [900/1319] acc=0.434, tps=159.8
    [1000/1319] acc=0.439, tps=159.3
    [1100/1319] acc=0.444, tps=159.8
    [1200/1319] acc=0.444, tps=160.1
    [1300/1319] acc=0.442, tps=160.3
    [1319/1319] acc=0.441, tps=160.4
    GSM8K done: acc=0.441, speedup=5.17x, accept_rate=0.914
  [MATH500_tau0.7_td16_s456] n=500, seed=456, tau=0.7, t_draft=16
    [100/500] acc=0.080, tps=218.3
    [200/500] acc=0.095, tps=222.3
    [300/500] acc=0.093, tps=222.4
    [400/500] acc=0.092, tps=213.6
    [500/500] acc=0.082, tps=214.1
    MATH500 done: acc=0.082, speedup=2.70x
  [HumanEval_tau0.7_td16_s456] n=164, seed=456, tau=0.7, t_draft=16
    [40/164] pass@1=0.000, tps=228.8
    [80/164] pass@1=0.000, tps=225.3
    [120/164] pass@1=0.000, tps=220.0
    [160/164] pass@1=0.000, tps=225.4
    [164/164] pass@1=0.000, tps=226.2
    HumanEval done: pass@1=0.000, speedup=2.31x
  [MBPP_tau0.7_td16_s456] n=257, seed=456, tau=0.7, t_draft=16
    [80/257] pass@1=0.000, tps=305.9
    [160/257] pass@1=0.000, tps=298.7
    [240/257] pass@1=0.000, tps=295.2
    [257/257] pass@1=0.000, tps=297.2
    MBPP done: pass@1=0.000, speedup=1.55x
  [checkpoint] tau=0.7, T_draft=16, seed=456 saved

[full_igsd_preseed] Config: tau=0.8, T_draft=16
  [GSM8K_tau0.8_td16_s123] n=1319, seed=123, tau=0.8, t_draft=16
    [100/1319] acc=0.410, tps=157.0
    [200/1319] acc=0.460, tps=159.6
    [300/1319] acc=0.480, tps=160.0
    [400/1319] acc=0.475, tps=159.8
    [500/1319] acc=0.462, tps=157.9
    [600/1319] acc=0.462, tps=157.0
    [700/1319] acc=0.467, tps=156.6
    [800/1319] acc=0.464, tps=156.0
    [900/1319] acc=0.453, tps=154.1
    [1000/1319] acc=0.453, tps=153.6
    [1100/1319] acc=0.446, tps=153.6
    [1200/1319] acc=0.444, tps=153.2
    [1300/1319] acc=0.442, tps=153.4
    [1319/1319] acc=0.444, tps=153.5
    GSM8K done: acc=0.444, speedup=4.95x, accept_rate=0.902
  [MATH500_tau0.8_td16_s123] n=500, seed=123, tau=0.8, t_draft=16
    [100/500] acc=0.110, tps=191.5
    [200/500] acc=0.080, tps=200.5
    [300/500] acc=0.077, tps=197.2
    [400/500] acc=0.075, tps=200.3
    [500/500] acc=0.090, tps=201.4
    MATH500 done: acc=0.090, speedup=2.54x
  [HumanEval_tau0.8_td16_s123] n=164, seed=123, tau=0.8, t_draft=16
    [40/164] pass@1=0.000, tps=195.7
    [80/164] pass@1=0.000, tps=214.3
    [120/164] pass@1=0.000, tps=211.2
    [160/164] pass@1=0.000, tps=213.3
    [164/164] pass@1=0.000, tps=212.1
    HumanEval done: pass@1=0.000, speedup=2.16x
  [MBPP_tau0.8_td16_s123] n=257, seed=123, tau=0.8, t_draft=16
    [80/257] pass@1=0.000, tps=291.7
    [160/257] pass@1=0.000, tps=283.4
    [240/257] pass@1=0.000, tps=283.5
    [257/257] pass@1=0.000, tps=282.9
    MBPP done: pass@1=0.000, speedup=1.48x
  [checkpoint] tau=0.8, T_draft=16, seed=123 saved
  [GSM8K_tau0.8_td16_s456] n=1319, seed=456, tau=0.8, t_draft=16
    [100/1319] acc=0.400, tps=75.8
    [200/1319] acc=0.430, tps=76.9
    [300/1319] acc=0.417, tps=78.9
    [400/1319] acc=0.430, tps=78.1
    [500/1319] acc=0.442, tps=78.8
    [600/1319] acc=0.448, tps=78.8
    [700/1319] acc=0.447, tps=84.2
    [800/1319] acc=0.443, tps=83.3
    [900/1319] acc=0.438, tps=84.4
    [1000/1319] acc=0.442, tps=84.2
    [1100/1319] acc=0.446, tps=83.9
    [1200/1319] acc=0.447, tps=84.1
    [1300/1319] acc=0.445, tps=89.5
    [1319/1319] acc=0.444, tps=90.6
    GSM8K done: acc=0.444, speedup=2.92x, accept_rate=0.902
  [MATH500_tau0.8_td16_s456] n=500, seed=456, tau=0.8, t_draft=16
    [100/500] acc=0.090, tps=208.4
    [200/500] acc=0.100, tps=211.1
    [300/500] acc=0.097, tps=210.6
    [400/500] acc=0.100, tps=202.2
    [500/500] acc=0.090, tps=201.8
    MATH500 done: acc=0.090, speedup=2.55x
  [HumanEval_tau0.8_td16_s456] n=164, seed=456, tau=0.8, t_draft=16
    [40/164] pass@1=0.000, tps=218.8
    [80/164] pass@1=0.000, tps=213.9
    [120/164] pass@1=0.000, tps=206.8
    [160/164] pass@1=0.000, tps=212.1
    [164/164] pass@1=0.000, tps=212.6
    HumanEval done: pass@1=0.000, speedup=2.17x
  [MBPP_tau0.8_td16_s456] n=257, seed=456, tau=0.8, t_draft=16
    [80/257] pass@1=0.000, tps=142.8
    [160/257] pass@1=0.000, tps=211.8
    [240/257] pass@1=0.000, tps=231.6
    [257/257] pass@1=0.000, tps=236.6
    MBPP done: pass@1=0.000, speedup=1.23x
  [checkpoint] tau=0.8, T_draft=16, seed=456 saved
[full_igsd_preseed] Done in 394.4 min. Results in /home/qhxie/AutoResearch-SibylSystem/workspaces/dlm-acceleration/current/exp/results/full_igsd/igsd_pareto_preseed_done.json

