[igsd_p2_tau09_td32_s123] tau=0.9, T_draft=32, seed=123, cuda:4
Loading checkpoint shards:   0%|          | 0/6 [00:00<?, ?it/s]Loading checkpoint shards:  17%|█▋        | 1/6 [00:00<00:00,  7.28it/s]Loading checkpoint shards:  33%|███▎      | 2/6 [00:00<00:00,  7.30it/s]Loading checkpoint shards:  50%|█████     | 3/6 [00:00<00:00,  7.38it/s]Loading checkpoint shards:  67%|██████▋   | 4/6 [00:00<00:00,  7.82it/s]Loading checkpoint shards:  83%|████████▎ | 5/6 [00:00<00:00,  8.07it/s]Loading checkpoint shards: 100%|██████████| 6/6 [00:00<00:00,  8.52it/s]Loading checkpoint shards: 100%|██████████| 6/6 [00:00<00:00,  8.04it/s]
[igsd_p2_tau09_td32_s123] Model loaded. VRAM=15288MB
  [GSM8K_tau0.9_td32_s123] n=1319, seed=123, tau=0.9, t_draft=32
    [100/1319] acc=0.540, tps=100.6
    [200/1319] acc=0.565, tps=100.3
    [300/1319] acc=0.577, tps=100.4
    [400/1319] acc=0.555, tps=100.4
    [500/1319] acc=0.540, tps=99.9
    [600/1319] acc=0.545, tps=99.7
    [700/1319] acc=0.556, tps=98.7
    [800/1319] acc=0.554, tps=91.9
    [900/1319] acc=0.544, tps=86.7
    [1000/1319] acc=0.539, tps=83.1
    [1100/1319] acc=0.539, tps=80.1
    [1200/1319] acc=0.538, tps=77.9
    [1300/1319] acc=0.535, tps=75.8
    [1319/1319] acc=0.536, tps=75.5
    GSM8K done: acc=0.536, speedup=2.43x, accept_rate=0.952
  [MATH500_tau0.9_td32_s123] n=500, seed=123, tau=0.9, t_draft=32
    [100/500] acc=0.100, tps=74.8
    [200/500] acc=0.115, tps=76.4
    [300/500] acc=0.103, tps=74.1
    [400/500] acc=0.113, tps=74.6
    [500/500] acc=0.128, tps=74.9
    MATH500 done: acc=0.128, speedup=0.95x
  [HumanEval_tau0.9_td32_s123] n=164, seed=123, tau=0.9, t_draft=32
    [40/164] pass@1=0.000, tps=72.7
    [80/164] pass@1=0.000, tps=72.4
    [120/164] pass@1=0.000, tps=71.6
    [160/164] pass@1=0.000, tps=71.4
    [164/164] pass@1=0.000, tps=71.3
    HumanEval done: pass@1=0.000, speedup=0.73x
  [MBPP_tau0.9_td32_s123] n=257, seed=123, tau=0.9, t_draft=32
    [80/257] pass@1=0.000, tps=97.2
    [160/257] pass@1=0.000, tps=95.4
    [240/257] pass@1=0.000, tps=95.4
    [257/257] pass@1=0.000, tps=95.1
    MBPP done: pass@1=0.000, speedup=0.50x
  [checkpoint] tau=0.9, T_draft=32, seed=123 saved
[igsd_p2_tau09_td32_s123] Done in 186.7 minutes.
