[igsd_sup_tau09_td8_s456] tau=0.9, T_draft=8, seed=456, cuda:0
Loading checkpoint shards:   0%|          | 0/6 [00:00<?, ?it/s]Loading checkpoint shards:  17%|█▋        | 1/6 [00:00<00:00,  8.18it/s]Loading checkpoint shards:  33%|███▎      | 2/6 [00:00<00:00,  8.62it/s]Loading checkpoint shards:  50%|█████     | 3/6 [00:00<00:00,  8.82it/s]Loading checkpoint shards:  67%|██████▋   | 4/6 [00:00<00:00,  9.22it/s]Loading checkpoint shards: 100%|██████████| 6/6 [00:00<00:00,  9.90it/s]Loading checkpoint shards: 100%|██████████| 6/6 [00:00<00:00,  9.46it/s]
[igsd_sup_tau09_td8_s456] Model loaded. VRAM=15288MB
  [GSM8K_tau0.9_td8_s456] n=1319, seed=456, tau=0.9, t_draft=8
    [100/1319] acc=0.370, tps=127.7
    [200/1319] acc=0.395, tps=132.0
    [300/1319] acc=0.360, tps=127.3
    [400/1319] acc=0.372, tps=130.5
    [500/1319] acc=0.360, tps=133.2
    [600/1319] acc=0.357, tps=132.5
    [700/1319] acc=0.353, tps=133.5
    [800/1319] acc=0.344, tps=133.9
    [900/1319] acc=0.336, tps=134.5
    [1000/1319] acc=0.333, tps=134.6
    [1100/1319] acc=0.326, tps=135.5
    [1200/1319] acc=0.328, tps=135.9
    [1300/1319] acc=0.324, tps=135.4
    [1319/1319] acc=0.324, tps=135.7
    GSM8K done: acc=0.324, speedup=4.37x, accept_rate=0.743
  [MATH500_tau0.9_td8_s456] n=500, seed=456, tau=0.9, t_draft=8
    [100/500] acc=0.100, tps=209.2
    [200/500] acc=0.090, tps=216.5
    [300/500] acc=0.083, tps=215.6
    [400/500] acc=0.087, tps=204.2
    [500/500] acc=0.086, tps=202.8
    MATH500 done: acc=0.086, speedup=2.56x
  [HumanEval_tau0.9_td8_s456] n=164, seed=456, tau=0.9, t_draft=8
    [40/164] pass@1=0.000, tps=152.1
    [80/164] pass@1=0.000, tps=179.6
    [120/164] pass@1=0.000, tps=168.7
    [160/164] pass@1=0.000, tps=169.5
    [164/164] pass@1=0.000, tps=169.6
    HumanEval done: pass@1=0.000, speedup=1.73x
  [MBPP_tau0.9_td8_s456] n=257, seed=456, tau=0.9, t_draft=8
    [80/257] pass@1=0.000, tps=325.2
    [160/257] pass@1=0.000, tps=316.1
    [240/257] pass@1=0.000, tps=313.9
    [257/257] pass@1=0.000, tps=313.2
    MBPP done: pass@1=0.000, speedup=1.63x
  [checkpoint] tau=0.9, T_draft=8, seed=456 saved
[igsd_sup_tau09_td8_s456] Done in 112.5 minutes.
