[igsd_sup_tau09_td8_s123] tau=0.9, T_draft=8, seed=123, cuda:0
Loading checkpoint shards:   0%|          | 0/6 [00:00<?, ?it/s]Loading checkpoint shards:  17%|█▋        | 1/6 [00:00<00:00,  7.88it/s]Loading checkpoint shards:  33%|███▎      | 2/6 [00:00<00:00,  8.66it/s]Loading checkpoint shards:  50%|█████     | 3/6 [00:00<00:00,  9.15it/s]Loading checkpoint shards:  83%|████████▎ | 5/6 [00:00<00:00,  9.73it/s]Loading checkpoint shards: 100%|██████████| 6/6 [00:00<00:00,  9.56it/s]
[igsd_sup_tau09_td8_s123] Model loaded. VRAM=15288MB
  [GSM8K_tau0.9_td8_s123] n=1319, seed=123, tau=0.9, t_draft=8
    [100/1319] acc=0.270, tps=144.3
    [200/1319] acc=0.335, tps=145.0
    [300/1319] acc=0.330, tps=143.7
    [400/1319] acc=0.330, tps=141.8
    [500/1319] acc=0.322, tps=138.7
    [600/1319] acc=0.325, tps=137.2
    [700/1319] acc=0.339, tps=134.5
    [800/1319] acc=0.338, tps=125.6
    [900/1319] acc=0.323, tps=118.0
    [1000/1319] acc=0.318, tps=113.6
    [1100/1319] acc=0.317, tps=113.0
    [1200/1319] acc=0.322, tps=116.0
    [1300/1319] acc=0.322, tps=117.3
    [1319/1319] acc=0.324, tps=117.9
    GSM8K done: acc=0.324, speedup=3.80x, accept_rate=0.742
  [MATH500_tau0.9_td8_s123] n=500, seed=123, tau=0.9, t_draft=8
    [100/500] acc=0.080, tps=167.7
    [200/500] acc=0.065, tps=191.2
    [300/500] acc=0.080, tps=190.1
    [400/500] acc=0.083, tps=199.5
    [500/500] acc=0.086, tps=200.4
    MATH500 done: acc=0.086, speedup=2.53x
  [HumanEval_tau0.9_td8_s123] n=164, seed=123, tau=0.9, t_draft=8
    [40/164] pass@1=0.000, tps=159.0
    [80/164] pass@1=0.000, tps=174.2
    [120/164] pass@1=0.000, tps=164.9
    [160/164] pass@1=0.000, tps=168.7
    [164/164] pass@1=0.000, tps=168.1
    HumanEval done: pass@1=0.000, speedup=1.71x
  [MBPP_tau0.9_td8_s123] n=257, seed=123, tau=0.9, t_draft=8
    [80/257] pass@1=0.000, tps=312.0
    [160/257] pass@1=0.000, tps=314.9
    [240/257] pass@1=0.000, tps=313.3
    [257/257] pass@1=0.000, tps=315.5
    MBPP done: pass@1=0.000, speedup=1.65x
  [checkpoint] tau=0.9, T_draft=8, seed=123 saved
[igsd_sup_tau09_td8_s123] Done in 131.7 minutes.
