[igsd_sup_tau09_td4_s123] tau=0.9, T_draft=4, seed=123, cuda:0
Loading checkpoint shards:   0%|          | 0/6 [00:00<?, ?it/s]Loading checkpoint shards:  17%|█▋        | 1/6 [00:00<00:00,  7.55it/s]Loading checkpoint shards:  33%|███▎      | 2/6 [00:00<00:00,  8.18it/s]Loading checkpoint shards:  50%|█████     | 3/6 [00:00<00:00,  8.29it/s]Loading checkpoint shards:  67%|██████▋   | 4/6 [00:00<00:00,  7.84it/s]Loading checkpoint shards:  83%|████████▎ | 5/6 [00:00<00:00,  7.58it/s]Loading checkpoint shards: 100%|██████████| 6/6 [00:00<00:00,  7.94it/s]Loading checkpoint shards: 100%|██████████| 6/6 [00:00<00:00,  7.91it/s]
[igsd_sup_tau09_td4_s123] Model loaded. VRAM=15288MB
  [GSM8K_tau0.9_td4_s123] n=1319, seed=123, tau=0.9, t_draft=4
    [100/1319] acc=0.220, tps=121.2
    [200/1319] acc=0.255, tps=118.6
    [300/1319] acc=0.267, tps=116.6
    [400/1319] acc=0.263, tps=112.5
    [500/1319] acc=0.268, tps=110.1
    [600/1319] acc=0.273, tps=109.8
    [700/1319] acc=0.281, tps=109.4
    [800/1319] acc=0.287, tps=109.6
    [900/1319] acc=0.280, tps=108.3
    [1000/1319] acc=0.277, tps=108.8
    [1100/1319] acc=0.275, tps=108.5
    [1200/1319] acc=0.276, tps=110.0
    [1300/1319] acc=0.273, tps=111.1
    [1319/1319] acc=0.274, tps=111.2
    GSM8K done: acc=0.274, speedup=3.59x, accept_rate=0.654
  [MATH500_tau0.9_td4_s123] n=500, seed=123, tau=0.9, t_draft=4
    [100/500] acc=0.070, tps=183.0
    [200/500] acc=0.070, tps=196.2
    [300/500] acc=0.077, tps=186.1
    [400/500] acc=0.065, tps=188.8
    [500/500] acc=0.070, tps=188.5
    MATH500 done: acc=0.070, speedup=2.38x
  [HumanEval_tau0.9_td4_s123] n=164, seed=123, tau=0.9, t_draft=4
    [40/164] pass@1=0.000, tps=123.1
    [80/164] pass@1=0.000, tps=143.7
    [120/164] pass@1=0.000, tps=133.7
    [160/164] pass@1=0.000, tps=131.3
    [164/164] pass@1=0.000, tps=130.8
    HumanEval done: pass@1=0.000, speedup=1.33x
  [MBPP_tau0.9_td4_s123] n=257, seed=123, tau=0.9, t_draft=4
    [80/257] pass@1=0.000, tps=202.7
    [160/257] pass@1=0.000, tps=189.7
    [240/257] pass@1=0.000, tps=200.8
    [257/257] pass@1=0.000, tps=200.3
    MBPP done: pass@1=0.000, speedup=1.05x
  [checkpoint] tau=0.9, T_draft=4, seed=123 saved
[igsd_sup_tau09_td4_s123] Done in 126.3 minutes.
