
Loading checkpoint shards:   0%|          | 0/6 [00:00<?, ?it/s]
Loading checkpoint shards:  17%|█▋        | 1/6 [00:00<00:01,  4.95it/s]
Loading checkpoint shards:  33%|███▎      | 2/6 [00:00<00:00,  5.62it/s]
Loading checkpoint shards:  50%|█████     | 3/6 [00:00<00:00,  5.81it/s]
Loading checkpoint shards:  67%|██████▋   | 4/6 [00:00<00:00,  5.82it/s]
Loading checkpoint shards:  83%|████████▎ | 5/6 [00:00<00:00,  5.87it/s]
Loading checkpoint shards: 100%|██████████| 6/6 [00:01<00:00,  6.11it/s]
Loading checkpoint shards: 100%|██████████| 6/6 [00:01<00:00,  5.89it/s]

[igsd_p2_tau09_td16_s123] tau=0.9, T_draft=16, seed=123, cuda:0
[igsd_p2_tau09_td16_s123] Model loaded. VRAM=15288MB
  [GSM8K_tau0.9_td16_s123] n=1319, seed=123, tau=0.9, t_draft=16
    [100/1319] acc=0.430, tps=145.0
    [200/1319] acc=0.475, tps=148.3
    [300/1319] acc=0.490, tps=148.3
    [400/1319] acc=0.482, tps=148.5
    [500/1319] acc=0.466, tps=145.7
    [600/1319] acc=0.468, tps=142.5
    [700/1319] acc=0.476, tps=142.1
    [800/1319] acc=0.472, tps=142.0
    [900/1319] acc=0.461, tps=140.3
    [1000/1319] acc=0.460, tps=140.2
    [1100/1319] acc=0.455, tps=140.5
    [1200/1319] acc=0.453, tps=140.1
    [1300/1319] acc=0.451, tps=140.5
    [1319/1319] acc=0.453, tps=140.7
    GSM8K done: acc=0.453, speedup=4.54x, accept_rate=0.881
  [MATH500_tau0.9_td16_s123] n=500, seed=123, tau=0.9, t_draft=16
    [100/500] acc=0.120, tps=173.7
    [200/500] acc=0.100, tps=182.5
    [300/500] acc=0.093, tps=179.8
    [400/500] acc=0.087, tps=183.3
    [500/500] acc=0.098, tps=183.7
    MATH500 done: acc=0.098, speedup=2.32x
  [HumanEval_tau0.9_td16_s123] n=164, seed=123, tau=0.9, t_draft=16
    [40/164] pass@1=0.000, tps=172.8
    [80/164] pass@1=0.000, tps=192.8
    [120/164] pass@1=0.000, tps=188.7
    [160/164] pass@1=0.000, tps=191.9
    [164/164] pass@1=0.000, tps=190.9
    HumanEval done: pass@1=0.000, speedup=1.95x
  [MBPP_tau0.9_td16_s123] n=257, seed=123, tau=0.9, t_draft=16
    [80/257] pass@1=0.000, tps=269.6
    [160/257] pass@1=0.000, tps=259.4
    [240/257] pass@1=0.000, tps=260.2
    [257/257] pass@1=0.000, tps=259.7
    MBPP done: pass@1=0.000, speedup=1.36x
  [checkpoint] tau=0.9, T_draft=16, seed=123 saved
[igsd_p2_tau09_td16_s123] Done in 98.8 minutes.

