
Loading checkpoint shards:   0%|          | 0/6 [00:00<?, ?it/s]
Loading checkpoint shards:  17%|█▋        | 1/6 [00:00<00:00,  8.16it/s]
Loading checkpoint shards:  50%|█████     | 3/6 [00:00<00:00,  9.85it/s]
Loading checkpoint shards:  83%|████████▎ | 5/6 [00:00<00:00, 10.30it/s]
Loading checkpoint shards: 100%|██████████| 6/6 [00:00<00:00, 10.14it/s]
Terminated

ERROR conda.cli.main_run:execute(127): `conda run python -u exp/code/igsd_p2_tau09_td32_s123.py` failed. (See above for error)
[igsd_p2_tau09_td32_s123] tau=0.9, T_draft=32, seed=123, cuda:4
[igsd_p2_tau09_td32_s123] Model loaded. VRAM=15288MB
  [GSM8K_tau0.9_td32_s123] n=1319, seed=123, tau=0.9, t_draft=32
    [100/1319] acc=0.540, tps=100.2
    [200/1319] acc=0.565, tps=99.5
    [300/1319] acc=0.577, tps=88.3
    [400/1319] acc=0.555, tps=77.6
    [500/1319] acc=0.540, tps=71.0
    [600/1319] acc=0.545, tps=66.6
    [700/1319] acc=0.556, tps=63.6
    [800/1319] acc=0.554, tps=61.3
    [900/1319] acc=0.544, tps=59.5
    [1000/1319] acc=0.539, tps=58.1
    [1100/1319] acc=0.539, tps=56.8
    [1200/1319] acc=0.538, tps=55.9

