
Loading checkpoint shards:   0%|          | 0/6 [00:00<?, ?it/s]
Loading checkpoint shards:  17%|█▋        | 1/6 [00:00<00:00,  7.33it/s]
Loading checkpoint shards:  33%|███▎      | 2/6 [00:00<00:00,  8.05it/s]
Loading checkpoint shards:  50%|█████     | 3/6 [00:00<00:00,  8.50it/s]
Loading checkpoint shards:  67%|██████▋   | 4/6 [00:00<00:00,  8.80it/s]
Loading checkpoint shards:  83%|████████▎ | 5/6 [00:00<00:00,  9.06it/s]
Loading checkpoint shards: 100%|██████████| 6/6 [00:00<00:00,  9.34it/s]
Loading checkpoint shards: 100%|██████████| 6/6 [00:00<00:00,  8.89it/s]

[igsd_p2_tau09_td16_s456] tau=0.9, T_draft=16, seed=456, cuda:1
[igsd_p2_tau09_td16_s456] Model loaded. VRAM=15288MB
  [GSM8K_tau0.9_td16_s456] n=1319, seed=456, tau=0.9, t_draft=16
    [100/1319] acc=0.420, tps=130.9
    [200/1319] acc=0.435, tps=130.8
    [300/1319] acc=0.427, tps=133.8
    [400/1319] acc=0.440, tps=135.4
    [500/1319] acc=0.448, tps=138.6
    [600/1319] acc=0.453, tps=138.7
    [700/1319] acc=0.451, tps=139.2
    [800/1319] acc=0.449, tps=139.4
    [900/1319] acc=0.446, tps=140.3
    [1000/1319] acc=0.450, tps=140.1
    [1100/1319] acc=0.455, tps=140.7
    [1200/1319] acc=0.456, tps=141.2
    [1300/1319] acc=0.454, tps=141.4
    [1319/1319] acc=0.453, tps=141.5
    GSM8K done: acc=0.453, speedup=4.56x, accept_rate=0.881
  [MATH500_tau0.9_td16_s456] n=500, seed=456, tau=0.9, t_draft=16
    [100/500] acc=0.110, tps=189.7
    [200/500] acc=0.110, tps=192.3
    [300/500] acc=0.100, tps=192.0
    [400/500] acc=0.102, tps=184.3
    [500/500] acc=0.098, tps=184.1
    MATH500 done: acc=0.098, speedup=2.32x
  [HumanEval_tau0.9_td16_s456] n=164, seed=456, tau=0.9, t_draft=16
    [40/164] pass@1=0.000, tps=197.5
    [80/164] pass@1=0.000, tps=193.6
    [120/164] pass@1=0.000, tps=186.1
    [160/164] pass@1=0.000, tps=190.7
    [164/164] pass@1=0.000, tps=191.2
    HumanEval done: pass@1=0.000, speedup=1.95x
  [MBPP_tau0.9_td16_s456] n=257, seed=456, tau=0.9, t_draft=16
    [80/257] pass@1=0.000, tps=269.1
    [160/257] pass@1=0.000, tps=262.8
    [240/257] pass@1=0.000, tps=257.2
    [257/257] pass@1=0.000, tps=258.7
    MBPP done: pass@1=0.000, speedup=1.35x
  [checkpoint] tau=0.9, T_draft=16, seed=456 saved
[igsd_p2_tau09_td16_s456] Done in 99.2 minutes.

