
Loading checkpoint shards:   0%|          | 0/6 [00:00<?, ?it/s]
Loading checkpoint shards:  17%|█▋        | 1/6 [00:00<00:00,  7.73it/s]
Loading checkpoint shards:  33%|███▎      | 2/6 [00:00<00:00,  8.61it/s]
Loading checkpoint shards:  50%|█████     | 3/6 [00:00<00:00,  8.95it/s]
Loading checkpoint shards:  83%|████████▎ | 5/6 [00:00<00:00,  9.76it/s]
Loading checkpoint shards: 100%|██████████| 6/6 [00:00<00:00,  9.57it/s]

[igsd_p2_tau09_td32_s456] tau=0.9, T_draft=32, seed=456, cuda:5
[igsd_p2_tau09_td32_s456] Model loaded. VRAM=15288MB
  [GSM8K_tau0.9_td32_s456] n=1319, seed=456, tau=0.9, t_draft=32
    [100/1319] acc=0.540, tps=98.3
    [200/1319] acc=0.530, tps=98.6
    [300/1319] acc=0.520, tps=98.7
    [400/1319] acc=0.530, tps=98.7
    [500/1319] acc=0.546, tps=98.9
    [600/1319] acc=0.542, tps=98.8
    [700/1319] acc=0.546, tps=99.0
    [800/1319] acc=0.541, tps=98.9
    [900/1319] acc=0.541, tps=99.0
    [1000/1319] acc=0.536, tps=98.9
    [1100/1319] acc=0.531, tps=99.0
    [1200/1319] acc=0.532, tps=99.0
    [1300/1319] acc=0.535, tps=99.0
    [1319/1319] acc=0.536, tps=99.0
    GSM8K done: acc=0.536, speedup=3.19x, accept_rate=0.952
  [MATH500_tau0.9_td32_s456] n=500, seed=456, tau=0.9, t_draft=32
    [100/500] acc=0.140, tps=145.3
    [200/500] acc=0.150, tps=148.3
    [300/500] acc=0.143, tps=147.4
    [400/500] acc=0.142, tps=144.3
    [500/500] acc=0.128, tps=145.7
    MATH500 done: acc=0.128, speedup=1.84x
  [HumanEval_tau0.9_td32_s456] n=164, seed=456, tau=0.9, t_draft=32
    [40/164] pass@1=0.000, tps=152.4
    [80/164] pass@1=0.000, tps=148.6
    [120/164] pass@1=0.000, tps=143.6
    [160/164] pass@1=0.000, tps=142.9
    [164/164] pass@1=0.000, tps=143.1
    HumanEval done: pass@1=0.000, speedup=1.46x
  [MBPP_tau0.9_td32_s456] n=257, seed=456, tau=0.9, t_draft=32
    [80/257] pass@1=0.000, tps=197.2
    [160/257] pass@1=0.000, tps=197.9
    [240/257] pass@1=0.000, tps=197.1
    [257/257] pass@1=0.000, tps=198.2
    MBPP done: pass@1=0.000, speedup=1.03x
  [checkpoint] tau=0.9, T_draft=32, seed=456 saved
[igsd_p2_tau09_td32_s456] Done in 111.4 minutes.

