`torch_dtype` is deprecated! Use `dtype` instead!

[h3_pilot] Starting H3 pilot on device=cuda, gpu=5
Loading data...
  Data shape: torch.Size([100, 128])
Loading GPT-2 small...
Loaded pretrained model gpt2-small into HookedTransformer

============================================================
Processing layer 0
============================================================
  SAE: d_sae=24576, d_in=768
  Computing L0 (sparsity)...
  L0: mean=18.88, std=59.92
  Computing absorption scores...
  Absorption: mean=0.2292, median=0.0000, std=0.3407
  % > 0.5: 19.48%

============================================================
Processing layer 2
============================================================
  SAE: d_sae=24576, d_in=768
  Computing L0 (sparsity)...
  L0: mean=29.10, std=80.26
  Computing absorption scores...
  Absorption: mean=0.4698, median=0.5000, std=0.4532
  % > 0.5: 45.49%

============================================================
Processing layer 4
============================================================
  SAE: d_sae=24576, d_in=768
  Computing L0 (sparsity)...
  L0: mean=37.83, std=12.02
  Computing absorption scores...
  Absorption: mean=0.5027, median=0.5000, std=0.4221
  % > 0.5: 49.34%

============================================================
Processing layer 6
============================================================
  SAE: d_sae=24576, d_in=768
  Computing L0 (sparsity)...
  L0: mean=56.98, std=17.34
  Computing absorption scores...
  Absorption: mean=0.4302, median=0.4231, std=0.3539
  % > 0.5: 40.98%

============================================================
Processing layer 8
============================================================
  SAE: d_sae=24576, d_in=768
  Computing L0 (sparsity)...
  L0: mean=71.94, std=21.23
  Computing absorption scores...
  Absorption: mean=0.3050, median=0.2632, std=0.2726
  % > 0.5: 20.85%

============================================================
Processing layer 10
============================================================
  SAE: d_sae=24576, d_in=768
  Computing L0 (sparsity)...
  L0: mean=55.99, std=19.15
  Computing absorption scores...
  Absorption: mean=0.2865, median=0.2400, std=0.2684
  % > 0.5: 17.34%

============================================================
CORRELATION ANALYSIS
============================================================
Spearman r=0.0857, p=0.8717
Pearson  r=-0.0728, p=0.8909
Monotonic trend: False

Results saved to /home/qhxie/AutoResearch-SibylSystem/workspaces/ablation-no-revision/current/exp/results/pilots/h3_pilot.json
H3 pilot complete. 6 layers analyzed. Spearman r=0.086 (p=0.872). Monotonic=False. L0 range: 18.9-71.9. Absorption range: 0.2292-0.5027.

Total runtime: 4369.6s

