============================================================
Training resnet20_nobn on cifar10
WD method: cwd_hard, base WD: 0.0005
Epochs: 200, LR: 0.0005, Batch: 128
Seed: 456, Device: cuda:7
Output: /home/ccwang/sibyl-research-system/workspaces/dynamic-wd/current/exp/results/full/nobn/cifar10/resnet20_nobn/cwd_hard/seed_456
============================================================
  E  0/200: loss=1.8613 tr_acc=28.57% te_acc=39.12% wn=17.83 CSI=0.0000 AIS=0.4102 BEM=-0.4000
  E 10/200: loss=0.8490 tr_acc=69.80% te_acc=70.33% wn=26.92 CSI=0.3311 AIS=0.4698 BEM=-0.4909
  E 20/200: loss=0.5816 tr_acc=79.64% te_acc=78.86% wn=31.79 CSI=0.0984 AIS=0.3880 BEM=-0.5286
  E 30/200: loss=0.4494 tr_acc=84.24% te_acc=82.48% wn=35.63 CSI=0.0653 AIS=0.5489 BEM=-0.5065
  E 40/200: loss=0.3648 tr_acc=87.17% te_acc=83.75% wn=38.89 CSI=0.0504 AIS=0.4683 BEM=-0.5122
  E 50/200: loss=0.3045 tr_acc=89.32% te_acc=84.88% wn=41.57 CSI=0.0700 AIS=0.5952 BEM=-0.5118
  E 60/200: loss=0.2595 tr_acc=90.84% te_acc=85.68% wn=43.80 CSI=0.0699 AIS=0.4671 BEM=-0.5328
  E 70/200: loss=0.2136 tr_acc=92.41% te_acc=85.42% wn=45.63 CSI=0.0647 AIS=0.3927 BEM=-0.5239
  E 80/200: loss=0.1895 tr_acc=93.27% te_acc=86.43% wn=47.07 CSI=0.0920 AIS=0.5204 BEM=-0.5235
  E 90/200: loss=0.1574 tr_acc=94.32% te_acc=86.26% wn=48.23 CSI=0.0718 AIS=0.3154 BEM=-0.5176
  E100/200: loss=0.1298 tr_acc=95.31% te_acc=86.73% wn=49.09 CSI=0.0646 AIS=0.4623 BEM=-0.5198
  E110/200: loss=0.1092 tr_acc=96.08% te_acc=86.59% wn=49.74 CSI=0.0864 AIS=0.4804 BEM=-0.5135
  E120/200: loss=0.0921 tr_acc=96.67% te_acc=87.09% wn=50.21 CSI=0.1270 AIS=0.4972 BEM=-0.5124
  E130/200: loss=0.0752 tr_acc=97.28% te_acc=87.19% wn=50.53 CSI=0.1115 AIS=0.5610 BEM=-0.5137
  E140/200: loss=0.0625 tr_acc=97.74% te_acc=87.29% wn=50.73 CSI=0.1402 AIS=0.4120 BEM=-0.5170
  E150/200: loss=0.0479 tr_acc=98.34% te_acc=87.31% wn=50.86 CSI=0.1717 AIS=0.4570 BEM=-0.5205
  E160/200: loss=0.0431 tr_acc=98.45% te_acc=87.38% wn=50.94 CSI=0.1880 AIS=0.5011 BEM=-0.5174
  E170/200: loss=0.0348 tr_acc=98.77% te_acc=87.48% wn=50.98 CSI=0.2139 AIS=0.3743 BEM=-0.5140
  E180/200: loss=0.0304 tr_acc=98.91% te_acc=87.42% wn=51.00 CSI=0.3629 AIS=0.4536 BEM=-0.5099
  E190/200: loss=0.0276 tr_acc=98.98% te_acc=87.53% wn=51.01 CSI=0.4793 AIS=0.3437 BEM=-0.5073
  E199/200: loss=0.0270 tr_acc=99.04% te_acc=87.49% wn=51.01 CSI=0.8785 AIS=0.3704 BEM=-0.5020

Done! Best: 87.58%, Time: 3799.9s
