
Loading checkpoint shards:   0%|          | 0/6 [00:00<?, ?it/s]
Loading checkpoint shards:  17%|█▋        | 1/6 [00:00<00:00,  7.00it/s]
Loading checkpoint shards:  33%|███▎      | 2/6 [00:00<00:00,  7.43it/s]
Loading checkpoint shards:  50%|█████     | 3/6 [00:00<00:00,  7.39it/s]
Loading checkpoint shards:  67%|██████▋   | 4/6 [00:00<00:00,  7.63it/s]
Loading checkpoint shards:  83%|████████▎ | 5/6 [00:00<00:00,  7.85it/s]
Loading checkpoint shards: 100%|██████████| 6/6 [00:00<00:00,  7.98it/s]
Loading checkpoint shards: 100%|██████████| 6/6 [00:00<00:00,  7.74it/s]

======================================================================
M1+IGSD Pairwise Composition PILOT
Task: pairwise_m1_igsd_full
Mode: PILOT (100 GSM8K + 100 MATH500, seed=42)
GPU: 1
Configs: 3
======================================================================

[1/4] Loading LLaDA-8B-Instruct...
  Model loaded.
  VRAM: 15288MB used / 97250MB total

[2/4] Loading datasets...
  GSM8K: 100 samples
  MATH500: 100 samples

[3/4] Running M1+IGSD compositions...

============================================================
Config 1/3: M1_eta0.5+IGSD_tau0.7_td16
  M1 eta=0.5, IGSD tau=0.7, T_draft=16
============================================================

  Evaluating GSM8K (100 samples)...
  [GSM8K] 20/100: acc=0.550, tps=180.5, accept=0.921, chr=0.847
  [GSM8K] 40/100: acc=0.475, tps=170.9, accept=0.930, chr=0.841
  [GSM8K] 60/100: acc=0.433, tps=165.2, accept=0.929, chr=0.836
  [GSM8K] 80/100: acc=0.400, tps=162.4, accept=0.925, chr=0.834
  [GSM8K] 100/100: acc=0.430, tps=160.9, accept=0.918, chr=0.834

  Evaluating MATH500 (100 samples)...
  [MATH500] 20/100: acc=0.150, tps=295.3, accept=0.805
  [MATH500] 40/100: acc=0.125, tps=276.2, accept=0.839
  [MATH500] 60/100: acc=0.100, tps=278.4, accept=0.840
  [MATH500] 80/100: acc=0.113, tps=280.2, accept=0.846
  [MATH500] 100/100: acc=0.090, tps=288.9, accept=0.853

  === M1_eta0.5+IGSD_tau0.7_td16 Summary ===
  GSM8K:  acc=0.430, speedup=2.75x, acc_ret=0.589, QAS=1.620, Ortho=0.989
  MATH500: acc=0.090, speedup=2.58x, acc_ret=0.281, QAS=0.726, Ortho=0.637
  Combined: speedup=2.70x, acc_ret=0.497, QAS=1.341, Ortho=0.958
  M1 CHR: draft=0.834
  IGSD accept rate: 0.918

============================================================
Config 2/3: M1_eta0.5+IGSD_tau0.85_td32
  M1 eta=0.5, IGSD tau=0.85, T_draft=32
============================================================

  Evaluating GSM8K (100 samples)...
  [GSM8K] 20/100: acc=0.400, tps=105.4, accept=0.961, chr=0.852
  [GSM8K] 40/100: acc=0.400, tps=102.5, accept=0.964, chr=0.842
  [GSM8K] 60/100: acc=0.433, tps=101.4, accept=0.963, chr=0.837
  [GSM8K] 80/100: acc=0.438, tps=98.7, accept=0.955, chr=0.836
  [GSM8K] 100/100: acc=0.450, tps=98.6, accept=0.956, chr=0.836

  Evaluating MATH500 (100 samples)...
  [MATH500] 20/100: acc=0.100, tps=199.7, accept=0.946
  [MATH500] 40/100: acc=0.125, tps=187.5, accept=0.932
  [MATH500] 60/100: acc=0.117, tps=194.0, accept=0.932
  [MATH500] 80/100: acc=0.150, tps=191.5, accept=0.932
  [MATH500] 100/100: acc=0.140, tps=194.0, accept=0.936

  === M1_eta0.5+IGSD_tau0.85_td32 Summary ===
  GSM8K:  acc=0.450, speedup=1.68x, acc_ret=0.616, QAS=1.039, Ortho=0.885
  MATH500: acc=0.140, speedup=1.73x, acc_ret=0.438, QAS=0.758, Ortho=0.665
  Combined: speedup=1.70x, acc_ret=0.563, QAS=0.956, Ortho=0.909
  M1 CHR: draft=0.836
  IGSD accept rate: 0.956

============================================================
Config 3/3: M1_eta0.5+IGSD_tau0.9_td32
  M1 eta=0.5, IGSD tau=0.9, T_draft=32
============================================================

  Evaluating GSM8K (100 samples)...
  [GSM8K] 20/100: acc=0.400, tps=105.1, accept=0.959, chr=0.852
  [GSM8K] 40/100: acc=0.400, tps=101.7, accept=0.960, chr=0.843
  [GSM8K] 60/100: acc=0.450, tps=100.3, accept=0.959, chr=0.838
  [GSM8K] 80/100: acc=0.450, tps=97.2, accept=0.949, chr=0.837
  [GSM8K] 100/100: acc=0.460, tps=97.0, accept=0.950, chr=0.837

  Evaluating MATH500 (100 samples)...
  [MATH500] 20/100: acc=0.100, tps=195.2, accept=0.937
  [MATH500] 40/100: acc=0.125, tps=183.2, accept=0.923
  [MATH500] 60/100: acc=0.117, tps=190.2, accept=0.924
  [MATH500] 80/100: acc=0.150, tps=187.3, accept=0.924
  [MATH500] 100/100: acc=0.140, tps=190.0, accept=0.928

  === M1_eta0.5+IGSD_tau0.9_td32 Summary ===
  GSM8K:  acc=0.460, speedup=1.66x, acc_ret=0.630, QAS=1.045, Ortho=0.903
  MATH500: acc=0.140, speedup=1.70x, acc_ret=0.438, QAS=0.742, Ortho=0.651
  Combined: speedup=1.67x, acc_ret=0.572, QAS=0.956, Ortho=0.923
  M1 CHR: draft=0.837
  IGSD accept rate: 0.950

[4/4] Computing aggregate results...

  Results saved to: /home/qhxie/AutoResearch-SibylSystem/workspaces/dlm-acceleration/current/exp/results/pairwise/m1_igsd_full.json

======================================================================
FINAL SUMMARY: M1+IGSD Pairwise Composition (PILOT)
======================================================================
  M1_eta0.5+IGSD_tau0.7_td16
    GSM8K:    Ortho=0.989, Speedup=2.75x, AccRet=0.589
    MATH500:  Ortho=0.637, Speedup=2.58x, AccRet=0.281
    Combined: Ortho=0.958
  M1_eta0.5+IGSD_tau0.85_td32
    GSM8K:    Ortho=0.885, Speedup=1.68x, AccRet=0.616
    MATH500:  Ortho=0.665, Speedup=1.73x, AccRet=0.438
    Combined: Ortho=0.909
  M1_eta0.5+IGSD_tau0.9_td32
    GSM8K:    Ortho=0.903, Speedup=1.66x, AccRet=0.630
    MATH500:  Ortho=0.651, Speedup=1.70x, AccRet=0.438
    Combined: Ortho=0.923

  Best: M1_eta0.5+IGSD_tau0.7_td16 (Combined Ortho=0.958)
  Verdict: NEAR_ORTHOGONAL
  Pass criteria met: False
  Elapsed: 19.8 minutes
======================================================================

