`torch_dtype` is deprecated! Use `dtype` instead!
======================================================================
M1+IGSD Pairwise Composition FULL-SCALE
Task: pairwise_m1_igsd_full
Mode: FULL (1319 GSM8K + 500 MATH500, seeds=[42, 123, 456])
GPU: 0
Configs: 3
Total runs: 3 configs x 3 seeds x 2 benchmarks = 18
======================================================================

[1/4] Loading LLaDA-8B-Instruct...
Loading checkpoint shards:   0%|          | 0/6 [00:00<?, ?it/s]Loading checkpoint shards: 100%|██████████| 6/6 [00:00<00:00, 509.23it/s]
  Model loaded.
  VRAM: 15288MB used / 97250MB total

[2/4] Loading datasets...
  GSM8K: 1319 samples
  MATH500: 500 samples

[3/4] Running M1+IGSD compositions (full-scale, 3 seeds)...

============================================================
Run 1/18: M1_eta0.5+IGSD_tau0.7_td16 | seed=42 | GSM8K
  M1 eta=0.5, IGSD tau=0.7, T_draft=16
============================================================
  [GSM8K] 100/1319: acc=0.450, tps=157.5, accept=0.923, chr=0.830
  [GSM8K] 200/1319: acc=0.465, tps=155.8, accept=0.915, chr=0.832
  [GSM8K] 300/1319: acc=0.440, tps=157.4, accept=0.918, chr=0.835
  [GSM8K] 400/1319: acc=0.458, tps=158.4, accept=0.919, chr=0.834
  [GSM8K] 500/1319: acc=0.444, tps=159.4, accept=0.921, chr=0.834
  [GSM8K] 600/1319: acc=0.443, tps=159.2, accept=0.919, chr=0.834
  [GSM8K] 700/1319: acc=0.440, tps=158.8, accept=0.918, chr=0.833
  [GSM8K] 800/1319: acc=0.436, tps=158.9, accept=0.920, chr=0.833
  [GSM8K] 900/1319: acc=0.440, tps=157.4, accept=0.915, chr=0.834
  [GSM8K] 1000/1319: acc=0.440, tps=157.4, accept=0.916, chr=0.833
  [GSM8K] 1100/1319: acc=0.437, tps=156.6, accept=0.914, chr=0.833
  [GSM8K] 1200/1319: acc=0.437, tps=156.7, accept=0.914, chr=0.833
  [GSM8K] 1300/1319: acc=0.441, tps=156.9, accept=0.915, chr=0.833
  GSM8K (seed=42): acc=0.441, speedup=4.64x, acc_ret=0.602, QAS=2.795

============================================================
Run 2/18: M1_eta0.5+IGSD_tau0.7_td16 | seed=42 | MATH500
============================================================
  [MATH500] 100/500: acc=0.170, tps=286.6, accept=0.833
  [MATH500] 200/500: acc=0.155, tps=292.0, accept=0.851
  [MATH500] 300/500: acc=0.123, tps=298.4, accept=0.860
  [MATH500] 400/500: acc=0.115, tps=293.7, accept=0.857
  [MATH500] 500/500: acc=0.108, tps=295.2, accept=0.863
  MATH500 (seed=42): acc=0.108, speedup=3.74x, acc_ret=0.915, QAS=3.422

============================================================
Run 3/18: M1_eta0.5+IGSD_tau0.7_td16 | seed=123 | GSM8K
  M1 eta=0.5, IGSD tau=0.7, T_draft=16
============================================================
  [GSM8K] 100/1319: acc=0.450, tps=157.6, accept=0.923, chr=0.830
  [GSM8K] 200/1319: acc=0.465, tps=155.8, accept=0.915, chr=0.832
  [GSM8K] 300/1319: acc=0.440, tps=157.4, accept=0.918, chr=0.835
  [GSM8K] 400/1319: acc=0.458, tps=158.5, accept=0.919, chr=0.834
  [GSM8K] 500/1319: acc=0.444, tps=159.5, accept=0.921, chr=0.834
  [GSM8K] 600/1319: acc=0.443, tps=159.2, accept=0.919, chr=0.834
  [GSM8K] 700/1319: acc=0.440, tps=158.8, accept=0.918, chr=0.833
  [GSM8K] 800/1319: acc=0.436, tps=159.0, accept=0.920, chr=0.833
  [GSM8K] 900/1319: acc=0.440, tps=157.4, accept=0.915, chr=0.834
  [GSM8K] 1000/1319: acc=0.440, tps=157.4, accept=0.916, chr=0.833
  [GSM8K] 1100/1319: acc=0.437, tps=156.6, accept=0.914, chr=0.833
  [GSM8K] 1200/1319: acc=0.437, tps=156.7, accept=0.914, chr=0.833
  [GSM8K] 1300/1319: acc=0.441, tps=156.9, accept=0.915, chr=0.833
  GSM8K (seed=123): acc=0.441, speedup=4.64x, acc_ret=0.631, QAS=2.924

============================================================
Run 4/18: M1_eta0.5+IGSD_tau0.7_td16 | seed=123 | MATH500
============================================================
  [MATH500] 100/500: acc=0.170, tps=286.6, accept=0.833
  [MATH500] 200/500: acc=0.155, tps=292.0, accept=0.851
  [MATH500] 300/500: acc=0.123, tps=298.3, accept=0.860
  [MATH500] 400/500: acc=0.115, tps=293.6, accept=0.857
  [MATH500] 500/500: acc=0.108, tps=295.1, accept=0.863
  MATH500 (seed=123): acc=0.108, speedup=3.73x, acc_ret=1.059, QAS=3.948

============================================================
Run 5/18: M1_eta0.5+IGSD_tau0.7_td16 | seed=456 | GSM8K
  M1 eta=0.5, IGSD tau=0.7, T_draft=16
============================================================
  [GSM8K] 100/1319: acc=0.450, tps=157.6, accept=0.923, chr=0.830
  [GSM8K] 200/1319: acc=0.465, tps=155.8, accept=0.915, chr=0.832
  [GSM8K] 300/1319: acc=0.440, tps=157.4, accept=0.918, chr=0.835
  [GSM8K] 400/1319: acc=0.458, tps=158.5, accept=0.919, chr=0.834
  [GSM8K] 500/1319: acc=0.444, tps=159.5, accept=0.921, chr=0.834
  [GSM8K] 600/1319: acc=0.443, tps=159.2, accept=0.919, chr=0.834
  [GSM8K] 700/1319: acc=0.440, tps=158.8, accept=0.918, chr=0.833
  [GSM8K] 800/1319: acc=0.436, tps=159.0, accept=0.920, chr=0.833
  [GSM8K] 900/1319: acc=0.440, tps=157.4, accept=0.915, chr=0.834
  [GSM8K] 1000/1319: acc=0.440, tps=157.4, accept=0.916, chr=0.833
  [GSM8K] 1100/1319: acc=0.437, tps=156.6, accept=0.914, chr=0.833
  [GSM8K] 1200/1319: acc=0.437, tps=156.7, accept=0.914, chr=0.833
  [GSM8K] 1300/1319: acc=0.441, tps=156.9, accept=0.915, chr=0.833
  GSM8K (seed=456): acc=0.441, speedup=4.64x, acc_ret=0.627, QAS=2.909

============================================================
Run 6/18: M1_eta0.5+IGSD_tau0.7_td16 | seed=456 | MATH500
============================================================
  [MATH500] 100/500: acc=0.170, tps=286.6, accept=0.833
  [MATH500] 200/500: acc=0.155, tps=292.0, accept=0.851
  [MATH500] 300/500: acc=0.123, tps=298.0, accept=0.860
  [MATH500] 400/500: acc=0.115, tps=293.2, accept=0.857
  [MATH500] 500/500: acc=0.108, tps=294.8, accept=0.863
  MATH500 (seed=456): acc=0.108, speedup=3.72x, acc_ret=0.964, QAS=3.588

============================================================
Run 7/18: M1_eta0.5+IGSD_tau0.85_td32 | seed=42 | GSM8K
  M1 eta=0.5, IGSD tau=0.85, T_draft=32
============================================================
  [GSM8K] 100/1319: acc=0.590, tps=98.0, accept=0.957, chr=0.832
  [GSM8K] 200/1319: acc=0.575, tps=98.4, accept=0.957, chr=0.833
  [GSM8K] 300/1319: acc=0.567, tps=98.7, accept=0.959, chr=0.835
  [GSM8K] 400/1319: acc=0.573, tps=98.4, accept=0.957, chr=0.835
  [GSM8K] 500/1319: acc=0.558, tps=98.6, accept=0.957, chr=0.836
  [GSM8K] 600/1319: acc=0.543, tps=98.4, accept=0.957, chr=0.836
  [GSM8K] 700/1319: acc=0.537, tps=98.4, accept=0.957, chr=0.835
  [GSM8K] 800/1319: acc=0.546, tps=98.5, accept=0.958, chr=0.836
  [GSM8K] 900/1319: acc=0.544, tps=98.6, accept=0.958, chr=0.836
  [GSM8K] 1000/1319: acc=0.543, tps=98.5, accept=0.958, chr=0.836
  [GSM8K] 1100/1319: acc=0.539, tps=98.5, accept=0.958, chr=0.835
  [GSM8K] 1200/1319: acc=0.538, tps=98.4, accept=0.958, chr=0.835
  [GSM8K] 1300/1319: acc=0.537, tps=98.4, accept=0.957, chr=0.835
  GSM8K (seed=42): acc=0.536, speedup=2.91x, acc_ret=0.731, QAS=2.131

============================================================
Run 8/18: M1_eta0.5+IGSD_tau0.85_td32 | seed=42 | MATH500
============================================================
  [MATH500] 100/500: acc=0.140, tps=205.3, accept=0.954
  [MATH500] 200/500: acc=0.120, tps=202.5, accept=0.953
  [MATH500] 300/500: acc=0.127, tps=200.2, accept=0.950
  [MATH500] 400/500: acc=0.130, tps=198.3, accept=0.944
  [MATH500] 500/500: acc=0.128, tps=198.3, accept=0.943
  MATH500 (seed=42): acc=0.128, speedup=2.51x, acc_ret=1.085, QAS=2.725

============================================================
Run 9/18: M1_eta0.5+IGSD_tau0.85_td32 | seed=123 | GSM8K
  M1 eta=0.5, IGSD tau=0.85, T_draft=32
============================================================
  [GSM8K] 100/1319: acc=0.590, tps=98.1, accept=0.957, chr=0.832
  [GSM8K] 200/1319: acc=0.575, tps=98.4, accept=0.957, chr=0.833
  [GSM8K] 300/1319: acc=0.567, tps=98.7, accept=0.959, chr=0.835
  [GSM8K] 400/1319: acc=0.573, tps=98.4, accept=0.957, chr=0.835
  [GSM8K] 500/1319: acc=0.558, tps=98.6, accept=0.957, chr=0.836
  [GSM8K] 600/1319: acc=0.543, tps=98.4, accept=0.957, chr=0.836
  [GSM8K] 700/1319: acc=0.537, tps=98.4, accept=0.957, chr=0.835
  [GSM8K] 800/1319: acc=0.546, tps=98.5, accept=0.958, chr=0.836
  [GSM8K] 900/1319: acc=0.544, tps=98.6, accept=0.958, chr=0.836
  [GSM8K] 1000/1319: acc=0.543, tps=98.5, accept=0.958, chr=0.836
  [GSM8K] 1100/1319: acc=0.539, tps=98.5, accept=0.958, chr=0.835
  [GSM8K] 1200/1319: acc=0.538, tps=98.4, accept=0.958, chr=0.835
  [GSM8K] 1300/1319: acc=0.537, tps=98.4, accept=0.957, chr=0.835
  GSM8K (seed=123): acc=0.536, speedup=2.91x, acc_ret=0.766, QAS=2.229

============================================================
Run 10/18: M1_eta0.5+IGSD_tau0.85_td32 | seed=123 | MATH500
============================================================
  [MATH500] 100/500: acc=0.140, tps=205.2, accept=0.954
  [MATH500] 200/500: acc=0.120, tps=202.4, accept=0.953
  [MATH500] 300/500: acc=0.127, tps=200.2, accept=0.950
  [MATH500] 400/500: acc=0.130, tps=198.3, accept=0.944
  [MATH500] 500/500: acc=0.128, tps=198.3, accept=0.943
  MATH500 (seed=123): acc=0.128, speedup=2.50x, acc_ret=1.255, QAS=3.143

============================================================
Run 11/18: M1_eta0.5+IGSD_tau0.85_td32 | seed=456 | GSM8K
  M1 eta=0.5, IGSD tau=0.85, T_draft=32
============================================================
  [GSM8K] 100/1319: acc=0.590, tps=98.0, accept=0.957, chr=0.832
  [GSM8K] 200/1319: acc=0.575, tps=98.4, accept=0.957, chr=0.833
  [GSM8K] 300/1319: acc=0.567, tps=98.7, accept=0.959, chr=0.835
  [GSM8K] 400/1319: acc=0.573, tps=98.4, accept=0.957, chr=0.835
  [GSM8K] 500/1319: acc=0.558, tps=98.6, accept=0.957, chr=0.836
  [GSM8K] 600/1319: acc=0.543, tps=98.4, accept=0.957, chr=0.836
  [GSM8K] 700/1319: acc=0.537, tps=98.4, accept=0.957, chr=0.835
  [GSM8K] 800/1319: acc=0.546, tps=98.5, accept=0.958, chr=0.836
  [GSM8K] 900/1319: acc=0.544, tps=98.6, accept=0.958, chr=0.836
  [GSM8K] 1000/1319: acc=0.543, tps=98.5, accept=0.958, chr=0.836
  [GSM8K] 1100/1319: acc=0.539, tps=98.5, accept=0.958, chr=0.835
  [GSM8K] 1200/1319: acc=0.538, tps=98.4, accept=0.958, chr=0.835
  [GSM8K] 1300/1319: acc=0.537, tps=98.4, accept=0.957, chr=0.835
  GSM8K (seed=456): acc=0.536, speedup=2.91x, acc_ret=0.762, QAS=2.219

============================================================
Run 12/18: M1_eta0.5+IGSD_tau0.85_td32 | seed=456 | MATH500
============================================================
  [MATH500] 100/500: acc=0.140, tps=205.2, accept=0.954
  [MATH500] 200/500: acc=0.120, tps=202.5, accept=0.953
  [MATH500] 300/500: acc=0.127, tps=200.2, accept=0.950
  [MATH500] 400/500: acc=0.130, tps=198.3, accept=0.944
  [MATH500] 500/500: acc=0.128, tps=198.3, accept=0.943
  MATH500 (seed=456): acc=0.128, speedup=2.50x, acc_ret=1.143, QAS=2.860

============================================================
Run 13/18: M1_eta0.5+IGSD_tau0.9_td32 | seed=42 | GSM8K
  M1 eta=0.5, IGSD tau=0.9, T_draft=32
============================================================
  [GSM8K] 100/1319: acc=0.590, tps=96.7, accept=0.952, chr=0.834
  [GSM8K] 200/1319: acc=0.580, tps=96.9, accept=0.952, chr=0.835
  [GSM8K] 300/1319: acc=0.570, tps=97.2, accept=0.953, chr=0.837
  [GSM8K] 400/1319: acc=0.575, tps=97.0, accept=0.952, chr=0.837
  [GSM8K] 500/1319: acc=0.560, tps=97.1, accept=0.952, chr=0.837
  [GSM8K] 600/1319: acc=0.545, tps=97.0, accept=0.952, chr=0.837
  [GSM8K] 700/1319: acc=0.539, tps=97.0, accept=0.952, chr=0.837
  [GSM8K] 800/1319: acc=0.547, tps=97.1, accept=0.952, chr=0.837
  [GSM8K] 900/1319: acc=0.546, tps=97.1, accept=0.953, chr=0.837
  [GSM8K] 1000/1319: acc=0.544, tps=97.1, accept=0.952, chr=0.837
  [GSM8K] 1100/1319: acc=0.540, tps=97.0, accept=0.952, chr=0.836
  [GSM8K] 1200/1319: acc=0.539, tps=97.0, accept=0.952, chr=0.836
  [GSM8K] 1300/1319: acc=0.538, tps=97.0, accept=0.952, chr=0.836
  GSM8K (seed=42): acc=0.536, speedup=2.87x, acc_ret=0.731, QAS=2.100

============================================================
Run 14/18: M1_eta0.5+IGSD_tau0.9_td32 | seed=42 | MATH500
============================================================
  [MATH500] 100/500: acc=0.130, tps=201.9, accept=0.948
  [MATH500] 200/500: acc=0.120, tps=198.2, accept=0.944
  [MATH500] 300/500: acc=0.127, tps=196.1, accept=0.942
  [MATH500] 400/500: acc=0.133, tps=194.1, accept=0.936
  [MATH500] 500/500: acc=0.130, tps=194.1, accept=0.935
  MATH500 (seed=42): acc=0.130, speedup=2.46x, acc_ret=1.102, QAS=2.709

============================================================
Run 15/18: M1_eta0.5+IGSD_tau0.9_td32 | seed=123 | GSM8K
  M1 eta=0.5, IGSD tau=0.9, T_draft=32
============================================================
  [GSM8K] 100/1319: acc=0.590, tps=96.7, accept=0.952, chr=0.834
  [GSM8K] 200/1319: acc=0.580, tps=96.9, accept=0.952, chr=0.835
  [GSM8K] 300/1319: acc=0.570, tps=97.2, accept=0.953, chr=0.837
  [GSM8K] 400/1319: acc=0.575, tps=97.0, accept=0.952, chr=0.837
  [GSM8K] 500/1319: acc=0.560, tps=97.2, accept=0.952, chr=0.837
  [GSM8K] 600/1319: acc=0.545, tps=97.0, accept=0.952, chr=0.837
  [GSM8K] 700/1319: acc=0.539, tps=97.0, accept=0.952, chr=0.837
  [GSM8K] 800/1319: acc=0.547, tps=97.1, accept=0.952, chr=0.837
  [GSM8K] 900/1319: acc=0.546, tps=97.1, accept=0.953, chr=0.837
  [GSM8K] 1000/1319: acc=0.544, tps=97.1, accept=0.952, chr=0.837
  [GSM8K] 1100/1319: acc=0.540, tps=97.1, accept=0.952, chr=0.836
  [GSM8K] 1200/1319: acc=0.539, tps=97.0, accept=0.952, chr=0.836
  [GSM8K] 1300/1319: acc=0.538, tps=97.0, accept=0.952, chr=0.836
  GSM8K (seed=123): acc=0.536, speedup=2.87x, acc_ret=0.766, QAS=2.196

============================================================
Run 16/18: M1_eta0.5+IGSD_tau0.9_td32 | seed=123 | MATH500
============================================================
  [MATH500] 100/500: acc=0.130, tps=201.9, accept=0.948
  [MATH500] 200/500: acc=0.120, tps=198.2, accept=0.944
  [MATH500] 300/500: acc=0.127, tps=196.1, accept=0.942
  [MATH500] 400/500: acc=0.133, tps=194.1, accept=0.936
  [MATH500] 500/500: acc=0.130, tps=194.2, accept=0.935
  MATH500 (seed=123): acc=0.130, speedup=2.45x, acc_ret=1.275, QAS=3.126

============================================================
Run 17/18: M1_eta0.5+IGSD_tau0.9_td32 | seed=456 | GSM8K
  M1 eta=0.5, IGSD tau=0.9, T_draft=32
============================================================
  [GSM8K] 100/1319: acc=0.590, tps=96.7, accept=0.952, chr=0.834
  [GSM8K] 200/1319: acc=0.580, tps=96.9, accept=0.952, chr=0.835
  [GSM8K] 300/1319: acc=0.570, tps=97.2, accept=0.953, chr=0.837
  [GSM8K] 400/1319: acc=0.575, tps=97.0, accept=0.952, chr=0.837
  [GSM8K] 500/1319: acc=0.560, tps=97.2, accept=0.952, chr=0.837
  [GSM8K] 600/1319: acc=0.545, tps=97.0, accept=0.952, chr=0.837
  [GSM8K] 700/1319: acc=0.539, tps=97.1, accept=0.952, chr=0.837
  [GSM8K] 800/1319: acc=0.547, tps=97.1, accept=0.952, chr=0.837
  [GSM8K] 900/1319: acc=0.546, tps=97.1, accept=0.953, chr=0.837
  [GSM8K] 1000/1319: acc=0.544, tps=97.1, accept=0.952, chr=0.837
  [GSM8K] 1100/1319: acc=0.540, tps=97.1, accept=0.952, chr=0.836
  [GSM8K] 1200/1319: acc=0.539, tps=97.0, accept=0.952, chr=0.836
  [GSM8K] 1300/1319: acc=0.538, tps=97.0, accept=0.952, chr=0.836
  GSM8K (seed=456): acc=0.536, speedup=2.87x, acc_ret=0.762, QAS=2.186

============================================================
Run 18/18: M1_eta0.5+IGSD_tau0.9_td32 | seed=456 | MATH500
============================================================
  [MATH500] 100/500: acc=0.130, tps=201.9, accept=0.948
  [MATH500] 200/500: acc=0.120, tps=198.3, accept=0.944
  [MATH500] 300/500: acc=0.127, tps=196.1, accept=0.942
  [MATH500] 400/500: acc=0.133, tps=194.0, accept=0.936
  [MATH500] 500/500: acc=0.130, tps=194.1, accept=0.935
  MATH500 (seed=456): acc=0.130, speedup=2.45x, acc_ret=1.161, QAS=2.844

[4/4] Computing aggregate results...

  Results saved to: /home/qhxie/AutoResearch-SibylSystem/workspaces/dlm-acceleration/iter_002/exp/results/pairwise/m1_igsd_full.json

======================================================================
FINAL SUMMARY: M1+IGSD Pairwise Composition (FULL-SCALE)
  Seeds: [42, 123, 456]
  GSM8K: 1319 samples | MATH500: 500 samples
======================================================================

  M1_eta0.5+IGSD_tau0.7_td16
    GSM8K:    Ortho=1.757, Speedup=4.640x, AccRet=0.620
    MATH500:  Ortho=3.204, Speedup=3.729x, AccRet=0.979
    Combined: Ortho=2.271 (QAS_mean=3.178 +/- 0.110)
    Per-seed Ortho: [2.175, 2.368, 2.271]

  M1_eta0.5+IGSD_tau0.85_td32
    GSM8K:    Ortho=1.868, Speedup=2.913x, AccRet=0.753
    MATH500:  Ortho=2.552, Speedup=2.506x, AccRet=1.161
    Combined: Ortho=2.322 (QAS_mean=2.443 +/- 0.084)
    Per-seed Ortho: [2.224, 2.419, 2.323]

  M1_eta0.5+IGSD_tau0.9_td32
    GSM8K:    Ortho=1.867, Speedup=2.869x, AccRet=0.753
    MATH500:  Ortho=2.538, Speedup=2.454x, AccRet=1.179
    Combined: Ortho=2.336 (QAS_mean=2.418 +/- 0.084)
    Per-seed Ortho: [2.236, 2.434, 2.337]

  Best: M1_eta0.5+IGSD_tau0.9_td32 (Combined Ortho=2.336)
  Verdict: SYNERGY
  Pass criteria met: True
  Elapsed: 600.3 minutes
======================================================================
  gpu_progress.json updated.
