============================================================
Training resnet20 on cifar10 [SGD]
WD method: constant, base WD: 0.005
Epochs: 200, LR: 0.01, Batch: 128
Seed: 456, Device: cuda:4
Output: /home/ccwang/sibyl-research-system/workspaces/dynamic-wd/current/exp/results/full/matched_rho_sgd/cifar10/resnet20/constant/seed_456
============================================================
  E  0/200: loss=1.5389 tr_acc=42.47% te_acc=52.57% wn=32.16 CSI=0.0000 AIS=0.4427 BEM=0.0000
  E 10/200: loss=0.4886 tr_acc=83.04% te_acc=81.62% wn=30.23 CSI=0.0791 AIS=0.3230 BEM=0.0000
  E 20/200: loss=0.3549 tr_acc=87.79% te_acc=83.76% wn=28.65 CSI=0.0942 AIS=0.3585 BEM=0.0000
  E 30/200: loss=0.2971 tr_acc=89.69% te_acc=86.19% wn=27.60 CSI=0.1322 AIS=0.3508 BEM=0.0000
  E 40/200: loss=0.2548 tr_acc=91.00% te_acc=85.65% wn=26.95 CSI=0.1320 AIS=0.5159 BEM=0.0000
  E 50/200: loss=0.2223 tr_acc=92.20% te_acc=86.33% wn=26.56 CSI=0.1495 AIS=0.4145 BEM=0.0000
  E 60/200: loss=0.2012 tr_acc=92.85% te_acc=88.02% wn=26.28 CSI=0.1504 AIS=0.3295 BEM=0.0000
  E 70/200: loss=0.1813 tr_acc=93.74% te_acc=86.29% wn=26.04 CSI=0.1405 AIS=0.4431 BEM=0.0000
  E 80/200: loss=0.1583 tr_acc=94.48% te_acc=87.68% wn=25.81 CSI=0.2348 AIS=0.4190 BEM=0.0000
  E 90/200: loss=0.1440 tr_acc=94.94% te_acc=87.62% wn=25.53 CSI=0.1812 AIS=0.3508 BEM=0.0000
  E100/200: loss=0.1232 tr_acc=95.80% te_acc=88.71% wn=25.22 CSI=0.0867 AIS=0.3586 BEM=0.0000
  E110/200: loss=0.1023 tr_acc=96.47% te_acc=89.15% wn=24.82 CSI=0.0318 AIS=0.2648 BEM=0.0000
  E120/200: loss=0.0816 tr_acc=97.25% te_acc=88.23% wn=24.40 CSI=0.0614 AIS=0.3715 BEM=0.0000
  E130/200: loss=0.0628 tr_acc=97.93% te_acc=89.62% wn=23.93 CSI=0.0223 AIS=0.3781 BEM=0.0000
  E140/200: loss=0.0477 tr_acc=98.51% te_acc=90.10% wn=23.46 CSI=0.0188 AIS=0.3870 BEM=0.0000
  E150/200: loss=0.0327 tr_acc=99.07% te_acc=89.89% wn=23.03 CSI=0.0500 AIS=0.3068 BEM=0.0000
  E160/200: loss=0.0237 tr_acc=99.43% te_acc=90.62% wn=22.70 CSI=0.0967 AIS=0.4060 BEM=0.0000
  E170/200: loss=0.0188 tr_acc=99.60% te_acc=90.70% wn=22.48 CSI=0.1411 AIS=0.4175 BEM=0.0000
  E180/200: loss=0.0163 tr_acc=99.67% te_acc=90.76% wn=22.35 CSI=0.2152 AIS=0.3832 BEM=0.0000
  E190/200: loss=0.0154 tr_acc=99.74% te_acc=90.76% wn=22.31 CSI=0.3970 AIS=0.3674 BEM=0.0000
  E199/200: loss=0.0142 tr_acc=99.75% te_acc=90.74% wn=22.30 CSI=0.8266 AIS=0.3501 BEM=0.0000

Done! Best: 90.89%, Time: 4065.4s
