============================================================
Training resnet20 on cifar10 [SGD]
WD method: no_wd, base WD: 0.005
Epochs: 200, LR: 0.01, Batch: 128
Seed: 456, Device: cuda:4
Output: /home/ccwang/sibyl-research-system/workspaces/dynamic-wd/current/exp/results/full/matched_rho_sgd/cifar10/resnet20/no_wd/seed_456
============================================================
  E  0/200: loss=1.5446 tr_acc=42.01% te_acc=54.61% wn=32.76 CSI=0.0000 AIS=0.4516 BEM=1.0000
  E 10/200: loss=0.4830 tr_acc=83.12% te_acc=82.08% wn=36.21 CSI=0.1633 AIS=0.3518 BEM=1.0000
  E 20/200: loss=0.3425 tr_acc=87.98% te_acc=84.02% wn=38.76 CSI=0.0571 AIS=0.3581 BEM=1.0000
  E 30/200: loss=0.2631 tr_acc=90.75% te_acc=86.94% wn=40.93 CSI=0.0440 AIS=0.4389 BEM=1.0000
  E 40/200: loss=0.2106 tr_acc=92.59% te_acc=86.85% wn=42.83 CSI=0.0425 AIS=0.3351 BEM=1.0000
  E 50/200: loss=0.1751 tr_acc=93.84% te_acc=87.62% wn=44.47 CSI=0.0534 AIS=0.3606 BEM=1.0000
  E 60/200: loss=0.1466 tr_acc=94.74% te_acc=88.29% wn=45.86 CSI=0.0484 AIS=0.2736 BEM=1.0000
  E 70/200: loss=0.1210 tr_acc=95.62% te_acc=88.06% wn=47.03 CSI=0.0568 AIS=0.3199 BEM=1.0000
  E 80/200: loss=0.0998 tr_acc=96.38% te_acc=88.45% wn=47.97 CSI=0.0684 AIS=0.4219 BEM=1.0000
  E 90/200: loss=0.0784 tr_acc=97.21% te_acc=88.53% wn=48.71 CSI=0.0753 AIS=0.3646 BEM=1.0000
  E100/200: loss=0.0663 tr_acc=97.65% te_acc=88.57% wn=49.27 CSI=0.0852 AIS=0.4895 BEM=1.0000
  E110/200: loss=0.0508 tr_acc=98.22% te_acc=88.74% wn=49.66 CSI=0.1152 AIS=0.3915 BEM=1.0000
  E120/200: loss=0.0417 tr_acc=98.50% te_acc=89.01% wn=49.93 CSI=0.1155 AIS=0.4102 BEM=1.0000
  E130/200: loss=0.0315 tr_acc=98.96% te_acc=89.37% wn=50.11 CSI=0.1338 AIS=0.4120 BEM=1.0000
  E140/200: loss=0.0268 tr_acc=99.10% te_acc=89.49% wn=50.22 CSI=0.1492 AIS=0.4127 BEM=1.0000
  E150/200: loss=0.0225 tr_acc=99.28% te_acc=89.37% wn=50.28 CSI=0.1479 AIS=0.3807 BEM=1.0000
  E160/200: loss=0.0183 tr_acc=99.43% te_acc=89.38% wn=50.32 CSI=0.1721 AIS=0.4041 BEM=1.0000
  E170/200: loss=0.0177 tr_acc=99.45% te_acc=89.43% wn=50.34 CSI=0.1974 AIS=0.4140 BEM=1.0000
  E180/200: loss=0.0158 tr_acc=99.53% te_acc=89.49% wn=50.35 CSI=0.2528 AIS=0.3906 BEM=1.0000
  E190/200: loss=0.0155 tr_acc=99.57% te_acc=89.49% wn=50.35 CSI=0.3923 AIS=0.4303 BEM=1.0000
  E199/200: loss=0.0145 tr_acc=99.62% te_acc=89.57% wn=50.35 CSI=0.8972 AIS=0.2958 BEM=1.0000

Done! Best: 89.64%, Time: 4133.8s
