
Loading checkpoint shards:   0%|          | 0/4 [00:00<?, ?it/s]
Loading checkpoint shards:  25%|██▌       | 1/4 [00:00<00:00,  6.89it/s]
Loading checkpoint shards:  50%|█████     | 2/4 [00:00<00:00,  7.25it/s]
Loading checkpoint shards:  75%|███████▌  | 3/4 [00:00<00:00,  7.61it/s]
Loading checkpoint shards: 100%|██████████| 4/4 [00:00<00:00,  7.99it/s]
Loading checkpoint shards: 100%|██████████| 4/4 [00:00<00:00,  7.73it/s]
/home/qhxie/miniforge3/envs/sibyl_dlm-acceleration/lib/python3.10/site-packages/transformers/generation/configuration_utils.py:628: UserWarning: `do_sample` is set to `False`. However, `temperature` is set to `0.0` -- this flag is only used in sample-based generation modes. You should set `do_sample=True` or unset `temperature`. This was detected when initializing the generation config instance, which means the corresponding file may hold incorrect parameterization and should be fixed.
  warnings.warn(
/home/qhxie/miniforge3/envs/sibyl_dlm-acceleration/lib/python3.10/site-packages/transformers/generation/configuration_utils.py:628: UserWarning: `do_sample` is set to `False`. However, `temperature` is set to `0.0` -- this flag is only used in sample-based generation modes. You should set `do_sample=True` or unset `temperature`.
  warnings.warn(

[dream7b_baseline] FULL mode starting at 2026-04-16T13:33:17.144516
[dream7b_baseline] Seed=42, Steps=64
[dream7b_baseline] GSM8K samples=200, MATH500 samples=100
[dream7b_baseline] GPU: NVIDIA RTX PRO 6000 Blackwell Server Edition
[dream7b_baseline] VRAM: 97250 MB

=== Step 1: Preparing Datasets ===
[data] GSM8K loaded: 1319 examples
[data] MATH500 loaded: 500 examples

=== Step 2: Loading Dream-7B-Instruct ===
  Model path: /home/qhxie/AutoResearch-SibylSystem/workspaces/dlm-acceleration/shared/checkpoints/dream-7b-instruct
  Loading tokenizer...
  Tokenizer mask_token_id=151666, config mask_id=151666
  Vocab size=151643
  Loading model (bfloat16)...
  Model loaded! VRAM: {'gpu_name': 'NVIDIA RTX PRO 6000 Blackwell Server Edition', 'vram_total_mb': 97250, 'vram_used_mb': 14568, 'vram_reserved_mb': 14698}

=== Step 3: Smoke Test ===
  Smoke test output: 4
  Smoke test TPS: 56.3, elapsed: 0.57s

=== Step 4: VRAM Probing ===
[probe] Probing max batch size for Dream (start=8)...
[probe] Max batch size for Dream: 8
  Using batch_size=8

=== Step 5: GSM8K Evaluation (200 samples) ===

[eval] GSM8K: 200 examples, seed=42, batch_size=8, steps=64
  [40/200] acc=0.400, avg_tps=67.8
  [80/200] acc=0.375, avg_tps=68.0
  [120/200] acc=0.408, avg_tps=67.8
  [160/200] acc=0.400, avg_tps=67.9
  [200/200] acc=0.390, avg_tps=68.0

  GSM8K Results: acc=0.390, tps=68.0

=== Step 6: MATH500 Evaluation (100 samples) ===

[eval] MATH500: 100 examples, seed=42, batch_size=4, steps=64
  [100/100] acc=0.090, avg_tps=145.2

  MATH500 Results: acc=0.090, tps=145.2

=== Step 7: Cross-Model Comparison ===
  LLaDA reference: GSM8K acc=0.7121556734900176, TPS=33.772545593806875

=== Step 8: Compiling Results ===

  Results saved to /home/qhxie/AutoResearch-SibylSystem/workspaces/dlm-acceleration/current/exp/results/dream7b/dream7b_baseline.json

============================================================
  Dream-7B-Instruct Full Baseline Summary
============================================================
  GSM8K:   acc=0.390 (78/200), tps=68.0
  MATH500: acc=0.090 (9/100), tps=145.2
  Combined: 0.300 (0.7*GSM8K + 0.3*MATH500)
  Dream/LLaDA GSM8K accuracy ratio: 0.55
  Dream/LLaDA GSM8K TPS ratio: 2.01x
  Elapsed: 18.7 min
============================================================

[dream7b_baseline] DONE. Dream-7B Full: GSM8K acc=0.390 (tps=68.0), MATH500 acc=0.090 (tps=145.2), combined=0.300, 18.7min

