=== Matched-Rho SGD CIFAR-10 Full: GPU=4 ===
  constant/seed_42: already done
Method=constant Seed=123
============================================================
Training resnet20 on cifar10 [SGD]
WD method: constant, base WD: 0.005
Epochs: 200, LR: 0.01, Batch: 128
Seed: 123, Device: cuda:4
Output: /home/ccwang/sibyl-research-system/workspaces/dynamic-wd/current/exp/results/full/matched_rho_sgd/cifar10/resnet20/constant/seed_123
============================================================
  E  0/200: loss=1.5466 tr_acc=42.63% te_acc=54.15% wn=32.21 CSI=0.0000 AIS=0.3178 BEM=0.0000
  E 10/200: loss=0.4926 tr_acc=82.94% te_acc=75.56% wn=30.33 CSI=0.0732 AIS=0.3509 BEM=0.0000
  E 20/200: loss=0.3570 tr_acc=87.67% te_acc=84.12% wn=28.78 CSI=0.1096 AIS=0.3896 BEM=0.0000
  E 30/200: loss=0.2874 tr_acc=89.89% te_acc=85.04% wn=27.75 CSI=0.1365 AIS=0.3559 BEM=0.0000
  E 40/200: loss=0.2465 tr_acc=91.37% te_acc=86.76% wn=27.12 CSI=0.1521 AIS=0.3301 BEM=0.0000
  E 50/200: loss=0.2173 tr_acc=92.42% te_acc=86.95% wn=26.69 CSI=0.1510 AIS=0.4073 BEM=0.0000
  E 60/200: loss=0.1954 tr_acc=93.14% te_acc=86.55% wn=26.42 CSI=0.2244 AIS=0.3866 BEM=0.0000
  E 70/200: loss=0.1753 tr_acc=93.84% te_acc=87.82% wn=26.16 CSI=0.2453 AIS=0.4251 BEM=0.0000
  E 80/200: loss=0.1586 tr_acc=94.39% te_acc=88.38% wn=25.88 CSI=0.1443 AIS=0.3191 BEM=0.0000
  E 90/200: loss=0.1363 tr_acc=95.32% te_acc=87.91% wn=25.57 CSI=0.0708 AIS=0.3972 BEM=0.0000
  E100/200: loss=0.1189 tr_acc=95.88% te_acc=88.39% wn=25.22 CSI=0.1098 AIS=0.3762 BEM=0.0000
  E110/200: loss=0.1002 tr_acc=96.57% te_acc=88.83% wn=24.81 CSI=0.0828 AIS=0.3905 BEM=0.0000
  E120/200: loss=0.0798 tr_acc=97.37% te_acc=88.87% wn=24.37 CSI=0.0557 AIS=0.3097 BEM=0.0000
  E130/200: loss=0.0633 tr_acc=97.96% te_acc=89.68% wn=23.90 CSI=0.0189 AIS=0.3686 BEM=0.0000
  E140/200: loss=0.0453 tr_acc=98.60% te_acc=90.14% wn=23.43 CSI=0.0303 AIS=0.4175 BEM=0.0000
  E150/200: loss=0.0336 tr_acc=99.08% te_acc=90.01% wn=23.01 CSI=0.0514 AIS=0.3847 BEM=0.0000
  E160/200: loss=0.0247 tr_acc=99.40% te_acc=90.78% wn=22.68 CSI=0.0912 AIS=0.3674 BEM=0.0000
  E170/200: loss=0.0185 tr_acc=99.63% te_acc=90.69% wn=22.46 CSI=0.1393 AIS=0.3625 BEM=0.0000
  E180/200: loss=0.0165 tr_acc=99.68% te_acc=90.76% wn=22.34 CSI=0.2120 AIS=0.4283 BEM=0.0000
  E190/200: loss=0.0156 tr_acc=99.70% te_acc=90.79% wn=22.29 CSI=0.3961 AIS=0.3201 BEM=0.0000
  E199/200: loss=0.0147 tr_acc=99.75% te_acc=90.88% wn=22.29 CSI=0.8255 AIS=0.3190 BEM=0.0000

Done! Best: 90.94%, Time: 4223.5s
Method=constant Seed=456
============================================================
Training resnet20 on cifar10 [SGD]
WD method: constant, base WD: 0.005
Epochs: 200, LR: 0.01, Batch: 128
Seed: 456, Device: cuda:4
Output: /home/ccwang/sibyl-research-system/workspaces/dynamic-wd/current/exp/results/full/matched_rho_sgd/cifar10/resnet20/constant/seed_456
============================================================
  E  0/200: loss=1.5389 tr_acc=42.47% te_acc=52.57% wn=32.16 CSI=0.0000 AIS=0.4427 BEM=0.0000
  E 10/200: loss=0.4886 tr_acc=83.04% te_acc=81.62% wn=30.23 CSI=0.0791 AIS=0.3230 BEM=0.0000
  E 20/200: loss=0.3549 tr_acc=87.79% te_acc=83.76% wn=28.65 CSI=0.0942 AIS=0.3585 BEM=0.0000
  E 30/200: loss=0.2971 tr_acc=89.69% te_acc=86.19% wn=27.60 CSI=0.1322 AIS=0.3508 BEM=0.0000
  E 40/200: loss=0.2548 tr_acc=91.00% te_acc=85.65% wn=26.95 CSI=0.1320 AIS=0.5159 BEM=0.0000
  E 50/200: loss=0.2223 tr_acc=92.20% te_acc=86.33% wn=26.56 CSI=0.1495 AIS=0.4145 BEM=0.0000
  E 60/200: loss=0.2012 tr_acc=92.85% te_acc=88.02% wn=26.28 CSI=0.1504 AIS=0.3295 BEM=0.0000
  E 70/200: loss=0.1813 tr_acc=93.74% te_acc=86.29% wn=26.04 CSI=0.1405 AIS=0.4431 BEM=0.0000
  E 80/200: loss=0.1583 tr_acc=94.48% te_acc=87.68% wn=25.81 CSI=0.2348 AIS=0.4190 BEM=0.0000
  E 90/200: loss=0.1440 tr_acc=94.94% te_acc=87.62% wn=25.53 CSI=0.1812 AIS=0.3508 BEM=0.0000
  E100/200: loss=0.1232 tr_acc=95.80% te_acc=88.71% wn=25.22 CSI=0.0867 AIS=0.3586 BEM=0.0000
  E110/200: loss=0.1023 tr_acc=96.47% te_acc=89.15% wn=24.82 CSI=0.0318 AIS=0.2648 BEM=0.0000
  E120/200: loss=0.0816 tr_acc=97.25% te_acc=88.23% wn=24.40 CSI=0.0614 AIS=0.3715 BEM=0.0000
  E130/200: loss=0.0628 tr_acc=97.93% te_acc=89.62% wn=23.93 CSI=0.0223 AIS=0.3781 BEM=0.0000
  E140/200: loss=0.0477 tr_acc=98.51% te_acc=90.10% wn=23.46 CSI=0.0188 AIS=0.3870 BEM=0.0000
  E150/200: loss=0.0327 tr_acc=99.07% te_acc=89.89% wn=23.03 CSI=0.0500 AIS=0.3068 BEM=0.0000
  E160/200: loss=0.0237 tr_acc=99.43% te_acc=90.62% wn=22.70 CSI=0.0967 AIS=0.4060 BEM=0.0000
  E170/200: loss=0.0188 tr_acc=99.60% te_acc=90.70% wn=22.48 CSI=0.1411 AIS=0.4175 BEM=0.0000
  E180/200: loss=0.0163 tr_acc=99.67% te_acc=90.76% wn=22.35 CSI=0.2152 AIS=0.3832 BEM=0.0000
  E190/200: loss=0.0154 tr_acc=99.74% te_acc=90.76% wn=22.31 CSI=0.3970 AIS=0.3674 BEM=0.0000
  E199/200: loss=0.0142 tr_acc=99.75% te_acc=90.74% wn=22.30 CSI=0.8266 AIS=0.3501 BEM=0.0000

Done! Best: 90.89%, Time: 4065.4s
Method=cwd_hard Seed=42
============================================================
Training resnet20 on cifar10 [SGD]
WD method: cwd_hard, base WD: 0.005
Epochs: 200, LR: 0.01, Batch: 128
Seed: 42, Device: cuda:4
Output: /home/ccwang/sibyl-research-system/workspaces/dynamic-wd/current/exp/results/full/matched_rho_sgd/cifar10/resnet20/cwd_hard/seed_42
============================================================
  E  0/200: loss=1.5759 tr_acc=41.16% te_acc=44.12% wn=32.50 CSI=0.0000 AIS=0.4301 BEM=0.2000
  E 10/200: loss=0.4750 tr_acc=83.49% te_acc=81.05% wn=33.27 CSI=0.5567 AIS=0.3989 BEM=0.5727
  E 20/200: loss=0.3367 tr_acc=88.38% te_acc=84.45% wn=33.43 CSI=0.2803 AIS=0.3963 BEM=0.5476
  E 30/200: loss=0.2621 tr_acc=90.90% te_acc=85.98% wn=33.51 CSI=0.4407 AIS=0.4362 BEM=0.5548
  E 40/200: loss=0.2152 tr_acc=92.49% te_acc=86.11% wn=33.56 CSI=0.6486 AIS=0.2400 BEM=0.5390
  E 50/200: loss=0.1828 tr_acc=93.62% te_acc=86.99% wn=33.54 CSI=0.9497 AIS=0.4136 BEM=0.5333
  E 60/200: loss=0.1583 tr_acc=94.37% te_acc=88.49% wn=33.47 CSI=0.4153 AIS=0.2975 BEM=0.5164
  E 70/200: loss=0.1332 tr_acc=95.22% te_acc=87.95% wn=33.34 CSI=0.2451 AIS=0.3301 BEM=0.5085
  E 80/200: loss=0.1155 tr_acc=95.89% te_acc=87.50% wn=33.14 CSI=0.1747 AIS=0.3358 BEM=0.5037
  E 90/200: loss=0.0971 tr_acc=96.61% te_acc=88.30% wn=32.85 CSI=0.1137 AIS=0.4066 BEM=0.5044
  E100/200: loss=0.0774 tr_acc=97.33% te_acc=89.12% wn=32.51 CSI=0.0724 AIS=0.4143 BEM=0.5069
  E110/200: loss=0.0656 tr_acc=97.80% te_acc=89.52% wn=32.11 CSI=0.0519 AIS=0.3351 BEM=0.5045
  E120/200: loss=0.0498 tr_acc=98.30% te_acc=89.34% wn=31.68 CSI=0.0278 AIS=0.3356 BEM=0.4983
  E130/200: loss=0.0355 tr_acc=98.91% te_acc=90.05% wn=31.25 CSI=0.0195 AIS=0.4047 BEM=0.4939
  E140/200: loss=0.0273 tr_acc=99.17% te_acc=90.02% wn=30.86 CSI=0.0364 AIS=0.3651 BEM=0.4929
  E150/200: loss=0.0206 tr_acc=99.46% te_acc=90.19% wn=30.54 CSI=0.0740 AIS=0.3303 BEM=0.4980
  E160/200: loss=0.0151 tr_acc=99.69% te_acc=90.63% wn=30.31 CSI=0.1070 AIS=0.3434 BEM=0.4988
  E170/200: loss=0.0139 tr_acc=99.69% te_acc=90.53% wn=30.16 CSI=0.1507 AIS=0.3989 BEM=0.5012
  E180/200: loss=0.0119 tr_acc=99.77% te_acc=90.68% wn=30.08 CSI=0.2196 AIS=0.3739 BEM=0.4983
  E190/200: loss=0.0110 tr_acc=99.78% te_acc=90.56% wn=30.05 CSI=0.4009 AIS=0.3295 BEM=0.5047
  E199/200: loss=0.0112 tr_acc=99.79% te_acc=90.63% wn=30.04 CSI=0.8218 AIS=0.3603 BEM=0.5015

Done! Best: 90.81%, Time: 6400.5s
Method=cwd_hard Seed=123
============================================================
Training resnet20 on cifar10 [SGD]
WD method: cwd_hard, base WD: 0.005
Epochs: 200, LR: 0.01, Batch: 128
Seed: 123, Device: cuda:4
Output: /home/ccwang/sibyl-research-system/workspaces/dynamic-wd/current/exp/results/full/matched_rho_sgd/cifar10/resnet20/cwd_hard/seed_123
============================================================
  E  0/200: loss=1.5342 tr_acc=43.01% te_acc=55.23% wn=32.53 CSI=0.0000 AIS=0.4136 BEM=0.4000
  E 10/200: loss=0.4896 tr_acc=83.19% te_acc=75.18% wn=33.20 CSI=0.5041 AIS=0.4382 BEM=0.4727
  E 20/200: loss=0.3523 tr_acc=87.84% te_acc=84.02% wn=33.34 CSI=0.4327 AIS=0.3619 BEM=0.5095
  E 30/200: loss=0.2763 tr_acc=90.27% te_acc=86.24% wn=33.42 CSI=0.5743 AIS=0.4337 BEM=0.5129
  E 40/200: loss=0.2343 tr_acc=91.73% te_acc=86.05% wn=33.47 CSI=0.6184 AIS=0.3535 BEM=0.5073
  E 50/200: loss=0.1964 tr_acc=93.04% te_acc=87.18% wn=33.45 CSI=1.1741 AIS=0.3405 BEM=0.4882
  E 60/200: loss=0.1671 tr_acc=94.09% te_acc=87.38% wn=33.40 CSI=0.7459 AIS=0.3501 BEM=0.4803
  E 70/200: loss=0.1424 tr_acc=94.99% te_acc=87.71% wn=33.28 CSI=0.3102 AIS=0.4387 BEM=0.4845
  E 80/200: loss=0.1204 tr_acc=95.73% te_acc=88.23% wn=33.10 CSI=0.1569 AIS=0.3775 BEM=0.4840
  E 90/200: loss=0.1007 tr_acc=96.47% te_acc=88.96% wn=32.83 CSI=0.0976 AIS=0.3582 BEM=0.4846
  E100/200: loss=0.0846 tr_acc=96.99% te_acc=88.72% wn=32.51 CSI=0.0756 AIS=0.3952 BEM=0.4881
  E110/200: loss=0.0684 tr_acc=97.64% te_acc=89.09% wn=32.14 CSI=0.0545 AIS=0.3106 BEM=0.4820
  E120/200: loss=0.0538 tr_acc=98.15% te_acc=89.49% wn=31.74 CSI=0.0331 AIS=0.3813 BEM=0.4868
  E130/200: loss=0.0436 tr_acc=98.59% te_acc=89.46% wn=31.33 CSI=0.0240 AIS=0.3368 BEM=0.4832
  E140/200: loss=0.0319 tr_acc=99.05% te_acc=89.77% wn=30.95 CSI=0.0404 AIS=0.2973 BEM=0.4887
  E150/200: loss=0.0244 tr_acc=99.32% te_acc=90.06% wn=30.64 CSI=0.0721 AIS=0.3839 BEM=0.4927
  E160/200: loss=0.0183 tr_acc=99.52% te_acc=90.20% wn=30.40 CSI=0.1041 AIS=0.2987 BEM=0.4925
  E170/200: loss=0.0152 tr_acc=99.64% te_acc=90.41% wn=30.26 CSI=0.1520 AIS=0.3426 BEM=0.4924
  E180/200: loss=0.0136 tr_acc=99.68% te_acc=90.38% wn=30.18 CSI=0.2168 AIS=0.2977 BEM=0.4956
  E190/200: loss=0.0127 tr_acc=99.72% te_acc=90.45% wn=30.15 CSI=0.3962 AIS=0.4157 BEM=0.4984
  E199/200: loss=0.0126 tr_acc=99.75% te_acc=90.43% wn=30.14 CSI=0.8232 AIS=0.3088 BEM=0.5030

Done! Best: 90.53%, Time: 6385.2s
Method=cwd_hard Seed=456
============================================================
Training resnet20 on cifar10 [SGD]
WD method: cwd_hard, base WD: 0.005
Epochs: 200, LR: 0.01, Batch: 128
Seed: 456, Device: cuda:4
Output: /home/ccwang/sibyl-research-system/workspaces/dynamic-wd/current/exp/results/full/matched_rho_sgd/cifar10/resnet20/cwd_hard/seed_456
============================================================
  E  0/200: loss=1.5288 tr_acc=42.60% te_acc=53.53% wn=32.47 CSI=0.0000 AIS=0.4298 BEM=0.1000
  E 10/200: loss=0.4718 tr_acc=83.61% te_acc=82.53% wn=33.13 CSI=0.6002 AIS=0.3949 BEM=0.5000
  E 20/200: loss=0.3384 tr_acc=88.11% te_acc=84.66% wn=33.25 CSI=0.4982 AIS=0.4167 BEM=0.4810
  E 30/200: loss=0.2737 tr_acc=90.45% te_acc=85.76% wn=33.28 CSI=0.8369 AIS=0.4558 BEM=0.4806
  E 40/200: loss=0.2204 tr_acc=92.28% te_acc=86.64% wn=33.29 CSI=1.1603 AIS=0.4539 BEM=0.4634
  E 50/200: loss=0.1931 tr_acc=93.21% te_acc=86.05% wn=33.27 CSI=0.9810 AIS=0.3318 BEM=0.4725
  E 60/200: loss=0.1646 tr_acc=94.25% te_acc=88.12% wn=33.20 CSI=0.4867 AIS=0.3712 BEM=0.4885
  E 70/200: loss=0.1394 tr_acc=95.11% te_acc=88.37% wn=33.09 CSI=0.3871 AIS=0.3106 BEM=0.4859
  E 80/200: loss=0.1207 tr_acc=95.77% te_acc=88.38% wn=32.91 CSI=0.1346 AIS=0.3100 BEM=0.4901
Traceback (most recent call last):
  File "/home/ccwang/sibyl-research-system/workspaces/dynamic-wd/iter_003/exp/code/train_sgd.py", line 189, in <module>
    main()
  File "/home/ccwang/sibyl-research-system/workspaces/dynamic-wd/iter_003/exp/code/train_sgd.py", line 185, in main
    run_training(config)
  File "/home/ccwang/sibyl-research-system/workspaces/dynamic-wd/iter_003/exp/code/train_sgd.py", line 129, in run_training
    with open(epoch_log_path, 'a') as f:
         ^^^^^^^^^^^^^^^^^^^^^^^^^
FileNotFoundError: [Errno 2] No such file or directory: '/home/ccwang/sibyl-research-system/workspaces/dynamic-wd/current/exp/results/full/matched_rho_sgd/cifar10/resnet20/cwd_hard/seed_456/epoch_metrics.jsonl'
Method=no_wd Seed=42
============================================================
Training resnet20 on cifar10 [SGD]
WD method: no_wd, base WD: 0.005
Epochs: 200, LR: 0.01, Batch: 128
Seed: 42, Device: cuda:4
Output: /home/ccwang/sibyl-research-system/workspaces/dynamic-wd/current/exp/results/full/matched_rho_sgd/cifar10/resnet20/no_wd/seed_42
============================================================
  E  0/200: loss=1.5343 tr_acc=42.86% te_acc=53.42% wn=32.83 CSI=0.0000 AIS=0.3881 BEM=1.0000
  E 10/200: loss=0.4750 tr_acc=83.51% te_acc=81.36% wn=36.30 CSI=0.1379 AIS=0.3832 BEM=1.0000
  E 20/200: loss=0.3367 tr_acc=88.37% te_acc=84.18% wn=38.87 CSI=0.0555 AIS=0.3201 BEM=1.0000
  E 30/200: loss=0.2566 tr_acc=90.97% te_acc=85.86% wn=41.05 CSI=0.0407 AIS=0.3230 BEM=1.0000
  E 40/200: loss=0.2079 tr_acc=92.69% te_acc=85.92% wn=42.96 CSI=0.0446 AIS=0.3566 BEM=1.0000
  E 50/200: loss=0.1679 tr_acc=94.13% te_acc=86.66% wn=44.61 CSI=0.0498 AIS=0.3276 BEM=1.0000
  E 60/200: loss=0.1421 tr_acc=94.94% te_acc=87.53% wn=46.00 CSI=0.0475 AIS=0.3742 BEM=1.0000
  E 70/200: loss=0.1089 tr_acc=96.14% te_acc=87.75% wn=47.15 CSI=0.0619 AIS=0.4192 BEM=1.0000
  E 80/200: loss=0.0916 tr_acc=96.71% te_acc=88.56% wn=48.07 CSI=0.0733 AIS=0.2860 BEM=1.0000
  E 90/200: loss=0.0704 tr_acc=97.52% te_acc=88.73% wn=48.78 CSI=0.0839 AIS=0.3813 BEM=1.0000
  E100/200: loss=0.0578 tr_acc=97.93% te_acc=88.47% wn=49.31 CSI=0.0981 AIS=0.2902 BEM=1.0000
  E110/200: loss=0.0467 tr_acc=98.36% te_acc=89.26% wn=49.68 CSI=0.1051 AIS=0.4102 BEM=1.0000
  E120/200: loss=0.0372 tr_acc=98.74% te_acc=89.37% wn=49.94 CSI=0.1261 AIS=0.3157 BEM=1.0000
  E130/200: loss=0.0287 tr_acc=99.05% te_acc=89.25% wn=50.10 CSI=0.1291 AIS=0.3918 BEM=1.0000
  E140/200: loss=0.0216 tr_acc=99.35% te_acc=89.07% wn=50.20 CSI=0.1491 AIS=0.3535 BEM=1.0000
  E150/200: loss=0.0201 tr_acc=99.38% te_acc=89.34% wn=50.27 CSI=0.1492 AIS=0.2941 BEM=1.0000
  E160/200: loss=0.0165 tr_acc=99.51% te_acc=89.36% wn=50.30 CSI=0.1816 AIS=0.3145 BEM=1.0000
  E170/200: loss=0.0146 tr_acc=99.59% te_acc=89.45% wn=50.32 CSI=0.1960 AIS=0.3836 BEM=1.0000
  E180/200: loss=0.0135 tr_acc=99.61% te_acc=89.53% wn=50.33 CSI=0.2492 AIS=0.3720 BEM=1.0000
  E190/200: loss=0.0132 tr_acc=99.65% te_acc=89.53% wn=50.33 CSI=0.3802 AIS=0.3969 BEM=1.0000
  E199/200: loss=0.0143 tr_acc=99.58% te_acc=89.59% wn=50.33 CSI=0.9324 AIS=0.3440 BEM=1.0000
  E199/200: loss=0.0143 tr_acc=99.58% te_acc=89.59% wn=50============================================================
Training reMethod=no_wd Seed=123
============================================================
Training resnet20 on cifar10 [SGD]
WD method: no_wd, base WD: 0.005
Epochs: 200, LR: 0.01, Batch: 128
Seed: 123, Device: cuda:4
Output: /home/ccwang/sibyl-research-system/workspaces/dynamic-wd/current/exp/results/full/matched_rho_sgd  E  0/200: loss=1.5448 tr_acc=42.87% te_acc=55.24% wn=32.84 CSI=0.0000 AIS=0.3802 BEM=1.0000
  E 10/200: loss=0.4727 tr_acc=83.60% te_acc=78.86% wn=36.29 CSI=0.1558 AIS=0.3301 BEM=1.0000
  E 20/200: loss=0.3363 tr_acc=88.18% te_acc=84.01% wn=38.82 CSI=0.0493 AIS=0.4224 BEM=1.0000
  E 30/200: loss=0.2633 tr_acc=90.71% te_acc=85.80% wn=41.00 CSI=0.0405 AIS=0.4207 BEM=1.0000
  E 40/200: loss=0.2127 tr_acc=92.42% te_acc=87.55% wn=42.89 CSI=0.0449 AIS=0.3411 BEM=1.0000
  E 50/200: loss=0.1719 tr_acc=93.93% te_acc=87.27% wn=44.52 CSI=0.0486 AIS=0.3694 BEM=1.0000
  E 60/200: loss=0.1455 tr_acc=94.73% te_acc=87.70% wn=45.91 CSI=0.0487 AIS=0.3635 BEM=1.0000
  E 70/200: loss=0.1126 tr_acc=95.87% te_acc=87.78% wn=47.07 CSI=0.0554 AIS=0.4318 BEM=1.0000
  E 80/200: loss=0.0993 tr_acc=96.49% te_acc=88.45% wn=48.00 CSI=0.0611 AIS=0.3870 BEM=1.0000
  E 90/200: loss=0.0800 tr_acc=97.16% te_acc=88.45% wn=48.72 CSI=0.0815 AIS=0.3569 BEM=1.0000
  E100/200: loss=0.0620 tr_acc=97.76% te_acc=88.23% wn=49.27 CSI=0.0875 AIS=0.4062 BEM=1.0000
  E110/200: loss=0.0507 tr_acc=98.20% te_acc=88.68% wn=49.66 CSI=0.1069 AIS=0.3432 BEM=1.0000
  E120/200: loss=0.0413 tr_acc=98.59% te_acc=88.79% wn=49.92 CSI=0.1151 AIS=0.3312 BEM=1.0000
  E130/200: loss=0.0302 tr_acc=99.01% te_acc=89.25% wn=50.09 CSI=0.1337 AIS=0.4254 BEM=1.0000
  E140/200: loss=0.0266 tr_acc=99.14% te_acc=89.50% wn=50.20 CSI=0.1392 AIS=0.3585 BEM=1.0000
  E150/200: loss=0.0211 tr_acc=99.35% te_acc=89.37% wn=50.26 CSI=0.1481 AIS=0.3301 BEM=1.0000
  E160/200: loss=0.0191 tr_acc=99.47% te_acc=89.47% wn=50.30 CSI=0.1764 AIS=0.4296 BEM=1.0000
  E170/200: loss=0.0164 tr_acc=99.53% te_acc=89.63% wn=50.32 CSI=0.1924 AIS=0.3924 BEM=1.0000
  E180/200: loss=0.0160 tr_acc=99.51% te_acc=89.60% wn=50.33 CSI=0.2562 AIS=0.3600 BEM=1.0000
  E190/200: loss=0.0152 tr_acc=99.60% te_acc=89.61% wn=50.33 CSI=0.3839 AIS=0.4223 BEM=1.0000
  E199/200: loss=0.0159 tr_acc=99.55% te_acc=89.57% wn=50.33 CSI=0.9167 AIS=0.3600 BEM=1.0000

Done! Best: 89.77%, Time: 4189.5s
Method=no_wd Seed=456
============================================================
Training resnet20 on cifar10 [SGD]
WD method: no_wd, base WD: 0.005
Epochs: 200, LR: 0.01, Batch: 128
Seed: 456, Device: cuda:4
Output: /home/ccwang/sibyl-research-system/workspaces/dynamic-wd/current/exp/results/full/matched_rho_sgd/cifar10/resnet20/no_wd/seed_456
============================================================
  E  0/200: loss=1.5446 tr_acc=42.01% te_acc=54.61% wn=32.76 CSI=0.0000 AIS=0.4516 BEM=1.0000
  E 10/200: loss=0.4830 tr_acc=83.12% te_acc=82.08% wn=36.21 CSI=0.1633 AIS=0.3518 BEM=1.0000
  E 20/200: loss=0.3425 tr_acc=87.98% te_acc=84.02% wn=38.76 CSI=0.0571 AIS=0.3581 BEM=1.0000
  E 30/200: loss=0.2631 tr_acc=90.75% te_acc=86.94% wn=40.93 CSI=0.0440 AIS=0.4389 BEM=1.0000
  E 40/200: loss=0.2106 tr_acc=92.59% te_acc=86.85% wn=42.83 CSI=0.0425 AIS=0.3351 BEM=1.0000
  E 50/200: loss=0.1751 tr_acc=93.84% te_acc=87.62% wn=44.47 CSI=0.0534 AIS=0.3606 BEM=1.0000
  E 60/200: loss=0.1466 tr_acc=94.74% te_acc=88.29% wn=45.86 CSI=0.0484 AIS=0.2736 BEM=1.0000
  E 70/200: loss=0.1210 tr_acc=95.62% te_acc=88.06% wn=47.03 CSI=0.0568 AIS=0.3199 BEM=1.0000
  E 80/200: loss=0.0998 tr_acc=96.38% te_acc=88.45% wn=47.97 CSI=0.0684 AIS=0.4219 BEM=1.0000
  E 90/200: loss=0.0784 tr_acc=97.21% te_acc=88.53% wn=48.71 CSI=0.0753 AIS=0.3646 BEM=1.0000
  E100/200: loss=0.0663 tr_acc=97.65% te_acc=88.57% wn=49.27 CSI=0.0852 AIS=0.4895 BEM=1.0000
  E110/200: loss=0.0508 tr_acc=98.22% te_acc=88.74% wn=49.66 CSI=0.1152 AIS=0.3915 BEM=1.0000
  E120/200: loss=0.0417 tr_acc=98.50% te_acc=89.01% wn=49.93 CSI=0.1155 AIS=0.4102 BEM=1.0000
  E130/200: loss=0.0315 tr_acc=98.96% te_acc=89.37% wn=50.11 CSI=0.1338 AIS=0.4120 BEM=1.0000
  E140/200: loss=0.0268 tr_acc=99.10% te_acc=89.49% wn=50.22 CSI=0.1492 AIS=0.4127 BEM=1.0000
  E150/200: loss=0.0225 tr_acc=99.28% te_acc=89.37% wn=50.28 CSI=0.1479 AIS=0.3807 BEM=1.0000
  E160/200: loss=0.0183 tr_acc=99.43% te_acc=89.38% wn=50.32 CSI=0.1721 AIS=0.4041 BEM=1.0000
  E170/200: loss=0.0177 tr_acc=99.45% te_acc=89.43% wn=50.34 CSI=0.1974 AIS=0.4140 BEM=1.0000
  E180/200: loss=0.0158 tr_acc=99.53% te_acc=89.49% wn=50.35 CSI=0.2528 AIS=0.3906 BEM=1.0000
  E190/200: loss=0.0155 tr_acc=99.57% te_acc=89.49% wn=50.35 CSI=0.3923 AIS=0.4303 BEM=1.0000
  E199/200: loss=0.0145 tr_acc=99.62% te_acc=89.57% wn=50.35 CSI=0.8972 AIS=0.2958 BEM=1.0000
  E199/200: loss=0.0145 tr_acc=99.62% te_acc=89.57% wn=50.35 CSI=0.8972 AIS=0.2958 BEM=1.0000

Done! Best: 89.64%, Time: 4133.8s
All Matched-Rho SGD runs done.
