=== Matched-Rho SGD Pilot: GPU=1 ===
Running constant, seed=42, 5 epochs (pilot validation)
============================================================
Training resnet20 on cifar10 [SGD]
WD method: constant, base WD: 0.005
Epochs: 5, LR: 0.01, Batch: 128
Seed: 42, Device: cuda:1
Output: /home/ccwang/sibyl-research-system/workspaces/dynamic-wd/current/exp/results/full/matched_rho_sgd/cifar10/resnet20/constant/seed_42
============================================================
  E  0/5: loss=1.5581 tr_acc=41.52% te_acc=51.40% wn=32.20 CSI=0.0000 AIS=0.4107 BEM=0.0000
  E  4/5: loss=0.6664 tr_acc=76.53% te_acc=76.12% wn=31.73 CSI=0.4345 AIS=0.3906 BEM=0.0000

Done! Best: 76.12%, Time: 17.1s
Pilot complete. Verifying rho...
Epoch 0 metrics: {
  "epoch": 0,
  "train_loss": 1.558097,
  "train_acc": 41.5204,
  "test_acc": 51.4,
  "test_loss": 1.406923,
  "gen_gap": -9.8796,
  "weight_norm": 32.1963,
  "csi": 0.0,
  "ais": 0.410659,
  "bem": 0.0,
  "lr": 0.00904508,
  "epoch_time_sec": 3.76
}
Weight norm at epoch 0: 32.1963
Pilot PASS: training stable
Writing DONE marker.
Matched-Rho SGD pilot DONE.
