=== ResNet-20-NoBN CIFAR-10 Full: GPU=7 ===
Method=constant Seed=42
============================================================
Training resnet20_nobn on cifar10
WD method: constant, base WD: 0.0005
Epochs: 200, LR: 0.0005, Batch: 128
Seed: 42, Device: cuda:7
Output: /home/ccwang/sibyl-research-system/workspaces/dynamic-wd/current/exp/results/full/nobn/cifar10/resnet20_nobn/constant/seed_42
============================================================
  E  0/200: loss=1.8692 tr_acc=29.01% te_acc=37.92% wn=17.98 CSI=0.0000 AIS=0.3299 BEM=0.0000
  E 10/200: loss=0.7939 tr_acc=71.83% te_acc=72.72% wn=26.74 CSI=0.3501 AIS=0.4754 BEM=0.0000
  E 20/200: loss=0.5331 tr_acc=81.42% te_acc=79.74% wn=31.80 CSI=0.1072 AIS=0.5045 BEM=0.0000
  E 30/200: loss=0.4093 tr_acc=85.85% te_acc=83.11% wn=35.81 CSI=0.0536 AIS=0.4837 BEM=0.0000
  E 40/200: loss=0.3268 tr_acc=88.48% te_acc=84.32% wn=39.15 CSI=0.0621 AIS=0.5060 BEM=0.0000
  E 50/200: loss=0.2698 tr_acc=90.30% te_acc=85.72% wn=41.85 CSI=0.0830 AIS=0.4429 BEM=0.0000
  E 60/200: loss=0.2272 tr_acc=91.85% te_acc=86.43% wn=44.13 CSI=0.0722 AIS=0.5152 BEM=0.0000
  E 70/200: loss=0.1875 tr_acc=93.36% te_acc=86.62% wn=45.94 CSI=0.0738 AIS=0.3927 BEM=0.0000
  E 80/200: loss=0.1544 tr_acc=94.43% te_acc=86.60% wn=47.40 CSI=0.0744 AIS=0.4631 BEM=0.0000
  E 90/200: loss=0.1327 tr_acc=95.16% te_acc=86.01% wn=48.49 CSI=0.1197 AIS=0.5559 BEM=0.0000
  E100/200: loss=0.1088 tr_acc=96.13% te_acc=86.52% wn=49.32 CSI=0.1192 AIS=0.5581 BEM=0.0000
  E110/200: loss=0.0855 tr_acc=96.95% te_acc=86.74% wn=49.95 CSI=0.1254 AIS=0.4557 BEM=0.0000
  E120/200: loss=0.0737 tr_acc=97.43% te_acc=87.01% wn=50.36 CSI=0.1672 AIS=0.4999 BEM=0.0000
  E130/200: loss=0.0567 tr_acc=97.96% te_acc=87.50% wn=50.65 CSI=0.1564 AIS=0.4696 BEM=0.0000
  E140/200: loss=0.0452 tr_acc=98.38% te_acc=87.43% wn=50.83 CSI=0.2017 AIS=0.3821 BEM=0.0000
  E150/200: loss=0.0344 tr_acc=98.82% te_acc=87.95% wn=50.93 CSI=0.2331 AIS=0.5371 BEM=0.0000
  E160/200: loss=0.0275 tr_acc=99.04% te_acc=87.54% wn=50.99 CSI=0.2348 AIS=0.4153 BEM=0.0000
  E170/200: loss=0.0227 tr_acc=99.22% te_acc=87.89% wn=51.03 CSI=0.2678 AIS=0.5849 BEM=0.0000
  E180/200: loss=0.0190 tr_acc=99.36% te_acc=87.75% wn=51.05 CSI=0.3518 AIS=0.4267 BEM=0.0000
  E190/200: loss=0.0169 tr_acc=99.43% te_acc=87.71% wn=51.05 CSI=0.4091 AIS=0.3091 BEM=0.0000
  E199/200: loss=0.0157 tr_acc=99.49% te_acc=87.74% wn=51.06 CSI=0.7960 AIS=0.5919 BEM=0.0000

Done! Best: 87.97%, Time: 2594.8s
Method=constant Seed=123
============================================================
Training resnet20_nobn on cifar10
WD method: constant, base WD: 0.0005
Epochs: 200, LR: 0.0005, Batch: 128
Seed: 123, Device: cuda:7
Output: /home/ccwang/sibyl-research-system/workspaces/dynamic-wd/current/exp/results/full/nobn/cifar10/resnet20_nobn/constant/seed_123
============================================================
  E  0/200: loss=1.8882 tr_acc=28.03% te_acc=38.96% wn=18.12 CSI=0.0000 AIS=0.5334 BEM=0.0000
  E 10/200: loss=0.7986 tr_acc=71.43% te_acc=71.45% wn=26.59 CSI=0.3898 AIS=0.3643 BEM=0.0000
  E 20/200: loss=0.5462 tr_acc=80.75% te_acc=78.49% wn=31.30 CSI=0.0775 AIS=0.3978 BEM=0.0000
  E 30/200: loss=0.4188 tr_acc=85.27% te_acc=83.09% wn=35.16 CSI=0.0661 AIS=0.4393 BEM=0.0000
  E 40/200: loss=0.3424 tr_acc=88.04% te_acc=84.39% wn=38.34 CSI=0.0664 AIS=0.3187 BEM=0.0000
  E 50/200: loss=0.2804 tr_acc=89.98% te_acc=85.30% wn=40.97 CSI=0.0690 AIS=0.4148 BEM=0.0000
  E 60/200: loss=0.2370 tr_acc=91.55% te_acc=85.13% wn=43.15 CSI=0.0597 AIS=0.5300 BEM=0.0000
  E 70/200: loss=0.1992 tr_acc=92.85% te_acc=85.73% wn=44.91 CSI=0.0660 AIS=0.2829 BEM=0.0000
  E 80/200: loss=0.1699 tr_acc=93.86% te_acc=86.24% wn=46.35 CSI=0.0986 AIS=0.3954 BEM=0.0000
  E 90/200: loss=0.1379 tr_acc=94.98% te_acc=86.19% wn=47.46 CSI=0.0660 AIS=0.5669 BEM=0.0000
  E100/200: loss=0.1200 tr_acc=95.69% te_acc=86.40% wn=48.29 CSI=0.0790 AIS=0.4905 BEM=0.0000
  E110/200: loss=0.1010 tr_acc=96.32% te_acc=86.84% wn=48.90 CSI=0.0867 AIS=0.3899 BEM=0.0000
  E120/200: loss=0.0818 tr_acc=96.96% te_acc=86.64% wn=49.33 CSI=0.1421 AIS=0.4853 BEM=0.0000
  E130/200: loss=0.0666 tr_acc=97.64% te_acc=86.61% wn=49.63 CSI=0.1534 AIS=0.5093 BEM=0.0000
  E140/200: loss=0.0514 tr_acc=98.14% te_acc=87.29% wn=49.81 CSI=0.1513 AIS=0.5050 BEM=0.0000
  E150/200: loss=0.0416 tr_acc=98.51% te_acc=87.09% wn=49.93 CSI=0.1809 AIS=0.5359 BEM=0.0000
  E160/200: loss=0.0340 tr_acc=98.81% te_acc=87.32% wn=50.00 CSI=0.1779 AIS=0.5297 BEM=0.0000
  E170/200: loss=0.0281 tr_acc=99.03% te_acc=87.32% wn=50.04 CSI=0.2379 AIS=0.3402 BEM=0.0000
  E180/200: loss=0.0252 tr_acc=99.10% te_acc=87.44% wn=50.06 CSI=0.2908 AIS=0.4174 BEM=0.0000
  E190/200: loss=0.0224 tr_acc=99.23% te_acc=87.44% wn=50.07 CSI=0.4188 AIS=0.4335 BEM=0.0000
  E199/200: loss=0.0202 tr_acc=99.31% te_acc=87.45% wn=50.07 CSI=0.8680 AIS=0.5078 BEM=0.0000

Done! Best: 87.66%, Time: 2687.9s
Method=constant Seed=456
============================================================
Training resnet20_nobn on cifar10
WD method: constant, base WD: 0.0005
Epochs: 200, LR: 0.0005, Batch: 128
Seed: 456, Device: cuda:7
Output: /home/ccwang/sibyl-research-system/workspaces/dynamic-wd/current/exp/results/full/nobn/cifar10/resnet20_nobn/constant/seed_456
============================================================
  E  0/200: loss=1.8598 tr_acc=28.76% te_acc=39.63% wn=17.84 CSI=0.0000 AIS=0.4506 BEM=0.0000
  E 10/200: loss=0.8358 tr_acc=70.28% te_acc=69.70% wn=27.31 CSI=0.2877 AIS=0.4528 BEM=0.0000
  E 20/200: loss=0.5677 tr_acc=80.21% te_acc=79.01% wn=32.14 CSI=0.1155 AIS=0.5150 BEM=0.0000
  E 30/200: loss=0.4460 tr_acc=84.38% te_acc=82.40% wn=35.94 CSI=0.0577 AIS=0.4696 BEM=0.0000
  E 40/200: loss=0.3611 tr_acc=87.32% te_acc=84.03% wn=39.09 CSI=0.0521 AIS=0.4738 BEM=0.0000
  E 50/200: loss=0.3017 tr_acc=89.25% te_acc=85.55% wn=41.75 CSI=0.0612 AIS=0.5741 BEM=0.0000
  E 60/200: loss=0.2542 tr_acc=90.99% te_acc=85.87% wn=43.96 CSI=0.0519 AIS=0.3789 BEM=0.0000
  E 70/200: loss=0.2155 tr_acc=92.36% te_acc=86.17% wn=45.73 CSI=0.0736 AIS=0.3532 BEM=0.0000
  E 80/200: loss=0.1890 tr_acc=93.25% te_acc=85.38% wn=47.16 CSI=0.0671 AIS=0.3935 BEM=0.0000
  E 90/200: loss=0.1568 tr_acc=94.34% te_acc=85.88% wn=48.26 CSI=0.0679 AIS=0.4947 BEM=0.0000
  E100/200: loss=0.1314 tr_acc=95.19% te_acc=87.07% wn=49.11 CSI=0.0937 AIS=0.5212 BEM=0.0000
  E110/200: loss=0.1085 tr_acc=96.13% te_acc=86.66% wn=49.74 CSI=0.0803 AIS=0.4335 BEM=0.0000
  E120/200: loss=0.0966 tr_acc=96.52% te_acc=87.24% wn=50.18 CSI=0.1355 AIS=0.4908 BEM=0.0000
  E130/200: loss=0.0790 tr_acc=97.07% te_acc=87.31% wn=50.49 CSI=0.1632 AIS=0.3960 BEM=0.0000
  E140/200: loss=0.0614 tr_acc=97.78% te_acc=86.94% wn=50.69 CSI=0.1120 AIS=0.4698 BEM=0.0000
  E150/200: loss=0.0489 tr_acc=98.26% te_acc=87.02% wn=50.82 CSI=0.2196 AIS=0.3033 BEM=0.0000
  E160/200: loss=0.0418 tr_acc=98.53% te_acc=87.29% wn=50.89 CSI=0.1324 AIS=0.4503 BEM=0.0000
  E170/200: loss=0.0356 tr_acc=98.79% te_acc=87.46% wn=50.93 CSI=0.1356 AIS=0.3993 BEM=0.0000
  E180/200: loss=0.0296 tr_acc=98.95% te_acc=87.17% wn=50.95 CSI=0.2348 AIS=0.4348 BEM=0.0000
  E190/200: loss=0.0275 tr_acc=99.05% te_acc=87.34% wn=50.96 CSI=0.3940 AIS=0.4947 BEM=0.0000
  E199/200: loss=0.0284 tr_acc=99.01% te_acc=87.28% wn=50.96 CSI=0.8013 AIS=0.3704 BEM=0.0000

Done! Best: 87.58%, Time: 2691.5s
Method=cwd_hard Seed=42
============================================================
Training resnet20_nobn on cifar10
WD method: cwd_hard, base WD: 0.0005
Epochs: 200, LR: 0.0005, Batch: 128
Seed: 42, Device: cuda:7
Output: /home/ccwang/sibyl-research-system/workspaces/dynamic-wd/current/exp/results/full/nobn/cifar10/resnet20_nobn/cwd_hard/seed_42
============================================================
  E  0/200: loss=1.8691 tr_acc=28.94% te_acc=38.00% wn=18.00 CSI=0.0000 AIS=0.2992 BEM=-0.7000
  E 10/200: loss=0.8102 tr_acc=71.04% te_acc=71.67% wn=26.63 CSI=0.3519 AIS=0.3299 BEM=-0.6182
  E 20/200: loss=0.5423 tr_acc=81.02% te_acc=79.48% wn=31.62 CSI=0.0981 AIS=0.4899 BEM=-0.5476
  E 30/200: loss=0.4219 tr_acc=85.24% te_acc=82.02% wn=35.56 CSI=0.0621 AIS=0.4941 BEM=-0.5097
  E 40/200: loss=0.3395 tr_acc=87.99% te_acc=84.32% wn=38.85 CSI=0.0783 AIS=0.4745 BEM=-0.5098
  E 50/200: loss=0.2830 tr_acc=90.06% te_acc=84.63% wn=41.56 CSI=0.0715 AIS=0.5371 BEM=-0.5078
  E 60/200: loss=0.2400 tr_acc=91.41% te_acc=85.93% wn=43.82 CSI=0.0710 AIS=0.4479 BEM=-0.5000
  E 70/200: loss=0.1963 tr_acc=93.06% te_acc=85.40% wn=45.64 CSI=0.0787 AIS=0.5308 BEM=-0.5000
  E 80/200: loss=0.1636 tr_acc=94.20% te_acc=86.91% wn=47.06 CSI=0.0842 AIS=0.4146 BEM=-0.5062
  E 90/200: loss=0.1356 tr_acc=95.04% te_acc=85.56% wn=48.15 CSI=0.0682 AIS=0.5509 BEM=-0.5088
  E100/200: loss=0.1152 tr_acc=95.80% te_acc=86.69% wn=49.02 CSI=0.0931 AIS=0.4182 BEM=-0.5099
  E110/200: loss=0.0914 tr_acc=96.70% te_acc=86.40% wn=49.64 CSI=0.1221 AIS=0.4309 BEM=-0.5081
  E120/200: loss=0.0753 tr_acc=97.31% te_acc=86.73% wn=50.08 CSI=0.0937 AIS=0.5847 BEM=-0.5074
  E130/200: loss=0.0608 tr_acc=97.87% te_acc=86.82% wn=50.39 CSI=0.1114 AIS=0.3823 BEM=-0.5084
  E140/200: loss=0.0522 tr_acc=98.12% te_acc=87.37% wn=50.58 CSI=0.1639 AIS=0.3674 BEM=-0.5113
  E150/200: loss=0.0395 tr_acc=98.55% te_acc=87.23% wn=50.70 CSI=0.1869 AIS=0.4950 BEM=-0.5093
  E160/200: loss=0.0302 tr_acc=98.97% te_acc=87.71% wn=50.76 CSI=0.1889 AIS=0.4312 BEM=-0.5112
  E170/200: loss=0.0256 tr_acc=99.13% te_acc=87.58% wn=50.80 CSI=0.2971 AIS=0.4696 BEM=-0.5082
  E180/200: loss=0.0207 tr_acc=99.35% te_acc=87.53% wn=50.82 CSI=0.3453 AIS=0.4823 BEM=-0.5050
  E190/200: loss=0.0204 tr_acc=99.31% te_acc=87.58% wn=50.82 CSI=0.4445 AIS=0.4823 BEM=-0.5047
  E199/200: loss=0.0182 tr_acc=99.40% te_acc=87.64% wn=50.82 CSI=0.9882 AIS=0.3078 BEM=-0.5025

Done! Best: 87.76%, Time: 4109.6s
Method=cwd_hard Seed=123
============================================================
Training resnet20_nobn on cifar10
WD method: cwd_hard, base WD: 0.0005
Epochs: 200, LR: 0.0005, Batch: 128
Seed: 123, Device: cuda:7
Output: /home/ccwang/sibyl-research-system/workspaces/dynamic-wd/current/exp/results/full/nobn/cifar10/resnet20_nobn/cwd_hard/seed_123
============================================================
  E  0/200: loss=1.8866 tr_acc=28.17% te_acc=38.14% wn=18.16 CSI=0.0000 AIS=0.4984 BEM=-0.9000
  E 10/200: loss=0.7817 tr_acc=72.03% te_acc=71.99% wn=26.59 CSI=0.4021 AIS=0.4290 BEM=-0.5000
  E 20/200: loss=0.5358 tr_acc=81.22% te_acc=80.28% wn=31.31 CSI=0.0669 AIS=0.4470 BEM=-0.4905
  E 30/200: loss=0.4193 tr_acc=85.33% te_acc=82.25% wn=35.17 CSI=0.0550 AIS=0.5050 BEM=-0.4871
  E 40/200: loss=0.3372 tr_acc=88.14% te_acc=84.42% wn=38.45 CSI=0.0563 AIS=0.4035 BEM=-0.4756
  E 50/200: loss=0.2834 tr_acc=89.91% te_acc=84.77% wn=41.14 CSI=0.0741 AIS=0.3280 BEM=-0.4961
  E 60/200: loss=0.2375 tr_acc=91.55% te_acc=85.28% wn=43.35 CSI=0.0738 AIS=0.5786 BEM=-0.4803
  E 70/200: loss=0.1980 tr_acc=92.96% te_acc=85.40% wn=45.12 CSI=0.0846 AIS=0.3949 BEM=-0.4831
  E 80/200: loss=0.1713 tr_acc=93.76% te_acc=85.01% wn=46.56 CSI=0.0846 AIS=0.5539 BEM=-0.4901
  E 90/200: loss=0.1403 tr_acc=94.90% te_acc=86.25% wn=47.69 CSI=0.0908 AIS=0.4121 BEM=-0.4989
  E100/200: loss=0.1161 tr_acc=95.83% te_acc=86.35% wn=48.51 CSI=0.1125 AIS=0.6037 BEM=-0.5050
  E110/200: loss=0.0999 tr_acc=96.40% te_acc=86.65% wn=49.14 CSI=0.1005 AIS=0.4146 BEM=-0.5045
  E120/200: loss=0.0802 tr_acc=97.13% te_acc=86.46% wn=49.59 CSI=0.1157 AIS=0.4335 BEM=-0.5008
  E130/200: loss=0.0675 tr_acc=97.53% te_acc=86.65% wn=49.90 CSI=0.1372 AIS=0.4782 BEM=-0.5031
  E140/200: loss=0.0534 tr_acc=98.09% te_acc=87.05% wn=50.09 CSI=0.1361 AIS=0.4479 BEM=-0.5021
  E150/200: loss=0.0433 tr_acc=98.42% te_acc=87.06% wn=50.22 CSI=0.1841 AIS=0.4557 BEM=-0.5066
  E160/200: loss=0.0348 tr_acc=98.80% te_acc=87.21% wn=50.29 CSI=0.1365 AIS=0.4420 BEM=-0.5025
  E170/200: loss=0.0283 tr_acc=99.02% te_acc=87.31% wn=50.32 CSI=0.1538 AIS=0.5067 BEM=-0.5006
  E180/200: loss=0.0257 tr_acc=99.08% te_acc=87.30% wn=50.34 CSI=0.2377 AIS=0.4920 BEM=-0.5072
  E190/200: loss=0.0231 tr_acc=99.18% te_acc=87.20% wn=50.35 CSI=0.5429 AIS=0.3821 BEM=-0.5084
  E199/200: loss=0.0222 tr_acc=99.26% te_acc=87.26% wn=50.35 CSI=0.7966 AIS=0.5342 BEM=-0.5080

Done! Best: 87.52%, Time: 3833.7s
Method=cwd_hard Seed=456
============================================================
Training resnet20_nobn on cifar10
WD method: cwd_hard, base WD: 0.0005
Epochs: 200, LR: 0.0005, Batch: 128
Seed: 456, Device: cuda:7
Output: /home/ccwang/sibyl-research-system/workspaces/dynamic-wd/current/exp/results/full/nobn/cifar10/resnet20_nobn/cwd_hard/seed_456
============================================================
  E  0/200: loss=1.8613 tr_acc=28.57% te_acc=39.12% wn=17.83 CSI=0.0000 AIS=0.4102 BEM=-0.4000
  E 10/200: loss=0.8490 tr_acc=69.80% te_acc=70.33% wn=26.92 CSI=0.3311 AIS=0.4698 BEM=-0.4909
  E 20/200: loss=0.5816 tr_acc=79.64% te_acc=78.86% wn=31.79 CSI=0.0984 AIS=0.3880 BEM=-0.5286
  E 30/200: loss=0.4494 tr_acc=84.24% te_acc=82.48% wn=35.63 CSI=0.0653 AIS=0.5489 BEM=-0.5065
  E 40/200: loss=0.3648 tr_acc=87.17% te_acc=83.75% wn=38.89 CSI=0.0504 AIS=0.4683 BEM=-0.5122
  E 50/200: loss=0.3045 tr_acc=89.32% te_acc=84.88% wn=41.57 CSI=0.0700 AIS=0.5952 BEM=-0.5118
  E 60/200: loss=0.2595 tr_acc=90.84% te_acc=85.68% wn=43.80 CSI=0.0699 AIS=0.4671 BEM=-0.5328
  E 70/200: loss=0.2136 tr_acc=92.41% te_acc=85.42% wn=45.63 CSI=0.0647 AIS=0.3927 BEM=-0.5239
  E 80/200: loss=0.1895 tr_acc=93.27% te_acc=86.43% wn=47.07 CSI=0.0920 AIS=0.5204 BEM=-0.5235
  E 90/200: loss=0.1574 tr_acc=94.32% te_acc=86.26% wn=48.23 CSI=0.0718 AIS=0.3154 BEM=-0.5176
  E100/200: loss=0.1298 tr_acc=95.31% te_acc=86.73% wn=49.09 CSI=0.0646 AIS=0.4623 BEM=-0.5198
  E110/200: loss=0.1092 tr_acc=96.08% te_acc=86.59% wn=49.74 CSI=0.0864 AIS=0.4804 BEM=-0.5135
  E120/200: loss=0.0921 tr_acc=96.67% te_acc=87.09% wn=50.21 CSI=0.1270 AIS=0.4972 BEM=-0.5124
  E130/200: loss=0.0752 tr_acc=97.28% te_acc=87.19% wn=50.53 CSI=0.1115 AIS=0.5610 BEM=-0.5137
  E140/200: loss=0.0625 tr_acc=97.74% te_acc=87.29% wn=50.73 CSI=0.1402 AIS=0.4120 BEM=-0.5170
  E150/200: loss=0.0479 tr_acc=98.34% te_acc=87.31% wn=50.86 CSI=0.1717 AIS=0.4570 BEM=-0.5205
  E160/200: loss=0.0431 tr_acc=98.45% te_acc=87.38% wn=50.94 CSI=0.1880 AIS=0.5011 BEM=-0.5174
  E170/200: loss=0.0348 tr_acc=98.77% te_acc=87.48% wn=50.98 CSI=0.2139 AIS=0.3743 BEM=-0.5140
  E180/200: loss=0.0304 tr_acc=98.91% te_acc=87.42% wn=51.00 CSI=0.3629 AIS=0.4536 BEM=-0.5099
  E190/200: loss=0.0276 tr_acc=98.98% te_acc=87.53% wn=51.01 CSI=0.4793 AIS=0.3437 BEM=-0.5073
  E199/200: loss=0.0270 tr_acc=99.04% te_acc=87.49% wn=51.01 CSI=0.8785 AIS=0.3704 BEM=-0.5020

Done! Best: 87.58%, Time: 3799.9s
Method=no_wd Seed=42
============================================================
Training resnet20_nobn on cifar10
WD method: no_wd, base WD: 0.0005
Epochs: 200, LR: 0.0005, Batch: 128
Seed: 42, Device: cuda:7
Output: /home/ccwang/sibyl-research-system/workspaces/dynamic-wd/current/exp/results/full/nobn/cifar10/resnet20_nobn/no_wd/seed_42
============================================================
  E  0/200: loss=1.8694 tr_acc=28.99% te_acc=38.09% wn=17.97 CSI=0.0000 AIS=0.2773 BEM=-1.0000
  E 10/200: loss=0.7958 tr_acc=71.63% te_acc=73.11% wn=26.89 CSI=0.3340 AIS=0.3591 BEM=-1.0000
  E 20/200: loss=0.5359 tr_acc=81.21% te_acc=78.69% wn=31.80 CSI=0.1073 AIS=0.4520 BEM=-1.0000
  E 30/200: loss=0.4214 tr_acc=85.34% te_acc=82.81% wn=35.67 CSI=0.0528 AIS=0.5412 BEM=-1.0000
  E 40/200: loss=0.3347 tr_acc=88.29% te_acc=83.89% wn=38.87 CSI=0.0617 AIS=0.4703 BEM=-1.0000
  E 50/200: loss=0.2797 tr_acc=90.06% te_acc=85.00% wn=41.60 CSI=0.0557 AIS=0.3899 BEM=-1.0000
  E 60/200: loss=0.2321 tr_acc=91.75% te_acc=85.59% wn=43.84 CSI=0.0557 AIS=0.5175 BEM=-1.0000
  E 70/200: loss=0.1972 tr_acc=93.02% te_acc=86.51% wn=45.69 CSI=0.0928 AIS=0.3899 BEM=-1.0000
  E 80/200: loss=0.1607 tr_acc=94.32% te_acc=86.10% wn=47.12 CSI=0.0599 AIS=0.4312 BEM=-1.0000
  E 90/200: loss=0.1358 tr_acc=95.09% te_acc=86.27% wn=48.22 CSI=0.0979 AIS=0.4043 BEM=-1.0000
  E100/200: loss=0.1133 tr_acc=95.95% te_acc=86.88% wn=49.06 CSI=0.0897 AIS=0.5206 BEM=-1.0000
  E110/200: loss=0.0910 tr_acc=96.68% te_acc=86.74% wn=49.70 CSI=0.0948 AIS=0.4837 BEM=-1.0000
  E120/200: loss=0.0757 tr_acc=97.32% te_acc=86.66% wn=50.14 CSI=0.1026 AIS=0.4947 BEM=-1.0000
  E130/200: loss=0.0634 tr_acc=97.77% te_acc=87.25% wn=50.44 CSI=0.1444 AIS=0.4260 BEM=-1.0000
  E140/200: loss=0.0510 tr_acc=98.15% te_acc=86.95% wn=50.63 CSI=0.1764 AIS=0.4146 BEM=-1.0000
  E150/200: loss=0.0383 tr_acc=98.64% te_acc=87.49% wn=50.75 CSI=0.2143 AIS=0.4215 BEM=-1.0000
  E160/200: loss=0.0323 tr_acc=98.87% te_acc=87.47% wn=50.82 CSI=0.2271 AIS=0.3899 BEM=-1.0000
  E170/200: loss=0.0252 tr_acc=99.14% te_acc=87.60% wn=50.86 CSI=0.2436 AIS=0.3709 BEM=-1.0000
  E180/200: loss=0.0227 tr_acc=99.22% te_acc=87.59% wn=50.88 CSI=0.2868 AIS=0.4778 BEM=-1.0000
  E190/200: loss=0.0197 tr_acc=99.34% te_acc=87.74% wn=50.88 CSI=0.4436 AIS=0.3709 BEM=-1.0000
  E199/200: loss=0.0186 tr_acc=99.37% te_acc=87.65% wn=50.88 CSI=1.0452 AIS=0.4668 BEM=-1.0000

Done! Best: 87.79%, Time: 2372.4s
Method=no_wd Seed=123
============================================================
Training resnet20_nobn on cifar10
WD method: no_wd, base WD: 0.0005
Epochs: 200, LR: 0.0005, Batch: 128
Seed: 123, Device: cuda:7
Output: /home/ccwang/sibyl-research-system/workspaces/dynamic-wd/current/exp/results/full/nobn/cifar10/resnet20_nobn/no_wd/seed_123
============================================================
  E  0/200: loss=1.8885 tr_acc=28.12% te_acc=39.38% wn=18.11 CSI=0.0000 AIS=0.5522 BEM=-1.0000
  E 10/200: loss=0.7889 tr_acc=72.01% te_acc=71.79% wn=26.76 CSI=0.3620 AIS=0.4770 BEM=-1.0000
  E 20/200: loss=0.5455 tr_acc=80.81% te_acc=79.07% wn=31.45 CSI=0.0819 AIS=0.5067 BEM=-1.0000
  E 30/200: loss=0.4290 tr_acc=84.97% te_acc=82.65% wn=35.21 CSI=0.0412 AIS=0.5112 BEM=-1.0000
  E 40/200: loss=0.3463 tr_acc=87.93% te_acc=84.38% wn=38.33 CSI=0.0672 AIS=0.4778 BEM=-1.0000
  E 50/200: loss=0.2921 tr_acc=89.57% te_acc=84.36% wn=40.99 CSI=0.0620 AIS=0.3214 BEM=-1.0000
  E 60/200: loss=0.2445 tr_acc=91.21% te_acc=85.37% wn=43.12 CSI=0.0618 AIS=0.5250 BEM=-1.0000
  E 70/200: loss=0.2080 tr_acc=92.51% te_acc=85.90% wn=44.84 CSI=0.0735 AIS=0.4035 BEM=-1.0000
  E 80/200: loss=0.1751 tr_acc=93.78% te_acc=85.68% wn=46.22 CSI=0.0936 AIS=0.4382 BEM=-1.0000
  E 90/200: loss=0.1488 tr_acc=94.52% te_acc=86.58% wn=47.33 CSI=0.0798 AIS=0.3214 BEM=-1.0000
  E100/200: loss=0.1227 tr_acc=95.63% te_acc=85.99% wn=48.15 CSI=0.0949 AIS=0.5045 BEM=-1.0000
  E110/200: loss=0.1062 tr_acc=96.15% te_acc=86.49% wn=48.77 CSI=0.0635 AIS=0.5612 BEM=-1.0000
  E120/200: loss=0.0840 tr_acc=96.90% te_acc=86.14% wn=49.22 CSI=0.1185 AIS=0.3814 BEM=-1.0000
  E130/200: loss=0.0668 tr_acc=97.58% te_acc=86.56% wn=49.53 CSI=0.1459 AIS=0.4694 BEM=-1.0000
  E140/200: loss=0.0547 tr_acc=97.96% te_acc=86.75% wn=49.72 CSI=0.1323 AIS=0.4007 BEM=-1.0000
  E150/200: loss=0.0456 tr_acc=98.35% te_acc=86.97% wn=49.86 CSI=0.1538 AIS=0.5002 BEM=-1.0000
  E160/200: loss=0.0369 tr_acc=98.67% te_acc=86.96% wn=49.93 CSI=0.1689 AIS=0.4429 BEM=-1.0000
  E170/200: loss=0.0291 tr_acc=98.98% te_acc=87.07% wn=49.97 CSI=0.2486 AIS=0.5372 BEM=-1.0000
Traceback (most recent call last):
  File "/home/ccwang/sibyl-research-system/workspaces/dynamic-wd/iter_005/exp/code/train_unified.py", line 376, in <module>
    main()
  File "/home/ccwang/sibyl-research-system/workspaces/dynamic-wd/iter_005/exp/code/train_unified.py", line 372, in main
    run_training(config)
  File "/home/ccwang/sibyl-research-system/workspaces/dynamic-wd/iter_005/exp/code/train_unified.py", line 309, in run_training
    with open(epoch_log_path, 'a') as f:
         ^^^^^^^^^^^^^^^^^^^^^^^^^
FileNotFoundError: [Errno 2] No such file or directory: '/home/ccwang/sibyl-research-system/workspaces/dynamic-wd/current/exp/results/full/nobn/cifar10/resnet20_nobn/no_wd/seed_123/epoch_metrics.jsonl'
Method=no_wd Seed=456
/home/ccwang/miniforge3/bin/python3: can't open file '/home/ccwang/sibyl-research-system/workspaces/dynamic-wd/iter_006/exp/code/train_unified.py': [Errno 2] No such file or directory
All NoBN runs done.
