=== Rho Sweep Full: GPU=1 ===
--- rho_low (wd=5e-5) ---
  constant/seed_42: already done
  constant/seed_123: already done
  constant/seed_456: already done
  cwd_hard/seed_42: already done
rho_low Method=cwd_hard Seed=123
============================================================
Training resnet20 on cifar10
WD method: cwd_hard, base WD: 5e-05
Epochs: 200, LR: 0.001, Batch: 128
Seed: 123, Device: cuda:1
Output: /home/ccwang/sibyl-research-system/workspaces/dynamic-wd/current/exp/results/full/rho_sweep/cifar10/rho_low/cwd_hard/seed_123
============================================================
  E  0/200: loss=1.4463 tr_acc=46.62% te_acc=57.48% wn=33.82 CSI=0.0000 AIS=0.3866 BEM=-0.5000
  E 10/200: loss=0.4788 tr_acc=83.50% te_acc=79.70% wn=45.89 CSI=0.0944 AIS=0.3993 BEM=-0.4727
  E 20/200: loss=0.3450 tr_acc=87.89% te_acc=85.34% wn=55.83 CSI=0.0474 AIS=0.4120 BEM=-0.5048
  E 30/200: loss=0.2692 tr_acc=90.56% te_acc=84.74% wn=64.18 CSI=0.0494 AIS=0.3230 BEM=-0.5226
  E 40/200: loss=0.2172 tr_acc=92.33% te_acc=87.43% wn=71.20 CSI=0.0519 AIS=0.4442 BEM=-0.5146
  E 50/200: loss=0.1764 tr_acc=93.81% te_acc=87.62% wn=77.03 CSI=0.0616 AIS=0.4465 BEM=-0.4863
  E 60/200: loss=0.1458 tr_acc=94.76% te_acc=87.19% wn=81.85 CSI=0.0563 AIS=0.3909 BEM=-0.5000
  E 70/200: loss=0.1171 tr_acc=95.80% te_acc=87.85% wn=85.74 CSI=0.0708 AIS=0.4063 BEM=-0.4986
  E 80/200: loss=0.0992 tr_acc=96.44% te_acc=88.51% wn=88.86 CSI=0.0685 AIS=0.3471 BEM=-0.5000
  E 90/200: loss=0.0829 tr_acc=97.05% te_acc=88.25% wn=91.25 CSI=0.0643 AIS=0.2709 BEM=-0.5044
  E100/200: loss=0.0645 tr_acc=97.65% te_acc=89.00% wn=93.08 CSI=0.0870 AIS=0.4116 BEM=-0.5119
  E110/200: loss=0.0514 tr_acc=98.19% te_acc=88.77% wn=94.39 CSI=0.1038 AIS=0.4466 BEM=-0.5126
  E120/200: loss=0.0450 tr_acc=98.42% te_acc=89.37% wn=95.34 CSI=0.1241 AIS=0.2987 BEM=-0.5066
  E130/200: loss=0.0347 tr_acc=98.75% te_acc=89.20% wn=95.95 CSI=0.1330 AIS=0.3964 BEM=-0.5069
  E140/200: loss=0.0281 tr_acc=99.02% te_acc=89.43% wn=96.34 CSI=0.1461 AIS=0.3100 BEM=-0.5021
  E150/200: loss=0.0236 tr_acc=99.15% te_acc=89.52% wn=96.57 CSI=0.1538 AIS=0.4111 BEM=-0.5046
  E160/200: loss=0.0187 tr_acc=99.38% te_acc=89.32% wn=96.69 CSI=0.1520 AIS=0.2863 BEM=-0.5093
  E170/200: loss=0.0149 tr_acc=99.55% te_acc=89.60% wn=96.75 CSI=0.2203 AIS=0.3426 BEM=-0.5064
  E180/200: loss=0.0136 tr_acc=99.58% te_acc=89.66% wn=96.78 CSI=0.3370 AIS=0.3336 BEM=-0.5061
  E190/200: loss=0.0130 tr_acc=99.57% te_acc=89.61% wn=96.78 CSI=0.3642 AIS=0.3768 BEM=-0.5058
  E199/200: loss=0.0122 tr_acc=99.62% te_acc=89.67% wn=96.78 CSI=0.8178 AIS=0.4313 BEM=-0.5070

Done! Best: 89.81%, Time: 1012.7s
rho_low Method=cwd_hard Seed=456
============================================================
Training resnet20 on cifar10
WD method: cwd_hard, base WD: 5e-05
Epochs: 200, LR: 0.001, Batch: 128
Seed: 456, Device: cuda:1
Output: /home/ccwang/sibyl-research-system/workspaces/dynamic-wd/current/exp/results/full/rho_sweep/cifar10/rho_low/cwd_hard/seed_456
============================================================
  E  0/200: loss=1.4545 tr_acc=46.36% te_acc=56.28% wn=33.81 CSI=0.0000 AIS=0.4169 BEM=-0.3000
  E 10/200: loss=0.4653 tr_acc=83.93% te_acc=81.10% wn=46.04 CSI=0.0925 AIS=0.3601 BEM=-0.5364
  E 20/200: loss=0.3268 tr_acc=88.54% te_acc=85.42% wn=55.92 CSI=0.0485 AIS=0.3539 BEM=-0.5143
  E 30/200: loss=0.2533 tr_acc=91.11% te_acc=86.63% wn=64.24 CSI=0.0520 AIS=0.3486 BEM=-0.4903
  E 40/200: loss=0.2041 tr_acc=92.90% te_acc=87.21% wn=71.28 CSI=0.0540 AIS=0.4387 BEM=-0.4951
  E 50/200: loss=0.1633 tr_acc=94.06% te_acc=87.24% wn=77.12 CSI=0.0531 AIS=0.4204 BEM=-0.4980
  E 60/200: loss=0.1341 tr_acc=95.28% te_acc=88.16% wn=81.93 CSI=0.0616 AIS=0.3008 BEM=-0.5066
  E 70/200: loss=0.1084 tr_acc=96.11% te_acc=87.57% wn=85.80 CSI=0.0681 AIS=0.4329 BEM=-0.5099
  E 80/200: loss=0.0884 tr_acc=96.75% te_acc=88.58% wn=88.90 CSI=0.0777 AIS=0.4046 BEM=-0.5185
  E 90/200: loss=0.0753 tr_acc=97.36% te_acc=88.91% wn=91.30 CSI=0.0819 AIS=0.3488 BEM=-0.5143
  E100/200: loss=0.0602 tr_acc=97.85% te_acc=88.93% wn=93.13 CSI=0.0963 AIS=0.2973 BEM=-0.5079
  E110/200: loss=0.0487 tr_acc=98.27% te_acc=89.03% wn=94.47 CSI=0.1023 AIS=0.3476 BEM=-0.5090
  E120/200: loss=0.0372 tr_acc=98.68% te_acc=89.02% wn=95.40 CSI=0.1228 AIS=0.3209 BEM=-0.5033
  E130/200: loss=0.0306 tr_acc=98.91% te_acc=89.31% wn=96.03 CSI=0.1414 AIS=0.3366 BEM=-0.5046
  E140/200: loss=0.0228 tr_acc=99.25% te_acc=89.48% wn=96.41 CSI=0.1737 AIS=0.3308 BEM=-0.5064
  E150/200: loss=0.0188 tr_acc=99.36% te_acc=89.57% wn=96.64 CSI=0.1791 AIS=0.3821 BEM=-0.5053
  E160/200: loss=0.0155 tr_acc=99.48% te_acc=89.49% wn=96.76 CSI=0.1717 AIS=0.3953 BEM=-0.5056
  E170/200: loss=0.0116 tr_acc=99.65% te_acc=89.56% wn=96.82 CSI=0.2455 AIS=0.3104 BEM=-0.5023
  E180/200: loss=0.0116 tr_acc=99.64% te_acc=89.74% wn=96.85 CSI=0.3481 AIS=0.3255 BEM=-0.5039
  E190/200: loss=0.0103 tr_acc=99.69% te_acc=89.66% wn=96.86 CSI=0.4950 AIS=0.3276 BEM=-0.5058
  E199/200: loss=0.0094 tr_acc=99.75% te_acc=89.83% wn=96.86 CSI=0.9310 AIS=0.4208 BEM=-0.5065

Done! Best: 89.96%, Time: 1046.4s
rho_low Method=half_lambda Seed=42
============================================================
Training resnet20 on cifar10
WD method: half_lambda, base WD: 5e-05
Epochs: 200, LR: 0.001, Batch: 128
Seed: 42, Device: cuda:1
Output: /home/ccwang/sibyl-research-system/workspaces/dynamic-wd/current/exp/results/full/rho_sweep/cifar10/rho_low/half_lambda/seed_42
============================================================
  E  0/200: loss=1.4424 tr_acc=46.72% te_acc=54.73% wn=33.85 CSI=0.0000 AIS=0.4334 BEM=-0.5000
  E 10/200: loss=0.4612 tr_acc=83.98% te_acc=82.72% wn=45.97 CSI=0.1047 AIS=0.3824 BEM=-0.5000
  E 20/200: loss=0.3285 tr_acc=88.53% te_acc=84.12% wn=55.82 CSI=0.0434 AIS=0.4091 BEM=-0.5000
  E 30/200: loss=0.2582 tr_acc=90.92% te_acc=86.60% wn=64.19 CSI=0.0498 AIS=0.3715 BEM=-0.5000
  E 40/200: loss=0.2048 tr_acc=92.77% te_acc=86.27% wn=71.22 CSI=0.0557 AIS=0.3307 BEM=-0.5000
  E 50/200: loss=0.1673 tr_acc=93.93% te_acc=87.34% wn=77.11 CSI=0.0532 AIS=0.3488 BEM=-0.5000
  E 60/200: loss=0.1351 tr_acc=95.10% te_acc=87.59% wn=81.90 CSI=0.0527 AIS=0.3782 BEM=-0.5000
  E 70/200: loss=0.1120 tr_acc=96.01% te_acc=88.53% wn=85.83 CSI=0.0536 AIS=0.3190 BEM=-0.5000
  E 80/200: loss=0.0888 tr_acc=96.73% te_acc=88.45% wn=88.93 CSI=0.0588 AIS=0.4085 BEM=-0.5000
  E 90/200: loss=0.0725 tr_acc=97.34% te_acc=88.32% wn=91.34 CSI=0.0792 AIS=0.2829 BEM=-0.5000
  E100/200: loss=0.0590 tr_acc=97.89% te_acc=88.52% wn=93.18 CSI=0.0860 AIS=0.3536 BEM=-0.5000
  E110/200: loss=0.0484 tr_acc=98.33% te_acc=89.06% wn=94.50 CSI=0.1079 AIS=0.3191 BEM=-0.5000
  E120/200: loss=0.0378 tr_acc=98.62% te_acc=89.39% wn=95.42 CSI=0.1086 AIS=0.4110 BEM=-0.5000
  E130/200: loss=0.0305 tr_acc=98.90% te_acc=89.28% wn=96.04 CSI=0.1288 AIS=0.3488 BEM=-0.5000
  E140/200: loss=0.0244 tr_acc=99.17% te_acc=89.57% wn=96.43 CSI=0.1494 AIS=0.3651 BEM=-0.5000
  E150/200: loss=0.0182 tr_acc=99.39% te_acc=89.57% wn=96.66 CSI=0.1798 AIS=0.4271 BEM=-0.5000
  E160/200: loss=0.0147 tr_acc=99.55% te_acc=89.80% wn=96.78 CSI=0.1999 AIS=0.3040 BEM=-0.5000
  E170/200: loss=0.0139 tr_acc=99.57% te_acc=89.97% wn=96.85 CSI=0.2217 AIS=0.2400 BEM=-0.5000
  E180/200: loss=0.0098 tr_acc=99.73% te_acc=90.03% wn=96.87 CSI=0.2924 AIS=0.3440 BEM=-0.5000
  E190/200: loss=0.0106 tr_acc=99.69% te_acc=89.86% wn=96.88 CSI=0.4643 AIS=0.3578 BEM=-0.5000
  E199/200: loss=0.0093 tr_acc=99.74% te_acc=89.91% wn=96.88 CSI=0.7929 AIS=0.3000 BEM=-0.5000

Done! Best: 90.05%, Time: 808.5s
rho_low Method=half_lambda Seed=123
============================================================
Training resnet20 on cifar10
WD method: half_lambda, base WD: 5e-05
Epochs: 200, LR: 0.001, Batch: 128
Seed: 123, Device: cuda:1
Output: /home/ccwang/sibyl-research-system/workspaces/dynamic-wd/current/exp/results/full/rho_sweep/cifar10/rho_low/half_lambda/seed_123
============================================================
  E  0/200: loss=1.4561 tr_acc=46.28% te_acc=54.73% wn=33.82 CSI=0.0000 AIS=0.3920 BEM=-0.5000
  E 10/200: loss=0.4761 tr_acc=83.48% te_acc=80.10% wn=46.04 CSI=0.0932 AIS=0.3826 BEM=-0.5000
  E 20/200: loss=0.3361 tr_acc=88.26% te_acc=83.57% wn=55.98 CSI=0.0514 AIS=0.2902 BEM=-0.5000
  E 30/200: loss=0.2590 tr_acc=90.90% te_acc=85.97% wn=64.35 CSI=0.0595 AIS=0.3739 BEM=-0.5000
  E 40/200: loss=0.2067 tr_acc=92.75% te_acc=87.81% wn=71.38 CSI=0.0571 AIS=0.3782 BEM=-0.5000
  E 50/200: loss=0.1756 tr_acc=93.63% te_acc=87.41% wn=77.21 CSI=0.0643 AIS=0.3276 BEM=-0.5000
  E 60/200: loss=0.1409 tr_acc=94.96% te_acc=88.04% wn=81.97 CSI=0.0581 AIS=0.4229 BEM=-0.5000
  E 70/200: loss=0.1161 tr_acc=95.83% te_acc=88.08% wn=85.88 CSI=0.0647 AIS=0.3896 BEM=-0.5000
  E 80/200: loss=0.0971 tr_acc=96.49% te_acc=88.89% wn=88.97 CSI=0.0748 AIS=0.3312 BEM=-0.5000
  E 90/200: loss=0.0795 tr_acc=97.21% te_acc=88.93% wn=91.37 CSI=0.0830 AIS=0.3284 BEM=-0.5000
  E100/200: loss=0.0611 tr_acc=97.84% te_acc=88.96% wn=93.18 CSI=0.0979 AIS=0.1975 BEM=-0.5000
  E110/200: loss=0.0532 tr_acc=98.10% te_acc=89.04% wn=94.51 CSI=0.0951 AIS=0.3285 BEM=-0.5000
  E120/200: loss=0.0410 tr_acc=98.51% te_acc=89.34% wn=95.44 CSI=0.1197 AIS=0.4597 BEM=-0.5000
  E130/200: loss=0.0340 tr_acc=98.79% te_acc=89.37% wn=96.06 CSI=0.1392 AIS=0.3861 BEM=-0.5000
  E140/200: loss=0.0271 tr_acc=99.06% te_acc=89.43% wn=96.45 CSI=0.1426 AIS=0.2919 BEM=-0.5000
Traceback (most recent call last):
  File "/home/ccwang/sibyl-research-system/workspaces/dynamic-wd/iter_005/exp/code/train_unified.py", line 376, in <module>
    main()
  File "/home/ccwang/sibyl-research-system/workspaces/dynamic-wd/iter_005/exp/code/train_unified.py", line 372, in main
    run_training(config)
  File "/home/ccwang/sibyl-research-system/workspaces/dynamic-wd/iter_005/exp/code/train_unified.py", line 309, in run_training
    with open(epoch_log_path, 'a') as f:
         ^^^^^^^^^^^^^^^^^^^^^^^^^
FileNotFoundError: [Errno 2] No such file or directory: '/home/ccwang/sibyl-research-system/workspaces/dynamic-wd/current/exp/results/full/rho_sweep/cifar10/rho_low/half_lambda/seed_123/epoch_metrics.jsonl'
rho_low Method=half_lambda Seed=456
/home/ccwang/miniforge3/bin/python3: can't open file '/home/ccwang/sibyl-research-system/workspaces/dynamic-wd/iter_006/exp/code/train_unified.py': [Errno 2] No such file or directory
rho_low Method=no_wd Seed=42
/home/ccwang/miniforge3/bin/python3: can't open file '/home/ccwang/sibyl-research-system/workspaces/dynamic-wd/iter_006/exp/code/train_unified.py': [Errno 2] No such file or directory
rho_low Method=no_wd Seed=123
/home/ccwang/miniforge3/bin/python3: can't open file '/home/ccwang/sibyl-research-system/workspaces/dynamic-wd/iter_006/exp/code/train_unified.py': [Errno 2] No such file or directory
rho_low Method=no_wd Seed=456
/home/ccwang/miniforge3/bin/python3: can't open file '/home/ccwang/sibyl-research-system/workspaces/dynamic-wd/iter_006/exp/code/train_unified.py': [Errno 2] No such file or directory
--- rho_high (wd=5e-3) ---
rho_high Method=constant Seed=42
/home/ccwang/miniforge3/bin/python3: can't open file '/home/ccwang/sibyl-research-system/workspaces/dynamic-wd/iter_006/exp/code/train_unified.py': [Errno 2] No such file or directory
rho_high Method=constant Seed=123
/home/ccwang/miniforge3/bin/python3: can't open file '/home/ccwang/sibyl-research-system/workspaces/dynamic-wd/iter_006/exp/code/train_unified.py': [Errno 2] No such file or directory
rho_high Method=constant Seed=456
/home/ccwang/miniforge3/bin/python3: can't open file '/home/ccwang/sibyl-research-system/workspaces/dynamic-wd/iter_006/exp/code/train_unified.py': [Errno 2] No such file or directory
rho_high Method=cwd_hard Seed=42
/home/ccwang/miniforge3/bin/python3: can't open file '/home/ccwang/sibyl-research-system/workspaces/dynamic-wd/iter_006/exp/code/train_unified.py': [Errno 2] No such file or directory
rho_high Method=cwd_hard Seed=123
/home/ccwang/miniforge3/bin/python3: can't open file '/home/ccwang/sibyl-research-system/workspaces/dynamic-wd/iter_006/exp/code/train_unified.py': [Errno 2] No such file or directory
rho_high Method=cwd_hard Seed=456
/home/ccwang/miniforge3/bin/python3: can't open file '/home/ccwang/sibyl-research-system/workspaces/dynamic-wd/iter_006/exp/code/train_unified.py': [Errno 2] No such file or directory
rho_high Method=half_lambda Seed=42
/home/ccwang/miniforge3/bin/python3: can't open file '/home/ccwang/sibyl-research-system/workspaces/dynamic-wd/iter_006/exp/code/train_unified.py': [Errno 2] No such file or directory
rho_high Method=half_lambda Seed=123
/home/ccwang/miniforge3/bin/python3: can't open file '/home/ccwang/sibyl-research-system/workspaces/dynamic-wd/iter_006/exp/code/train_unified.py': [Errno 2] No such file or directory
rho_high Method=half_lambda Seed=456
/home/ccwang/miniforge3/bin/python3: can't open file '/home/ccwang/sibyl-research-system/workspaces/dynamic-wd/iter_006/exp/code/train_unified.py': [Errno 2] No such file or directory
rho_high Method=no_wd Seed=42
/home/ccwang/miniforge3/bin/python3: can't open file '/home/ccwang/sibyl-research-system/workspaces/dynamic-wd/iter_006/exp/code/train_unified.py': [Errno 2] No such file or directory
rho_high Method=no_wd Seed=123
/home/ccwang/miniforge3/bin/python3: can't open file '/home/ccwang/sibyl-research-system/workspaces/dynamic-wd/iter_006/exp/code/train_unified.py': [Errno 2] No such file or directory
rho_high Method=no_wd Seed=456
/home/ccwang/miniforge3/bin/python3: can't open file '/home/ccwang/sibyl-research-system/workspaces/dynamic-wd/iter_006/exp/code/train_unified.py': [Errno 2] No such file or directory
All Rho Sweep runs done.
