=== Rho Sweep Pilot: GPU=1, python=/home/ccwang/miniforge3/bin/python3 ===
Run 1: rho=0.05 (wd=5e-5)
============================================================
Training resnet20 on cifar10
WD method: constant, base WD: 5e-05
Epochs: 5, LR: 0.001, Batch: 128
Seed: 42, Device: cuda:1
Output: /home/ccwang/sibyl-research-system/workspaces/dynamic-wd/current/exp/results/pilots/rho_sweep/rho_low
============================================================
  E  0/5: loss=1.4457 tr_acc=46.54% te_acc=58.58% wn=33.81 CSI=0.0000 AIS=0.4244 BEM=0.0000
  E  4/5: loss=0.6128 tr_acc=78.66% te_acc=79.06% wn=36.13 CSI=0.8038 AIS=0.4741 BEM=0.0000

Done! Best: 79.06%, Time: 20.0s
Run 2: rho=5.0 (wd=5e-3)
============================================================
Training resnet20 on cifar10
WD method: constant, base WD: 0.005
Epochs: 5, LR: 0.001, Batch: 128
Seed: 42, Device: cuda:1
Output: /home/ccwang/sibyl-research-system/workspaces/dynamic-wd/current/exp/results/pilots/rho_sweep/rho_high
============================================================
  E  0/5: loss=1.4496 tr_acc=46.50% te_acc=56.76% wn=33.77 CSI=0.0000 AIS=0.4449 BEM=0.0000
  E  4/5: loss=0.6224 tr_acc=78.24% te_acc=77.69% wn=35.97 CSI=0.8066 AIS=0.4877 BEM=0.0000

Done! Best: 77.69%, Time: 19.1s
Both runs complete. Writing DONE marker.
Rho sweep pilot DONE.
