=== Rho Sweep Full: GPU=6 ===
--- rho_low (wd=5e-5) ---
rho_low Method=constant Seed=42
============================================================
Training resnet20 on cifar10
WD method: constant, base WD: 5e-05
Epochs: 200, LR: 0.001, Batch: 128
Seed: 42, Device: cuda:6
Output: /home/ccwang/sibyl-research-system/workspaces/dynamic-wd/current/exp/results/full/rho_sweep/cifar10/rho_low/constant/seed_42
============================================================
  E  0/200: loss=1.4457 tr_acc=46.54% te_acc=58.58% wn=33.81 CSI=0.0000 AIS=0.4244 BEM=0.0000
  E 10/200: loss=0.4646 tr_acc=83.92% te_acc=81.29% wn=45.88 CSI=0.1021 AIS=0.3959 BEM=0.0000
  E 20/200: loss=0.3361 tr_acc=88.38% te_acc=85.56% wn=55.78 CSI=0.0368 AIS=0.3995 BEM=0.0000
  E 30/200: loss=0.2572 tr_acc=91.04% te_acc=85.09% wn=64.21 CSI=0.0529 AIS=0.3639 BEM=0.0000
  E 40/200: loss=0.2003 tr_acc=92.87% te_acc=86.32% wn=71.25 CSI=0.0585 AIS=0.3536 BEM=0.0000
  E 50/200: loss=0.1657 tr_acc=94.11% te_acc=87.97% wn=77.09 CSI=0.0610 AIS=0.3178 BEM=0.0000
  E 60/200: loss=0.1357 tr_acc=95.13% te_acc=87.74% wn=81.91 CSI=0.0595 AIS=0.4230 BEM=0.0000
  E 70/200: loss=0.1127 tr_acc=95.95% te_acc=88.03% wn=85.76 CSI=0.0614 AIS=0.3040 BEM=0.0000
  E 80/200: loss=0.0921 tr_acc=96.71% te_acc=88.09% wn=88.85 CSI=0.0722 AIS=0.3871 BEM=-0.0000
  E 90/200: loss=0.0772 tr_acc=97.24% te_acc=88.78% wn=91.24 CSI=0.0610 AIS=0.3536 BEM=0.0000
  E100/200: loss=0.0585 tr_acc=97.96% te_acc=88.75% wn=93.05 CSI=0.0962 AIS=0.3393 BEM=0.0000
  E110/200: loss=0.0466 tr_acc=98.41% te_acc=89.02% wn=94.38 CSI=0.1142 AIS=0.3051 BEM=0.0000
  E120/200: loss=0.0362 tr_acc=98.74% te_acc=89.31% wn=95.31 CSI=0.1335 AIS=0.3934 BEM=0.0000
  E130/200: loss=0.0310 tr_acc=98.97% te_acc=89.51% wn=95.93 CSI=0.1508 AIS=0.4277 BEM=0.0000
  E140/200: loss=0.0248 tr_acc=99.17% te_acc=89.75% wn=96.32 CSI=0.1542 AIS=0.4421 BEM=0.0000
  E150/200: loss=0.0183 tr_acc=99.41% te_acc=89.74% wn=96.55 CSI=0.1851 AIS=0.3312 BEM=0.0000
  E160/200: loss=0.0165 tr_acc=99.44% te_acc=89.96% wn=96.67 CSI=0.2038 AIS=0.3636 BEM=0.0000
  E170/200: loss=0.0122 tr_acc=99.62% te_acc=89.97% wn=96.73 CSI=0.2567 AIS=0.3088 BEM=0.0000
  E180/200: loss=0.0099 tr_acc=99.71% te_acc=90.08% wn=96.75 CSI=0.2762 AIS=0.3426 BEM=0.0000
  E190/200: loss=0.0103 tr_acc=99.71% te_acc=90.02% wn=96.76 CSI=0.5195 AIS=0.3674 BEM=0.0000
  E199/200: loss=0.0097 tr_acc=99.73% te_acc=90.01% wn=96.76 CSI=0.8552 AIS=0.3482 BEM=0.0000

Done! Best: 90.17%, Time: 4375.5s
rho_low Method=constant Seed=123
============================================================
Training resnet20 on cifar10
WD method: constant, base WD: 5e-05
Epochs: 200, LR: 0.001, Batch: 128
Seed: 123, Device: cuda:6
Output: /home/ccwang/sibyl-research-system/workspaces/dynamic-wd/current/exp/results/full/rho_sweep/cifar10/rho_low/constant/seed_123
============================================================
  E  0/200: loss=1.4534 tr_acc=46.55% te_acc=54.46% wn=33.81 CSI=0.0000 AIS=0.4337 BEM=0.0000
  E 10/200: loss=0.4755 tr_acc=83.61% te_acc=80.01% wn=45.95 CSI=0.0945 AIS=0.4237 BEM=0.0000
  E 20/200: loss=0.3358 tr_acc=88.10% te_acc=83.89% wn=55.89 CSI=0.0506 AIS=0.3712 BEM=0.0000
  E 30/200: loss=0.2552 tr_acc=91.05% te_acc=85.68% wn=64.23 CSI=0.0524 AIS=0.3973 BEM=0.0000
  E 40/200: loss=0.2068 tr_acc=92.74% te_acc=87.09% wn=71.25 CSI=0.0471 AIS=0.2860 BEM=0.0000
  E 50/200: loss=0.1661 tr_acc=94.07% te_acc=87.74% wn=77.08 CSI=0.0539 AIS=0.3486 BEM=0.0000
  E 60/200: loss=0.1356 tr_acc=95.08% te_acc=88.03% wn=81.84 CSI=0.0598 AIS=0.3902 BEM=0.0000
  E 70/200: loss=0.1095 tr_acc=96.05% te_acc=88.42% wn=85.71 CSI=0.0659 AIS=0.3157 BEM=0.0000
  E 80/200: loss=0.0898 tr_acc=96.71% te_acc=88.88% wn=88.78 CSI=0.0774 AIS=0.3801 BEM=-0.0000
  E 90/200: loss=0.0761 tr_acc=97.25% te_acc=88.96% wn=91.17 CSI=0.0810 AIS=0.3422 BEM=0.0000
  E100/200: loss=0.0589 tr_acc=97.87% te_acc=89.12% wn=92.98 CSI=0.0813 AIS=0.3738 BEM=0.0000
  E110/200: loss=0.0483 tr_acc=98.27% te_acc=88.83% wn=94.30 CSI=0.1061 AIS=0.3674 BEM=0.0000
  E120/200: loss=0.0389 tr_acc=98.60% te_acc=89.16% wn=95.23 CSI=0.1062 AIS=0.3745 BEM=0.0000
  E130/200: loss=0.0329 tr_acc=98.86% te_acc=89.85% wn=95.85 CSI=0.1528 AIS=0.2770 BEM=0.0000
  E140/200: loss=0.0254 tr_acc=99.11% te_acc=89.53% wn=96.24 CSI=0.1653 AIS=0.3230 BEM=0.0000
  E150/200: loss=0.0195 tr_acc=99.33% te_acc=89.74% wn=96.47 CSI=0.1352 AIS=0.3826 BEM=0.0000
  E160/200: loss=0.0153 tr_acc=99.51% te_acc=89.91% wn=96.59 CSI=0.2054 AIS=0.4588 BEM=0.0000
  E170/200: loss=0.0123 tr_acc=99.61% te_acc=90.09% wn=96.65 CSI=0.2562 AIS=0.3733 BEM=0.0000
  E180/200: loss=0.0118 tr_acc=99.63% te_acc=89.99% wn=96.68 CSI=0.3027 AIS=0.3962 BEM=0.0000
  E190/200: loss=0.0099 tr_acc=99.69% te_acc=90.06% wn=96.69 CSI=0.5686 AIS=0.2872 BEM=0.0000
  E199/200: loss=0.0094 tr_acc=99.71% te_acc=90.08% wn=96.69 CSI=0.8543 AIS=0.3949 BEM=0.0000

Done! Best: 90.18%, Time: 4491.0s
rho_low Method=constant Seed=456
============================================================
Training resnet20 on cifar10
WD method: constant, base WD: 5e-05
Epochs: 200, LR: 0.001, Batch: 128
Seed: 456, Device: cuda:6
Output: /home/ccwang/sibyl-research-system/workspaces/dynamic-wd/current/exp/results/full/rho_sweep/cifar10/rho_low/constant/seed_456
============================================================
  E  0/200: loss=1.4522 tr_acc=46.09% te_acc=54.11% wn=33.81 CSI=0.0000 AIS=0.4146 BEM=0.0000
  E 10/200: loss=0.4672 tr_acc=83.95% te_acc=79.54% wn=45.98 CSI=0.0901 AIS=0.4400 BEM=0.0000
  E 20/200: loss=0.3282 tr_acc=88.57% te_acc=84.36% wn=55.91 CSI=0.0535 AIS=0.3426 BEM=0.0000
  E 30/200: loss=0.2580 tr_acc=90.88% te_acc=86.71% wn=64.28 CSI=0.0529 AIS=0.3479 BEM=0.0000
  E 40/200: loss=0.2037 tr_acc=92.80% te_acc=87.41% wn=71.30 CSI=0.0654 AIS=0.4329 BEM=0.0000
  E 50/200: loss=0.1686 tr_acc=93.95% te_acc=87.50% wn=77.16 CSI=0.0602 AIS=0.3409 BEM=0.0000
  E 60/200: loss=0.1341 tr_acc=95.17% te_acc=88.14% wn=81.94 CSI=0.0624 AIS=0.3582 BEM=0.0000
  E 70/200: loss=0.1162 tr_acc=95.82% te_acc=88.22% wn=85.81 CSI=0.0623 AIS=0.3646 BEM=0.0000
  E 80/200: loss=0.0935 tr_acc=96.67% te_acc=88.47% wn=88.89 CSI=0.0730 AIS=0.3145 BEM=-0.0000
  E 90/200: loss=0.0770 tr_acc=97.24% te_acc=88.27% wn=91.29 CSI=0.0719 AIS=0.3820 BEM=0.0000
  E100/200: loss=0.0619 tr_acc=97.71% te_acc=88.99% wn=93.11 CSI=0.0936 AIS=0.3970 BEM=0.0000
  E110/200: loss=0.0497 tr_acc=98.27% te_acc=89.28% wn=94.42 CSI=0.0875 AIS=0.3078 BEM=0.0000
  E120/200: loss=0.0395 tr_acc=98.63% te_acc=89.06% wn=95.35 CSI=0.1352 AIS=0.2833 BEM=0.0000
  E130/200: loss=0.0316 tr_acc=98.91% te_acc=89.52% wn=95.97 CSI=0.1295 AIS=0.3585 BEM=0.0000
  E140/200: loss=0.0254 tr_acc=99.14% te_acc=89.86% wn=96.36 CSI=0.1620 AIS=0.3918 BEM=0.0000
  E150/200: loss=0.0203 tr_acc=99.33% te_acc=89.78% wn=96.58 CSI=0.1621 AIS=0.2860 BEM=0.0000
  E160/200: loss=0.0144 tr_acc=99.56% te_acc=89.75% wn=96.70 CSI=0.2080 AIS=0.4016 BEM=0.0000
  E170/200: loss=0.0127 tr_acc=99.60% te_acc=90.05% wn=96.77 CSI=0.2462 AIS=0.3255 BEM=0.0000
  E180/200: loss=0.0115 tr_acc=99.67% te_acc=89.75% wn=96.79 CSI=0.3504 AIS=0.3554 BEM=0.0000
  E190/200: loss=0.0109 tr_acc=99.67% te_acc=89.87% wn=96.80 CSI=0.4266 AIS=0.3312 BEM=0.0000
  E199/200: loss=0.0092 tr_acc=99.76% te_acc=89.94% wn=96.80 CSI=0.8552 AIS=0.3190 BEM=0.0000

Done! Best: 90.05%, Time: 4608.0s
rho_low Method=cwd_hard Seed=42
============================================================
Training resnet20 on cifar10
WD method: cwd_hard, base WD: 5e-05
Epochs: 200, LR: 0.001, Batch: 128
Seed: 42, Device: cuda:6
Output: /home/ccwang/sibyl-research-system/workspaces/dynamic-wd/current/exp/results/full/rho_sweep/cifar10/rho_low/cwd_hard/seed_42
============================================================
  E  0/200: loss=1.4377 tr_acc=46.87% te_acc=53.97% wn=33.84 CSI=0.0000 AIS=0.4901 BEM=-0.4000
  E 10/200: loss=0.4640 tr_acc=83.84% te_acc=82.56% wn=46.00 CSI=0.0999 AIS=0.3536 BEM=-0.5455
  E 20/200: loss=0.3307 tr_acc=88.55% te_acc=82.82% wn=55.90 CSI=0.0411 AIS=0.3870 BEM=-0.5190
  E 30/200: loss=0.2519 tr_acc=91.19% te_acc=86.05% wn=64.29 CSI=0.0552 AIS=0.3082 BEM=-0.5194
  E 40/200: loss=0.2002 tr_acc=92.90% te_acc=86.14% wn=71.34 CSI=0.0525 AIS=0.2812 BEM=-0.4854
  E 50/200: loss=0.1654 tr_acc=94.00% te_acc=87.94% wn=77.19 CSI=0.0496 AIS=0.3205 BEM=-0.4843
  E 60/200: loss=0.1351 tr_acc=95.21% te_acc=87.59% wn=81.97 CSI=0.0470 AIS=0.3255 BEM=-0.4770
  E 70/200: loss=0.1102 tr_acc=96.03% te_acc=87.90% wn=85.86 CSI=0.0624 AIS=0.2552 BEM=-0.4901
  E 80/200: loss=0.0920 tr_acc=96.72% te_acc=88.70% wn=88.96 CSI=0.0641 AIS=0.3929 BEM=-0.4877
  E 90/200: loss=0.0716 tr_acc=97.40% te_acc=88.92% wn=91.37 CSI=0.0849 AIS=0.3762 BEM=-0.4978
  E100/200: loss=0.0581 tr_acc=97.92% te_acc=88.90% wn=93.20 CSI=0.0913 AIS=0.4074 BEM=-0.5069
  E110/200: loss=0.0477 tr_acc=98.31% te_acc=89.23% wn=94.52 CSI=0.0999 AIS=0.4334 BEM=-0.5009
  E120/200: loss=0.0407 tr_acc=98.55% te_acc=89.08% wn=95.46 CSI=0.0784 AIS=0.2895 BEM=-0.5025
  E130/200: loss=0.0296 tr_acc=98.96% te_acc=89.54% wn=96.07 CSI=0.1111 AIS=0.3393 BEM=-0.4992
  E140/200: loss=0.0239 tr_acc=99.19% te_acc=89.65% wn=96.46 CSI=0.1451 AIS=0.4070 BEM=-0.4965
  E150/200: loss=0.0198 tr_acc=99.32% te_acc=89.90% wn=96.69 CSI=0.1595 AIS=0.4408 BEM=-0.5000
  E160/200: loss=0.0150 tr_acc=99.52% te_acc=90.07% wn=96.81 CSI=0.2146 AIS=0.4111 BEM=-0.5019
  E170/200: loss=0.0134 tr_acc=99.56% te_acc=89.88% wn=96.87 CSI=0.1863 AIS=0.3789 BEM=-0.5053
  E180/200: loss=0.0099 tr_acc=99.70% te_acc=90.02% wn=96.89 CSI=0.2695 AIS=0.3745 BEM=-0.5105
  E190/200: loss=0.0092 tr_acc=99.72% te_acc=90.00% wn=96.90 CSI=0.5171 AIS=0.2860 BEM=-0.5079
  E199/200: loss=0.0100 tr_acc=99.72% te_acc=90.09% wn=96.90 CSI=0.8222 AIS=0.3432 BEM=-0.5045

Done! Best: 90.09%, Time: 6954.9s
rho_low Method=cwd_hard Seed=123
============================================================
Training resnet20 on cifar10
WD method: cwd_hard, base WD: 5e-05
Epochs: 200, LR: 0.001, Batch: 128
Seed: 123, Device: cuda:6
Output: /home/ccwang/sibyl-research-system/workspaces/dynamic-wd/current/exp/results/full/rho_sweep/cifar10/rho_low/cwd_hard/seed_123
============================================================
  E  0/200: loss=1.4463 tr_acc=46.62% te_acc=57.48% wn=33.82 CSI=0.0000 AIS=0.3866 BEM=-0.5000
  E 10/200: loss=0.4788 tr_acc=83.50% te_acc=79.70% wn=45.89 CSI=0.0944 AIS=0.3993 BEM=-0.4727
  E 20/200: loss=0.3450 tr_acc=87.89% te_acc=85.34% wn=55.83 CSI=0.0474 AIS=0.4120 BEM=-0.5048
  E 30/200: loss=0.2692 tr_acc=90.56% te_acc=84.74% wn=64.18 CSI=0.0494 AIS=0.3230 BEM=-0.5226
  E 40/200: loss=0.2172 tr_acc=92.33% te_acc=87.43% wn=71.20 CSI=0.0519 AIS=0.4442 BEM=-0.5146
  E 50/200: loss=0.1764 tr_acc=93.81% te_acc=87.62% wn=77.03 CSI=0.0616 AIS=0.4465 BEM=-0.4863
  E 60/200: loss=0.1458 tr_acc=94.76% te_acc=87.19% wn=81.85 CSI=0.0563 AIS=0.3909 BEM=-0.5000
  E 70/200: loss=0.1171 tr_acc=95.80% te_acc=87.85% wn=85.74 CSI=0.0708 AIS=0.4063 BEM=-0.4986
  E 80/200: loss=0.0992 tr_acc=96.44% te_acc=88.51% wn=88.86 CSI=0.0685 AIS=0.3471 BEM=-0.5000
  E 90/200: loss=0.0829 tr_acc=97.05% te_acc=88.25% wn=91.25 CSI=0.0643 AIS=0.2709 BEM=-0.5044
  E100/200: loss=0.0645 tr_acc=97.65% te_acc=89.00% wn=93.08 CSI=0.0870 AIS=0.4116 BEM=-0.5119
Traceback (most recent call last):
  File "/home/ccwang/sibyl-research-system/workspaces/dynamic-wd/iter_005/exp/code/train_unified.py", line 376, in <module>
    main()
  File "/home/ccwang/sibyl-research-system/workspaces/dynamic-wd/iter_005/exp/code/train_unified.py", line 372, in main
    run_training(config)
  File "/home/ccwang/sibyl-research-system/workspaces/dynamic-wd/iter_005/exp/code/train_unified.py", line 309, in run_training
    with open(epoch_log_path, 'a') as f:
         ^^^^^^^^^^^^^^^^^^^^^^^^^
FileNotFoundError: [Errno 2] No such file or directory: '/home/ccwang/sibyl-research-system/workspaces/dynamic-wd/current/exp/results/full/rho_sweep/cifar10/rho_low/cwd_hard/seed_123/epoch_metrics.jsonl'
rho_low Method=cwd_hard Seed=456
/home/ccwang/miniforge3/bin/python3: can't open file '/home/ccwang/sibyl-research-system/workspaces/dynamic-wd/iter_006/exp/code/train_unified.py': [Errno 2] No such file or directory
rho_low Method=half_lambda Seed=42
/home/ccwang/miniforge3/bin/python3: can't open file '/home/ccwang/sibyl-research-system/workspaces/dynamic-wd/iter_006/exp/code/train_unified.py': [Errno 2] No such file or directory
rho_low Method=half_lambda Seed=123
/home/ccwang/miniforge3/bin/python3: can't open file '/home/ccwang/sibyl-research-system/workspaces/dynamic-wd/iter_006/exp/code/train_unified.py': [Errno 2] No such file or directory
rho_low Method=half_lambda Seed=456
/home/ccwang/miniforge3/bin/python3: can't open file '/home/ccwang/sibyl-research-system/workspaces/dynamic-wd/iter_006/exp/code/train_unified.py': [Errno 2] No such file or directory
rho_low Method=no_wd Seed=42
/home/ccwang/miniforge3/bin/python3: can't open file '/home/ccwang/sibyl-research-system/workspaces/dynamic-wd/iter_006/exp/code/train_unified.py': [Errno 2] No such file or directory
rho_low Method=no_wd Seed=123
/home/ccwang/miniforge3/bin/python3: can't open file '/home/ccwang/sibyl-research-system/workspaces/dynamic-wd/iter_006/exp/code/train_unified.py': [Errno 2] No such file or directory
rho_low Method=no_wd Seed=456
/home/ccwang/miniforge3/bin/python3: can't open file '/home/ccwang/sibyl-research-system/workspaces/dynamic-wd/iter_006/exp/code/train_unified.py': [Errno 2] No such file or directory
--- rho_high (wd=5e-3) ---
rho_high Method=constant Seed=42
/home/ccwang/miniforge3/bin/python3: can't open file '/home/ccwang/sibyl-research-system/workspaces/dynamic-wd/iter_006/exp/code/train_unified.py': [Errno 2] No such file or directory
rho_high Method=constant Seed=123
/home/ccwang/miniforge3/bin/python3: can't open file '/home/ccwang/sibyl-research-system/workspaces/dynamic-wd/iter_006/exp/code/train_unified.py': [Errno 2] No such file or directory
rho_high Method=constant Seed=456
/home/ccwang/miniforge3/bin/python3: can't open file '/home/ccwang/sibyl-research-system/workspaces/dynamic-wd/iter_006/exp/code/train_unified.py': [Errno 2] No such file or directory
rho_high Method=cwd_hard Seed=42
/home/ccwang/miniforge3/bin/python3: can't open file '/home/ccwang/sibyl-research-system/workspaces/dynamic-wd/iter_006/exp/code/train_unified.py': [Errno 2] No such file or directory
rho_high Method=cwd_hard Seed=123
/home/ccwang/miniforge3/bin/python3: can't open file '/home/ccwang/sibyl-research-system/workspaces/dynamic-wd/iter_006/exp/code/train_unified.py': [Errno 2] No such file or directory
rho_high Method=cwd_hard Seed=456
/home/ccwang/miniforge3/bin/python3: can't open file '/home/ccwang/sibyl-research-system/workspaces/dynamic-wd/iter_006/exp/code/train_unified.py': [Errno 2] No such file or directory
rho_high Method=half_lambda Seed=42
/home/ccwang/miniforge3/bin/python3: can't open file '/home/ccwang/sibyl-research-system/workspaces/dynamic-wd/iter_006/exp/code/train_unified.py': [Errno 2] No such file or directory
rho_high Method=half_lambda Seed=123
/home/ccwang/miniforge3/bin/python3: can't open file '/home/ccwang/sibyl-research-system/workspaces/dynamic-wd/iter_006/exp/code/train_unified.py': [Errno 2] No such file or directory
rho_high Method=half_lambda Seed=456
/home/ccwang/miniforge3/bin/python3: can't open file '/home/ccwang/sibyl-research-system/workspaces/dynamic-wd/iter_006/exp/code/train_unified.py': [Errno 2] No such file or directory
rho_high Method=no_wd Seed=42
/home/ccwang/miniforge3/bin/python3: can't open file '/home/ccwang/sibyl-research-system/workspaces/dynamic-wd/iter_006/exp/code/train_unified.py': [Errno 2] No such file or directory
rho_high Method=no_wd Seed=123
/home/ccwang/miniforge3/bin/python3: can't open file '/home/ccwang/sibyl-research-system/workspaces/dynamic-wd/iter_006/exp/code/train_unified.py': [Errno 2] No such file or directory
rho_high Method=no_wd Seed=456
/home/ccwang/miniforge3/bin/python3: can't open file '/home/ccwang/sibyl-research-system/workspaces/dynamic-wd/iter_006/exp/code/train_unified.py': [Errno 2] No such file or directory
All Rho Sweep runs done.
