=== VGG-16-BN CIFAR-10 Full: GPU=1 ===
Method=constant Seed=42
============================================================
Training vgg16_bn on cifar10
WD method: constant, base WD: 0.0005
Epochs: 200, LR: 0.001, Batch: 128
Seed: 42, Device: cuda:1
Output: /home/ccwang/sibyl-research-system/workspaces/dynamic-wd/current/exp/results/full/vgg16bn/cifar10/constant/seed_42
============================================================
  E  0/200: loss=1.8886 tr_acc=22.08% te_acc=31.34% wn=121.86 CSI=0.0000 AIS=0.4252 BEM=0.0000
  E 10/200: loss=0.5820 tr_acc=81.55% te_acc=79.51% wn=259.12 CSI=0.2962 AIS=0.2783 BEM=0.0000
  E 20/200: loss=0.3421 tr_acc=89.46% te_acc=86.16% wn=340.72 CSI=0.0569 AIS=0.3563 BEM=0.0000
  E 30/200: loss=0.2221 tr_acc=93.10% te_acc=88.40% wn=409.06 CSI=0.0812 AIS=0.2602 BEM=0.0000
  E 40/200: loss=0.1516 tr_acc=95.35% te_acc=88.67% wn=464.02 CSI=0.1087 AIS=0.2213 BEM=0.0000
  E 50/200: loss=0.1082 tr_acc=96.74% te_acc=89.67% wn=508.85 CSI=0.1014 AIS=0.2064 BEM=0.0000
  E 60/200: loss=0.0752 tr_acc=97.78% te_acc=90.16% wn=546.32 CSI=0.1986 AIS=0.1340 BEM=0.0000
  E 70/200: loss=0.0563 tr_acc=98.30% te_acc=89.90% wn=575.14 CSI=0.1050 AIS=0.1732 BEM=0.0000
  E 80/200: loss=0.0424 tr_acc=98.78% te_acc=90.48% wn=598.10 CSI=0.0976 AIS=0.1541 BEM=0.0000
  E 90/200: loss=0.0322 tr_acc=99.01% te_acc=90.82% wn=615.08 CSI=0.2284 AIS=0.2282 BEM=0.0000
  E100/200: loss=0.0245 tr_acc=99.25% te_acc=90.89% wn=627.48 CSI=0.1410 AIS=0.2506 BEM=0.0000
  E110/200: loss=0.0144 tr_acc=99.57% te_acc=90.96% wn=637.80 CSI=0.5203 AIS=0.1680 BEM=0.0000
  E120/200: loss=0.0129 tr_acc=99.62% te_acc=91.53% wn=643.37 CSI=0.1323 AIS=0.1233 BEM=0.0000
  E130/200: loss=0.0094 tr_acc=99.73% te_acc=91.59% wn=647.02 CSI=0.3744 AIS=0.2116 BEM=0.0000
  E140/200: loss=0.0052 tr_acc=99.87% te_acc=91.62% wn=649.61 CSI=0.5764 AIS=0.1495 BEM=0.0000
  E150/200: loss=0.0034 tr_acc=99.88% te_acc=91.68% wn=650.76 CSI=0.4398 AIS=0.2300 BEM=0.0000
  E160/200: loss=0.0022 tr_acc=99.93% te_acc=91.80% wn=651.26 CSI=0.4580 AIS=0.2024 BEM=0.0000
  E170/200: loss=0.0014 tr_acc=99.96% te_acc=91.80% wn=651.38 CSI=1.8126 AIS=0.3279 BEM=0.0000
  E180/200: loss=0.0007 tr_acc=99.98% te_acc=91.93% wn=651.47 CSI=1.1233 AIS=0.2247 BEM=0.0000
  E190/200: loss=0.0008 tr_acc=99.99% te_acc=91.87% wn=651.50 CSI=1.0718 AIS=0.1682 BEM=0.0000
  E199/200: loss=0.0007 tr_acc=99.98% te_acc=91.94% wn=651.50 CSI=1.1741 AIS=0.1756 BEM=0.0000

Done! Best: 92.03%, Time: 796.8s
Method=constant Seed=123
============================================================
Training vgg16_bn on cifar10
WD method: constant, base WD: 0.0005
Epochs: 200, LR: 0.001, Batch: 128
Seed: 123, Device: cuda:1
Output: /home/ccwang/sibyl-research-system/workspaces/dynamic-wd/current/exp/results/full/vgg16bn/cifar10/constant/seed_123
============================================================
  E  0/200: loss=1.9176 tr_acc=20.70% te_acc=27.38% wn=121.75 CSI=0.0000 AIS=0.4470 BEM=0.0000
  E 10/200: loss=0.5955 tr_acc=81.03% te_acc=79.81% wn=257.84 CSI=0.2798 AIS=0.2920 BEM=0.0000
  E 20/200: loss=0.3586 tr_acc=88.81% te_acc=84.19% wn=338.32 CSI=0.0730 AIS=0.2726 BEM=0.0000
  E 30/200: loss=0.2390 tr_acc=92.59% te_acc=87.60% wn=406.45 CSI=0.0584 AIS=0.2401 BEM=0.0000
  E 40/200: loss=0.1646 tr_acc=95.03% te_acc=88.82% wn=462.57 CSI=0.0919 AIS=0.1521 BEM=0.0000
  E 50/200: loss=0.1206 tr_acc=96.50% te_acc=89.40% wn=508.48 CSI=0.0633 AIS=0.2268 BEM=0.0000
  E 60/200: loss=0.0808 tr_acc=97.59% te_acc=89.66% wn=547.51 CSI=0.1886 AIS=0.3402 BEM=0.0000
  E 70/200: loss=0.0582 tr_acc=98.20% te_acc=89.79% wn=577.02 CSI=0.2833 AIS=0.2595 BEM=0.0000
  E 80/200: loss=0.0418 tr_acc=98.72% te_acc=90.20% wn=599.91 CSI=0.2499 AIS=0.2123 BEM=0.0000
  E 90/200: loss=0.0323 tr_acc=99.05% te_acc=90.59% wn=618.42 CSI=0.1841 AIS=0.1934 BEM=0.0000
  E100/200: loss=0.0269 tr_acc=99.21% te_acc=90.62% wn=631.06 CSI=0.1953 AIS=0.2948 BEM=0.0000
  E110/200: loss=0.0188 tr_acc=99.46% te_acc=91.28% wn=640.69 CSI=0.2226 AIS=0.2449 BEM=0.0000
  E120/200: loss=0.0148 tr_acc=99.60% te_acc=90.95% wn=647.00 CSI=0.1986 AIS=0.1541 BEM=0.0000
  E130/200: loss=0.0093 tr_acc=99.74% te_acc=91.39% wn=651.12 CSI=0.1992 AIS=0.2428 BEM=0.0000
  E140/200: loss=0.0074 tr_acc=99.78% te_acc=91.54% wn=653.61 CSI=0.2261 AIS=0.1937 BEM=0.0000
  E150/200: loss=0.0039 tr_acc=99.89% te_acc=91.42% wn=654.73 CSI=0.6035 AIS=0.2122 BEM=0.0000
  E160/200: loss=0.0029 tr_acc=99.91% te_acc=91.64% wn=655.07 CSI=0.9876 AIS=0.2307 BEM=0.0000
  E170/200: loss=0.0012 tr_acc=99.97% te_acc=91.83% wn=655.23 CSI=1.1369 AIS=0.2506 BEM=0.0000
  E180/200: loss=0.0012 tr_acc=99.96% te_acc=91.96% wn=655.32 CSI=1.1736 AIS=0.3186 BEM=0.0000
  E190/200: loss=0.0013 tr_acc=99.97% te_acc=91.98% wn=655.35 CSI=0.9278 AIS=0.2255 BEM=0.0000
  E199/200: loss=0.0007 tr_acc=99.98% te_acc=91.94% wn=655.35 CSI=1.9111 AIS=0.2338 BEM=0.0000

Done! Best: 92.00%, Time: 766.7s
Method=constant Seed=456
============================================================
Training vgg16_bn on cifar10
WD method: constant, base WD: 0.0005
Epochs: 200, LR: 0.001, Batch: 128
Seed: 456, Device: cuda:1
Output: /home/ccwang/sibyl-research-system/workspaces/dynamic-wd/current/exp/results/full/vgg16bn/cifar10/constant/seed_456
============================================================
  E  0/200: loss=1.8956 tr_acc=20.79% te_acc=30.65% wn=120.83 CSI=0.0000 AIS=0.4109 BEM=0.0000
  E 10/200: loss=0.5541 tr_acc=82.37% te_acc=82.31% wn=256.77 CSI=0.3016 AIS=0.3338 BEM=0.0000
  E 20/200: loss=0.3323 tr_acc=89.56% te_acc=85.93% wn=339.39 CSI=0.0740 AIS=0.2247 BEM=0.0000
  E 30/200: loss=0.2228 tr_acc=93.13% te_acc=87.69% wn=408.47 CSI=0.1142 AIS=0.1610 BEM=0.0000
  E 40/200: loss=0.1492 tr_acc=95.38% te_acc=88.67% wn=463.87 CSI=0.1079 AIS=0.2012 BEM=0.0000
  E 50/200: loss=0.1034 tr_acc=96.92% te_acc=90.34% wn=509.47 CSI=0.1867 AIS=0.2394 BEM=0.0000
  E 60/200: loss=0.0740 tr_acc=97.76% te_acc=90.20% wn=545.24 CSI=0.4496 AIS=0.1147 BEM=0.0000
  E 70/200: loss=0.0506 tr_acc=98.50% te_acc=90.11% wn=571.96 CSI=0.1817 AIS=0.1085 BEM=0.0000
  E 80/200: loss=0.0406 tr_acc=98.79% te_acc=91.04% wn=593.77 CSI=0.1110 AIS=0.1162 BEM=0.0000
  E 90/200: loss=0.0293 tr_acc=99.13% te_acc=90.91% wn=609.91 CSI=0.1655 AIS=0.3402 BEM=0.0000
  E100/200: loss=0.0201 tr_acc=99.38% te_acc=91.10% wn=623.92 CSI=0.8272 AIS=0.2676 BEM=0.0000
  E110/200: loss=0.0159 tr_acc=99.58% te_acc=91.22% wn=631.95 CSI=0.1727 AIS=0.1988 BEM=0.0000
  E120/200: loss=0.0117 tr_acc=99.63% te_acc=91.13% wn=637.65 CSI=0.2540 AIS=0.2219 BEM=0.0000
  E130/200: loss=0.0045 tr_acc=99.87% te_acc=91.49% wn=641.74 CSI=1.9406 AIS=0.1722 BEM=0.0000
  E140/200: loss=0.0063 tr_acc=99.83% te_acc=91.52% wn=643.46 CSI=0.2763 AIS=0.1732 BEM=0.0000
  E150/200: loss=0.0040 tr_acc=99.89% te_acc=91.31% wn=644.60 CSI=0.4316 AIS=0.2431 BEM=0.0000
  E160/200: loss=0.0021 tr_acc=99.95% te_acc=91.57% wn=645.06 CSI=0.7699 AIS=0.3179 BEM=0.0000
  E170/200: loss=0.0011 tr_acc=99.97% te_acc=91.91% wn=645.26 CSI=1.0554 AIS=0.3037 BEM=0.0000
  E180/200: loss=0.0008 tr_acc=99.98% te_acc=91.95% wn=645.36 CSI=1.1122 AIS=0.3938 BEM=0.0000
  E190/200: loss=0.0013 tr_acc=99.97% te_acc=92.00% wn=645.39 CSI=0.9019 AIS=0.2281 BEM=0.0000
  E199/200: loss=0.0009 tr_acc=99.98% te_acc=92.07% wn=645.39 CSI=1.6511 AIS=0.2415 BEM=0.0000

Done! Best: 92.12%, Time: 768.9s
Method=cwd_hard Seed=42
============================================================
Training vgg16_bn on cifar10
WD method: cwd_hard, base WD: 0.0005
Epochs: 200, LR: 0.001, Batch: 128
Seed: 42, Device: cuda:1
Output: /home/ccwang/sibyl-research-system/workspaces/dynamic-wd/current/exp/results/full/vgg16bn/cifar10/cwd_hard/seed_42
============================================================
  E  0/200: loss=1.8860 tr_acc=22.34% te_acc=29.32% wn=122.20 CSI=0.0000 AIS=0.3110 BEM=-0.3000
  E 10/200: loss=0.5838 tr_acc=81.53% te_acc=79.85% wn=255.26 CSI=0.2813 AIS=0.2815 BEM=-0.4091
  E 20/200: loss=0.3462 tr_acc=89.19% te_acc=84.57% wn=338.83 CSI=0.0612 AIS=0.2768 BEM=-0.4381
  E 30/200: loss=0.2296 tr_acc=92.82% te_acc=87.69% wn=409.67 CSI=0.0843 AIS=0.2452 BEM=-0.4742
  E 40/200: loss=0.1587 tr_acc=95.04% te_acc=89.40% wn=465.33 CSI=0.1501 AIS=0.2184 BEM=-0.4780
  E 50/200: loss=0.1072 tr_acc=96.74% te_acc=89.51% wn=513.60 CSI=0.1890 AIS=0.1541 BEM=-0.4804
  E 60/200: loss=0.0757 tr_acc=97.65% te_acc=90.13% wn=550.08 CSI=0.1451 AIS=0.1732 BEM=-0.4787
  E 70/200: loss=0.0567 tr_acc=98.35% te_acc=90.63% wn=580.81 CSI=0.2381 AIS=0.0958 BEM=-0.4775
  E 80/200: loss=0.0436 tr_acc=98.72% te_acc=90.96% wn=603.24 CSI=0.1464 AIS=0.2401 BEM=-0.4802
  E 90/200: loss=0.0356 tr_acc=98.96% te_acc=90.92% wn=620.18 CSI=0.0864 AIS=0.1906 BEM=-0.4835
  E100/200: loss=0.0262 tr_acc=99.19% te_acc=91.31% wn=633.82 CSI=0.1855 AIS=0.2548 BEM=-0.4802
  E110/200: loss=0.0149 tr_acc=99.53% te_acc=91.29% wn=642.19 CSI=0.2156 AIS=0.2401 BEM=-0.4874
  E120/200: loss=0.0128 tr_acc=99.61% te_acc=91.51% wn=649.04 CSI=0.2083 AIS=0.1676 BEM=-0.4843
  E130/200: loss=0.0079 tr_acc=99.76% te_acc=91.94% wn=653.13 CSI=0.2314 AIS=0.2728 BEM=-0.4908
  E140/200: loss=0.0077 tr_acc=99.80% te_acc=91.97% wn=656.05 CSI=0.2295 AIS=0.2479 BEM=-0.5014
  E150/200: loss=0.0043 tr_acc=99.88% te_acc=91.96% wn=657.48 CSI=0.7070 AIS=0.2565 BEM=-0.4987
  E160/200: loss=0.0026 tr_acc=99.92% te_acc=91.94% wn=658.25 CSI=0.5148 AIS=0.2541 BEM=-0.5031
  E170/200: loss=0.0019 tr_acc=99.94% te_acc=92.18% wn=658.54 CSI=1.3880 AIS=0.2338 BEM=-0.5023
  E180/200: loss=0.0013 tr_acc=99.97% te_acc=92.22% wn=658.67 CSI=1.0322 AIS=0.2173 BEM=-0.4978
  E190/200: loss=0.0006 tr_acc=99.98% te_acc=92.25% wn=658.71 CSI=0.6984 AIS=0.1732 BEM=-0.5016
  E199/200: loss=0.0006 tr_acc=99.98% te_acc=92.31% wn=658.71 CSI=1.3699 AIS=0.2291 BEM=-0.5005

Done! Best: 92.32%, Time: 1019.3s
Method=cwd_hard Seed=123
============================================================
Training vgg16_bn on cifar10
WD method: cwd_hard, base WD: 0.0005
Epochs: 200, LR: 0.001, Batch: 128
Seed: 123, Device: cuda:1
Output: /home/ccwang/sibyl-research-system/workspaces/dynamic-wd/current/exp/results/full/vgg16bn/cifar10/cwd_hard/seed_123
============================================================
  E  0/200: loss=1.9202 tr_acc=19.94% te_acc=26.98% wn=119.75 CSI=0.0000 AIS=0.4871 BEM=-0.3000
  E 10/200: loss=0.5813 tr_acc=81.41% te_acc=79.85% wn=260.18 CSI=0.3335 AIS=0.2726 BEM=-0.4909
  E 20/200: loss=0.3510 tr_acc=89.15% te_acc=86.09% wn=342.00 CSI=0.0618 AIS=0.2156 BEM=-0.5000
  E 30/200: loss=0.2373 tr_acc=92.69% te_acc=88.51% wn=410.57 CSI=0.0939 AIS=0.2957 BEM=-0.5129
  E 40/200: loss=0.1621 tr_acc=94.96% te_acc=89.14% wn=468.77 CSI=0.0707 AIS=0.1875 BEM=-0.5146
  E 50/200: loss=0.1157 tr_acc=96.56% te_acc=90.12% wn=513.42 CSI=0.1063 AIS=0.2340 BEM=-0.5235
  E 60/200: loss=0.0787 tr_acc=97.60% te_acc=90.47% wn=549.71 CSI=0.1929 AIS=0.1931 BEM=-0.5197
  E 70/200: loss=0.0584 tr_acc=98.26% te_acc=90.71% wn=579.72 CSI=0.3229 AIS=0.1656 BEM=-0.5268
  E 80/200: loss=0.0414 tr_acc=98.76% te_acc=90.32% wn=600.33 CSI=0.0563 AIS=0.1515 BEM=-0.5321
  E 90/200: loss=0.0312 tr_acc=99.07% te_acc=91.15% wn=618.29 CSI=0.1777 AIS=0.2839 BEM=-0.5231
  E100/200: loss=0.0229 tr_acc=99.32% te_acc=90.87% wn=630.18 CSI=0.1369 AIS=0.1656 BEM=-0.5218
  E110/200: loss=0.0278 tr_acc=99.19% te_acc=91.10% wn=643.04 CSI=0.5362 AIS=0.0799 BEM=-0.5297
  E120/200: loss=0.0108 tr_acc=99.69% te_acc=91.27% wn=647.30 CSI=0.1678 AIS=0.2031 BEM=-0.5314
  E130/200: loss=0.0088 tr_acc=99.75% te_acc=91.49% wn=650.98 CSI=0.3246 AIS=0.2446 BEM=-0.5298
  E140/200: loss=0.0060 tr_acc=99.82% te_acc=91.62% wn=653.86 CSI=0.6780 AIS=0.1942 BEM=-0.5390
  E150/200: loss=0.0036 tr_acc=99.89% te_acc=91.51% wn=655.24 CSI=0.3517 AIS=0.1991 BEM=-0.5344
  E160/200: loss=0.0022 tr_acc=99.93% te_acc=91.79% wn=655.65 CSI=0.6569 AIS=0.1755 BEM=-0.5311
  E170/200: loss=0.0016 tr_acc=99.94% te_acc=91.77% wn=655.89 CSI=0.9667 AIS=0.2094 BEM=-0.5333
  E180/200: loss=0.0017 tr_acc=99.96% te_acc=91.91% wn=656.01 CSI=0.8937 AIS=0.2835 BEM=-0.5331
  E190/200: loss=0.0009 tr_acc=99.98% te_acc=91.99% wn=656.06 CSI=2.4706 AIS=0.1779 BEM=-0.5346
  E199/200: loss=0.0006 tr_acc=99.98% te_acc=91.97% wn=656.06 CSI=1.3053 AIS=0.3413 BEM=-0.5335

Done! Best: 92.04%, Time: 1021.0s
Method=cwd_hard Seed=456
============================================================
Training vgg16_bn on cifar10
WD method: cwd_hard, base WD: 0.0005
Epochs: 200, LR: 0.001, Batch: 128
Seed: 456, Device: cuda:1
Output: /home/ccwang/sibyl-research-system/workspaces/dynamic-wd/current/exp/results/full/vgg16bn/cifar10/cwd_hard/seed_456
============================================================
  E  0/200: loss=1.8783 tr_acc=21.83% te_acc=30.19% wn=122.85 CSI=0.0000 AIS=0.3542 BEM=-0.6000
  E 10/200: loss=0.5562 tr_acc=82.38% te_acc=83.01% wn=257.67 CSI=0.3044 AIS=0.2213 BEM=-0.5909
  E 20/200: loss=0.3312 tr_acc=89.66% te_acc=86.65% wn=339.77 CSI=0.0626 AIS=0.3006 BEM=-0.5524
  E 30/200: loss=0.2178 tr_acc=93.47% te_acc=87.41% wn=409.19 CSI=0.0816 AIS=0.2340 BEM=-0.5548
  E 40/200: loss=0.1453 tr_acc=95.58% te_acc=89.03% wn=465.33 CSI=0.1732 AIS=0.2081 BEM=-0.5463
  E 50/200: loss=0.1028 tr_acc=96.95% te_acc=90.16% wn=511.78 CSI=0.1884 AIS=0.1722 BEM=-0.5333
  E 60/200: loss=0.0718 tr_acc=97.86% te_acc=90.50% wn=545.96 CSI=0.0962 AIS=0.2340 BEM=-0.5213
  E 70/200: loss=0.0578 tr_acc=98.30% te_acc=90.13% wn=574.75 CSI=0.2590 AIS=0.1755 BEM=-0.5338
  E 80/200: loss=0.0427 tr_acc=98.73% te_acc=90.15% wn=599.96 CSI=0.4360 AIS=0.2452 BEM=-0.5420
  E 90/200: loss=0.0277 tr_acc=99.18% te_acc=90.76% wn=616.27 CSI=0.2409 AIS=0.2263 BEM=-0.5407
  E100/200: loss=0.0193 tr_acc=99.43% te_acc=90.91% wn=629.46 CSI=0.2340 AIS=0.1991 BEM=-0.5327
  E110/200: loss=0.0184 tr_acc=99.45% te_acc=90.86% wn=638.39 CSI=0.2509 AIS=0.1515 BEM=-0.5270
  E120/200: loss=0.0121 tr_acc=99.65% te_acc=91.21% wn=644.94 CSI=0.2423 AIS=0.1409 BEM=-0.5306
  E130/200: loss=0.0074 tr_acc=99.79% te_acc=91.37% wn=649.77 CSI=1.6963 AIS=0.1366 BEM=-0.5206
  E140/200: loss=0.0052 tr_acc=99.83% te_acc=91.62% wn=651.67 CSI=0.2358 AIS=0.3711 BEM=-0.5213
  E150/200: loss=0.0031 tr_acc=99.92% te_acc=91.23% wn=652.87 CSI=0.4185 AIS=0.2924 BEM=-0.5185
  E160/200: loss=0.0039 tr_acc=99.89% te_acc=91.38% wn=653.57 CSI=0.4606 AIS=0.1610 BEM=-0.5205
  E170/200: loss=0.0011 tr_acc=99.96% te_acc=91.64% wn=653.81 CSI=0.8483 AIS=0.1803 BEM=-0.5234
  E180/200: loss=0.0008 tr_acc=99.98% te_acc=91.49% wn=653.90 CSI=0.9937 AIS=0.2923 BEM=-0.5315
  E190/200: loss=0.0006 tr_acc=99.98% te_acc=91.74% wn=653.92 CSI=1.1786 AIS=0.2016 BEM=-0.5314
  E199/200: loss=0.0006 tr_acc=99.98% te_acc=91.77% wn=653.92 CSI=1.3696 AIS=0.3640 BEM=-0.5305

Done! Best: 91.81%, Time: 1031.7s
Method=half_lambda Seed=42
============================================================
Training vgg16_bn on cifar10
WD method: half_lambda, base WD: 0.0005
Epochs: 200, LR: 0.001, Batch: 128
Seed: 42, Device: cuda:1
Output: /home/ccwang/sibyl-research-system/workspaces/dynamic-wd/current/exp/results/full/vgg16bn/cifar10/half_lambda/seed_42
============================================================
  E  0/200: loss=1.8950 tr_acc=21.92% te_acc=31.87% wn=121.53 CSI=0.0000 AIS=0.4088 BEM=-0.5000
  E 10/200: loss=0.5823 tr_acc=81.45% te_acc=79.78% wn=254.55 CSI=0.2956 AIS=0.3893 BEM=-0.5000
  E 20/200: loss=0.3381 tr_acc=89.54% te_acc=85.98% wn=336.43 CSI=0.0577 AIS=0.2417 BEM=-0.5000
  E 30/200: loss=0.2265 tr_acc=92.85% te_acc=88.62% wn=405.95 CSI=0.0798 AIS=0.1085 BEM=-0.5000
  E 40/200: loss=0.1534 tr_acc=95.19% te_acc=89.14% wn=461.60 CSI=0.1146 AIS=0.2123 BEM=-0.5000
  E 50/200: loss=0.1106 tr_acc=96.63% te_acc=89.82% wn=511.70 CSI=0.2271 AIS=0.2087 BEM=-0.5000
  E 60/200: loss=0.0789 tr_acc=97.66% te_acc=90.46% wn=546.53 CSI=0.1239 AIS=0.1930 BEM=-0.5000
  E 70/200: loss=0.0553 tr_acc=98.28% te_acc=90.74% wn=575.28 CSI=0.1453 AIS=0.2012 BEM=-0.5000
  E 80/200: loss=0.0410 tr_acc=98.78% te_acc=90.64% wn=598.08 CSI=0.1676 AIS=0.1085 BEM=-0.5000
  E 90/200: loss=0.0322 tr_acc=99.07% te_acc=90.71% wn=616.06 CSI=0.1909 AIS=0.2184 BEM=-0.5000
  E100/200: loss=0.0227 tr_acc=99.31% te_acc=90.85% wn=628.02 CSI=0.1378 AIS=0.0688 BEM=-0.5000
  E110/200: loss=0.0179 tr_acc=99.47% te_acc=91.33% wn=637.09 CSI=0.4170 AIS=0.2428 BEM=-0.5000
  E120/200: loss=0.0114 tr_acc=99.67% te_acc=91.43% wn=643.41 CSI=0.1784 AIS=0.1755 BEM=-0.5000
  E130/200: loss=0.0066 tr_acc=99.80% te_acc=91.15% wn=647.42 CSI=0.3745 AIS=0.2750 BEM=-0.5000
  E140/200: loss=0.0056 tr_acc=99.82% te_acc=91.48% wn=650.41 CSI=0.7437 AIS=0.1746 BEM=-0.5000
  E150/200: loss=0.0035 tr_acc=99.90% te_acc=91.58% wn=651.56 CSI=0.4180 AIS=0.2874 BEM=-0.5000
  E160/200: loss=0.0019 tr_acc=99.94% te_acc=91.57% wn=652.09 CSI=0.5562 AIS=0.2606 BEM=-0.5000
  E170/200: loss=0.0013 tr_acc=99.97% te_acc=91.69% wn=652.40 CSI=0.8254 AIS=0.1937 BEM=-0.5000
  E180/200: loss=0.0009 tr_acc=99.97% te_acc=91.88% wn=652.54 CSI=0.5778 AIS=0.2639 BEM=-0.5000
  E190/200: loss=0.0006 tr_acc=99.99% te_acc=91.94% wn=652.54 CSI=1.4373 AIS=0.1729 BEM=-0.5000
  E199/200: loss=0.0004 tr_acc=99.99% te_acc=91.92% wn=652.54 CSI=1.5049 AIS=0.3052 BEM=-0.5000

Done! Best: 92.00%, Time: 825.7s
Method=half_lambda Seed=123
============================================================
Training vgg16_bn on cifar10
WD method: half_lambda, base WD: 0.0005
Epochs: 200, LR: 0.001, Batch: 128
Seed: 123, Device: cuda:1
Output: /home/ccwang/sibyl-research-system/workspaces/dynamic-wd/current/exp/results/full/vgg16bn/cifar10/half_lambda/seed_123
============================================================
  E  0/200: loss=1.9256 tr_acc=19.64% te_acc=24.98% wn=120.25 CSI=0.0000 AIS=0.4429 BEM=-0.5000
  E 10/200: loss=0.6031 tr_acc=80.82% te_acc=81.26% wn=260.55 CSI=0.2659 AIS=0.2998 BEM=-0.5000
  E 20/200: loss=0.3656 tr_acc=88.60% te_acc=86.87% wn=344.54 CSI=0.0627 AIS=0.1562 BEM=-0.5000
  E 30/200: loss=0.2452 tr_acc=92.58% te_acc=88.09% wn=412.88 CSI=0.0731 AIS=0.2357 BEM=-0.5000
  E 40/200: loss=0.1653 tr_acc=94.91% te_acc=88.66% wn=468.74 CSI=0.0815 AIS=0.1906 BEM=-0.5000
  E 50/200: loss=0.1158 tr_acc=96.52% te_acc=89.76% wn=515.64 CSI=0.1116 AIS=0.2209 BEM=-0.5000
  E 60/200: loss=0.0879 tr_acc=97.38% te_acc=89.82% wn=551.05 CSI=0.1680 AIS=0.2867 BEM=-0.5000
  E 70/200: loss=0.0597 tr_acc=98.18% te_acc=90.55% wn=580.30 CSI=0.0862 AIS=0.2123 BEM=-0.5000
  E 80/200: loss=0.0456 tr_acc=98.71% te_acc=90.56% wn=602.58 CSI=0.1049 AIS=0.1822 BEM=-0.5000
  E 90/200: loss=0.0336 tr_acc=99.03% te_acc=90.68% wn=619.45 CSI=0.1407 AIS=0.2038 BEM=-0.5000
  E100/200: loss=0.0246 tr_acc=99.29% te_acc=90.76% wn=632.63 CSI=0.3098 AIS=0.2515 BEM=-0.5000
  E110/200: loss=0.0163 tr_acc=99.54% te_acc=90.81% wn=641.87 CSI=0.2738 AIS=0.1375 BEM=-0.5000
  E120/200: loss=0.0148 tr_acc=99.58% te_acc=91.18% wn=648.15 CSI=0.2785 AIS=0.2466 BEM=-0.5000
  E130/200: loss=0.0078 tr_acc=99.76% te_acc=91.38% wn=652.54 CSI=0.2149 AIS=0.1197 BEM=-0.5000
  E140/200: loss=0.0061 tr_acc=99.83% te_acc=91.74% wn=654.54 CSI=0.2822 AIS=0.1872 BEM=-0.5000
  E150/200: loss=0.0051 tr_acc=99.87% te_acc=91.83% wn=655.84 CSI=0.4997 AIS=0.0447 BEM=-0.5000
  E160/200: loss=0.0029 tr_acc=99.93% te_acc=91.81% wn=656.36 CSI=0.3436 AIS=0.2770 BEM=-0.5000
  E170/200: loss=0.0017 tr_acc=99.95% te_acc=91.97% wn=656.76 CSI=0.6016 AIS=0.2868 BEM=-0.5000
  E180/200: loss=0.0008 tr_acc=99.98% te_acc=92.11% wn=656.87 CSI=0.8608 AIS=0.1974 BEM=-0.5000
  E190/200: loss=0.0006 tr_acc=99.97% te_acc=92.08% wn=656.91 CSI=1.0935 AIS=0.2851 BEM=-0.5000
  E199/200: loss=0.0008 tr_acc=99.99% te_acc=92.16% wn=656.91 CSI=1.5088 AIS=0.3052 BEM=-0.5000

Done! Best: 92.18%, Time: 840.3s
Method=half_lambda Seed=456
============================================================
Training vgg16_bn on cifar10
WD method: half_lambda, base WD: 0.0005
Epochs: 200, LR: 0.001, Batch: 128
Seed: 456, Device: cuda:1
Output: /home/ccwang/sibyl-research-system/workspaces/dynamic-wd/current/exp/results/full/vgg16bn/cifar10/half_lambda/seed_456
============================================================
  E  0/200: loss=1.8818 tr_acc=21.78% te_acc=32.18% wn=121.55 CSI=0.0000 AIS=0.4145 BEM=-0.5000
  E 10/200: loss=0.5583 tr_acc=82.29% te_acc=80.80% wn=256.57 CSI=0.2964 AIS=0.3063 BEM=-0.5000
  E 20/200: loss=0.3344 tr_acc=89.57% te_acc=85.83% wn=340.25 CSI=0.0779 AIS=0.2867 BEM=-0.5000
  E 30/200: loss=0.2254 tr_acc=93.09% te_acc=88.42% wn=410.75 CSI=0.0880 AIS=0.1934 BEM=-0.5000
  E 40/200: loss=0.1550 tr_acc=95.29% te_acc=88.14% wn=465.99 CSI=0.0874 AIS=0.1986 BEM=-0.5000
  E 50/200: loss=0.1108 tr_acc=96.78% te_acc=88.99% wn=511.42 CSI=0.1314 AIS=0.2401 BEM=-0.5000
  E 60/200: loss=0.0814 tr_acc=97.61% te_acc=90.36% wn=547.49 CSI=0.1155 AIS=0.1732 BEM=-0.5000
  E 70/200: loss=0.0566 tr_acc=98.33% te_acc=90.18% wn=576.38 CSI=0.1963 AIS=0.1732 BEM=-0.5000
  E 80/200: loss=0.0377 tr_acc=98.86% te_acc=90.18% wn=599.96 CSI=0.1469 AIS=0.0932 BEM=-0.5000
  E 90/200: loss=0.0310 tr_acc=99.14% te_acc=90.70% wn=617.07 CSI=0.2053 AIS=0.2755 BEM=-0.5000
  E100/200: loss=0.0221 tr_acc=99.36% te_acc=91.08% wn=629.30 CSI=0.2520 AIS=0.2213 BEM=-0.5000
  E110/200: loss=0.0161 tr_acc=99.54% te_acc=91.14% wn=638.70 CSI=0.1610 AIS=0.1515 BEM=-0.5000
  E120/200: loss=0.0102 tr_acc=99.71% te_acc=91.02% wn=645.13 CSI=0.3442 AIS=0.2482 BEM=-0.5000
  E130/200: loss=0.0095 tr_acc=99.72% te_acc=92.08% wn=649.40 CSI=0.7304 AIS=0.1988 BEM=-0.5000
  E140/200: loss=0.0064 tr_acc=99.80% te_acc=92.03% wn=651.55 CSI=0.2936 AIS=0.2219 BEM=-0.5000
  E150/200: loss=0.0031 tr_acc=99.89% te_acc=92.19% wn=652.64 CSI=0.4393 AIS=0.2173 BEM=-0.5000
  E160/200: loss=0.0023 tr_acc=99.93% te_acc=91.98% wn=653.29 CSI=0.5079 AIS=0.1755 BEM=-0.5000
  E170/200: loss=0.0014 tr_acc=99.96% te_acc=92.09% wn=653.60 CSI=0.5921 AIS=0.1937 BEM=-0.5000
  E180/200: loss=0.0007 tr_acc=99.97% te_acc=92.24% wn=653.71 CSI=0.7679 AIS=0.3211 BEM=-0.5000
  E190/200: loss=0.0005 tr_acc=99.99% te_acc=92.12% wn=653.74 CSI=1.2937 AIS=0.1852 BEM=-0.5000
  E199/200: loss=0.0005 tr_acc=99.98% te_acc=92.11% wn=653.74 CSI=1.4260 AIS=0.2728 BEM=-0.5000

Done! Best: 92.26%, Time: 838.2s
Method=cosine_schedule Seed=42
============================================================
Training vgg16_bn on cifar10
WD method: cosine_schedule, base WD: 0.0005
Epochs: 200, LR: 0.001, Batch: 128
Seed: 42, Device: cuda:1
Output: /home/ccwang/sibyl-research-system/workspaces/dynamic-wd/current/exp/results/full/vgg16bn/cifar10/cosine_schedule/seed_42
============================================================
  E  0/200: loss=1.8886 tr_acc=22.08% te_acc=31.34% wn=121.86 CSI=0.0000 AIS=0.4252 BEM=-0.0001
  E 10/200: loss=0.5820 tr_acc=81.55% te_acc=79.51% wn=259.12 CSI=0.2962 AIS=0.2783 BEM=-0.0028
  E 20/200: loss=0.3421 tr_acc=89.46% te_acc=86.16% wn=340.72 CSI=0.0569 AIS=0.3563 BEM=-0.0097
  E 30/200: loss=0.2240 tr_acc=93.10% te_acc=88.59% wn=407.70 CSI=0.0911 AIS=0.2513 BEM=-0.0205
  E 40/200: loss=0.1503 tr_acc=95.36% te_acc=89.92% wn=464.57 CSI=0.1724 AIS=0.3179 BEM=-0.0351
  E 50/200: loss=0.1071 tr_acc=96.68% te_acc=89.62% wn=509.95 CSI=0.0871 AIS=0.2284 BEM=-0.0533
  E 60/200: loss=0.0767 tr_acc=97.64% te_acc=89.33% wn=545.41 CSI=0.1196 AIS=0.1328 BEM=-0.0748
  E 70/200: loss=0.0606 tr_acc=98.16% te_acc=89.92% wn=575.18 CSI=0.1406 AIS=0.1366 BEM=-0.0994
  E 80/200: loss=0.0424 tr_acc=98.76% te_acc=90.33% wn=596.86 CSI=0.1383 AIS=0.2012 BEM=-0.1266
  E 90/200: loss=0.0286 tr_acc=99.09% te_acc=90.66% wn=614.06 CSI=0.1777 AIS=0.2012 BEM=-0.1561
  E100/200: loss=0.0224 tr_acc=99.33% te_acc=91.01% wn=627.95 CSI=0.1638 AIS=0.1525 BEM=-0.1874
  E110/200: loss=0.0176 tr_acc=99.49% te_acc=91.01% wn=637.43 CSI=0.3931 AIS=0.2066 BEM=-0.2201
  E120/200: loss=0.0135 tr_acc=99.61% te_acc=91.08% wn=643.48 CSI=0.2943 AIS=0.3600 BEM=-0.2538
  E130/200: loss=0.0087 tr_acc=99.79% te_acc=91.36% wn=647.23 CSI=0.3227 AIS=0.1541 BEM=-0.2880
  E140/200: loss=0.0067 tr_acc=99.82% te_acc=91.11% wn=649.76 CSI=0.3406 AIS=0.2462 BEM=-0.3223
  E150/200: loss=0.0031 tr_acc=99.91% te_acc=91.36% wn=651.32 CSI=0.5114 AIS=0.1811 BEM=-0.3561
  E160/200: loss=0.0023 tr_acc=99.92% te_acc=91.59% wn=651.97 CSI=0.6935 AIS=0.2687 BEM=-0.3891
  E170/200: loss=0.0013 tr_acc=99.97% te_acc=91.46% wn=652.25 CSI=0.9487 AIS=0.1451 BEM=-0.4209
  E180/200: loss=0.0010 tr_acc=99.97% te_acc=91.44% wn=652.39 CSI=0.8541 AIS=0.1375 BEM=-0.4510
  E190/200: loss=0.0006 tr_acc=99.98% te_acc=91.52% wn=652.43 CSI=1.1738 AIS=0.1283 BEM=-0.4791
  E199/200: loss=0.0007 tr_acc=99.97% te_acc=91.54% wn=652.45 CSI=2.0607 AIS=0.1811 BEM=-0.5025

Done! Best: 91.62%, Time: 842.1s
Method=cosine_schedule Seed=123
============================================================
Training vgg16_bn on cifar10
WD method: cosine_schedule, base WD: 0.0005
Epochs: 200, LR: 0.001, Batch: 128
Seed: 123, Device: cuda:1
Output: /home/ccwang/sibyl-research-system/workspaces/dynamic-wd/current/exp/results/full/vgg16bn/cifar10/cosine_schedule/seed_123
============================================================
  E  0/200: loss=1.9176 tr_acc=20.70% te_acc=27.38% wn=121.75 CSI=0.0000 AIS=0.4470 BEM=-0.0001
  E 10/200: loss=0.5955 tr_acc=81.03% te_acc=79.81% wn=257.84 CSI=0.2798 AIS=0.2920 BEM=-0.0028
  E 20/200: loss=0.3586 tr_acc=88.81% te_acc=84.19% wn=338.32 CSI=0.0730 AIS=0.2726 BEM=-0.0097
  E 30/200: loss=0.2364 tr_acc=92.74% te_acc=87.02% wn=406.58 CSI=0.0561 AIS=0.2340 BEM=-0.0205
  E 40/200: loss=0.1655 tr_acc=94.92% te_acc=88.26% wn=462.08 CSI=0.0729 AIS=0.1515 BEM=-0.0351
  E 50/200: loss=0.1216 tr_acc=96.38% te_acc=89.38% wn=509.07 CSI=0.1304 AIS=0.2213 BEM=-0.0533
  E 60/200: loss=0.0880 tr_acc=97.39% te_acc=89.92% wn=548.46 CSI=0.1228 AIS=0.2184 BEM=-0.0748
  E 70/200: loss=0.0611 tr_acc=98.14% te_acc=90.34% wn=577.10 CSI=0.1242 AIS=0.1481 BEM=-0.0994
  E 80/200: loss=0.0487 tr_acc=98.62% te_acc=90.50% wn=601.29 CSI=0.2660 AIS=0.1934 BEM=-0.1266
  E 90/200: loss=0.0306 tr_acc=99.11% te_acc=90.97% wn=619.07 CSI=0.1726 AIS=0.2115 BEM=-0.1561
  E100/200: loss=0.0231 tr_acc=99.32% te_acc=90.71% wn=631.38 CSI=0.1987 AIS=0.2213 BEM=-0.1874
  E110/200: loss=0.0188 tr_acc=99.47% te_acc=91.11% wn=640.88 CSI=0.3761 AIS=0.2123 BEM=-0.2201
  E120/200: loss=0.0137 tr_acc=99.59% te_acc=91.32% wn=647.45 CSI=0.1794 AIS=0.1610 BEM=-0.2538
  E130/200: loss=0.0091 tr_acc=99.75% te_acc=91.15% wn=651.98 CSI=0.4516 AIS=0.2675 BEM=-0.2880
  E140/200: loss=0.0054 tr_acc=99.85% te_acc=91.57% wn=654.35 CSI=0.2251 AIS=0.1431 BEM=-0.3223
  E150/200: loss=0.0033 tr_acc=99.90% te_acc=91.45% wn=655.72 CSI=0.3976 AIS=0.1729 BEM=-0.3561
  E160/200: loss=0.0017 tr_acc=99.94% te_acc=91.84% wn=656.25 CSI=0.6150 AIS=0.2728 BEM=-0.3891
  E170/200: loss=0.0014 tr_acc=99.95% te_acc=91.94% wn=656.60 CSI=0.7710 AIS=0.2425 BEM=-0.4209
  E180/200: loss=0.0008 tr_acc=99.97% te_acc=92.20% wn=656.75 CSI=0.7623 AIS=0.2600 BEM=-0.4510
  E190/200: loss=0.0007 tr_acc=99.98% te_acc=92.04% wn=656.79 CSI=1.0422 AIS=0.3428 BEM=-0.4791
  E199/200: loss=0.0010 tr_acc=99.97% te_acc=92.03% wn=656.79 CSI=1.2029 AIS=0.2647 BEM=-0.5025

Done! Best: 92.21%, Time: 787.5s
Method=cosine_schedule Seed=456
============================================================
Training vgg16_bn on cifar10
WD method: cosine_schedule, base WD: 0.0005
Epochs: 200, LR: 0.001, Batch: 128
Seed: 456, Device: cuda:1
Output: /home/ccwang/sibyl-research-system/workspaces/dynamic-wd/current/exp/results/full/vgg16bn/cifar10/cosine_schedule/seed_456
============================================================
  E  0/200: loss=1.8956 tr_acc=20.79% te_acc=30.65% wn=120.83 CSI=0.0000 AIS=0.4109 BEM=-0.0001
  E 10/200: loss=0.5541 tr_acc=82.37% te_acc=82.31% wn=256.77 CSI=0.3016 AIS=0.3338 BEM=-0.0028
  E 20/200: loss=0.3323 tr_acc=89.56% te_acc=85.93% wn=339.39 CSI=0.0740 AIS=0.2247 BEM=-0.0097
  E 30/200: loss=0.2248 tr_acc=93.05% te_acc=87.82% wn=408.58 CSI=0.1118 AIS=0.2213 BEM=-0.0205
  E 40/200: loss=0.1513 tr_acc=95.24% te_acc=89.08% wn=463.75 CSI=0.1298 AIS=0.1906 BEM=-0.0351
  E 50/200: loss=0.0977 tr_acc=97.01% te_acc=89.98% wn=510.82 CSI=0.2193 AIS=0.0688 BEM=-0.0533
  E 60/200: loss=0.0746 tr_acc=97.82% te_acc=90.07% wn=546.55 CSI=0.3748 AIS=0.1147 BEM=-0.0748
  E 70/200: loss=0.0538 tr_acc=98.48% te_acc=90.36% wn=575.41 CSI=0.2906 AIS=0.1695 BEM=-0.0994
  E 80/200: loss=0.0421 tr_acc=98.77% te_acc=90.55% wn=598.83 CSI=0.3255 AIS=0.2263 BEM=-0.1266
  E 90/200: loss=0.0286 tr_acc=99.15% te_acc=91.09% wn=613.55 CSI=0.1474 AIS=0.2539 BEM=-0.1561
  E100/200: loss=0.0221 tr_acc=99.30% te_acc=90.77% wn=625.83 CSI=0.1698 AIS=0.1900 BEM=-0.1874
  E110/200: loss=0.0161 tr_acc=99.53% te_acc=90.94% wn=634.96 CSI=0.2744 AIS=0.2012 BEM=-0.2201
  E120/200: loss=0.0115 tr_acc=99.64% te_acc=91.17% wn=642.75 CSI=0.4051 AIS=0.1779 BEM=-0.2538
  E130/200: loss=0.0072 tr_acc=99.78% te_acc=91.14% wn=647.24 CSI=1.7128 AIS=0.1233 BEM=-0.2880
  E140/200: loss=0.0063 tr_acc=99.81% te_acc=91.51% wn=649.21 CSI=0.3362 AIS=0.1798 BEM=-0.3223
  E150/200: loss=0.0026 tr_acc=99.92% te_acc=91.79% wn=650.52 CSI=0.4241 AIS=0.1737 BEM=-0.3561
  E160/200: loss=0.0021 tr_acc=99.93% te_acc=91.92% wn=651.04 CSI=0.5921 AIS=0.2042 BEM=-0.3891
  E170/200: loss=0.0016 tr_acc=99.96% te_acc=92.01% wn=651.54 CSI=0.6599 AIS=0.2484 BEM=-0.4209
  E180/200: loss=0.0007 tr_acc=99.98% te_acc=92.01% wn=651.63 CSI=1.1109 AIS=0.1303 BEM=-0.4510
  E190/200: loss=0.0010 tr_acc=99.97% te_acc=92.04% wn=651.66 CSI=1.2710 AIS=0.1188 BEM=-0.4791
  E199/200: loss=0.0010 tr_acc=99.97% te_acc=92.09% wn=651.66 CSI=1.4384 AIS=0.2785 BEM=-0.5025

Done! Best: 92.14%, Time: 798.9s
Method=swd Seed=42
============================================================
Training vgg16_bn on cifar10
WD method: swd, base WD: 0.0005
Epochs: 200, LR: 0.001, Batch: 128
Seed: 42, Device: cuda:1
Output: /home/ccwang/sibyl-research-system/workspaces/dynamic-wd/current/exp/results/full/vgg16bn/cifar10/swd/seed_42
============================================================
  E  0/200: loss=1.8822 tr_acc=22.41% te_acc=30.55% wn=122.05 CSI=0.0000 AIS=0.4690 BEM=-0.9000
  E 10/200: loss=0.5752 tr_acc=81.81% te_acc=78.37% wn=256.72 CSI=0.2872 AIS=0.2804 BEM=-0.9000
  E 20/200: loss=0.3408 tr_acc=89.49% te_acc=86.94% wn=338.74 CSI=0.0651 AIS=0.3377 BEM=-0.9000
  E 30/200: loss=0.2328 tr_acc=92.94% te_acc=87.86% wn=408.96 CSI=0.0778 AIS=0.2123 BEM=-0.9000
  E 40/200: loss=0.1534 tr_acc=95.29% te_acc=89.29% wn=465.33 CSI=0.1275 AIS=0.2595 BEM=-0.9000
  E 50/200: loss=0.1052 tr_acc=96.76% te_acc=89.39% wn=510.79 CSI=0.0926 AIS=0.1515 BEM=-0.9000
  E 60/200: loss=0.0803 tr_acc=97.57% te_acc=90.28% wn=548.15 CSI=0.1140 AIS=0.2571 BEM=-0.9000
  E 70/200: loss=0.0523 tr_acc=98.46% te_acc=90.84% wn=579.65 CSI=0.2608 AIS=0.3042 BEM=-0.9000
  E 80/200: loss=0.0414 tr_acc=98.76% te_acc=90.94% wn=603.50 CSI=0.2231 AIS=0.2465 BEM=-0.9000
  E 90/200: loss=0.0318 tr_acc=99.09% te_acc=90.34% wn=620.97 CSI=0.1802 AIS=0.0932 BEM=-0.9000
  E100/200: loss=0.0210 tr_acc=99.36% te_acc=91.07% wn=633.46 CSI=0.2451 AIS=0.3426 BEM=-0.9000
  E110/200: loss=0.0158 tr_acc=99.53% te_acc=91.24% wn=643.22 CSI=0.1792 AIS=0.3144 BEM=-0.9000
  E120/200: loss=0.0109 tr_acc=99.65% te_acc=91.40% wn=650.26 CSI=0.2725 AIS=0.2274 BEM=-0.9000
  E130/200: loss=0.0095 tr_acc=99.71% te_acc=91.25% wn=654.25 CSI=0.3051 AIS=0.2337 BEM=-0.9000
  E140/200: loss=0.0063 tr_acc=99.81% te_acc=91.40% wn=656.88 CSI=0.3434 AIS=0.2008 BEM=-0.9000
  E150/200: loss=0.0033 tr_acc=99.91% te_acc=92.03% wn=658.18 CSI=0.3447 AIS=0.1427 BEM=-0.9000
  E160/200: loss=0.0028 tr_acc=99.91% te_acc=92.05% wn=658.87 CSI=0.7291 AIS=0.3351 BEM=-0.9000
  E170/200: loss=0.0011 tr_acc=99.96% te_acc=92.12% wn=659.08 CSI=1.0467 AIS=0.2881 BEM=-0.9000
  E180/200: loss=0.0012 tr_acc=99.96% te_acc=91.98% wn=659.20 CSI=1.1247 AIS=0.2484 BEM=-0.9000
  E190/200: loss=0.0007 tr_acc=99.97% te_acc=91.93% wn=659.22 CSI=1.2031 AIS=0.2484 BEM=-0.9000
  E199/200: loss=0.0009 tr_acc=99.97% te_acc=92.04% wn=659.22 CSI=1.2002 AIS=0.2107 BEM=-0.9000

Done! Best: 92.16%, Time: 901.8s
Method=swd Seed=123
============================================================
Training vgg16_bn on cifar10
WD method: swd, base WD: 0.0005
Epochs: 200, LR: 0.001, Batch: 128
Seed: 123, Device: cuda:1
Output: /home/ccwang/sibyl-research-system/workspaces/dynamic-wd/current/exp/results/full/vgg16bn/cifar10/swd/seed_123
============================================================
  E  0/200: loss=1.9252 tr_acc=19.96% te_acc=18.76% wn=120.02 CSI=0.0000 AIS=0.4591 BEM=-0.9000
  E 10/200: loss=0.5935 tr_acc=81.01% te_acc=81.31% wn=259.38 CSI=0.2967 AIS=0.2210 BEM=-0.9000
  E 20/200: loss=0.3620 tr_acc=88.80% te_acc=85.91% wn=340.80 CSI=0.0887 AIS=0.2956 BEM=-0.9000
  E 30/200: loss=0.2422 tr_acc=92.65% te_acc=88.65% wn=408.71 CSI=0.0873 AIS=0.1764 BEM=-0.9000
  E 40/200: loss=0.1658 tr_acc=94.90% te_acc=89.31% wn=465.78 CSI=0.1207 AIS=0.2571 BEM=-0.9000
  E 50/200: loss=0.1165 tr_acc=96.41% te_acc=89.70% wn=513.77 CSI=0.1682 AIS=0.2123 BEM=-0.9000
  E 60/200: loss=0.0840 tr_acc=97.46% te_acc=90.28% wn=549.18 CSI=0.0838 AIS=0.1732 BEM=-0.9000
  E 70/200: loss=0.0581 tr_acc=98.29% te_acc=90.52% wn=577.63 CSI=0.1231 AIS=0.2295 BEM=-0.9000
  E 80/200: loss=0.0419 tr_acc=98.76% te_acc=90.71% wn=600.75 CSI=0.1840 AIS=0.2569 BEM=-0.9000
  E 90/200: loss=0.0332 tr_acc=99.08% te_acc=90.75% wn=618.57 CSI=0.1223 AIS=0.1979 BEM=-0.9000
  E100/200: loss=0.0256 tr_acc=99.30% te_acc=90.69% wn=631.24 CSI=0.2401 AIS=0.2295 BEM=-0.9000
  E110/200: loss=0.0192 tr_acc=99.44% te_acc=90.91% wn=641.83 CSI=0.2645 AIS=0.2635 BEM=-0.9000
  E120/200: loss=0.0133 tr_acc=99.64% te_acc=91.16% wn=648.13 CSI=0.2910 AIS=0.1960 BEM=-0.9000
  E130/200: loss=0.0103 tr_acc=99.69% te_acc=91.25% wn=652.26 CSI=0.2778 AIS=0.1449 BEM=-0.9000
  E140/200: loss=0.0058 tr_acc=99.82% te_acc=90.94% wn=654.59 CSI=0.3171 AIS=0.2154 BEM=-0.9000
  E150/200: loss=0.0033 tr_acc=99.90% te_acc=91.21% wn=655.89 CSI=0.5549 AIS=0.3178 BEM=-0.9000
  E160/200: loss=0.0020 tr_acc=99.93% te_acc=91.53% wn=656.59 CSI=0.5502 AIS=0.2523 BEM=-0.9000
  E170/200: loss=0.0016 tr_acc=99.95% te_acc=91.55% wn=657.01 CSI=0.5661 AIS=0.2181 BEM=-0.9000
  E180/200: loss=0.0010 tr_acc=99.96% te_acc=91.60% wn=657.09 CSI=0.9210 AIS=0.1842 BEM=-0.9000
  E190/200: loss=0.0013 tr_acc=99.96% te_acc=91.57% wn=657.12 CSI=1.1702 AIS=0.2152 BEM=-0.9000
  E199/200: loss=0.0009 tr_acc=99.98% te_acc=91.78% wn=657.12 CSI=1.5339 AIS=0.2024 BEM=-0.9000

Done! Best: 91.81%, Time: 928.6s
Method=swd Seed=456
============================================================
Training vgg16_bn on cifar10
WD method: swd, base WD: 0.0005
Epochs: 200, LR: 0.001, Batch: 128
Seed: 456, Device: cuda:1
Output: /home/ccwang/sibyl-research-system/workspaces/dynamic-wd/current/exp/results/full/vgg16bn/cifar10/swd/seed_456
============================================================
  E  0/200: loss=1.8953 tr_acc=20.57% te_acc=26.32% wn=120.72 CSI=0.0000 AIS=0.4626 BEM=-0.9000
  E 10/200: loss=0.5600 tr_acc=82.40% te_acc=80.88% wn=257.90 CSI=0.2868 AIS=0.2836 BEM=-0.9000
  E 20/200: loss=0.3383 tr_acc=89.54% te_acc=86.59% wn=340.91 CSI=0.0644 AIS=0.0932 BEM=-0.9000
  E 30/200: loss=0.2208 tr_acc=93.14% te_acc=88.85% wn=410.98 CSI=0.0920 AIS=0.2123 BEM=-0.9000
  E 40/200: loss=0.1495 tr_acc=95.53% te_acc=89.14% wn=468.85 CSI=0.1382 AIS=0.2064 BEM=-0.9000
  E 50/200: loss=0.1012 tr_acc=96.95% te_acc=89.68% wn=514.72 CSI=0.1700 AIS=0.2209 BEM=-0.9000
  E 60/200: loss=0.0696 tr_acc=97.88% te_acc=90.30% wn=551.29 CSI=0.1950 AIS=0.2452 BEM=-0.9000
  E 70/200: loss=0.0520 tr_acc=98.47% te_acc=90.37% wn=581.31 CSI=0.1965 AIS=0.2755 BEM=-0.9000
  E 80/200: loss=0.0392 tr_acc=98.83% te_acc=90.88% wn=602.46 CSI=0.1047 AIS=0.2675 BEM=-0.9000
  E 90/200: loss=0.0306 tr_acc=99.08% te_acc=90.70% wn=619.62 CSI=0.1460 AIS=0.1541 BEM=-0.9000
  E100/200: loss=0.0207 tr_acc=99.38% te_acc=91.30% wn=633.41 CSI=0.2565 AIS=0.1215 BEM=-0.9000
  E110/200: loss=0.0156 tr_acc=99.59% te_acc=91.27% wn=642.82 CSI=0.2166 AIS=0.1541 BEM=-0.9000
  E120/200: loss=0.0113 tr_acc=99.67% te_acc=91.47% wn=648.78 CSI=0.2768 AIS=0.2869 BEM=-0.9000
  E130/200: loss=0.0067 tr_acc=99.81% te_acc=91.65% wn=653.43 CSI=1.4477 AIS=0.2213 BEM=-0.9000
  E140/200: loss=0.0048 tr_acc=99.87% te_acc=91.79% wn=655.62 CSI=0.3000 AIS=0.2479 BEM=-0.9000
  E150/200: loss=0.0038 tr_acc=99.88% te_acc=91.76% wn=657.10 CSI=0.4279 AIS=0.2123 BEM=-0.9000
  E160/200: loss=0.0017 tr_acc=99.94% te_acc=91.95% wn=657.82 CSI=0.4736 AIS=0.2281 BEM=-0.9000
  E170/200: loss=0.0015 tr_acc=99.95% te_acc=92.11% wn=658.06 CSI=0.7621 AIS=0.2154 BEM=-0.9000
  E180/200: loss=0.0010 tr_acc=99.97% te_acc=92.18% wn=658.17 CSI=1.2323 AIS=0.1248 BEM=-0.9000
  E190/200: loss=0.0008 tr_acc=99.98% te_acc=92.32% wn=658.17 CSI=1.2940 AIS=0.2431 BEM=-0.9000
  E199/200: loss=0.0006 tr_acc=99.98% te_acc=92.25% wn=658.17 CSI=1.2018 AIS=0.2415 BEM=-0.9000

Done! Best: 92.37%, Time: 903.5s
Method=random_mask Seed=42
============================================================
Training vgg16_bn on cifar10
WD method: random_mask, base WD: 0.0005
Epochs: 200, LR: 0.001, Batch: 128
Seed: 42, Device: cuda:1
Output: /home/ccwang/sibyl-research-system/workspaces/dynamic-wd/current/exp/results/full/vgg16bn/cifar10/random_mask/seed_42
============================================================
  E  0/200: loss=1.9386 tr_acc=18.80% te_acc=25.88% wn=119.10 CSI=0.0000 AIS=0.3773 BEM=-0.5000
  E 10/200: loss=0.6607 tr_acc=78.42% te_acc=77.20% wn=264.42 CSI=0.2440 AIS=0.2630 BEM=-0.4909
  E 20/200: loss=0.3928 tr_acc=87.86% te_acc=83.98% wn=348.52 CSI=0.0914 AIS=0.3110 BEM=-0.5000
  E 30/200: loss=0.2603 tr_acc=92.07% te_acc=88.11% wn=417.19 CSI=0.0672 AIS=0.1610 BEM=-0.5129
  E 40/200: loss=0.1750 tr_acc=94.61% te_acc=88.82% wn=474.98 CSI=0.0953 AIS=0.2240 BEM=-0.5195
  E 50/200: loss=0.1230 tr_acc=96.26% te_acc=89.39% wn=522.91 CSI=0.1090 AIS=0.2401 BEM=-0.5294
  E 60/200: loss=0.0839 tr_acc=97.45% te_acc=89.75% wn=560.96 CSI=0.1261 AIS=0.2282 BEM=-0.5131
  E 70/200: loss=0.0629 tr_acc=98.04% te_acc=90.29% wn=590.40 CSI=0.1862 AIS=0.2401 BEM=-0.5042
  E 80/200: loss=0.0421 tr_acc=98.72% te_acc=90.47% wn=614.23 CSI=0.1460 AIS=0.2274 BEM=-0.5025
  E 90/200: loss=0.0365 tr_acc=98.96% te_acc=90.09% wn=633.89 CSI=0.3087 AIS=0.2939 BEM=-0.4934
  E100/200: loss=0.0271 tr_acc=99.17% te_acc=90.59% wn=647.10 CSI=0.2000 AIS=0.1366 BEM=-0.4950
  E110/200: loss=0.0175 tr_acc=99.47% te_acc=90.84% wn=657.18 CSI=0.4213 AIS=0.1906 BEM=-0.4928
  E120/200: loss=0.0122 tr_acc=99.65% te_acc=91.12% wn=663.72 CSI=0.2884 AIS=0.2660 BEM=-0.4992
  E130/200: loss=0.0092 tr_acc=99.72% te_acc=90.74% wn=667.80 CSI=0.3684 AIS=0.1656 BEM=-0.4985
  E140/200: loss=0.0063 tr_acc=99.80% te_acc=91.06% wn=670.37 CSI=0.4710 AIS=0.2303 BEM=-0.4993
  E150/200: loss=0.0042 tr_acc=99.86% te_acc=91.23% wn=671.88 CSI=0.7109 AIS=0.2378 BEM=-0.4974
  E160/200: loss=0.0027 tr_acc=99.90% te_acc=91.28% wn=672.49 CSI=0.7320 AIS=0.1481 BEM=-0.5012
  E170/200: loss=0.0022 tr_acc=99.94% te_acc=91.41% wn=672.72 CSI=0.7601 AIS=0.2742 BEM=-0.4988
  E180/200: loss=0.0014 tr_acc=99.96% te_acc=91.52% wn=672.73 CSI=1.2153 AIS=0.1755 BEM=-0.5011
  E190/200: loss=0.0007 tr_acc=99.98% te_acc=91.65% wn=672.77 CSI=1.0782 AIS=0.3814 BEM=-0.5010
  E199/200: loss=0.0007 tr_acc=99.98% te_acc=91.55% wn=672.78 CSI=1.8087 AIS=0.2790 BEM=-0.5015

Done! Best: 91.74%, Time: 1015.0s
Method=random_mask Seed=123
============================================================
Training vgg16_bn on cifar10
WD method: random_mask, base WD: 0.0005
Epochs: 200, LR: 0.001, Batch: 128
Seed: 123, Device: cuda:1
Output: /home/ccwang/sibyl-research-system/workspaces/dynamic-wd/current/exp/results/full/vgg16bn/cifar10/random_mask/seed_123
============================================================
  E  0/200: loss=1.9213 tr_acc=20.29% te_acc=26.89% wn=120.85 CSI=0.0000 AIS=0.5047 BEM=-0.5000
  E 10/200: loss=0.5949 tr_acc=81.13% te_acc=81.01% wn=261.05 CSI=0.2909 AIS=0.2714 BEM=-0.5000
  E 20/200: loss=0.3537 tr_acc=88.96% te_acc=86.38% wn=342.17 CSI=0.0772 AIS=0.2465 BEM=-0.5048
  E 30/200: loss=0.2335 tr_acc=92.97% te_acc=87.74% wn=407.60 CSI=0.0675 AIS=0.2491 BEM=-0.4806
  E 40/200: loss=0.1628 tr_acc=95.07% te_acc=89.58% wn=461.21 CSI=0.1063 AIS=0.1541 BEM=-0.4951
  E 50/200: loss=0.1134 tr_acc=96.58% te_acc=89.14% wn=507.51 CSI=0.0995 AIS=0.1541 BEM=-0.4882
  E 60/200: loss=0.0851 tr_acc=97.45% te_acc=89.78% wn=543.91 CSI=0.0800 AIS=0.2914 BEM=-0.4967
  E 70/200: loss=0.0590 tr_acc=98.25% te_acc=90.40% wn=572.22 CSI=0.1215 AIS=0.2340 BEM=-0.5070
  E 80/200: loss=0.0433 tr_acc=98.69% te_acc=90.78% wn=594.19 CSI=0.1093 AIS=0.1481 BEM=-0.5160
  E 90/200: loss=0.0357 tr_acc=99.05% te_acc=90.65% wn=612.89 CSI=0.3465 AIS=0.1503 BEM=-0.5077
  E100/200: loss=0.0245 tr_acc=99.26% te_acc=90.80% wn=624.37 CSI=0.1399 AIS=0.1865 BEM=-0.5129
  E110/200: loss=0.0187 tr_acc=99.43% te_acc=91.19% wn=634.04 CSI=0.2493 AIS=0.1906 BEM=-0.5135
  E120/200: loss=0.0119 tr_acc=99.66% te_acc=91.26% wn=640.03 CSI=0.2462 AIS=0.2060 BEM=-0.5240
  E130/200: loss=0.0090 tr_acc=99.73% te_acc=91.38% wn=643.99 CSI=0.1955 AIS=0.2746 BEM=-0.5214
  E140/200: loss=0.0060 tr_acc=99.82% te_acc=91.57% wn=646.28 CSI=0.2882 AIS=0.1676 BEM=-0.5241
  E150/200: loss=0.0039 tr_acc=99.88% te_acc=91.74% wn=647.36 CSI=0.3978 AIS=0.1676 BEM=-0.5219
  E160/200: loss=0.0022 tr_acc=99.94% te_acc=92.03% wn=647.96 CSI=0.6823 AIS=0.1047 BEM=-0.5137
  E170/200: loss=0.0014 tr_acc=99.96% te_acc=92.07% wn=648.31 CSI=1.1112 AIS=0.2060 BEM=-0.5135
  E180/200: loss=0.0011 tr_acc=99.97% te_acc=91.94% wn=648.40 CSI=1.0864 AIS=0.3002 BEM=-0.5099
  E190/200: loss=0.0010 tr_acc=99.97% te_acc=92.05% wn=648.44 CSI=0.9015 AIS=0.1974 BEM=-0.5120
  E199/200: loss=0.0007 tr_acc=99.98% te_acc=92.10% wn=648.45 CSI=1.3436 AIS=0.2107 BEM=-0.5155

Done! Best: 92.17%, Time: 1048.6s
Method=random_mask Seed=456
============================================================
Training vgg16_bn on cifar10
WD method: random_mask, base WD: 0.0005
Epochs: 200, LR: 0.001, Batch: 128
Seed: 456, Device: cuda:1
Output: /home/ccwang/sibyl-research-system/workspaces/dynamic-wd/current/exp/results/full/vgg16bn/cifar10/random_mask/seed_456
============================================================
  E  0/200: loss=1.8870 tr_acc=21.46% te_acc=25.38% wn=121.04 CSI=0.0000 AIS=0.4357 BEM=-0.6000
  E 10/200: loss=0.5670 tr_acc=82.16% te_acc=81.33% wn=257.00 CSI=0.3009 AIS=0.2539 BEM=-0.5182
  E 20/200: loss=0.3415 tr_acc=89.35% te_acc=85.67% wn=337.11 CSI=0.0663 AIS=0.3006 BEM=-0.5190
  E 30/200: loss=0.2243 tr_acc=93.06% te_acc=86.73% wn=404.87 CSI=0.0777 AIS=0.2906 BEM=-0.5194
  E 40/200: loss=0.1510 tr_acc=95.28% te_acc=89.52% wn=461.43 CSI=0.1358 AIS=0.2064 BEM=-0.5244
  E 50/200: loss=0.1094 tr_acc=96.67% te_acc=89.54% wn=509.52 CSI=0.2242 AIS=0.2417 BEM=-0.5196
  E 60/200: loss=0.0723 tr_acc=97.82% te_acc=90.23% wn=545.11 CSI=0.0891 AIS=0.1610 BEM=-0.5131
  E 70/200: loss=0.0577 tr_acc=98.37% te_acc=90.38% wn=574.22 CSI=0.1106 AIS=0.2115 BEM=-0.5085
  E 80/200: loss=0.0422 tr_acc=98.74% te_acc=90.40% wn=598.24 CSI=0.1454 AIS=0.1732 BEM=-0.5259
  E 90/200: loss=0.0294 tr_acc=99.16% te_acc=90.81% wn=615.14 CSI=0.2641 AIS=0.2788 BEM=-0.5363
  E100/200: loss=0.0231 tr_acc=99.33% te_acc=91.36% wn=627.62 CSI=0.1586 AIS=0.1900 BEM=-0.5396
  E110/200: loss=0.0176 tr_acc=99.43% te_acc=91.12% wn=636.27 CSI=0.1865 AIS=0.2213 BEM=-0.5378
  E120/200: loss=0.0107 tr_acc=99.67% te_acc=91.10% wn=642.57 CSI=0.2792 AIS=0.1328 BEM=-0.5314
  E130/200: loss=0.0083 tr_acc=99.76% te_acc=91.43% wn=647.69 CSI=1.1219 AIS=0.2181 BEM=-0.5328
  E140/200: loss=0.0060 tr_acc=99.84% te_acc=91.68% wn=649.78 CSI=0.3190 AIS=0.2687 BEM=-0.5284
  E150/200: loss=0.0034 tr_acc=99.89% te_acc=91.87% wn=651.14 CSI=0.4739 AIS=0.2466 BEM=-0.5252
  E160/200: loss=0.0030 tr_acc=99.93% te_acc=92.03% wn=651.71 CSI=0.7236 AIS=0.1811 BEM=-0.5273
  E170/200: loss=0.0013 tr_acc=99.96% te_acc=92.04% wn=652.01 CSI=0.8903 AIS=0.1545 BEM=-0.5275
  E180/200: loss=0.0005 tr_acc=99.98% te_acc=92.11% wn=652.14 CSI=0.8644 AIS=0.2181 BEM=-0.5309
  E190/200: loss=0.0009 tr_acc=99.97% te_acc=92.09% wn=652.17 CSI=0.7619 AIS=0.2415 BEM=-0.5283
  E199/200: loss=0.0005 tr_acc=99.98% te_acc=92.23% wn=652.17 CSI=1.3818 AIS=0.2123 BEM=-0.5265

Done! Best: 92.23%, Time: 1022.2s
Method=no_wd Seed=42
============================================================
Training vgg16_bn on cifar10
WD method: no_wd, base WD: 0.0005
Epochs: 200, LR: 0.001, Batch: 128
Seed: 42, Device: cuda:1
Output: /home/ccwang/sibyl-research-system/workspaces/dynamic-wd/current/exp/results/full/vgg16bn/cifar10/no_wd/seed_42
============================================================
  E  0/200: loss=1.8867 tr_acc=21.59% te_acc=30.38% wn=121.59 CSI=0.0000 AIS=0.3021 BEM=-1.0000
  E 10/200: loss=0.5684 tr_acc=81.86% te_acc=77.19% wn=256.86 CSI=0.3032 AIS=0.3563 BEM=-1.0000
  E 20/200: loss=0.3418 tr_acc=89.44% te_acc=86.95% wn=337.87 CSI=0.0606 AIS=0.2677 BEM=-1.0000
  E 30/200: loss=0.2306 tr_acc=92.78% te_acc=86.80% wn=409.05 CSI=0.0986 AIS=0.2184 BEM=-1.0000
  E 40/200: loss=0.1561 tr_acc=95.23% te_acc=89.18% wn=467.74 CSI=0.0951 AIS=0.2709 BEM=-1.0000
  E 50/200: loss=0.1055 tr_acc=96.77% te_acc=89.79% wn=513.79 CSI=0.1595 AIS=0.2683 BEM=-1.0000
  E 60/200: loss=0.0812 tr_acc=97.57% te_acc=89.59% wn=552.16 CSI=0.2435 AIS=0.2709 BEM=-1.0000
  E 70/200: loss=0.0581 tr_acc=98.26% te_acc=90.99% wn=581.26 CSI=0.1257 AIS=0.2449 BEM=-1.0000
  E 80/200: loss=0.0439 tr_acc=98.71% te_acc=90.61% wn=606.06 CSI=0.2725 AIS=0.2123 BEM=-1.0000
  E 90/200: loss=0.0329 tr_acc=99.09% te_acc=90.50% wn=623.11 CSI=0.2709 AIS=0.2157 BEM=-1.0000
  E100/200: loss=0.0232 tr_acc=99.28% te_acc=90.54% wn=637.43 CSI=0.3706 AIS=0.2565 BEM=-1.0000
  E110/200: loss=0.0190 tr_acc=99.45% te_acc=90.84% wn=646.61 CSI=0.1769 AIS=0.1934 BEM=-1.0000
  E120/200: loss=0.0109 tr_acc=99.71% te_acc=91.35% wn=653.15 CSI=0.2444 AIS=0.2980 BEM=-1.0000
  E130/200: loss=0.0088 tr_acc=99.74% te_acc=91.29% wn=657.62 CSI=0.3636 AIS=0.2356 BEM=-1.0000
  E140/200: loss=0.0069 tr_acc=99.83% te_acc=91.52% wn=660.26 CSI=0.4608 AIS=0.2742 BEM=-1.0000
  E150/200: loss=0.0042 tr_acc=99.89% te_acc=91.62% wn=661.63 CSI=0.3905 AIS=0.2060 BEM=-1.0000
  E160/200: loss=0.0024 tr_acc=99.91% te_acc=91.78% wn=662.31 CSI=0.4465 AIS=0.2868 BEM=-1.0000
  E170/200: loss=0.0016 tr_acc=99.96% te_acc=91.87% wn=662.62 CSI=0.6370 AIS=0.1953 BEM=-1.0000
  E180/200: loss=0.0006 tr_acc=99.98% te_acc=91.88% wn=662.73 CSI=1.0375 AIS=0.3123 BEM=-1.0000
  E190/200: loss=0.0006 tr_acc=99.99% te_acc=91.91% wn=662.74 CSI=1.1295 AIS=0.3228 BEM=-1.0000
  E199/200: loss=0.0009 tr_acc=99.98% te_acc=91.97% wn=662.74 CSI=1.4787 AIS=0.2556 BEM=-1.0000

Done! Best: 92.01%, Time: 776.9s
Method=no_wd Seed=123
============================================================
Training vgg16_bn on cifar10
WD method: no_wd, base WD: 0.0005
Epochs: 200, LR: 0.001, Batch: 128
Seed: 123, Device: cuda:1
Output: /home/ccwang/sibyl-research-system/workspaces/dynamic-wd/current/exp/results/full/vgg16bn/cifar10/no_wd/seed_123
============================================================
  E  0/200: loss=1.9204 tr_acc=19.62% te_acc=28.28% wn=119.94 CSI=0.0000 AIS=0.4808 BEM=-1.0000
  E 10/200: loss=0.5960 tr_acc=81.20% te_acc=80.95% wn=262.06 CSI=0.3319 AIS=0.2417 BEM=-1.0000
  E 20/200: loss=0.3473 tr_acc=89.20% te_acc=84.80% wn=345.29 CSI=0.0659 AIS=0.2325 BEM=-1.0000
  E 30/200: loss=0.2187 tr_acc=93.07% te_acc=88.49% wn=415.86 CSI=0.0972 AIS=0.2803 BEM=-1.0000
  E 40/200: loss=0.1534 tr_acc=95.14% te_acc=88.48% wn=475.01 CSI=0.1629 AIS=0.1986 BEM=-1.0000
  E 50/200: loss=0.1081 tr_acc=96.70% te_acc=89.93% wn=518.71 CSI=0.0960 AIS=0.1541 BEM=-1.0000
  E 60/200: loss=0.0740 tr_acc=97.77% te_acc=89.69% wn=555.11 CSI=0.1916 AIS=0.3021 BEM=-1.0000
  E 70/200: loss=0.0547 tr_acc=98.36% te_acc=90.28% wn=584.81 CSI=0.2213 AIS=0.2571 BEM=-1.0000
  E 80/200: loss=0.0433 tr_acc=98.70% te_acc=90.74% wn=608.05 CSI=0.1389 AIS=0.2417 BEM=-1.0000
  E 90/200: loss=0.0283 tr_acc=99.15% te_acc=90.77% wn=624.49 CSI=0.2313 AIS=0.3036 BEM=-1.0000
  E100/200: loss=0.0234 tr_acc=99.29% te_acc=90.72% wn=637.25 CSI=0.2460 AIS=0.1541 BEM=-1.0000
  E110/200: loss=0.0197 tr_acc=99.39% te_acc=90.88% wn=646.81 CSI=0.1781 AIS=0.2571 BEM=-1.0000
  E120/200: loss=0.0109 tr_acc=99.70% te_acc=91.20% wn=653.40 CSI=0.3817 AIS=0.2209 BEM=-1.0000
  E130/200: loss=0.0075 tr_acc=99.78% te_acc=91.43% wn=657.26 CSI=0.3585 AIS=0.1633 BEM=-1.0000
  E140/200: loss=0.0052 tr_acc=99.82% te_acc=91.54% wn=659.76 CSI=0.3233 AIS=0.1227 BEM=-1.0000
  E150/200: loss=0.0036 tr_acc=99.88% te_acc=91.33% wn=661.27 CSI=0.4547 AIS=0.1956 BEM=-1.0000
  E160/200: loss=0.0027 tr_acc=99.92% te_acc=91.72% wn=661.90 CSI=0.6243 AIS=0.1346 BEM=-1.0000
  E170/200: loss=0.0013 tr_acc=99.95% te_acc=91.77% wn=662.32 CSI=0.9945 AIS=0.2835 BEM=-1.0000
  E180/200: loss=0.0010 tr_acc=99.97% te_acc=91.84% wn=662.44 CSI=1.2359 AIS=0.2835 BEM=-1.0000
  E190/200: loss=0.0009 tr_acc=99.98% te_acc=91.80% wn=662.46 CSI=1.5948 AIS=0.2516 BEM=-1.0000
  E199/200: loss=0.0008 tr_acc=99.98% te_acc=91.86% wn=662.47 CSI=1.2543 AIS=0.2378 BEM=-1.0000

Done! Best: 92.00%, Time: 780.1s
Method=no_wd Seed=456
============================================================
Training vgg16_bn on cifar10
WD method: no_wd, base WD: 0.0005
Epochs: 200, LR: 0.001, Batch: 128
Seed: 456, Device: cuda:1
Output: /home/ccwang/sibyl-research-system/workspaces/dynamic-wd/current/exp/results/full/vgg16bn/cifar10/no_wd/seed_456
============================================================
  E  0/200: loss=1.8879 tr_acc=21.37% te_acc=29.29% wn=121.93 CSI=0.0000 AIS=0.3931 BEM=-1.0000
  E 10/200: loss=0.5637 tr_acc=81.98% te_acc=82.26% wn=256.82 CSI=0.2517 AIS=0.2919 BEM=-1.0000
  E 20/200: loss=0.3463 tr_acc=89.32% te_acc=85.63% wn=339.65 CSI=0.0772 AIS=0.2003 BEM=-1.0000
  E 30/200: loss=0.2216 tr_acc=93.16% te_acc=87.88% wn=408.34 CSI=0.0805 AIS=0.2184 BEM=-1.0000
  E 40/200: loss=0.1485 tr_acc=95.42% te_acc=89.24% wn=464.65 CSI=0.0943 AIS=0.2398 BEM=-1.0000
  E 50/200: loss=0.1064 tr_acc=96.81% te_acc=89.73% wn=514.17 CSI=0.2365 AIS=0.1562 BEM=-1.0000
  E 60/200: loss=0.0694 tr_acc=97.93% te_acc=90.54% wn=548.43 CSI=0.1236 AIS=0.1307 BEM=-1.0000
  E 70/200: loss=0.0550 tr_acc=98.38% te_acc=90.28% wn=579.73 CSI=0.2220 AIS=0.2638 BEM=-1.0000
  E 80/200: loss=0.0433 tr_acc=98.71% te_acc=90.75% wn=601.59 CSI=0.1175 AIS=0.1610 BEM=-1.0000
  E 90/200: loss=0.0299 tr_acc=99.15% te_acc=90.82% wn=619.58 CSI=0.1738 AIS=0.1328 BEM=-1.0000
  E100/200: loss=0.0216 tr_acc=99.34% te_acc=90.77% wn=632.99 CSI=0.2856 AIS=0.2066 BEM=-1.0000
  E110/200: loss=0.0151 tr_acc=99.57% te_acc=90.86% wn=641.76 CSI=0.2943 AIS=0.2705 BEM=-1.0000
  E120/200: loss=0.0109 tr_acc=99.68% te_acc=91.29% wn=648.62 CSI=0.3022 AIS=0.1842 BEM=-1.0000
  E130/200: loss=0.0089 tr_acc=99.73% te_acc=90.96% wn=654.32 CSI=1.4928 AIS=0.1688 BEM=-1.0000
  E140/200: loss=0.0053 tr_acc=99.84% te_acc=91.22% wn=656.31 CSI=0.4917 AIS=0.2748 BEM=-1.0000
  E150/200: loss=0.0040 tr_acc=99.88% te_acc=91.66% wn=657.82 CSI=0.3048 AIS=0.3052 BEM=-1.0000
  E160/200: loss=0.0019 tr_acc=99.95% te_acc=91.96% wn=658.38 CSI=0.5378 AIS=0.2923 BEM=-1.0000
  E170/200: loss=0.0014 tr_acc=99.95% te_acc=91.89% wn=658.65 CSI=0.5085 AIS=0.2728 BEM=-1.0000
  E180/200: loss=0.0013 tr_acc=99.97% te_acc=91.98% wn=658.75 CSI=0.9736 AIS=0.1703 BEM=-1.0000
  E190/200: loss=0.0004 tr_acc=99.98% te_acc=91.99% wn=658.76 CSI=1.0451 AIS=0.2240 BEM=-1.0000
  E199/200: loss=0.0009 tr_acc=99.99% te_acc=92.04% wn=658.77 CSI=1.6914 AIS=0.2506 BEM=-1.0000

Done! Best: 92.08%, Time: 781.8s
All VGG-16-BN runs done.
