Using device: cuda
Seeds: [42, 123, 456, 789, 1011]

============================================================
Full Experiment: Orthogonality SAE (task: full_orthogonality)
============================================================
  Replicates: 5 (seeds: [42, 123, 456, 789, 1011])
  Orthogonality lambda: 0.001

  --- Replicate 42 ---
    Batch 500/1953: loss=0.0166 (recon=0.0002, sparse=0.0187, ortho=16.2841)
    Batch 1000/1953: loss=0.0146 (recon=0.0001, sparse=0.0159, ortho=14.4816)
    Batch 1500/1953: loss=0.0143 (recon=0.0001, sparse=0.0148, ortho=14.1459)
    absorption=0.1827, MCC=0.2224, MSE=0.000028

  --- Replicate 123 ---
    Batch 500/1953: loss=0.0166 (recon=0.0001, sparse=0.0182, ortho=16.3680)
    Batch 1000/1953: loss=0.0149 (recon=0.0001, sparse=0.0155, ortho=14.8050)
    Batch 1500/1953: loss=0.0143 (recon=0.0000, sparse=0.0145, ortho=14.1620)
    absorption=0.3052, MCC=0.2219, MSE=0.000033

  --- Replicate 456 ---
    Batch 500/1953: loss=0.0164 (recon=0.0002, sparse=0.0186, ortho=16.1221)
    Batch 1000/1953: loss=0.0147 (recon=0.0000, sparse=0.0159, ortho=14.5570)
    Batch 1500/1953: loss=0.0144 (recon=0.0000, sparse=0.0144, ortho=14.2575)
    absorption=0.3026, MCC=0.2228, MSE=0.000032

  --- Replicate 789 ---
    Batch 500/1953: loss=0.0162 (recon=0.0001, sparse=0.0184, ortho=15.9240)
    Batch 1000/1953: loss=0.0145 (recon=0.0001, sparse=0.0156, ortho=14.3271)
    Batch 1500/1953: loss=0.0143 (recon=0.0000, sparse=0.0144, ortho=14.2109)
    absorption=0.2152, MCC=0.2228, MSE=0.000030

  --- Replicate 1011 ---
    Batch 500/1953: loss=0.0171 (recon=0.0001, sparse=0.0184, ortho=16.8348)
    Batch 1000/1953: loss=0.0145 (recon=0.0001, sparse=0.0157, ortho=14.3526)
    Batch 1500/1953: loss=0.0143 (recon=0.0000, sparse=0.0141, ortho=14.2009)
    absorption=0.2213, MCC=0.2221, MSE=0.000035

  Combined results saved to exp/results/full/full_orthogonality_results.json
