============================================================
Training vgg16_bn on cifar10
WD method: half_lambda, base WD: 0.0005
Epochs: 200, LR: 0.001, Batch: 128
Seed: 456, Device: cuda:1
Output: /home/ccwang/sibyl-research-system/workspaces/dynamic-wd/current/exp/results/full/vgg16bn/cifar10/half_lambda/seed_456
============================================================
  E  0/200: loss=1.8818 tr_acc=21.78% te_acc=32.18% wn=121.55 CSI=0.0000 AIS=0.4145 BEM=-0.5000
  E 10/200: loss=0.5583 tr_acc=82.29% te_acc=80.80% wn=256.57 CSI=0.2964 AIS=0.3063 BEM=-0.5000
  E 20/200: loss=0.3344 tr_acc=89.57% te_acc=85.83% wn=340.25 CSI=0.0779 AIS=0.2867 BEM=-0.5000
  E 30/200: loss=0.2254 tr_acc=93.09% te_acc=88.42% wn=410.75 CSI=0.0880 AIS=0.1934 BEM=-0.5000
  E 40/200: loss=0.1550 tr_acc=95.29% te_acc=88.14% wn=465.99 CSI=0.0874 AIS=0.1986 BEM=-0.5000
  E 50/200: loss=0.1108 tr_acc=96.78% te_acc=88.99% wn=511.42 CSI=0.1314 AIS=0.2401 BEM=-0.5000
  E 60/200: loss=0.0814 tr_acc=97.61% te_acc=90.36% wn=547.49 CSI=0.1155 AIS=0.1732 BEM=-0.5000
  E 70/200: loss=0.0566 tr_acc=98.33% te_acc=90.18% wn=576.38 CSI=0.1963 AIS=0.1732 BEM=-0.5000
  E 80/200: loss=0.0377 tr_acc=98.86% te_acc=90.18% wn=599.96 CSI=0.1469 AIS=0.0932 BEM=-0.5000
  E 90/200: loss=0.0310 tr_acc=99.14% te_acc=90.70% wn=617.07 CSI=0.2053 AIS=0.2755 BEM=-0.5000
  E100/200: loss=0.0221 tr_acc=99.36% te_acc=91.08% wn=629.30 CSI=0.2520 AIS=0.2213 BEM=-0.5000
  E110/200: loss=0.0161 tr_acc=99.54% te_acc=91.14% wn=638.70 CSI=0.1610 AIS=0.1515 BEM=-0.5000
  E120/200: loss=0.0102 tr_acc=99.71% te_acc=91.02% wn=645.13 CSI=0.3442 AIS=0.2482 BEM=-0.5000
  E130/200: loss=0.0095 tr_acc=99.72% te_acc=92.08% wn=649.40 CSI=0.7304 AIS=0.1988 BEM=-0.5000
  E140/200: loss=0.0064 tr_acc=99.80% te_acc=92.03% wn=651.55 CSI=0.2936 AIS=0.2219 BEM=-0.5000
  E150/200: loss=0.0031 tr_acc=99.89% te_acc=92.19% wn=652.64 CSI=0.4393 AIS=0.2173 BEM=-0.5000
  E160/200: loss=0.0023 tr_acc=99.93% te_acc=91.98% wn=653.29 CSI=0.5079 AIS=0.1755 BEM=-0.5000
  E170/200: loss=0.0014 tr_acc=99.96% te_acc=92.09% wn=653.60 CSI=0.5921 AIS=0.1937 BEM=-0.5000
  E180/200: loss=0.0007 tr_acc=99.97% te_acc=92.24% wn=653.71 CSI=0.7679 AIS=0.3211 BEM=-0.5000
  E190/200: loss=0.0005 tr_acc=99.99% te_acc=92.12% wn=653.74 CSI=1.2937 AIS=0.1852 BEM=-0.5000
  E199/200: loss=0.0005 tr_acc=99.98% te_acc=92.11% wn=653.74 CSI=1.4260 AIS=0.2728 BEM=-0.5000

Done! Best: 92.26%, Time: 838.2s
