/home/ccwang/sibyl-research-system/.venv/lib/python3.12/site-packages/torchvision/datasets/cifar.py:83: VisibleDeprecationWarning: dtype(): align should be passed as Python or NumPy boolean but got `align=0`. Did you mean to pass a tuple to create a subarray type? (Deprecated NumPy 2.4)
  entry = pickle.load(f, encoding="latin1")
[INFO] Model: vgg16bn, Params: 15,299,748, Classes: 100
[INFO] Dataset: cifar100, Epochs: 50, BS: 128
[INFO] WD Method: FixedWD, Lambda: 0.0005
[INFO] Normalized layers detected: 26
Epoch 1/50 | LR: 0.099901 | Train Loss: 4.5218 Acc: 1.72% | Test Loss: 4.3648 Top1: 2.21%
Epoch 2/50 | LR: 0.099606 | Train Loss: 4.3526 Acc: 2.57% | Test Loss: 4.2289 Top1: 2.87%
Epoch 3/50 | LR: 0.099114 | Train Loss: 4.2424 Acc: 3.02% | Test Loss: 4.1461 Top1: 3.51%
Epoch 4/50 | LR: 0.098429 | Train Loss: 4.1299 Acc: 4.09% | Test Loss: 4.0202 Top1: 5.77%
Epoch 5/50 | LR: 0.097553 | Train Loss: 3.9908 Acc: 5.62% | Test Loss: 3.8647 Top1: 6.70%
Epoch 6/50 | LR: 0.096489 | Train Loss: 3.8708 Acc: 6.75% | Test Loss: 3.8266 Top1: 7.79%
Epoch 7/50 | LR: 0.095241 | Train Loss: 3.7401 Acc: 8.05% | Test Loss: 3.6878 Top1: 9.35%
Epoch 8/50 | LR: 0.093815 | Train Loss: 3.5848 Acc: 10.06% | Test Loss: 3.4854 Top1: 11.44%
Epoch 9/50 | LR: 0.092216 | Train Loss: 3.4233 Acc: 12.38% | Test Loss: 3.3026 Top1: 14.94%
Epoch 10/50 | LR: 0.090451 | Train Loss: 3.2902 Acc: 14.66% | Test Loss: 3.0194 Top1: 19.26%
Epoch 11/50 | LR: 0.088526 | Train Loss: 3.1644 Acc: 17.17% | Test Loss: 3.0213 Top1: 19.78%
Epoch 12/50 | LR: 0.086448 | Train Loss: 3.0512 Acc: 19.13% | Test Loss: 2.9701 Top1: 21.64%
Epoch 13/50 | LR: 0.084227 | Train Loss: 2.9469 Acc: 20.93% | Test Loss: 2.9383 Top1: 22.68%
Epoch 14/50 | LR: 0.081871 | Train Loss: 2.8432 Acc: 23.34% | Test Loss: 2.7245 Top1: 25.49%
Epoch 15/50 | LR: 0.079389 | Train Loss: 2.8062 Acc: 24.42% | Test Loss: 2.5914 Top1: 27.81%
Epoch 16/50 | LR: 0.076791 | Train Loss: 2.6527 Acc: 27.41% | Test Loss: 2.4687 Top1: 31.41%
Epoch 17/50 | LR: 0.074088 | Train Loss: 2.5731 Acc: 29.61% | Test Loss: 2.4439 Top1: 33.57%
Epoch 18/50 | LR: 0.071289 | Train Loss: 2.4673 Acc: 31.90% | Test Loss: 2.3391 Top1: 35.13%
Epoch 19/50 | LR: 0.068406 | Train Loss: 2.3621 Acc: 33.88% | Test Loss: 2.5040 Top1: 33.94%
Epoch 20/50 | LR: 0.065451 | Train Loss: 2.2957 Acc: 36.14% | Test Loss: 2.2217 Top1: 39.21%
Epoch 21/50 | LR: 0.062434 | Train Loss: 2.2439 Acc: 37.51% | Test Loss: 2.1516 Top1: 39.57%
Epoch 22/50 | LR: 0.059369 | Train Loss: 2.1582 Acc: 39.83% | Test Loss: 2.1118 Top1: 41.01%
Epoch 23/50 | LR: 0.056267 | Train Loss: 2.0827 Acc: 41.46% | Test Loss: 2.0587 Top1: 42.92%
Epoch 24/50 | LR: 0.053140 | Train Loss: 2.0083 Acc: 43.54% | Test Loss: 2.0172 Top1: 44.73%
Epoch 25/50 | LR: 0.050000 | Train Loss: 1.9173 Acc: 45.64% | Test Loss: 2.0132 Top1: 45.27%
Epoch 26/50 | LR: 0.046860 | Train Loss: 1.8546 Acc: 47.46% | Test Loss: 1.9436 Top1: 47.50%
Epoch 27/50 | LR: 0.043733 | Train Loss: 1.7967 Acc: 48.81% | Test Loss: 1.9394 Top1: 47.19%
Epoch 28/50 | LR: 0.040631 | Train Loss: 1.7155 Acc: 51.09% | Test Loss: 1.7921 Top1: 50.15%
Epoch 29/50 | LR: 0.037566 | Train Loss: 1.7063 Acc: 51.57% | Test Loss: 1.8287 Top1: 49.87%
Epoch 30/50 | LR: 0.034549 | Train Loss: 1.6339 Acc: 53.21% | Test Loss: 1.7283 Top1: 52.25%
Epoch 31/50 | LR: 0.031594 | Train Loss: 1.5389 Acc: 55.79% | Test Loss: 1.7513 Top1: 52.60%
Epoch 32/50 | LR: 0.028711 | Train Loss: 1.4961 Acc: 57.18% | Test Loss: 1.6891 Top1: 54.02%
Epoch 33/50 | LR: 0.025912 | Train Loss: 1.4555 Acc: 58.29% | Test Loss: 1.6854 Top1: 54.62%
Epoch 34/50 | LR: 0.023209 | Train Loss: 1.3786 Acc: 60.46% | Test Loss: 1.6541 Top1: 55.53%
Epoch 35/50 | LR: 0.020611 | Train Loss: 1.3179 Acc: 61.46% | Test Loss: 1.6476 Top1: 56.04%
Epoch 36/50 | LR: 0.018129 | Train Loss: 1.2597 Acc: 63.27% | Test Loss: 1.6366 Top1: 57.62%
Epoch 37/50 | LR: 0.015773 | Train Loss: 1.1984 Acc: 65.08% | Test Loss: 1.5972 Top1: 57.70%
Epoch 38/50 | LR: 0.013552 | Train Loss: 1.1371 Acc: 66.82% | Test Loss: 1.5750 Top1: 58.18%
Epoch 39/50 | LR: 0.011474 | Train Loss: 1.0896 Acc: 68.16% | Test Loss: 1.5775 Top1: 59.40%
Epoch 40/50 | LR: 0.009549 | Train Loss: 1.0316 Acc: 69.49% | Test Loss: 1.5600 Top1: 59.93%
Epoch 41/50 | LR: 0.007784 | Train Loss: 0.9912 Acc: 70.55% | Test Loss: 1.5520 Top1: 59.95%
Epoch 42/50 | LR: 0.006185 | Train Loss: 0.9518 Acc: 71.74% | Test Loss: 1.5366 Top1: 60.38%
Epoch 43/50 | LR: 0.004759 | Train Loss: 0.9073 Acc: 72.93% | Test Loss: 1.5805 Top1: 60.91%
Epoch 44/50 | LR: 0.003511 | Train Loss: 0.8819 Acc: 73.65% | Test Loss: 1.5764 Top1: 60.88%
Epoch 45/50 | LR: 0.002447 | Train Loss: 0.8484 Acc: 74.55% | Test Loss: 1.5726 Top1: 61.46%
Epoch 46/50 | LR: 0.001571 | Train Loss: 0.8249 Acc: 75.20% | Test Loss: 1.5630 Top1: 61.14%
Epoch 47/50 | LR: 0.000886 | Train Loss: 0.8001 Acc: 75.79% | Test Loss: 1.5721 Top1: 61.36%
Epoch 48/50 | LR: 0.000394 | Train Loss: 0.7866 Acc: 76.20% | Test Loss: 1.5757 Top1: 61.66%
Epoch 49/50 | LR: 0.000099 | Train Loss: 0.7846 Acc: 76.29% | Test Loss: 1.5819 Top1: 61.64%
Epoch 50/50 | LR: 0.000000 | Train Loss: 0.7804 Acc: 76.44% | Test Loss: 1.5785 Top1: 61.40%

[DONE] Best Top1: 61.66%, Time: 4.0 min
[DONE] Results saved to /home/ccwang/sibyl-research-system/workspaces/dynamic-wd/current/exp/results/cifar100_vgg16bn_full/FixedWD_seed456/default_results.json
