============================================================
Training resnet20 on cifar10
WD method: cwd_hard, base WD: 5e-05
Epochs: 200, LR: 0.001, Batch: 128
Seed: 42, Device: cuda:6
Output: /home/ccwang/sibyl-research-system/workspaces/dynamic-wd/current/exp/results/full/rho_sweep/cifar10/rho_low/cwd_hard/seed_42
============================================================
  E  0/200: loss=1.4377 tr_acc=46.87% te_acc=53.97% wn=33.84 CSI=0.0000 AIS=0.4901 BEM=-0.4000
  E 10/200: loss=0.4640 tr_acc=83.84% te_acc=82.56% wn=46.00 CSI=0.0999 AIS=0.3536 BEM=-0.5455
  E 20/200: loss=0.3307 tr_acc=88.55% te_acc=82.82% wn=55.90 CSI=0.0411 AIS=0.3870 BEM=-0.5190
  E 30/200: loss=0.2519 tr_acc=91.19% te_acc=86.05% wn=64.29 CSI=0.0552 AIS=0.3082 BEM=-0.5194
  E 40/200: loss=0.2002 tr_acc=92.90% te_acc=86.14% wn=71.34 CSI=0.0525 AIS=0.2812 BEM=-0.4854
  E 50/200: loss=0.1654 tr_acc=94.00% te_acc=87.94% wn=77.19 CSI=0.0496 AIS=0.3205 BEM=-0.4843
  E 60/200: loss=0.1351 tr_acc=95.21% te_acc=87.59% wn=81.97 CSI=0.0470 AIS=0.3255 BEM=-0.4770
  E 70/200: loss=0.1102 tr_acc=96.03% te_acc=87.90% wn=85.86 CSI=0.0624 AIS=0.2552 BEM=-0.4901
  E 80/200: loss=0.0920 tr_acc=96.72% te_acc=88.70% wn=88.96 CSI=0.0641 AIS=0.3929 BEM=-0.4877
  E 90/200: loss=0.0716 tr_acc=97.40% te_acc=88.92% wn=91.37 CSI=0.0849 AIS=0.3762 BEM=-0.4978
  E100/200: loss=0.0581 tr_acc=97.92% te_acc=88.90% wn=93.20 CSI=0.0913 AIS=0.4074 BEM=-0.5069
  E110/200: loss=0.0477 tr_acc=98.31% te_acc=89.23% wn=94.52 CSI=0.0999 AIS=0.4334 BEM=-0.5009
  E120/200: loss=0.0407 tr_acc=98.55% te_acc=89.08% wn=95.46 CSI=0.0784 AIS=0.2895 BEM=-0.5025
  E130/200: loss=0.0296 tr_acc=98.96% te_acc=89.54% wn=96.07 CSI=0.1111 AIS=0.3393 BEM=-0.4992
  E140/200: loss=0.0239 tr_acc=99.19% te_acc=89.65% wn=96.46 CSI=0.1451 AIS=0.4070 BEM=-0.4965
  E150/200: loss=0.0198 tr_acc=99.32% te_acc=89.90% wn=96.69 CSI=0.1595 AIS=0.4408 BEM=-0.5000
  E160/200: loss=0.0150 tr_acc=99.52% te_acc=90.07% wn=96.81 CSI=0.2146 AIS=0.4111 BEM=-0.5019
  E170/200: loss=0.0134 tr_acc=99.56% te_acc=89.88% wn=96.87 CSI=0.1863 AIS=0.3789 BEM=-0.5053
  E180/200: loss=0.0099 tr_acc=99.70% te_acc=90.02% wn=96.89 CSI=0.2695 AIS=0.3745 BEM=-0.5105
  E190/200: loss=0.0092 tr_acc=99.72% te_acc=90.00% wn=96.90 CSI=0.5171 AIS=0.2860 BEM=-0.5079
  E199/200: loss=0.0100 tr_acc=99.72% te_acc=90.09% wn=96.90 CSI=0.8222 AIS=0.3432 BEM=-0.5045

Done! Best: 90.09%, Time: 6954.9s
