============================================================
Training vgg16_bn on cifar10
WD method: half_lambda, base WD: 0.0005
Epochs: 200, LR: 0.001, Batch: 128
Seed: 123, Device: cuda:1
Output: /home/ccwang/sibyl-research-system/workspaces/dynamic-wd/current/exp/results/full/vgg16bn/cifar10/half_lambda/seed_123
============================================================
  E  0/200: loss=1.9256 tr_acc=19.64% te_acc=24.98% wn=120.25 CSI=0.0000 AIS=0.4429 BEM=-0.5000
  E 10/200: loss=0.6031 tr_acc=80.82% te_acc=81.26% wn=260.55 CSI=0.2659 AIS=0.2998 BEM=-0.5000
  E 20/200: loss=0.3656 tr_acc=88.60% te_acc=86.87% wn=344.54 CSI=0.0627 AIS=0.1562 BEM=-0.5000
  E 30/200: loss=0.2452 tr_acc=92.58% te_acc=88.09% wn=412.88 CSI=0.0731 AIS=0.2357 BEM=-0.5000
  E 40/200: loss=0.1653 tr_acc=94.91% te_acc=88.66% wn=468.74 CSI=0.0815 AIS=0.1906 BEM=-0.5000
  E 50/200: loss=0.1158 tr_acc=96.52% te_acc=89.76% wn=515.64 CSI=0.1116 AIS=0.2209 BEM=-0.5000
  E 60/200: loss=0.0879 tr_acc=97.38% te_acc=89.82% wn=551.05 CSI=0.1680 AIS=0.2867 BEM=-0.5000
  E 70/200: loss=0.0597 tr_acc=98.18% te_acc=90.55% wn=580.30 CSI=0.0862 AIS=0.2123 BEM=-0.5000
  E 80/200: loss=0.0456 tr_acc=98.71% te_acc=90.56% wn=602.58 CSI=0.1049 AIS=0.1822 BEM=-0.5000
  E 90/200: loss=0.0336 tr_acc=99.03% te_acc=90.68% wn=619.45 CSI=0.1407 AIS=0.2038 BEM=-0.5000
  E100/200: loss=0.0246 tr_acc=99.29% te_acc=90.76% wn=632.63 CSI=0.3098 AIS=0.2515 BEM=-0.5000
  E110/200: loss=0.0163 tr_acc=99.54% te_acc=90.81% wn=641.87 CSI=0.2738 AIS=0.1375 BEM=-0.5000
  E120/200: loss=0.0148 tr_acc=99.58% te_acc=91.18% wn=648.15 CSI=0.2785 AIS=0.2466 BEM=-0.5000
  E130/200: loss=0.0078 tr_acc=99.76% te_acc=91.38% wn=652.54 CSI=0.2149 AIS=0.1197 BEM=-0.5000
  E140/200: loss=0.0061 tr_acc=99.83% te_acc=91.74% wn=654.54 CSI=0.2822 AIS=0.1872 BEM=-0.5000
  E150/200: loss=0.0051 tr_acc=99.87% te_acc=91.83% wn=655.84 CSI=0.4997 AIS=0.0447 BEM=-0.5000
  E160/200: loss=0.0029 tr_acc=99.93% te_acc=91.81% wn=656.36 CSI=0.3436 AIS=0.2770 BEM=-0.5000
  E170/200: loss=0.0017 tr_acc=99.95% te_acc=91.97% wn=656.76 CSI=0.6016 AIS=0.2868 BEM=-0.5000
  E180/200: loss=0.0008 tr_acc=99.98% te_acc=92.11% wn=656.87 CSI=0.8608 AIS=0.1974 BEM=-0.5000
  E190/200: loss=0.0006 tr_acc=99.97% te_acc=92.08% wn=656.91 CSI=1.0935 AIS=0.2851 BEM=-0.5000
  E199/200: loss=0.0008 tr_acc=99.99% te_acc=92.16% wn=656.91 CSI=1.5088 AIS=0.3052 BEM=-0.5000

Done! Best: 92.18%, Time: 840.3s
