==========================================================================================
FULL EXPERIMENT: batchsize_sweep — Phase 2b
  Model: vgg16_bn on cifar100
  Epochs: 200
  Seeds: [42, 123, 456]
  Batch sizes: [64, 128, 256, 512, 1024]
  Methods: FixedWD, CWD, UDWDC-v2
  Total runs: 45
  LR scaling: 0.1 * (bs / 128)
  Diagnostic interval: every 10 batches
==========================================================================================
Device: cuda:0
GPU: NVIDIA RTX PRO 6000 Blackwell Server Edition
Memory: 102.0 GB

################################################################################
# Batch size: 64, LR: 0.0500
################################################################################

======================================================================
[1/45] FixedWD_bs64_seed42 (LR=0.0500)
======================================================================
/home/ccwang/miniforge3/envs/sibyl_dynamic-wd/lib/python3.12/site-packages/torchvision/datasets/cifar.py:83: VisibleDeprecationWarning: dtype(): align should be passed as Python or NumPy boolean but got `align=0`. Did you mean to pass a tuple to create a subarray type? (Deprecated NumPy 2.4)
  entry = pickle.load(f, encoding="latin1")
  [FixedWD_bs64_seed42] Epoch 1/200 | LR: 0.050000 | Train: 1.66% | Test: 2.74% | Best: 2.74% | ETA: 30.7min [run 1/45]
  [FixedWD_bs64_seed42] Epoch 20/200 | LR: 0.048895 | Train: 40.96% | Test: 42.82% | Best: 42.96% | ETA: 26.4min [run 1/45]
  [FixedWD_bs64_seed42] Epoch 40/200 | LR: 0.045454 | Train: 59.47% | Test: 57.17% | Best: 57.17% | ETA: 22.9min [run 1/45]
  [FixedWD_bs64_seed42] Epoch 60/200 | LR: 0.040011 | Train: 75.35% | Test: 62.21% | Best: 62.63% | ETA: 19.7min [run 1/45]
  [FixedWD_bs64_seed42] Epoch 80/200 | LR: 0.033098 | Train: 85.60% | Test: 64.16% | Best: 64.36% | ETA: 17.0min [run 1/45]
  [FixedWD_bs64_seed42] Epoch 100/200 | LR: 0.025393 | Train: 92.68% | Test: 66.04% | Best: 66.04% | ETA: 14.2min [run 1/45]
  [FixedWD_bs64_seed42] Epoch 120/200 | LR: 0.017649 | Train: 96.66% | Test: 66.35% | Best: 66.35% | ETA: 11.3min [run 1/45]
  [FixedWD_bs64_seed42] Epoch 140/200 | LR: 0.010625 | Train: 98.55% | Test: 67.69% | Best: 67.69% | ETA: 8.5min [run 1/45]
  [FixedWD_bs64_seed42] Epoch 160/200 | LR: 0.005008 | Train: 99.41% | Test: 68.07% | Best: 68.23% | ETA: 5.7min [run 1/45]
  [FixedWD_bs64_seed42] Epoch 180/200 | LR: 0.001348 | Train: 99.64% | Test: 68.38% | Best: 68.38% | ETA: 2.8min [run 1/45]
  [FixedWD_bs64_seed42] Epoch 200/200 | LR: 0.000003 | Train: 99.63% | Test: 68.36% | Best: 68.40% | ETA: 0.0min [run 1/45]
  DONE: FixedWD_bs64_seed42 | Best: 68.40% | Final: 68.36% | SNR: 0.0229 | Time: 1688.3s

======================================================================
[2/45] FixedWD_bs64_seed123 (LR=0.0500)
======================================================================
  [FixedWD_bs64_seed123] Epoch 1/200 | LR: 0.050000 | Train: 2.26% | Test: 3.68% | Best: 3.68% | ETA: 29.2min [run 2/45]
  [FixedWD_bs64_seed123] Epoch 20/200 | LR: 0.048895 | Train: 50.62% | Test: 50.90% | Best: 50.90% | ETA: 26.5min [run 2/45]
  [FixedWD_bs64_seed123] Epoch 40/200 | LR: 0.045454 | Train: 71.22% | Test: 62.31% | Best: 62.56% | ETA: 23.3min [run 2/45]
  [FixedWD_bs64_seed123] Epoch 60/200 | LR: 0.040011 | Train: 82.30% | Test: 65.73% | Best: 65.73% | ETA: 20.1min [run 2/45]
  [FixedWD_bs64_seed123] Epoch 80/200 | LR: 0.033098 | Train: 89.76% | Test: 67.39% | Best: 67.39% | ETA: 17.1min [run 2/45]
  [FixedWD_bs64_seed123] Epoch 100/200 | LR: 0.025393 | Train: 94.57% | Test: 67.99% | Best: 68.73% | ETA: 14.3min [run 2/45]
  [FixedWD_bs64_seed123] Epoch 120/200 | LR: 0.017649 | Train: 97.46% | Test: 69.35% | Best: 69.58% | ETA: 11.5min [run 2/45]
  [FixedWD_bs64_seed123] Epoch 140/200 | LR: 0.010625 | Train: 98.97% | Test: 69.87% | Best: 70.61% | ETA: 8.5min [run 2/45]
  [FixedWD_bs64_seed123] Epoch 160/200 | LR: 0.005008 | Train: 99.58% | Test: 70.98% | Best: 70.98% | ETA: 5.7min [run 2/45]
  [FixedWD_bs64_seed123] Epoch 180/200 | LR: 0.001348 | Train: 99.77% | Test: 71.18% | Best: 71.31% | ETA: 2.8min [run 2/45]
  [FixedWD_bs64_seed123] Epoch 200/200 | LR: 0.000003 | Train: 99.80% | Test: 71.13% | Best: 71.41% | ETA: 0.0min [run 2/45]
  DONE: FixedWD_bs64_seed123 | Best: 71.41% | Final: 71.13% | SNR: 0.0459 | Time: 1709.8s

======================================================================
[3/45] FixedWD_bs64_seed456 (LR=0.0500)
======================================================================
  [FixedWD_bs64_seed456] Epoch 1/200 | LR: 0.050000 | Train: 2.17% | Test: 3.38% | Best: 3.38% | ETA: 24.5min [run 3/45]
  [FixedWD_bs64_seed456] Epoch 20/200 | LR: 0.048895 | Train: 36.82% | Test: 41.46% | Best: 41.46% | ETA: 23.9min [run 3/45]
  [FixedWD_bs64_seed456] Epoch 40/200 | LR: 0.045454 | Train: 57.24% | Test: 55.84% | Best: 55.84% | ETA: 22.5min [run 3/45]
  [FixedWD_bs64_seed456] Epoch 60/200 | LR: 0.040011 | Train: 67.40% | Test: 60.91% | Best: 60.91% | ETA: 20.0min [run 3/45]
  [FixedWD_bs64_seed456] Epoch 80/200 | LR: 0.033098 | Train: 82.99% | Test: 64.33% | Best: 64.55% | ETA: 16.8min [run 3/45]
  [FixedWD_bs64_seed456] Epoch 100/200 | LR: 0.025393 | Train: 90.89% | Test: 64.18% | Best: 65.66% | ETA: 14.1min [run 3/45]
  [FixedWD_bs64_seed456] Epoch 120/200 | LR: 0.017649 | Train: 95.83% | Test: 66.82% | Best: 66.86% | ETA: 11.4min [run 3/45]
  [FixedWD_bs64_seed456] Epoch 140/200 | LR: 0.010625 | Train: 98.32% | Test: 67.15% | Best: 67.38% | ETA: 8.5min [run 3/45]
  [FixedWD_bs64_seed456] Epoch 160/200 | LR: 0.005008 | Train: 99.32% | Test: 68.17% | Best: 68.21% | ETA: 5.6min [run 3/45]
  [FixedWD_bs64_seed456] Epoch 180/200 | LR: 0.001348 | Train: 99.62% | Test: 68.34% | Best: 68.85% | ETA: 2.8min [run 3/45]
  [FixedWD_bs64_seed456] Epoch 200/200 | LR: 0.000003 | Train: 99.69% | Test: 68.41% | Best: 68.85% | ETA: 0.0min [run 3/45]
  DONE: FixedWD_bs64_seed456 | Best: 68.85% | Final: 68.41% | SNR: 0.0156 | Time: 1704.7s

======================================================================
[4/45] CWD_bs64_seed42 (LR=0.0500)
======================================================================
  [CWD_bs64_seed42] Epoch 1/200 | LR: 0.050000 | Train: 1.95% | Test: 3.33% | Best: 3.33% | ETA: 55.6min [run 4/45]
  [CWD_bs64_seed42] Epoch 20/200 | LR: 0.048895 | Train: 45.42% | Test: 48.80% | Best: 48.80% | ETA: 47.1min [run 4/45]
  [CWD_bs64_seed42] Epoch 40/200 | LR: 0.045454 | Train: 65.62% | Test: 59.17% | Best: 60.49% | ETA: 41.5min [run 4/45]
  [CWD_bs64_seed42] Epoch 60/200 | LR: 0.040011 | Train: 74.57% | Test: 63.26% | Best: 63.26% | ETA: 36.6min [run 4/45]
  [CWD_bs64_seed42] Epoch 80/200 | LR: 0.033098 | Train: 86.47% | Test: 66.36% | Best: 66.36% | ETA: 31.4min [run 4/45]
  [CWD_bs64_seed42] Epoch 100/200 | LR: 0.025393 | Train: 92.80% | Test: 66.58% | Best: 67.59% | ETA: 26.2min [run 4/45]
  [CWD_bs64_seed42] Epoch 120/200 | LR: 0.017649 | Train: 96.64% | Test: 67.65% | Best: 68.09% | ETA: 21.2min [run 4/45]
  [CWD_bs64_seed42] Epoch 140/200 | LR: 0.010625 | Train: 98.52% | Test: 68.33% | Best: 68.72% | ETA: 15.9min [run 4/45]
  [CWD_bs64_seed42] Epoch 160/200 | LR: 0.005008 | Train: 99.27% | Test: 69.34% | Best: 69.45% | ETA: 10.6min [run 4/45]
  [CWD_bs64_seed42] Epoch 180/200 | LR: 0.001348 | Train: 99.57% | Test: 69.53% | Best: 69.58% | ETA: 5.3min [run 4/45]
  [CWD_bs64_seed42] Epoch 200/200 | LR: 0.000003 | Train: 99.64% | Test: 69.59% | Best: 69.76% | ETA: 0.0min [run 4/45]
  DONE: CWD_bs64_seed42 | Best: 69.76% | Final: 69.59% | SNR: 0.0174 | Time: 3181.7s

======================================================================
[5/45] CWD_bs64_seed123 (LR=0.0500)
======================================================================
  [CWD_bs64_seed123] Epoch 1/200 | LR: 0.050000 | Train: 2.21% | Test: 3.86% | Best: 3.86% | ETA: 55.4min [run 5/45]
  [CWD_bs64_seed123] Epoch 20/200 | LR: 0.048895 | Train: 43.24% | Test: 45.10% | Best: 45.47% | ETA: 47.0min [run 5/45]
  [CWD_bs64_seed123] Epoch 40/200 | LR: 0.045454 | Train: 56.21% | Test: 56.97% | Best: 57.12% | ETA: 41.7min [run 5/45]
  [CWD_bs64_seed123] Epoch 60/200 | LR: 0.040011 | Train: 66.17% | Test: 60.89% | Best: 60.89% | ETA: 37.4min [run 5/45]
  [CWD_bs64_seed123] Epoch 80/200 | LR: 0.033098 | Train: 74.94% | Test: 58.32% | Best: 63.52% | ETA: 31.9min [run 5/45]
  [CWD_bs64_seed123] Epoch 100/200 | LR: 0.025393 | Train: 82.65% | Test: 63.35% | Best: 64.21% | ETA: 26.5min [run 5/45]
  [CWD_bs64_seed123] Epoch 120/200 | LR: 0.017649 | Train: 91.98% | Test: 64.74% | Best: 64.74% | ETA: 21.3min [run 5/45]
  [CWD_bs64_seed123] Epoch 140/200 | LR: 0.010625 | Train: 97.32% | Test: 66.36% | Best: 66.36% | ETA: 15.8min [run 5/45]
  [CWD_bs64_seed123] Epoch 160/200 | LR: 0.005008 | Train: 98.83% | Test: 66.19% | Best: 66.52% | ETA: 10.5min [run 5/45]
  [CWD_bs64_seed123] Epoch 180/200 | LR: 0.001348 | Train: 99.40% | Test: 66.50% | Best: 66.96% | ETA: 5.2min [run 5/45]
  [CWD_bs64_seed123] Epoch 200/200 | LR: 0.000003 | Train: 99.39% | Test: 66.99% | Best: 67.03% | ETA: 0.0min [run 5/45]
  DONE: CWD_bs64_seed123 | Best: 67.03% | Final: 66.99% | SNR: 0.0013 | Time: 3138.9s

======================================================================
[6/45] CWD_bs64_seed456 (LR=0.0500)
======================================================================
  [CWD_bs64_seed456] Epoch 1/200 | LR: 0.050000 | Train: 2.06% | Test: 3.22% | Best: 3.22% | ETA: 53.2min [run 6/45]
  [CWD_bs64_seed456] Epoch 20/200 | LR: 0.048895 | Train: 43.19% | Test: 44.51% | Best: 44.51% | ETA: 45.3min [run 6/45]
  [CWD_bs64_seed456] Epoch 40/200 | LR: 0.045454 | Train: 55.99% | Test: 53.62% | Best: 56.08% | ETA: 41.7min [run 6/45]
  [CWD_bs64_seed456] Epoch 60/200 | LR: 0.040011 | Train: 67.01% | Test: 60.44% | Best: 61.05% | ETA: 36.2min [run 6/45]
  [CWD_bs64_seed456] Epoch 80/200 | LR: 0.033098 | Train: 74.80% | Test: 61.55% | Best: 63.93% | ETA: 30.9min [run 6/45]
  [CWD_bs64_seed456] Epoch 100/200 | LR: 0.025393 | Train: 85.89% | Test: 64.51% | Best: 64.56% | ETA: 26.0min [run 6/45]
  [CWD_bs64_seed456] Epoch 120/200 | LR: 0.017649 | Train: 91.77% | Test: 66.20% | Best: 66.20% | ETA: 20.7min [run 6/45]
  [CWD_bs64_seed456] Epoch 140/200 | LR: 0.010625 | Train: 97.25% | Test: 66.74% | Best: 67.03% | ETA: 15.5min [run 6/45]
  [CWD_bs64_seed456] Epoch 160/200 | LR: 0.005008 | Train: 98.83% | Test: 67.07% | Best: 67.65% | ETA: 10.5min [run 6/45]
  [CWD_bs64_seed456] Epoch 180/200 | LR: 0.001348 | Train: 99.26% | Test: 67.70% | Best: 68.13% | ETA: 5.2min [run 6/45]
  [CWD_bs64_seed456] Epoch 200/200 | LR: 0.000003 | Train: 99.31% | Test: 67.70% | Best: 68.13% | ETA: 0.0min [run 6/45]
  DONE: CWD_bs64_seed456 | Best: 68.13% | Final: 67.70% | SNR: 0.0034 | Time: 3134.5s

======================================================================
[7/45] UDWDC_v2_bs64_seed42 (LR=0.0500)
======================================================================
  [UDWDC_v2_bs64_seed42] Epoch 1/200 | LR: 0.050000 | Train: 2.01% | Test: 3.31% | Best: 3.31% | ETA: 90.9min [run 7/45]
  [UDWDC_v2_bs64_seed42] Epoch 20/200 | LR: 0.048895 | Train: 45.79% | Test: 49.11% | Best: 49.11% | ETA: 76.9min [run 7/45]
  [UDWDC_v2_bs64_seed42] Epoch 40/200 | LR: 0.045454 | Train: 66.01% | Test: 58.52% | Best: 60.47% | ETA: 69.2min [run 7/45]
  [UDWDC_v2_bs64_seed42] Epoch 60/200 | LR: 0.040011 | Train: 81.81% | Test: 64.31% | Best: 64.73% | ETA: 60.8min [run 7/45]
  [UDWDC_v2_bs64_seed42] Epoch 80/200 | LR: 0.033098 | Train: 90.51% | Test: 66.09% | Best: 66.59% | ETA: 51.9min [run 7/45]
  [UDWDC_v2_bs64_seed42] Epoch 100/200 | LR: 0.025393 | Train: 95.32% | Test: 67.00% | Best: 67.36% | ETA: 43.3min [run 7/45]
  [UDWDC_v2_bs64_seed42] Epoch 120/200 | LR: 0.017649 | Train: 98.03% | Test: 68.13% | Best: 68.13% | ETA: 34.7min [run 7/45]
  [UDWDC_v2_bs64_seed42] Epoch 140/200 | LR: 0.010625 | Train: 99.14% | Test: 68.52% | Best: 68.70% | ETA: 26.1min [run 7/45]
  [UDWDC_v2_bs64_seed42] Epoch 160/200 | LR: 0.005008 | Train: 99.59% | Test: 68.92% | Best: 69.09% | ETA: 17.6min [run 7/45]
  [UDWDC_v2_bs64_seed42] Epoch 180/200 | LR: 0.001348 | Train: 99.71% | Test: 68.97% | Best: 69.25% | ETA: 8.8min [run 7/45]
  [UDWDC_v2_bs64_seed42] Epoch 200/200 | LR: 0.000003 | Train: 99.77% | Test: 69.00% | Best: 69.25% | ETA: 0.0min [run 7/45]
  DONE: UDWDC_v2_bs64_seed42 | Best: 69.25% | Final: 69.00% | SNR: 0.0331 | Time: 5258.3s | WD=1.8699e+06

======================================================================
[8/45] UDWDC_v2_bs64_seed123 (LR=0.0500)
======================================================================
  [UDWDC_v2_bs64_seed123] Epoch 1/200 | LR: 0.050000 | Train: 2.19% | Test: 3.12% | Best: 3.12% | ETA: 98.6min [run 8/45]
  [UDWDC_v2_bs64_seed123] Epoch 20/200 | LR: 0.048895 | Train: 48.04% | Test: 50.38% | Best: 50.38% | ETA: 85.6min [run 8/45]
  [UDWDC_v2_bs64_seed123] Epoch 40/200 | LR: 0.045454 | Train: 70.94% | Test: 61.76% | Best: 61.76% | ETA: 74.4min [run 8/45]
  [UDWDC_v2_bs64_seed123] Epoch 60/200 | LR: 0.040011 | Train: 83.24% | Test: 64.96% | Best: 65.02% | ETA: 63.5min [run 8/45]
  [UDWDC_v2_bs64_seed123] Epoch 80/200 | LR: 0.033098 | Train: 90.84% | Test: 66.63% | Best: 67.27% | ETA: 53.8min [run 8/45]
  [UDWDC_v2_bs64_seed123] Epoch 100/200 | LR: 0.025393 | Train: 95.72% | Test: 68.15% | Best: 68.43% | ETA: 45.1min [run 8/45]
  [UDWDC_v2_bs64_seed123] Epoch 120/200 | LR: 0.017649 | Train: 98.02% | Test: 68.63% | Best: 68.86% | ETA: 36.1min [run 8/45]
  [UDWDC_v2_bs64_seed123] Epoch 140/200 | LR: 0.010625 | Train: 99.14% | Test: 69.11% | Best: 69.77% | ETA: 27.1min [run 8/45]
  [UDWDC_v2_bs64_seed123] Epoch 160/200 | LR: 0.005008 | Train: 99.56% | Test: 70.09% | Best: 70.18% | ETA: 18.0min [run 8/45]
  [UDWDC_v2_bs64_seed123] Epoch 180/200 | LR: 0.001348 | Train: 99.73% | Test: 70.24% | Best: 70.40% | ETA: 9.7min [run 8/45]
  [UDWDC_v2_bs64_seed123] Epoch 200/200 | LR: 0.000003 | Train: 99.80% | Test: 70.27% | Best: 70.56% | ETA: 0.0min [run 8/45]
  DONE: UDWDC_v2_bs64_seed123 | Best: 70.56% | Final: 70.27% | SNR: 0.0470 | Time: 6877.6s | WD=1.8072e+06

======================================================================
[9/45] UDWDC_v2_bs64_seed456 (LR=0.0500)
======================================================================
  [UDWDC_v2_bs64_seed456] Epoch 1/200 | LR: 0.050000 | Train: 2.06% | Test: 3.37% | Best: 3.37% | ETA: 343.2min [run 9/45]
  [UDWDC_v2_bs64_seed456] Epoch 20/200 | LR: 0.048895 | Train: 42.05% | Test: 47.40% | Best: 47.40% | ETA: 250.9min [run 9/45]
  [UDWDC_v2_bs64_seed456] Epoch 40/200 | LR: 0.045454 | Train: 64.23% | Test: 59.99% | Best: 59.99% | ETA: 216.5min [run 9/45]
  [UDWDC_v2_bs64_seed456] Epoch 60/200 | LR: 0.040011 | Train: 79.59% | Test: 62.66% | Best: 64.08% | ETA: 190.8min [run 9/45]
  [UDWDC_v2_bs64_seed456] Epoch 80/200 | LR: 0.033098 | Train: 88.68% | Test: 65.88% | Best: 65.88% | ETA: 163.6min [run 9/45]
  [UDWDC_v2_bs64_seed456] Epoch 100/200 | LR: 0.025393 | Train: 94.81% | Test: 66.54% | Best: 66.87% | ETA: 136.1min [run 9/45]
  [UDWDC_v2_bs64_seed456] Epoch 120/200 | LR: 0.017649 | Train: 97.69% | Test: 67.52% | Best: 67.88% | ETA: 109.0min [run 9/45]
  [UDWDC_v2_bs64_seed456] Epoch 140/200 | LR: 0.010625 | Train: 98.96% | Test: 68.60% | Best: 68.62% | ETA: 82.0min [run 9/45]
  [UDWDC_v2_bs64_seed456] Epoch 160/200 | LR: 0.005008 | Train: 99.47% | Test: 69.12% | Best: 69.12% | ETA: 54.6min [run 9/45]
  [UDWDC_v2_bs64_seed456] Epoch 180/200 | LR: 0.001348 | Train: 99.67% | Test: 69.26% | Best: 69.29% | ETA: 27.2min [run 9/45]
  [UDWDC_v2_bs64_seed456] Epoch 200/200 | LR: 0.000003 | Train: 99.71% | Test: 68.95% | Best: 69.50% | ETA: 0.0min [run 9/45]
  DONE: UDWDC_v2_bs64_seed456 | Best: 69.50% | Final: 68.95% | SNR: 0.0366 | Time: 16331.4s | WD=2.2805e+06

################################################################################
# Batch size: 128, LR: 0.1000
################################################################################

======================================================================
[10/45] FixedWD_bs128_seed42 (LR=0.1000)
======================================================================
  [FixedWD_bs128_seed42] Epoch 1/200 | LR: 0.100000 | Train: 2.07% | Test: 2.66% | Best: 2.66% | ETA: 35.7min [run 10/45]
  [FixedWD_bs128_seed42] Epoch 20/200 | LR: 0.097790 | Train: 42.06% | Test: 40.97% | Best: 44.49% | ETA: 32.0min [run 10/45]
  [FixedWD_bs128_seed42] Epoch 40/200 | LR: 0.090907 | Train: 64.20% | Test: 56.86% | Best: 57.25% | ETA: 28.6min [run 10/45]
  [FixedWD_bs128_seed42] Epoch 60/200 | LR: 0.080021 | Train: 77.84% | Test: 64.40% | Best: 64.40% | ETA: 25.0min [run 10/45]
  [FixedWD_bs128_seed42] Epoch 80/200 | LR: 0.066196 | Train: 87.06% | Test: 64.55% | Best: 65.56% | ETA: 19.9min [run 10/45]
  [FixedWD_bs128_seed42] Epoch 100/200 | LR: 0.050785 | Train: 93.43% | Test: 66.79% | Best: 67.80% | ETA: 16.2min [run 10/45]
  [FixedWD_bs128_seed42] Epoch 120/200 | LR: 0.035298 | Train: 96.96% | Test: 67.31% | Best: 68.32% | ETA: 13.2min [run 10/45]
  [FixedWD_bs128_seed42] Epoch 140/200 | LR: 0.021250 | Train: 98.77% | Test: 68.79% | Best: 69.00% | ETA: 10.0min [run 10/45]
  [FixedWD_bs128_seed42] Epoch 160/200 | LR: 0.010016 | Train: 99.46% | Test: 69.26% | Best: 69.57% | ETA: 6.6min [run 10/45]
  [FixedWD_bs128_seed42] Epoch 180/200 | LR: 0.002696 | Train: 99.73% | Test: 69.95% | Best: 69.95% | ETA: 3.4min [run 10/45]
  [FixedWD_bs128_seed42] Epoch 200/200 | LR: 0.000006 | Train: 99.74% | Test: 69.94% | Best: 70.05% | ETA: 0.0min [run 10/45]
  DONE: FixedWD_bs128_seed42 | Best: 70.05% | Final: 69.94% | SNR: 0.0111 | Time: 2022.9s

======================================================================
[11/45] FixedWD_bs128_seed123 (LR=0.1000)
======================================================================
  [FixedWD_bs128_seed123] Epoch 1/200 | LR: 0.100000 | Train: 2.10% | Test: 3.10% | Best: 3.10% | ETA: 34.3min [run 11/45]
  [FixedWD_bs128_seed123] Epoch 20/200 | LR: 0.097790 | Train: 45.32% | Test: 44.52% | Best: 45.89% | ETA: 30.7min [run 11/45]
  [FixedWD_bs128_seed123] Epoch 40/200 | LR: 0.090907 | Train: 66.76% | Test: 58.34% | Best: 58.34% | ETA: 25.1min [run 11/45]
  [FixedWD_bs128_seed123] Epoch 60/200 | LR: 0.080021 | Train: 79.30% | Test: 63.26% | Best: 64.02% | ETA: 22.9min [run 11/45]
  [FixedWD_bs128_seed123] Epoch 80/200 | LR: 0.066196 | Train: 88.53% | Test: 66.15% | Best: 66.15% | ETA: 20.1min [run 11/45]
  [FixedWD_bs128_seed123] Epoch 100/200 | LR: 0.050785 | Train: 93.90% | Test: 67.58% | Best: 67.58% | ETA: 17.0min [run 11/45]
  [FixedWD_bs128_seed123] Epoch 120/200 | LR: 0.035298 | Train: 97.26% | Test: 68.32% | Best: 68.70% | ETA: 13.2min [run 11/45]
  [FixedWD_bs128_seed123] Epoch 140/200 | LR: 0.021250 | Train: 98.94% | Test: 69.54% | Best: 69.54% | ETA: 10.0min [run 11/45]
  [FixedWD_bs128_seed123] Epoch 160/200 | LR: 0.010016 | Train: 99.55% | Test: 69.87% | Best: 69.87% | ETA: 6.7min [run 11/45]
  [FixedWD_bs128_seed123] Epoch 180/200 | LR: 0.002696 | Train: 99.76% | Test: 70.27% | Best: 70.27% | ETA: 3.4min [run 11/45]
  [FixedWD_bs128_seed123] Epoch 200/200 | LR: 0.000006 | Train: 99.78% | Test: 70.01% | Best: 70.35% | ETA: 0.0min [run 11/45]
  DONE: FixedWD_bs128_seed123 | Best: 70.35% | Final: 70.01% | SNR: 0.0148 | Time: 2009.7s

======================================================================
[12/45] FixedWD_bs128_seed456 (LR=0.1000)
======================================================================
  [FixedWD_bs128_seed456] Epoch 1/200 | LR: 0.100000 | Train: 2.09% | Test: 2.96% | Best: 2.96% | ETA: 21.2min [run 12/45]
  [FixedWD_bs128_seed456] Epoch 20/200 | LR: 0.097790 | Train: 49.06% | Test: 49.91% | Best: 49.91% | ETA: 31.3min [run 12/45]
  [FixedWD_bs128_seed456] Epoch 40/200 | LR: 0.090907 | Train: 71.33% | Test: 60.34% | Best: 61.04% | ETA: 28.2min [run 12/45]
  [FixedWD_bs128_seed456] Epoch 60/200 | LR: 0.080021 | Train: 82.70% | Test: 64.85% | Best: 65.30% | ETA: 24.8min [run 12/45]
  [FixedWD_bs128_seed456] Epoch 80/200 | LR: 0.066196 | Train: 90.18% | Test: 65.63% | Best: 66.65% | ETA: 20.8min [run 12/45]
  [FixedWD_bs128_seed456] Epoch 100/200 | LR: 0.050785 | Train: 95.02% | Test: 67.80% | Best: 68.21% | ETA: 17.0min [run 12/45]
  [FixedWD_bs128_seed456] Epoch 120/200 | LR: 0.035298 | Train: 97.89% | Test: 68.98% | Best: 69.00% | ETA: 13.7min [run 12/45]
  [FixedWD_bs128_seed456] Epoch 140/200 | LR: 0.021250 | Train: 99.13% | Test: 70.08% | Best: 70.08% | ETA: 10.3min [run 12/45]
  [FixedWD_bs128_seed456] Epoch 160/200 | LR: 0.010016 | Train: 99.70% | Test: 70.72% | Best: 70.72% | ETA: 6.9min [run 12/45]
  [FixedWD_bs128_seed456] Epoch 180/200 | LR: 0.002696 | Train: 99.78% | Test: 70.94% | Best: 71.06% | ETA: 3.4min [run 12/45]
  [FixedWD_bs128_seed456] Epoch 200/200 | LR: 0.000006 | Train: 99.83% | Test: 71.15% | Best: 71.19% | ETA: 0.0min [run 12/45]
  DONE: FixedWD_bs128_seed456 | Best: 71.19% | Final: 71.15% | SNR: 0.0243 | Time: 2046.0s

======================================================================
[13/45] CWD_bs128_seed42 (LR=0.1000)
======================================================================
  [CWD_bs128_seed42] Epoch 1/200 | LR: 0.100000 | Train: 2.14% | Test: 2.71% | Best: 2.71% | ETA: 74.7min [run 13/45]
  [CWD_bs128_seed42] Epoch 20/200 | LR: 0.097790 | Train: 44.23% | Test: 46.24% | Best: 46.84% | ETA: 66.2min [run 13/45]
  [CWD_bs128_seed42] Epoch 40/200 | LR: 0.090907 | Train: 64.37% | Test: 58.11% | Best: 58.11% | ETA: 57.0min [run 13/45]
  [CWD_bs128_seed42] Epoch 60/200 | LR: 0.080021 | Train: 77.26% | Test: 62.42% | Best: 63.64% | ETA: 49.2min [run 13/45]
  [CWD_bs128_seed42] Epoch 80/200 | LR: 0.066196 | Train: 84.01% | Test: 63.40% | Best: 65.98% | ETA: 42.8min [run 13/45]
  [CWD_bs128_seed42] Epoch 100/200 | LR: 0.050785 | Train: 92.42% | Test: 66.63% | Best: 67.04% | ETA: 35.4min [run 13/45]
  [CWD_bs128_seed42] Epoch 120/200 | LR: 0.035298 | Train: 96.68% | Test: 67.72% | Best: 68.02% | ETA: 28.5min [run 13/45]
  [CWD_bs128_seed42] Epoch 140/200 | LR: 0.021250 | Train: 98.63% | Test: 68.53% | Best: 68.62% | ETA: 21.2min [run 13/45]
  [CWD_bs128_seed42] Epoch 160/200 | LR: 0.010016 | Train: 99.37% | Test: 68.72% | Best: 69.05% | ETA: 14.3min [run 13/45]
  [CWD_bs128_seed42] Epoch 180/200 | LR: 0.002696 | Train: 99.65% | Test: 69.36% | Best: 69.37% | ETA: 7.0min [run 13/45]
  [CWD_bs128_seed42] Epoch 200/200 | LR: 0.000006 | Train: 99.66% | Test: 69.09% | Best: 69.44% | ETA: 0.0min [run 13/45]
  DONE: CWD_bs128_seed42 | Best: 69.44% | Final: 69.09% | SNR: 0.0030 | Time: 4214.4s

======================================================================
[14/45] CWD_bs128_seed123 (LR=0.1000)
======================================================================
  [CWD_bs128_seed123] Epoch 1/200 | LR: 0.100000 | Train: 2.06% | Test: 2.65% | Best: 2.65% | ETA: 74.1min [run 14/45]
  [CWD_bs128_seed123] Epoch 20/200 | LR: 0.097790 | Train: 43.69% | Test: 44.90% | Best: 48.01% | ETA: 60.9min [run 14/45]
  [CWD_bs128_seed123] Epoch 40/200 | LR: 0.090907 | Train: 65.91% | Test: 58.08% | Best: 58.08% | ETA: 56.9min [run 14/45]
  [CWD_bs128_seed123] Epoch 60/200 | LR: 0.080021 | Train: 77.68% | Test: 62.82% | Best: 63.39% | ETA: 49.1min [run 14/45]
  [CWD_bs128_seed123] Epoch 80/200 | LR: 0.066196 | Train: 85.96% | Test: 66.38% | Best: 66.59% | ETA: 42.5min [run 14/45]
  [CWD_bs128_seed123] Epoch 100/200 | LR: 0.050785 | Train: 93.59% | Test: 67.10% | Best: 67.18% | ETA: 35.4min [run 14/45]
  [CWD_bs128_seed123] Epoch 120/200 | LR: 0.035298 | Train: 97.27% | Test: 68.08% | Best: 68.24% | ETA: 28.1min [run 14/45]
  [CWD_bs128_seed123] Epoch 140/200 | LR: 0.021250 | Train: 98.85% | Test: 69.14% | Best: 69.15% | ETA: 21.3min [run 14/45]
  [CWD_bs128_seed123] Epoch 160/200 | LR: 0.010016 | Train: 99.49% | Test: 69.73% | Best: 69.73% | ETA: 14.1min [run 14/45]
  [CWD_bs128_seed123] Epoch 180/200 | LR: 0.002696 | Train: 99.69% | Test: 69.83% | Best: 70.00% | ETA: 7.1min [run 14/45]
  [CWD_bs128_seed123] Epoch 200/200 | LR: 0.000006 | Train: 99.74% | Test: 70.18% | Best: 70.41% | ETA: 0.0min [run 14/45]
  DONE: CWD_bs128_seed123 | Best: 70.41% | Final: 70.18% | SNR: 0.0103 | Time: 4245.8s

======================================================================
[15/45] CWD_bs128_seed456 (LR=0.1000)
======================================================================
  [CWD_bs128_seed456] Epoch 1/200 | LR: 0.100000 | Train: 2.11% | Test: 3.51% | Best: 3.51% | ETA: 74.7min [run 15/45]
  [CWD_bs128_seed456] Epoch 20/200 | LR: 0.097790 | Train: 45.63% | Test: 46.82% | Best: 46.82% | ETA: 67.2min [run 15/45]
  [CWD_bs128_seed456] Epoch 40/200 | LR: 0.090907 | Train: 65.80% | Test: 58.02% | Best: 59.34% | ETA: 57.2min [run 15/45]
  [CWD_bs128_seed456] Epoch 60/200 | LR: 0.080021 | Train: 75.24% | Test: 62.35% | Best: 63.36% | ETA: 50.4min [run 15/45]
  [CWD_bs128_seed456] Epoch 80/200 | LR: 0.066196 | Train: 88.69% | Test: 66.40% | Best: 66.40% | ETA: 42.8min [run 15/45]
  [CWD_bs128_seed456] Epoch 100/200 | LR: 0.050785 | Train: 94.24% | Test: 67.24% | Best: 67.35% | ETA: 35.4min [run 15/45]
  [CWD_bs128_seed456] Epoch 120/200 | LR: 0.035298 | Train: 97.32% | Test: 67.27% | Best: 68.01% | ETA: 28.6min [run 15/45]
  [CWD_bs128_seed456] Epoch 140/200 | LR: 0.021250 | Train: 98.95% | Test: 68.57% | Best: 68.87% | ETA: 21.1min [run 15/45]
  [CWD_bs128_seed456] Epoch 160/200 | LR: 0.010016 | Train: 99.54% | Test: 69.34% | Best: 69.54% | ETA: 14.0min [run 15/45]
  [CWD_bs128_seed456] Epoch 180/200 | LR: 0.002696 | Train: 99.73% | Test: 69.58% | Best: 69.89% | ETA: 7.0min [run 15/45]
  [CWD_bs128_seed456] Epoch 200/200 | LR: 0.000006 | Train: 99.73% | Test: 69.90% | Best: 69.90% | ETA: 0.0min [run 15/45]
  DONE: CWD_bs128_seed456 | Best: 69.90% | Final: 69.90% | SNR: 0.0092 | Time: 4226.3s

======================================================================
[16/45] UDWDC_v2_bs128_seed42 (LR=0.1000)
======================================================================
  [UDWDC_v2_bs128_seed42] Epoch 1/200 | LR: 0.100000 | Train: 2.09% | Test: 3.07% | Best: 3.07% | ETA: 140.0min [run 16/45]
  [UDWDC_v2_bs128_seed42] Epoch 20/200 | LR: 0.097790 | Train: 41.90% | Test: 44.45% | Best: 44.45% | ETA: 136.6min [run 16/45]
  [UDWDC_v2_bs128_seed42] Epoch 40/200 | LR: 0.090907 | Train: 61.62% | Test: 55.53% | Best: 57.17% | ETA: 116.2min [run 16/45]
  [UDWDC_v2_bs128_seed42] Epoch 60/200 | LR: 0.080021 | Train: 69.46% | Test: 61.78% | Best: 61.78% | ETA: 105.3min [run 16/45]
  [UDWDC_v2_bs128_seed42] Epoch 80/200 | LR: 0.066196 | Train: 83.59% | Test: 64.40% | Best: 65.20% | ETA: 89.2min [run 16/45]
  [UDWDC_v2_bs128_seed42] Epoch 100/200 | LR: 0.050785 | Train: 88.86% | Test: 65.47% | Best: 65.47% | ETA: 75.2min [run 16/45]
  [UDWDC_v2_bs128_seed42] Epoch 120/200 | LR: 0.035298 | Train: 93.77% | Test: 65.88% | Best: 66.29% | ETA: 59.5min [run 16/45]
  [UDWDC_v2_bs128_seed42] Epoch 140/200 | LR: 0.021250 | Train: 97.79% | Test: 67.38% | Best: 67.61% | ETA: 44.1min [run 16/45]
  [UDWDC_v2_bs128_seed42] Epoch 160/200 | LR: 0.010016 | Train: 99.09% | Test: 68.31% | Best: 68.31% | ETA: 29.5min [run 16/45]
  [UDWDC_v2_bs128_seed42] Epoch 180/200 | LR: 0.002696 | Train: 99.36% | Test: 68.64% | Best: 68.64% | ETA: 14.9min [run 16/45]
  [UDWDC_v2_bs128_seed42] Epoch 200/200 | LR: 0.000006 | Train: 99.49% | Test: 68.75% | Best: 68.81% | ETA: 0.0min [run 16/45]
  DONE: UDWDC_v2_bs128_seed42 | Best: 68.81% | Final: 68.75% | SNR: 0.0000 | Time: 8936.6s | WD=4.7720e+05

======================================================================
[17/45] UDWDC_v2_bs128_seed123 (LR=0.1000)
======================================================================
  [UDWDC_v2_bs128_seed123] Epoch 1/200 | LR: 0.100000 | Train: 1.71% | Test: 2.69% | Best: 2.69% | ETA: 100.2min [run 17/45]
  [UDWDC_v2_bs128_seed123] Epoch 20/200 | LR: 0.097790 | Train: 39.46% | Test: 34.73% | Best: 44.53% | ETA: 138.1min [run 17/45]
  [UDWDC_v2_bs128_seed123] Epoch 40/200 | LR: 0.090907 | Train: 62.86% | Test: 58.19% | Best: 58.19% | ETA: 120.5min [run 17/45]
  [UDWDC_v2_bs128_seed123] Epoch 60/200 | LR: 0.080021 | Train: 68.79% | Test: 60.32% | Best: 61.29% | ETA: 103.6min [run 17/45]
  [UDWDC_v2_bs128_seed123] Epoch 80/200 | LR: 0.066196 | Train: 80.00% | Test: 62.64% | Best: 63.52% | ETA: 89.7min [run 17/45]
  [UDWDC_v2_bs128_seed123] Epoch 100/200 | LR: 0.050785 | Train: 91.09% | Test: 65.46% | Best: 65.80% | ETA: 73.3min [run 17/45]
  [UDWDC_v2_bs128_seed123] Epoch 120/200 | LR: 0.035298 | Train: 95.98% | Test: 65.77% | Best: 66.54% | ETA: 58.0min [run 17/45]
  [UDWDC_v2_bs128_seed123] Epoch 140/200 | LR: 0.021250 | Train: 98.28% | Test: 66.89% | Best: 67.30% | ETA: 43.4min [run 17/45]
  [UDWDC_v2_bs128_seed123] Epoch 160/200 | LR: 0.010016 | Train: 99.24% | Test: 67.57% | Best: 67.62% | ETA: 28.9min [run 17/45]
  [UDWDC_v2_bs128_seed123] Epoch 180/200 | LR: 0.002696 | Train: 99.50% | Test: 67.89% | Best: 67.89% | ETA: 14.6min [run 17/45]
  [UDWDC_v2_bs128_seed123] Epoch 200/200 | LR: 0.000006 | Train: 99.58% | Test: 67.82% | Best: 68.02% | ETA: 0.0min [run 17/45]
  DONE: UDWDC_v2_bs128_seed123 | Best: 68.02% | Final: 67.82% | SNR: 0.0008 | Time: 8756.6s | WD=4.2721e+05

======================================================================
[18/45] UDWDC_v2_bs128_seed456 (LR=0.1000)
======================================================================
  [UDWDC_v2_bs128_seed456] Epoch 1/200 | LR: 0.100000 | Train: 2.14% | Test: 3.01% | Best: 3.01% | ETA: 168.2min [run 18/45]
  [UDWDC_v2_bs128_seed456] Epoch 20/200 | LR: 0.097790 | Train: 49.34% | Test: 49.34% | Best: 49.34% | ETA: 137.0min [run 18/45]
  [UDWDC_v2_bs128_seed456] Epoch 40/200 | LR: 0.090907 | Train: 71.56% | Test: 62.06% | Best: 62.06% | ETA: 118.6min [run 18/45]
  [UDWDC_v2_bs128_seed456] Epoch 60/200 | LR: 0.080021 | Train: 83.13% | Test: 66.90% | Best: 66.90% | ETA: 102.1min [run 18/45]
  [UDWDC_v2_bs128_seed456] Epoch 80/200 | LR: 0.066196 | Train: 90.70% | Test: 66.47% | Best: 67.02% | ETA: 84.5min [run 18/45]
  [UDWDC_v2_bs128_seed456] Epoch 100/200 | LR: 0.050785 | Train: 95.48% | Test: 67.69% | Best: 68.20% | ETA: 70.6min [run 18/45]
  [UDWDC_v2_bs128_seed456] Epoch 120/200 | LR: 0.035298 | Train: 97.92% | Test: 69.25% | Best: 69.61% | ETA: 56.2min [run 18/45]
  [UDWDC_v2_bs128_seed456] Epoch 140/200 | LR: 0.021250 | Train: 99.22% | Test: 70.21% | Best: 70.58% | ETA: 42.2min [run 18/45]
  [UDWDC_v2_bs128_seed456] Epoch 160/200 | LR: 0.010016 | Train: 99.65% | Test: 70.53% | Best: 70.83% | ETA: 28.2min [run 18/45]
  [UDWDC_v2_bs128_seed456] Epoch 180/200 | LR: 0.002696 | Train: 99.75% | Test: 70.83% | Best: 71.00% | ETA: 14.1min [run 18/45]
  [UDWDC_v2_bs128_seed456] Epoch 200/200 | LR: 0.000006 | Train: 99.82% | Test: 70.94% | Best: 71.05% | ETA: 0.0min [run 18/45]
  DONE: UDWDC_v2_bs128_seed456 | Best: 71.05% | Final: 70.94% | SNR: 0.0173 | Time: 8517.6s | WD=2.3404e+05

################################################################################
# Batch size: 256, LR: 0.2000
################################################################################

======================================================================
[19/45] FixedWD_bs256_seed42 (LR=0.2000)
======================================================================
  [FixedWD_bs256_seed42] Epoch 1/200 | LR: 0.200000 | Train: 1.99% | Test: 3.29% | Best: 3.29% | ETA: 24.6min [run 19/45]
  [FixedWD_bs256_seed42] Epoch 20/200 | LR: 0.195579 | Train: 44.42% | Test: 38.41% | Best: 42.66% | ETA: 22.4min [run 19/45]
  [FixedWD_bs256_seed42] Epoch 40/200 | LR: 0.181815 | Train: 67.86% | Test: 59.45% | Best: 59.45% | ETA: 17.5min [run 19/45]
  [FixedWD_bs256_seed42] Epoch 60/200 | LR: 0.160042 | Train: 79.23% | Test: 63.85% | Best: 63.85% | ETA: 15.8min [run 19/45]
  [FixedWD_bs256_seed42] Epoch 80/200 | LR: 0.132392 | Train: 87.00% | Test: 64.56% | Best: 65.27% | ETA: 13.9min [run 19/45]
  [FixedWD_bs256_seed42] Epoch 100/200 | LR: 0.101571 | Train: 93.43% | Test: 65.47% | Best: 65.99% | ETA: 11.8min [run 19/45]
  [FixedWD_bs256_seed42] Epoch 120/200 | LR: 0.070596 | Train: 96.31% | Test: 67.28% | Best: 67.90% | ETA: 9.5min [run 19/45]
  [FixedWD_bs256_seed42] Epoch 140/200 | LR: 0.042499 | Train: 98.69% | Test: 69.05% | Best: 69.05% | ETA: 7.2min [run 19/45]
  [FixedWD_bs256_seed42] Epoch 160/200 | LR: 0.020032 | Train: 99.49% | Test: 69.43% | Best: 69.71% | ETA: 4.7min [run 19/45]
  [FixedWD_bs256_seed42] Epoch 180/200 | LR: 0.005391 | Train: 99.73% | Test: 69.49% | Best: 69.79% | ETA: 2.3min [run 19/45]
  [FixedWD_bs256_seed42] Epoch 200/200 | LR: 0.000012 | Train: 99.75% | Test: 69.47% | Best: 69.79% | ETA: 0.0min [run 19/45]
  DONE: FixedWD_bs256_seed42 | Best: 69.79% | Final: 69.47% | SNR: 0.0014 | Time: 1408.5s

======================================================================
[20/45] FixedWD_bs256_seed123 (LR=0.2000)
======================================================================
  [FixedWD_bs256_seed123] Epoch 1/200 | LR: 0.200000 | Train: 1.96% | Test: 2.94% | Best: 2.94% | ETA: 24.6min [run 20/45]
  [FixedWD_bs256_seed123] Epoch 20/200 | LR: 0.195579 | Train: 41.12% | Test: 44.49% | Best: 44.49% | ETA: 22.4min [run 20/45]
  [FixedWD_bs256_seed123] Epoch 40/200 | LR: 0.181815 | Train: 61.80% | Test: 53.22% | Best: 55.98% | ETA: 20.0min [run 20/45]
  [FixedWD_bs256_seed123] Epoch 60/200 | LR: 0.160042 | Train: 75.53% | Test: 62.16% | Best: 62.30% | ETA: 17.4min [run 20/45]
  [FixedWD_bs256_seed123] Epoch 80/200 | LR: 0.132392 | Train: 85.54% | Test: 63.92% | Best: 64.17% | ETA: 14.8min [run 20/45]
  [FixedWD_bs256_seed123] Epoch 100/200 | LR: 0.101571 | Train: 91.74% | Test: 65.09% | Best: 65.64% | ETA: 11.6min [run 20/45]
  [FixedWD_bs256_seed123] Epoch 120/200 | LR: 0.070596 | Train: 96.16% | Test: 67.09% | Best: 67.09% | ETA: 8.9min [run 20/45]
  [FixedWD_bs256_seed123] Epoch 140/200 | LR: 0.042499 | Train: 98.62% | Test: 67.91% | Best: 68.06% | ETA: 6.8min [run 20/45]
  [FixedWD_bs256_seed123] Epoch 160/200 | LR: 0.020032 | Train: 99.35% | Test: 68.60% | Best: 68.60% | ETA: 4.6min [run 20/45]
  [FixedWD_bs256_seed123] Epoch 180/200 | LR: 0.005391 | Train: 99.70% | Test: 69.08% | Best: 69.19% | ETA: 2.3min [run 20/45]
  [FixedWD_bs256_seed123] Epoch 200/200 | LR: 0.000012 | Train: 99.71% | Test: 69.00% | Best: 69.19% | ETA: 0.0min [run 20/45]
  DONE: FixedWD_bs256_seed123 | Best: 69.19% | Final: 69.00% | SNR: 0.0000 | Time: 1400.7s

======================================================================
[21/45] FixedWD_bs256_seed456 (LR=0.2000)
======================================================================
  [FixedWD_bs256_seed456] Epoch 1/200 | LR: 0.200000 | Train: 2.06% | Test: 2.85% | Best: 2.85% | ETA: 24.7min [run 21/45]
  [FixedWD_bs256_seed456] Epoch 20/200 | LR: 0.195579 | Train: 41.87% | Test: 39.91% | Best: 42.06% | ETA: 22.4min [run 21/45]
  [FixedWD_bs256_seed456] Epoch 40/200 | LR: 0.181815 | Train: 64.87% | Test: 58.78% | Best: 58.78% | ETA: 17.3min [run 21/45]
  [FixedWD_bs256_seed456] Epoch 60/200 | LR: 0.160042 | Train: 76.58% | Test: 61.88% | Best: 62.21% | ETA: 15.8min [run 21/45]
  [FixedWD_bs256_seed456] Epoch 80/200 | LR: 0.132392 | Train: 85.53% | Test: 64.86% | Best: 64.86% | ETA: 13.9min [run 21/45]
  [FixedWD_bs256_seed456] Epoch 100/200 | LR: 0.101571 | Train: 92.38% | Test: 65.84% | Best: 66.10% | ETA: 11.7min [run 21/45]
  [FixedWD_bs256_seed456] Epoch 120/200 | LR: 0.070596 | Train: 96.79% | Test: 67.24% | Best: 67.35% | ETA: 9.5min [run 21/45]
  [FixedWD_bs256_seed456] Epoch 140/200 | LR: 0.042499 | Train: 98.64% | Test: 68.57% | Best: 68.57% | ETA: 7.2min [run 21/45]
  [FixedWD_bs256_seed456] Epoch 160/200 | LR: 0.020032 | Train: 99.43% | Test: 68.90% | Best: 69.07% | ETA: 4.7min [run 21/45]
  [FixedWD_bs256_seed456] Epoch 180/200 | LR: 0.005391 | Train: 99.70% | Test: 69.34% | Best: 69.46% | ETA: 2.3min [run 21/45]
  [FixedWD_bs256_seed456] Epoch 200/200 | LR: 0.000012 | Train: 99.73% | Test: 69.42% | Best: 69.64% | ETA: 0.0min [run 21/45]
  DONE: FixedWD_bs256_seed456 | Best: 69.64% | Final: 69.42% | SNR: 0.0018 | Time: 1407.4s

======================================================================
[22/45] CWD_bs256_seed42 (LR=0.2000)
======================================================================
  [CWD_bs256_seed42] Epoch 1/200 | LR: 0.200000 | Train: 1.89% | Test: 2.32% | Best: 2.32% | ETA: 41.4min [run 22/45]
  [CWD_bs256_seed42] Epoch 20/200 | LR: 0.195579 | Train: 43.50% | Test: 44.59% | Best: 44.59% | ETA: 37.2min [run 22/45]
  [CWD_bs256_seed42] Epoch 40/200 | LR: 0.181815 | Train: 65.96% | Test: 58.40% | Best: 58.40% | ETA: 33.2min [run 22/45]
  [CWD_bs256_seed42] Epoch 60/200 | LR: 0.160042 | Train: 75.44% | Test: 61.86% | Best: 62.13% | ETA: 27.9min [run 22/45]
  [CWD_bs256_seed42] Epoch 80/200 | LR: 0.132392 | Train: 85.88% | Test: 63.73% | Best: 64.35% | ETA: 24.3min [run 22/45]
  [CWD_bs256_seed42] Epoch 100/200 | LR: 0.101571 | Train: 92.19% | Test: 65.96% | Best: 66.13% | ETA: 20.4min [run 22/45]
  [CWD_bs256_seed42] Epoch 120/200 | LR: 0.070596 | Train: 96.39% | Test: 66.44% | Best: 67.15% | ETA: 16.0min [run 22/45]
  [CWD_bs256_seed42] Epoch 140/200 | LR: 0.042499 | Train: 98.09% | Test: 66.85% | Best: 67.66% | ETA: 12.1min [run 22/45]
  [CWD_bs256_seed42] Epoch 160/200 | LR: 0.020032 | Train: 99.27% | Test: 68.73% | Best: 68.80% | ETA: 8.2min [run 22/45]
  [CWD_bs256_seed42] Epoch 180/200 | LR: 0.005391 | Train: 99.66% | Test: 69.06% | Best: 69.17% | ETA: 4.1min [run 22/45]
  [CWD_bs256_seed42] Epoch 200/200 | LR: 0.000012 | Train: 99.68% | Test: 69.09% | Best: 69.32% | ETA: 0.0min [run 22/45]
  DONE: CWD_bs256_seed42 | Best: 69.32% | Final: 69.09% | SNR: 0.0000 | Time: 2439.3s

======================================================================
[23/45] CWD_bs256_seed123 (LR=0.2000)
======================================================================
  [CWD_bs256_seed123] Epoch 1/200 | LR: 0.200000 | Train: 1.83% | Test: 2.73% | Best: 2.73% | ETA: 42.3min [run 23/45]
  [CWD_bs256_seed123] Epoch 20/200 | LR: 0.195579 | Train: 41.61% | Test: 41.01% | Best: 41.01% | ETA: 38.5min [run 23/45]
  [CWD_bs256_seed123] Epoch 40/200 | LR: 0.181815 | Train: 65.25% | Test: 58.01% | Best: 58.01% | ETA: 34.1min [run 23/45]
  [CWD_bs256_seed123] Epoch 60/200 | LR: 0.160042 | Train: 78.91% | Test: 62.45% | Best: 62.91% | ETA: 28.7min [run 23/45]
  [CWD_bs256_seed123] Epoch 80/200 | LR: 0.132392 | Train: 86.80% | Test: 64.22% | Best: 65.09% | ETA: 24.7min [run 23/45]
  [CWD_bs256_seed123] Epoch 100/200 | LR: 0.101571 | Train: 92.48% | Test: 66.23% | Best: 66.63% | ETA: 20.7min [run 23/45]
  [CWD_bs256_seed123] Epoch 120/200 | LR: 0.070596 | Train: 96.76% | Test: 67.59% | Best: 67.59% | ETA: 16.3min [run 23/45]
  [CWD_bs256_seed123] Epoch 140/200 | LR: 0.042499 | Train: 98.42% | Test: 68.38% | Best: 68.46% | ETA: 12.2min [run 23/45]
  [CWD_bs256_seed123] Epoch 160/200 | LR: 0.020032 | Train: 99.24% | Test: 68.84% | Best: 69.08% | ETA: 8.2min [run 23/45]
  [CWD_bs256_seed123] Epoch 180/200 | LR: 0.005391 | Train: 99.46% | Test: 69.40% | Best: 69.54% | ETA: 4.1min [run 23/45]
  [CWD_bs256_seed123] Epoch 200/200 | LR: 0.000012 | Train: 99.62% | Test: 69.42% | Best: 69.61% | ETA: 0.0min [run 23/45]
  DONE: CWD_bs256_seed123 | Best: 69.61% | Final: 69.42% | SNR: 0.0002 | Time: 2440.3s

======================================================================
[24/45] CWD_bs256_seed456 (LR=0.2000)
======================================================================
  [CWD_bs256_seed456] Epoch 1/200 | LR: 0.200000 | Train: 2.00% | Test: 2.87% | Best: 2.87% | ETA: 42.5min [run 24/45]
  [CWD_bs256_seed456] Epoch 20/200 | LR: 0.195579 | Train: 43.38% | Test: 41.27% | Best: 43.85% | ETA: 38.3min [run 24/45]
  [CWD_bs256_seed456] Epoch 40/200 | LR: 0.181815 | Train: 64.01% | Test: 58.15% | Best: 58.15% | ETA: 33.8min [run 24/45]
  [CWD_bs256_seed456] Epoch 60/200 | LR: 0.160042 | Train: 78.35% | Test: 54.85% | Best: 62.97% | ETA: 28.6min [run 24/45]
  [CWD_bs256_seed456] Epoch 80/200 | LR: 0.132392 | Train: 80.95% | Test: 63.46% | Best: 65.72% | ETA: 24.7min [run 24/45]
  [CWD_bs256_seed456] Epoch 100/200 | LR: 0.101571 | Train: 90.53% | Test: 64.56% | Best: 67.21% | ETA: 20.6min [run 24/45]
  [CWD_bs256_seed456] Epoch 120/200 | LR: 0.070596 | Train: 96.22% | Test: 67.79% | Best: 67.87% | ETA: 15.9min [run 24/45]
  [CWD_bs256_seed456] Epoch 140/200 | LR: 0.042499 | Train: 98.28% | Test: 68.74% | Best: 69.04% | ETA: 11.8min [run 24/45]
  [CWD_bs256_seed456] Epoch 160/200 | LR: 0.020032 | Train: 99.14% | Test: 69.63% | Best: 69.63% | ETA: 8.0min [run 24/45]
  [CWD_bs256_seed456] Epoch 180/200 | LR: 0.005391 | Train: 99.56% | Test: 69.53% | Best: 69.77% | ETA: 4.0min [run 24/45]
  [CWD_bs256_seed456] Epoch 200/200 | LR: 0.000012 | Train: 99.59% | Test: 69.65% | Best: 69.91% | ETA: 0.0min [run 24/45]
  DONE: CWD_bs256_seed456 | Best: 69.91% | Final: 69.65% | SNR: 0.0002 | Time: 2380.5s

======================================================================
[25/45] UDWDC_v2_bs256_seed42 (LR=0.2000)
======================================================================
  [UDWDC_v2_bs256_seed42] Epoch 1/200 | LR: 0.200000 | Train: 1.97% | Test: 2.74% | Best: 2.74% | ETA: 83.4min [run 25/45]
  [UDWDC_v2_bs256_seed42] Epoch 20/200 | LR: 0.195579 | Train: 43.91% | Test: 45.69% | Best: 45.69% | ETA: 79.4min [run 25/45]
  [UDWDC_v2_bs256_seed42] Epoch 40/200 | LR: 0.181815 | Train: 67.10% | Test: 59.06% | Best: 59.06% | ETA: 67.5min [run 25/45]
  [UDWDC_v2_bs256_seed42] Epoch 60/200 | LR: 0.160042 | Train: 77.99% | Test: 61.95% | Best: 63.16% | ETA: 58.2min [run 25/45]
  [UDWDC_v2_bs256_seed42] Epoch 80/200 | LR: 0.132392 | Train: 86.96% | Test: 65.43% | Best: 65.95% | ETA: 50.8min [run 25/45]
  [UDWDC_v2_bs256_seed42] Epoch 100/200 | LR: 0.101571 | Train: 93.89% | Test: 66.92% | Best: 67.50% | ETA: 41.9min [run 25/45]
  [UDWDC_v2_bs256_seed42] Epoch 120/200 | LR: 0.070596 | Train: 97.37% | Test: 68.09% | Best: 68.44% | ETA: 33.3min [run 25/45]
  [UDWDC_v2_bs256_seed42] Epoch 140/200 | LR: 0.042499 | Train: 98.96% | Test: 68.88% | Best: 69.24% | ETA: 25.2min [run 25/45]
  [UDWDC_v2_bs256_seed42] Epoch 160/200 | LR: 0.020032 | Train: 99.52% | Test: 69.64% | Best: 69.64% | ETA: 16.7min [run 25/45]
  [UDWDC_v2_bs256_seed42] Epoch 180/200 | LR: 0.005391 | Train: 99.74% | Test: 69.32% | Best: 69.85% | ETA: 8.3min [run 25/45]
  [UDWDC_v2_bs256_seed42] Epoch 200/200 | LR: 0.000012 | Train: 99.71% | Test: 69.67% | Best: 69.85% | ETA: 0.0min [run 25/45]
  DONE: UDWDC_v2_bs256_seed42 | Best: 69.85% | Final: 69.67% | SNR: 0.0000 | Time: 5006.7s | WD=4.5391e+04

======================================================================
[26/45] UDWDC_v2_bs256_seed123 (LR=0.2000)
======================================================================
  [UDWDC_v2_bs256_seed123] Epoch 1/200 | LR: 0.200000 | Train: 1.86% | Test: 2.82% | Best: 2.82% | ETA: 50.0min [run 26/45]
  [UDWDC_v2_bs256_seed123] Epoch 20/200 | LR: 0.195579 | Train: 42.78% | Test: 42.60% | Best: 42.60% | ETA: 74.3min [run 26/45]
  [UDWDC_v2_bs256_seed123] Epoch 40/200 | LR: 0.181815 | Train: 63.76% | Test: 58.45% | Best: 58.45% | ETA: 64.7min [run 26/45]
  [UDWDC_v2_bs256_seed123] Epoch 60/200 | LR: 0.160042 | Train: 78.66% | Test: 62.45% | Best: 63.94% | ETA: 57.5min [run 26/45]
  [UDWDC_v2_bs256_seed123] Epoch 80/200 | LR: 0.132392 | Train: 84.85% | Test: 47.26% | Best: 65.88% | ETA: 47.2min [run 26/45]
  [UDWDC_v2_bs256_seed123] Epoch 100/200 | LR: 0.101571 | Train: 92.19% | Test: 67.05% | Best: 67.25% | ETA: 39.4min [run 26/45]
  [UDWDC_v2_bs256_seed123] Epoch 120/200 | LR: 0.070596 | Train: 96.84% | Test: 68.24% | Best: 68.32% | ETA: 32.2min [run 26/45]
  [UDWDC_v2_bs256_seed123] Epoch 140/200 | LR: 0.042499 | Train: 98.70% | Test: 68.06% | Best: 68.92% | ETA: 24.1min [run 26/45]
  [UDWDC_v2_bs256_seed123] Epoch 160/200 | LR: 0.020032 | Train: 99.38% | Test: 69.18% | Best: 69.29% | ETA: 16.0min [run 26/45]
  [UDWDC_v2_bs256_seed123] Epoch 180/200 | LR: 0.005391 | Train: 99.65% | Test: 69.35% | Best: 69.61% | ETA: 8.1min [run 26/45]
  [UDWDC_v2_bs256_seed123] Epoch 200/200 | LR: 0.000012 | Train: 99.67% | Test: 69.49% | Best: 69.81% | ETA: 0.0min [run 26/45]
  DONE: UDWDC_v2_bs256_seed123 | Best: 69.81% | Final: 69.49% | SNR: 0.0001 | Time: 4860.9s | WD=4.8421e+04

======================================================================
[27/45] UDWDC_v2_bs256_seed456 (LR=0.2000)
======================================================================
  [UDWDC_v2_bs256_seed456] Epoch 1/200 | LR: 0.200000 | Train: 2.05% | Test: 2.76% | Best: 2.76% | ETA: 89.7min [run 27/45]
  [UDWDC_v2_bs256_seed456] Epoch 20/200 | LR: 0.195579 | Train: 42.95% | Test: 45.42% | Best: 45.42% | ETA: 72.5min [run 27/45]
  [UDWDC_v2_bs256_seed456] Epoch 40/200 | LR: 0.181815 | Train: 65.71% | Test: 57.44% | Best: 57.44% | ETA: 67.9min [run 27/45]
  [UDWDC_v2_bs256_seed456] Epoch 60/200 | LR: 0.160042 | Train: 78.32% | Test: 58.14% | Best: 63.20% | ETA: 58.2min [run 27/45]
  [UDWDC_v2_bs256_seed456] Epoch 80/200 | LR: 0.132392 | Train: 86.53% | Test: 64.51% | Best: 64.93% | ETA: 49.7min [run 27/45]
  [UDWDC_v2_bs256_seed456] Epoch 100/200 | LR: 0.101571 | Train: 93.35% | Test: 66.50% | Best: 66.50% | ETA: 42.2min [run 27/45]
  [UDWDC_v2_bs256_seed456] Epoch 120/200 | LR: 0.070596 | Train: 96.38% | Test: 67.16% | Best: 67.23% | ETA: 33.6min [run 27/45]
  [UDWDC_v2_bs256_seed456] Epoch 140/200 | LR: 0.042499 | Train: 98.23% | Test: 68.04% | Best: 68.27% | ETA: 25.1min [run 27/45]
  [UDWDC_v2_bs256_seed456] Epoch 160/200 | LR: 0.020032 | Train: 99.21% | Test: 68.57% | Best: 69.12% | ETA: 16.8min [run 27/45]
  [UDWDC_v2_bs256_seed456] Epoch 180/200 | LR: 0.005391 | Train: 99.61% | Test: 69.10% | Best: 69.29% | ETA: 8.2min [run 27/45]
  [UDWDC_v2_bs256_seed456] Epoch 200/200 | LR: 0.000012 | Train: 99.62% | Test: 69.18% | Best: 69.34% | ETA: 0.0min [run 27/45]
  DONE: UDWDC_v2_bs256_seed456 | Best: 69.34% | Final: 69.18% | SNR: 0.0000 | Time: 4915.7s | WD=5.0842e+04

################################################################################
# Batch size: 512, LR: 0.4000
################################################################################

======================================================================
[28/45] FixedWD_bs512_seed42 (LR=0.4000)
======================================================================
  [FixedWD_bs512_seed42] Epoch 1/200 | LR: 0.400000 | Train: 1.85% | Test: 2.78% | Best: 2.78% | ETA: 16.5min [run 28/45]
  [FixedWD_bs512_seed42] Epoch 20/200 | LR: 0.391159 | Train: 36.23% | Test: 36.12% | Best: 36.12% | ETA: 14.9min [run 28/45]
  [FixedWD_bs512_seed42] Epoch 40/200 | LR: 0.363630 | Train: 63.25% | Test: 55.16% | Best: 55.16% | ETA: 13.3min [run 28/45]
  [FixedWD_bs512_seed42] Epoch 60/200 | LR: 0.320084 | Train: 76.57% | Test: 61.08% | Best: 61.08% | ETA: 11.7min [run 28/45]
  [FixedWD_bs512_seed42] Epoch 80/200 | LR: 0.264783 | Train: 86.40% | Test: 63.30% | Best: 64.68% | ETA: 10.0min [run 28/45]
  [FixedWD_bs512_seed42] Epoch 100/200 | LR: 0.203141 | Train: 92.93% | Test: 64.90% | Best: 65.91% | ETA: 8.4min [run 28/45]
  [FixedWD_bs512_seed42] Epoch 120/200 | LR: 0.141192 | Train: 96.78% | Test: 67.51% | Best: 67.51% | ETA: 6.7min [run 28/45]
  [FixedWD_bs512_seed42] Epoch 140/200 | LR: 0.084999 | Train: 98.70% | Test: 69.16% | Best: 69.16% | ETA: 5.0min [run 28/45]
  [FixedWD_bs512_seed42] Epoch 160/200 | LR: 0.040063 | Train: 99.46% | Test: 69.18% | Best: 69.64% | ETA: 3.3min [run 28/45]
  [FixedWD_bs512_seed42] Epoch 180/200 | LR: 0.010783 | Train: 99.78% | Test: 69.88% | Best: 70.13% | ETA: 1.7min [run 28/45]
  [FixedWD_bs512_seed42] Epoch 200/200 | LR: 0.000025 | Train: 99.75% | Test: 69.76% | Best: 70.13% | ETA: 0.0min [run 28/45]
  DONE: FixedWD_bs512_seed42 | Best: 70.13% | Final: 69.76% | SNR: 0.0001 | Time: 971.5s

======================================================================
[29/45] FixedWD_bs512_seed123 (LR=0.4000)
======================================================================
  [FixedWD_bs512_seed123] Epoch 1/200 | LR: 0.400000 | Train: 1.95% | Test: 3.00% | Best: 3.00% | ETA: 11.9min [run 29/45]
  [FixedWD_bs512_seed123] Epoch 20/200 | LR: 0.391159 | Train: 39.18% | Test: 39.38% | Best: 39.38% | ETA: 13.9min [run 29/45]
  [FixedWD_bs512_seed123] Epoch 40/200 | LR: 0.363630 | Train: 62.79% | Test: 52.63% | Best: 54.60% | ETA: 12.8min [run 29/45]
  [FixedWD_bs512_seed123] Epoch 60/200 | LR: 0.320084 | Train: 76.46% | Test: 62.98% | Best: 62.98% | ETA: 11.3min [run 29/45]
  [FixedWD_bs512_seed123] Epoch 80/200 | LR: 0.264783 | Train: 86.22% | Test: 63.70% | Best: 63.90% | ETA: 9.8min [run 29/45]
  [FixedWD_bs512_seed123] Epoch 100/200 | LR: 0.203141 | Train: 91.29% | Test: 64.42% | Best: 65.62% | ETA: 8.2min [run 29/45]
  [FixedWD_bs512_seed123] Epoch 120/200 | LR: 0.141192 | Train: 96.14% | Test: 66.96% | Best: 66.96% | ETA: 6.5min [run 29/45]
  [FixedWD_bs512_seed123] Epoch 140/200 | LR: 0.084999 | Train: 98.24% | Test: 67.95% | Best: 68.24% | ETA: 4.9min [run 29/45]
  [FixedWD_bs512_seed123] Epoch 160/200 | LR: 0.040063 | Train: 99.41% | Test: 69.16% | Best: 69.47% | ETA: 3.3min [run 29/45]
  [FixedWD_bs512_seed123] Epoch 180/200 | LR: 0.010783 | Train: 99.67% | Test: 69.66% | Best: 69.66% | ETA: 1.6min [run 29/45]
  [FixedWD_bs512_seed123] Epoch 200/200 | LR: 0.000025 | Train: 99.73% | Test: 69.81% | Best: 69.88% | ETA: 0.0min [run 29/45]
  DONE: FixedWD_bs512_seed123 | Best: 69.88% | Final: 69.81% | SNR: 0.0002 | Time: 979.3s

======================================================================
[30/45] FixedWD_bs512_seed456 (LR=0.4000)
======================================================================
  [FixedWD_bs512_seed456] Epoch 1/200 | LR: 0.400000 | Train: 1.42% | Test: 1.82% | Best: 1.82% | ETA: 12.2min [run 30/45]
  [FixedWD_bs512_seed456] Epoch 20/200 | LR: 0.391159 | Train: 35.36% | Test: 35.09% | Best: 35.09% | ETA: 11.6min [run 30/45]
  [FixedWD_bs512_seed456] Epoch 40/200 | LR: 0.363630 | Train: 64.07% | Test: 56.07% | Best: 56.07% | ETA: 11.8min [run 30/45]
  [FixedWD_bs512_seed456] Epoch 60/200 | LR: 0.320084 | Train: 77.25% | Test: 60.47% | Best: 61.23% | ETA: 10.7min [run 30/45]
  [FixedWD_bs512_seed456] Epoch 80/200 | LR: 0.264783 | Train: 86.47% | Test: 64.40% | Best: 64.50% | ETA: 9.4min [run 30/45]
  [FixedWD_bs512_seed456] Epoch 100/200 | LR: 0.203141 | Train: 92.01% | Test: 65.45% | Best: 65.89% | ETA: 7.9min [run 30/45]
  [FixedWD_bs512_seed456] Epoch 120/200 | LR: 0.141192 | Train: 96.69% | Test: 67.25% | Best: 67.83% | ETA: 6.4min [run 30/45]
  [FixedWD_bs512_seed456] Epoch 140/200 | LR: 0.084999 | Train: 98.67% | Test: 67.93% | Best: 68.72% | ETA: 4.8min [run 30/45]
  [FixedWD_bs512_seed456] Epoch 160/200 | LR: 0.040063 | Train: 99.49% | Test: 68.94% | Best: 69.13% | ETA: 3.2min [run 30/45]
  [FixedWD_bs512_seed456] Epoch 180/200 | LR: 0.010783 | Train: 99.71% | Test: 69.70% | Best: 69.97% | ETA: 1.6min [run 30/45]
  [FixedWD_bs512_seed456] Epoch 200/200 | LR: 0.000025 | Train: 99.76% | Test: 69.67% | Best: 69.97% | ETA: 0.0min [run 30/45]
  DONE: FixedWD_bs512_seed456 | Best: 69.97% | Final: 69.67% | SNR: 0.0002 | Time: 971.0s

======================================================================
[31/45] CWD_bs512_seed42 (LR=0.4000)
======================================================================
  [CWD_bs512_seed42] Epoch 1/200 | LR: 0.400000 | Train: 1.67% | Test: 2.54% | Best: 2.54% | ETA: 29.0min [run 31/45]
  [CWD_bs512_seed42] Epoch 20/200 | LR: 0.391159 | Train: 37.04% | Test: 34.42% | Best: 36.37% | ETA: 21.1min [run 31/45]
  [CWD_bs512_seed42] Epoch 40/200 | LR: 0.363630 | Train: 61.61% | Test: 54.04% | Best: 54.04% | ETA: 21.2min [run 31/45]
  [CWD_bs512_seed42] Epoch 60/200 | LR: 0.320084 | Train: 75.66% | Test: 59.00% | Best: 60.52% | ETA: 19.2min [run 31/45]
  [CWD_bs512_seed42] Epoch 80/200 | LR: 0.264783 | Train: 85.94% | Test: 63.23% | Best: 63.52% | ETA: 16.7min [run 31/45]
  [CWD_bs512_seed42] Epoch 100/200 | LR: 0.203141 | Train: 92.39% | Test: 65.38% | Best: 65.39% | ETA: 14.1min [run 31/45]
  [CWD_bs512_seed42] Epoch 120/200 | LR: 0.141192 | Train: 96.55% | Test: 66.23% | Best: 67.01% | ETA: 11.0min [run 31/45]
  [CWD_bs512_seed42] Epoch 140/200 | LR: 0.084999 | Train: 98.59% | Test: 67.88% | Best: 68.02% | ETA: 8.3min [run 31/45]
  [CWD_bs512_seed42] Epoch 160/200 | LR: 0.040063 | Train: 99.33% | Test: 68.62% | Best: 68.62% | ETA: 5.6min [run 31/45]
  [CWD_bs512_seed42] Epoch 180/200 | LR: 0.010783 | Train: 99.62% | Test: 68.77% | Best: 68.96% | ETA: 2.8min [run 31/45]
  [CWD_bs512_seed42] Epoch 200/200 | LR: 0.000025 | Train: 99.68% | Test: 68.93% | Best: 69.09% | ETA: 0.0min [run 31/45]
  DONE: CWD_bs512_seed42 | Best: 69.09% | Final: 68.93% | SNR: 0.0006 | Time: 1689.9s

======================================================================
[32/45] CWD_bs512_seed123 (LR=0.4000)
======================================================================
  [CWD_bs512_seed123] Epoch 1/200 | LR: 0.400000 | Train: 1.89% | Test: 2.86% | Best: 2.86% | ETA: 29.6min [run 32/45]
  [CWD_bs512_seed123] Epoch 20/200 | LR: 0.391159 | Train: 34.03% | Test: 37.57% | Best: 37.57% | ETA: 21.3min [run 32/45]
  [CWD_bs512_seed123] Epoch 40/200 | LR: 0.363630 | Train: 62.79% | Test: 54.72% | Best: 54.72% | ETA: 21.1min [run 32/45]
  [CWD_bs512_seed123] Epoch 60/200 | LR: 0.320084 | Train: 9.18% | Test: 8.48% | Best: 54.72% | ETA: 19.2min [run 32/45]
  [CWD_bs512_seed123] Epoch 80/200 | LR: 0.264783 | Train: 29.14% | Test: 30.94% | Best: 54.72% | ETA: 16.7min [run 32/45]
  [CWD_bs512_seed123] Epoch 100/200 | LR: 0.203141 | Train: 48.13% | Test: 44.60% | Best: 54.72% | ETA: 14.1min [run 32/45]
  [CWD_bs512_seed123] Epoch 120/200 | LR: 0.141192 | Train: 61.47% | Test: 53.11% | Best: 54.72% | ETA: 10.9min [run 32/45]
  [CWD_bs512_seed123] Epoch 140/200 | LR: 0.084999 | Train: 70.87% | Test: 56.12% | Best: 56.12% | ETA: 8.3min [run 32/45]
  [CWD_bs512_seed123] Epoch 160/200 | LR: 0.040063 | Train: 77.94% | Test: 58.47% | Best: 58.66% | ETA: 5.6min [run 32/45]
  [CWD_bs512_seed123] Epoch 180/200 | LR: 0.010783 | Train: 82.39% | Test: 59.19% | Best: 59.19% | ETA: 2.8min [run 32/45]
  [CWD_bs512_seed123] Epoch 200/200 | LR: 0.000025 | Train: 83.63% | Test: 59.37% | Best: 59.60% | ETA: 0.0min [run 32/45]
  DONE: CWD_bs512_seed123 | Best: 59.60% | Final: 59.37% | SNR: 0.0018 | Time: 1689.3s

======================================================================
[33/45] CWD_bs512_seed456 (LR=0.4000)
======================================================================
  [CWD_bs512_seed456] Epoch 1/200 | LR: 0.400000 | Train: 1.82% | Test: 2.05% | Best: 2.05% | ETA: 28.6min [run 33/45]
  [CWD_bs512_seed456] Epoch 20/200 | LR: 0.391159 | Train: 37.79% | Test: 37.77% | Best: 37.77% | ETA: 21.0min [run 33/45]
  [CWD_bs512_seed456] Epoch 40/200 | LR: 0.363630 | Train: 63.81% | Test: 54.21% | Best: 55.47% | ETA: 21.1min [run 33/45]
  [CWD_bs512_seed456] Epoch 60/200 | LR: 0.320084 | Train: 77.50% | Test: 60.83% | Best: 61.44% | ETA: 19.1min [run 33/45]
  [CWD_bs512_seed456] Epoch 80/200 | LR: 0.264783 | Train: 83.02% | Test: 51.54% | Best: 63.98% | ETA: 16.7min [run 33/45]
  [CWD_bs512_seed456] Epoch 100/200 | LR: 0.203141 | Train: 92.88% | Test: 65.31% | Best: 66.01% | ETA: 14.1min [run 33/45]
  [CWD_bs512_seed456] Epoch 120/200 | LR: 0.141192 | Train: 96.78% | Test: 67.22% | Best: 67.73% | ETA: 10.9min [run 33/45]
  [CWD_bs512_seed456] Epoch 140/200 | LR: 0.084999 | Train: 98.76% | Test: 68.40% | Best: 68.74% | ETA: 8.3min [run 33/45]
  [CWD_bs512_seed456] Epoch 160/200 | LR: 0.040063 | Train: 99.49% | Test: 69.27% | Best: 69.27% | ETA: 5.6min [run 33/45]
  [CWD_bs512_seed456] Epoch 180/200 | LR: 0.010783 | Train: 99.75% | Test: 69.68% | Best: 69.75% | ETA: 2.8min [run 33/45]
  [CWD_bs512_seed456] Epoch 200/200 | LR: 0.000025 | Train: 99.75% | Test: 69.62% | Best: 69.78% | ETA: 0.0min [run 33/45]
  DONE: CWD_bs512_seed456 | Best: 69.78% | Final: 69.62% | SNR: 0.0003 | Time: 1688.9s

======================================================================
[34/45] UDWDC_v2_bs512_seed42 (LR=0.4000)
======================================================================
  [UDWDC_v2_bs512_seed42] Epoch 1/200 | LR: 0.400000 | Train: 1.84% | Test: 2.89% | Best: 2.89% | ETA: 49.2min [run 34/45]
  [UDWDC_v2_bs512_seed42] Epoch 20/200 | LR: 0.391159 | Train: 36.42% | Test: 38.27% | Best: 38.27% | ETA: 27.8min [run 34/45]
  [UDWDC_v2_bs512_seed42] Epoch 40/200 | LR: 0.363630 | Train: 61.21% | Test: 55.29% | Best: 55.29% | ETA: 31.9min [run 34/45]
  [UDWDC_v2_bs512_seed42] Epoch 60/200 | LR: 0.320084 | Train: 75.82% | Test: 60.93% | Best: 61.35% | ETA: 30.2min [run 34/45]
  [UDWDC_v2_bs512_seed42] Epoch 80/200 | LR: 0.264783 | Train: 85.67% | Test: 63.38% | Best: 63.63% | ETA: 25.6min [run 34/45]
  [UDWDC_v2_bs512_seed42] Epoch 100/200 | LR: 0.203141 | Train: 92.97% | Test: 66.40% | Best: 66.40% | ETA: 22.0min [run 34/45]
  [UDWDC_v2_bs512_seed42] Epoch 120/200 | LR: 0.141192 | Train: 96.16% | Test: 67.28% | Best: 67.28% | ETA: 18.0min [run 34/45]
  [UDWDC_v2_bs512_seed42] Epoch 140/200 | LR: 0.084999 | Train: 98.50% | Test: 67.84% | Best: 68.26% | ETA: 13.3min [run 34/45]
  [UDWDC_v2_bs512_seed42] Epoch 160/200 | LR: 0.040063 | Train: 99.31% | Test: 68.60% | Best: 68.63% | ETA: 9.0min [run 34/45]
  [UDWDC_v2_bs512_seed42] Epoch 180/200 | LR: 0.010783 | Train: 99.59% | Test: 68.83% | Best: 69.01% | ETA: 4.5min [run 34/45]
  [UDWDC_v2_bs512_seed42] Epoch 200/200 | LR: 0.000025 | Train: 99.59% | Test: 68.91% | Best: 69.06% | ETA: 0.0min [run 34/45]
  DONE: UDWDC_v2_bs512_seed42 | Best: 69.06% | Final: 68.91% | SNR: 0.0003 | Time: 2709.0s | WD=1.2818e+04

======================================================================
[35/45] UDWDC_v2_bs512_seed123 (LR=0.4000)
======================================================================
  [UDWDC_v2_bs512_seed123] Epoch 1/200 | LR: 0.400000 | Train: 1.88% | Test: 2.97% | Best: 2.97% | ETA: 49.4min [run 35/45]
  [UDWDC_v2_bs512_seed123] Epoch 20/200 | LR: 0.391159 | Train: 38.34% | Test: 37.87% | Best: 37.87% | ETA: 44.7min [run 35/45]
  [UDWDC_v2_bs512_seed123] Epoch 40/200 | LR: 0.363630 | Train: 63.74% | Test: 50.13% | Best: 55.75% | ETA: 37.0min [run 35/45]
  [UDWDC_v2_bs512_seed123] Epoch 60/200 | LR: 0.320084 | Train: 77.20% | Test: 61.49% | Best: 61.49% | ETA: 32.9min [run 35/45]
  [UDWDC_v2_bs512_seed123] Epoch 80/200 | LR: 0.264783 | Train: 85.72% | Test: 64.10% | Best: 64.10% | ETA: 28.6min [run 35/45]
  [UDWDC_v2_bs512_seed123] Epoch 100/200 | LR: 0.203141 | Train: 92.67% | Test: 65.84% | Best: 65.84% | ETA: 23.3min [run 35/45]
  [UDWDC_v2_bs512_seed123] Epoch 120/200 | LR: 0.141192 | Train: 96.26% | Test: 66.53% | Best: 66.62% | ETA: 18.8min [run 35/45]
  [UDWDC_v2_bs512_seed123] Epoch 140/200 | LR: 0.084999 | Train: 98.30% | Test: 67.67% | Best: 67.67% | ETA: 14.2min [run 35/45]
  [UDWDC_v2_bs512_seed123] Epoch 160/200 | LR: 0.040063 | Train: 99.30% | Test: 68.14% | Best: 68.39% | ETA: 9.3min [run 35/45]
  [UDWDC_v2_bs512_seed123] Epoch 180/200 | LR: 0.010783 | Train: 99.60% | Test: 68.45% | Best: 68.66% | ETA: 4.7min [run 35/45]
  [UDWDC_v2_bs512_seed123] Epoch 200/200 | LR: 0.000025 | Train: 99.62% | Test: 68.13% | Best: 68.66% | ETA: 0.0min [run 35/45]
  DONE: UDWDC_v2_bs512_seed123 | Best: 68.66% | Final: 68.13% | SNR: 0.0007 | Time: 2827.8s | WD=1.3344e+04

======================================================================
[36/45] UDWDC_v2_bs512_seed456 (LR=0.4000)
======================================================================
  [UDWDC_v2_bs512_seed456] Epoch 1/200 | LR: 0.400000 | Train: 1.49% | Test: 1.94% | Best: 1.94% | ETA: 30.4min [run 36/45]
  [UDWDC_v2_bs512_seed456] Epoch 20/200 | LR: 0.391159 | Train: 34.79% | Test: 34.99% | Best: 36.06% | ETA: 39.9min [run 36/45]
  [UDWDC_v2_bs512_seed456] Epoch 40/200 | LR: 0.363630 | Train: 62.33% | Test: 53.95% | Best: 54.84% | ETA: 37.4min [run 36/45]
  [UDWDC_v2_bs512_seed456] Epoch 60/200 | LR: 0.320084 | Train: 75.08% | Test: 60.23% | Best: 60.48% | ETA: 31.9min [run 36/45]
  [UDWDC_v2_bs512_seed456] Epoch 80/200 | LR: 0.264783 | Train: 84.97% | Test: 63.25% | Best: 63.35% | ETA: 27.8min [run 36/45]
  [UDWDC_v2_bs512_seed456] Epoch 100/200 | LR: 0.203141 | Train: 91.73% | Test: 64.64% | Best: 65.28% | ETA: 23.5min [run 36/45]
  [UDWDC_v2_bs512_seed456] Epoch 120/200 | LR: 0.141192 | Train: 96.20% | Test: 66.51% | Best: 66.51% | ETA: 18.4min [run 36/45]
  [UDWDC_v2_bs512_seed456] Epoch 140/200 | LR: 0.084999 | Train: 98.18% | Test: 67.36% | Best: 67.51% | ETA: 14.0min [run 36/45]
  [UDWDC_v2_bs512_seed456] Epoch 160/200 | LR: 0.040063 | Train: 99.09% | Test: 68.31% | Best: 68.42% | ETA: 9.4min [run 36/45]
  [UDWDC_v2_bs512_seed456] Epoch 180/200 | LR: 0.010783 | Train: 99.45% | Test: 68.38% | Best: 68.53% | ETA: 4.5min [run 36/45]
  [UDWDC_v2_bs512_seed456] Epoch 200/200 | LR: 0.000025 | Train: 99.50% | Test: 68.57% | Best: 68.66% | ETA: 0.0min [run 36/45]
  DONE: UDWDC_v2_bs512_seed456 | Best: 68.66% | Final: 68.57% | SNR: 0.0041 | Time: 2726.7s | WD=1.3270e+04

################################################################################
# Batch size: 1024, LR: 0.8000
################################################################################

======================================================================
[37/45] FixedWD_bs1024_seed42 (LR=0.8000)
======================================================================
  [FixedWD_bs1024_seed42] Epoch 1/200 | LR: 0.800000 | Train: 1.76% | Test: 1.91% | Best: 1.91% | ETA: 15.2min [run 37/45]
  [FixedWD_bs1024_seed42] Epoch 20/200 | LR: 0.782317 | Train: 25.17% | Test: 26.98% | Best: 26.98% | ETA: 13.5min [run 37/45]
  [FixedWD_bs1024_seed42] Epoch 40/200 | LR: 0.727260 | Train: 56.74% | Test: 50.44% | Best: 50.44% | ETA: 12.0min [run 37/45]
  [FixedWD_bs1024_seed42] Epoch 60/200 | LR: 0.640168 | Train: 72.72% | Test: 57.76% | Best: 58.60% | ETA: 10.5min [run 37/45]
  [FixedWD_bs1024_seed42] Epoch 80/200 | LR: 0.529567 | Train: 83.99% | Test: 63.15% | Best: 63.15% | ETA: 9.0min [run 37/45]
  [FixedWD_bs1024_seed42] Epoch 100/200 | LR: 0.406283 | Train: 90.85% | Test: 65.46% | Best: 65.46% | ETA: 7.5min [run 37/45]
  [FixedWD_bs1024_seed42] Epoch 120/200 | LR: 0.282384 | Train: 95.83% | Test: 66.50% | Best: 67.21% | ETA: 6.0min [run 37/45]
  [FixedWD_bs1024_seed42] Epoch 140/200 | LR: 0.169998 | Train: 98.39% | Test: 67.85% | Best: 67.94% | ETA: 4.4min [run 37/45]
  [FixedWD_bs1024_seed42] Epoch 160/200 | LR: 0.080126 | Train: 99.41% | Test: 68.73% | Best: 69.02% | ETA: 2.9min [run 37/45]
  [FixedWD_bs1024_seed42] Epoch 180/200 | LR: 0.021566 | Train: 99.68% | Test: 69.02% | Best: 69.17% | ETA: 1.4min [run 37/45]
  [FixedWD_bs1024_seed42] Epoch 200/200 | LR: 0.000049 | Train: 99.80% | Test: 68.98% | Best: 69.17% | ETA: 0.0min [run 37/45]
  DONE: FixedWD_bs1024_seed42 | Best: 69.17% | Final: 68.98% | SNR: 0.0007 | Time: 866.6s

======================================================================
[38/45] FixedWD_bs1024_seed123 (LR=0.8000)
======================================================================
  [FixedWD_bs1024_seed123] Epoch 1/200 | LR: 0.800000 | Train: 1.64% | Test: 1.93% | Best: 1.93% | ETA: 14.8min [run 38/45]
  [FixedWD_bs1024_seed123] Epoch 20/200 | LR: 0.782317 | Train: 26.31% | Test: 26.64% | Best: 26.64% | ETA: 13.4min [run 38/45]
  [FixedWD_bs1024_seed123] Epoch 40/200 | LR: 0.727260 | Train: 54.88% | Test: 47.21% | Best: 47.28% | ETA: 11.9min [run 38/45]
  [FixedWD_bs1024_seed123] Epoch 60/200 | LR: 0.640168 | Train: 71.62% | Test: 56.04% | Best: 57.62% | ETA: 10.4min [run 38/45]
  [FixedWD_bs1024_seed123] Epoch 80/200 | LR: 0.529567 | Train: 82.47% | Test: 61.38% | Best: 61.71% | ETA: 8.9min [run 38/45]
  [FixedWD_bs1024_seed123] Epoch 100/200 | LR: 0.406283 | Train: 90.22% | Test: 64.14% | Best: 64.14% | ETA: 7.4min [run 38/45]
  [FixedWD_bs1024_seed123] Epoch 120/200 | LR: 0.282384 | Train: 94.74% | Test: 65.29% | Best: 66.06% | ETA: 6.0min [run 38/45]
  [FixedWD_bs1024_seed123] Epoch 140/200 | LR: 0.169998 | Train: 98.04% | Test: 66.78% | Best: 67.30% | ETA: 4.5min [run 38/45]
  [FixedWD_bs1024_seed123] Epoch 160/200 | LR: 0.080126 | Train: 99.30% | Test: 68.55% | Best: 68.72% | ETA: 3.0min [run 38/45]
  [FixedWD_bs1024_seed123] Epoch 180/200 | LR: 0.021566 | Train: 99.64% | Test: 68.90% | Best: 69.17% | ETA: 1.5min [run 38/45]
  [FixedWD_bs1024_seed123] Epoch 200/200 | LR: 0.000049 | Train: 99.65% | Test: 69.04% | Best: 69.17% | ETA: 0.0min [run 38/45]
  DONE: FixedWD_bs1024_seed123 | Best: 69.17% | Final: 69.04% | SNR: 0.0006 | Time: 873.5s

======================================================================
[39/45] FixedWD_bs1024_seed456 (LR=0.8000)
======================================================================
  [FixedWD_bs1024_seed456] Epoch 1/200 | LR: 0.800000 | Train: 1.36% | Test: 0.81% | Best: 0.81% | ETA: 11.6min [run 39/45]
  [FixedWD_bs1024_seed456] Epoch 20/200 | LR: 0.782317 | Train: 20.27% | Test: 21.59% | Best: 21.59% | ETA: 12.4min [run 39/45]
  [FixedWD_bs1024_seed456] Epoch 40/200 | LR: 0.727260 | Train: 51.63% | Test: 41.30% | Best: 47.86% | ETA: 11.5min [run 39/45]
  [FixedWD_bs1024_seed456] Epoch 60/200 | LR: 0.640168 | Train: 69.67% | Test: 56.45% | Best: 56.90% | ETA: 10.2min [run 39/45]
  [FixedWD_bs1024_seed456] Epoch 80/200 | LR: 0.529567 | Train: 81.47% | Test: 60.81% | Best: 62.47% | ETA: 8.8min [run 39/45]
  [FixedWD_bs1024_seed456] Epoch 100/200 | LR: 0.406283 | Train: 87.34% | Test: 64.00% | Best: 64.67% | ETA: 7.4min [run 39/45]
  [FixedWD_bs1024_seed456] Epoch 120/200 | LR: 0.282384 | Train: 94.51% | Test: 66.11% | Best: 66.71% | ETA: 5.9min [run 39/45]
  [FixedWD_bs1024_seed456] Epoch 140/200 | LR: 0.169998 | Train: 97.62% | Test: 66.97% | Best: 67.59% | ETA: 4.5min [run 39/45]
  [FixedWD_bs1024_seed456] Epoch 160/200 | LR: 0.080126 | Train: 99.15% | Test: 68.26% | Best: 68.26% | ETA: 3.0min [run 39/45]
  [FixedWD_bs1024_seed456] Epoch 180/200 | LR: 0.021566 | Train: 99.51% | Test: 68.68% | Best: 68.74% | ETA: 1.5min [run 39/45]
  [FixedWD_bs1024_seed456] Epoch 200/200 | LR: 0.000049 | Train: 99.66% | Test: 68.74% | Best: 68.81% | ETA: 0.0min [run 39/45]
  DONE: FixedWD_bs1024_seed456 | Best: 68.81% | Final: 68.74% | SNR: 0.0017 | Time: 898.0s

======================================================================
[40/45] CWD_bs1024_seed42 (LR=0.8000)
======================================================================
  [CWD_bs1024_seed42] Epoch 1/200 | LR: 0.800000 | Train: 1.51% | Test: 2.03% | Best: 2.03% | ETA: 21.1min [run 40/45]
  [CWD_bs1024_seed42] Epoch 20/200 | LR: 0.782317 | Train: 24.25% | Test: 25.22% | Best: 25.22% | ETA: 16.9min [run 40/45]
  [CWD_bs1024_seed42] Epoch 40/200 | LR: 0.727260 | Train: 54.21% | Test: 49.48% | Best: 49.48% | ETA: 14.4min [run 40/45]
  [CWD_bs1024_seed42] Epoch 60/200 | LR: 0.640168 | Train: 70.85% | Test: 56.27% | Best: 57.23% | ETA: 13.3min [run 40/45]
  [CWD_bs1024_seed42] Epoch 80/200 | LR: 0.529567 | Train: 82.56% | Test: 62.61% | Best: 62.61% | ETA: 11.7min [run 40/45]
  [CWD_bs1024_seed42] Epoch 100/200 | LR: 0.406283 | Train: 89.55% | Test: 63.12% | Best: 63.91% | ETA: 9.9min [run 40/45]
  [CWD_bs1024_seed42] Epoch 120/200 | LR: 0.282384 | Train: 95.03% | Test: 66.18% | Best: 66.33% | ETA: 8.0min [run 40/45]
  [CWD_bs1024_seed42] Epoch 140/200 | LR: 0.169998 | Train: 97.72% | Test: 66.82% | Best: 67.38% | ETA: 6.1min [run 40/45]
  [CWD_bs1024_seed42] Epoch 160/200 | LR: 0.080126 | Train: 99.17% | Test: 67.95% | Best: 67.95% | ETA: 4.1min [run 40/45]
  [CWD_bs1024_seed42] Epoch 180/200 | LR: 0.021566 | Train: 99.60% | Test: 68.28% | Best: 68.28% | ETA: 2.0min [run 40/45]
  [CWD_bs1024_seed42] Epoch 200/200 | LR: 0.000049 | Train: 99.58% | Test: 68.29% | Best: 68.35% | ETA: 0.0min [run 40/45]
  DONE: CWD_bs1024_seed42 | Best: 68.35% | Final: 68.29% | SNR: 0.0005 | Time: 1194.4s

======================================================================
[41/45] CWD_bs1024_seed123 (LR=0.8000)
======================================================================
  [CWD_bs1024_seed123] Epoch 1/200 | LR: 0.800000 | Train: 1.48% | Test: 1.87% | Best: 1.87% | ETA: 20.8min [run 41/45]
  [CWD_bs1024_seed123] Epoch 20/200 | LR: 0.782317 | Train: 27.83% | Test: 28.28% | Best: 28.28% | ETA: 19.1min [run 41/45]
  [CWD_bs1024_seed123] Epoch 40/200 | LR: 0.727260 | Train: 2.91% | Test: 2.65% | Best: 48.18% | ETA: 16.9min [run 41/45]
  [CWD_bs1024_seed123] Epoch 60/200 | LR: 0.640168 | Train: 7.36% | Test: 7.61% | Best: 48.18% | ETA: 14.8min [run 41/45]
  [CWD_bs1024_seed123] Epoch 80/200 | LR: 0.529567 | Train: 14.93% | Test: 16.32% | Best: 48.18% | ETA: 12.7min [run 41/45]
  [CWD_bs1024_seed123] Epoch 100/200 | LR: 0.406283 | Train: 29.47% | Test: 29.21% | Best: 48.18% | ETA: 10.6min [run 41/45]
  [CWD_bs1024_seed123] Epoch 120/200 | LR: 0.282384 | Train: 43.18% | Test: 42.26% | Best: 48.18% | ETA: 8.4min [run 41/45]
  [CWD_bs1024_seed123] Epoch 140/200 | LR: 0.169998 | Train: 53.72% | Test: 47.51% | Best: 48.18% | ETA: 6.1min [run 41/45]
  [CWD_bs1024_seed123] Epoch 160/200 | LR: 0.080126 | Train: 62.50% | Test: 50.73% | Best: 50.82% | ETA: 4.1min [run 41/45]
  [CWD_bs1024_seed123] Epoch 180/200 | LR: 0.021566 | Train: 68.25% | Test: 52.87% | Best: 52.95% | ETA: 2.0min [run 41/45]
  [CWD_bs1024_seed123] Epoch 200/200 | LR: 0.000049 | Train: 69.35% | Test: 53.19% | Best: 53.30% | ETA: 0.0min [run 41/45]
  DONE: CWD_bs1024_seed123 | Best: 53.30% | Final: 53.19% | SNR: 0.0026 | Time: 1230.9s

======================================================================
[42/45] CWD_bs1024_seed456 (LR=0.8000)
======================================================================
  [CWD_bs1024_seed456] Epoch 1/200 | LR: 0.800000 | Train: 1.39% | Test: 1.79% | Best: 1.79% | ETA: 19.8min [run 42/45]
  [CWD_bs1024_seed456] Epoch 20/200 | LR: 0.782317 | Train: 25.86% | Test: 26.97% | Best: 26.97% | ETA: 18.8min [run 42/45]
  [CWD_bs1024_seed456] Epoch 40/200 | LR: 0.727260 | Train: 53.96% | Test: 47.20% | Best: 49.05% | ETA: 16.7min [run 42/45]
  [CWD_bs1024_seed456] Epoch 60/200 | LR: 0.640168 | Train: 70.37% | Test: 53.56% | Best: 58.67% | ETA: 14.7min [run 42/45]
  [CWD_bs1024_seed456] Epoch 80/200 | LR: 0.529567 | Train: 82.28% | Test: 60.01% | Best: 61.52% | ETA: 12.1min [run 42/45]
  [CWD_bs1024_seed456] Epoch 100/200 | LR: 0.406283 | Train: 90.21% | Test: 63.68% | Best: 64.21% | ETA: 9.9min [run 42/45]
  [CWD_bs1024_seed456] Epoch 120/200 | LR: 0.282384 | Train: 95.42% | Test: 65.96% | Best: 65.98% | ETA: 8.0min [run 42/45]
  [CWD_bs1024_seed456] Epoch 140/200 | LR: 0.169998 | Train: 97.92% | Test: 67.08% | Best: 67.19% | ETA: 6.1min [run 42/45]
  [CWD_bs1024_seed456] Epoch 160/200 | LR: 0.080126 | Train: 99.17% | Test: 68.23% | Best: 68.35% | ETA: 4.1min [run 42/45]
  [CWD_bs1024_seed456] Epoch 180/200 | LR: 0.021566 | Train: 99.55% | Test: 68.35% | Best: 68.45% | ETA: 2.0min [run 42/45]
  [CWD_bs1024_seed456] Epoch 200/200 | LR: 0.000049 | Train: 99.63% | Test: 68.56% | Best: 68.62% | ETA: 0.0min [run 42/45]
  DONE: CWD_bs1024_seed456 | Best: 68.62% | Final: 68.56% | SNR: 0.0011 | Time: 1228.8s

======================================================================
[43/45] UDWDC_v2_bs1024_seed42 (LR=0.8000)
======================================================================
  [UDWDC_v2_bs1024_seed42] Epoch 1/200 | LR: 0.800000 | Train: 1.51% | Test: 1.96% | Best: 1.96% | ETA: 29.0min [run 43/45]
  [UDWDC_v2_bs1024_seed42] Epoch 20/200 | LR: 0.782317 | Train: 27.41% | Test: 27.97% | Best: 27.97% | ETA: 23.0min [run 43/45]
  [UDWDC_v2_bs1024_seed42] Epoch 40/200 | LR: 0.727260 | Train: 57.17% | Test: 47.16% | Best: 49.25% | ETA: 20.3min [run 43/45]
  [UDWDC_v2_bs1024_seed42] Epoch 60/200 | LR: 0.640168 | Train: 73.53% | Test: 58.99% | Best: 58.99% | ETA: 18.6min [run 43/45]
  [UDWDC_v2_bs1024_seed42] Epoch 80/200 | LR: 0.529567 | Train: 81.17% | Test: 62.94% | Best: 63.39% | ETA: 16.3min [run 43/45]
  [UDWDC_v2_bs1024_seed42] Epoch 100/200 | LR: 0.406283 | Train: 91.47% | Test: 64.27% | Best: 65.51% | ETA: 13.8min [run 43/45]
  [UDWDC_v2_bs1024_seed42] Epoch 120/200 | LR: 0.282384 | Train: 95.60% | Test: 66.52% | Best: 66.61% | ETA: 11.0min [run 43/45]
  [UDWDC_v2_bs1024_seed42] Epoch 140/200 | LR: 0.169998 | Train: 98.28% | Test: 67.99% | Best: 68.05% | ETA: 8.1min [run 43/45]
  [UDWDC_v2_bs1024_seed42] Epoch 160/200 | LR: 0.080126 | Train: 99.23% | Test: 68.71% | Best: 69.01% | ETA: 5.4min [run 43/45]
  [UDWDC_v2_bs1024_seed42] Epoch 180/200 | LR: 0.021566 | Train: 99.60% | Test: 69.11% | Best: 69.27% | ETA: 2.7min [run 43/45]
  [UDWDC_v2_bs1024_seed42] Epoch 200/200 | LR: 0.000049 | Train: 99.66% | Test: 69.14% | Best: 69.43% | ETA: 0.0min [run 43/45]
  DONE: UDWDC_v2_bs1024_seed42 | Best: 69.43% | Final: 69.14% | SNR: 0.0052 | Time: 1655.7s | WD=5.8117e+03

======================================================================
[44/45] UDWDC_v2_bs1024_seed123 (LR=0.8000)
======================================================================
  [UDWDC_v2_bs1024_seed123] Epoch 1/200 | LR: 0.800000 | Train: 1.71% | Test: 2.07% | Best: 2.07% | ETA: 29.1min [run 44/45]
  [UDWDC_v2_bs1024_seed123] Epoch 20/200 | LR: 0.782317 | Train: 26.94% | Test: 23.26% | Best: 25.13% | ETA: 24.6min [run 44/45]
  [UDWDC_v2_bs1024_seed123] Epoch 40/200 | LR: 0.727260 | Train: 56.62% | Test: 50.88% | Best: 50.88% | ETA: 20.5min [run 44/45]
  [UDWDC_v2_bs1024_seed123] Epoch 60/200 | LR: 0.640168 | Train: 73.18% | Test: 57.36% | Best: 57.57% | ETA: 18.7min [run 44/45]
  [UDWDC_v2_bs1024_seed123] Epoch 80/200 | LR: 0.529567 | Train: 84.03% | Test: 62.68% | Best: 63.10% | ETA: 16.4min [run 44/45]
  [UDWDC_v2_bs1024_seed123] Epoch 100/200 | LR: 0.406283 | Train: 91.11% | Test: 65.21% | Best: 65.21% | ETA: 13.8min [run 44/45]
  [UDWDC_v2_bs1024_seed123] Epoch 120/200 | LR: 0.282384 | Train: 95.92% | Test: 66.22% | Best: 66.88% | ETA: 11.1min [run 44/45]
  [UDWDC_v2_bs1024_seed123] Epoch 140/200 | LR: 0.169998 | Train: 98.26% | Test: 67.50% | Best: 67.92% | ETA: 8.0min [run 44/45]
  [UDWDC_v2_bs1024_seed123] Epoch 160/200 | LR: 0.080126 | Train: 99.24% | Test: 68.62% | Best: 68.62% | ETA: 5.2min [run 44/45]
  [UDWDC_v2_bs1024_seed123] Epoch 180/200 | LR: 0.021566 | Train: 99.54% | Test: 68.88% | Best: 68.99% | ETA: 2.7min [run 44/45]
  [UDWDC_v2_bs1024_seed123] Epoch 200/200 | LR: 0.000049 | Train: 99.62% | Test: 69.05% | Best: 69.12% | ETA: 0.0min [run 44/45]
  DONE: UDWDC_v2_bs1024_seed123 | Best: 69.12% | Final: 69.05% | SNR: 0.0038 | Time: 1605.7s | WD=6.0163e+03

======================================================================
[45/45] UDWDC_v2_bs1024_seed456 (LR=0.8000)
======================================================================
  [UDWDC_v2_bs1024_seed456] Epoch 1/200 | LR: 0.800000 | Train: 1.45% | Test: 1.76% | Best: 1.76% | ETA: 28.7min [run 45/45]
  [UDWDC_v2_bs1024_seed456] Epoch 20/200 | LR: 0.782317 | Train: 22.04% | Test: 23.60% | Best: 23.60% | ETA: 26.0min [run 45/45]
  [UDWDC_v2_bs1024_seed456] Epoch 40/200 | LR: 0.727260 | Train: 54.04% | Test: 46.85% | Best: 48.45% | ETA: 22.2min [run 45/45]
  [UDWDC_v2_bs1024_seed456] Epoch 60/200 | LR: 0.640168 | Train: 71.18% | Test: 57.19% | Best: 57.19% | ETA: 18.6min [run 45/45]
  [UDWDC_v2_bs1024_seed456] Epoch 80/200 | LR: 0.529567 | Train: 82.62% | Test: 62.61% | Best: 62.61% | ETA: 16.3min [run 45/45]
  [UDWDC_v2_bs1024_seed456] Epoch 100/200 | LR: 0.406283 | Train: 87.65% | Test: 63.57% | Best: 64.18% | ETA: 13.8min [run 45/45]
  [UDWDC_v2_bs1024_seed456] Epoch 120/200 | LR: 0.282384 | Train: 93.73% | Test: 65.72% | Best: 65.72% | ETA: 11.1min [run 45/45]
  [UDWDC_v2_bs1024_seed456] Epoch 140/200 | LR: 0.169998 | Train: 97.51% | Test: 66.98% | Best: 67.14% | ETA: 8.3min [run 45/45]
  [UDWDC_v2_bs1024_seed456] Epoch 160/200 | LR: 0.080126 | Train: 98.98% | Test: 67.68% | Best: 68.09% | ETA: 5.4min [run 45/45]
  [UDWDC_v2_bs1024_seed456] Epoch 180/200 | LR: 0.021566 | Train: 99.43% | Test: 68.35% | Best: 68.37% | ETA: 2.7min [run 45/45]
  [UDWDC_v2_bs1024_seed456] Epoch 200/200 | LR: 0.000049 | Train: 99.42% | Test: 68.44% | Best: 68.55% | ETA: 0.0min [run 45/45]
  DONE: UDWDC_v2_bs1024_seed456 | Best: 68.55% | Final: 68.44% | SNR: 0.0033 | Time: 1654.3s | WD=6.8308e+03

==========================================================================================
RESULTS SUMMARY
==========================================================================================

Config                       Best Acc      Final Acc     SNR (full)     SNR (late)      WD Budget
----------------------------------------------------------------------------------------------------
FixedWD_bs64            69.55+/-1.33  69.30+/-1.29         0.0281         0.2716       0.58+/-0.0
CWD_bs64                68.31+/-1.12  68.09+/-1.10         0.0074         0.1207       0.25+/-0.0
UDWDC-v2_bs64           69.77+/-0.57  69.41+/-0.61         0.0389         0.3832 1985871.64+/-209923.3
FixedWD_bs128           70.53+/-0.48  70.37+/-0.55         0.0167         0.2378       0.58+/-0.0
CWD_bs128               69.92+/-0.40  69.72+/-0.46         0.0075         0.1543       0.26+/-0.0
UDWDC-v2_bs128          69.29+/-1.28  69.17+/-1.31         0.0060         0.1098  379484.74+/-104847.5
FixedWD_bs256           69.54+/-0.25  69.30+/-0.21         0.0011         0.0827       0.58+/-0.0
CWD_bs256               69.61+/-0.24  69.39+/-0.23         0.0001         0.0317       0.26+/-0.0
UDWDC-v2_bs256          69.67+/-0.23  69.45+/-0.20         0.0000         0.0443   48218.08+/-2230.1
FixedWD_bs512           69.99+/-0.10  69.75+/-0.06         0.0001         0.0379       0.58+/-0.0
CWD_bs512               66.16+/-4.64  65.97+/-4.68         0.0009         0.0163       0.26+/-0.0
UDWDC-v2_bs512          68.79+/-0.19  68.54+/-0.32         0.0017         0.0174   13143.60+/-232.5
FixedWD_bs1024          69.05+/-0.17  68.92+/-0.13         0.0010         0.0425       0.58+/-0.0
CWD_bs1024              63.42+/-7.16  63.35+/-7.18         0.0014         0.0192       0.26+/-0.0
UDWDC-v2_bs1024         69.03+/-0.36  68.88+/-0.31         0.0041         0.0094    6219.60+/-440.2
----------------------------------------------------------------------------------------------------

Accuracy Deltas vs FixedWD (mean across seeds):
    BS      CWD-Fixed   UDWDC-v2-Fixed
    64          -1.25            +0.22
   128          -0.61            -1.24
   256          +0.07            +0.13
   512          -3.84            -1.20
  1024          -5.63            -0.02

==========================================================================================
H3 HYPOTHESIS CHECK
==========================================================================================
H3 FALSIFIED: UDWDC-v2 (69.77%) > CWD (68.31%) at bs=64

Alignment SNR trends (full training):
  FixedWD: bs=64:0.0281 | bs=128:0.0167 | bs=256:0.0011 | bs=512:0.0001 | bs=1024:0.0010
  CWD: bs=64:0.0074 | bs=128:0.0075 | bs=256:0.0001 | bs=512:0.0009 | bs=1024:0.0014
  UDWDC-v2: bs=64:0.0389 | bs=128:0.0060 | bs=256:0.0000 | bs=512:0.0017 | bs=1024:0.0041

Total time: 141780.6s (39.38h)
Runs completed: 45/45

Saved: /home/ccwang/sibyl-research-system/workspaces/dynamic-wd/current/exp/results/full/phase2_batchsize/summary.json
Saved: /home/ccwang/sibyl-research-system/workspaces/dynamic-wd/current/exp/results/full/phase2_batchsize/summary.md
Wrote DONE marker
Updated gpu_progress.json
