============================================================
Training vgg16_bn on cifar10
WD method: cosine_schedule, base WD: 0.0005
Epochs: 200, LR: 0.001, Batch: 128
Seed: 123, Device: cuda:1
Output: /home/ccwang/sibyl-research-system/workspaces/dynamic-wd/current/exp/results/full/vgg16bn/cifar10/cosine_schedule/seed_123
============================================================
  E  0/200: loss=1.9176 tr_acc=20.70% te_acc=27.38% wn=121.75 CSI=0.0000 AIS=0.4470 BEM=-0.0001
  E 10/200: loss=0.5955 tr_acc=81.03% te_acc=79.81% wn=257.84 CSI=0.2798 AIS=0.2920 BEM=-0.0028
  E 20/200: loss=0.3586 tr_acc=88.81% te_acc=84.19% wn=338.32 CSI=0.0730 AIS=0.2726 BEM=-0.0097
  E 30/200: loss=0.2364 tr_acc=92.74% te_acc=87.02% wn=406.58 CSI=0.0561 AIS=0.2340 BEM=-0.0205
  E 40/200: loss=0.1655 tr_acc=94.92% te_acc=88.26% wn=462.08 CSI=0.0729 AIS=0.1515 BEM=-0.0351
  E 50/200: loss=0.1216 tr_acc=96.38% te_acc=89.38% wn=509.07 CSI=0.1304 AIS=0.2213 BEM=-0.0533
  E 60/200: loss=0.0880 tr_acc=97.39% te_acc=89.92% wn=548.46 CSI=0.1228 AIS=0.2184 BEM=-0.0748
  E 70/200: loss=0.0611 tr_acc=98.14% te_acc=90.34% wn=577.10 CSI=0.1242 AIS=0.1481 BEM=-0.0994
  E 80/200: loss=0.0487 tr_acc=98.62% te_acc=90.50% wn=601.29 CSI=0.2660 AIS=0.1934 BEM=-0.1266
  E 90/200: loss=0.0306 tr_acc=99.11% te_acc=90.97% wn=619.07 CSI=0.1726 AIS=0.2115 BEM=-0.1561
  E100/200: loss=0.0231 tr_acc=99.32% te_acc=90.71% wn=631.38 CSI=0.1987 AIS=0.2213 BEM=-0.1874
  E110/200: loss=0.0188 tr_acc=99.47% te_acc=91.11% wn=640.88 CSI=0.3761 AIS=0.2123 BEM=-0.2201
  E120/200: loss=0.0137 tr_acc=99.59% te_acc=91.32% wn=647.45 CSI=0.1794 AIS=0.1610 BEM=-0.2538
  E130/200: loss=0.0091 tr_acc=99.75% te_acc=91.15% wn=651.98 CSI=0.4516 AIS=0.2675 BEM=-0.2880
  E140/200: loss=0.0054 tr_acc=99.85% te_acc=91.57% wn=654.35 CSI=0.2251 AIS=0.1431 BEM=-0.3223
  E150/200: loss=0.0033 tr_acc=99.90% te_acc=91.45% wn=655.72 CSI=0.3976 AIS=0.1729 BEM=-0.3561
  E160/200: loss=0.0017 tr_acc=99.94% te_acc=91.84% wn=656.25 CSI=0.6150 AIS=0.2728 BEM=-0.3891
  E170/200: loss=0.0014 tr_acc=99.95% te_acc=91.94% wn=656.60 CSI=0.7710 AIS=0.2425 BEM=-0.4209
  E180/200: loss=0.0008 tr_acc=99.97% te_acc=92.20% wn=656.75 CSI=0.7623 AIS=0.2600 BEM=-0.4510
  E190/200: loss=0.0007 tr_acc=99.98% te_acc=92.04% wn=656.79 CSI=1.0422 AIS=0.3428 BEM=-0.4791
  E199/200: loss=0.0010 tr_acc=99.97% te_acc=92.03% wn=656.79 CSI=1.2029 AIS=0.2647 BEM=-0.5025

Done! Best: 92.21%, Time: 787.5s
