\BOOKMARK [1][-]{section.1}{\376\377\000I\000n\000t\000r\000o\000d\000u\000c\000t\000i\000o\000n}{}% 1
\BOOKMARK [1][-]{section.2}{\376\377\000R\000e\000l\000a\000t\000e\000d\000\040\000W\000o\000r\000k}{}% 2
\BOOKMARK [2][-]{subsection.2.1}{\376\377\000W\000e\000i\000g\000h\000t\000\040\000D\000e\000c\000a\000y\000\040\000S\000c\000h\000e\000d\000u\000l\000i\000n\000g}{section.2}% 3
\BOOKMARK [2][-]{subsection.2.2}{\376\377\000A\000l\000i\000g\000n\000m\000e\000n\000t\000-\000A\000w\000a\000r\000e\000\040\000W\000e\000i\000g\000h\000t\000\040\000D\000e\000c\000a\000y}{section.2}% 4
\BOOKMARK [2][-]{subsection.2.3}{\376\377\000N\000o\000r\000m\000-\000C\000o\000n\000s\000t\000r\000a\000i\000n\000e\000d\000\040\000a\000n\000d\000\040\000P\000e\000r\000-\000P\000a\000r\000a\000m\000e\000t\000e\000r\000\040\000W\000e\000i\000g\000h\000t\000\040\000D\000e\000c\000a\000y}{section.2}% 5
\BOOKMARK [2][-]{subsection.2.4}{\376\377\000G\000r\000a\000d\000i\000e\000n\000t\000-\000t\000o\000-\000W\000e\000i\000g\000h\000t\000\040\000R\000a\000t\000i\000o\000\040\000D\000y\000n\000a\000m\000i\000c\000s}{section.2}% 6
\BOOKMARK [2][-]{subsection.2.5}{\376\377\000P\000o\000s\000i\000t\000i\000o\000n\000i\000n\000g\000\040\000E\000q\000W\000D}{section.2}% 7
\BOOKMARK [1][-]{section.3}{\376\377\000M\000e\000t\000h\000o\000d}{}% 8
\BOOKMARK [2][-]{subsection.3.1}{\376\377\000P\000r\000e\000l\000i\000m\000i\000n\000a\000r\000i\000e\000s}{section.3}% 9
\BOOKMARK [2][-]{subsection.3.2}{\376\377\000E\000q\000W\000D\000:\000\040\000E\000q\000u\000i\000l\000i\000b\000r\000i\000u\000m\000-\000D\000r\000i\000v\000e\000n\000\040\000W\000e\000i\000g\000h\000t\000\040\000D\000e\000c\000a\000y}{section.3}% 10
\BOOKMARK [2][-]{subsection.3.3}{\376\377\000T\000h\000e\000o\000r\000e\000t\000i\000c\000a\000l\000\040\000A\000n\000a\000l\000y\000s\000i\000s}{section.3}% 11
\BOOKMARK [2][-]{subsection.3.4}{\376\377\000I\000m\000p\000l\000e\000m\000e\000n\000t\000a\000t\000i\000o\000n\000\040\000N\000o\000t\000e\000s}{section.3}% 12
\BOOKMARK [1][-]{section.4}{\376\377\000E\000x\000p\000e\000r\000i\000m\000e\000n\000t\000s}{}% 13
\BOOKMARK [2][-]{subsection.4.1}{\376\377\000E\000x\000p\000e\000r\000i\000m\000e\000n\000t\000a\000l\000\040\000S\000e\000t\000u\000p}{section.4}% 14
\BOOKMARK [2][-]{subsection.4.2}{\376\377\000M\000a\000i\000n\000\040\000R\000e\000s\000u\000l\000t\000s}{section.4}% 15
\BOOKMARK [2][-]{subsection.4.3}{\376\377\000A\000b\000l\000a\000t\000i\000o\000n\000\040\000S\000t\000u\000d\000i\000e\000s}{section.4}% 16
\BOOKMARK [2][-]{subsection.4.4}{\376\377\000A\000n\000a\000l\000y\000s\000i\000s\000\040\000o\000f\000\040\000R\000a\000t\000i\000o\000\040\000T\000r\000a\000j\000e\000c\000t\000o\000r\000i\000e\000s}{section.4}% 17
\BOOKMARK [1][-]{section.5}{\376\377\000A\000n\000a\000l\000y\000s\000i\000s\000\040\000a\000n\000d\000\040\000D\000i\000s\000c\000u\000s\000s\000i\000o\000n}{}% 18
\BOOKMARK [2][-]{subsection.5.1}{\376\377\000W\000h\000y\000\040\000D\000o\000e\000s\000\040\000E\000q\000W\000D\000\040\000E\000x\000c\000e\000l\000\040\000o\000n\000\040\000I\000m\000a\000g\000e\000N\000e\000t\000\040\000b\000u\000t\000\040\000N\000o\000t\000\040\000D\000e\000c\000i\000s\000i\000v\000e\000l\000y\000\040\000o\000n\000\040\000C\000I\000F\000A\000R\000-\0001\0000\0000\000?}{section.5}% 19
\BOOKMARK [2][-]{subsection.5.2}{\376\377\000E\000q\000W\000D\000\040\000v\000s\000.\000\040\000S\000W\000D\000:\000\040\000T\000h\000e\000\040\000S\000o\000u\000r\000c\000e\000\040\000o\000f\000\040\000L\000o\000w\000e\000r\000\040\000V\000a\000r\000i\000a\000n\000c\000e}{section.5}% 20
\BOOKMARK [2][-]{subsection.5.3}{\376\377\000W\000h\000y\000\040\000D\000o\000\040\000C\000W\000D\000\040\000a\000n\000d\000\040\000C\000P\000R\000\040\000U\000n\000d\000e\000r\000p\000e\000r\000f\000o\000r\000m\000\040\000o\000n\000\040\000I\000m\000a\000g\000e\000N\000e\000t\000?}{section.5}% 21
\BOOKMARK [2][-]{subsection.5.4}{\376\377\000T\000h\000e\000\040\000C\000A\000W\000D\000\040\000N\000e\000g\000a\000t\000i\000v\000e\000\040\000R\000e\000s\000u\000l\000t\000:\000\040\000I\000m\000p\000l\000i\000c\000a\000t\000i\000o\000n\000s\000\040\000f\000o\000r\000\040\000A\000l\000i\000g\000n\000m\000e\000n\000t\000-\000B\000a\000s\000e\000d\000\040\000R\000e\000g\000u\000l\000a\000r\000i\000z\000a\000t\000i\000o\000n}{section.5}% 22
\BOOKMARK [2][-]{subsection.5.5}{\376\377\000T\000r\000a\000i\000n\000i\000n\000g\000\040\000R\000e\000g\000i\000m\000e\000\040\000a\000n\000d\000\040\000C\000o\000m\000p\000u\000t\000e\000\040\000E\000f\000f\000i\000c\000i\000e\000n\000c\000y}{section.5}% 23
\BOOKMARK [2][-]{subsection.5.6}{\376\377\000L\000i\000m\000i\000t\000a\000t\000i\000o\000n\000s}{section.5}% 24
\BOOKMARK [2][-]{subsection.5.7}{\376\377\000W\000h\000e\000n\000\040\000S\000h\000o\000u\000l\000d\000\040\000P\000r\000a\000c\000t\000i\000t\000i\000o\000n\000e\000r\000s\000\040\000U\000s\000e\000\040\000E\000q\000W\000D\000?}{section.5}% 25
\BOOKMARK [2][-]{subsection.5.8}{\376\377\000E\000x\000t\000e\000n\000d\000e\000d\000\040\000A\000n\000a\000l\000y\000s\000i\000s\000:\000\040\000C\000I\000F\000A\000R\000-\0001\0000\000\040\000D\000i\000a\000g\000n\000o\000s\000t\000i\000c\000\040\000B\000e\000n\000c\000h\000m\000a\000r\000k}{section.5}% 26
\BOOKMARK [1][-]{section.6}{\376\377\000C\000o\000n\000c\000l\000u\000s\000i\000o\000n}{}% 27
\BOOKMARK [1][-]{appendix.A}{\376\377\000A\000d\000d\000i\000t\000i\000o\000n\000a\000l\000\040\000E\000x\000p\000e\000r\000i\000m\000e\000n\000t\000a\000l\000\040\000D\000e\000t\000a\000i\000l\000s}{}% 28
\BOOKMARK [1][-]{appendix.B}{\376\377\000A\000c\000c\000u\000r\000a\000c\000y\000\040\000v\000s\000.\000\040\000S\000t\000a\000b\000i\000l\000i\000t\000y\000\040\000T\000r\000a\000d\000e\000-\000o\000f\000f}{}% 29
