============================================================
Training vgg16_bn on cifar10
WD method: no_wd, base WD: 0.0005
Epochs: 200, LR: 0.001, Batch: 128
Seed: 42, Device: cuda:1
Output: /home/ccwang/sibyl-research-system/workspaces/dynamic-wd/current/exp/results/full/vgg16bn/cifar10/no_wd/seed_42
============================================================
  E  0/200: loss=1.8867 tr_acc=21.59% te_acc=30.38% wn=121.59 CSI=0.0000 AIS=0.3021 BEM=-1.0000
  E 10/200: loss=0.5684 tr_acc=81.86% te_acc=77.19% wn=256.86 CSI=0.3032 AIS=0.3563 BEM=-1.0000
  E 20/200: loss=0.3418 tr_acc=89.44% te_acc=86.95% wn=337.87 CSI=0.0606 AIS=0.2677 BEM=-1.0000
  E 30/200: loss=0.2306 tr_acc=92.78% te_acc=86.80% wn=409.05 CSI=0.0986 AIS=0.2184 BEM=-1.0000
  E 40/200: loss=0.1561 tr_acc=95.23% te_acc=89.18% wn=467.74 CSI=0.0951 AIS=0.2709 BEM=-1.0000
  E 50/200: loss=0.1055 tr_acc=96.77% te_acc=89.79% wn=513.79 CSI=0.1595 AIS=0.2683 BEM=-1.0000
  E 60/200: loss=0.0812 tr_acc=97.57% te_acc=89.59% wn=552.16 CSI=0.2435 AIS=0.2709 BEM=-1.0000
  E 70/200: loss=0.0581 tr_acc=98.26% te_acc=90.99% wn=581.26 CSI=0.1257 AIS=0.2449 BEM=-1.0000
  E 80/200: loss=0.0439 tr_acc=98.71% te_acc=90.61% wn=606.06 CSI=0.2725 AIS=0.2123 BEM=-1.0000
  E 90/200: loss=0.0329 tr_acc=99.09% te_acc=90.50% wn=623.11 CSI=0.2709 AIS=0.2157 BEM=-1.0000
  E100/200: loss=0.0232 tr_acc=99.28% te_acc=90.54% wn=637.43 CSI=0.3706 AIS=0.2565 BEM=-1.0000
  E110/200: loss=0.0190 tr_acc=99.45% te_acc=90.84% wn=646.61 CSI=0.1769 AIS=0.1934 BEM=-1.0000
  E120/200: loss=0.0109 tr_acc=99.71% te_acc=91.35% wn=653.15 CSI=0.2444 AIS=0.2980 BEM=-1.0000
  E130/200: loss=0.0088 tr_acc=99.74% te_acc=91.29% wn=657.62 CSI=0.3636 AIS=0.2356 BEM=-1.0000
  E140/200: loss=0.0069 tr_acc=99.83% te_acc=91.52% wn=660.26 CSI=0.4608 AIS=0.2742 BEM=-1.0000
  E150/200: loss=0.0042 tr_acc=99.89% te_acc=91.62% wn=661.63 CSI=0.3905 AIS=0.2060 BEM=-1.0000
  E160/200: loss=0.0024 tr_acc=99.91% te_acc=91.78% wn=662.31 CSI=0.4465 AIS=0.2868 BEM=-1.0000
  E170/200: loss=0.0016 tr_acc=99.96% te_acc=91.87% wn=662.62 CSI=0.6370 AIS=0.1953 BEM=-1.0000
  E180/200: loss=0.0006 tr_acc=99.98% te_acc=91.88% wn=662.73 CSI=1.0375 AIS=0.3123 BEM=-1.0000
  E190/200: loss=0.0006 tr_acc=99.99% te_acc=91.91% wn=662.74 CSI=1.1295 AIS=0.3228 BEM=-1.0000
  E199/200: loss=0.0009 tr_acc=99.98% te_acc=91.97% wn=662.74 CSI=1.4787 AIS=0.2556 BEM=-1.0000

Done! Best: 92.01%, Time: 776.9s
