[baselines_cifar100] PID=3727686, written to /home/qhxie/sibyl_system/projects/augmentation-order/exp/results/baselines_cifar100.pid
[baselines_cifar100] Device: cuda:0 (NVIDIA RTX PRO 6000 Blackwell Server Edition)
[baselines_cifar100] PILOT mode: 30 epochs, seed=42, CIFAR-100

[baselines_cifar100] Run 1/10: arch=resnet18, baseline=conventional

  [resnet18] Baseline: Conventional (Crop->Flip->ColorJitter) | epochs=30 | seed=42
    epoch 1/30: train_acc=0.0559, val_acc=0.1074, loss=4.2580 [4s]
    epoch 2/30: train_acc=0.1452, val_acc=0.1534, loss=3.6095 [9s]
    epoch 3/30: train_acc=0.2342, val_acc=0.2875, loss=3.0950 [13s]
    epoch 4/30: train_acc=0.3298, val_acc=0.3485, loss=2.5787 [17s]
    epoch 5/30: train_acc=0.4056, val_acc=0.3731, loss=2.2279 [21s]
    epoch 6/30: train_acc=0.4644, val_acc=0.3917, loss=1.9707 [25s]
    epoch 7/30: train_acc=0.5057, val_acc=0.4936, loss=1.7917 [29s]
    epoch 8/30: train_acc=0.5433, val_acc=0.4930, loss=1.6362 [33s]
    epoch 9/30: train_acc=0.5731, val_acc=0.5340, loss=1.5161 [38s]
    epoch 10/30: train_acc=0.6002, val_acc=0.4699, loss=1.4118 [42s]
    epoch 11/30: train_acc=0.6204, val_acc=0.5641, loss=1.3174 [46s]
    epoch 12/30: train_acc=0.6397, val_acc=0.5515, loss=1.2395 [50s]
    epoch 13/30: train_acc=0.6619, val_acc=0.5604, loss=1.1603 [54s]
    epoch 14/30: train_acc=0.6770, val_acc=0.6045, loss=1.0946 [58s]
    epoch 15/30: train_acc=0.6957, val_acc=0.5871, loss=1.0269 [62s]
    epoch 16/30: train_acc=0.7122, val_acc=0.6108, loss=0.9642 [67s]
    epoch 17/30: train_acc=0.7344, val_acc=0.6083, loss=0.8930 [71s]
    epoch 18/30: train_acc=0.7509, val_acc=0.6462, loss=0.8306 [75s]
    epoch 19/30: train_acc=0.7668, val_acc=0.6153, loss=0.7763 [79s]
    epoch 20/30: train_acc=0.7875, val_acc=0.6561, loss=0.7050 [83s]
    epoch 21/30: train_acc=0.8069, val_acc=0.6383, loss=0.6400 [87s]
    epoch 22/30: train_acc=0.8241, val_acc=0.6621, loss=0.5891 [92s]
    epoch 23/30: train_acc=0.8445, val_acc=0.6753, loss=0.5160 [96s]
    epoch 24/30: train_acc=0.8651, val_acc=0.6920, loss=0.4545 [100s]
    epoch 25/30: train_acc=0.8835, val_acc=0.6862, loss=0.3978 [104s]
    epoch 26/30: train_acc=0.9020, val_acc=0.7036, loss=0.3479 [108s]
    epoch 27/30: train_acc=0.9159, val_acc=0.7079, loss=0.3063 [112s]
    epoch 28/30: train_acc=0.9261, val_acc=0.7150, loss=0.2783 [116s]
    epoch 29/30: train_acc=0.9347, val_acc=0.7165, loss=0.2560 [121s]
    epoch 30/30: train_acc=0.9369, val_acc=0.7177, loss=0.2486 [125s]
  -> Final val_acc: 0.7177

[baselines_cifar100] Run 2/10: arch=resnet18, baseline=random_per_image

  [resnet18] Baseline: Random-per-image ordering | epochs=30 | seed=42
    epoch 1/30: train_acc=0.0530, val_acc=0.1032, loss=4.2645 [4s]
    epoch 2/30: train_acc=0.1396, val_acc=0.1535, loss=3.6373 [8s]
    epoch 3/30: train_acc=0.2285, val_acc=0.2600, loss=3.1244 [12s]
    epoch 4/30: train_acc=0.3258, val_acc=0.3465, loss=2.6130 [17s]
    epoch 5/30: train_acc=0.4034, val_acc=0.4195, loss=2.2397 [21s]
    epoch 6/30: train_acc=0.4597, val_acc=0.4462, loss=1.9857 [25s]
    epoch 7/30: train_acc=0.5030, val_acc=0.4312, loss=1.7914 [29s]
    epoch 8/30: train_acc=0.5425, val_acc=0.4822, loss=1.6441 [33s]
    epoch 9/30: train_acc=0.5704, val_acc=0.5319, loss=1.5188 [37s]
    epoch 10/30: train_acc=0.5961, val_acc=0.5335, loss=1.4155 [41s]
    epoch 11/30: train_acc=0.6194, val_acc=0.5507, loss=1.3291 [46s]
    epoch 12/30: train_acc=0.6418, val_acc=0.5520, loss=1.2408 [50s]
    epoch 13/30: train_acc=0.6614, val_acc=0.5883, loss=1.1608 [54s]
    epoch 14/30: train_acc=0.6775, val_acc=0.5914, loss=1.0954 [58s]
    epoch 15/30: train_acc=0.6971, val_acc=0.5689, loss=1.0245 [62s]
    epoch 16/30: train_acc=0.7135, val_acc=0.6047, loss=0.9651 [66s]
    epoch 17/30: train_acc=0.7330, val_acc=0.6118, loss=0.8939 [71s]
    epoch 18/30: train_acc=0.7507, val_acc=0.6315, loss=0.8369 [75s]
    epoch 19/30: train_acc=0.7637, val_acc=0.6349, loss=0.7821 [79s]
    epoch 20/30: train_acc=0.7873, val_acc=0.6523, loss=0.7090 [83s]
    epoch 21/30: train_acc=0.8041, val_acc=0.6577, loss=0.6461 [87s]
    epoch 22/30: train_acc=0.8271, val_acc=0.6669, loss=0.5815 [91s]
    epoch 23/30: train_acc=0.8463, val_acc=0.6854, loss=0.5164 [95s]
    epoch 24/30: train_acc=0.8638, val_acc=0.6898, loss=0.4576 [99s]
    epoch 25/30: train_acc=0.8846, val_acc=0.6965, loss=0.3943 [104s]
    epoch 26/30: train_acc=0.9017, val_acc=0.7033, loss=0.3448 [108s]
    epoch 27/30: train_acc=0.9172, val_acc=0.7164, loss=0.3014 [112s]
    epoch 28/30: train_acc=0.9292, val_acc=0.7197, loss=0.2686 [116s]
    epoch 29/30: train_acc=0.9355, val_acc=0.7223, loss=0.2555 [120s]
    epoch 30/30: train_acc=0.9380, val_acc=0.7227, loss=0.2457 [124s]
  -> Final val_acc: 0.7227

[baselines_cifar100] Run 3/10: arch=resnet18, baseline=trivial_augment

  [resnet18] Baseline: TrivialAugment | epochs=30 | seed=42
    epoch 1/30: train_acc=0.0516, val_acc=0.1023, loss=4.3188 [4s]
    epoch 2/30: train_acc=0.1155, val_acc=0.1498, loss=3.8552 [8s]
    epoch 3/30: train_acc=0.1629, val_acc=0.2200, loss=3.5464 [12s]
    epoch 4/30: train_acc=0.2172, val_acc=0.2945, loss=3.2479 [17s]
    epoch 5/30: train_acc=0.2659, val_acc=0.3407, loss=2.9643 [21s]
    epoch 6/30: train_acc=0.3141, val_acc=0.3582, loss=2.7216 [25s]
    epoch 7/30: train_acc=0.3536, val_acc=0.3432, loss=2.5322 [29s]
    epoch 8/30: train_acc=0.3853, val_acc=0.4296, loss=2.3862 [33s]
    epoch 9/30: train_acc=0.4154, val_acc=0.4853, loss=2.2549 [37s]
    epoch 10/30: train_acc=0.4343, val_acc=0.4669, loss=2.1553 [41s]
    epoch 11/30: train_acc=0.4549, val_acc=0.5137, loss=2.0662 [45s]
    epoch 12/30: train_acc=0.4744, val_acc=0.5140, loss=1.9852 [50s]
    epoch 13/30: train_acc=0.4937, val_acc=0.5447, loss=1.9145 [54s]
    epoch 14/30: train_acc=0.5056, val_acc=0.5662, loss=1.8537 [58s]
    epoch 15/30: train_acc=0.5217, val_acc=0.5282, loss=1.7862 [62s]
    epoch 16/30: train_acc=0.5367, val_acc=0.5455, loss=1.7283 [66s]
    epoch 17/30: train_acc=0.5508, val_acc=0.5982, loss=1.6596 [70s]
    epoch 18/30: train_acc=0.5604, val_acc=0.6017, loss=1.6160 [75s]
    epoch 19/30: train_acc=0.5763, val_acc=0.6040, loss=1.5660 [79s]
    epoch 20/30: train_acc=0.5893, val_acc=0.6144, loss=1.5019 [83s]
    epoch 21/30: train_acc=0.6040, val_acc=0.6441, loss=1.4574 [87s]
    epoch 22/30: train_acc=0.6200, val_acc=0.6495, loss=1.4021 [91s]
    epoch 23/30: train_acc=0.6318, val_acc=0.6626, loss=1.3519 [95s]
    epoch 24/30: train_acc=0.6420, val_acc=0.6769, loss=1.3029 [99s]
    epoch 25/30: train_acc=0.6593, val_acc=0.6929, loss=1.2531 [104s]
    epoch 26/30: train_acc=0.6744, val_acc=0.7002, loss=1.1950 [108s]
    epoch 27/30: train_acc=0.6836, val_acc=0.7105, loss=1.1496 [112s]
    epoch 28/30: train_acc=0.6966, val_acc=0.7163, loss=1.1091 [116s]
    epoch 29/30: train_acc=0.7036, val_acc=0.7153, loss=1.0921 [120s]
    epoch 30/30: train_acc=0.7046, val_acc=0.7163, loss=1.0787 [124s]
  -> Final val_acc: 0.7163

[baselines_cifar100] Run 4/10: arch=resnet18, baseline=no_aug

  [resnet18] Baseline: No augmentation (only Crop+Flip) | epochs=30 | seed=42
    epoch 1/30: train_acc=0.0816, val_acc=0.1334, loss=4.0782 [4s]
    epoch 2/30: train_acc=0.1958, val_acc=0.1908, loss=3.3148 [8s]
    epoch 3/30: train_acc=0.2898, val_acc=0.3050, loss=2.8028 [12s]
    epoch 4/30: train_acc=0.3775, val_acc=0.3499, loss=2.3501 [16s]
    epoch 5/30: train_acc=0.4534, val_acc=0.4333, loss=2.0130 [20s]
    epoch 6/30: train_acc=0.5112, val_acc=0.4180, loss=1.7647 [24s]
    epoch 7/30: train_acc=0.5530, val_acc=0.4987, loss=1.5862 [29s]
    epoch 8/30: train_acc=0.5895, val_acc=0.4991, loss=1.4368 [33s]
    epoch 9/30: train_acc=0.6202, val_acc=0.5199, loss=1.3165 [37s]
    epoch 10/30: train_acc=0.6485, val_acc=0.5590, loss=1.2076 [41s]
    epoch 11/30: train_acc=0.6700, val_acc=0.5776, loss=1.1220 [45s]
    epoch 12/30: train_acc=0.6935, val_acc=0.5874, loss=1.0312 [49s]
    epoch 13/30: train_acc=0.7159, val_acc=0.5910, loss=0.9549 [53s]
    epoch 14/30: train_acc=0.7346, val_acc=0.5740, loss=0.8858 [57s]
    epoch 15/30: train_acc=0.7549, val_acc=0.6105, loss=0.8127 [61s]
    epoch 16/30: train_acc=0.7746, val_acc=0.6029, loss=0.7489 [65s]
    epoch 17/30: train_acc=0.7932, val_acc=0.6186, loss=0.6787 [69s]
    epoch 18/30: train_acc=0.8165, val_acc=0.6329, loss=0.6084 [73s]
    epoch 19/30: train_acc=0.8285, val_acc=0.6327, loss=0.5596 [77s]
    epoch 20/30: train_acc=0.8538, val_acc=0.6588, loss=0.4857 [81s]
    epoch 21/30: train_acc=0.8737, val_acc=0.6667, loss=0.4225 [85s]
    epoch 22/30: train_acc=0.8942, val_acc=0.6805, loss=0.3552 [90s]
    epoch 23/30: train_acc=0.9171, val_acc=0.6796, loss=0.2970 [94s]
    epoch 24/30: train_acc=0.9338, val_acc=0.6970, loss=0.2464 [98s]
    epoch 25/30: train_acc=0.9504, val_acc=0.7087, loss=0.1992 [102s]
    epoch 26/30: train_acc=0.9639, val_acc=0.7149, loss=0.1591 [106s]
    epoch 27/30: train_acc=0.9734, val_acc=0.7195, loss=0.1324 [110s]
    epoch 28/30: train_acc=0.9802, val_acc=0.7223, loss=0.1146 [114s]
    epoch 29/30: train_acc=0.9819, val_acc=0.7217, loss=0.1065 [118s]
    epoch 30/30: train_acc=0.9838, val_acc=0.7223, loss=0.1030 [122s]
  -> Final val_acc: 0.7223

[baselines_cifar100] Run 5/10: arch=resnet18, baseline=randaugment

  [resnet18] Baseline: RandAugment N=2 M=9 | epochs=30 | seed=42
    epoch 1/30: train_acc=0.0550, val_acc=0.0988, loss=4.2828 [4s]
    epoch 2/30: train_acc=0.1379, val_acc=0.1636, loss=3.6809 [8s]
    epoch 3/30: train_acc=0.2075, val_acc=0.2696, loss=3.2503 [13s]
    epoch 4/30: train_acc=0.2911, val_acc=0.3409, loss=2.7996 [17s]
    epoch 5/30: train_acc=0.3582, val_acc=0.3985, loss=2.4599 [21s]
    epoch 6/30: train_acc=0.4151, val_acc=0.4316, loss=2.1978 [25s]
    epoch 7/30: train_acc=0.4570, val_acc=0.4604, loss=2.0076 [29s]
    epoch 8/30: train_acc=0.4969, val_acc=0.5015, loss=1.8401 [33s]
    epoch 9/30: train_acc=0.5233, val_acc=0.5246, loss=1.7292 [37s]
    epoch 10/30: train_acc=0.5483, val_acc=0.5299, loss=1.6179 [42s]
    epoch 11/30: train_acc=0.5691, val_acc=0.5654, loss=1.5318 [46s]
    epoch 12/30: train_acc=0.5908, val_acc=0.5232, loss=1.4534 [50s]
    epoch 13/30: train_acc=0.6068, val_acc=0.5798, loss=1.3781 [54s]
    epoch 14/30: train_acc=0.6266, val_acc=0.6123, loss=1.3110 [58s]
    epoch 15/30: train_acc=0.6414, val_acc=0.5804, loss=1.2551 [62s]
    epoch 16/30: train_acc=0.6561, val_acc=0.6099, loss=1.1909 [67s]
    epoch 17/30: train_acc=0.6714, val_acc=0.5956, loss=1.1320 [71s]
    epoch 18/30: train_acc=0.6902, val_acc=0.6184, loss=1.0642 [75s]
    epoch 19/30: train_acc=0.7037, val_acc=0.6442, loss=1.0150 [79s]
    epoch 20/30: train_acc=0.7218, val_acc=0.6635, loss=0.9546 [83s]
    epoch 21/30: train_acc=0.7362, val_acc=0.6542, loss=0.8960 [87s]
    epoch 22/30: train_acc=0.7506, val_acc=0.6764, loss=0.8425 [91s]
    epoch 23/30: train_acc=0.7687, val_acc=0.6822, loss=0.7868 [96s]
    epoch 24/30: train_acc=0.7854, val_acc=0.6997, loss=0.7230 [100s]
    epoch 25/30: train_acc=0.8037, val_acc=0.7079, loss=0.6712 [104s]
    epoch 26/30: train_acc=0.8182, val_acc=0.7116, loss=0.6185 [108s]
    epoch 27/30: train_acc=0.8345, val_acc=0.7223, loss=0.5636 [112s]
    epoch 28/30: train_acc=0.8475, val_acc=0.7221, loss=0.5290 [116s]
    epoch 29/30: train_acc=0.8534, val_acc=0.7274, loss=0.5094 [120s]
    epoch 30/30: train_acc=0.8585, val_acc=0.7283, loss=0.4983 [124s]
  -> Final val_acc: 0.7283

[baselines_cifar100] Run 6/10: arch=vit_small, baseline=conventional

  [vit_small] Baseline: Conventional (Crop->Flip->ColorJitter) | epochs=30 | seed=42
    epoch 1/30: train_acc=0.0438, val_acc=0.0750, loss=4.3511 [13s]
    epoch 2/30: train_acc=0.0882, val_acc=0.1267, loss=3.9967 [26s]
    epoch 3/30: train_acc=0.1229, val_acc=0.1534, loss=3.7301 [39s]
    epoch 4/30: train_acc=0.1676, val_acc=0.2105, loss=3.4693 [53s]
    epoch 5/30: train_acc=0.2118, val_acc=0.2435, loss=3.2015 [66s]
    epoch 6/30: train_acc=0.2514, val_acc=0.2933, loss=2.9999 [79s]
    epoch 7/30: train_acc=0.2868, val_acc=0.3254, loss=2.8201 [92s]
    epoch 8/30: train_acc=0.3159, val_acc=0.3521, loss=2.6796 [105s]
    epoch 9/30: train_acc=0.3425, val_acc=0.3853, loss=2.5427 [118s]
    epoch 10/30: train_acc=0.3716, val_acc=0.4047, loss=2.4020 [132s]
    epoch 11/30: train_acc=0.3987, val_acc=0.4303, loss=2.2774 [145s]
    epoch 12/30: train_acc=0.4280, val_acc=0.4417, loss=2.1566 [158s]
    epoch 13/30: train_acc=0.4560, val_acc=0.4661, loss=2.0262 [171s]
    epoch 14/30: train_acc=0.4847, val_acc=0.4831, loss=1.9085 [184s]
    epoch 15/30: train_acc=0.5075, val_acc=0.5001, loss=1.7986 [197s]
    epoch 16/30: train_acc=0.5308, val_acc=0.5140, loss=1.7007 [211s]
    epoch 17/30: train_acc=0.5556, val_acc=0.5296, loss=1.6025 [224s]
    epoch 18/30: train_acc=0.5783, val_acc=0.5328, loss=1.5042 [237s]
    epoch 19/30: train_acc=0.6011, val_acc=0.5523, loss=1.4121 [250s]
    epoch 20/30: train_acc=0.6250, val_acc=0.5578, loss=1.3192 [263s]
    epoch 21/30: train_acc=0.6446, val_acc=0.5656, loss=1.2451 [276s]
    epoch 22/30: train_acc=0.6694, val_acc=0.5695, loss=1.1568 [290s]
    epoch 23/30: train_acc=0.6889, val_acc=0.5744, loss=1.0733 [303s]
    epoch 24/30: train_acc=0.7102, val_acc=0.5802, loss=1.0026 [316s]
    epoch 25/30: train_acc=0.7242, val_acc=0.5861, loss=0.9505 [329s]
    epoch 26/30: train_acc=0.7389, val_acc=0.5894, loss=0.8979 [342s]
    epoch 27/30: train_acc=0.7489, val_acc=0.5883, loss=0.8680 [355s]
    epoch 28/30: train_acc=0.7604, val_acc=0.5896, loss=0.8350 [369s]
    epoch 29/30: train_acc=0.7649, val_acc=0.5873, loss=0.8195 [382s]
    epoch 30/30: train_acc=0.7676, val_acc=0.5876, loss=0.8106 [395s]
  -> Final val_acc: 0.5876

[baselines_cifar100] Run 7/10: arch=vit_small, baseline=random_per_image

  [vit_small] Baseline: Random-per-image ordering | epochs=30 | seed=42
    epoch 1/30: train_acc=0.0439, val_acc=0.0762, loss=4.3523 [13s]
    epoch 2/30: train_acc=0.0870, val_acc=0.1251, loss=3.9958 [26s]
    epoch 3/30: train_acc=0.1242, val_acc=0.1557, loss=3.7260 [40s]
    epoch 4/30: train_acc=0.1696, val_acc=0.2138, loss=3.4601 [53s]
    epoch 5/30: train_acc=0.2151, val_acc=0.2370, loss=3.1991 [66s]
    epoch 6/30: train_acc=0.2524, val_acc=0.2913, loss=3.0070 [79s]
    epoch 7/30: train_acc=0.2839, val_acc=0.3301, loss=2.8313 [92s]
    epoch 8/30: train_acc=0.3108, val_acc=0.3495, loss=2.6879 [106s]
    epoch 9/30: train_acc=0.3433, val_acc=0.3823, loss=2.5457 [119s]
    epoch 10/30: train_acc=0.3707, val_acc=0.3988, loss=2.4188 [132s]
    epoch 11/30: train_acc=0.3979, val_acc=0.4248, loss=2.2879 [145s]
    epoch 12/30: train_acc=0.4245, val_acc=0.4528, loss=2.1763 [159s]
    epoch 13/30: train_acc=0.4517, val_acc=0.4661, loss=2.0458 [172s]
    epoch 14/30: train_acc=0.4751, val_acc=0.4851, loss=1.9309 [185s]
    epoch 15/30: train_acc=0.5030, val_acc=0.5029, loss=1.8153 [198s]
    epoch 16/30: train_acc=0.5316, val_acc=0.5145, loss=1.7104 [212s]
    epoch 17/30: train_acc=0.5503, val_acc=0.5303, loss=1.6243 [225s]
    epoch 18/30: train_acc=0.5747, val_acc=0.5375, loss=1.5208 [238s]
    epoch 19/30: train_acc=0.5973, val_acc=0.5472, loss=1.4304 [251s]
    epoch 20/30: train_acc=0.6193, val_acc=0.5505, loss=1.3419 [264s]
    epoch 21/30: train_acc=0.6406, val_acc=0.5590, loss=1.2615 [278s]
    epoch 22/30: train_acc=0.6624, val_acc=0.5703, loss=1.1813 [291s]
    epoch 23/30: train_acc=0.6871, val_acc=0.5738, loss=1.0944 [304s]
    epoch 24/30: train_acc=0.7029, val_acc=0.5802, loss=1.0288 [317s]
    epoch 25/30: train_acc=0.7186, val_acc=0.5816, loss=0.9752 [330s]
    epoch 26/30: train_acc=0.7357, val_acc=0.5855, loss=0.9159 [344s]
    epoch 27/30: train_acc=0.7457, val_acc=0.5832, loss=0.8845 [357s]
    epoch 28/30: train_acc=0.7542, val_acc=0.5866, loss=0.8556 [370s]
    epoch 29/30: train_acc=0.7599, val_acc=0.5856, loss=0.8399 [383s]
    epoch 30/30: train_acc=0.7592, val_acc=0.5854, loss=0.8341 [396s]
  -> Final val_acc: 0.5854

[baselines_cifar100] Run 8/10: arch=vit_small, baseline=trivial_augment

  [vit_small] Baseline: TrivialAugment | epochs=30 | seed=42
    epoch 1/30: train_acc=0.0447, val_acc=0.0815, loss=4.3854 [13s]
    epoch 2/30: train_acc=0.0900, val_acc=0.1359, loss=4.0371 [26s]
    epoch 3/30: train_acc=0.1215, val_acc=0.1586, loss=3.8168 [39s]
    epoch 4/30: train_acc=0.1527, val_acc=0.2090, loss=3.6176 [53s]
    epoch 5/30: train_acc=0.1831, val_acc=0.2352, loss=3.4434 [66s]
    epoch 6/30: train_acc=0.2089, val_acc=0.2786, loss=3.2907 [79s]
    epoch 7/30: train_acc=0.2286, val_acc=0.3120, loss=3.1776 [92s]
    epoch 8/30: train_acc=0.2496, val_acc=0.3283, loss=3.0684 [105s]
    epoch 9/30: train_acc=0.2745, val_acc=0.3559, loss=2.9371 [118s]
    epoch 10/30: train_acc=0.2926, val_acc=0.3713, loss=2.8521 [131s]
    epoch 11/30: train_acc=0.3118, val_acc=0.4066, loss=2.7549 [145s]
    epoch 12/30: train_acc=0.3251, val_acc=0.4213, loss=2.6803 [158s]
    epoch 13/30: train_acc=0.3457, val_acc=0.4251, loss=2.5840 [171s]
    epoch 14/30: train_acc=0.3665, val_acc=0.4422, loss=2.4973 [184s]
    epoch 15/30: train_acc=0.3852, val_acc=0.4663, loss=2.4049 [197s]
    epoch 16/30: train_acc=0.4045, val_acc=0.4877, loss=2.3201 [210s]
    epoch 17/30: train_acc=0.4204, val_acc=0.5003, loss=2.2473 [223s]
    epoch 18/30: train_acc=0.4400, val_acc=0.5104, loss=2.1646 [237s]
    epoch 19/30: train_acc=0.4553, val_acc=0.5265, loss=2.0923 [250s]
    epoch 20/30: train_acc=0.4707, val_acc=0.5346, loss=2.0315 [263s]
    epoch 21/30: train_acc=0.4903, val_acc=0.5435, loss=1.9443 [276s]
    epoch 22/30: train_acc=0.5052, val_acc=0.5447, loss=1.8836 [289s]
    epoch 23/30: train_acc=0.5210, val_acc=0.5571, loss=1.8248 [302s]
    epoch 24/30: train_acc=0.5293, val_acc=0.5577, loss=1.7814 [316s]
    epoch 25/30: train_acc=0.5437, val_acc=0.5606, loss=1.7280 [329s]
    epoch 26/30: train_acc=0.5530, val_acc=0.5656, loss=1.6906 [342s]
    epoch 27/30: train_acc=0.5582, val_acc=0.5708, loss=1.6598 [355s]
    epoch 28/30: train_acc=0.5676, val_acc=0.5721, loss=1.6320 [368s]
    epoch 29/30: train_acc=0.5695, val_acc=0.5743, loss=1.6216 [381s]
    epoch 30/30: train_acc=0.5749, val_acc=0.5757, loss=1.6079 [395s]
  -> Final val_acc: 0.5757

[baselines_cifar100] Run 9/10: arch=vit_small, baseline=no_aug

  [vit_small] Baseline: No augmentation (only Crop+Flip) | epochs=30 | seed=42
    epoch 1/30: train_acc=0.0642, val_acc=0.1058, loss=4.2263 [13s]
    epoch 2/30: train_acc=0.1393, val_acc=0.1467, loss=3.7045 [26s]
    epoch 3/30: train_acc=0.1887, val_acc=0.1997, loss=3.3705 [39s]
    epoch 4/30: train_acc=0.2449, val_acc=0.2624, loss=3.0571 [52s]
    epoch 5/30: train_acc=0.2863, val_acc=0.2924, loss=2.8135 [66s]
    epoch 6/30: train_acc=0.3248, val_acc=0.3296, loss=2.6188 [79s]
    epoch 7/30: train_acc=0.3634, val_acc=0.3706, loss=2.4462 [92s]
    epoch 8/30: train_acc=0.3934, val_acc=0.3978, loss=2.2985 [105s]
    epoch 9/30: train_acc=0.4259, val_acc=0.4239, loss=2.1552 [118s]
    epoch 10/30: train_acc=0.4613, val_acc=0.4436, loss=1.9989 [131s]
    epoch 11/30: train_acc=0.4881, val_acc=0.4703, loss=1.8774 [144s]
    epoch 12/30: train_acc=0.5184, val_acc=0.4783, loss=1.7497 [157s]
    epoch 13/30: train_acc=0.5471, val_acc=0.4927, loss=1.6217 [171s]
    epoch 14/30: train_acc=0.5801, val_acc=0.5080, loss=1.4875 [184s]
    epoch 15/30: train_acc=0.6137, val_acc=0.5146, loss=1.3607 [197s]
    epoch 16/30: train_acc=0.6438, val_acc=0.5260, loss=1.2434 [210s]
    epoch 17/30: train_acc=0.6760, val_acc=0.5368, loss=1.1215 [223s]
    epoch 18/30: train_acc=0.7098, val_acc=0.5366, loss=0.9973 [236s]
    epoch 19/30: train_acc=0.7454, val_acc=0.5544, loss=0.8691 [249s]
    epoch 20/30: train_acc=0.7798, val_acc=0.5584, loss=0.7560 [262s]
    epoch 21/30: train_acc=0.8127, val_acc=0.5513, loss=0.6429 [276s]
    epoch 22/30: train_acc=0.8444, val_acc=0.5594, loss=0.5381 [289s]
    epoch 23/30: train_acc=0.8740, val_acc=0.5608, loss=0.4464 [302s]
    epoch 24/30: train_acc=0.8969, val_acc=0.5629, loss=0.3759 [315s]
    epoch 25/30: train_acc=0.9172, val_acc=0.5622, loss=0.3181 [328s]
    epoch 26/30: train_acc=0.9296, val_acc=0.5645, loss=0.2768 [341s]
    epoch 27/30: train_acc=0.9381, val_acc=0.5614, loss=0.2489 [354s]
    epoch 28/30: train_acc=0.9447, val_acc=0.5645, loss=0.2307 [367s]
    epoch 29/30: train_acc=0.9473, val_acc=0.5648, loss=0.2201 [381s]
    epoch 30/30: train_acc=0.9515, val_acc=0.5646, loss=0.2114 [394s]
  -> Final val_acc: 0.5646

[baselines_cifar100] Run 10/10: arch=vit_small, baseline=randaugment

  [vit_small] Baseline: RandAugment N=2 M=9 | epochs=30 | seed=42
    epoch 1/30: train_acc=0.0444, val_acc=0.0865, loss=4.3749 [13s]
    epoch 2/30: train_acc=0.0984, val_acc=0.1398, loss=3.9687 [26s]
    epoch 3/30: train_acc=0.1385, val_acc=0.1855, loss=3.6983 [40s]
    epoch 4/30: train_acc=0.1781, val_acc=0.2305, loss=3.4366 [53s]
    epoch 5/30: train_acc=0.2157, val_acc=0.2758, loss=3.2279 [66s]
    epoch 6/30: train_acc=0.2480, val_acc=0.3092, loss=3.0355 [79s]
    epoch 7/30: train_acc=0.2764, val_acc=0.3435, loss=2.8996 [92s]
    epoch 8/30: train_acc=0.3010, val_acc=0.3705, loss=2.7712 [106s]
    epoch 9/30: train_acc=0.3276, val_acc=0.3818, loss=2.6288 [119s]
    epoch 10/30: train_acc=0.3556, val_acc=0.4041, loss=2.5119 [132s]
    epoch 11/30: train_acc=0.3776, val_acc=0.4414, loss=2.4066 [145s]
    epoch 12/30: train_acc=0.4016, val_acc=0.4530, loss=2.2945 [158s]
    epoch 13/30: train_acc=0.4248, val_acc=0.4765, loss=2.1819 [171s]
    epoch 14/30: train_acc=0.4509, val_acc=0.4877, loss=2.0787 [185s]
    epoch 15/30: train_acc=0.4695, val_acc=0.5094, loss=1.9769 [198s]
    epoch 16/30: train_acc=0.4925, val_acc=0.5172, loss=1.8872 [211s]
    epoch 17/30: train_acc=0.5119, val_acc=0.5298, loss=1.8097 [224s]
    epoch 18/30: train_acc=0.5334, val_acc=0.5483, loss=1.7191 [237s]
    epoch 19/30: train_acc=0.5529, val_acc=0.5512, loss=1.6381 [250s]
    epoch 20/30: train_acc=0.5762, val_acc=0.5625, loss=1.5392 [264s]
    epoch 21/30: train_acc=0.5942, val_acc=0.5679, loss=1.4742 [277s]
    epoch 22/30: train_acc=0.6119, val_acc=0.5759, loss=1.4009 [290s]
    epoch 23/30: train_acc=0.6301, val_acc=0.5804, loss=1.3311 [303s]
    epoch 24/30: train_acc=0.6416, val_acc=0.5873, loss=1.2846 [316s]
    epoch 25/30: train_acc=0.6563, val_acc=0.5917, loss=1.2275 [329s]
    epoch 26/30: train_acc=0.6729, val_acc=0.5944, loss=1.1782 [343s]
    epoch 27/30: train_acc=0.6786, val_acc=0.5956, loss=1.1450 [356s]
    epoch 28/30: train_acc=0.6864, val_acc=0.5970, loss=1.1177 [369s]
    epoch 29/30: train_acc=0.6935, val_acc=0.5966, loss=1.1012 [382s]
    epoch 30/30: train_acc=0.6922, val_acc=0.5985, loss=1.0963 [395s]
  -> Final val_acc: 0.5985

[baselines_cifar100] Pilot summary:
  conventional ResNet-18 CIFAR-100 val_acc: 0.7177
  has_nan: False
  pass_criteria_met: True

  Baseline results (val_acc at final epoch):
  Baseline                                    ResNet-18    ViT-Small
  ---------------------------------------- ------------ ------------
  Conventional (Crop->Flip->ColorJitter)         0.7177       0.5876
  Random-per-image ordering                      0.7227       0.5854
  TrivialAugment                                 0.7163       0.5757
  No augmentation (only Crop+Flip)               0.7223       0.5646
  RandAugment N=2 M=9                            0.7283       0.5985

[baselines_cifar100] Pilot results saved to /home/qhxie/sibyl_system/projects/augmentation-order/exp/results/pilots/baselines_cifar100_pilot.json
[baselines_cifar100] DONE marker written: status=success
