`torch_dtype` is deprecated! Use `dtype` instead!
/home/qhxie/miniforge3/envs/sibyl_sae-absorption/lib/python3.11/site-packages/sae_lens/saes/sae.py:251: UserWarning: 
This SAE has non-empty model_from_pretrained_kwargs. 
For optimal performance, load the model like so:
model = HookedSAETransformer.from_pretrained_no_processing(..., **cfg.model_from_pretrained_kwargs)
  warnings.warn(

[MODEL] Loading gpt2...
Loaded pretrained model gpt2 into HookedTransformer
[MODEL] Loaded: 12 layers, d=768

[DATA] Loading RAVEL cities...
[DATA] 3552 cities total (FULL mode)

======================================================================
[LAYER 5] Loading SAE and extracting activations
======================================================================
[SAE] d_sae=24576, d_in=768

[EXTRACT] Extracting representations for 3552 cities at layer 5...
    Batch 10/28
    Batch 20/28
[EXTRACT] Done in 7.4s. Shape: acts=(3552, 768), sae=(3552, 24576)
[SAE] Dead: 24257/24576 (98.7%), Alive: 319, Mean active/token: 41.3

  [PROBE] Country_binary_US (US vs non-US cities) at layer 5
    Valid cities: 3552/3552
    Split features: 6
    >>> acc=0.929, FN=0.886, abs=0.886, n_abs=2925

  [PROBE] Language_binary_English (English vs non-English cities) at layer 5
    Valid cities: 3552/3552
    Split features: 3
    >>> acc=0.842, FN=0.923, abs=0.923, n_abs=2761

  [PROBE] Continent (6-continent classification) at layer 5
    Valid cities: 3552/3552
    Split features: 5
    >>> acc=0.634, FN=0.889, abs=0.889, n_abs=2003

  [PROBE] Country_top10 (Top-10 countries) at layer 5
    Valid cities: 1523/3552
    Split features: 19
    >>> acc=0.781, FN=0.729, abs=0.729, n_abs=867

  [PROBE] Language_top10 (Top-10 languages) at layer 5
    Valid cities: 2297/3552
    Split features: 11
    >>> acc=0.716, FN=0.770, abs=0.770, n_abs=1266

  [SWEEP] Threshold sensitivity at layer 5

  [CLEANUP] Layer 5 done, GPU memory freed

======================================================================
[LAYER 8] Loading SAE and extracting activations
======================================================================
[SAE] d_sae=24576, d_in=768

[EXTRACT] Extracting representations for 3552 cities at layer 8...
    Batch 10/28
    Batch 20/28
[EXTRACT] Done in 7.2s. Shape: acts=(3552, 768), sae=(3552, 24576)
[SAE] Dead: 24034/24576 (97.8%), Alive: 542, Mean active/token: 70.7

  [PROBE] Country_binary_US (US vs non-US cities) at layer 8
    Valid cities: 3552/3552
    Split features: 18
    >>> acc=0.933, FN=0.537, abs=0.537, n_abs=1780

  [PROBE] Language_binary_English (English vs non-English cities) at layer 8
    Valid cities: 3552/3552
    Split features: 2
    >>> acc=0.842, FN=0.962, abs=0.962, n_abs=2875

  [PROBE] Continent (6-continent classification) at layer 8
    Valid cities: 3552/3552
    Split features: 3
    >>> acc=0.633, FN=0.944, abs=0.944, n_abs=2120

  [PROBE] Country_top10 (Top-10 countries) at layer 8
    Valid cities: 1523/3552
    Split features: 19
    >>> acc=0.777, FN=0.784, abs=0.784, n_abs=928

  [PROBE] Language_top10 (Top-10 languages) at layer 8
    Valid cities: 2297/3552
    Split features: 10
    >>> acc=0.728, FN=0.895, abs=0.895, n_abs=1497

  [SWEEP] Threshold sensitivity at layer 8

  [CLEANUP] Layer 8 done, GPU memory freed

======================================================================
[LAYER 11] Loading SAE and extracting activations
======================================================================
[SAE] d_sae=24576, d_in=768

[EXTRACT] Extracting representations for 3552 cities at layer 11...
    Batch 10/28
    Batch 20/28
[EXTRACT] Done in 7.2s. Shape: acts=(3552, 768), sae=(3552, 24576)
[SAE] Dead: 23724/24576 (96.5%), Alive: 852, Mean active/token: 74.8

  [PROBE] Country_binary_US (US vs non-US cities) at layer 11
    Valid cities: 3552/3552
    Split features: 51
    >>> acc=0.939, FN=0.113, abs=0.113, n_abs=377

  [PROBE] Language_binary_English (English vs non-English cities) at layer 11
    Valid cities: 3552/3552
    Split features: 21
    >>> acc=0.850, FN=0.660, abs=0.660, n_abs=1992

  [PROBE] Continent (6-continent classification) at layer 11
    Valid cities: 3552/3552
    Split features: 32
    >>> acc=0.669, FN=0.651, abs=0.651, n_abs=1547

  [PROBE] Country_top10 (Top-10 countries) at layer 11
    Valid cities: 1523/3552
    Split features: 73
    >>> acc=0.810, FN=0.458, abs=0.458, n_abs=565

  [PROBE] Language_top10 (Top-10 languages) at layer 11
    Valid cities: 2297/3552
    Split features: 67
    >>> acc=0.759, FN=0.547, abs=0.547, n_abs=953

  [SWEEP] Threshold sensitivity at layer 11

  [CLEANUP] Layer 11 done, GPU memory freed

======================================================================
[SUMMARY] Cross-layer absorption results
======================================================================
  Country_binary_US              | mean_abs=0.512 +/- 0.316 | layers=[5, 8, 11]
  Language_binary_English        | mean_abs=0.848 +/- 0.134 | layers=[5, 8, 11]
  Continent                      | mean_abs=0.828 +/- 0.127 | layers=[5, 8, 11]
  Country_top10                  | mean_abs=0.657 +/- 0.143 | layers=[5, 8, 11]
  Language_top10                 | mean_abs=0.737 +/- 0.144 | layers=[5, 8, 11]

  Verdict: GO
  Mean absorption: 0.7166, Max: 0.9619
  Total time: 41.3s

[SAVE] /home/qhxie/AutoResearch-SibylSystem/workspaces/sae-absorption/current/exp/results/full/P2_absorption_knowledge.json

[DONE] success: GO: mean_abs=0.7166, max_abs=0.9619, elapsed=41.3s

