`torch_dtype` is deprecated! Use `dtype` instead!
/home/qhxie/miniforge3/envs/sibyl_sae-absorption/lib/python3.11/site-packages/sae_lens/saes/sae.py:251: UserWarning: 
This SAE has non-empty model_from_pretrained_kwargs. 
For optimal performance, load the model like so:
model = HookedSAETransformer.from_pretrained_no_processing(..., **cfg.model_from_pretrained_kwargs)
  warnings.warn(

[MODEL] Loading gpt2...
Loaded pretrained model gpt2 into HookedTransformer

[DATA] Loading RAVEL cities...
[DATA] 3552 cities total

======================================================================
[LAYER 5] Controls
======================================================================
  Extracting representations for 3552 cities...

  [PROBE] Country_binary_US at layer 5
    Shuffled controls (5 trials)...
      Shuffled mean: 1.0000 +/- 0.0000
    Random probe controls (5 trials)...
      Random mean: 1.0000 +/- 0.0000
    Cosine-calibrated absorption...
      cos>0.05: abs_rate=0.0000
      cos>0.1: abs_rate=0.0000
      cos>0.15: abs_rate=0.0000
      cos>0.2: abs_rate=0.0000
      cos>0.3: abs_rate=0.0000

  [PROBE] Language_binary_English at layer 5
    Shuffled controls (5 trials)...
      Shuffled mean: 1.0000 +/- 0.0000
    Random probe controls (5 trials)...
      Random mean: 1.0000 +/- 0.0000
    Cosine-calibrated absorption...
      cos>0.05: abs_rate=0.0003
      cos>0.1: abs_rate=0.0000
      cos>0.15: abs_rate=0.0000
      cos>0.2: abs_rate=0.0000
      cos>0.3: abs_rate=0.0000

  [PROBE] Continent at layer 5
    Shuffled controls (5 trials)...
      Shuffled mean: 1.0000 +/- 0.0000
    Random probe controls (5 trials)...
      Random mean: 1.0000 +/- 0.0000
    Cosine-calibrated absorption...
      cos>0.05: abs_rate=0.0004
      cos>0.1: abs_rate=0.0000
      cos>0.15: abs_rate=0.0000
      cos>0.2: abs_rate=0.0000
      cos>0.3: abs_rate=0.0000

  [FIRST_LETTER] Baseline at layer 5
    First-letter baseline: 1974 tokens across 26 letters

======================================================================
[LAYER 8] Controls
======================================================================
  Extracting representations for 3552 cities...

  [PROBE] Country_binary_US at layer 8
    Shuffled controls (5 trials)...
      Shuffled mean: 1.0000 +/- 0.0000
    Random probe controls (5 trials)...
      Random mean: 1.0000 +/- 0.0000
    Cosine-calibrated absorption...
      cos>0.05: abs_rate=0.0000
      cos>0.1: abs_rate=0.0000
      cos>0.15: abs_rate=0.0000
      cos>0.2: abs_rate=0.0000
      cos>0.3: abs_rate=0.0000

  [PROBE] Language_binary_English at layer 8
    Shuffled controls (5 trials)...
      Shuffled mean: 1.0000 +/- 0.0000
    Random probe controls (5 trials)...
      Random mean: 1.0000 +/- 0.0000
    Cosine-calibrated absorption...
      cos>0.05: abs_rate=0.0000
      cos>0.1: abs_rate=0.0000
      cos>0.15: abs_rate=0.0000
      cos>0.2: abs_rate=0.0000
      cos>0.3: abs_rate=0.0000

  [PROBE] Continent at layer 8
    Shuffled controls (5 trials)...
      Shuffled mean: 1.0000 +/- 0.0000
    Random probe controls (5 trials)...
      Random mean: 1.0000 +/- 0.0000
    Cosine-calibrated absorption...
      cos>0.05: abs_rate=0.0004
      cos>0.1: abs_rate=0.0000
      cos>0.15: abs_rate=0.0000
      cos>0.2: abs_rate=0.0000
      cos>0.3: abs_rate=0.0000

  [FIRST_LETTER] Baseline at layer 8
    First-letter baseline: 1974 tokens across 26 letters

======================================================================
[LAYER 11] Controls
======================================================================
  Extracting representations for 3552 cities...

  [PROBE] Country_binary_US at layer 11
    Shuffled controls (5 trials)...
      Shuffled mean: 1.0000 +/- 0.0000
    Random probe controls (5 trials)...
      Random mean: 1.0000 +/- 0.0000
    Cosine-calibrated absorption...
      cos>0.05: abs_rate=0.0000
      cos>0.1: abs_rate=0.0000
      cos>0.15: abs_rate=0.0000
      cos>0.2: abs_rate=0.0000
      cos>0.3: abs_rate=0.0000

  [PROBE] Language_binary_English at layer 11
    Shuffled controls (5 trials)...
      Shuffled mean: 1.0000 +/- 0.0000
    Random probe controls (5 trials)...
      Random mean: 1.0000 +/- 0.0000
    Cosine-calibrated absorption...
      cos>0.05: abs_rate=0.0000
      cos>0.1: abs_rate=0.0000
      cos>0.15: abs_rate=0.0000
      cos>0.2: abs_rate=0.0000
      cos>0.3: abs_rate=0.0000

  [PROBE] Continent at layer 11
    Shuffled controls (5 trials)...
      Shuffled mean: 1.0000 +/- 0.0000
    Random probe controls (5 trials)...
      Random mean: 1.0000 +/- 0.0000
    Cosine-calibrated absorption...
      cos>0.05: abs_rate=0.0000
      cos>0.1: abs_rate=0.0000
      cos>0.15: abs_rate=0.0000
      cos>0.2: abs_rate=0.0000
      cos>0.3: abs_rate=0.0000

  [FIRST_LETTER] Baseline at layer 11
    First-letter baseline: 1974 tokens across 26 letters

[SAVE] /home/qhxie/AutoResearch-SibylSystem/workspaces/sae-absorption/current/exp/results/full/P2_controls.json

[DONE] success: FULL controls: 3 layers, 3552 cities, elapsed=72.6s

