============================================================
Training vgg16_bn on cifar10
WD method: cosine_schedule, base WD: 0.0005
Epochs: 200, LR: 0.001, Batch: 128
Seed: 42, Device: cuda:1
Output: /home/ccwang/sibyl-research-system/workspaces/dynamic-wd/current/exp/results/full/vgg16bn/cifar10/cosine_schedule/seed_42
============================================================
  E  0/200: loss=1.8886 tr_acc=22.08% te_acc=31.34% wn=121.86 CSI=0.0000 AIS=0.4252 BEM=-0.0001
  E 10/200: loss=0.5820 tr_acc=81.55% te_acc=79.51% wn=259.12 CSI=0.2962 AIS=0.2783 BEM=-0.0028
  E 20/200: loss=0.3421 tr_acc=89.46% te_acc=86.16% wn=340.72 CSI=0.0569 AIS=0.3563 BEM=-0.0097
  E 30/200: loss=0.2240 tr_acc=93.10% te_acc=88.59% wn=407.70 CSI=0.0911 AIS=0.2513 BEM=-0.0205
  E 40/200: loss=0.1503 tr_acc=95.36% te_acc=89.92% wn=464.57 CSI=0.1724 AIS=0.3179 BEM=-0.0351
  E 50/200: loss=0.1071 tr_acc=96.68% te_acc=89.62% wn=509.95 CSI=0.0871 AIS=0.2284 BEM=-0.0533
  E 60/200: loss=0.0767 tr_acc=97.64% te_acc=89.33% wn=545.41 CSI=0.1196 AIS=0.1328 BEM=-0.0748
  E 70/200: loss=0.0606 tr_acc=98.16% te_acc=89.92% wn=575.18 CSI=0.1406 AIS=0.1366 BEM=-0.0994
  E 80/200: loss=0.0424 tr_acc=98.76% te_acc=90.33% wn=596.86 CSI=0.1383 AIS=0.2012 BEM=-0.1266
  E 90/200: loss=0.0286 tr_acc=99.09% te_acc=90.66% wn=614.06 CSI=0.1777 AIS=0.2012 BEM=-0.1561
  E100/200: loss=0.0224 tr_acc=99.33% te_acc=91.01% wn=627.95 CSI=0.1638 AIS=0.1525 BEM=-0.1874
  E110/200: loss=0.0176 tr_acc=99.49% te_acc=91.01% wn=637.43 CSI=0.3931 AIS=0.2066 BEM=-0.2201
  E120/200: loss=0.0135 tr_acc=99.61% te_acc=91.08% wn=643.48 CSI=0.2943 AIS=0.3600 BEM=-0.2538
  E130/200: loss=0.0087 tr_acc=99.79% te_acc=91.36% wn=647.23 CSI=0.3227 AIS=0.1541 BEM=-0.2880
  E140/200: loss=0.0067 tr_acc=99.82% te_acc=91.11% wn=649.76 CSI=0.3406 AIS=0.2462 BEM=-0.3223
  E150/200: loss=0.0031 tr_acc=99.91% te_acc=91.36% wn=651.32 CSI=0.5114 AIS=0.1811 BEM=-0.3561
  E160/200: loss=0.0023 tr_acc=99.92% te_acc=91.59% wn=651.97 CSI=0.6935 AIS=0.2687 BEM=-0.3891
  E170/200: loss=0.0013 tr_acc=99.97% te_acc=91.46% wn=652.25 CSI=0.9487 AIS=0.1451 BEM=-0.4209
  E180/200: loss=0.0010 tr_acc=99.97% te_acc=91.44% wn=652.39 CSI=0.8541 AIS=0.1375 BEM=-0.4510
  E190/200: loss=0.0006 tr_acc=99.98% te_acc=91.52% wn=652.43 CSI=1.1738 AIS=0.1283 BEM=-0.4791
  E199/200: loss=0.0007 tr_acc=99.97% te_acc=91.54% wn=652.45 CSI=2.0607 AIS=0.1811 BEM=-0.5025

Done! Best: 91.62%, Time: 842.1s
