/home/ccwang/sibyl-research-system/.venv/lib/python3.12/site-packages/torchvision/datasets/cifar.py:83: VisibleDeprecationWarning: dtype(): align should be passed as Python or NumPy boolean but got `align=0`. Did you mean to pass a tuple to create a subarray type? (Deprecated NumPy 2.4)
  entry = pickle.load(f, encoding="latin1")
[INFO] Model: vgg16bn, Params: 15,299,748, Classes: 100
[INFO] Dataset: cifar100, Epochs: 50, BS: 128
[INFO] WD Method: CWD, Lambda: 0.0005
[INFO] Normalized layers detected: 26
Epoch 1/50 | LR: 0.099901 | Train Loss: 4.5678 Acc: 1.55% | Test Loss: 4.4759 Top1: 1.86%
Epoch 2/50 | LR: 0.099606 | Train Loss: 4.3832 Acc: 2.38% | Test Loss: 4.2339 Top1: 3.24%
Epoch 3/50 | LR: 0.099114 | Train Loss: 4.2521 Acc: 3.08% | Test Loss: 4.2266 Top1: 3.49%
Epoch 4/50 | LR: 0.098429 | Train Loss: 4.1523 Acc: 4.03% | Test Loss: 4.0184 Top1: 5.34%
Epoch 5/50 | LR: 0.097553 | Train Loss: 4.0434 Acc: 5.04% | Test Loss: 3.9303 Top1: 5.86%
Epoch 6/50 | LR: 0.096489 | Train Loss: 3.9173 Acc: 6.34% | Test Loss: 3.7465 Top1: 7.51%
Epoch 7/50 | LR: 0.095241 | Train Loss: 3.7575 Acc: 8.09% | Test Loss: 3.6482 Top1: 9.92%
Epoch 8/50 | LR: 0.093815 | Train Loss: 3.6036 Acc: 10.15% | Test Loss: 3.3979 Top1: 13.51%
Epoch 9/50 | LR: 0.092216 | Train Loss: 3.4408 Acc: 12.77% | Test Loss: 3.2499 Top1: 16.25%
Epoch 10/50 | LR: 0.090451 | Train Loss: 3.3160 Acc: 14.84% | Test Loss: 3.2554 Top1: 15.92%
Epoch 11/50 | LR: 0.088526 | Train Loss: 3.1827 Acc: 17.32% | Test Loss: 3.0010 Top1: 20.81%
Epoch 12/50 | LR: 0.086448 | Train Loss: 3.0921 Acc: 19.21% | Test Loss: 2.8483 Top1: 23.38%
Epoch 13/50 | LR: 0.084227 | Train Loss: 3.0061 Acc: 20.61% | Test Loss: 2.8866 Top1: 23.44%
Epoch 14/50 | LR: 0.081871 | Train Loss: 2.8798 Acc: 23.19% | Test Loss: 2.6141 Top1: 29.24%
Epoch 15/50 | LR: 0.079389 | Train Loss: 2.7698 Acc: 25.48% | Test Loss: 2.6600 Top1: 28.37%
Epoch 16/50 | LR: 0.076791 | Train Loss: 2.6556 Acc: 28.11% | Test Loss: 2.4979 Top1: 31.11%
Epoch 17/50 | LR: 0.074088 | Train Loss: 2.5669 Acc: 29.87% | Test Loss: 2.3613 Top1: 34.24%
Epoch 18/50 | LR: 0.071289 | Train Loss: 2.4519 Acc: 32.54% | Test Loss: 2.3390 Top1: 35.35%
Epoch 19/50 | LR: 0.068406 | Train Loss: 2.3768 Acc: 34.50% | Test Loss: 2.2939 Top1: 37.55%
Epoch 20/50 | LR: 0.065451 | Train Loss: 2.2827 Acc: 36.89% | Test Loss: 2.2864 Top1: 37.68%
Epoch 21/50 | LR: 0.062434 | Train Loss: 2.2215 Acc: 38.46% | Test Loss: 2.2007 Top1: 39.65%
Epoch 22/50 | LR: 0.059369 | Train Loss: 2.1475 Acc: 40.11% | Test Loss: 2.1718 Top1: 41.45%
Epoch 23/50 | LR: 0.056267 | Train Loss: 2.0921 Acc: 41.66% | Test Loss: 2.0960 Top1: 42.91%
Epoch 24/50 | LR: 0.053140 | Train Loss: 2.0452 Acc: 43.45% | Test Loss: 2.0074 Top1: 45.14%
Epoch 25/50 | LR: 0.050000 | Train Loss: 2.0014 Acc: 44.52% | Test Loss: 2.0219 Top1: 44.85%
Epoch 26/50 | LR: 0.046860 | Train Loss: 1.9191 Acc: 46.58% | Test Loss: 1.8755 Top1: 47.50%
Epoch 27/50 | LR: 0.043733 | Train Loss: 1.8630 Acc: 47.96% | Test Loss: 1.9218 Top1: 47.62%
Epoch 28/50 | LR: 0.040631 | Train Loss: 1.7882 Acc: 49.80% | Test Loss: 1.8378 Top1: 49.97%
Epoch 29/50 | LR: 0.037566 | Train Loss: 1.7071 Acc: 51.97% | Test Loss: 1.8484 Top1: 50.23%
Epoch 30/50 | LR: 0.034549 | Train Loss: 1.6353 Acc: 53.49% | Test Loss: 1.7850 Top1: 51.17%
Epoch 31/50 | LR: 0.031594 | Train Loss: 1.5896 Acc: 54.85% | Test Loss: 1.8626 Top1: 50.58%
Epoch 32/50 | LR: 0.028711 | Train Loss: 1.5831 Acc: 55.38% | Test Loss: 1.7815 Top1: 52.76%
Epoch 33/50 | LR: 0.025912 | Train Loss: 1.4936 Acc: 57.77% | Test Loss: 1.9512 Top1: 49.04%
Epoch 34/50 | LR: 0.023209 | Train Loss: 1.4521 Acc: 58.89% | Test Loss: 1.6866 Top1: 55.20%
Epoch 35/50 | LR: 0.020611 | Train Loss: 1.3676 Acc: 61.03% | Test Loss: 1.6694 Top1: 55.80%
Epoch 36/50 | LR: 0.018129 | Train Loss: 1.3276 Acc: 62.20% | Test Loss: 1.6853 Top1: 54.82%
Epoch 37/50 | LR: 0.015773 | Train Loss: 1.2932 Acc: 62.99% | Test Loss: 1.6409 Top1: 56.81%
Epoch 38/50 | LR: 0.013552 | Train Loss: 1.2312 Acc: 64.57% | Test Loss: 1.5984 Top1: 58.27%
Epoch 39/50 | LR: 0.011474 | Train Loss: 1.2004 Acc: 65.58% | Test Loss: 1.6119 Top1: 57.62%
Epoch 40/50 | LR: 0.009549 | Train Loss: 1.1212 Acc: 67.32% | Test Loss: 1.5851 Top1: 58.98%
Epoch 41/50 | LR: 0.007784 | Train Loss: 1.0845 Acc: 68.59% | Test Loss: 1.5751 Top1: 59.44%
Epoch 42/50 | LR: 0.006185 | Train Loss: 1.0391 Acc: 69.72% | Test Loss: 1.5801 Top1: 59.87%
Epoch 43/50 | LR: 0.004759 | Train Loss: 1.0064 Acc: 70.64% | Test Loss: 1.5815 Top1: 60.34%
Epoch 44/50 | LR: 0.003511 | Train Loss: 0.9806 Acc: 71.29% | Test Loss: 1.5718 Top1: 60.30%
Epoch 45/50 | LR: 0.002447 | Train Loss: 0.9490 Acc: 72.17% | Test Loss: 1.5682 Top1: 60.58%
Epoch 46/50 | LR: 0.001571 | Train Loss: 0.9225 Acc: 72.89% | Test Loss: 1.5861 Top1: 60.54%
Epoch 47/50 | LR: 0.000886 | Train Loss: 0.9067 Acc: 73.18% | Test Loss: 1.5879 Top1: 60.96%
Epoch 48/50 | LR: 0.000394 | Train Loss: 0.8980 Acc: 73.35% | Test Loss: 1.5986 Top1: 60.94%
Epoch 49/50 | LR: 0.000099 | Train Loss: 0.8884 Acc: 73.71% | Test Loss: 1.5896 Top1: 60.81%
Epoch 50/50 | LR: 0.000000 | Train Loss: 0.8861 Acc: 74.02% | Test Loss: 1.5877 Top1: 60.80%

[DONE] Best Top1: 60.96%, Time: 5.2 min
[DONE] Results saved to /home/ccwang/sibyl-research-system/workspaces/dynamic-wd/current/exp/results/cifar100_vgg16bn_full/CWD_seed42/default_results.json
