\BOOKMARK [1][-]{section.1}{\376\377\000I\000n\000t\000r\000o\000d\000u\000c\000t\000i\000o\000n}{}% 1
\BOOKMARK [1][-]{section.2}{\376\377\000B\000a\000c\000k\000g\000r\000o\000u\000n\000d\000\040\000a\000n\000d\000\040\000R\000e\000l\000a\000t\000e\000d\000\040\000W\000o\000r\000k}{}% 2
\BOOKMARK [2][-]{subsection.2.1}{\376\377\000W\000D\000\040\000S\000c\000h\000e\000d\000u\000l\000i\000n\000g}{section.2}% 3
\BOOKMARK [2][-]{subsection.2.2}{\376\377\000A\000l\000i\000g\000n\000m\000e\000n\000t\000-\000A\000w\000a\000r\000e\000\040\000W\000D}{section.2}% 4
\BOOKMARK [2][-]{subsection.2.3}{\376\377\000D\000e\000c\000o\000u\000p\000l\000e\000d\000\040\000W\000D}{section.2}% 5
\BOOKMARK [2][-]{subsection.2.4}{\376\377\000N\000o\000r\000m\000-\000M\000a\000t\000c\000h\000e\000d\000\040\000W\000D}{section.2}% 6
\BOOKMARK [2][-]{subsection.2.5}{\376\377\000T\000h\000e\000o\000r\000e\000t\000i\000c\000a\000l\000\040\000F\000o\000u\000n\000d\000a\000t\000i\000o\000n\000s}{section.2}% 7
\BOOKMARK [2][-]{subsection.2.6}{\376\377\000D\000i\000s\000t\000i\000n\000c\000t\000i\000o\000n\000\040\000f\000r\000o\000m\000\040\000P\000I\000D\000A\000O}{section.2}% 8
\BOOKMARK [2][-]{subsection.2.7}{\376\377\000T\000h\000e\000\040\000S\000h\000a\000r\000e\000d\000\040\000C\000o\000n\000t\000r\000o\000l\000\040\000V\000a\000r\000i\000a\000b\000l\000e}{section.2}% 9
\BOOKMARK [1][-]{section.3}{\376\377\000U\000n\000i\000f\000i\000e\000d\000\040\000F\000e\000e\000d\000b\000a\000c\000k\000\040\000C\000o\000n\000t\000r\000o\000l\000\040\000F\000r\000a\000m\000e\000w\000o\000r\000k}{}% 10
\BOOKMARK [2][-]{subsection.3.1}{\376\377\000T\000h\000e\000\040\000G\000r\000a\000d\000i\000e\000n\000t\000-\000t\000o\000-\000W\000e\000i\000g\000h\000t\000\040\000R\000a\000t\000i\000o\000\040\000a\000s\000\040\000C\000o\000n\000t\000r\000o\000l\000\040\000V\000a\000r\000i\000a\000b\000l\000e}{section.3}% 11
\BOOKMARK [2][-]{subsection.3.2}{\376\377\000P\000I\000D\000\040\000C\000o\000n\000t\000r\000o\000l\000\040\000L\000a\000w\000\040\000P\000a\000r\000a\000m\000e\000t\000e\000r\000i\000z\000a\000t\000i\000o\000n}{section.3}% 12
\BOOKMARK [2][-]{subsection.3.3}{\376\377\000U\000D\000W\000D\000C\000:\000\040\000A\000\040\000S\000i\000m\000p\000l\000e\000\040\000P\000r\000o\000p\000o\000r\000t\000i\000o\000n\000a\000l\000\040\000C\000o\000n\000t\000r\000o\000l\000l\000e\000r}{section.3}% 13
\BOOKMARK [1][-]{section.4}{\376\377\000T\000h\000e\000o\000r\000e\000t\000i\000c\000a\000l\000\040\000A\000n\000a\000l\000y\000s\000i\000s}{}% 14
\BOOKMARK [1][-]{section.5}{\376\377\000S\000t\000a\000n\000d\000a\000r\000d\000i\000z\000e\000d\000\040\000E\000v\000a\000l\000u\000a\000t\000i\000o\000n\000\040\000M\000e\000t\000r\000i\000c\000s}{}% 15
\BOOKMARK [2][-]{subsection.5.1}{\376\377\000B\000u\000d\000g\000e\000t\000\040\000E\000q\000u\000i\000v\000a\000l\000e\000n\000c\000e\000\040\000M\000e\000t\000r\000i\000c\000\040\000\050\000B\000E\000M\000\051}{section.5}% 16
\BOOKMARK [2][-]{subsection.5.2}{\376\377\000C\000o\000u\000p\000l\000i\000n\000g\000\040\000S\000t\000a\000b\000i\000l\000i\000t\000y\000\040\000I\000n\000d\000e\000x\000\040\000\050\000C\000S\000I\000\051}{section.5}% 17
\BOOKMARK [2][-]{subsection.5.3}{\376\377\000A\000l\000i\000g\000n\000m\000e\000n\000t\000\040\000I\000n\000f\000o\000r\000m\000a\000t\000i\000v\000e\000n\000e\000s\000s\000\040\000S\000c\000o\000r\000e\000\040\000\050\000A\000I\000S\000\051}{section.5}% 18
\BOOKMARK [1][-]{section.6}{\376\377\000E\000x\000p\000e\000r\000i\000m\000e\000n\000t\000s}{}% 19
\BOOKMARK [2][-]{subsection.6.1}{\376\377\000E\000x\000p\000e\000r\000i\000m\000e\000n\000t\000a\000l\000\040\000S\000e\000t\000u\000p}{section.6}% 20
\BOOKMARK [2][-]{subsection.6.2}{\376\377\000C\000I\000F\000A\000R\000-\0001\0000\000\040\000D\000i\000a\000g\000n\000o\000s\000t\000i\000c\000\040\000R\000e\000s\000u\000l\000t\000s}{section.6}% 21
\BOOKMARK [2][-]{subsection.6.3}{\376\377\000U\000D\000W\000D\000C\000\040\000G\000a\000i\000n\000\040\000A\000b\000l\000a\000t\000i\000o\000n\000\040\000\050\000C\000I\000F\000A\000R\000-\0001\0000\0000\000/\000V\000G\000G\000-\0001\0006\000-\000B\000N\000\051}{section.6}% 22
\BOOKMARK [2][-]{subsection.6.4}{\376\377\000A\000l\000i\000g\000n\000m\000e\000n\000t\000\040\000S\000i\000g\000n\000a\000l\000\040\000Q\000u\000a\000l\000i\000t\000y\000:\000\040\000B\000a\000t\000c\000h\000-\000S\000i\000z\000e\000\040\000S\000w\000e\000e\000p}{section.6}% 23
\BOOKMARK [2][-]{subsection.6.5}{\376\377\000I\000m\000a\000g\000e\000N\000e\000t\000\040\000M\000a\000i\000n\000\040\000R\000e\000s\000u\000l\000t\000s\000\040\000\050\000R\000e\000s\000N\000e\000t\000-\0005\0000\000,\000\040\0009\0000\000\040\000e\000p\000o\000c\000h\000s\000\051}{section.6}% 24
\BOOKMARK [2][-]{subsection.6.6}{\376\377\000T\000e\000m\000p\000o\000r\000a\000l\000\040\000P\000r\000e\000d\000i\000c\000t\000a\000b\000i\000l\000i\000t\000y\000\040\000o\000f\000\040\000A\000l\000i\000g\000n\000m\000e\000n\000t\000\040\000\050\000H\0007\000\051}{section.6}% 25
\BOOKMARK [2][-]{subsection.6.7}{\376\377\000C\000S\000I\000\040\000S\000t\000a\000b\000i\000l\000i\000t\000y\000\040\000A\000n\000a\000l\000y\000s\000i\000s}{section.6}% 26
\BOOKMARK [1][-]{section.7}{\376\377\000D\000i\000s\000c\000u\000s\000s\000i\000o\000n}{}% 27
\BOOKMARK [2][-]{subsection.7.1}{\376\377\000U\000n\000i\000f\000i\000c\000a\000t\000i\000o\000n\000\040\000W\000o\000r\000k\000s\000\040\000a\000t\000\040\000t\000h\000e\000\040\000F\000a\000m\000i\000l\000y\000\040\000L\000e\000v\000e\000l}{section.7}% 28
\BOOKMARK [2][-]{subsection.7.2}{\376\377\000B\000E\000M\000\040\000R\000e\000v\000e\000a\000l\000s\000\040\000H\000i\000d\000d\000e\000n\000\040\000C\000o\000s\000t\000-\000E\000f\000f\000e\000c\000t\000i\000v\000e\000n\000e\000s\000s\000\040\000D\000i\000f\000f\000e\000r\000e\000n\000c\000e\000s}{section.7}% 29
\BOOKMARK [2][-]{subsection.7.3}{\376\377\000T\000h\000e\000\040\000C\000W\000D\000\040\000M\000a\000g\000n\000i\000t\000u\000d\000e\000\040\000C\000o\000n\000f\000o\000u\000n\000d}{section.7}% 30
\BOOKMARK [2][-]{subsection.7.4}{\376\377\000U\000D\000W\000D\000C\000\040\000I\000n\000s\000t\000a\000b\000i\000l\000i\000t\000y\000\040\000I\000s\000\040\000a\000\040\000G\000e\000n\000u\000i\000n\000e\000\040\000F\000i\000n\000d\000i\000n\000g}{section.7}% 31
\BOOKMARK [2][-]{subsection.7.5}{\376\377\000A\000l\000i\000g\000n\000m\000e\000n\000t\000\040\000S\000i\000g\000n\000a\000l\000\040\000Q\000u\000a\000l\000i\000t\000y\000\040\000I\000s\000\040\000B\000a\000t\000c\000h\000-\000S\000i\000z\000e\000\040\000D\000e\000p\000e\000n\000d\000e\000n\000t}{section.7}% 32
\BOOKMARK [2][-]{subsection.7.6}{\376\377\000N\000e\000g\000a\000t\000i\000v\000e\000\040\000R\000e\000s\000u\000l\000t\000s}{section.7}% 33
\BOOKMARK [2][-]{subsection.7.7}{\376\377\000L\000i\000m\000i\000t\000a\000t\000i\000o\000n\000s}{section.7}% 34
\BOOKMARK [2][-]{subsection.7.8}{\376\377\000F\000u\000t\000u\000r\000e\000\040\000W\000o\000r\000k}{section.7}% 35
\BOOKMARK [1][-]{section.8}{\376\377\000C\000o\000n\000c\000l\000u\000s\000i\000o\000n}{}% 36
