============================================================
Training resnet20_nobn on cifar10
WD method: constant, base WD: 0.0005
Epochs: 200, LR: 0.0005, Batch: 128
Seed: 42, Device: cuda:7
Output: /home/ccwang/sibyl-research-system/workspaces/dynamic-wd/current/exp/results/full/nobn/cifar10/resnet20_nobn/constant/seed_42
============================================================
  E  0/200: loss=1.8692 tr_acc=29.01% te_acc=37.92% wn=17.98 CSI=0.0000 AIS=0.3299 BEM=0.0000
  E 10/200: loss=0.7939 tr_acc=71.83% te_acc=72.72% wn=26.74 CSI=0.3501 AIS=0.4754 BEM=0.0000
  E 20/200: loss=0.5331 tr_acc=81.42% te_acc=79.74% wn=31.80 CSI=0.1072 AIS=0.5045 BEM=0.0000
  E 30/200: loss=0.4093 tr_acc=85.85% te_acc=83.11% wn=35.81 CSI=0.0536 AIS=0.4837 BEM=0.0000
  E 40/200: loss=0.3268 tr_acc=88.48% te_acc=84.32% wn=39.15 CSI=0.0621 AIS=0.5060 BEM=0.0000
  E 50/200: loss=0.2698 tr_acc=90.30% te_acc=85.72% wn=41.85 CSI=0.0830 AIS=0.4429 BEM=0.0000
  E 60/200: loss=0.2272 tr_acc=91.85% te_acc=86.43% wn=44.13 CSI=0.0722 AIS=0.5152 BEM=0.0000
  E 70/200: loss=0.1875 tr_acc=93.36% te_acc=86.62% wn=45.94 CSI=0.0738 AIS=0.3927 BEM=0.0000
  E 80/200: loss=0.1544 tr_acc=94.43% te_acc=86.60% wn=47.40 CSI=0.0744 AIS=0.4631 BEM=0.0000
  E 90/200: loss=0.1327 tr_acc=95.16% te_acc=86.01% wn=48.49 CSI=0.1197 AIS=0.5559 BEM=0.0000
  E100/200: loss=0.1088 tr_acc=96.13% te_acc=86.52% wn=49.32 CSI=0.1192 AIS=0.5581 BEM=0.0000
  E110/200: loss=0.0855 tr_acc=96.95% te_acc=86.74% wn=49.95 CSI=0.1254 AIS=0.4557 BEM=0.0000
  E120/200: loss=0.0737 tr_acc=97.43% te_acc=87.01% wn=50.36 CSI=0.1672 AIS=0.4999 BEM=0.0000
  E130/200: loss=0.0567 tr_acc=97.96% te_acc=87.50% wn=50.65 CSI=0.1564 AIS=0.4696 BEM=0.0000
  E140/200: loss=0.0452 tr_acc=98.38% te_acc=87.43% wn=50.83 CSI=0.2017 AIS=0.3821 BEM=0.0000
  E150/200: loss=0.0344 tr_acc=98.82% te_acc=87.95% wn=50.93 CSI=0.2331 AIS=0.5371 BEM=0.0000
  E160/200: loss=0.0275 tr_acc=99.04% te_acc=87.54% wn=50.99 CSI=0.2348 AIS=0.4153 BEM=0.0000
  E170/200: loss=0.0227 tr_acc=99.22% te_acc=87.89% wn=51.03 CSI=0.2678 AIS=0.5849 BEM=0.0000
  E180/200: loss=0.0190 tr_acc=99.36% te_acc=87.75% wn=51.05 CSI=0.3518 AIS=0.4267 BEM=0.0000
  E190/200: loss=0.0169 tr_acc=99.43% te_acc=87.71% wn=51.05 CSI=0.4091 AIS=0.3091 BEM=0.0000
  E199/200: loss=0.0157 tr_acc=99.49% te_acc=87.74% wn=51.06 CSI=0.7960 AIS=0.5919 BEM=0.0000

Done! Best: 87.97%, Time: 2594.8s
