
Loading checkpoint shards:   0%|          | 0/6 [00:00<?, ?it/s]
Loading checkpoint shards:  17%|█▋        | 1/6 [00:00<00:00,  6.90it/s]
Loading checkpoint shards:  33%|███▎      | 2/6 [00:00<00:00,  7.43it/s]
Loading checkpoint shards:  50%|█████     | 3/6 [00:00<00:00,  7.42it/s]
Loading checkpoint shards:  67%|██████▋   | 4/6 [00:00<00:00,  7.71it/s]
Loading checkpoint shards:  83%|████████▎ | 5/6 [00:00<00:00,  7.97it/s]
Loading checkpoint shards: 100%|██████████| 6/6 [00:00<00:00,  8.11it/s]
Loading checkpoint shards: 100%|██████████| 6/6 [00:00<00:00,  7.83it/s]
Traceback (most recent call last):
  File "/home/qhxie/AutoResearch-SibylSystem/workspaces/dlm-acceleration/iter_002/exp/code/batch_sensitivity.py", line 942, in <module>
    main()
  File "/home/qhxie/AutoResearch-SibylSystem/workspaces/dlm-acceleration/iter_002/exp/code/batch_sensitivity.py", line 741, in main
    "vram_total_mb": int(torch.cuda.get_device_properties(0).total_mem / 1024**2),
AttributeError: 'torch._C._CudaDeviceProperties' object has no attribute 'total_mem'. Did you mean: 'total_memory'?

ERROR conda.cli.main_run:execute(127): `conda run python batch_sensitivity.py` failed. (See above for error)
[batch_sensitivity] Starting at 2026-04-16T09:21:49.472461
[batch_sensitivity] GPU: NVIDIA RTX PRO 6000 Blackwell Server Edition
[batch_sensitivity] Batch sizes: [1, 4, 8]
[batch_sensitivity] Configs: ['M1+IGSD (pairwise)', 'M1+IGSD+M3 (three-way)']

[batch_sensitivity] Loading LLaDA-8B-Instruct from /home/qhxie/AutoResearch-SibylSystem/workspaces/dlm-acceleration/shared/checkpoints/llada-8b-instruct...
[batch_sensitivity] Model VRAM: 15289 MB
[batch_sensitivity] Loaded 100 GSM8K samples

======================================================================
Config: M1+IGSD (pairwise) (M1_eta0.5+IGSD_tau0.85_td32)
======================================================================

--- Batch size = 1 (1/6) ---
  [bs=1] 20/100: acc=0.400, tps=99.9
  [bs=1] 40/100: acc=0.400, tps=99.1
  [bs=1] 60/100: acc=0.433, tps=98.5
  [bs=1] 80/100: acc=0.438, tps=96.2
  [bs=1] 100/100: acc=0.450, tps=96.2
  Results: acc=0.450, tps=96.2, speedup=1.64x, acc_ret=0.616, qas=1.014, ortho=0.864, latency=2.717s/sample, gpu_util=0%

--- Batch size = 4 (2/6) ---
  [bs=4] 20/100: acc=0.450, tps=67.2
  [bs=4] 40/100: acc=0.475, tps=52.7
  [bs=4] 60/100: acc=0.467, tps=55.9
  [bs=4] 80/100: acc=0.487, tps=55.7
  [bs=4] 100/100: acc=0.500, tps=56.2
  Results: acc=0.500, tps=56.2, speedup=0.96x, acc_ret=0.685, qas=0.659, ortho=0.561, latency=4.768s/sample, gpu_util=0%

--- Batch size = 8 (3/6) ---
  [bs=8] 40/100: acc=0.475, tps=54.8
  [bs=8] 80/100: acc=0.487, tps=49.4
  [bs=8] 100/100: acc=0.510, tps=50.7
  Results: acc=0.510, tps=50.7, speedup=0.87x, acc_ret=0.699, qas=0.606, ortho=0.516, latency=5.343s/sample, gpu_util=0%

======================================================================
Config: M1+IGSD+M3 (three-way) (M1_eta0.5+IGSD_tau0.85_td32+M3_gw00)
======================================================================

--- Batch size = 1 (4/6) ---
  [bs=1] 20/100: acc=0.400, tps=99.8
  [bs=1] 40/100: acc=0.400, tps=99.1
  [bs=1] 60/100: acc=0.433, tps=98.5
  [bs=1] 80/100: acc=0.438, tps=96.2
  [bs=1] 100/100: acc=0.450, tps=96.2
  Results: acc=0.450, tps=96.2, speedup=1.64x, acc_ret=0.616, qas=1.014, ortho=0.864, latency=2.717s/sample, gpu_util=0%

--- Batch size = 4 (5/6) ---
  [bs=4] 20/100: acc=0.450, tps=67.2
  [bs=4] 40/100: acc=0.475, tps=52.7
  [bs=4] 60/100: acc=0.467, tps=55.9
  [bs=4] 80/100: acc=0.487, tps=55.7
  [bs=4] 100/100: acc=0.500, tps=56.2
  Results: acc=0.500, tps=56.2, speedup=0.96x, acc_ret=0.685, qas=0.659, ortho=0.561, latency=4.768s/sample, gpu_util=0%

--- Batch size = 8 (6/6) ---
  [bs=8] 40/100: acc=0.475, tps=54.8
  [bs=8] 80/100: acc=0.487, tps=49.4
  [bs=8] 100/100: acc=0.510, tps=50.7
  Results: acc=0.510, tps=50.7, speedup=0.87x, acc_ret=0.699, qas=0.606, ortho=0.516, latency=5.343s/sample, gpu_util=0%

