
Loading checkpoint shards:   0%|          | 0/6 [00:00<?, ?it/s]
Loading checkpoint shards:  17%|█▋        | 1/6 [00:00<00:00,  6.90it/s]
Loading checkpoint shards:  33%|███▎      | 2/6 [00:00<00:00,  7.24it/s]
Loading checkpoint shards:  50%|█████     | 3/6 [00:00<00:00,  7.30it/s]
Loading checkpoint shards:  67%|██████▋   | 4/6 [00:00<00:00,  7.60it/s]
Loading checkpoint shards:  83%|████████▎ | 5/6 [00:00<00:00,  7.83it/s]
Loading checkpoint shards: 100%|██████████| 6/6 [00:00<00:00,  7.83it/s]
Loading checkpoint shards: 100%|██████████| 6/6 [00:00<00:00,  7.63it/s]

[batch_sensitivity] Starting at 2026-04-16T10:12:15.774271
[batch_sensitivity] GPU: NVIDIA RTX PRO 6000 Blackwell Server Edition
[batch_sensitivity] Batch sizes: [1, 4, 8]
[batch_sensitivity] Configs: ['M1+IGSD (pairwise)', 'M1+IGSD+M3 (three-way)']

[batch_sensitivity] Loading LLaDA-8B-Instruct from /home/qhxie/AutoResearch-SibylSystem/workspaces/dlm-acceleration/shared/checkpoints/llada-8b-instruct...
[batch_sensitivity] Model VRAM: 15289 MB
[batch_sensitivity] Loaded 100 GSM8K samples

======================================================================
Config: M1+IGSD (pairwise) (M1_eta0.5+IGSD_tau0.85_td32)
======================================================================

--- Batch size = 1 (1/6) ---
  [bs=1] 20/100: acc=0.400, tps=99.9
  [bs=1] 40/100: acc=0.400, tps=99.1
  [bs=1] 60/100: acc=0.433, tps=98.5
  [bs=1] 80/100: acc=0.438, tps=96.2
  [bs=1] 100/100: acc=0.450, tps=96.2
  Results: acc=0.450, tps=96.2, speedup=1.64x, acc_ret=0.616, qas=1.014, ortho=0.864, latency=2.717s/sample, gpu_util=0%

--- Batch size = 4 (2/6) ---
  [bs=4] 20/100: acc=0.450, tps=67.2
  [bs=4] 40/100: acc=0.475, tps=52.7
  [bs=4] 60/100: acc=0.467, tps=55.9
  [bs=4] 80/100: acc=0.487, tps=55.7
  [bs=4] 100/100: acc=0.500, tps=56.3
  Results: acc=0.500, tps=56.3, speedup=0.96x, acc_ret=0.685, qas=0.659, ortho=0.561, latency=4.767s/sample, gpu_util=25%

--- Batch size = 8 (3/6) ---
  [bs=8] 40/100: acc=0.475, tps=54.8
  [bs=8] 80/100: acc=0.487, tps=49.3
  [bs=8] 100/100: acc=0.510, tps=50.7
  Results: acc=0.510, tps=50.7, speedup=0.87x, acc_ret=0.699, qas=0.605, ortho=0.516, latency=5.345s/sample, gpu_util=74%

======================================================================
Config: M1+IGSD+M3 (three-way) (M1_eta0.5+IGSD_tau0.85_td32+M3_gw00)
======================================================================

--- Batch size = 1 (4/6) ---
  [bs=1] 20/100: acc=0.400, tps=99.8
  [bs=1] 40/100: acc=0.400, tps=99.0
  [bs=1] 60/100: acc=0.433, tps=98.4
  [bs=1] 80/100: acc=0.438, tps=96.1
  [bs=1] 100/100: acc=0.450, tps=96.1
  Results: acc=0.450, tps=96.1, speedup=1.64x, acc_ret=0.616, qas=1.013, ortho=0.863, latency=2.719s/sample, gpu_util=74%

--- Batch size = 4 (5/6) ---
  [bs=4] 20/100: acc=0.450, tps=67.2
  [bs=4] 40/100: acc=0.475, tps=52.6
  [bs=4] 60/100: acc=0.467, tps=55.8
  [bs=4] 80/100: acc=0.487, tps=55.7
  [bs=4] 100/100: acc=0.500, tps=56.2
  Results: acc=0.500, tps=56.2, speedup=0.96x, acc_ret=0.685, qas=0.658, ortho=0.561, latency=4.769s/sample, gpu_util=74%

--- Batch size = 8 (6/6) ---
  [bs=8] 40/100: acc=0.475, tps=54.8
  [bs=8] 80/100: acc=0.487, tps=49.4
  [bs=8] 100/100: acc=0.510, tps=50.7
  Results: acc=0.510, tps=50.7, speedup=0.87x, acc_ret=0.699, qas=0.606, ortho=0.516, latency=5.344s/sample, gpu_util=73%

[batch_sensitivity] Results saved to /home/qhxie/AutoResearch-SibylSystem/workspaces/dlm-acceleration/current/exp/results/batch_sensitivity/batch_sensitivity.json

======================================================================
BATCH SENSITIVITY SUMMARY
======================================================================
Pass criteria met: False
  M1+IGSD (pairwise)             bs=1: acc=0.450, tps=96, speedup=1.65x, qas=1.014, ortho=0.864, lat=2.717s
  M1+IGSD (pairwise)             bs=4: acc=0.500, tps=56, speedup=0.96x, qas=0.659, ortho=0.561, lat=4.767s
  M1+IGSD (pairwise)             bs=8: acc=0.510, tps=51, speedup=0.87x, qas=0.605, ortho=0.516, lat=5.345s
  M1+IGSD+M3 (three-way)         bs=1: acc=0.450, tps=96, speedup=1.64x, qas=1.013, ortho=0.863, lat=2.719s
  M1+IGSD+M3 (three-way)         bs=4: acc=0.500, tps=56, speedup=0.96x, qas=0.658, ortho=0.561, lat=4.769s
  M1+IGSD+M3 (three-way)         bs=8: acc=0.510, tps=51, speedup=0.87x, qas=0.606, ortho=0.516, lat=5.344s

  M1+IGSD (pairwise): TPS scaling: bs1=96, bs4=56 (0.6x), bs8=51 (0.5x)

  M1+IGSD+M3 (three-way): TPS scaling: bs1=96, bs4=56 (0.6x), bs8=51 (0.5x)

[batch_sensitivity] Completed in 45.6 minutes.

