============================================================
Training vgg16_bn on cifar10
WD method: swd, base WD: 0.0005
Epochs: 200, LR: 0.001, Batch: 128
Seed: 456, Device: cuda:1
Output: /home/ccwang/sibyl-research-system/workspaces/dynamic-wd/current/exp/results/full/vgg16bn/cifar10/swd/seed_456
============================================================
  E  0/200: loss=1.8953 tr_acc=20.57% te_acc=26.32% wn=120.72 CSI=0.0000 AIS=0.4626 BEM=-0.9000
  E 10/200: loss=0.5600 tr_acc=82.40% te_acc=80.88% wn=257.90 CSI=0.2868 AIS=0.2836 BEM=-0.9000
  E 20/200: loss=0.3383 tr_acc=89.54% te_acc=86.59% wn=340.91 CSI=0.0644 AIS=0.0932 BEM=-0.9000
  E 30/200: loss=0.2208 tr_acc=93.14% te_acc=88.85% wn=410.98 CSI=0.0920 AIS=0.2123 BEM=-0.9000
  E 40/200: loss=0.1495 tr_acc=95.53% te_acc=89.14% wn=468.85 CSI=0.1382 AIS=0.2064 BEM=-0.9000
  E 50/200: loss=0.1012 tr_acc=96.95% te_acc=89.68% wn=514.72 CSI=0.1700 AIS=0.2209 BEM=-0.9000
  E 60/200: loss=0.0696 tr_acc=97.88% te_acc=90.30% wn=551.29 CSI=0.1950 AIS=0.2452 BEM=-0.9000
  E 70/200: loss=0.0520 tr_acc=98.47% te_acc=90.37% wn=581.31 CSI=0.1965 AIS=0.2755 BEM=-0.9000
  E 80/200: loss=0.0392 tr_acc=98.83% te_acc=90.88% wn=602.46 CSI=0.1047 AIS=0.2675 BEM=-0.9000
  E 90/200: loss=0.0306 tr_acc=99.08% te_acc=90.70% wn=619.62 CSI=0.1460 AIS=0.1541 BEM=-0.9000
  E100/200: loss=0.0207 tr_acc=99.38% te_acc=91.30% wn=633.41 CSI=0.2565 AIS=0.1215 BEM=-0.9000
  E110/200: loss=0.0156 tr_acc=99.59% te_acc=91.27% wn=642.82 CSI=0.2166 AIS=0.1541 BEM=-0.9000
  E120/200: loss=0.0113 tr_acc=99.67% te_acc=91.47% wn=648.78 CSI=0.2768 AIS=0.2869 BEM=-0.9000
  E130/200: loss=0.0067 tr_acc=99.81% te_acc=91.65% wn=653.43 CSI=1.4477 AIS=0.2213 BEM=-0.9000
  E140/200: loss=0.0048 tr_acc=99.87% te_acc=91.79% wn=655.62 CSI=0.3000 AIS=0.2479 BEM=-0.9000
  E150/200: loss=0.0038 tr_acc=99.88% te_acc=91.76% wn=657.10 CSI=0.4279 AIS=0.2123 BEM=-0.9000
  E160/200: loss=0.0017 tr_acc=99.94% te_acc=91.95% wn=657.82 CSI=0.4736 AIS=0.2281 BEM=-0.9000
  E170/200: loss=0.0015 tr_acc=99.95% te_acc=92.11% wn=658.06 CSI=0.7621 AIS=0.2154 BEM=-0.9000
  E180/200: loss=0.0010 tr_acc=99.97% te_acc=92.18% wn=658.17 CSI=1.2323 AIS=0.1248 BEM=-0.9000
  E190/200: loss=0.0008 tr_acc=99.98% te_acc=92.32% wn=658.17 CSI=1.2940 AIS=0.2431 BEM=-0.9000
  E199/200: loss=0.0006 tr_acc=99.98% te_acc=92.25% wn=658.17 CSI=1.2018 AIS=0.2415 BEM=-0.9000

Done! Best: 92.37%, Time: 903.5s
