============================================================
Training vgg16_bn on cifar10
WD method: constant, base WD: 0.0005
Epochs: 200, LR: 0.001, Batch: 128
Seed: 123, Device: cuda:1
Output: /home/ccwang/sibyl-research-system/workspaces/dynamic-wd/current/exp/results/full/vgg16bn/cifar10/constant/seed_123
============================================================
  E  0/200: loss=1.9176 tr_acc=20.70% te_acc=27.38% wn=121.75 CSI=0.0000 AIS=0.4470 BEM=0.0000
  E 10/200: loss=0.5955 tr_acc=81.03% te_acc=79.81% wn=257.84 CSI=0.2798 AIS=0.2920 BEM=0.0000
  E 20/200: loss=0.3586 tr_acc=88.81% te_acc=84.19% wn=338.32 CSI=0.0730 AIS=0.2726 BEM=0.0000
  E 30/200: loss=0.2390 tr_acc=92.59% te_acc=87.60% wn=406.45 CSI=0.0584 AIS=0.2401 BEM=0.0000
  E 40/200: loss=0.1646 tr_acc=95.03% te_acc=88.82% wn=462.57 CSI=0.0919 AIS=0.1521 BEM=0.0000
  E 50/200: loss=0.1206 tr_acc=96.50% te_acc=89.40% wn=508.48 CSI=0.0633 AIS=0.2268 BEM=0.0000
  E 60/200: loss=0.0808 tr_acc=97.59% te_acc=89.66% wn=547.51 CSI=0.1886 AIS=0.3402 BEM=0.0000
  E 70/200: loss=0.0582 tr_acc=98.20% te_acc=89.79% wn=577.02 CSI=0.2833 AIS=0.2595 BEM=0.0000
  E 80/200: loss=0.0418 tr_acc=98.72% te_acc=90.20% wn=599.91 CSI=0.2499 AIS=0.2123 BEM=0.0000
  E 90/200: loss=0.0323 tr_acc=99.05% te_acc=90.59% wn=618.42 CSI=0.1841 AIS=0.1934 BEM=0.0000
  E100/200: loss=0.0269 tr_acc=99.21% te_acc=90.62% wn=631.06 CSI=0.1953 AIS=0.2948 BEM=0.0000
  E110/200: loss=0.0188 tr_acc=99.46% te_acc=91.28% wn=640.69 CSI=0.2226 AIS=0.2449 BEM=0.0000
  E120/200: loss=0.0148 tr_acc=99.60% te_acc=90.95% wn=647.00 CSI=0.1986 AIS=0.1541 BEM=0.0000
  E130/200: loss=0.0093 tr_acc=99.74% te_acc=91.39% wn=651.12 CSI=0.1992 AIS=0.2428 BEM=0.0000
  E140/200: loss=0.0074 tr_acc=99.78% te_acc=91.54% wn=653.61 CSI=0.2261 AIS=0.1937 BEM=0.0000
  E150/200: loss=0.0039 tr_acc=99.89% te_acc=91.42% wn=654.73 CSI=0.6035 AIS=0.2122 BEM=0.0000
  E160/200: loss=0.0029 tr_acc=99.91% te_acc=91.64% wn=655.07 CSI=0.9876 AIS=0.2307 BEM=0.0000
  E170/200: loss=0.0012 tr_acc=99.97% te_acc=91.83% wn=655.23 CSI=1.1369 AIS=0.2506 BEM=0.0000
  E180/200: loss=0.0012 tr_acc=99.96% te_acc=91.96% wn=655.32 CSI=1.1736 AIS=0.3186 BEM=0.0000
  E190/200: loss=0.0013 tr_acc=99.97% te_acc=91.98% wn=655.35 CSI=0.9278 AIS=0.2255 BEM=0.0000
  E199/200: loss=0.0007 tr_acc=99.98% te_acc=91.94% wn=655.35 CSI=1.9111 AIS=0.2338 BEM=0.0000

Done! Best: 92.00%, Time: 766.7s
