============================================================
Training resnet20 on cifar10 [SGD]
WD method: no_wd, base WD: 0.005
Epochs: 200, LR: 0.01, Batch: 128
Seed: 42, Device: cuda:4
Output: /home/ccwang/sibyl-research-system/workspaces/dynamic-wd/current/exp/results/full/matched_rho_sgd/cifar10/resnet20/no_wd/seed_42
============================================================
  E  0/200: loss=1.5343 tr_acc=42.86% te_acc=53.42% wn=32.83 CSI=0.0000 AIS=0.3881 BEM=1.0000
  E 10/200: loss=0.4750 tr_acc=83.51% te_acc=81.36% wn=36.30 CSI=0.1379 AIS=0.3832 BEM=1.0000
  E 20/200: loss=0.3367 tr_acc=88.37% te_acc=84.18% wn=38.87 CSI=0.0555 AIS=0.3201 BEM=1.0000
  E 30/200: loss=0.2566 tr_acc=90.97% te_acc=85.86% wn=41.05 CSI=0.0407 AIS=0.3230 BEM=1.0000
  E 40/200: loss=0.2079 tr_acc=92.69% te_acc=85.92% wn=42.96 CSI=0.0446 AIS=0.3566 BEM=1.0000
  E 50/200: loss=0.1679 tr_acc=94.13% te_acc=86.66% wn=44.61 CSI=0.0498 AIS=0.3276 BEM=1.0000
  E 60/200: loss=0.1421 tr_acc=94.94% te_acc=87.53% wn=46.00 CSI=0.0475 AIS=0.3742 BEM=1.0000
  E 70/200: loss=0.1089 tr_acc=96.14% te_acc=87.75% wn=47.15 CSI=0.0619 AIS=0.4192 BEM=1.0000
  E 80/200: loss=0.0916 tr_acc=96.71% te_acc=88.56% wn=48.07 CSI=0.0733 AIS=0.2860 BEM=1.0000
  E 90/200: loss=0.0704 tr_acc=97.52% te_acc=88.73% wn=48.78 CSI=0.0839 AIS=0.3813 BEM=1.0000
  E100/200: loss=0.0578 tr_acc=97.93% te_acc=88.47% wn=49.31 CSI=0.0981 AIS=0.2902 BEM=1.0000
  E110/200: loss=0.0467 tr_acc=98.36% te_acc=89.26% wn=49.68 CSI=0.1051 AIS=0.4102 BEM=1.0000
  E120/200: loss=0.0372 tr_acc=98.74% te_acc=89.37% wn=49.94 CSI=0.1261 AIS=0.3157 BEM=1.0000
  E130/200: loss=0.0287 tr_acc=99.05% te_acc=89.25% wn=50.10 CSI=0.1291 AIS=0.3918 BEM=1.0000
  E140/200: loss=0.0216 tr_acc=99.35% te_acc=89.07% wn=50.20 CSI=0.1491 AIS=0.3535 BEM=1.0000
  E150/200: loss=0.0201 tr_acc=99.38% te_acc=89.34% wn=50.27 CSI=0.1492 AIS=0.2941 BEM=1.0000
  E160/200: loss=0.0165 tr_acc=99.51% te_acc=89.36% wn=50.30 CSI=0.1816 AIS=0.3145 BEM=1.0000
  E170/200: loss=0.0146 tr_acc=99.59% te_acc=89.45% wn=50.32 CSI=0.1960 AIS=0.3836 BEM=1.0000
  E180/200: loss=0.0135 tr_acc=99.61% te_acc=89.53% wn=50.33 CSI=0.2492 AIS=0.3720 BEM=1.0000
  E190/200: loss=0.0132 tr_acc=99.65% te_acc=89.53% wn=50.33 CSI=0.3802 AIS=0.3969 BEM=1.0000
  E199/200: loss=0.0143 tr_acc=99.58% te_acc=89.59% wn=50.33 CSI=0.9324 AIS=0.3440 BEM=1.0000

Done! Best: 89.65%, Time: 4054.9s
