`torch_dtype` is deprecated! Use `dtype` instead!
/home/qhxie/miniforge3/envs/sibyl_sae-absorption/lib/python3.11/site-packages/sae_lens/saes/sae.py:251: UserWarning: 
This SAE has non-empty model_from_pretrained_kwargs. 
For optimal performance, load the model like so:
model = HookedSAETransformer.from_pretrained_no_processing(..., **cfg.model_from_pretrained_kwargs)
  warnings.warn(

[h4_pilot] Starting on device=cuda, GPU=5
[h4_pilot] Layer=8, Task=France/Paris vs Germany/Berlin
[h4_pilot] Loading gpt2-small...
Loaded pretrained model gpt2-small into HookedTransformer
[h4_pilot] Model loaded.
[h4_pilot] Loading SAE for layer 8...
[h4_pilot] SAE loaded: d_sae=24576
[h4_pilot] Loading tokens for absorption scoring...
[h4_pilot] Token shape: torch.Size([100, 128])
[h4_pilot] Computing absorption scores...
[h4_pilot] 13632/24576 latents have >= 10 activations
[h4_pilot] Low-absorption latents: 1363 (mean score: 0.0000)
[h4_pilot] High-absorption latents: 1363 (mean score: 0.0367)
[h4_pilot] Clean tokens: torch.Size([1, 5]) -> 'The capital of France is'
[h4_pilot] Corrupted tokens: torch.Size([1, 5]) -> 'The capital of Germany is'
[h4_pilot] Running activation patching experiments...
[h4_pilot] 1. Raw residual patching...
[h4_pilot]    Raw faithfulness: 0.4000
[h4_pilot] 2. SAE all latents patching...
[h4_pilot]    SAE all faithfulness: 0.2894
[h4_pilot] 3. SAE low-absorption latents patching...
[h4_pilot]    SAE low-abs faithfulness: 0.0000
[h4_pilot] 4. SAE high-absorption latents patching...
[h4_pilot]    SAE high-abs faithfulness: 0.0000
[h4_pilot] Results saved to /home/qhxie/AutoResearch-SibylSystem/workspaces/ablation-no-revision/current/exp/results/pilots/h4_pilot.json

[h4_pilot] === RESULTS ===
  Raw residual faithfulness:     0.4000
  SAE all latents faithfulness:  0.2894
  SAE low-abs faithfulness:      0.0000
  SAE high-abs faithfulness:     0.0000
  Raw vs SAE all diff:           0.1106
  Low vs High abs diff:          0.0000

[h4_pilot] Token-by-token faithfulness (raw residual patching):
  Pos 0: 'The' -> faithfulness=0.0000
  Pos 1: ' capital' -> faithfulness=0.0000
  Pos 2: ' of' -> faithfulness=0.0000
  Pos 3: ' France' -> faithfulness=1.0000
  Pos 4: ' is' -> faithfulness=1.0000
[h4_pilot] Done in 21.9s

