`torch_dtype` is deprecated! Use `dtype` instead!
/home/qhxie/miniforge3/envs/sibyl_sae-absorption/lib/python3.11/site-packages/sae_lens/saes/sae.py:251: UserWarning: 
This SAE has non-empty model_from_pretrained_kwargs. 
For optimal performance, load the model like so:
model = HookedSAETransformer.from_pretrained_no_processing(..., **cfg.model_from_pretrained_kwargs)
  warnings.warn(

[h5_pilot] Starting on device=cuda, GPU=0
[h5_pilot] Layer=8, DictSizes=[2048, 8192, 24576], NSeqs=100
[h5_pilot] NOTE: Using cumulative subsampling from d_sae=24576
[h5_pilot] Loading gpt2-small...
Loaded pretrained model gpt2-small into HookedTransformer
[h5_pilot] Model loaded.
[h5_pilot] Loading SAE for layer 8...
[h5_pilot] Full SAE loaded: d_sae=24576, d_in=768
[h5_pilot] Loading tokens...
[h5_pilot] Token shape: torch.Size([100, 128])
[h5_pilot] Ranking all 24576 latents by activation frequency...
[h5_pilot] Top 10 most active latents: [6382, 16595, 18563, 19683, 4760, 22154, 3341, 20447, 12999, 16021]
[h5_pilot] Their activation counts: [1865, 1559, 1334, 1261, 1168, 1136, 1117, 1083, 1065, 1037]

[h5_pilot] === Computing FULL dict (24576) absorption ===
[h5_pilot] Top 10 most absorbed latents: [818, 4078, 7662, 6955, 17719, 13997, 11746, 11533, 15061, 15113]
[h5_pilot] Their absorption scores: [1.0, 1.0, 1.0, 1.0, 1.0, 1.0, 1.0, 1.0, 0.96875, 0.9466666579246521]
[h5_pilot] Latents with absorption > 0: 156

[h5_pilot] === Processing dict_size=2048 ===
[h5_pilot] Latent set: 2048 latents (includes 156 absorbable)
[h5_pilot] Computing absorption scores for dict=2048...
[h5_pilot] Computing random control for dict=2048...
Loaded pretrained model gpt2-small into HookedTransformer

[h5_pilot] --- Dict 2048 Results ---
  Real SAE:   % latents with absorption >0.5 = 2.25%
  Random ctrl: % latents with absorption >0.5 = 0.00%
  Real SAE:   mean absorption score = 0.0268
  Random ctrl: mean absorption score = 0.0000

[h5_pilot] === Processing dict_size=8192 ===
[h5_pilot] Latent set: 8192 latents (includes 156 absorbable)
[h5_pilot] Computing absorption scores for dict=8192...
[h5_pilot] Computing random control for dict=8192...
Loaded pretrained model gpt2-small into HookedTransformer

[h5_pilot] --- Dict 8192 Results ---
  Real SAE:   % latents with absorption >0.5 = 0.56%
  Random ctrl: % latents with absorption >0.5 = 0.00%
  Real SAE:   mean absorption score = 0.0067
  Random ctrl: mean absorption score = 0.0000

[h5_pilot] === Processing dict_size=24576 ===
[h5_pilot] Latent set: 24576 latents (includes 156 absorbable)
[h5_pilot] Computing absorption scores for dict=24576...
[h5_pilot] Computing random control for dict=24576...
Loaded pretrained model gpt2-small into HookedTransformer

[h5_pilot] --- Dict 24576 Results ---
  Real SAE:   % latents with absorption >0.5 = 0.19%
  Random ctrl: % latents with absorption >0.5 = 0.00%
  Real SAE:   mean absorption score = 0.0022
  Random ctrl: mean absorption score = 0.0000

[h5_pilot] === AGGREGATE COMPARISON ===
  Dict sizes tested: [2048, 8192, 24576]
  2048: SAE mean=0.0268, random mean=0.0000, %>0.5=2.25%
  8192: SAE mean=0.0067, random mean=0.0000, %>0.5=0.56%
  24576: SAE mean=0.0022, random mean=0.0000, %>0.5=0.19%

  Mean absorption by dict size:
    2048: 0.0268
    8192: 0.0067
    24576: 0.0022
  Monotonic decrease (larger dict -> lower absorption): True
  Random controls scale appropriately: True
[h5_pilot] Results saved to /home/qhxie/AutoResearch-SibylSystem/workspaces/ablation-no-revision/current/exp/results/pilots/h5_pilot.json

[h5_pilot] Top 5 most absorbed latents (dict=2048):
  1. Subsampled idx 665: score=1.0000, activations=100
  2. Subsampled idx 1495: score=1.0000, activations=100
  3. Subsampled idx 69: score=1.0000, activations=100
  4. Subsampled idx 351: score=1.0000, activations=100
  5. Subsampled idx 1204: score=1.0000, activations=100

[h5_pilot] Top 5 most absorbed latents (dict=8192):
  1. Subsampled idx 2517: score=1.0000, activations=100
  2. Subsampled idx 3910: score=1.0000, activations=100
  3. Subsampled idx 270: score=1.0000, activations=100
  4. Subsampled idx 3844: score=1.0000, activations=100
  5. Subsampled idx 4653: score=1.0000, activations=100

[h5_pilot] Top 5 most absorbed latents (dict=24576):
  1. Subsampled idx 6955: score=1.0000, activations=100
  2. Subsampled idx 818: score=1.0000, activations=100
  3. Subsampled idx 7662: score=1.0000, activations=100
  4. Subsampled idx 17719: score=1.0000, activations=100
  5. Subsampled idx 13997: score=1.0000, activations=100
[h5_pilot] Done in 152.1s

