/home/ccwang/sibyl-research-system/.venv/lib/python3.12/site-packages/torchvision/datasets/cifar.py:83: VisibleDeprecationWarning: dtype(): align should be passed as Python or NumPy boolean but got `align=0`. Did you mean to pass a tuple to create a subarray type? (Deprecated NumPy 2.4)
  entry = pickle.load(f, encoding="latin1")
[INFO] Model: vgg16bn, Params: 15,299,748, Classes: 100
[INFO] Dataset: cifar100, Epochs: 50, BS: 128
[INFO] WD Method: FixedWD, Lambda: 0.0005
[INFO] Normalized layers detected: 26
Epoch 1/50 | LR: 0.099901 | Train Loss: 4.5426 Acc: 1.62% | Test Loss: 4.4003 Top1: 2.05%
Epoch 2/50 | LR: 0.099606 | Train Loss: 4.3459 Acc: 2.60% | Test Loss: 4.2056 Top1: 3.23%
Epoch 3/50 | LR: 0.099114 | Train Loss: 4.2294 Acc: 3.16% | Test Loss: 4.1086 Top1: 4.40%
Epoch 4/50 | LR: 0.098429 | Train Loss: 4.1135 Acc: 4.21% | Test Loss: 3.9960 Top1: 5.43%
Epoch 5/50 | LR: 0.097553 | Train Loss: 3.9984 Acc: 5.41% | Test Loss: 3.8521 Top1: 7.31%
Epoch 6/50 | LR: 0.096489 | Train Loss: 3.8907 Acc: 6.58% | Test Loss: 3.8196 Top1: 7.50%
Epoch 7/50 | LR: 0.095241 | Train Loss: 3.7606 Acc: 8.16% | Test Loss: 3.6697 Top1: 9.61%
Epoch 8/50 | LR: 0.093815 | Train Loss: 3.6231 Acc: 9.64% | Test Loss: 3.4293 Top1: 12.09%
Epoch 9/50 | LR: 0.092216 | Train Loss: 3.4837 Acc: 11.51% | Test Loss: 3.3305 Top1: 14.41%
Epoch 10/50 | LR: 0.090451 | Train Loss: 3.3536 Acc: 13.64% | Test Loss: 3.1834 Top1: 15.93%
Epoch 11/50 | LR: 0.088526 | Train Loss: 3.2059 Acc: 16.40% | Test Loss: 3.1084 Top1: 18.31%
Epoch 12/50 | LR: 0.086448 | Train Loss: 3.0893 Acc: 18.13% | Test Loss: 2.9589 Top1: 20.80%
Epoch 13/50 | LR: 0.084227 | Train Loss: 2.9729 Acc: 20.27% | Test Loss: 2.7662 Top1: 23.61%
Epoch 14/50 | LR: 0.081871 | Train Loss: 2.8539 Acc: 23.63% | Test Loss: 2.6638 Top1: 27.32%
Epoch 15/50 | LR: 0.079389 | Train Loss: 2.7440 Acc: 25.85% | Test Loss: 2.7953 Top1: 25.81%
Epoch 16/50 | LR: 0.076791 | Train Loss: 2.7323 Acc: 26.71% | Test Loss: 2.5916 Top1: 29.52%
Epoch 17/50 | LR: 0.074088 | Train Loss: 2.5964 Acc: 29.23% | Test Loss: 2.4225 Top1: 33.10%
Epoch 18/50 | LR: 0.071289 | Train Loss: 2.4746 Acc: 31.66% | Test Loss: 2.3410 Top1: 34.98%
Epoch 19/50 | LR: 0.068406 | Train Loss: 2.3814 Acc: 34.09% | Test Loss: 2.3006 Top1: 36.27%
Epoch 20/50 | LR: 0.065451 | Train Loss: 2.3556 Acc: 34.86% | Test Loss: 2.2474 Top1: 37.92%
Epoch 21/50 | LR: 0.062434 | Train Loss: 2.2507 Acc: 37.68% | Test Loss: 2.2456 Top1: 38.21%
Epoch 22/50 | LR: 0.059369 | Train Loss: 2.1896 Acc: 39.01% | Test Loss: 2.1061 Top1: 41.28%
Epoch 23/50 | LR: 0.056267 | Train Loss: 2.1273 Acc: 40.36% | Test Loss: 2.0430 Top1: 42.10%
Epoch 24/50 | LR: 0.053140 | Train Loss: 2.0281 Acc: 43.09% | Test Loss: 2.0436 Top1: 44.07%
Epoch 25/50 | LR: 0.050000 | Train Loss: 1.9609 Acc: 44.88% | Test Loss: 1.9630 Top1: 45.77%
Epoch 26/50 | LR: 0.046860 | Train Loss: 1.9041 Acc: 46.23% | Test Loss: 1.9073 Top1: 47.13%
Epoch 27/50 | LR: 0.043733 | Train Loss: 1.8873 Acc: 47.20% | Test Loss: 1.9150 Top1: 46.95%
Epoch 28/50 | LR: 0.040631 | Train Loss: 1.7847 Acc: 49.25% | Test Loss: 1.8580 Top1: 49.37%
Epoch 29/50 | LR: 0.037566 | Train Loss: 1.7076 Acc: 51.67% | Test Loss: 1.9009 Top1: 49.33%
Epoch 30/50 | LR: 0.034549 | Train Loss: 1.6477 Acc: 53.09% | Test Loss: 1.7630 Top1: 51.81%
Epoch 31/50 | LR: 0.031594 | Train Loss: 1.5736 Acc: 55.15% | Test Loss: 1.7126 Top1: 53.08%
Epoch 32/50 | LR: 0.028711 | Train Loss: 1.5199 Acc: 56.65% | Test Loss: 2.1736 Top1: 45.36%
Epoch 33/50 | LR: 0.025912 | Train Loss: 1.4883 Acc: 57.42% | Test Loss: 1.7451 Top1: 53.39%
Epoch 34/50 | LR: 0.023209 | Train Loss: 1.4265 Acc: 59.23% | Test Loss: 1.6748 Top1: 55.03%
Epoch 35/50 | LR: 0.020611 | Train Loss: 1.3572 Acc: 60.97% | Test Loss: 1.6605 Top1: 56.24%
Epoch 36/50 | LR: 0.018129 | Train Loss: 1.2857 Acc: 62.66% | Test Loss: 1.6266 Top1: 57.24%
Epoch 37/50 | LR: 0.015773 | Train Loss: 1.2336 Acc: 64.40% | Test Loss: 1.6281 Top1: 57.22%
Epoch 38/50 | LR: 0.013552 | Train Loss: 1.1881 Acc: 65.40% | Test Loss: 1.5974 Top1: 58.37%
Epoch 39/50 | LR: 0.011474 | Train Loss: 1.1396 Acc: 66.82% | Test Loss: 1.5956 Top1: 58.61%
Epoch 40/50 | LR: 0.009549 | Train Loss: 1.0830 Acc: 68.12% | Test Loss: 1.5636 Top1: 59.73%
Epoch 41/50 | LR: 0.007784 | Train Loss: 1.0349 Acc: 69.54% | Test Loss: 1.5674 Top1: 60.14%
Epoch 42/50 | LR: 0.006185 | Train Loss: 0.9944 Acc: 70.80% | Test Loss: 1.5510 Top1: 60.44%
Epoch 43/50 | LR: 0.004759 | Train Loss: 0.9511 Acc: 71.79% | Test Loss: 1.5706 Top1: 60.43%
Epoch 44/50 | LR: 0.003511 | Train Loss: 0.9180 Acc: 72.62% | Test Loss: 1.5551 Top1: 61.36%
Epoch 45/50 | LR: 0.002447 | Train Loss: 0.8887 Acc: 73.43% | Test Loss: 1.5609 Top1: 61.40%
Epoch 46/50 | LR: 0.001571 | Train Loss: 0.8599 Acc: 74.44% | Test Loss: 1.5612 Top1: 61.53%
Epoch 47/50 | LR: 0.000886 | Train Loss: 0.8444 Acc: 75.00% | Test Loss: 1.5655 Top1: 61.93%
Epoch 48/50 | LR: 0.000394 | Train Loss: 0.8319 Acc: 75.17% | Test Loss: 1.5743 Top1: 62.08%
Epoch 49/50 | LR: 0.000099 | Train Loss: 0.8264 Acc: 75.28% | Test Loss: 1.5686 Top1: 61.91%
Epoch 50/50 | LR: 0.000000 | Train Loss: 0.8238 Acc: 75.31% | Test Loss: 1.5663 Top1: 61.91%

[DONE] Best Top1: 62.08%, Time: 3.9 min
[DONE] Results saved to /home/ccwang/sibyl-research-system/workspaces/dynamic-wd/current/exp/results/cifar100_vgg16bn_full/FixedWD_seed42/default_results.json
