`torch_dtype` is deprecated! Use `dtype` instead!
/home/qhxie/miniforge3/envs/sibyl_sae-absorption/lib/python3.11/site-packages/sae_lens/saes/sae.py:251: UserWarning: 
This SAE has non-empty model_from_pretrained_kwargs. 
For optimal performance, load the model like so:
model = HookedSAETransformer.from_pretrained_no_processing(..., **cfg.model_from_pretrained_kwargs)
  warnings.warn(
/home/qhxie/AutoResearch-SibylSystem/workspaces/sae-absorption-minimax/current/exp/results/full_h3.py:55: DeprecationWarning: Unpacking SAE objects is deprecated. SAE.from_pretrained() now returns only the SAE object. Use SAE.from_pretrained_with_cfg_and_sparsity() to get the config dict and sparsity as well.
  sae, cfg_dict, sparsity = SAE.from_pretrained(

Collecting activations:   0%|          | 0/10 [00:00<?, ?it/s]
Collecting activations:  10%|█         | 1/10 [00:00<00:01,  8.01it/s]
Collecting activations: 100%|██████████| 10/10 [00:00<00:00, 47.57it/s]

Testing steering:   0%|          | 0/50 [00:00<?, ?it/s]
Testing steering:   2%|▏         | 1/50 [00:00<00:48,  1.01it/s]
Testing steering:   4%|▍         | 2/50 [00:01<00:45,  1.05it/s]
Testing steering:   6%|▌         | 3/50 [00:03<00:50,  1.07s/it]
Testing steering:   8%|▊         | 4/50 [00:04<00:47,  1.03s/it]
Testing steering:  10%|█         | 5/50 [00:05<00:48,  1.08s/it]
Testing steering:  12%|█▏        | 6/50 [00:06<00:46,  1.05s/it]
Testing steering:  14%|█▍        | 7/50 [00:07<00:47,  1.09s/it]
Testing steering:  16%|█▌        | 8/50 [00:08<00:44,  1.06s/it]
Testing steering:  18%|█▊        | 9/50 [00:09<00:44,  1.09s/it]
Testing steering:  20%|██        | 10/50 [00:10<00:42,  1.05s/it]
Testing steering:  22%|██▏       | 11/50 [00:11<00:42,  1.10s/it]
Testing steering:  24%|██▍       | 12/50 [00:12<00:39,  1.04s/it]
Testing steering:  26%|██▌       | 13/50 [00:13<00:37,  1.02s/it]
Testing steering:  28%|██▊       | 14/50 [00:14<00:38,  1.07s/it]
Testing steering:  30%|███       | 15/50 [00:15<00:35,  1.01s/it]
Testing steering:  32%|███▏      | 16/50 [00:16<00:36,  1.07s/it]
Testing steering:  34%|███▍      | 17/50 [00:17<00:34,  1.04s/it]
Testing steering:  36%|███▌      | 18/50 [00:19<00:34,  1.08s/it]
Testing steering:  38%|███▊      | 19/50 [00:20<00:32,  1.06s/it]
Testing steering:  40%|████      | 20/50 [00:21<00:32,  1.09s/it]
Testing steering:  42%|████▏     | 21/50 [00:22<00:30,  1.06s/it]
Testing steering:  44%|████▍     | 22/50 [00:23<00:30,  1.09s/it]
Testing steering:  46%|████▌     | 23/50 [00:24<00:28,  1.04s/it]
Testing steering:  48%|████▊     | 24/50 [00:25<00:28,  1.08s/it]
Testing steering:  50%|█████     | 25/50 [00:26<00:26,  1.05s/it]
Testing steering:  52%|█████▏    | 26/50 [00:27<00:24,  1.03s/it]
Testing steering:  54%|█████▍    | 27/50 [00:28<00:24,  1.07s/it]
Testing steering:  56%|█████▌    | 28/50 [00:29<00:22,  1.03s/it]
Testing steering:  58%|█████▊    | 29/50 [00:30<00:22,  1.08s/it]
Testing steering:  60%|██████    | 30/50 [00:31<00:20,  1.04s/it]
Testing steering:  62%|██████▏   | 31/50 [00:32<00:20,  1.09s/it]
Testing steering:  64%|██████▍   | 32/50 [00:33<00:18,  1.05s/it]
Testing steering:  66%|██████▌   | 33/50 [00:34<00:18,  1.08s/it]
Testing steering:  68%|██████▊   | 34/50 [00:35<00:16,  1.05s/it]
Testing steering:  70%|███████   | 35/50 [00:37<00:16,  1.09s/it]
Testing steering:  72%|███████▏  | 36/50 [00:38<00:14,  1.06s/it]
Testing steering:  74%|███████▍  | 37/50 [00:39<00:14,  1.10s/it]
Testing steering:  76%|███████▌  | 38/50 [00:40<00:12,  1.07s/it]
Testing steering:  78%|███████▊  | 39/50 [00:41<00:12,  1.10s/it]
Testing steering:  80%|████████  | 40/50 [00:42<00:10,  1.06s/it]
Testing steering:  82%|████████▏ | 41/50 [00:43<00:09,  1.04s/it]
Testing steering:  84%|████████▍ | 42/50 [00:44<00:08,  1.07s/it]
Testing steering:  86%|████████▌ | 43/50 [00:45<00:07,  1.04s/it]
Testing steering:  88%|████████▊ | 44/50 [00:46<00:06,  1.08s/it]
Testing steering:  90%|█████████ | 45/50 [00:47<00:05,  1.02s/it]
Testing steering:  92%|█████████▏| 46/50 [00:48<00:04,  1.07s/it]
Testing steering:  94%|█████████▍| 47/50 [00:49<00:03,  1.04s/it]
Testing steering:  96%|█████████▌| 48/50 [00:50<00:02,  1.06s/it]
Testing steering:  98%|█████████▊| 49/50 [00:51<00:01,  1.04s/it]
Testing steering: 100%|██████████| 50/50 [00:53<00:00,  1.08s/it]
Testing steering: 100%|██████████| 50/50 [00:53<00:00,  1.06s/it]

Testing steering:   0%|          | 0/50 [00:00<?, ?it/s]
Testing steering:   2%|▏         | 1/50 [00:00<00:47,  1.03it/s]
Testing steering:   4%|▍         | 2/50 [00:02<00:52,  1.10s/it]
Testing steering:   6%|▌         | 3/50 [00:03<00:47,  1.00s/it]
Testing steering:   8%|▊         | 4/50 [00:03<00:44,  1.03it/s]
Testing steering:  10%|█         | 5/50 [00:05<00:46,  1.04s/it]
Testing steering:  12%|█▏        | 6/50 [00:06<00:44,  1.01s/it]
Testing steering:  14%|█▍        | 7/50 [00:07<00:45,  1.07s/it]
Testing steering:  16%|█▌        | 8/50 [00:08<00:42,  1.02s/it]
Testing steering:  18%|█▊        | 9/50 [00:09<00:43,  1.06s/it]
Testing steering:  20%|██        | 10/50 [00:10<00:41,  1.04s/it]
Testing steering:  22%|██▏       | 11/50 [00:11<00:41,  1.07s/it]
Testing steering:  24%|██▍       | 12/50 [00:12<00:39,  1.05s/it]
Testing steering:  26%|██▌       | 13/50 [00:13<00:39,  1.07s/it]
Testing steering:  28%|██▊       | 14/50 [00:14<00:36,  1.03s/it]
Testing steering:  30%|███       | 15/50 [00:15<00:37,  1.08s/it]
Testing steering:  32%|███▏      | 16/50 [00:16<00:35,  1.03s/it]
Testing steering:  34%|███▍      | 17/50 [00:17<00:33,  1.01s/it]
Testing steering:  36%|███▌      | 18/50 [00:18<00:33,  1.06s/it]
Testing steering:  38%|███▊      | 19/50 [00:19<00:31,  1.01s/it]
Testing steering:  40%|████      | 20/50 [00:20<00:31,  1.06s/it]
Testing steering:  42%|████▏     | 21/50 [00:21<00:30,  1.04s/it]
Testing steering:  44%|████▍     | 22/50 [00:22<00:30,  1.08s/it]
Testing steering:  46%|████▌     | 23/50 [00:23<00:28,  1.05s/it]
Testing steering:  48%|████▊     | 24/50 [00:25<00:27,  1.07s/it]
Testing steering:  50%|█████     | 25/50 [00:26<00:26,  1.05s/it]
Testing steering:  52%|█████▏    | 26/50 [00:27<00:25,  1.08s/it]
Testing steering:  54%|█████▍    | 27/50 [00:28<00:23,  1.04s/it]
Testing steering:  56%|█████▌    | 28/50 [00:29<00:23,  1.08s/it]
Testing steering:  58%|█████▊    | 29/50 [00:30<00:21,  1.05s/it]
Testing steering:  60%|██████    | 30/50 [00:31<00:20,  1.03s/it]
Testing steering:  62%|██████▏   | 31/50 [00:32<00:20,  1.06s/it]
Testing steering:  64%|██████▍   | 32/50 [00:33<00:18,  1.02s/it]
Testing steering:  66%|██████▌   | 33/50 [00:34<00:18,  1.07s/it]
Testing steering:  68%|██████▊   | 34/50 [00:35<00:16,  1.04s/it]
Testing steering:  70%|███████   | 35/50 [00:36<00:16,  1.07s/it]
Testing steering:  72%|███████▏  | 36/50 [00:37<00:14,  1.04s/it]
Testing steering:  74%|███████▍  | 37/50 [00:38<00:13,  1.07s/it]
Testing steering:  76%|███████▌  | 38/50 [00:39<00:12,  1.05s/it]
Testing steering:  78%|███████▊  | 39/50 [00:40<00:11,  1.08s/it]
Testing steering:  80%|████████  | 40/50 [00:41<00:10,  1.04s/it]
Testing steering:  82%|████████▏ | 41/50 [00:43<00:09,  1.08s/it]
Testing steering:  84%|████████▍ | 42/50 [00:43<00:08,  1.02s/it]
Testing steering:  86%|████████▌ | 43/50 [00:45<00:07,  1.07s/it]
Testing steering:  88%|████████▊ | 44/50 [00:46<00:06,  1.04s/it]
Testing steering:  90%|█████████ | 45/50 [00:47<00:05,  1.01s/it]
Testing steering:  92%|█████████▏| 46/50 [00:48<00:04,  1.06s/it]
Testing steering:  94%|█████████▍| 47/50 [00:49<00:03,  1.03s/it]
Testing steering:  96%|█████████▌| 48/50 [00:50<00:02,  1.07s/it]
Testing steering:  98%|█████████▊| 49/50 [00:51<00:01,  1.05s/it]
Testing steering: 100%|██████████| 50/50 [00:52<00:00,  1.08s/it]
Testing steering: 100%|██████████| 50/50 [00:52<00:00,  1.05s/it]

============================================================
FULL H3: Steering Sensitivity Across Absorption Spectrum
============================================================
PID: 1578379
Loading GPT-2 Small model...
Loaded pretrained model gpt2-small into HookedTransformer
Loading SAE for layer 8...
Computing UAS scores for features...

Selected 50 high-absorption features (UAS > 1.0)
Selected 50 low-absorption features (UAS < 0.3)

Running steering for high-absorption features...

Running steering for low-absorption features...

Results saved to /home/qhxie/AutoResearch-SibylSystem/workspaces/sae-absorption-minimax/current/exp/results/full_h3.json

============================================================
H3 ANALYSIS SUMMARY
============================================================
Spearman r (UAS vs sensitivity): 0.3548
P-value: 2.9247e-04
H3 Pass (r < -0.3): False

High-absorption mean sensitivity: 0.1035
Low-absorption mean sensitivity: 0.0874
Sensitivity ratio (low/high): 0.84
Improvement %: -15.5%

