\BOOKMARK [1][-]{section.1}{\376\377\000I\000n\000t\000r\000o\000d\000u\000c\000t\000i\000o\000n}{}% 1
\BOOKMARK [1][-]{section.2}{\376\377\000B\000a\000c\000k\000g\000r\000o\000u\000n\000d\000\040\000a\000n\000d\000\040\000R\000e\000l\000a\000t\000e\000d\000\040\000W\000o\000r\000k}{}% 2
\BOOKMARK [2][-]{subsection.2.1}{\376\377\000S\000p\000a\000r\000s\000e\000\040\000A\000u\000t\000o\000e\000n\000c\000o\000d\000e\000r\000s\000\040\000f\000o\000r\000\040\000M\000e\000c\000h\000a\000n\000i\000s\000t\000i\000c\000\040\000I\000n\000t\000e\000r\000p\000r\000e\000t\000a\000b\000i\000l\000i\000t\000y}{section.2}% 3
\BOOKMARK [2][-]{subsection.2.2}{\376\377\000F\000e\000a\000t\000u\000r\000e\000\040\000A\000b\000s\000o\000r\000p\000t\000i\000o\000n\000:\000\040\000D\000e\000f\000i\000n\000i\000t\000i\000o\000n\000\040\000a\000n\000d\000\040\000P\000r\000i\000o\000r\000\040\000M\000e\000a\000s\000u\000r\000e\000m\000e\000n\000t\000s}{section.2}% 4
\BOOKMARK [2][-]{subsection.2.3}{\376\377\000M\000i\000t\000i\000g\000a\000t\000i\000o\000n\000\040\000A\000p\000p\000r\000o\000a\000c\000h\000e\000s}{section.2}% 5
\BOOKMARK [2][-]{subsection.2.4}{\376\377\000T\000h\000e\000\040\000U\000n\000r\000e\000s\000o\000l\000v\000e\000d\000\040\000C\000o\000n\000f\000o\000u\000n\000d\000\040\000P\000r\000o\000b\000l\000e\000m}{section.2}% 6
\BOOKMARK [1][-]{section.3}{\376\377\000M\000e\000t\000h\000o\000d}{}% 7
\BOOKMARK [2][-]{subsection.3.1}{\376\377\000C\000o\000n\000f\000o\000u\000n\000d\000\040\000R\000e\000s\000o\000l\000u\000t\000i\000o\000n\000\040\000v\000i\000a\000\040\000E\000p\000i\000d\000e\000m\000i\000o\000l\000o\000g\000i\000c\000a\000l\000\040\000C\000a\000u\000s\000a\000l\000\040\000I\000n\000f\000e\000r\000e\000n\000c\000e}{section.3}% 8
\BOOKMARK [3][-]{subsubsection.3.1.1}{\376\377\000D\000a\000t\000a\000s\000e\000t}{subsection.3.1}% 9
\BOOKMARK [3][-]{subsubsection.3.1.2}{\376\377\000S\000t\000e\000p\000\040\0001\000:\000\040\000L\0000\000\040\000a\000s\000\040\000C\000o\000v\000a\000r\000i\000a\000t\000e\000\040\000\050\000G\000o\000/\000N\000o\000-\000G\000o\000\051}{subsection.3.1}% 10
\BOOKMARK [3][-]{subsubsection.3.1.3}{\376\377\000S\000t\000e\000p\000\040\0002\000:\000\040\000W\000i\000d\000t\000h\000-\000S\000t\000r\000a\000t\000i\000f\000i\000e\000d\000\040\000A\000n\000a\000l\000y\000s\000i\000s}{subsection.3.1}% 11
\BOOKMARK [3][-]{subsubsection.3.1.4}{\376\377\000S\000t\000e\000p\000\040\0003\000:\000\040\000B\000a\000r\000o\000n\000-\000K\000e\000n\000n\000y\000\040\000M\000e\000d\000i\000a\000t\000i\000o\000n\000\040\000A\000n\000a\000l\000y\000s\000i\000s}{subsection.3.1}% 12
\BOOKMARK [3][-]{subsubsection.3.1.5}{\376\377\000S\000t\000e\000p\000\040\0004\000:\000\040\000R\000o\000s\000e\000n\000b\000a\000u\000m\000\040\000S\000e\000n\000s\000i\000t\000i\000v\000i\000t\000y\000\040\000A\000n\000a\000l\000y\000s\000i\000s}{subsection.3.1}% 13
\BOOKMARK [3][-]{subsubsection.3.1.6}{\376\377\000S\000t\000e\000p\000\040\0005\000:\000\040\000S\000C\000R\000\040\000S\000u\000p\000p\000r\000e\000s\000s\000i\000o\000n\000\040\000V\000a\000r\000i\000a\000b\000l\000e\000\040\000D\000i\000a\000g\000n\000o\000s\000i\000s}{subsection.3.1}% 14
\BOOKMARK [2][-]{subsection.3.2}{\376\377\000C\000r\000o\000s\000s\000-\000D\000o\000m\000a\000i\000n\000\040\000A\000b\000s\000o\000r\000p\000t\000i\000o\000n\000\040\000M\000e\000a\000s\000u\000r\000e\000m\000e\000n\000t}{section.3}% 15
\BOOKMARK [3][-]{subsubsection.3.2.1}{\376\377\000M\000o\000d\000e\000l\000\040\000a\000n\000d\000\040\000S\000A\000E}{subsection.3.2}% 16
\BOOKMARK [3][-]{subsubsection.3.2.2}{\376\377\000P\000r\000o\000b\000e\000\040\000T\000r\000a\000i\000n\000i\000n\000g}{subsection.3.2}% 17
\BOOKMARK [3][-]{subsubsection.3.2.3}{\376\377\000A\000b\000s\000o\000r\000p\000t\000i\000o\000n\000\040\000M\000e\000a\000s\000u\000r\000e\000m\000e\000n\000t\000\040\000\050\000A\000d\000a\000p\000t\000e\000d\000\040\000C\000h\000a\000n\000i\000n\000\040\000M\000e\000t\000r\000i\000c\000\051}{subsection.3.2}% 18
\BOOKMARK [3][-]{subsubsection.3.2.4}{\376\377\000C\000o\000n\000t\000r\000o\000l\000s}{subsection.3.2}% 19
\BOOKMARK [3][-]{subsubsection.3.2.5}{\376\377\000T\000h\000r\000e\000s\000h\000o\000l\000d\000\040\000S\000w\000e\000e\000p}{subsection.3.2}% 20
\BOOKMARK [2][-]{subsection.3.3}{\376\377\000A\000b\000s\000o\000r\000p\000t\000i\000o\000n\000\040\000S\000c\000a\000l\000i\000n\000g\000\040\000S\000u\000r\000f\000a\000c\000e}{section.3}% 21
\BOOKMARK [3][-]{subsubsection.3.3.1}{\376\377\000D\000a\000t\000a\000s\000e\000t}{subsection.3.3}% 22
\BOOKMARK [3][-]{subsubsection.3.3.2}{\376\377\000G\000A\000M\000\040\000F\000i\000t\000\040\000a\000n\000d\000\040\000M\000o\000d\000e\000l\000\040\000C\000o\000m\000p\000a\000r\000i\000s\000o\000n}{subsection.3.3}% 23
\BOOKMARK [3][-]{subsubsection.3.3.3}{\376\377\000P\000h\000a\000s\000e\000\040\000B\000o\000u\000n\000d\000a\000r\000y\000\040\000D\000e\000t\000e\000c\000t\000i\000o\000n}{subsection.3.3}% 24
\BOOKMARK [2][-]{subsection.3.4}{\376\377\000T\000a\000x\000o\000n\000o\000m\000y\000\040\000C\000o\000r\000r\000e\000c\000t\000i\000o\000n}{section.3}% 25
\BOOKMARK [3][-]{subsubsection.3.4.1}{\376\377\000M\000o\000t\000i\000v\000a\000t\000i\000o\000n}{subsection.3.4}% 26
\BOOKMARK [3][-]{subsubsection.3.4.2}{\376\377\000F\000r\000e\000q\000u\000e\000n\000c\000y\000-\000M\000a\000t\000c\000h\000e\000d\000\040\000C\000o\000r\000r\000e\000c\000t\000i\000o\000n}{subsection.3.4}% 27
\BOOKMARK [2][-]{subsection.3.5}{\376\377\000P\000r\000e\000-\000R\000e\000g\000i\000s\000t\000e\000r\000e\000d\000\040\000H\000y\000p\000o\000t\000h\000e\000s\000e\000s\000\040\000a\000n\000d\000\040\000F\000a\000l\000s\000i\000f\000i\000c\000a\000t\000i\000o\000n\000\040\000C\000r\000i\000t\000e\000r\000i\000a}{section.3}% 28
\BOOKMARK [2][-]{subsection.3.6}{\376\377\000S\000o\000f\000t\000w\000a\000r\000e\000\040\000a\000n\000d\000\040\000R\000e\000p\000r\000o\000d\000u\000c\000i\000b\000i\000l\000i\000t\000y}{section.3}% 29
\BOOKMARK [1][-]{section.4}{\376\377\000E\000x\000p\000e\000r\000i\000m\000e\000n\000t\000s}{}% 30
\BOOKMARK [2][-]{subsection.4.1}{\376\377\000C\000o\000n\000f\000o\000u\000n\000d\000\040\000R\000e\000s\000o\000l\000u\000t\000i\000o\000n\000:\000\040\000A\000b\000s\000o\000r\000p\000t\000i\000o\000n\000\040\000S\000u\000r\000v\000i\000v\000e\000s\000\040\000L\0000\000\040\000C\000o\000n\000t\000r\000o\000l\000\040\000\050\000H\0001\000\051}{section.4}% 31
\BOOKMARK [3][-]{subsubsection.4.1.1}{\376\377\000S\000e\000t\000u\000p}{subsection.4.1}% 32
\BOOKMARK [3][-]{subsubsection.4.1.2}{\376\377\000G\000o\000/\000N\000o\000-\000G\000o\000:\000\040\000L\0000\000\040\000a\000s\000\040\000C\000o\000v\000a\000r\000i\000a\000t\000e}{subsection.4.1}% 33
\BOOKMARK [3][-]{subsubsection.4.1.3}{\376\377\000W\000i\000d\000t\000h\000-\000S\000t\000r\000a\000t\000i\000f\000i\000e\000d\000\040\000A\000n\000a\000l\000y\000s\000i\000s}{subsection.4.1}% 34
\BOOKMARK [3][-]{subsubsection.4.1.4}{\376\377\000B\000a\000r\000o\000n\000-\000K\000e\000n\000n\000y\000\040\000M\000e\000d\000i\000a\000t\000i\000o\000n\000\040\000A\000n\000a\000l\000y\000s\000i\000s}{subsection.4.1}% 35
\BOOKMARK [3][-]{subsubsection.4.1.5}{\376\377\000R\000o\000s\000e\000n\000b\000a\000u\000m\000\040\000S\000e\000n\000s\000i\000t\000i\000v\000i\000t\000y\000\040\000A\000n\000a\000l\000y\000s\000i\000s}{subsection.4.1}% 36
\BOOKMARK [2][-]{subsection.4.2}{\376\377\000C\000r\000o\000s\000s\000-\000D\000o\000m\000a\000i\000n\000\040\000A\000b\000s\000o\000r\000p\000t\000i\000o\000n\000:\000\040\000M\000e\000t\000r\000i\000c\000\040\000L\000i\000m\000i\000t\000a\000t\000i\000o\000n\000\040\000E\000x\000p\000o\000s\000e\000d\000\040\000\050\000H\0002\000\051}{section.4}% 37
\BOOKMARK [3][-]{subsubsection.4.2.1}{\376\377\000S\000e\000t\000u\000p}{subsection.4.2}% 38
\BOOKMARK [3][-]{subsubsection.4.2.2}{\376\377\000D\000o\000m\000i\000n\000a\000n\000c\000e\000-\000B\000a\000s\000e\000d\000\040\000A\000b\000s\000o\000r\000p\000t\000i\000o\000n\000\040\000R\000a\000t\000e\000s}{subsection.4.2}% 39
\BOOKMARK [3][-]{subsubsection.4.2.3}{\376\377\000S\000h\000u\000f\000f\000l\000e\000d\000\040\000a\000n\000d\000\040\000R\000a\000n\000d\000o\000m\000\040\000C\000o\000n\000t\000r\000o\000l\000s}{subsection.4.2}% 40
\BOOKMARK [3][-]{subsubsection.4.2.4}{\376\377\000C\000o\000s\000i\000n\000e\000-\000C\000a\000l\000i\000b\000r\000a\000t\000e\000d\000\040\000M\000e\000t\000r\000i\000c}{subsection.4.2}% 41
\BOOKMARK [2][-]{subsection.4.3}{\376\377\000A\000b\000s\000o\000r\000p\000t\000i\000o\000n\000\040\000S\000c\000a\000l\000i\000n\000g\000\040\000S\000u\000r\000f\000a\000c\000e\000:\000\040\000S\000i\000g\000n\000i\000f\000i\000c\000a\000n\000t\000\040\000I\000n\000t\000e\000r\000a\000c\000t\000i\000o\000n\000\040\000\050\000H\0003\000\051}{section.4}% 42
\BOOKMARK [3][-]{subsubsection.4.3.1}{\376\377\000S\000e\000t\000u\000p}{subsection.4.3}% 43
\BOOKMARK [3][-]{subsubsection.4.3.2}{\376\377\000M\000o\000d\000e\000l\000\040\000C\000o\000m\000p\000a\000r\000i\000s\000o\000n}{subsection.4.3}% 44
\BOOKMARK [3][-]{subsubsection.4.3.3}{\376\377\000S\000c\000a\000l\000i\000n\000g\000\040\000S\000t\000r\000u\000c\000t\000u\000r\000e}{subsection.4.3}% 45
\BOOKMARK [3][-]{subsubsection.4.3.4}{\376\377\000P\000h\000a\000s\000e\000\040\000B\000o\000u\000n\000d\000a\000r\000y\000\040\000D\000e\000t\000e\000c\000t\000i\000o\000n}{subsection.4.3}% 46
\BOOKMARK [2][-]{subsection.4.4}{\376\377\000T\000a\000x\000o\000n\000o\000m\000y\000\040\000C\000o\000r\000r\000e\000c\000t\000i\000o\000n\000:\000\040\000A\000r\000t\000i\000f\000a\000c\000t\000\040\000R\000e\000v\000e\000a\000l\000e\000d\000\040\000\050\000H\0004\000\051}{section.4}% 47
\BOOKMARK [3][-]{subsubsection.4.4.1}{\376\377\000S\000e\000t\000u\000p}{subsection.4.4}% 48
\BOOKMARK [3][-]{subsubsection.4.4.2}{\376\377\000R\000e\000s\000u\000l\000t\000s}{subsection.4.4}% 49
\BOOKMARK [1][-]{section.5}{\376\377\000D\000i\000s\000c\000u\000s\000s\000i\000o\000n}{}% 50
\BOOKMARK [2][-]{subsection.5.1}{\376\377\000T\000h\000e\000\040\000C\000a\000u\000s\000a\000l\000\040\000S\000t\000a\000t\000u\000s\000\040\000o\000f\000\040\000A\000b\000s\000o\000r\000p\000t\000i\000o\000n}{section.5}% 51
\BOOKMARK [2][-]{subsection.5.2}{\376\377\000W\000h\000y\000\040\000t\000h\000e\000\040\000D\000o\000m\000i\000n\000a\000n\000c\000e\000\040\000M\000e\000t\000r\000i\000c\000\040\000F\000a\000i\000l\000s\000\040\000o\000n\000\040\000K\000n\000o\000w\000l\000e\000d\000g\000e\000\040\000H\000i\000e\000r\000a\000r\000c\000h\000i\000e\000s}{section.5}% 52
\BOOKMARK [2][-]{subsection.5.3}{\376\377\000P\000r\000a\000c\000t\000i\000c\000a\000l\000\040\000I\000m\000p\000l\000i\000c\000a\000t\000i\000o\000n\000s\000\040\000o\000f\000\040\000t\000h\000e\000\040\000S\000c\000a\000l\000i\000n\000g\000\040\000S\000u\000r\000f\000a\000c\000e}{section.5}% 53
\BOOKMARK [2][-]{subsection.5.4}{\376\377\000L\000i\000m\000i\000t\000a\000t\000i\000o\000n\000s}{section.5}% 54
\BOOKMARK [1][-]{section.6}{\376\377\000C\000o\000n\000c\000l\000u\000s\000i\000o\000n}{}% 55
\BOOKMARK [1][-]{appendix.A}{\376\377\000N\000e\000u\000r\000I\000P\000S\000\040\000P\000a\000p\000e\000r\000\040\000C\000h\000e\000c\000k\000l\000i\000s\000t}{}% 56
