/home/ccwang/sibyl-research-system/.venv/lib/python3.12/site-packages/torchvision/datasets/cifar.py:83: VisibleDeprecationWarning: dtype(): align should be passed as Python or NumPy boolean but got `align=0`. Did you mean to pass a tuple to create a subarray type? (Deprecated NumPy 2.4)
  entry = pickle.load(f, encoding="latin1")
[INFO] Model: vgg16bn, Params: 15,299,748, Classes: 100
[INFO] Dataset: cifar100, Epochs: 50, BS: 128
[INFO] WD Method: CWD, Lambda: 0.0005
[INFO] Normalized layers detected: 26
Epoch 1/50 | LR: 0.099901 | Train Loss: 4.4556 Acc: 2.02% | Test Loss: 4.3201 Top1: 2.72%
Epoch 2/50 | LR: 0.099606 | Train Loss: 4.3092 Acc: 2.82% | Test Loss: 4.1872 Top1: 3.80%
Epoch 3/50 | LR: 0.099114 | Train Loss: 4.2319 Acc: 3.26% | Test Loss: 4.1458 Top1: 3.74%
Epoch 4/50 | LR: 0.098429 | Train Loss: 4.1475 Acc: 3.69% | Test Loss: 4.0604 Top1: 4.63%
Epoch 5/50 | LR: 0.097553 | Train Loss: 4.0502 Acc: 4.75% | Test Loss: 3.9713 Top1: 6.24%
Epoch 6/50 | LR: 0.096489 | Train Loss: 3.8943 Acc: 6.40% | Test Loss: 3.8247 Top1: 7.60%
Epoch 7/50 | LR: 0.095241 | Train Loss: 3.6885 Acc: 8.76% | Test Loss: 3.5118 Top1: 11.42%
Epoch 8/50 | LR: 0.093815 | Train Loss: 3.4935 Acc: 11.50% | Test Loss: 3.2685 Top1: 15.45%
Epoch 9/50 | LR: 0.092216 | Train Loss: 3.3292 Acc: 14.05% | Test Loss: 3.4155 Top1: 14.40%
Epoch 10/50 | LR: 0.090451 | Train Loss: 3.1655 Acc: 16.97% | Test Loss: 3.0159 Top1: 20.06%
Epoch 11/50 | LR: 0.088526 | Train Loss: 3.0281 Acc: 19.90% | Test Loss: 2.7699 Top1: 24.67%
Epoch 12/50 | LR: 0.086448 | Train Loss: 2.9155 Acc: 22.08% | Test Loss: 2.7928 Top1: 25.80%
Epoch 13/50 | LR: 0.084227 | Train Loss: 2.7900 Acc: 24.84% | Test Loss: 2.6451 Top1: 29.17%
Epoch 14/50 | LR: 0.081871 | Train Loss: 2.6792 Acc: 27.33% | Test Loss: 2.4885 Top1: 31.78%
Epoch 15/50 | LR: 0.079389 | Train Loss: 2.5678 Acc: 30.07% | Test Loss: 2.4044 Top1: 34.88%
Epoch 16/50 | LR: 0.076791 | Train Loss: 2.4683 Acc: 32.33% | Test Loss: 2.3506 Top1: 33.94%
Epoch 17/50 | LR: 0.074088 | Train Loss: 2.3743 Acc: 34.38% | Test Loss: 2.2655 Top1: 36.96%
Epoch 18/50 | LR: 0.071289 | Train Loss: 2.2770 Acc: 36.56% | Test Loss: 2.2253 Top1: 38.28%
Epoch 19/50 | LR: 0.068406 | Train Loss: 2.2053 Acc: 38.81% | Test Loss: 2.1678 Top1: 40.77%
Epoch 20/50 | LR: 0.065451 | Train Loss: 2.1095 Acc: 41.03% | Test Loss: 2.1805 Top1: 40.66%
Epoch 21/50 | LR: 0.062434 | Train Loss: 2.0418 Acc: 42.69% | Test Loss: 1.9366 Top1: 45.87%
Epoch 22/50 | LR: 0.059369 | Train Loss: 1.9690 Acc: 44.55% | Test Loss: 2.0079 Top1: 44.74%
Epoch 23/50 | LR: 0.056267 | Train Loss: 1.8996 Acc: 46.94% | Test Loss: 1.9111 Top1: 47.86%
Epoch 24/50 | LR: 0.053140 | Train Loss: 1.8217 Acc: 48.57% | Test Loss: 1.8083 Top1: 50.27%
Epoch 25/50 | LR: 0.050000 | Train Loss: 1.7636 Acc: 50.17% | Test Loss: 1.8444 Top1: 49.44%
Epoch 26/50 | LR: 0.046860 | Train Loss: 1.6889 Acc: 52.24% | Test Loss: 1.8305 Top1: 49.95%
Epoch 27/50 | LR: 0.043733 | Train Loss: 1.6151 Acc: 54.17% | Test Loss: 1.7608 Top1: 52.10%
Epoch 28/50 | LR: 0.040631 | Train Loss: 1.5571 Acc: 55.79% | Test Loss: 1.7425 Top1: 52.84%
Epoch 29/50 | LR: 0.037566 | Train Loss: 1.4941 Acc: 57.55% | Test Loss: 1.7121 Top1: 54.08%
Epoch 30/50 | LR: 0.034549 | Train Loss: 1.4342 Acc: 59.07% | Test Loss: 1.7341 Top1: 54.33%
Epoch 31/50 | LR: 0.031594 | Train Loss: 1.3737 Acc: 60.66% | Test Loss: 1.6728 Top1: 55.91%
Epoch 32/50 | LR: 0.028711 | Train Loss: 1.3111 Acc: 62.07% | Test Loss: 1.6705 Top1: 56.25%
Epoch 33/50 | LR: 0.025912 | Train Loss: 1.2610 Acc: 63.84% | Test Loss: 1.6204 Top1: 57.49%
Epoch 34/50 | LR: 0.023209 | Train Loss: 1.1912 Acc: 65.67% | Test Loss: 1.5645 Top1: 58.84%
Epoch 35/50 | LR: 0.020611 | Train Loss: 1.1401 Acc: 66.83% | Test Loss: 1.5770 Top1: 59.08%
Epoch 36/50 | LR: 0.018129 | Train Loss: 1.0877 Acc: 68.43% | Test Loss: 1.5563 Top1: 59.98%
Epoch 37/50 | LR: 0.015773 | Train Loss: 1.0338 Acc: 69.78% | Test Loss: 1.5896 Top1: 59.76%
Epoch 38/50 | LR: 0.013552 | Train Loss: 0.9876 Acc: 71.06% | Test Loss: 1.5452 Top1: 60.82%
Epoch 39/50 | LR: 0.011474 | Train Loss: 0.9439 Acc: 72.14% | Test Loss: 1.5454 Top1: 61.15%
Epoch 40/50 | LR: 0.009549 | Train Loss: 0.9076 Acc: 73.26% | Test Loss: 1.5437 Top1: 61.96%
Epoch 41/50 | LR: 0.007784 | Train Loss: 0.8600 Acc: 74.56% | Test Loss: 1.5392 Top1: 62.34%
Epoch 42/50 | LR: 0.006185 | Train Loss: 0.8189 Acc: 75.70% | Test Loss: 1.5446 Top1: 62.82%
Epoch 43/50 | LR: 0.004759 | Train Loss: 0.7717 Acc: 76.88% | Test Loss: 1.5555 Top1: 62.76%
Epoch 44/50 | LR: 0.003511 | Train Loss: 0.7444 Acc: 77.79% | Test Loss: 1.5416 Top1: 63.05%
Epoch 45/50 | LR: 0.002447 | Train Loss: 0.7207 Acc: 78.46% | Test Loss: 1.5588 Top1: 63.06%
Epoch 46/50 | LR: 0.001571 | Train Loss: 0.7046 Acc: 78.86% | Test Loss: 1.5441 Top1: 63.48%
Epoch 47/50 | LR: 0.000886 | Train Loss: 0.6849 Acc: 79.38% | Test Loss: 1.5850 Top1: 63.55%
Epoch 48/50 | LR: 0.000394 | Train Loss: 0.6841 Acc: 79.21% | Test Loss: 1.5624 Top1: 63.50%
Epoch 49/50 | LR: 0.000099 | Train Loss: 0.6727 Acc: 79.76% | Test Loss: 1.5753 Top1: 63.56%
Epoch 50/50 | LR: 0.000000 | Train Loss: 0.6615 Acc: 80.09% | Test Loss: 1.5716 Top1: 63.45%

[DONE] Best Top1: 63.56%, Time: 5.3 min
[DONE] Results saved to /home/ccwang/sibyl-research-system/workspaces/dynamic-wd/current/exp/results/cifar100_vgg16bn_full/CWD_seed123/default_results.json
