============================================================
Training vgg16_bn on cifar10
WD method: swd, base WD: 0.0005
Epochs: 200, LR: 0.001, Batch: 128
Seed: 42, Device: cuda:1
Output: /home/ccwang/sibyl-research-system/workspaces/dynamic-wd/current/exp/results/full/vgg16bn/cifar10/swd/seed_42
============================================================
  E  0/200: loss=1.8822 tr_acc=22.41% te_acc=30.55% wn=122.05 CSI=0.0000 AIS=0.4690 BEM=-0.9000
  E 10/200: loss=0.5752 tr_acc=81.81% te_acc=78.37% wn=256.72 CSI=0.2872 AIS=0.2804 BEM=-0.9000
  E 20/200: loss=0.3408 tr_acc=89.49% te_acc=86.94% wn=338.74 CSI=0.0651 AIS=0.3377 BEM=-0.9000
  E 30/200: loss=0.2328 tr_acc=92.94% te_acc=87.86% wn=408.96 CSI=0.0778 AIS=0.2123 BEM=-0.9000
  E 40/200: loss=0.1534 tr_acc=95.29% te_acc=89.29% wn=465.33 CSI=0.1275 AIS=0.2595 BEM=-0.9000
  E 50/200: loss=0.1052 tr_acc=96.76% te_acc=89.39% wn=510.79 CSI=0.0926 AIS=0.1515 BEM=-0.9000
  E 60/200: loss=0.0803 tr_acc=97.57% te_acc=90.28% wn=548.15 CSI=0.1140 AIS=0.2571 BEM=-0.9000
  E 70/200: loss=0.0523 tr_acc=98.46% te_acc=90.84% wn=579.65 CSI=0.2608 AIS=0.3042 BEM=-0.9000
  E 80/200: loss=0.0414 tr_acc=98.76% te_acc=90.94% wn=603.50 CSI=0.2231 AIS=0.2465 BEM=-0.9000
  E 90/200: loss=0.0318 tr_acc=99.09% te_acc=90.34% wn=620.97 CSI=0.1802 AIS=0.0932 BEM=-0.9000
  E100/200: loss=0.0210 tr_acc=99.36% te_acc=91.07% wn=633.46 CSI=0.2451 AIS=0.3426 BEM=-0.9000
  E110/200: loss=0.0158 tr_acc=99.53% te_acc=91.24% wn=643.22 CSI=0.1792 AIS=0.3144 BEM=-0.9000
  E120/200: loss=0.0109 tr_acc=99.65% te_acc=91.40% wn=650.26 CSI=0.2725 AIS=0.2274 BEM=-0.9000
  E130/200: loss=0.0095 tr_acc=99.71% te_acc=91.25% wn=654.25 CSI=0.3051 AIS=0.2337 BEM=-0.9000
  E140/200: loss=0.0063 tr_acc=99.81% te_acc=91.40% wn=656.88 CSI=0.3434 AIS=0.2008 BEM=-0.9000
  E150/200: loss=0.0033 tr_acc=99.91% te_acc=92.03% wn=658.18 CSI=0.3447 AIS=0.1427 BEM=-0.9000
  E160/200: loss=0.0028 tr_acc=99.91% te_acc=92.05% wn=658.87 CSI=0.7291 AIS=0.3351 BEM=-0.9000
  E170/200: loss=0.0011 tr_acc=99.96% te_acc=92.12% wn=659.08 CSI=1.0467 AIS=0.2881 BEM=-0.9000
  E180/200: loss=0.0012 tr_acc=99.96% te_acc=91.98% wn=659.20 CSI=1.1247 AIS=0.2484 BEM=-0.9000
  E190/200: loss=0.0007 tr_acc=99.97% te_acc=91.93% wn=659.22 CSI=1.2031 AIS=0.2484 BEM=-0.9000
  E199/200: loss=0.0009 tr_acc=99.97% te_acc=92.04% wn=659.22 CSI=1.2002 AIS=0.2107 BEM=-0.9000

Done! Best: 92.16%, Time: 901.8s
