============================================================
Training vgg16_bn on cifar10
WD method: cwd_hard, base WD: 0.0005
Epochs: 200, LR: 0.001, Batch: 128
Seed: 456, Device: cuda:1
Output: /home/ccwang/sibyl-research-system/workspaces/dynamic-wd/current/exp/results/full/vgg16bn/cifar10/cwd_hard/seed_456
============================================================
  E  0/200: loss=1.8783 tr_acc=21.83% te_acc=30.19% wn=122.85 CSI=0.0000 AIS=0.3542 BEM=-0.6000
  E 10/200: loss=0.5562 tr_acc=82.38% te_acc=83.01% wn=257.67 CSI=0.3044 AIS=0.2213 BEM=-0.5909
  E 20/200: loss=0.3312 tr_acc=89.66% te_acc=86.65% wn=339.77 CSI=0.0626 AIS=0.3006 BEM=-0.5524
  E 30/200: loss=0.2178 tr_acc=93.47% te_acc=87.41% wn=409.19 CSI=0.0816 AIS=0.2340 BEM=-0.5548
  E 40/200: loss=0.1453 tr_acc=95.58% te_acc=89.03% wn=465.33 CSI=0.1732 AIS=0.2081 BEM=-0.5463
  E 50/200: loss=0.1028 tr_acc=96.95% te_acc=90.16% wn=511.78 CSI=0.1884 AIS=0.1722 BEM=-0.5333
  E 60/200: loss=0.0718 tr_acc=97.86% te_acc=90.50% wn=545.96 CSI=0.0962 AIS=0.2340 BEM=-0.5213
  E 70/200: loss=0.0578 tr_acc=98.30% te_acc=90.13% wn=574.75 CSI=0.2590 AIS=0.1755 BEM=-0.5338
  E 80/200: loss=0.0427 tr_acc=98.73% te_acc=90.15% wn=599.96 CSI=0.4360 AIS=0.2452 BEM=-0.5420
  E 90/200: loss=0.0277 tr_acc=99.18% te_acc=90.76% wn=616.27 CSI=0.2409 AIS=0.2263 BEM=-0.5407
  E100/200: loss=0.0193 tr_acc=99.43% te_acc=90.91% wn=629.46 CSI=0.2340 AIS=0.1991 BEM=-0.5327
  E110/200: loss=0.0184 tr_acc=99.45% te_acc=90.86% wn=638.39 CSI=0.2509 AIS=0.1515 BEM=-0.5270
  E120/200: loss=0.0121 tr_acc=99.65% te_acc=91.21% wn=644.94 CSI=0.2423 AIS=0.1409 BEM=-0.5306
  E130/200: loss=0.0074 tr_acc=99.79% te_acc=91.37% wn=649.77 CSI=1.6963 AIS=0.1366 BEM=-0.5206
  E140/200: loss=0.0052 tr_acc=99.83% te_acc=91.62% wn=651.67 CSI=0.2358 AIS=0.3711 BEM=-0.5213
  E150/200: loss=0.0031 tr_acc=99.92% te_acc=91.23% wn=652.87 CSI=0.4185 AIS=0.2924 BEM=-0.5185
  E160/200: loss=0.0039 tr_acc=99.89% te_acc=91.38% wn=653.57 CSI=0.4606 AIS=0.1610 BEM=-0.5205
  E170/200: loss=0.0011 tr_acc=99.96% te_acc=91.64% wn=653.81 CSI=0.8483 AIS=0.1803 BEM=-0.5234
  E180/200: loss=0.0008 tr_acc=99.98% te_acc=91.49% wn=653.90 CSI=0.9937 AIS=0.2923 BEM=-0.5315
  E190/200: loss=0.0006 tr_acc=99.98% te_acc=91.74% wn=653.92 CSI=1.1786 AIS=0.2016 BEM=-0.5314
  E199/200: loss=0.0006 tr_acc=99.98% te_acc=91.77% wn=653.92 CSI=1.3696 AIS=0.3640 BEM=-0.5305

Done! Best: 91.81%, Time: 1031.7s
