============================================================
Training resnet20 on cifar10 [SGD]
WD method: cwd_hard, base WD: 0.005
Epochs: 200, LR: 0.01, Batch: 128
Seed: 42, Device: cuda:4
Output: /home/ccwang/sibyl-research-system/workspaces/dynamic-wd/current/exp/results/full/matched_rho_sgd/cifar10/resnet20/cwd_hard/seed_42
============================================================
  E  0/200: loss=1.5759 tr_acc=41.16% te_acc=44.12% wn=32.50 CSI=0.0000 AIS=0.4301 BEM=0.2000
  E 10/200: loss=0.4750 tr_acc=83.49% te_acc=81.05% wn=33.27 CSI=0.5567 AIS=0.3989 BEM=0.5727
  E 20/200: loss=0.3367 tr_acc=88.38% te_acc=84.45% wn=33.43 CSI=0.2803 AIS=0.3963 BEM=0.5476
  E 30/200: loss=0.2621 tr_acc=90.90% te_acc=85.98% wn=33.51 CSI=0.4407 AIS=0.4362 BEM=0.5548
  E 40/200: loss=0.2152 tr_acc=92.49% te_acc=86.11% wn=33.56 CSI=0.6486 AIS=0.2400 BEM=0.5390
  E 50/200: loss=0.1828 tr_acc=93.62% te_acc=86.99% wn=33.54 CSI=0.9497 AIS=0.4136 BEM=0.5333
  E 60/200: loss=0.1583 tr_acc=94.37% te_acc=88.49% wn=33.47 CSI=0.4153 AIS=0.2975 BEM=0.5164
  E 70/200: loss=0.1332 tr_acc=95.22% te_acc=87.95% wn=33.34 CSI=0.2451 AIS=0.3301 BEM=0.5085
  E 80/200: loss=0.1155 tr_acc=95.89% te_acc=87.50% wn=33.14 CSI=0.1747 AIS=0.3358 BEM=0.5037
  E 90/200: loss=0.0971 tr_acc=96.61% te_acc=88.30% wn=32.85 CSI=0.1137 AIS=0.4066 BEM=0.5044
  E100/200: loss=0.0774 tr_acc=97.33% te_acc=89.12% wn=32.51 CSI=0.0724 AIS=0.4143 BEM=0.5069
  E110/200: loss=0.0656 tr_acc=97.80% te_acc=89.52% wn=32.11 CSI=0.0519 AIS=0.3351 BEM=0.5045
  E120/200: loss=0.0498 tr_acc=98.30% te_acc=89.34% wn=31.68 CSI=0.0278 AIS=0.3356 BEM=0.4983
  E130/200: loss=0.0355 tr_acc=98.91% te_acc=90.05% wn=31.25 CSI=0.0195 AIS=0.4047 BEM=0.4939
  E140/200: loss=0.0273 tr_acc=99.17% te_acc=90.02% wn=30.86 CSI=0.0364 AIS=0.3651 BEM=0.4929
  E150/200: loss=0.0206 tr_acc=99.46% te_acc=90.19% wn=30.54 CSI=0.0740 AIS=0.3303 BEM=0.4980
  E160/200: loss=0.0151 tr_acc=99.69% te_acc=90.63% wn=30.31 CSI=0.1070 AIS=0.3434 BEM=0.4988
  E170/200: loss=0.0139 tr_acc=99.69% te_acc=90.53% wn=30.16 CSI=0.1507 AIS=0.3989 BEM=0.5012
  E180/200: loss=0.0119 tr_acc=99.77% te_acc=90.68% wn=30.08 CSI=0.2196 AIS=0.3739 BEM=0.4983
  E190/200: loss=0.0110 tr_acc=99.78% te_acc=90.56% wn=30.05 CSI=0.4009 AIS=0.3295 BEM=0.5047
  E199/200: loss=0.0112 tr_acc=99.79% te_acc=90.63% wn=30.04 CSI=0.8218 AIS=0.3603 BEM=0.5015

Done! Best: 90.81%, Time: 6400.5s
