/home/ccwang/sibyl-research-system/.venv/lib/python3.12/site-packages/torchvision/datasets/cifar.py:83: VisibleDeprecationWarning: dtype(): align should be passed as Python or NumPy boolean but got `align=0`. Did you mean to pass a tuple to create a subarray type? (Deprecated NumPy 2.4)
  entry = pickle.load(f, encoding="latin1")
[INFO] Model: vgg16bn, Params: 15,299,748, Classes: 100
[INFO] Dataset: cifar100, Epochs: 50, BS: 128
[INFO] WD Method: NoWD, Lambda: 0.0005
[INFO] Normalized layers detected: 26
Epoch 1/50 | LR: 0.099901 | Train Loss: 4.5088 Acc: 1.77% | Test Loss: 4.3547 Top1: 2.68%
Epoch 2/50 | LR: 0.099606 | Train Loss: 4.3492 Acc: 2.66% | Test Loss: 4.2683 Top1: 3.10%
Epoch 3/50 | LR: 0.099114 | Train Loss: 4.2544 Acc: 2.98% | Test Loss: 4.1341 Top1: 3.89%
Epoch 4/50 | LR: 0.098429 | Train Loss: 4.1508 Acc: 4.05% | Test Loss: 4.0006 Top1: 5.59%
Epoch 5/50 | LR: 0.097553 | Train Loss: 4.0204 Acc: 5.12% | Test Loss: 3.8809 Top1: 7.03%
Epoch 6/50 | LR: 0.096489 | Train Loss: 3.9107 Acc: 6.21% | Test Loss: 3.7789 Top1: 7.79%
Epoch 7/50 | LR: 0.095241 | Train Loss: 3.7897 Acc: 7.55% | Test Loss: 3.7433 Top1: 8.20%
Epoch 8/50 | LR: 0.093815 | Train Loss: 3.6527 Acc: 8.77% | Test Loss: 3.4684 Top1: 11.22%
Epoch 9/50 | LR: 0.092216 | Train Loss: 3.5253 Acc: 10.53% | Test Loss: 3.6347 Top1: 10.91%
Epoch 10/50 | LR: 0.090451 | Train Loss: 3.3836 Acc: 12.95% | Test Loss: 3.1876 Top1: 15.51%
Epoch 11/50 | LR: 0.088526 | Train Loss: 3.2507 Acc: 14.90% | Test Loss: 3.0793 Top1: 17.68%
Epoch 12/50 | LR: 0.086448 | Train Loss: 3.1331 Acc: 17.38% | Test Loss: 2.9567 Top1: 21.50%
Epoch 13/50 | LR: 0.084227 | Train Loss: 3.0153 Acc: 19.78% | Test Loss: 2.9146 Top1: 22.33%
Epoch 14/50 | LR: 0.081871 | Train Loss: 2.9192 Acc: 22.12% | Test Loss: 2.8091 Top1: 23.77%
Epoch 15/50 | LR: 0.079389 | Train Loss: 2.7992 Acc: 24.37% | Test Loss: 2.5944 Top1: 28.84%
Epoch 16/50 | LR: 0.076791 | Train Loss: 2.7211 Acc: 26.03% | Test Loss: 2.5569 Top1: 30.25%
Epoch 17/50 | LR: 0.074088 | Train Loss: 2.6194 Acc: 28.09% | Test Loss: 2.5165 Top1: 30.93%
Epoch 18/50 | LR: 0.071289 | Train Loss: 2.4971 Acc: 30.87% | Test Loss: 2.3006 Top1: 35.28%
Epoch 19/50 | LR: 0.068406 | Train Loss: 2.4158 Acc: 32.60% | Test Loss: 2.3702 Top1: 35.24%
Epoch 20/50 | LR: 0.065451 | Train Loss: 2.3601 Acc: 34.53% | Test Loss: 2.3516 Top1: 36.42%
Epoch 21/50 | LR: 0.062434 | Train Loss: 2.3076 Acc: 35.85% | Test Loss: 2.2391 Top1: 38.07%
Epoch 22/50 | LR: 0.059369 | Train Loss: 2.1890 Acc: 38.41% | Test Loss: 2.1342 Top1: 40.61%
Epoch 23/50 | LR: 0.056267 | Train Loss: 2.1339 Acc: 40.27% | Test Loss: 2.0579 Top1: 42.71%
Epoch 24/50 | LR: 0.053140 | Train Loss: 2.0543 Acc: 41.74% | Test Loss: 2.0377 Top1: 42.94%
Epoch 25/50 | LR: 0.050000 | Train Loss: 1.9852 Acc: 43.67% | Test Loss: 1.9670 Top1: 45.13%
Epoch 26/50 | LR: 0.046860 | Train Loss: 1.9138 Acc: 45.95% | Test Loss: 2.0232 Top1: 44.41%
Epoch 27/50 | LR: 0.043733 | Train Loss: 1.8471 Acc: 47.39% | Test Loss: 1.9158 Top1: 47.43%
Epoch 28/50 | LR: 0.040631 | Train Loss: 1.7741 Acc: 49.21% | Test Loss: 1.8501 Top1: 49.19%
Epoch 29/50 | LR: 0.037566 | Train Loss: 1.7138 Acc: 50.88% | Test Loss: 1.8610 Top1: 48.85%
Epoch 30/50 | LR: 0.034549 | Train Loss: 1.6604 Acc: 52.39% | Test Loss: 1.7850 Top1: 50.47%
Epoch 31/50 | LR: 0.031594 | Train Loss: 1.5840 Acc: 54.35% | Test Loss: 1.7443 Top1: 52.18%
Epoch 32/50 | LR: 0.028711 | Train Loss: 1.5335 Acc: 55.96% | Test Loss: 1.7443 Top1: 52.86%
Epoch 33/50 | LR: 0.025912 | Train Loss: 1.4703 Acc: 57.56% | Test Loss: 1.7401 Top1: 53.42%
Epoch 34/50 | LR: 0.023209 | Train Loss: 1.4365 Acc: 58.37% | Test Loss: 1.6728 Top1: 54.37%
Epoch 35/50 | LR: 0.020611 | Train Loss: 1.3605 Acc: 60.17% | Test Loss: 1.7145 Top1: 54.57%
Epoch 36/50 | LR: 0.018129 | Train Loss: 1.3154 Acc: 61.57% | Test Loss: 1.6512 Top1: 55.42%
Epoch 37/50 | LR: 0.015773 | Train Loss: 1.2480 Acc: 63.55% | Test Loss: 1.6288 Top1: 56.43%
Epoch 38/50 | LR: 0.013552 | Train Loss: 1.2066 Acc: 64.54% | Test Loss: 1.6313 Top1: 57.10%
Epoch 39/50 | LR: 0.011474 | Train Loss: 1.1682 Acc: 65.64% | Test Loss: 1.6234 Top1: 57.95%
Epoch 40/50 | LR: 0.009549 | Train Loss: 1.1095 Acc: 66.86% | Test Loss: 1.5914 Top1: 58.82%
Epoch 41/50 | LR: 0.007784 | Train Loss: 1.0742 Acc: 68.18% | Test Loss: 1.5753 Top1: 59.20%
Epoch 42/50 | LR: 0.006185 | Train Loss: 1.0330 Acc: 69.03% | Test Loss: 1.5875 Top1: 59.32%
Epoch 43/50 | LR: 0.004759 | Train Loss: 0.9979 Acc: 70.08% | Test Loss: 1.6130 Top1: 59.55%
Epoch 44/50 | LR: 0.003511 | Train Loss: 0.9696 Acc: 70.93% | Test Loss: 1.6098 Top1: 59.58%
Epoch 45/50 | LR: 0.002447 | Train Loss: 0.9433 Acc: 71.63% | Test Loss: 1.6121 Top1: 59.85%
Epoch 46/50 | LR: 0.001571 | Train Loss: 0.9237 Acc: 72.09% | Test Loss: 1.5934 Top1: 59.98%
Epoch 47/50 | LR: 0.000886 | Train Loss: 0.9076 Acc: 72.51% | Test Loss: 1.5941 Top1: 60.36%
Epoch 48/50 | LR: 0.000394 | Train Loss: 0.9002 Acc: 72.96% | Test Loss: 1.5843 Top1: 60.44%
Epoch 49/50 | LR: 0.000099 | Train Loss: 0.8911 Acc: 73.06% | Test Loss: 1.6043 Top1: 60.26%
Epoch 50/50 | LR: 0.000000 | Train Loss: 0.8849 Acc: 73.29% | Test Loss: 1.6090 Top1: 60.41%

[DONE] Best Top1: 60.44%, Time: 3.8 min
[DONE] Results saved to /home/ccwang/sibyl-research-system/workspaces/dynamic-wd/current/exp/results/cifar100_vgg16bn_full/NoWD_seed456/default_results.json
