
Training SAE:   0%|          | 0/2000000 [00:00<?, ?it/s]
100| mse_loss: 0.05122 | auxiliary_reconstruction_loss: 0.00000:   0%|          | 0/2000000 [00:00<?, ?it/s]
100| mse_loss: 0.05122 | auxiliary_reconstruction_loss: 0.00000:   5%|▌         | 102400/2000000 [00:00<00:16, 111689.79it/s]
200| mse_loss: 0.02450 | auxiliary_reconstruction_loss: 0.00000:   5%|▌         | 102400/2000000 [00:01<00:16, 111689.79it/s]
200| mse_loss: 0.02450 | auxiliary_reconstruction_loss: 0.00000:  10%|█         | 204800/2000000 [00:01<00:12, 142354.18it/s]
300| mse_loss: 0.01292 | auxiliary_reconstruction_loss: 0.00000:  10%|█         | 204800/2000000 [00:02<00:12, 142354.18it/s]
300| mse_loss: 0.01292 | auxiliary_reconstruction_loss: 0.00000:  15%|█▌        | 307200/2000000 [00:02<00:11, 152747.39it/s]
400| mse_loss: 0.00521 | auxiliary_reconstruction_loss: 0.00000:  15%|█▌        | 307200/2000000 [00:02<00:11, 152747.39it/s]
400| mse_loss: 0.00521 | auxiliary_reconstruction_loss: 0.00000:  20%|██        | 409600/2000000 [00:02<00:10, 157169.49it/s]
500| mse_loss: 0.00677 | auxiliary_reconstruction_loss: 0.00000:  20%|██        | 409600/2000000 [00:03<00:10, 157169.49it/s]
500| mse_loss: 0.00677 | auxiliary_reconstruction_loss: 0.00000:  26%|██▌       | 512000/2000000 [00:03<00:09, 160851.95it/s]
600| mse_loss: 0.00376 | auxiliary_reconstruction_loss: 0.00000:  26%|██▌       | 512000/2000000 [00:03<00:09, 160851.95it/s]
600| mse_loss: 0.00376 | auxiliary_reconstruction_loss: 0.00000:  31%|███       | 614400/2000000 [00:03<00:08, 162388.53it/s]
700| mse_loss: 0.00242 | auxiliary_reconstruction_loss: 0.00000:  31%|███       | 614400/2000000 [00:04<00:08, 162388.53it/s]
700| mse_loss: 0.00242 | auxiliary_reconstruction_loss: 0.00000:  36%|███▌      | 716800/2000000 [00:04<00:07, 165363.76it/s]
800| mse_loss: 0.00317 | auxiliary_reconstruction_loss: 0.00000:  36%|███▌      | 716800/2000000 [00:05<00:07, 165363.76it/s]
800| mse_loss: 0.00317 | auxiliary_reconstruction_loss: 0.00000:  41%|████      | 819200/2000000 [00:05<00:07, 166039.96it/s]
900| mse_loss: 0.00334 | auxiliary_reconstruction_loss: 0.00000:  41%|████      | 819200/2000000 [00:05<00:07, 166039.96it/s]
900| mse_loss: 0.00334 | auxiliary_reconstruction_loss: 0.00000:  46%|████▌     | 921600/2000000 [00:05<00:06, 166443.54it/s]
1000| mse_loss: 0.00332 | auxiliary_reconstruction_loss: 0.00000:  46%|████▌     | 921600/2000000 [00:06<00:06, 166443.54it/s]
1000| mse_loss: 0.00332 | auxiliary_reconstruction_loss: 0.00000:  51%|█████     | 1024000/2000000 [00:06<00:05, 165772.45it/s]
1100| mse_loss: 0.00395 | auxiliary_reconstruction_loss: 0.00000:  51%|█████     | 1024000/2000000 [00:07<00:05, 165772.45it/s]
1100| mse_loss: 0.00395 | auxiliary_reconstruction_loss: 0.00000:  56%|█████▋    | 1126400/2000000 [00:07<00:05, 164509.22it/s]
1200| mse_loss: 0.00242 | auxiliary_reconstruction_loss: 0.00000:  56%|█████▋    | 1126400/2000000 [00:07<00:05, 164509.22it/s]
1200| mse_loss: 0.00242 | auxiliary_reconstruction_loss: 0.00000:  61%|██████▏   | 1228800/2000000 [00:07<00:04, 167806.92it/s]
1300| mse_loss: 0.00150 | auxiliary_reconstruction_loss: 0.00001:  61%|██████▏   | 1228800/2000000 [00:08<00:04, 167806.92it/s]
1300| mse_loss: 0.00150 | auxiliary_reconstruction_loss: 0.00001:  67%|██████▋   | 1331200/2000000 [00:08<00:03, 169326.95it/s]
1400| mse_loss: 0.00533 | auxiliary_reconstruction_loss: 0.00000:  67%|██████▋   | 1331200/2000000 [00:08<00:03, 169326.95it/s]
1400| mse_loss: 0.00533 | auxiliary_reconstruction_loss: 0.00000:  72%|███████▏  | 1433600/2000000 [00:08<00:03, 169743.86it/s]
1500| mse_loss: 0.00271 | auxiliary_reconstruction_loss: 0.00003:  72%|███████▏  | 1433600/2000000 [00:09<00:03, 169743.86it/s]
1500| mse_loss: 0.00271 | auxiliary_reconstruction_loss: 0.00003:  77%|███████▋  | 1536000/2000000 [00:09<00:02, 171130.57it/s]
1600| mse_loss: 0.00267 | auxiliary_reconstruction_loss: 0.00014:  77%|███████▋  | 1536000/2000000 [00:10<00:02, 171130.57it/s]
1600| mse_loss: 0.00267 | auxiliary_reconstruction_loss: 0.00014:  82%|████████▏ | 1638400/2000000 [00:10<00:02, 162089.34it/s]
1700| mse_loss: 0.00239 | auxiliary_reconstruction_loss: 0.00040:  82%|████████▏ | 1638400/2000000 [00:10<00:02, 162089.34it/s]
1700| mse_loss: 0.00239 | auxiliary_reconstruction_loss: 0.00040:  87%|████████▋ | 1740800/2000000 [00:10<00:01, 155989.61it/s]
1800| mse_loss: 0.00243 | auxiliary_reconstruction_loss: 0.00008:  87%|████████▋ | 1740800/2000000 [00:11<00:01, 155989.61it/s]
1800| mse_loss: 0.00243 | auxiliary_reconstruction_loss: 0.00008:  92%|█████████▏| 1843200/2000000 [00:11<00:01, 150559.38it/s]
1900| mse_loss: 0.00276 | auxiliary_reconstruction_loss: 0.00007:  92%|█████████▏| 1843200/2000000 [00:12<00:01, 150559.38it/s]
1900| mse_loss: 0.00276 | auxiliary_reconstruction_loss: 0.00007:  97%|█████████▋| 1945600/2000000 [00:12<00:00, 148039.23it/s]
1900| mse_loss: 0.00276 | auxiliary_reconstruction_loss: 0.00007:  97%|█████████▋| 1945600/2000000 [00:12<00:00, 153879.83it/s]

Using device: cuda

============================================================
Training: TopK (k=50) (task: pilot_topk)
============================================================
Creating synthetic model...
  Features: 1024, Hidden dim: 256
  Hierarchy: 32 roots, 4 branch, depth 3
Training SAE (topk)...
  d_in=256, d_sae=2048
  Training samples: 2,000,000
  Batch size: 1024
Training complete!
Running evaluation...
Computing absorption rate...
Computing hedging score...
Computing reconstruction MSE...
Results saved to exp/results/pilots/pilot_topk_results.json

--- Results Summary ---
  absorption_rate: 0.0328
  feature_recovery_mcc: 0.2146
  reconstruction_mse: 0.0078
  explained_variance: -0.4035
  l0_sparsity: 50.0000
  true_l0: 1.5776
  dead_latents: 1703
  dead_latents_pct: 83.1543
  shrinkage: 0.6272
  uniqueness: 0.3735
  hedging_score: 0.2339
  classification_precision: 0.0042
  classification_recall: 0.0162
  classification_f1: 0.0008
  classification_accuracy: 0.9738
  Time: 25.3s

--- Sanity Checks ---
  explained_variance_in_range: PASS (True)
  training_time_reasonable: PASS (True)
  dead_latents_reasonable: FAIL (False)
  mcc_variation_check: PENDING (pending_cross_variant)

Combined results saved to exp/results/pilots/pilot_all_results.json

