
Training SAE:   0%|          | 0/2000000 [00:00<?, ?it/s]
100| mse_loss: 0.03817 | l1_loss: 0.00304:   0%|          | 0/2000000 [00:00<?, ?it/s]
100| mse_loss: 0.03817 | l1_loss: 0.00304:   5%|▌         | 102400/2000000 [00:00<00:10, 176554.65it/s]
200| mse_loss: 0.02240 | l1_loss: 0.00612:   5%|▌         | 102400/2000000 [00:00<00:10, 176554.65it/s]
200| mse_loss: 0.02240 | l1_loss: 0.00612:  10%|█         | 204800/2000000 [00:00<00:07, 249182.18it/s]
300| mse_loss: 0.01369 | l1_loss: 0.00781:  10%|█         | 204800/2000000 [00:01<00:07, 249182.18it/s]
300| mse_loss: 0.01369 | l1_loss: 0.00781:  15%|█▌        | 307200/2000000 [00:01<00:05, 289073.50it/s]
400| mse_loss: 0.00860 | l1_loss: 0.00875:  15%|█▌        | 307200/2000000 [00:01<00:05, 289073.50it/s]
400| mse_loss: 0.00860 | l1_loss: 0.00875:  20%|██        | 409600/2000000 [00:01<00:05, 312644.17it/s]
500| mse_loss: 0.01171 | l1_loss: 0.00914:  20%|██        | 409600/2000000 [00:01<00:05, 312644.17it/s]
500| mse_loss: 0.01171 | l1_loss: 0.00914:  26%|██▌       | 512000/2000000 [00:01<00:04, 330643.37it/s]
600| mse_loss: 0.00444 | l1_loss: 0.00979:  26%|██▌       | 512000/2000000 [00:02<00:04, 330643.37it/s]
600| mse_loss: 0.00444 | l1_loss: 0.00979:  31%|███       | 614400/2000000 [00:02<00:04, 339601.98it/s]
700| mse_loss: 0.00652 | l1_loss: 0.00991:  31%|███       | 614400/2000000 [00:02<00:04, 339601.98it/s]
700| mse_loss: 0.00652 | l1_loss: 0.00991:  36%|███▌      | 716800/2000000 [00:02<00:03, 345915.10it/s]
800| mse_loss: 0.00351 | l1_loss: 0.00955:  36%|███▌      | 716800/2000000 [00:02<00:03, 345915.10it/s]
800| mse_loss: 0.00351 | l1_loss: 0.00955:  41%|████      | 819200/2000000 [00:02<00:03, 350859.11it/s]
900| mse_loss: 0.00486 | l1_loss: 0.00973:  41%|████      | 819200/2000000 [00:02<00:03, 350859.11it/s]
900| mse_loss: 0.00486 | l1_loss: 0.00973:  46%|████▌     | 921600/2000000 [00:02<00:03, 349773.89it/s]
1000| mse_loss: 0.00271 | l1_loss: 0.00971:  46%|████▌     | 921600/2000000 [00:03<00:03, 349773.89it/s]
1000| mse_loss: 0.00271 | l1_loss: 0.00971:  51%|█████     | 1024000/2000000 [00:03<00:02, 348848.57it/s]
1100| mse_loss: 0.00365 | l1_loss: 0.00953:  51%|█████     | 1024000/2000000 [00:03<00:02, 348848.57it/s]
1100| mse_loss: 0.00365 | l1_loss: 0.00953:  56%|█████▋    | 1126400/2000000 [00:03<00:02, 349544.55it/s]
1200| mse_loss: 0.00421 | l1_loss: 0.00983:  56%|█████▋    | 1126400/2000000 [00:03<00:02, 349544.55it/s]
1200| mse_loss: 0.00421 | l1_loss: 0.00983:  61%|██████▏   | 1228800/2000000 [00:03<00:02, 349032.85it/s]
1300| mse_loss: 0.00178 | l1_loss: 0.00911:  61%|██████▏   | 1228800/2000000 [00:04<00:02, 349032.85it/s]
1300| mse_loss: 0.00178 | l1_loss: 0.00911:  67%|██████▋   | 1331200/2000000 [00:04<00:01, 348995.55it/s]
1400| mse_loss: 0.00307 | l1_loss: 0.00940:  67%|██████▋   | 1331200/2000000 [00:04<00:01, 348995.55it/s]
1400| mse_loss: 0.00307 | l1_loss: 0.00940:  72%|███████▏  | 1433600/2000000 [00:04<00:01, 350170.61it/s]
1500| mse_loss: 0.00139 | l1_loss: 0.00942:  72%|███████▏  | 1433600/2000000 [00:04<00:01, 350170.61it/s]
1500| mse_loss: 0.00139 | l1_loss: 0.00942:  77%|███████▋  | 1536000/2000000 [00:04<00:01, 349832.78it/s]
1600| mse_loss: 0.00183 | l1_loss: 0.00931:  77%|███████▋  | 1536000/2000000 [00:04<00:01, 349832.78it/s]
1600| mse_loss: 0.00183 | l1_loss: 0.00931:  82%|████████▏ | 1638400/2000000 [00:04<00:01, 354270.46it/s]
1700| mse_loss: 0.00218 | l1_loss: 0.00972:  82%|████████▏ | 1638400/2000000 [00:05<00:01, 354270.46it/s]
1700| mse_loss: 0.00218 | l1_loss: 0.00972:  87%|████████▋ | 1740800/2000000 [00:05<00:00, 358091.63it/s]
1800| mse_loss: 0.00246 | l1_loss: 0.00994:  87%|████████▋ | 1740800/2000000 [00:05<00:00, 358091.63it/s]
1800| mse_loss: 0.00246 | l1_loss: 0.00994:  92%|█████████▏| 1843200/2000000 [00:05<00:00, 363000.89it/s]
1900| mse_loss: 0.00079 | l1_loss: 0.00931:  92%|█████████▏| 1843200/2000000 [00:05<00:00, 363000.89it/s]
1900| mse_loss: 0.00079 | l1_loss: 0.00931:  97%|█████████▋| 1945600/2000000 [00:05<00:00, 360791.58it/s]
1900| mse_loss: 0.00079 | l1_loss: 0.00931:  97%|█████████▋| 1945600/2000000 [00:05<00:00, 329319.58it/s]

Using device: cuda

============================================================
Training: Baseline ReLU (task: pilot_baseline)
============================================================
Creating synthetic model...
  Features: 1024, Hidden dim: 256
  Hierarchy: 32 roots, 4 branch, depth 3
Training SAE (standard)...
  d_in=256, d_sae=2048
  Training samples: 2,000,000
  Batch size: 1024
Training complete!
Running evaluation...
Computing absorption rate...
Computing hedging score...
Computing reconstruction MSE...
Results saved to exp/results/pilots/pilot_baseline_results.json

--- Results Summary ---
  absorption_rate: 0.2258
  feature_recovery_mcc: 0.2161
  reconstruction_mse: 0.0107
  explained_variance: -0.9338
  l0_sparsity: 1047.5324
  true_l0: 1.5825
  dead_latents: 0
  dead_latents_pct: 0.0000
  shrinkage: 1.0280
  uniqueness: 0.3882
  hedging_score: 0.2324
  classification_precision: 0.0030
  classification_recall: 0.1587
  classification_f1: 0.0045
  classification_accuracy: 0.4887
  Time: 19.1s

--- Sanity Checks ---
  explained_variance_in_range: PASS (True)
  training_time_reasonable: PASS (True)
  dead_latents_reasonable: PASS (True)
  mcc_variation_check: PENDING (pending_cross_variant)

Combined results saved to exp/results/pilots/pilot_all_results.json

