Using device: cuda

============================================================
Random Control (task: pilot_random_control)
============================================================
Creating synthetic model...
Evaluating random decoder...
Results saved to exp/results/pilots/pilot_random_control_results.json

--- Results Summary ---
  absorption_rate: 0.4519
  feature_recovery_mcc: 0.2210
  reconstruction_mse: 0.6633
  explained_variance: -118.6304
  l0_sparsity: 1043.6253
  true_l0: 1.5785
  dead_latents: 0
  dead_latents_pct: 0.0000
  shrinkage: 8.9954
  uniqueness: 0.4307
  hedging_score: 0.2466
  classification_precision: 0.0028
  classification_recall: 0.1931
  classification_f1: 0.0041
  classification_accuracy: 0.4906

Combined results saved to exp/results/pilots/pilot_all_results.json

