
Training SAE:   0%|          | 0/2000000 [00:00<?, ?it/s]
100| mse_loss: 0.04543 | auxiliary_reconstruction_loss: 0.00000 | inner_mse_loss_512: 0.05599 | inner_mse_loss_1024: 0.04818:   0%|          | 0/2000000 [00:01<?, ?it/s]
100| mse_loss: 0.04543 | auxiliary_reconstruction_loss: 0.00000 | inner_mse_loss_512: 0.05599 | inner_mse_loss_1024: 0.04818:   5%|▌         | 102400/2000000 [00:01<00:23, 80602.11it/s]
200| mse_loss: 0.00997 | auxiliary_reconstruction_loss: 0.00000 | inner_mse_loss_512: 0.02233 | inner_mse_loss_1024: 0.01348:   5%|▌         | 102400/2000000 [00:02<00:23, 80602.11it/s]
200| mse_loss: 0.00997 | auxiliary_reconstruction_loss: 0.00000 | inner_mse_loss_512: 0.02233 | inner_mse_loss_1024: 0.01348:  10%|█         | 204800/2000000 [00:02<00:18, 95722.93it/s]
300| mse_loss: 0.00489 | auxiliary_reconstruction_loss: 0.00000 | inner_mse_loss_512: 0.01334 | inner_mse_loss_1024: 0.00683:  10%|█         | 204800/2000000 [00:03<00:18, 95722.93it/s]
300| mse_loss: 0.00489 | auxiliary_reconstruction_loss: 0.00000 | inner_mse_loss_512: 0.01334 | inner_mse_loss_1024: 0.00683:  15%|█▌        | 307200/2000000 [00:03<00:16, 101807.45it/s]
400| mse_loss: 0.00404 | auxiliary_reconstruction_loss: 0.00000 | inner_mse_loss_512: 0.00977 | inner_mse_loss_1024: 0.00507:  15%|█▌        | 307200/2000000 [00:04<00:16, 101807.45it/s]
400| mse_loss: 0.00404 | auxiliary_reconstruction_loss: 0.00000 | inner_mse_loss_512: 0.00977 | inner_mse_loss_1024: 0.00507:  20%|██        | 409600/2000000 [00:04<00:14, 106374.61it/s]
500| mse_loss: 0.00319 | auxiliary_reconstruction_loss: 0.00000 | inner_mse_loss_512: 0.00589 | inner_mse_loss_1024: 0.00356:  20%|██        | 409600/2000000 [00:04<00:14, 106374.61it/s]
500| mse_loss: 0.00319 | auxiliary_reconstruction_loss: 0.00000 | inner_mse_loss_512: 0.00589 | inner_mse_loss_1024: 0.00356:  26%|██▌       | 512000/2000000 [00:04<00:13, 107979.04it/s]
600| mse_loss: 0.00206 | auxiliary_reconstruction_loss: 0.00000 | inner_mse_loss_512: 0.00403 | inner_mse_loss_1024: 0.00224:  26%|██▌       | 512000/2000000 [00:05<00:13, 107979.04it/s]
600| mse_loss: 0.00206 | auxiliary_reconstruction_loss: 0.00000 | inner_mse_loss_512: 0.00403 | inner_mse_loss_1024: 0.00224:  31%|███       | 614400/2000000 [00:05<00:12, 110350.66it/s]
700| mse_loss: 0.00194 | auxiliary_reconstruction_loss: 0.00000 | inner_mse_loss_512: 0.00293 | inner_mse_loss_1024: 0.00211:  31%|███       | 614400/2000000 [00:06<00:12, 110350.66it/s]
700| mse_loss: 0.00194 | auxiliary_reconstruction_loss: 0.00000 | inner_mse_loss_512: 0.00293 | inner_mse_loss_1024: 0.00211:  36%|███▌      | 716800/2000000 [00:06<00:11, 111923.06it/s]
800| mse_loss: 0.00083 | auxiliary_reconstruction_loss: 0.00000 | inner_mse_loss_512: 0.00241 | inner_mse_loss_1024: 0.00132:  36%|███▌      | 716800/2000000 [00:07<00:11, 111923.06it/s]
800| mse_loss: 0.00083 | auxiliary_reconstruction_loss: 0.00000 | inner_mse_loss_512: 0.00241 | inner_mse_loss_1024: 0.00132:  41%|████      | 819200/2000000 [00:07<00:10, 112284.66it/s]
900| mse_loss: 0.00057 | auxiliary_reconstruction_loss: 0.00000 | inner_mse_loss_512: 0.00112 | inner_mse_loss_1024: 0.00060:  41%|████      | 819200/2000000 [00:08<00:10, 112284.66it/s]
900| mse_loss: 0.00057 | auxiliary_reconstruction_loss: 0.00000 | inner_mse_loss_512: 0.00112 | inner_mse_loss_1024: 0.00060:  46%|████▌     | 921600/2000000 [00:08<00:09, 112243.46it/s]
1000| mse_loss: 0.00161 | auxiliary_reconstruction_loss: 0.00000 | inner_mse_loss_512: 0.00208 | inner_mse_loss_1024: 0.00170:  46%|████▌     | 921600/2000000 [00:09<00:09, 112243.46it/s]
1000| mse_loss: 0.00161 | auxiliary_reconstruction_loss: 0.00000 | inner_mse_loss_512: 0.00208 | inner_mse_loss_1024: 0.00170:  51%|█████     | 1024000/2000000 [00:09<00:08, 112347.00it/s]
1100| mse_loss: 0.00040 | auxiliary_reconstruction_loss: 0.00001 | inner_mse_loss_512: 0.00076 | inner_mse_loss_1024: 0.00041:  51%|█████     | 1024000/2000000 [00:10<00:08, 112347.00it/s]
1100| mse_loss: 0.00040 | auxiliary_reconstruction_loss: 0.00001 | inner_mse_loss_512: 0.00076 | inner_mse_loss_1024: 0.00041:  56%|█████▋    | 1126400/2000000 [00:10<00:07, 112488.01it/s]
1200| mse_loss: 0.00131 | auxiliary_reconstruction_loss: 0.00000 | inner_mse_loss_512: 0.00219 | inner_mse_loss_1024: 0.00183:  56%|█████▋    | 1126400/2000000 [00:11<00:07, 112488.01it/s]
1200| mse_loss: 0.00131 | auxiliary_reconstruction_loss: 0.00000 | inner_mse_loss_512: 0.00219 | inner_mse_loss_1024: 0.00183:  61%|██████▏   | 1228800/2000000 [00:11<00:06, 113163.42it/s]
1300| mse_loss: 0.00149 | auxiliary_reconstruction_loss: 0.00009 | inner_mse_loss_512: 0.00238 | inner_mse_loss_1024: 0.00174:  61%|██████▏   | 1228800/2000000 [00:12<00:06, 113163.42it/s]
1300| mse_loss: 0.00149 | auxiliary_reconstruction_loss: 0.00009 | inner_mse_loss_512: 0.00238 | inner_mse_loss_1024: 0.00174:  67%|██████▋   | 1331200/2000000 [00:12<00:05, 113100.46it/s]
1400| mse_loss: 0.00158 | auxiliary_reconstruction_loss: 0.00019 | inner_mse_loss_512: 0.00171 | inner_mse_loss_1024: 0.00154:  67%|██████▋   | 1331200/2000000 [00:13<00:05, 113100.46it/s]
1400| mse_loss: 0.00158 | auxiliary_reconstruction_loss: 0.00019 | inner_mse_loss_512: 0.00171 | inner_mse_loss_1024: 0.00154:  72%|███████▏  | 1433600/2000000 [00:13<00:04, 114397.57it/s]
1500| mse_loss: 0.00098 | auxiliary_reconstruction_loss: 0.00022 | inner_mse_loss_512: 0.00145 | inner_mse_loss_1024: 0.00101:  72%|███████▏  | 1433600/2000000 [00:13<00:04, 114397.57it/s]
1500| mse_loss: 0.00098 | auxiliary_reconstruction_loss: 0.00022 | inner_mse_loss_512: 0.00145 | inner_mse_loss_1024: 0.00101:  77%|███████▋  | 1536000/2000000 [00:13<00:04, 115389.20it/s]
1600| mse_loss: 0.00181 | auxiliary_reconstruction_loss: 0.00005 | inner_mse_loss_512: 0.00278 | inner_mse_loss_1024: 0.00210:  77%|███████▋  | 1536000/2000000 [00:14<00:04, 115389.20it/s]
1600| mse_loss: 0.00181 | auxiliary_reconstruction_loss: 0.00005 | inner_mse_loss_512: 0.00278 | inner_mse_loss_1024: 0.00210:  82%|████████▏ | 1638400/2000000 [00:14<00:03, 116473.85it/s]
1700| mse_loss: 0.00155 | auxiliary_reconstruction_loss: 0.00000 | inner_mse_loss_512: 0.00238 | inner_mse_loss_1024: 0.00174:  82%|████████▏ | 1638400/2000000 [00:15<00:03, 116473.85it/s]
1700| mse_loss: 0.00155 | auxiliary_reconstruction_loss: 0.00000 | inner_mse_loss_512: 0.00238 | inner_mse_loss_1024: 0.00174:  87%|████████▋ | 1740800/2000000 [00:15<00:02, 117600.01it/s]
1800| mse_loss: 0.00101 | auxiliary_reconstruction_loss: 0.00001 | inner_mse_loss_512: 0.00147 | inner_mse_loss_1024: 0.00102:  87%|████████▋ | 1740800/2000000 [00:16<00:02, 117600.01it/s]
1800| mse_loss: 0.00101 | auxiliary_reconstruction_loss: 0.00001 | inner_mse_loss_512: 0.00147 | inner_mse_loss_1024: 0.00102:  92%|█████████▏| 1843200/2000000 [00:16<00:01, 118619.24it/s]
1900| mse_loss: 0.00269 | auxiliary_reconstruction_loss: 0.00000 | inner_mse_loss_512: 0.00412 | inner_mse_loss_1024: 0.00304:  92%|█████████▏| 1843200/2000000 [00:17<00:01, 118619.24it/s]
1900| mse_loss: 0.00269 | auxiliary_reconstruction_loss: 0.00000 | inner_mse_loss_512: 0.00412 | inner_mse_loss_1024: 0.00304:  97%|█████████▋| 1945600/2000000 [00:17<00:00, 117811.56it/s]
1900| mse_loss: 0.00269 | auxiliary_reconstruction_loss: 0.00000 | inner_mse_loss_512: 0.00412 | inner_mse_loss_1024: 0.00304:  97%|█████████▋| 1945600/2000000 [00:17<00:00, 109244.46it/s]

Using device: cuda

============================================================
Training: MultiScale (Matryoshka) (task: pilot_multiscale)
============================================================
Creating synthetic model...
  Features: 1024, Hidden dim: 256
  Hierarchy: 32 roots, 4 branch, depth 3
Training SAE (matryoshka_batchtopk)...
  d_in=256, d_sae=2048
  Training samples: 2,000,000
  Batch size: 1024
Training complete!
Running evaluation...
Computing absorption rate...
Computing hedging score...
Computing reconstruction MSE...
Results saved to exp/results/pilots/pilot_multiscale_results.json

--- Results Summary ---
  absorption_rate: 0.0416
  feature_recovery_mcc: 0.2193
  reconstruction_mse: 0.0074
  explained_variance: -0.3353
  l0_sparsity: 50.0000
  true_l0: 1.5822
  dead_latents: 1197
  dead_latents_pct: 58.4473
  shrinkage: 0.6373
  uniqueness: 0.4077
  hedging_score: 0.2324
  classification_precision: 0.0059
  classification_recall: 0.0201
  classification_f1: 0.0025
  classification_accuracy: 0.9744
  Time: 27.2s

--- Sanity Checks ---
  explained_variance_in_range: PASS (True)
  training_time_reasonable: PASS (True)
  dead_latents_reasonable: FAIL (False)
  mcc_variation_check: PENDING (pending_cross_variant)

Combined results saved to exp/results/pilots/pilot_all_results.json

