============================================================
Training resnet20_nobn on cifar10
WD method: constant, base WD: 0.0005
Epochs: 200, LR: 0.0005, Batch: 128
Seed: 123, Device: cuda:7
Output: /home/ccwang/sibyl-research-system/workspaces/dynamic-wd/current/exp/results/full/nobn/cifar10/resnet20_nobn/constant/seed_123
============================================================
  E  0/200: loss=1.8882 tr_acc=28.03% te_acc=38.96% wn=18.12 CSI=0.0000 AIS=0.5334 BEM=0.0000
  E 10/200: loss=0.7986 tr_acc=71.43% te_acc=71.45% wn=26.59 CSI=0.3898 AIS=0.3643 BEM=0.0000
  E 20/200: loss=0.5462 tr_acc=80.75% te_acc=78.49% wn=31.30 CSI=0.0775 AIS=0.3978 BEM=0.0000
  E 30/200: loss=0.4188 tr_acc=85.27% te_acc=83.09% wn=35.16 CSI=0.0661 AIS=0.4393 BEM=0.0000
  E 40/200: loss=0.3424 tr_acc=88.04% te_acc=84.39% wn=38.34 CSI=0.0664 AIS=0.3187 BEM=0.0000
  E 50/200: loss=0.2804 tr_acc=89.98% te_acc=85.30% wn=40.97 CSI=0.0690 AIS=0.4148 BEM=0.0000
  E 60/200: loss=0.2370 tr_acc=91.55% te_acc=85.13% wn=43.15 CSI=0.0597 AIS=0.5300 BEM=0.0000
  E 70/200: loss=0.1992 tr_acc=92.85% te_acc=85.73% wn=44.91 CSI=0.0660 AIS=0.2829 BEM=0.0000
  E 80/200: loss=0.1699 tr_acc=93.86% te_acc=86.24% wn=46.35 CSI=0.0986 AIS=0.3954 BEM=0.0000
  E 90/200: loss=0.1379 tr_acc=94.98% te_acc=86.19% wn=47.46 CSI=0.0660 AIS=0.5669 BEM=0.0000
  E100/200: loss=0.1200 tr_acc=95.69% te_acc=86.40% wn=48.29 CSI=0.0790 AIS=0.4905 BEM=0.0000
  E110/200: loss=0.1010 tr_acc=96.32% te_acc=86.84% wn=48.90 CSI=0.0867 AIS=0.3899 BEM=0.0000
  E120/200: loss=0.0818 tr_acc=96.96% te_acc=86.64% wn=49.33 CSI=0.1421 AIS=0.4853 BEM=0.0000
  E130/200: loss=0.0666 tr_acc=97.64% te_acc=86.61% wn=49.63 CSI=0.1534 AIS=0.5093 BEM=0.0000
  E140/200: loss=0.0514 tr_acc=98.14% te_acc=87.29% wn=49.81 CSI=0.1513 AIS=0.5050 BEM=0.0000
  E150/200: loss=0.0416 tr_acc=98.51% te_acc=87.09% wn=49.93 CSI=0.1809 AIS=0.5359 BEM=0.0000
  E160/200: loss=0.0340 tr_acc=98.81% te_acc=87.32% wn=50.00 CSI=0.1779 AIS=0.5297 BEM=0.0000
  E170/200: loss=0.0281 tr_acc=99.03% te_acc=87.32% wn=50.04 CSI=0.2379 AIS=0.3402 BEM=0.0000
  E180/200: loss=0.0252 tr_acc=99.10% te_acc=87.44% wn=50.06 CSI=0.2908 AIS=0.4174 BEM=0.0000
  E190/200: loss=0.0224 tr_acc=99.23% te_acc=87.44% wn=50.07 CSI=0.4188 AIS=0.4335 BEM=0.0000
  E199/200: loss=0.0202 tr_acc=99.31% te_acc=87.45% wn=50.07 CSI=0.8680 AIS=0.5078 BEM=0.0000

Done! Best: 87.66%, Time: 2687.9s
