============================================================
Training resnet20 on cifar10
WD method: constant, base WD: 5e-05
Epochs: 200, LR: 0.001, Batch: 128
Seed: 456, Device: cuda:6
Output: /home/ccwang/sibyl-research-system/workspaces/dynamic-wd/current/exp/results/full/rho_sweep/cifar10/rho_low/constant/seed_456
============================================================
  E  0/200: loss=1.4522 tr_acc=46.09% te_acc=54.11% wn=33.81 CSI=0.0000 AIS=0.4146 BEM=0.0000
  E 10/200: loss=0.4672 tr_acc=83.95% te_acc=79.54% wn=45.98 CSI=0.0901 AIS=0.4400 BEM=0.0000
  E 20/200: loss=0.3282 tr_acc=88.57% te_acc=84.36% wn=55.91 CSI=0.0535 AIS=0.3426 BEM=0.0000
  E 30/200: loss=0.2580 tr_acc=90.88% te_acc=86.71% wn=64.28 CSI=0.0529 AIS=0.3479 BEM=0.0000
  E 40/200: loss=0.2037 tr_acc=92.80% te_acc=87.41% wn=71.30 CSI=0.0654 AIS=0.4329 BEM=0.0000
  E 50/200: loss=0.1686 tr_acc=93.95% te_acc=87.50% wn=77.16 CSI=0.0602 AIS=0.3409 BEM=0.0000
  E 60/200: loss=0.1341 tr_acc=95.17% te_acc=88.14% wn=81.94 CSI=0.0624 AIS=0.3582 BEM=0.0000
  E 70/200: loss=0.1162 tr_acc=95.82% te_acc=88.22% wn=85.81 CSI=0.0623 AIS=0.3646 BEM=0.0000
  E 80/200: loss=0.0935 tr_acc=96.67% te_acc=88.47% wn=88.89 CSI=0.0730 AIS=0.3145 BEM=-0.0000
  E 90/200: loss=0.0770 tr_acc=97.24% te_acc=88.27% wn=91.29 CSI=0.0719 AIS=0.3820 BEM=0.0000
  E100/200: loss=0.0619 tr_acc=97.71% te_acc=88.99% wn=93.11 CSI=0.0936 AIS=0.3970 BEM=0.0000
  E110/200: loss=0.0497 tr_acc=98.27% te_acc=89.28% wn=94.42 CSI=0.0875 AIS=0.3078 BEM=0.0000
  E120/200: loss=0.0395 tr_acc=98.63% te_acc=89.06% wn=95.35 CSI=0.1352 AIS=0.2833 BEM=0.0000
  E130/200: loss=0.0316 tr_acc=98.91% te_acc=89.52% wn=95.97 CSI=0.1295 AIS=0.3585 BEM=0.0000
  E140/200: loss=0.0254 tr_acc=99.14% te_acc=89.86% wn=96.36 CSI=0.1620 AIS=0.3918 BEM=0.0000
  E150/200: loss=0.0203 tr_acc=99.33% te_acc=89.78% wn=96.58 CSI=0.1621 AIS=0.2860 BEM=0.0000
  E160/200: loss=0.0144 tr_acc=99.56% te_acc=89.75% wn=96.70 CSI=0.2080 AIS=0.4016 BEM=0.0000
  E170/200: loss=0.0127 tr_acc=99.60% te_acc=90.05% wn=96.77 CSI=0.2462 AIS=0.3255 BEM=0.0000
  E180/200: loss=0.0115 tr_acc=99.67% te_acc=89.75% wn=96.79 CSI=0.3504 AIS=0.3554 BEM=0.0000
  E190/200: loss=0.0109 tr_acc=99.67% te_acc=89.87% wn=96.80 CSI=0.4266 AIS=0.3312 BEM=0.0000
  E199/200: loss=0.0092 tr_acc=99.76% te_acc=89.94% wn=96.80 CSI=0.8552 AIS=0.3190 BEM=0.0000

Done! Best: 90.05%, Time: 4608.0s
