[INFO] GPU forced to: 0
[INFO] Using device: cuda:0 (CUDA_VISIBLE_DEVICES=0)
[INFO] Seeds to train: [42, 7, 13, 21] (batch=1)
[INFO] N_EPOCHS=200, BATCH_SIZE=64, LR=0.0001, SIGREG_WEIGHT=0.1
[PID] Written PID 948639 to /home/qhxie/AutoResearch-SibylSystem/workspaces/lewm-generalization/current/exp/results/train_lewm_sigreg_primary.pid

======================================================================
FULL: train_lewm_sigreg_primary
LeWM-SIGReg: 4 seeds x 200 epochs on 18/27 CoGenT training split
Seeds: [42, 7, 13, 21]
======================================================================

[DATA] Loading split definitions...
  Training combos: 18
  Holdout combos: 9

[DATA] Loading 18 training HDF5 files (200 traj each)...
  Loaded 18 HDF5 files in 70.6s

[DATA] Building PhysicsDataset...
  [Dataset] 205200 sequences from 3600 trajectories
  Total sequences: 205200

[VRAM] Probing max batch size for GPU...
  Probed max batch size: 256
  Using batch size: 256

============================================================
[TRAIN] Seed 42 (1/4) | GPU 0
============================================================
  Model parameters: 1,947,200 (1.95M)
  [Seed 42] Epoch   1/200 | total=1.7622 | pred=0.6042 | sigreg=11.58010 | lr=1.00e-04 | ETA: 34.3min
  [Seed 42] Epoch  10/200 | total=0.5587 | pred=0.2020 | sigreg=3.56702 | lr=9.94e-05 | ETA: 31.8min
  [Seed 42] Epoch  20/200 | total=0.4385 | pred=0.1356 | sigreg=3.02833 | lr=9.76e-05 | ETA: 29.9min
  [Seed 42] Epoch  30/200 | total=0.3863 | pred=0.1102 | sigreg=2.76086 | lr=9.46e-05 | ETA: 28.1min
  [Seed 42] Epoch  40/200 | total=0.3533 | pred=0.0946 | sigreg=2.58700 | lr=9.05e-05 | ETA: 26.7min
  [Seed 42] Epoch  50/200 | total=0.3307 | pred=0.0842 | sigreg=2.46544 | lr=8.54e-05 | ETA: 25.2min
  [Seed 42] Epoch  60/200 | total=0.3135 | pred=0.0760 | sigreg=2.37434 | lr=7.94e-05 | ETA: 23.6min
  [Seed 42] Epoch  70/200 | total=0.2994 | pred=0.0694 | sigreg=2.30002 | lr=7.27e-05 | ETA: 22.0min
  [Seed 42] Epoch  80/200 | total=0.2879 | pred=0.0640 | sigreg=2.23951 | lr=6.55e-05 | ETA: 20.3min
  [Seed 42] Epoch  90/200 | total=0.2778 | pred=0.0594 | sigreg=2.18348 | lr=5.78e-05 | ETA: 18.6min
  [Seed 42] Epoch 100/200 | total=0.2696 | pred=0.0555 | sigreg=2.14095 | lr=5.00e-05 | ETA: 16.9min
  [Seed 42] Epoch 110/200 | total=0.2621 | pred=0.0522 | sigreg=2.09853 | lr=4.22e-05 | ETA: 15.2min
  [Seed 42] Epoch 120/200 | total=0.2566 | pred=0.0494 | sigreg=2.07201 | lr=3.45e-05 | ETA: 13.6min
  [Seed 42] Epoch 130/200 | total=0.2497 | pred=0.0469 | sigreg=2.02850 | lr=2.73e-05 | ETA: 12.0min
  [Seed 42] Epoch 140/200 | total=0.2468 | pred=0.0448 | sigreg=2.02032 | lr=2.06e-05 | ETA: 10.3min
  [Seed 42] Epoch 150/200 | total=0.2432 | pred=0.0431 | sigreg=2.00105 | lr=1.46e-05 | ETA: 8.6min
  [Seed 42] Epoch 160/200 | total=0.2395 | pred=0.0417 | sigreg=1.97761 | lr=9.55e-06 | ETA: 6.9min
  [Seed 42] Epoch 170/200 | total=0.2373 | pred=0.0408 | sigreg=1.96540 | lr=5.45e-06 | ETA: 5.2min
  [Seed 42] Epoch 180/200 | total=0.2366 | pred=0.0402 | sigreg=1.96373 | lr=2.45e-06 | ETA: 3.5min
  [Seed 42] Epoch 190/200 | total=0.2347 | pred=0.0398 | sigreg=1.94834 | lr=6.16e-07 | ETA: 1.7min
  [Seed 42] Epoch 200/200 | total=0.2342 | pred=0.0397 | sigreg=1.94448 | lr=0.00e+00 | ETA: 0.0min

  [Seed 42] Done: 35.1 min | loss: 1.7622 -> 0.2342
  [Seed 42] Checkpoint saved: /home/qhxie/AutoResearch-SibylSystem/workspaces/lewm-generalization/current/exp/results/full/lewm_sigreg_primary/seed42_epoch200.pt
  [Save] Intermediate summary updated.

============================================================
[TRAIN] Seed 7 (2/4) | GPU 0
============================================================
  [Seed 7] Epoch   1/200 | total=1.8061 | pred=0.6035 | sigreg=12.02620 | lr=1.00e-04 | ETA: 35.5min
  [Seed 7] Epoch  10/200 | total=0.5531 | pred=0.2001 | sigreg=3.53010 | lr=9.94e-05 | ETA: 34.5min
  [Seed 7] Epoch  20/200 | total=0.4418 | pred=0.1377 | sigreg=3.04112 | lr=9.76e-05 | ETA: 32.8min
  [Seed 7] Epoch  30/200 | total=0.3907 | pred=0.1139 | sigreg=2.76847 | lr=9.46e-05 | ETA: 31.0min
  [Seed 7] Epoch  40/200 | total=0.3595 | pred=0.0991 | sigreg=2.60468 | lr=9.05e-05 | ETA: 29.2min
  [Seed 7] Epoch  50/200 | total=0.3364 | pred=0.0883 | sigreg=2.48147 | lr=8.54e-05 | ETA: 27.4min
  [Seed 7] Epoch  60/200 | total=0.3185 | pred=0.0801 | sigreg=2.38456 | lr=7.94e-05 | ETA: 25.6min
  [Seed 7] Epoch  70/200 | total=0.3035 | pred=0.0735 | sigreg=2.30049 | lr=7.27e-05 | ETA: 23.7min
  [Seed 7] Epoch  80/200 | total=0.2913 | pred=0.0678 | sigreg=2.23539 | lr=6.55e-05 | ETA: 21.9min
  [Seed 7] Epoch  90/200 | total=0.2824 | pred=0.0631 | sigreg=2.19219 | lr=5.78e-05 | ETA: 20.1min
  [Seed 7] Epoch 100/200 | total=0.2732 | pred=0.0592 | sigreg=2.13977 | lr=5.00e-05 | ETA: 18.3min
  [Seed 7] Epoch 110/200 | total=0.2660 | pred=0.0555 | sigreg=2.10461 | lr=4.22e-05 | ETA: 16.4min
  [Seed 7] Epoch 120/200 | total=0.2594 | pred=0.0523 | sigreg=2.07101 | lr=3.45e-05 | ETA: 14.6min
  [Seed 7] Epoch 130/200 | total=0.2540 | pred=0.0497 | sigreg=2.04254 | lr=2.73e-05 | ETA: 12.8min
  [Seed 7] Epoch 140/200 | total=0.2489 | pred=0.0474 | sigreg=2.01417 | lr=2.06e-05 | ETA: 10.9min
  [Seed 7] Epoch 150/200 | total=0.2444 | pred=0.0456 | sigreg=1.98839 | lr=1.46e-05 | ETA: 9.1min
  [Seed 7] Epoch 160/200 | total=0.2418 | pred=0.0442 | sigreg=1.97578 | lr=9.55e-06 | ETA: 7.3min
  [Seed 7] Epoch 170/200 | total=0.2403 | pred=0.0432 | sigreg=1.97145 | lr=5.45e-06 | ETA: 5.5min
  [Seed 7] Epoch 180/200 | total=0.2383 | pred=0.0425 | sigreg=1.95748 | lr=2.45e-06 | ETA: 3.6min
  [Seed 7] Epoch 190/200 | total=0.2365 | pred=0.0422 | sigreg=1.94392 | lr=6.16e-07 | ETA: 1.8min
  [Seed 7] Epoch 200/200 | total=0.2360 | pred=0.0420 | sigreg=1.93939 | lr=0.00e+00 | ETA: 0.0min

  [Seed 7] Done: 36.4 min | loss: 1.8061 -> 0.2360
  [Seed 7] Checkpoint saved: /home/qhxie/AutoResearch-SibylSystem/workspaces/lewm-generalization/current/exp/results/full/lewm_sigreg_primary/seed7_epoch200.pt
  [Save] Intermediate summary updated.

============================================================
[TRAIN] Seed 13 (3/4) | GPU 0
============================================================
  [Seed 13] Epoch   1/200 | total=1.6731 | pred=0.5840 | sigreg=10.89116 | lr=1.00e-04 | ETA: 36.4min
  [Seed 13] Epoch  10/200 | total=0.5491 | pred=0.1976 | sigreg=3.51572 | lr=9.94e-05 | ETA: 34.9min
  [Seed 13] Epoch  20/200 | total=0.4403 | pred=0.1378 | sigreg=3.02439 | lr=9.76e-05 | ETA: 32.9min
  [Seed 13] Epoch  30/200 | total=0.3892 | pred=0.1134 | sigreg=2.75790 | lr=9.46e-05 | ETA: 31.0min
  [Seed 13] Epoch  40/200 | total=0.3573 | pred=0.0980 | sigreg=2.59279 | lr=9.05e-05 | ETA: 29.1min
  [Seed 13] Epoch  50/200 | total=0.3342 | pred=0.0872 | sigreg=2.47032 | lr=8.54e-05 | ETA: 27.3min
  [Seed 13] Epoch  60/200 | total=0.3177 | pred=0.0794 | sigreg=2.38324 | lr=7.94e-05 | ETA: 25.4min
  [Seed 13] Epoch  70/200 | total=0.3039 | pred=0.0729 | sigreg=2.30981 | lr=7.27e-05 | ETA: 23.6min
  [Seed 13] Epoch  80/200 | total=0.2912 | pred=0.0674 | sigreg=2.23832 | lr=6.55e-05 | ETA: 21.8min
  [Seed 13] Epoch  90/200 | total=0.2815 | pred=0.0627 | sigreg=2.18745 | lr=5.78e-05 | ETA: 20.0min
  [Seed 13] Epoch 100/200 | total=0.2736 | pred=0.0588 | sigreg=2.14720 | lr=5.00e-05 | ETA: 18.2min
  [Seed 13] Epoch 110/200 | total=0.2662 | pred=0.0552 | sigreg=2.11042 | lr=4.22e-05 | ETA: 16.3min
  [Seed 13] Epoch 120/200 | total=0.2595 | pred=0.0523 | sigreg=2.07272 | lr=3.45e-05 | ETA: 14.5min
  [Seed 13] Epoch 130/200 | total=0.2545 | pred=0.0496 | sigreg=2.04845 | lr=2.73e-05 | ETA: 12.7min
  [Seed 13] Epoch 140/200 | total=0.2495 | pred=0.0475 | sigreg=2.02041 | lr=2.06e-05 | ETA: 10.9min
  [Seed 13] Epoch 150/200 | total=0.2455 | pred=0.0457 | sigreg=1.99762 | lr=1.46e-05 | ETA: 9.1min
  [Seed 13] Epoch 160/200 | total=0.2424 | pred=0.0444 | sigreg=1.98060 | lr=9.55e-06 | ETA: 7.3min
  [Seed 13] Epoch 170/200 | total=0.2411 | pred=0.0434 | sigreg=1.97693 | lr=5.45e-06 | ETA: 5.4min
  [Seed 13] Epoch 180/200 | total=0.2390 | pred=0.0428 | sigreg=1.96209 | lr=2.45e-06 | ETA: 3.6min
  [Seed 13] Epoch 190/200 | total=0.2381 | pred=0.0424 | sigreg=1.95637 | lr=6.16e-07 | ETA: 1.8min
  [Seed 13] Epoch 200/200 | total=0.2374 | pred=0.0423 | sigreg=1.95152 | lr=0.00e+00 | ETA: 0.0min

  [Seed 13] Done: 36.3 min | loss: 1.6731 -> 0.2374
  [Seed 13] Checkpoint saved: /home/qhxie/AutoResearch-SibylSystem/workspaces/lewm-generalization/current/exp/results/full/lewm_sigreg_primary/seed13_epoch200.pt
  [Save] Intermediate summary updated.

============================================================
[TRAIN] Seed 21 (4/4) | GPU 0
============================================================
  [Seed 21] Epoch   1/200 | total=1.8795 | pred=0.5758 | sigreg=13.03724 | lr=1.00e-04 | ETA: 36.1min
  [Seed 21] Epoch  10/200 | total=0.5479 | pred=0.1995 | sigreg=3.48430 | lr=9.94e-05 | ETA: 34.5min
  [Seed 21] Epoch  20/200 | total=0.4390 | pred=0.1378 | sigreg=3.01252 | lr=9.76e-05 | ETA: 32.6min
  [Seed 21] Epoch  30/200 | total=0.3913 | pred=0.1134 | sigreg=2.77914 | lr=9.46e-05 | ETA: 30.9min
  [Seed 21] Epoch  40/200 | total=0.3575 | pred=0.0982 | sigreg=2.59254 | lr=9.05e-05 | ETA: 29.1min
  [Seed 21] Epoch  50/200 | total=0.3342 | pred=0.0874 | sigreg=2.46779 | lr=8.54e-05 | ETA: 27.3min
  [Seed 21] Epoch  60/200 | total=0.3174 | pred=0.0792 | sigreg=2.38261 | lr=7.94e-05 | ETA: 25.5min
  [Seed 21] Epoch  70/200 | total=0.3033 | pred=0.0722 | sigreg=2.31044 | lr=7.27e-05 | ETA: 23.6min
  [Seed 21] Epoch  80/200 | total=0.2900 | pred=0.0666 | sigreg=2.23400 | lr=6.55e-05 | ETA: 21.8min
  [Seed 21] Epoch  90/200 | total=0.2800 | pred=0.0617 | sigreg=2.18360 | lr=5.78e-05 | ETA: 20.0min
  [Seed 21] Epoch 100/200 | total=0.2726 | pred=0.0577 | sigreg=2.14924 | lr=5.00e-05 | ETA: 18.2min
  [Seed 21] Epoch 110/200 | total=0.2654 | pred=0.0541 | sigreg=2.11262 | lr=4.22e-05 | ETA: 16.4min
  [Seed 21] Epoch 120/200 | total=0.2597 | pred=0.0509 | sigreg=2.08786 | lr=3.45e-05 | ETA: 14.5min
  [Seed 21] Epoch 130/200 | total=0.2537 | pred=0.0484 | sigreg=2.05311 | lr=2.73e-05 | ETA: 12.7min
  [Seed 21] Epoch 140/200 | total=0.2488 | pred=0.0460 | sigreg=2.02746 | lr=2.06e-05 | ETA: 10.9min
  [Seed 21] Epoch 150/200 | total=0.2455 | pred=0.0443 | sigreg=2.01231 | lr=1.46e-05 | ETA: 9.1min
  [Seed 21] Epoch 160/200 | total=0.2430 | pred=0.0429 | sigreg=2.00164 | lr=9.55e-06 | ETA: 7.3min
  [Seed 21] Epoch 170/200 | total=0.2400 | pred=0.0419 | sigreg=1.98087 | lr=5.45e-06 | ETA: 5.5min
  [Seed 21] Epoch 180/200 | total=0.2375 | pred=0.0413 | sigreg=1.96250 | lr=2.45e-06 | ETA: 3.6min
  [Seed 21] Epoch 190/200 | total=0.2372 | pred=0.0409 | sigreg=1.96275 | lr=6.16e-07 | ETA: 1.8min
  [Seed 21] Epoch 200/200 | total=0.2367 | pred=0.0408 | sigreg=1.95947 | lr=0.00e+00 | ETA: 0.0min

  [Seed 21] Done: 36.5 min | loss: 1.8795 -> 0.2367
  [Seed 21] Checkpoint saved: /home/qhxie/AutoResearch-SibylSystem/workspaces/lewm-generalization/current/exp/results/full/lewm_sigreg_primary/seed21_epoch200.pt
  [Save] Intermediate summary updated.

[SAVE] Batch summary saved to /home/qhxie/AutoResearch-SibylSystem/workspaces/lewm-generalization/current/exp/results/full/lewm_sigreg_primary/training_summary_batch1.json
[INFO] Batch 1 complete. Partial summary saved.
[INFO] State files will be updated when all batches complete or by coordinator.

======================================================================
FULL train_lewm_sigreg_primary (batch=1) COMPLETE
  Seeds: [42, 7, 13, 21]
  Final losses: [0.2342, 0.236, 0.2374, 0.2367]
  Mean final loss: 0.2361 ± 0.0012
  Total time: 145.5 min (2.43 hrs)
======================================================================
[DONE] Written DONE marker: status=success

