[INFO] GPU forced to: 4
[INFO] Using device: cuda:0 (CUDA_VISIBLE_DEVICES=4)
[INFO] Seeds to train: [99, 137, 256] (batch=2)
[INFO] N_EPOCHS=200, BATCH_SIZE=64, LR=0.0001, SIGREG_WEIGHT=0.1
[PID] Written PID 948771 to /home/qhxie/AutoResearch-SibylSystem/workspaces/lewm-generalization/current/exp/results/train_lewm_sigreg_primary.pid

======================================================================
FULL: train_lewm_sigreg_primary
LeWM-SIGReg: 3 seeds x 200 epochs on 18/27 CoGenT training split
Seeds: [99, 137, 256]
======================================================================

[DATA] Loading split definitions...
  Training combos: 18
  Holdout combos: 9

[DATA] Loading 18 training HDF5 files (200 traj each)...
  Loaded 18 HDF5 files in 67.5s

[DATA] Building PhysicsDataset...
  [Dataset] 205200 sequences from 3600 trajectories
  Total sequences: 205200

[VRAM] Probing max batch size for GPU...
  Probed max batch size: 256
  Using batch size: 256

============================================================
[TRAIN] Seed 99 (1/3) | GPU 4
============================================================
  Model parameters: 1,947,200 (1.95M)
  [Seed 99] Epoch   1/200 | total=1.4816 | pred=0.6161 | sigreg=8.65409 | lr=1.00e-04 | ETA: 55.2min
  [Seed 99] Epoch  10/200 | total=0.5594 | pred=0.2082 | sigreg=3.51204 | lr=9.94e-05 | ETA: 47.9min
  [Seed 99] Epoch  20/200 | total=0.4453 | pred=0.1401 | sigreg=3.05243 | lr=9.76e-05 | ETA: 44.8min
  [Seed 99] Epoch  30/200 | total=0.3917 | pred=0.1142 | sigreg=2.77572 | lr=9.46e-05 | ETA: 42.2min
  [Seed 99] Epoch  40/200 | total=0.3596 | pred=0.0983 | sigreg=2.61225 | lr=9.05e-05 | ETA: 39.9min
  [Seed 99] Epoch  50/200 | total=0.3356 | pred=0.0873 | sigreg=2.48337 | lr=8.54e-05 | ETA: 37.3min
  [Seed 99] Epoch  60/200 | total=0.3176 | pred=0.0787 | sigreg=2.38860 | lr=7.94e-05 | ETA: 34.8min
  [Seed 99] Epoch  70/200 | total=0.3030 | pred=0.0721 | sigreg=2.30897 | lr=7.27e-05 | ETA: 32.6min
  [Seed 99] Epoch  80/200 | total=0.2918 | pred=0.0664 | sigreg=2.25327 | lr=6.55e-05 | ETA: 30.1min
  [Seed 99] Epoch  90/200 | total=0.2811 | pred=0.0616 | sigreg=2.19456 | lr=5.78e-05 | ETA: 27.6min
  [Seed 99] Epoch 100/200 | total=0.2731 | pred=0.0575 | sigreg=2.15559 | lr=5.00e-05 | ETA: 25.2min
  [Seed 99] Epoch 110/200 | total=0.2658 | pred=0.0540 | sigreg=2.11815 | lr=4.22e-05 | ETA: 22.7min
  [Seed 99] Epoch 120/200 | total=0.2590 | pred=0.0510 | sigreg=2.08030 | lr=3.45e-05 | ETA: 20.2min
  [Seed 99] Epoch 130/200 | total=0.2533 | pred=0.0483 | sigreg=2.04998 | lr=2.73e-05 | ETA: 17.6min
  [Seed 99] Epoch 140/200 | total=0.2491 | pred=0.0461 | sigreg=2.02996 | lr=2.06e-05 | ETA: 15.2min
  [Seed 99] Epoch 150/200 | total=0.2446 | pred=0.0443 | sigreg=2.00295 | lr=1.46e-05 | ETA: 12.6min
  [Seed 99] Epoch 160/200 | total=0.2423 | pred=0.0429 | sigreg=1.99412 | lr=9.55e-06 | ETA: 10.1min
  [Seed 99] Epoch 170/200 | total=0.2394 | pred=0.0419 | sigreg=1.97453 | lr=5.45e-06 | ETA: 7.6min
  [Seed 99] Epoch 180/200 | total=0.2383 | pred=0.0413 | sigreg=1.96978 | lr=2.45e-06 | ETA: 5.1min
  [Seed 99] Epoch 190/200 | total=0.2374 | pred=0.0409 | sigreg=1.96485 | lr=6.16e-07 | ETA: 2.5min
  [Seed 99] Epoch 200/200 | total=0.2372 | pred=0.0408 | sigreg=1.96367 | lr=0.00e+00 | ETA: 0.0min

  [Seed 99] Done: 50.7 min | loss: 1.4816 -> 0.2372
  [Seed 99] Checkpoint saved: /home/qhxie/AutoResearch-SibylSystem/workspaces/lewm-generalization/current/exp/results/full/lewm_sigreg_primary/seed99_epoch200.pt
  [Save] Intermediate summary updated.

============================================================
[TRAIN] Seed 137 (2/3) | GPU 4
============================================================
  [Seed 137] Epoch   1/200 | total=1.5942 | pred=0.5675 | sigreg=10.26689 | lr=1.00e-04 | ETA: 48.5min
  [Seed 137] Epoch  10/200 | total=0.5405 | pred=0.1930 | sigreg=3.47527 | lr=9.94e-05 | ETA: 46.5min
  [Seed 137] Epoch  20/200 | total=0.4390 | pred=0.1392 | sigreg=2.99781 | lr=9.76e-05 | ETA: 45.7min
  [Seed 137] Epoch  30/200 | total=0.3892 | pred=0.1153 | sigreg=2.73946 | lr=9.46e-05 | ETA: 43.9min
  [Seed 137] Epoch  40/200 | total=0.3583 | pred=0.0999 | sigreg=2.58459 | lr=9.05e-05 | ETA: 40.8min
  [Seed 137] Epoch  50/200 | total=0.3351 | pred=0.0889 | sigreg=2.46198 | lr=8.54e-05 | ETA: 38.1min
  [Seed 137] Epoch  60/200 | total=0.3180 | pred=0.0808 | sigreg=2.37147 | lr=7.94e-05 | ETA: 36.0min
  [Seed 137] Epoch  70/200 | total=0.3047 | pred=0.0740 | sigreg=2.30725 | lr=7.27e-05 | ETA: 33.6min
  [Seed 137] Epoch  80/200 | total=0.2915 | pred=0.0683 | sigreg=2.23276 | lr=6.55e-05 | ETA: 31.2min
  [Seed 137] Epoch  90/200 | total=0.2826 | pred=0.0635 | sigreg=2.19093 | lr=5.78e-05 | ETA: 28.4min
  [Seed 137] Epoch 100/200 | total=0.2738 | pred=0.0592 | sigreg=2.14538 | lr=5.00e-05 | ETA: 25.8min
  [Seed 137] Epoch 110/200 | total=0.2667 | pred=0.0556 | sigreg=2.11125 | lr=4.22e-05 | ETA: 23.3min
  [Seed 137] Epoch 120/200 | total=0.2603 | pred=0.0525 | sigreg=2.07822 | lr=3.45e-05 | ETA: 20.6min
  [Seed 137] Epoch 130/200 | total=0.2548 | pred=0.0498 | sigreg=2.04954 | lr=2.73e-05 | ETA: 18.0min
  [Seed 137] Epoch 140/200 | total=0.2505 | pred=0.0476 | sigreg=2.02878 | lr=2.06e-05 | ETA: 15.4min
  [Seed 137] Epoch 150/200 | total=0.2467 | pred=0.0458 | sigreg=2.00959 | lr=1.46e-05 | ETA: 12.9min
  [Seed 137] Epoch 160/200 | total=0.2429 | pred=0.0444 | sigreg=1.98540 | lr=9.55e-06 | ETA: 10.3min
  [Seed 137] Epoch 170/200 | total=0.2411 | pred=0.0433 | sigreg=1.97820 | lr=5.45e-06 | ETA: 7.7min
  [Seed 137] Epoch 180/200 | total=0.2387 | pred=0.0427 | sigreg=1.96067 | lr=2.45e-06 | ETA: 5.1min
  [Seed 137] Epoch 190/200 | total=0.2387 | pred=0.0423 | sigreg=1.96361 | lr=6.16e-07 | ETA: 2.6min
  [Seed 137] Epoch 200/200 | total=0.2383 | pred=0.0422 | sigreg=1.96050 | lr=0.00e+00 | ETA: 0.0min

  [Seed 137] Done: 51.4 min | loss: 1.5942 -> 0.2383
  [Seed 137] Checkpoint saved: /home/qhxie/AutoResearch-SibylSystem/workspaces/lewm-generalization/current/exp/results/full/lewm_sigreg_primary/seed137_epoch200.pt
  [Save] Intermediate summary updated.

============================================================
[TRAIN] Seed 256 (3/3) | GPU 4
============================================================
  [Seed 256] Epoch   1/200 | total=1.8148 | pred=0.6077 | sigreg=12.07098 | lr=1.00e-04 | ETA: 54.4min
  [Seed 256] Epoch  10/200 | total=0.5652 | pred=0.2105 | sigreg=3.54664 | lr=9.94e-05 | ETA: 48.1min
  [Seed 256] Epoch  20/200 | total=0.4456 | pred=0.1411 | sigreg=3.04492 | lr=9.76e-05 | ETA: 44.9min
  [Seed 256] Epoch  30/200 | total=0.3936 | pred=0.1145 | sigreg=2.79150 | lr=9.46e-05 | ETA: 43.0min
  [Seed 256] Epoch  40/200 | total=0.3602 | pred=0.0979 | sigreg=2.62250 | lr=9.05e-05 | ETA: 41.0min
  [Seed 256] Epoch  50/200 | total=0.3368 | pred=0.0868 | sigreg=2.50037 | lr=8.54e-05 | ETA: 38.1min
  [Seed 256] Epoch  60/200 | total=0.3205 | pred=0.0785 | sigreg=2.42041 | lr=7.94e-05 | ETA: 35.6min
  [Seed 256] Epoch  70/200 | total=0.3046 | pred=0.0718 | sigreg=2.32764 | lr=7.27e-05 | ETA: 33.2min
  [Seed 256] Epoch  80/200 | total=0.2932 | pred=0.0662 | sigreg=2.26959 | lr=6.55e-05 | ETA: 30.7min
  [Seed 256] Epoch  90/200 | total=0.2835 | pred=0.0616 | sigreg=2.21873 | lr=5.78e-05 | ETA: 28.0min
  [Seed 256] Epoch 100/200 | total=0.2750 | pred=0.0577 | sigreg=2.17347 | lr=5.00e-05 | ETA: 25.5min
  [Seed 256] Epoch 110/200 | total=0.2675 | pred=0.0542 | sigreg=2.13290 | lr=4.22e-05 | ETA: 23.0min
  [Seed 256] Epoch 120/200 | total=0.2619 | pred=0.0513 | sigreg=2.10661 | lr=3.45e-05 | ETA: 20.4min
  [Seed 256] Epoch 130/200 | total=0.2563 | pred=0.0487 | sigreg=2.07550 | lr=2.73e-05 | ETA: 17.8min
  [Seed 256] Epoch 140/200 | total=0.2506 | pred=0.0465 | sigreg=2.04054 | lr=2.06e-05 | ETA: 15.3min
  [Seed 256] Epoch 150/200 | total=0.2471 | pred=0.0447 | sigreg=2.02410 | lr=1.46e-05 | ETA: 12.7min
  [Seed 256] Epoch 160/200 | total=0.2444 | pred=0.0435 | sigreg=2.00873 | lr=9.55e-06 | ETA: 10.2min
  [Seed 256] Epoch 170/200 | total=0.2421 | pred=0.0424 | sigreg=1.99614 | lr=5.45e-06 | ETA: 7.7min
  [Seed 256] Epoch 180/200 | total=0.2401 | pred=0.0418 | sigreg=1.98278 | lr=2.45e-06 | ETA: 5.1min
  [Seed 256] Epoch 190/200 | total=0.2386 | pred=0.0415 | sigreg=1.97114 | lr=6.16e-07 | ETA: 2.5min
  [Seed 256] Epoch 200/200 | total=0.2389 | pred=0.0414 | sigreg=1.97562 | lr=0.00e+00 | ETA: 0.0min

  [Seed 256] Done: 51.1 min | loss: 1.8148 -> 0.2389
  [Seed 256] Checkpoint saved: /home/qhxie/AutoResearch-SibylSystem/workspaces/lewm-generalization/current/exp/results/full/lewm_sigreg_primary/seed256_epoch200.pt
  [Save] Intermediate summary updated.

[SAVE] Batch summary saved to /home/qhxie/AutoResearch-SibylSystem/workspaces/lewm-generalization/current/exp/results/full/lewm_sigreg_primary/training_summary_batch2.json
[INFO] Batch 2 complete. Partial summary saved.
[INFO] State files will be updated when all batches complete or by coordinator.

======================================================================
FULL train_lewm_sigreg_primary (batch=2) COMPLETE
  Seeds: [99, 137, 256]
  Final losses: [0.2372, 0.2383, 0.2389]
  Mean final loss: 0.2381 ± 0.0007
  Total time: 154.4 min (2.57 hrs)
======================================================================
[DONE] Written DONE marker: status=success

