============================================================
Training resnet20 on cifar10
WD method: cwd_hard, base WD: 5e-05
Epochs: 200, LR: 0.001, Batch: 128
Seed: 123, Device: cuda:1
Output: /home/ccwang/sibyl-research-system/workspaces/dynamic-wd/current/exp/results/full/rho_sweep/cifar10/rho_low/cwd_hard/seed_123
============================================================
  E  0/200: loss=1.4463 tr_acc=46.62% te_acc=57.48% wn=33.82 CSI=0.0000 AIS=0.3866 BEM=-0.5000
  E 10/200: loss=0.4788 tr_acc=83.50% te_acc=79.70% wn=45.89 CSI=0.0944 AIS=0.3993 BEM=-0.4727
  E 20/200: loss=0.3450 tr_acc=87.89% te_acc=85.34% wn=55.83 CSI=0.0474 AIS=0.4120 BEM=-0.5048
  E 30/200: loss=0.2692 tr_acc=90.56% te_acc=84.74% wn=64.18 CSI=0.0494 AIS=0.3230 BEM=-0.5226
  E 40/200: loss=0.2172 tr_acc=92.33% te_acc=87.43% wn=71.20 CSI=0.0519 AIS=0.4442 BEM=-0.5146
  E 50/200: loss=0.1764 tr_acc=93.81% te_acc=87.62% wn=77.03 CSI=0.0616 AIS=0.4465 BEM=-0.4863
  E 60/200: loss=0.1458 tr_acc=94.76% te_acc=87.19% wn=81.85 CSI=0.0563 AIS=0.3909 BEM=-0.5000
  E 70/200: loss=0.1171 tr_acc=95.80% te_acc=87.85% wn=85.74 CSI=0.0708 AIS=0.4063 BEM=-0.4986
  E 80/200: loss=0.0992 tr_acc=96.44% te_acc=88.51% wn=88.86 CSI=0.0685 AIS=0.3471 BEM=-0.5000
  E 90/200: loss=0.0829 tr_acc=97.05% te_acc=88.25% wn=91.25 CSI=0.0643 AIS=0.2709 BEM=-0.5044
  E100/200: loss=0.0645 tr_acc=97.65% te_acc=89.00% wn=93.08 CSI=0.0870 AIS=0.4116 BEM=-0.5119
Traceback (most recent call last):
  File "/home/ccwang/sibyl-research-system/workspaces/dynamic-wd/iter_005/exp/code/train_unified.py", line 376, in <module>
    main()
  File "/home/ccwang/sibyl-research-system/workspaces/dynamic-wd/iter_005/exp/code/train_unified.py", line 372, in main
    run_training(config)
  File "/home/ccwang/sibyl-research-system/workspaces/dynamic-wd/iter_005/exp/code/train_unified.py", line 309, in run_training
    with open(epoch_log_path, 'a') as f:
         ^^^^^^^^^^^^^^^^^^^^^^^^^
FileNotFoundError: [Errno 2] No such file or directory: '/home/ccwang/sibyl-research-system/workspaces/dynamic-wd/current/exp/results/full/rho_sweep/cifar10/rho_low/cwd_hard/seed_123/epoch_metrics.jsonl'
78 CSI=0.3370 AIS=0.3336 BEM=-0.5061
  E190/200: loss=0.0130 tr_acc=99.57% te_acc=89.61% wn=96.78 CSI=0.3642 AIS=0.3768 BEM=-0.5058
  E199/200: loss=0.0122 tr_acc=99.62% te_acc=89.67% wn=96.78 CSI=0.8178 AIS=0.4313 BEM=-0.5070

Done! Best: 89.81%, Time: 1012.7s
