[IGSD Ablation Refined] FULL mode
  Confidence partitioning: tau=0.0 vs tau=0.9, T_draft=32
  Full scale: 1319 GSM8K + 500 MATH500, seeds=[42, 123, 456]
[Loading LLaDA-8B-Instruct...]
`torch_dtype` is deprecated! Use `dtype` instead!
Loading checkpoint shards:   0%|          | 0/6 [00:00<?, ?it/s]Loading checkpoint shards: 100%|██████████| 6/6 [00:00<00:00, 470.80it/s]
  VRAM after load: 15288 MB used / 97250 MB total

======================================================================
[FULL] Confidence partitioning: tau=0.0 vs tau=0.9 at T_draft=32
  1319 GSM8K + 500 MATH500, seeds=[42, 123, 456]
======================================================================

  --- tau=0.0, T_draft=32, seed=42 ---
  Evaluating GSM8K (1319 samples)...
  [GSM8K tau=0.0 td=32 s=42] 200/1319 acc=0.570 tps=87.7
  [GSM8K tau=0.0 td=32 s=42] 400/1319 acc=0.562 tps=87.7
  [GSM8K tau=0.0 td=32 s=42] 600/1319 acc=0.533 tps=87.7
  [GSM8K tau=0.0 td=32 s=42] 800/1319 acc=0.535 tps=87.7
  [GSM8K tau=0.0 td=32 s=42] 1000/1319 acc=0.530 tps=87.7
  [GSM8K tau=0.0 td=32 s=42] 1200/1319 acc=0.525 tps=87.7
  Evaluating MATH500 (500 samples)...
  [MATH500 tau=0.0 td=32 s=42] 100/500 acc=0.170 tps=177.2
  [MATH500 tau=0.0 td=32 s=42] 200/500 acc=0.140 tps=175.2
  [MATH500 tau=0.0 td=32 s=42] 300/500 acc=0.150 tps=174.2
  [MATH500 tau=0.0 td=32 s=42] 400/500 acc=0.145 tps=174.5
  [MATH500 tau=0.0 td=32 s=42] 500/500 acc=0.144 tps=174.7
  GSM8K:   acc=0.522 tps=87.7 speedup=2.60x acc_ret=0.733 QAS=1.905
  MATH500: acc=0.144 tps=174.7 speedup=2.21x acc_ret=1.301 QAS=2.873
  Combined: speedup=2.48x acc_ret=0.904 QAS=2.242
  Elapsed: 79.0 min

  --- tau=0.0, T_draft=32, seed=123 ---
  Evaluating GSM8K (1319 samples)...
  [GSM8K tau=0.0 td=32 s=123] 200/1319 acc=0.570 tps=87.8
  [GSM8K tau=0.0 td=32 s=123] 400/1319 acc=0.562 tps=87.8
  [GSM8K tau=0.0 td=32 s=123] 600/1319 acc=0.533 tps=79.3
  [GSM8K tau=0.0 td=32 s=123] 800/1319 acc=0.535 tps=79.3
  [GSM8K tau=0.0 td=32 s=123] 1000/1319 acc=0.530 tps=86.8
  [GSM8K tau=0.0 td=32 s=123] 1200/1319 acc=0.525 tps=91.8
  Evaluating MATH500 (500 samples)...
  [MATH500 tau=0.0 td=32 s=123] 100/500 acc=0.170 tps=239.4
  [MATH500 tau=0.0 td=32 s=123] 200/500 acc=0.140 tps=236.7
  [MATH500 tau=0.0 td=32 s=123] 300/500 acc=0.150 tps=235.3
  [MATH500 tau=0.0 td=32 s=123] 400/500 acc=0.145 tps=235.7
  [MATH500 tau=0.0 td=32 s=123] 500/500 acc=0.144 tps=236.0
  GSM8K:   acc=0.522 tps=94.1 speedup=2.79x acc_ret=0.733 QAS=2.043
  MATH500: acc=0.144 tps=236.0 speedup=2.98x acc_ret=1.301 QAS=3.881
  Combined: speedup=2.84x acc_ret=0.904 QAS=2.571
  Elapsed: 76.9 min

  --- tau=0.0, T_draft=32, seed=456 ---
  Evaluating GSM8K (1319 samples)...
  [GSM8K tau=0.0 td=32 s=456] 200/1319 acc=0.570 tps=116.7
  [GSM8K tau=0.0 td=32 s=456] 400/1319 acc=0.562 tps=116.7
  [GSM8K tau=0.0 td=32 s=456] 600/1319 acc=0.533 tps=116.7
  [GSM8K tau=0.0 td=32 s=456] 800/1319 acc=0.535 tps=116.7
  [GSM8K tau=0.0 td=32 s=456] 1000/1319 acc=0.530 tps=116.7
  [GSM8K tau=0.0 td=32 s=456] 1200/1319 acc=0.525 tps=116.7
  Evaluating MATH500 (500 samples)...
  [MATH500 tau=0.0 td=32 s=456] 100/500 acc=0.170 tps=239.4
  [MATH500 tau=0.0 td=32 s=456] 200/500 acc=0.140 tps=236.7
  [MATH500 tau=0.0 td=32 s=456] 300/500 acc=0.150 tps=235.3
  [MATH500 tau=0.0 td=32 s=456] 400/500 acc=0.145 tps=235.7
  [MATH500 tau=0.0 td=32 s=456] 500/500 acc=0.144 tps=236.0
  GSM8K:   acc=0.522 tps=116.7 speedup=3.46x acc_ret=0.733 QAS=2.534
  MATH500: acc=0.144 tps=236.0 speedup=2.98x acc_ret=1.301 QAS=3.881
  Combined: speedup=3.31x acc_ret=0.904 QAS=2.994
  Elapsed: 59.3 min

  [Aggregated tau=0.0]
    GSM8K acc: 0.522 +/- 0.000
    MATH500 acc: 0.144 +/- 0.000
    Combined QAS: 2.602 +/- 0.308

  --- tau=0.9, T_draft=32, seed=42 ---
  Evaluating GSM8K (1319 samples)...
  [GSM8K tau=0.9 td=32 s=42] 200/1319 acc=0.580 tps=98.9
  [GSM8K tau=0.9 td=32 s=42] 400/1319 acc=0.575 tps=99.0
  [GSM8K tau=0.9 td=32 s=42] 600/1319 acc=0.545 tps=99.0
  [GSM8K tau=0.9 td=32 s=42] 800/1319 acc=0.547 tps=99.1
  [GSM8K tau=0.9 td=32 s=42] 1000/1319 acc=0.544 tps=99.1
  [GSM8K tau=0.9 td=32 s=42] 1200/1319 acc=0.539 tps=99.0
  Evaluating MATH500 (500 samples)...
  [MATH500 tau=0.9 td=32 s=42] 100/500 acc=0.170 tps=203.1
  [MATH500 tau=0.9 td=32 s=42] 200/500 acc=0.150 tps=199.8
  [MATH500 tau=0.9 td=32 s=42] 300/500 acc=0.160 tps=197.7
  [MATH500 tau=0.9 td=32 s=42] 400/500 acc=0.158 tps=195.7
  [MATH500 tau=0.9 td=32 s=42] 500/500 acc=0.154 tps=195.8
  GSM8K:   acc=0.536 tps=98.9 speedup=2.93x acc_ret=0.753 QAS=2.204
  MATH500: acc=0.154 tps=195.8 speedup=2.47x acc_ret=1.391 QAS=3.443
  Combined: speedup=2.79x acc_ret=0.944 QAS=2.636
  Elapsed: 71.9 min

  --- tau=0.9, T_draft=32, seed=123 ---
  Evaluating GSM8K (1319 samples)...
  [GSM8K tau=0.9 td=32 s=123] 200/1319 acc=0.580 tps=98.9
  [GSM8K tau=0.9 td=32 s=123] 400/1319 acc=0.575 tps=99.0
  [GSM8K tau=0.9 td=32 s=123] 600/1319 acc=0.545 tps=99.0
  [GSM8K tau=0.9 td=32 s=123] 800/1319 acc=0.547 tps=99.1
  [GSM8K tau=0.9 td=32 s=123] 1000/1319 acc=0.544 tps=99.1
  [GSM8K tau=0.9 td=32 s=123] 1200/1319 acc=0.539 tps=99.0
  Evaluating MATH500 (500 samples)...
  [MATH500 tau=0.9 td=32 s=123] 100/500 acc=0.170 tps=203.1
  [MATH500 tau=0.9 td=32 s=123] 200/500 acc=0.150 tps=199.8
  [MATH500 tau=0.9 td=32 s=123] 300/500 acc=0.160 tps=197.7
  [MATH500 tau=0.9 td=32 s=123] 400/500 acc=0.158 tps=195.7
  [MATH500 tau=0.9 td=32 s=123] 500/500 acc=0.154 tps=195.8
  GSM8K:   acc=0.536 tps=98.9 speedup=2.93x acc_ret=0.753 QAS=2.204
  MATH500: acc=0.154 tps=195.8 speedup=2.48x acc_ret=1.391 QAS=3.443
  Combined: speedup=2.79x acc_ret=0.944 QAS=2.636
  Elapsed: 71.9 min

  --- tau=0.9, T_draft=32, seed=456 ---
  Evaluating GSM8K (1319 samples)...
  [GSM8K tau=0.9 td=32 s=456] 200/1319 acc=0.580 tps=98.9
  [GSM8K tau=0.9 td=32 s=456] 400/1319 acc=0.575 tps=99.0
  [GSM8K tau=0.9 td=32 s=456] 600/1319 acc=0.545 tps=99.0
  [GSM8K tau=0.9 td=32 s=456] 800/1319 acc=0.547 tps=99.1
  [GSM8K tau=0.9 td=32 s=456] 1000/1319 acc=0.544 tps=99.1
  [GSM8K tau=0.9 td=32 s=456] 1200/1319 acc=0.539 tps=99.0
  Evaluating MATH500 (500 samples)...
  [MATH500 tau=0.9 td=32 s=456] 100/500 acc=0.170 tps=203.0
  [MATH500 tau=0.9 td=32 s=456] 200/500 acc=0.150 tps=199.7
  [MATH500 tau=0.9 td=32 s=456] 300/500 acc=0.160 tps=197.7
  [MATH500 tau=0.9 td=32 s=456] 400/500 acc=0.158 tps=195.7
  [MATH500 tau=0.9 td=32 s=456] 500/500 acc=0.154 tps=195.8
  GSM8K:   acc=0.536 tps=98.9 speedup=2.93x acc_ret=0.753 QAS=2.204
  MATH500: acc=0.154 tps=195.8 speedup=2.47x acc_ret=1.391 QAS=3.443
  Combined: speedup=2.79x acc_ret=0.944 QAS=2.636
  Elapsed: 71.9 min

  [Aggregated tau=0.9]
    GSM8K acc: 0.536 +/- 0.000
    MATH500 acc: 0.154 +/- 0.000
    Combined QAS: 2.636 +/- 0.000

======================================================================
[IGSD Ablation Refined FULL] COMPLETE
  Total elapsed: 430.8 min
  tau=0.0 GSM8K acc: 0.522 +/- 0.000
  tau=0.9 GSM8K acc: 0.536 +/- 0.000
  tau=0.0 combined QAS: 2.602
  tau=0.9 combined QAS: 2.636
  Gate adds value (QAS): True
  Gate adds value (acc): True
  Per-seed consistency: 2/3 seeds favor tau=0.9
  Results: /home/qhxie/AutoResearch-SibylSystem/workspaces/dlm-acceleration/iter_002/exp/results/ablation/igsd_ablation_refined_full.json
======================================================================
[gpu_progress.json] Updated: igsd_ablation_refined -> completed (FULL)
