[IGSD Ablation Refined] PILOT mode, seed=42
[Loading datasets...]
  GSM8K: 200 samples, MATH500: 100 samples
  KL profiling: 100 GSM8K samples
[Loading LLaDA-8B-Instruct...]
Loading checkpoint shards:   0%|          | 0/6 [00:00<?, ?it/s]Loading checkpoint shards:  17%|█▋        | 1/6 [00:00<00:00,  6.50it/s]Loading checkpoint shards:  33%|███▎      | 2/6 [00:00<00:00,  6.73it/s]Loading checkpoint shards:  50%|█████     | 3/6 [00:00<00:00,  6.82it/s]Loading checkpoint shards:  67%|██████▋   | 4/6 [00:00<00:00,  7.09it/s]Loading checkpoint shards:  83%|████████▎ | 5/6 [00:00<00:00,  7.46it/s]Loading checkpoint shards: 100%|██████████| 6/6 [00:00<00:00,  7.75it/s]Loading checkpoint shards: 100%|██████████| 6/6 [00:00<00:00,  7.34it/s]
  VRAM after load: 15288 MB used / 97250 MB total

============================================================
[ABLATION] Running 6 unique (tau, T_draft) configs
============================================================

  --- ablation_tau0.9_td16: tau=0.9, T_draft=16 ---
  Evaluating GSM8K (200 samples)...
  [GSM8K tau=0.9 td=16] 50/200 acc=0.480 tps=155.5
  [GSM8K tau=0.9 td=16] 100/200 acc=0.460 tps=146.5
  [GSM8K tau=0.9 td=16] 150/200 acc=0.460 tps=149.8
  [GSM8K tau=0.9 td=16] 200/200 acc=0.440 tps=146.4
  Evaluating MATH500 (100 samples)...
  [MATH500 tau=0.9 td=16] 25/100 acc=0.160 tps=248.2
  [MATH500 tau=0.9 td=16] 50/100 acc=0.100 tps=253.0
  [MATH500 tau=0.9 td=16] 75/100 acc=0.120 tps=243.9
  [MATH500 tau=0.9 td=16] 100/100 acc=0.100 tps=258.7
  GSM8K:   acc=0.440 tps=146.4 speedup=2.50x acc_ret=0.603 QAS=1.509
  MATH500: acc=0.100 tps=258.7 speedup=2.31x acc_ret=0.312 QAS=0.722
  Combined: speedup=2.45x acc_ret=0.516 QAS=1.261
  Elapsed: 10.0 min

  --- ablation_tau0.9_td32: tau=0.9, T_draft=32 ---
  Evaluating GSM8K (200 samples)...
  [GSM8K tau=0.9 td=32] 50/200 acc=0.440 tps=103.5
  [GSM8K tau=0.9 td=32] 100/200 acc=0.460 tps=99.2
  [GSM8K tau=0.9 td=32] 150/200 acc=0.487 tps=99.9
  [GSM8K tau=0.9 td=32] 200/200 acc=0.495 tps=99.8
  Evaluating MATH500 (100 samples)...
  [MATH500 tau=0.9 td=32] 25/100 acc=0.120 tps=195.5
  [MATH500 tau=0.9 td=32] 50/100 acc=0.100 tps=187.1
  [MATH500 tau=0.9 td=32] 75/100 acc=0.160 tps=186.5
  [MATH500 tau=0.9 td=32] 100/100 acc=0.140 tps=191.1
  GSM8K:   acc=0.495 tps=99.8 speedup=1.71x acc_ret=0.678 QAS=1.157
  MATH500: acc=0.140 tps=191.1 speedup=1.71x acc_ret=0.438 QAS=0.747
  Combined: speedup=1.71x acc_ret=0.606 QAS=1.034
  Elapsed: 11.5 min

  --- ablation_tau0.9_td48: tau=0.9, T_draft=48 ---
  Evaluating GSM8K (200 samples)...
  [GSM8K tau=0.9 td=48] 50/200 acc=0.440 tps=71.8
  [GSM8K tau=0.9 td=48] 100/200 acc=0.460 tps=71.2
  [GSM8K tau=0.9 td=48] 150/200 acc=0.500 tps=71.5
  [GSM8K tau=0.9 td=48] 200/200 acc=0.535 tps=71.5
  Evaluating MATH500 (100 samples)...
  [MATH500 tau=0.9 td=48] 25/100 acc=0.200 tps=142.5
  [MATH500 tau=0.9 td=48] 50/100 acc=0.200 tps=139.3
  [MATH500 tau=0.9 td=48] 75/100 acc=0.187 tps=139.6
  [MATH500 tau=0.9 td=48] 100/100 acc=0.160 tps=140.6
  GSM8K:   acc=0.535 tps=71.5 speedup=1.22x acc_ret=0.733 QAS=0.896
  MATH500: acc=0.160 tps=140.6 speedup=1.26x acc_ret=0.500 QAS=0.628
  Combined: speedup=1.23x acc_ret=0.663 QAS=0.817
  Elapsed: 15.5 min

  --- ablation_tau0.7_td32: tau=0.7, T_draft=32 ---
  Evaluating GSM8K (200 samples)...
  [GSM8K tau=0.7 td=32] 50/200 acc=0.420 tps=106.5
  [GSM8K tau=0.7 td=32] 100/200 acc=0.430 tps=103.7
  [GSM8K tau=0.7 td=32] 150/200 acc=0.473 tps=104.1
  [GSM8K tau=0.7 td=32] 200/200 acc=0.485 tps=104.0
  Evaluating MATH500 (100 samples)...
  [MATH500 tau=0.7 td=32] 25/100 acc=0.120 tps=210.3
  [MATH500 tau=0.7 td=32] 50/100 acc=0.100 tps=199.2
  [MATH500 tau=0.7 td=32] 75/100 acc=0.160 tps=198.1
  [MATH500 tau=0.7 td=32] 100/100 acc=0.140 tps=202.3
  GSM8K:   acc=0.485 tps=104.0 speedup=1.78x acc_ret=0.664 QAS=1.181
  MATH500: acc=0.140 tps=202.3 speedup=1.81x acc_ret=0.438 QAS=0.790
  Combined: speedup=1.79x acc_ret=0.596 QAS=1.065
  Elapsed: 10.9 min

  --- ablation_tau0.85_td32: tau=0.85, T_draft=32 ---
  Evaluating GSM8K (200 samples)...
  [GSM8K tau=0.85 td=32] 50/200 acc=0.440 tps=104.6
  [GSM8K tau=0.85 td=32] 100/200 acc=0.450 tps=100.8
  [GSM8K tau=0.85 td=32] 150/200 acc=0.487 tps=101.6
  [GSM8K tau=0.85 td=32] 200/200 acc=0.495 tps=101.4
  Evaluating MATH500 (100 samples)...
  [MATH500 tau=0.85 td=32] 25/100 acc=0.120 tps=201.3
  [MATH500 tau=0.85 td=32] 50/100 acc=0.100 tps=192.5
  [MATH500 tau=0.85 td=32] 75/100 acc=0.160 tps=191.8
  [MATH500 tau=0.85 td=32] 100/100 acc=0.140 tps=196.0
  GSM8K:   acc=0.495 tps=101.4 speedup=1.73x acc_ret=0.678 QAS=1.175
  MATH500: acc=0.140 tps=196.0 speedup=1.75x acc_ret=0.438 QAS=0.766
  Combined: speedup=1.74x acc_ret=0.606 QAS=1.053
  Elapsed: 11.2 min

  --- ablation_tau0.0_td32: tau=0.0, T_draft=32 ---
  Evaluating GSM8K (200 samples)...
  [GSM8K tau=0.0 td=32] 50/200 acc=0.420 tps=117.2
  [GSM8K tau=0.0 td=32] 100/200 acc=0.430 tps=117.1
  [GSM8K tau=0.0 td=32] 150/200 acc=0.467 tps=117.1
  [GSM8K tau=0.0 td=32] 200/200 acc=0.480 tps=117.1
  Evaluating MATH500 (100 samples)...
  [MATH500 tau=0.0 td=32] 25/100 acc=0.120 tps=240.8
  [MATH500 tau=0.0 td=32] 50/100 acc=0.100 tps=233.8
  [MATH500 tau=0.0 td=32] 75/100 acc=0.160 tps=232.8
  [MATH500 tau=0.0 td=32] 100/100 acc=0.140 tps=234.9
  GSM8K:   acc=0.480 tps=117.1 speedup=2.00x acc_ret=0.658 QAS=1.316
  MATH500: acc=0.140 tps=234.9 speedup=2.10x acc_ret=0.438 QAS=0.918
  Combined: speedup=2.03x acc_ret=0.592 QAS=1.201
  Elapsed: 9.4 min

============================================================
[PART 1] T_draft sweep: T_draft={{16, 32, 48}} at tau=0.9 [from cache]
============================================================

  --- tdraft_sweep_td16: tau=0.9, T_draft=16 [CACHED] ---

  --- tdraft_sweep_td32: tau=0.9, T_draft=32 [CACHED] ---

  --- tdraft_sweep_td48: tau=0.9, T_draft=48 [CACHED] ---

============================================================
[PART 2] tau sweep: tau={{0.7, 0.85, 0.9}} at T_draft=32 [from cache]
============================================================

  --- tau_sweep_tau0.7: tau=0.7, T_draft=32 [CACHED] ---

  --- tau_sweep_tau0.85: tau=0.85, T_draft=32 [CACHED] ---

  --- tau_sweep_tau0.9: tau=0.9, T_draft=32 [CACHED] ---

============================================================
[PART 3] Confidence partitioning: tau=0.0 vs tau=0.9 at T_draft=32 [from cache]
============================================================

  --- conf_partition_tau0.0: tau=0.0, T_draft=32 [CACHED] ---

  --- conf_partition_tau0.9: tau=0.9, T_draft=32 [CACHED] ---

============================================================
[PART 4] Per-step KL divergence profile (100 GSM8K samples)
============================================================
  [KL Profile] 20/100 completed (20 successful)
  [KL Profile] 40/100 completed (40 successful)
  [KL Profile] 60/100 completed (60 successful)
  [KL Profile] 80/100 completed (80 successful)
  [KL Profile] 100/100 completed (100 successful)

  [KL Profile] Complete: 100/100 successful, 7.5 min
  [KL Profile] Non-monotonic: False
  [KL Profile] Peak at step 62, KL=0.344427

============================================================
[IGSD Ablation Refined] COMPLETE
  Total elapsed: 76.1 min
  Pass criteria met: True
  Part 1 (T_draft sweep): 3 configs
  Part 2 (tau sweep): 3 configs
  Part 3 (conf partition): gate_adds_value=False
  Part 4 (KL profile): 100/100 samples
  Results: /home/qhxie/AutoResearch-SibylSystem/workspaces/dlm-acceleration/current/exp/results/ablation/igsd_ablation_refined.json
  KL raw: /home/qhxie/AutoResearch-SibylSystem/workspaces/dlm-acceleration/current/exp/results/ablation/igsd_kl_profiles_raw.json
============================================================
[gpu_progress.json] Updated: igsd_ablation_refined -> completed
