/home/ccwang/sibyl-research-system/.venv/lib/python3.12/site-packages/torchvision/datasets/cifar.py:83: VisibleDeprecationWarning: dtype(): align should be passed as Python or NumPy boolean but got `align=0`. Did you mean to pass a tuple to create a subarray type? (Deprecated NumPy 2.4)
  entry = pickle.load(f, encoding="latin1")
[INFO] Model: vgg16bn, Params: 15,299,748, Classes: 100
[INFO] Dataset: cifar100, Epochs: 50, BS: 128
[INFO] WD Method: SWD, Lambda: 0.0005
[INFO] Normalized layers detected: 26
Epoch 1/50 | LR: 0.099901 | Train Loss: 4.4528 Acc: 1.96% | Test Loss: 4.3081 Top1: 2.40%
Epoch 2/50 | LR: 0.099606 | Train Loss: 4.3063 Acc: 2.69% | Test Loss: 4.1935 Top1: 3.13%
Epoch 3/50 | LR: 0.099114 | Train Loss: 4.2137 Acc: 3.31% | Test Loss: 4.1364 Top1: 3.71%
Epoch 4/50 | LR: 0.098429 | Train Loss: 4.1235 Acc: 3.90% | Test Loss: 4.0020 Top1: 5.17%
Epoch 5/50 | LR: 0.097553 | Train Loss: 4.0271 Acc: 5.12% | Test Loss: 3.8700 Top1: 6.88%
Epoch 6/50 | LR: 0.096489 | Train Loss: 3.8708 Acc: 6.71% | Test Loss: 3.6437 Top1: 9.64%
Epoch 7/50 | LR: 0.095241 | Train Loss: 3.6920 Acc: 8.71% | Test Loss: 3.7096 Top1: 9.79%
Epoch 8/50 | LR: 0.093815 | Train Loss: 3.5184 Acc: 10.69% | Test Loss: 3.2637 Top1: 14.74%
Epoch 9/50 | LR: 0.092216 | Train Loss: 3.3638 Acc: 13.37% | Test Loss: 3.1003 Top1: 18.33%
Epoch 10/50 | LR: 0.090451 | Train Loss: 3.2287 Acc: 15.95% | Test Loss: 3.0441 Top1: 19.56%
Epoch 11/50 | LR: 0.088526 | Train Loss: 3.1047 Acc: 18.70% | Test Loss: 2.9793 Top1: 21.78%
Epoch 12/50 | LR: 0.086448 | Train Loss: 2.9973 Acc: 20.73% | Test Loss: 2.7922 Top1: 24.48%
Epoch 13/50 | LR: 0.084227 | Train Loss: 2.8907 Acc: 23.28% | Test Loss: 2.8607 Top1: 24.82%
Epoch 14/50 | LR: 0.081871 | Train Loss: 2.7956 Acc: 25.04% | Test Loss: 2.6450 Top1: 27.86%
Epoch 15/50 | LR: 0.079389 | Train Loss: 2.6896 Acc: 26.78% | Test Loss: 2.5217 Top1: 31.61%
Epoch 16/50 | LR: 0.076791 | Train Loss: 2.5757 Acc: 29.14% | Test Loss: 2.5318 Top1: 30.48%
Epoch 17/50 | LR: 0.074088 | Train Loss: 2.5095 Acc: 30.54% | Test Loss: 2.3853 Top1: 33.06%
Epoch 18/50 | LR: 0.071289 | Train Loss: 2.4122 Acc: 33.05% | Test Loss: 2.4382 Top1: 32.98%
Epoch 19/50 | LR: 0.068406 | Train Loss: 2.3364 Acc: 34.74% | Test Loss: 2.2650 Top1: 36.73%
Epoch 20/50 | LR: 0.065451 | Train Loss: 2.2507 Acc: 37.15% | Test Loss: 2.1826 Top1: 38.81%
Epoch 21/50 | LR: 0.062434 | Train Loss: 2.1730 Acc: 38.94% | Test Loss: 2.1095 Top1: 40.52%
Epoch 22/50 | LR: 0.059369 | Train Loss: 2.1030 Acc: 40.73% | Test Loss: 2.1702 Top1: 40.85%
Epoch 23/50 | LR: 0.056267 | Train Loss: 2.0429 Acc: 42.47% | Test Loss: 2.1150 Top1: 41.74%
Epoch 24/50 | LR: 0.053140 | Train Loss: 1.9571 Acc: 44.53% | Test Loss: 1.9822 Top1: 45.40%
Epoch 25/50 | LR: 0.050000 | Train Loss: 1.9057 Acc: 46.13% | Test Loss: 1.9677 Top1: 46.15%
Epoch 26/50 | LR: 0.046860 | Train Loss: 1.8365 Acc: 47.86% | Test Loss: 1.9672 Top1: 46.20%
Epoch 27/50 | LR: 0.043733 | Train Loss: 1.7841 Acc: 49.43% | Test Loss: 1.8628 Top1: 48.43%
Epoch 28/50 | LR: 0.040631 | Train Loss: 1.7021 Acc: 51.50% | Test Loss: 1.8162 Top1: 50.50%
Epoch 29/50 | LR: 0.037566 | Train Loss: 1.6370 Acc: 53.37% | Test Loss: 1.7601 Top1: 52.38%
Epoch 30/50 | LR: 0.034549 | Train Loss: 1.5732 Acc: 55.15% | Test Loss: 1.7605 Top1: 52.10%
Epoch 31/50 | LR: 0.031594 | Train Loss: 1.5199 Acc: 56.57% | Test Loss: 1.7373 Top1: 53.70%
Epoch 32/50 | LR: 0.028711 | Train Loss: 1.4604 Acc: 58.36% | Test Loss: 1.7208 Top1: 54.27%
Epoch 33/50 | LR: 0.025912 | Train Loss: 1.3954 Acc: 59.73% | Test Loss: 1.6856 Top1: 55.10%
Epoch 34/50 | LR: 0.023209 | Train Loss: 1.3293 Acc: 61.66% | Test Loss: 1.5974 Top1: 56.57%
Epoch 35/50 | LR: 0.020611 | Train Loss: 1.2740 Acc: 63.35% | Test Loss: 1.5842 Top1: 57.54%
Epoch 36/50 | LR: 0.018129 | Train Loss: 1.2145 Acc: 64.96% | Test Loss: 1.6008 Top1: 57.47%
Epoch 37/50 | LR: 0.015773 | Train Loss: 1.1636 Acc: 66.25% | Test Loss: 1.5915 Top1: 58.10%
Epoch 38/50 | LR: 0.013552 | Train Loss: 1.1129 Acc: 67.54% | Test Loss: 1.5836 Top1: 58.72%
Epoch 39/50 | LR: 0.011474 | Train Loss: 1.0546 Acc: 69.10% | Test Loss: 1.5652 Top1: 59.30%
Epoch 40/50 | LR: 0.009549 | Train Loss: 1.0129 Acc: 70.01% | Test Loss: 1.5965 Top1: 59.54%
Epoch 41/50 | LR: 0.007784 | Train Loss: 0.9594 Acc: 71.60% | Test Loss: 1.5722 Top1: 60.32%
Epoch 42/50 | LR: 0.006185 | Train Loss: 0.9161 Acc: 72.80% | Test Loss: 1.5895 Top1: 60.66%
Epoch 43/50 | LR: 0.004759 | Train Loss: 0.8743 Acc: 73.93% | Test Loss: 1.5942 Top1: 60.71%
Epoch 44/50 | LR: 0.003511 | Train Loss: 0.8396 Acc: 74.69% | Test Loss: 1.5807 Top1: 61.44%
Epoch 45/50 | LR: 0.002447 | Train Loss: 0.8093 Acc: 75.57% | Test Loss: 1.5856 Top1: 61.57%
Epoch 46/50 | LR: 0.001571 | Train Loss: 0.7969 Acc: 75.85% | Test Loss: 1.5856 Top1: 61.55%
Epoch 47/50 | LR: 0.000886 | Train Loss: 0.7665 Acc: 76.92% | Test Loss: 1.5927 Top1: 61.66%
Epoch 48/50 | LR: 0.000394 | Train Loss: 0.7650 Acc: 76.75% | Test Loss: 1.5954 Top1: 61.81%
Epoch 49/50 | LR: 0.000099 | Train Loss: 0.7529 Acc: 77.06% | Test Loss: 1.6032 Top1: 61.97%
Epoch 50/50 | LR: 0.000000 | Train Loss: 0.7445 Acc: 77.59% | Test Loss: 1.6015 Top1: 62.03%

[DONE] Best Top1: 62.03%, Time: 4.7 min
[DONE] Results saved to /home/ccwang/sibyl-research-system/workspaces/dynamic-wd/current/exp/results/cifar100_vgg16bn_full/SWD_seed123/default_results.json
