`torch_dtype` is deprecated! Use `dtype` instead!
/home/qhxie/AutoResearch-SibylSystem/workspaces/sae-absorption-kimi/.venv/lib/python3.12/site-packages/sae_lens/saes/sae.py:251: UserWarning: 
This SAE has non-empty model_from_pretrained_kwargs. 
For optimal performance, load the model like so:
model = HookedSAETransformer.from_pretrained_no_processing(..., **cfg.model_from_pretrained_kwargs)
  warnings.warn(
Loading GPT-2 Small on cuda (GPU 1)...
Loaded pretrained model gpt2-small into HookedTransformer
Loading corpus...
Loaded 512 texts

============================================================
Evaluating res-jb-l8-resid_pre-24k (1/5)
============================================================
{
  "checkpoint": "res-jb-l8-resid_pre-24k",
  "architecture": "standard",
  "release": "gpt2-small-res-jb",
  "sae_id": "blocks.8.hook_resid_pre",
  "status": "success",
  "d_in": 768,
  "d_sae": 24576,
  "l0": 66.70866394042969,
  "explained_variance": 0.9898867085576057,
  "recon_mse": 946.9735260009766,
  "dead_neuron_rate": 0.0013427734375,
  "ce_loss_recovered": 1.1295844277057978,
  "absorption_score": 0.0,
  "resid_probe_accuracy": 1.0,
  "sae_probe_accuracy": 1.0,
  "hedging_score": 0.9848484848484849,
  "mean_topk_overlap": 9.916666666666666,
  "eval_time_sec": 4.667736768722534
}

============================================================
Evaluating resid-post-v5-32k-l8 (2/5)
============================================================
{
  "checkpoint": "resid-post-v5-32k-l8",
  "architecture": "standard",
  "release": "gpt2-small-resid-post-v5-32k",
  "sae_id": "blocks.8.hook_resid_post",
  "status": "success",
  "d_in": 768,
  "d_sae": 32768,
  "l0": 32.0,
  "explained_variance": 0.9868337996304035,
  "recon_mse": 1303.9630813598633,
  "dead_neuron_rate": 0.07574462890625,
  "ce_loss_recovered": 1.0026519887621685,
  "absorption_score": 0.0,
  "resid_probe_accuracy": 1.0,
  "sae_probe_accuracy": 1.0,
  "hedging_score": 1.0,
  "mean_topk_overlap": 10.0,
  "eval_time_sec": 5.11325216293335
}

============================================================
Evaluating resid-post-v5-128k-l8 (3/5)
============================================================
{
  "checkpoint": "resid-post-v5-128k-l8",
  "architecture": "standard",
  "release": "gpt2-small-resid-post-v5-128k",
  "sae_id": "blocks.8.hook_resid_post",
  "status": "success",
  "d_in": 768,
  "d_sae": 131072,
  "l0": 32.0,
  "explained_variance": 0.989231713116169,
  "recon_mse": 1066.4303283691406,
  "dead_neuron_rate": 0.29653167724609375,
  "ce_loss_recovered": 1.0016535184536832,
  "absorption_score": 0.0,
  "resid_probe_accuracy": 1.0,
  "sae_probe_accuracy": 1.0,
  "hedging_score": 0.893939393939394,
  "mean_topk_overlap": 9.416666666666666,
  "eval_time_sec": 15.35434341430664
}

============================================================
Evaluating mlp-out-v5-32k-l8 (4/5)
============================================================
{
  "checkpoint": "mlp-out-v5-32k-l8",
  "architecture": "standard",
  "release": "gpt2-small-mlp-out-v5-32k",
  "sae_id": "blocks.8.hook_mlp_out",
  "status": "success",
  "d_in": 768,
  "d_sae": 32768,
  "l0": 32.0,
  "explained_variance": 0.732078704982996,
  "recon_mse": 254.22168731689453,
  "dead_neuron_rate": 0.010467529296875,
  "ce_loss_recovered": 0.8782201522423595,
  "absorption_score": 0.0,
  "resid_probe_accuracy": 1.0,
  "sae_probe_accuracy": 1.0,
  "hedging_score": 0.6114441114441115,
  "mean_topk_overlap": 7.5,
  "eval_time_sec": 5.185739278793335
}

============================================================
Evaluating attn-out-v5-32k-l8 (5/5)
============================================================
{
  "checkpoint": "attn-out-v5-32k-l8",
  "architecture": "standard",
  "release": "gpt2-small-attn-out-v5-32k",
  "sae_id": "blocks.8.hook_attn_out",
  "status": "success",
  "d_in": 768,
  "d_sae": 32768,
  "l0": 32.0,
  "explained_variance": 0.8039269559085369,
  "recon_mse": 72.05720472335815,
  "dead_neuron_rate": 0.10015869140625,
  "ce_loss_recovered": 0.6227583047231797,
  "absorption_score": 0.0,
  "resid_probe_accuracy": 1.0,
  "sae_probe_accuracy": 1.0,
  "hedging_score": 0.3230625583566759,
  "mean_topk_overlap": 4.75,
  "eval_time_sec": 5.126449108123779
}

Results saved to /home/qhxie/AutoResearch-SibylSystem/workspaces/sae-absorption-kimi/current/exp/results/e1_pilot/metrics.json
Summary saved to /home/qhxie/AutoResearch-SibylSystem/workspaces/sae-absorption-kimi/current/exp/results/pilot_summary.json
