[2026-03-13T18:14:39+11:00] supervisor starting owner=exp-supervisor-1773386079-18817 workspace=/Users/cwan0785/sibyl-system/workspaces/dlm-improve/current
{
  "should_start": true,
  "already_owner": false,
  "active_owner": "test-probe-owner",
  "stale_after_sec": 900,
  "state_path": "/Users/cwan0785/sibyl-system/workspaces/dlm-improve/current/exp/experiment_supervisor_state.json",
  "last_heartbeat_at": 1773384763.9330602
}
Traceback (most recent call last):
  File "<string>", line 1, in <module>
NameError: name 'should_start' is not defined
[2026-03-13T18:17:35+11:00] supervisor starting owner=exp-supervisor-recovery-1773386254 workspace=/Users/cwan0785/sibyl-system/workspaces/dlm-improve/current
{
  "should_start": true,
  "already_owner": false,
  "active_owner": "",
  "stale_after_sec": 900,
  "state_path": "/Users/cwan0785/sibyl-system/workspaces/dlm-improve/current/exp/experiment_supervisor_state.json",
  "last_heartbeat_at": 1773386207.3172102
}
{
  "workspace_path": "/Users/cwan0785/sibyl-system/workspaces/dlm-improve",
  "active_workspace_path": "/Users/cwan0785/sibyl-system/workspaces/dlm-improve/current",
  "stage": "pilot_experiments",
  "supervisor_state": {
    "owner_id": "exp-supervisor-recovery-1773386254",
    "status": "running",
    "started_at": 1773386255.565213,
    "last_heartbeat_at": 1773386255.565213,
    "workspace_path": "/Users/cwan0785/sibyl-system/workspaces/dlm-improve",
    "active_workspace_path": "/Users/cwan0785/sibyl-system/workspaces/dlm-improve/current",
    "last_summary": "清理失败模板启动的监督 owner",
    "last_actions": [
      "snapshot",
      "gpu_poll"
    ],
    "last_recommendations": []
  },
  "main_wake_queue_depth": 0,
  "experiment_status": {
    "status": "no_monitor",
    "last_recovery_at": "2026-03-13T18:02:02.966356",
    "display": "\n+-----------------------------------------+\n|      SIBYL - Experiment Monitor          |\n+-----------------------------------------+\n|  [###########.........] 5/9 (55%)\n|  Status: INITIALIZING\n|  Running:\n|      MGCD-lite 在 GSM8K audited slice 上的 pilot -> GPU[4] (15min)\n|      MGCD-lite 在 MBPP audited slice 上的 pilot -> GPU[5] (15min)\n|      DSG 在 GSM8K audited slice 上的 pilot -> GPU[6] (15min)\n|      DSG 在 MBPP audited slice 上的 pilot -> GPU[7] (15min)\n|  Free GPUs: [4, 5, 6, 7]\n|  Time: ~5min remaining\n|\n|  System running, please wait...\n+-----------------------------------------+\n",
    "completed_count": 5,
    "running_count": 4,
    "pending_count": 0,
    "total_tasks": 9,
    "elapsed_min": 0,
    "estimated_remaining_min": 5,
    "task_progress": {},
    "running_tasks": [
      {
        "task_id": "mgcd_gsm8k_pilot",
        "name": "MGCD-lite 在 GSM8K audited slice 上的 pilot",
        "gpu_ids": [
          4
        ],
        "elapsed_min": 15,
        "estimate_min": 20,
        "remaining_min": 5,
        "progress": {},
        "progress_age_sec": null,
        "started_at": "2026-03-13T18:02:03.095311"
      },
      {
        "task_id": "mgcd_mbpp_pilot",
        "name": "MGCD-lite 在 MBPP audited slice 上的 pilot",
        "gpu_ids": [
          5
        ],
        "elapsed_min": 15,
        "estimate_min": 20,
        "remaining_min": 5,
        "progress": {},
        "progress_age_sec": null,
        "started_at": "2026-03-13T18:02:03.095311"
      },
      {
        "task_id": "dsg_gsm8k_pilot",
        "name": "DSG 在 GSM8K audited slice 上的 pilot",
        "gpu_ids": [
          6
        ],
        "elapsed_min": 15,
        "estimate_min": 15,
        "remaining_min": 0,
        "progress": {},
        "progress_age_sec": null,
        "started_at": "2026-03-13T18:02:03.095311"
      },
      {
        "task_id": "dsg_mbpp_pilot",
        "name": "DSG 在 MBPP audited slice 上的 pilot",
        "gpu_ids": [
          7
        ],
        "elapsed_min": 15,
        "estimate_min": 15,
        "remaining_min": 0,
        "progress": {},
        "progress_age_sec": null,
        "started_at": "2026-03-13T18:02:03.095311"
      }
    ],
    "completed_tasks": [
      "implement_dsg_control",
      "implement_mgcd_lite",
      "pilot_controls_refresh",
      "repair_iteration4_contract",
      "setup_runtime_contract"
    ],
    "free_gpus": [
      4,
      5,
      6,
      7
    ],
    "monitor_age_sec": null,
    "gpu_poll_age_sec": 980,
    "workspace_path": "/Users/cwan0785/sibyl-system/workspaces/dlm-improve",
    "active_workspace_path": "/Users/cwan0785/sibyl-system/workspaces/dlm-improve/current"
  },
  "drift": {
    "runtime_slack_ratio": 1.5,
    "progress_stale_sec": 900,
    "overrun_tasks": [],
    "stale_progress_tasks": [],
    "pending_main_wake": false,
    "needs_gpu_refresh": true,
    "can_dispatch_now": false
  }
}
0, 42915, 97887
1, 19859, 97887
2, 19859, 97887
3, 19859, 97887
4, 0, 97887
5, 0, 97887
6, 0, 97887
7, 0, 97887
[2026-03-13T18:17:39+11:00] heartbeat summary=后台监督中：5/9 完成，running=4，pending=0
{
  "workspace_path": "/Users/cwan0785/sibyl-system/workspaces/dlm-improve",
  "active_workspace_path": "/Users/cwan0785/sibyl-system/workspaces/dlm-improve/current",
  "stage": "pilot_experiments",
  "supervisor_state": {
    "owner_id": "exp-supervisor-recovery-1773386254",
    "status": "running",
    "started_at": 1773386255.565213,
    "last_heartbeat_at": 1773386259.6525729,
    "workspace_path": "/Users/cwan0785/sibyl-system/workspaces/dlm-improve",
    "active_workspace_path": "/Users/cwan0785/sibyl-system/workspaces/dlm-improve/current",
    "last_summary": "后台监督中：5/9 完成，running=4，pending=0",
    "last_actions": [
      "snapshot",
      "gpu_poll"
    ],
    "last_recommendations": []
  },
  "main_wake_queue_depth": 0,
  "experiment_status": {
    "status": "no_monitor",
    "last_recovery_at": "2026-03-13T18:02:02.966356",
    "display": "\n+-----------------------------------------+\n|      SIBYL - Experiment Monitor          |\n+-----------------------------------------+\n|  [###########.........] 5/9 (55%)\n|  Status: INITIALIZING\n|  Running:\n|      MGCD-lite 在 GSM8K audited slice 上的 pilot -> GPU[4] (17min)\n|      MGCD-lite 在 MBPP audited slice 上的 pilot -> GPU[5] (17min)\n|      DSG 在 GSM8K audited slice 上的 pilot -> GPU[6] (17min)\n|      DSG 在 MBPP audited slice 上的 pilot -> GPU[7] (17min)\n|  Free GPUs: [4, 5, 6, 7]\n|  Time: ~3min remaining\n|\n|  System running, please wait...\n+-----------------------------------------+\n",
    "completed_count": 5,
    "running_count": 4,
    "pending_count": 0,
    "total_tasks": 9,
    "elapsed_min": 0,
    "estimated_remaining_min": 3,
    "task_progress": {},
    "running_tasks": [
      {
        "task_id": "mgcd_gsm8k_pilot",
        "name": "MGCD-lite 在 GSM8K audited slice 上的 pilot",
        "gpu_ids": [
          4
        ],
        "elapsed_min": 17,
        "estimate_min": 20,
        "remaining_min": 3,
        "progress": {},
        "progress_age_sec": null,
        "started_at": "2026-03-13T18:02:03.095311"
      },
      {
        "task_id": "mgcd_mbpp_pilot",
        "name": "MGCD-lite 在 MBPP audited slice 上的 pilot",
        "gpu_ids": [
          5
        ],
        "elapsed_min": 17,
        "estimate_min": 20,
        "remaining_min": 3,
        "progress": {},
        "progress_age_sec": null,
        "started_at": "2026-03-13T18:02:03.095311"
      },
      {
        "task_id": "dsg_gsm8k_pilot",
        "name": "DSG 在 GSM8K audited slice 上的 pilot",
        "gpu_ids": [
          6
        ],
        "elapsed_min": 17,
        "estimate_min": 15,
        "remaining_min": 0,
        "progress": {},
        "progress_age_sec": null,
        "started_at": "2026-03-13T18:02:03.095311"
      },
      {
        "task_id": "dsg_mbpp_pilot",
        "name": "DSG 在 MBPP audited slice 上的 pilot",
        "gpu_ids": [
          7
        ],
        "elapsed_min": 17,
        "estimate_min": 15,
        "remaining_min": 0,
        "progress": {},
        "progress_age_sec": null,
        "started_at": "2026-03-13T18:02:03.095311"
      }
    ],
    "completed_tasks": [
      "implement_dsg_control",
      "implement_mgcd_lite",
      "pilot_controls_refresh",
      "repair_iteration4_contract",
      "setup_runtime_contract"
    ],
    "free_gpus": [
      4,
      5,
      6,
      7
    ],
    "monitor_age_sec": null,
    "gpu_poll_age_sec": 120,
    "workspace_path": "/Users/cwan0785/sibyl-system/workspaces/dlm-improve",
    "active_workspace_path": "/Users/cwan0785/sibyl-system/workspaces/dlm-improve/current"
  },
  "drift": {
    "runtime_slack_ratio": 1.5,
    "progress_stale_sec": 900,
    "overrun_tasks": [],
    "stale_progress_tasks": [],
    "pending_main_wake": false,
    "needs_gpu_refresh": false,
    "can_dispatch_now": false
  }
}
[2026-03-13T18:19:40+11:00] heartbeat summary=后台监督中：5/9 完成，running=4，pending=0
{
  "workspace_path": "/Users/cwan0785/sibyl-system/workspaces/dlm-improve",
  "active_workspace_path": "/Users/cwan0785/sibyl-system/workspaces/dlm-improve/current",
  "stage": "pilot_experiments",
  "supervisor_state": {
    "owner_id": "exp-supervisor-recovery-1773386254",
    "status": "running",
    "started_at": 1773386255.565213,
    "last_heartbeat_at": 1773386380.0328681,
    "workspace_path": "/Users/cwan0785/sibyl-system/workspaces/dlm-improve",
    "active_workspace_path": "/Users/cwan0785/sibyl-system/workspaces/dlm-improve/current",
    "last_summary": "后台监督中：5/9 完成，running=4，pending=0",
    "last_actions": [
      "snapshot"
    ],
    "last_recommendations": []
  },
  "main_wake_queue_depth": 0,
  "experiment_status": {
    "status": "no_monitor",
    "last_recovery_at": "2026-03-13T18:02:02.966356",
    "display": "\n+-----------------------------------------+\n|      SIBYL - Experiment Monitor          |\n+-----------------------------------------+\n|  [###########.........] 5/9 (55%)\n|  Status: INITIALIZING\n|  Running:\n|      MGCD-lite 在 GSM8K audited slice 上的 pilot -> GPU[4] (19min)\n|      MGCD-lite 在 MBPP audited slice 上的 pilot -> GPU[5] (19min)\n|      DSG 在 GSM8K audited slice 上的 pilot -> GPU[6] (19min)\n|      DSG 在 MBPP audited slice 上的 pilot -> GPU[7] (19min)\n|  Free GPUs: [4, 5, 6, 7]\n|  Time: ~1min remaining\n|\n|  System running, please wait...\n+-----------------------------------------+\n",
    "completed_count": 5,
    "running_count": 4,
    "pending_count": 0,
    "total_tasks": 9,
    "elapsed_min": 0,
    "estimated_remaining_min": 1,
    "task_progress": {},
    "running_tasks": [
      {
        "task_id": "mgcd_gsm8k_pilot",
        "name": "MGCD-lite 在 GSM8K audited slice 上的 pilot",
        "gpu_ids": [
          4
        ],
        "elapsed_min": 19,
        "estimate_min": 20,
        "remaining_min": 1,
        "progress": {},
        "progress_age_sec": null,
        "started_at": "2026-03-13T18:02:03.095311"
      },
      {
        "task_id": "mgcd_mbpp_pilot",
        "name": "MGCD-lite 在 MBPP audited slice 上的 pilot",
        "gpu_ids": [
          5
        ],
        "elapsed_min": 19,
        "estimate_min": 20,
        "remaining_min": 1,
        "progress": {},
        "progress_age_sec": null,
        "started_at": "2026-03-13T18:02:03.095311"
      },
      {
        "task_id": "dsg_gsm8k_pilot",
        "name": "DSG 在 GSM8K audited slice 上的 pilot",
        "gpu_ids": [
          6
        ],
        "elapsed_min": 19,
        "estimate_min": 15,
        "remaining_min": 0,
        "progress": {},
        "progress_age_sec": null,
        "started_at": "2026-03-13T18:02:03.095311"
      },
      {
        "task_id": "dsg_mbpp_pilot",
        "name": "DSG 在 MBPP audited slice 上的 pilot",
        "gpu_ids": [
          7
        ],
        "elapsed_min": 19,
        "estimate_min": 15,
        "remaining_min": 0,
        "progress": {},
        "progress_age_sec": null,
        "started_at": "2026-03-13T18:02:03.095311"
      }
    ],
    "completed_tasks": [
      "implement_dsg_control",
      "implement_mgcd_lite",
      "pilot_controls_refresh",
      "repair_iteration4_contract",
      "setup_runtime_contract"
    ],
    "free_gpus": [
      4,
      5,
      6,
      7
    ],
    "monitor_age_sec": null,
    "gpu_poll_age_sec": 240,
    "workspace_path": "/Users/cwan0785/sibyl-system/workspaces/dlm-improve",
    "active_workspace_path": "/Users/cwan0785/sibyl-system/workspaces/dlm-improve/current"
  },
  "drift": {
    "runtime_slack_ratio": 1.5,
    "progress_stale_sec": 900,
    "overrun_tasks": [],
    "stale_progress_tasks": [],
    "pending_main_wake": false,
    "needs_gpu_refresh": false,
    "can_dispatch_now": false
  }
}
[2026-03-13T18:21:40+11:00] heartbeat summary=后台监督中：5/9 完成，running=4，pending=0
{
  "workspace_path": "/Users/cwan0785/sibyl-system/workspaces/dlm-improve",
  "active_workspace_path": "/Users/cwan0785/sibyl-system/workspaces/dlm-improve/current",
  "stage": "pilot_experiments",
  "supervisor_state": {
    "owner_id": "exp-supervisor-recovery-1773386254",
    "status": "running",
    "started_at": 1773386255.565213,
    "last_heartbeat_at": 1773386500.406378,
    "workspace_path": "/Users/cwan0785/sibyl-system/workspaces/dlm-improve",
    "active_workspace_path": "/Users/cwan0785/sibyl-system/workspaces/dlm-improve/current",
    "last_summary": "后台监督中：5/9 完成，running=4，pending=0",
    "last_actions": [
      "snapshot"
    ],
    "last_recommendations": []
  },
  "main_wake_queue_depth": 0,
  "experiment_status": {
    "status": "no_monitor",
    "last_recovery_at": "2026-03-13T18:02:02.966356",
    "display": "\n+-----------------------------------------+\n|      SIBYL - Experiment Monitor          |\n+-----------------------------------------+\n|  [###########.........] 5/9 (55%)\n|  Status: INITIALIZING\n|  Running:\n|      MGCD-lite 在 GSM8K audited slice 上的 pilot -> GPU[4] (21min)\n|      MGCD-lite 在 MBPP audited slice 上的 pilot -> GPU[5] (21min)\n|      DSG 在 GSM8K audited slice 上的 pilot -> GPU[6] (21min)\n|      DSG 在 MBPP audited slice 上的 pilot -> GPU[7] (21min)\n|  Free GPUs: [4, 5, 6, 7]\n|\n|  System running, please wait...\n+-----------------------------------------+\n",
    "completed_count": 5,
    "running_count": 4,
    "pending_count": 0,
    "total_tasks": 9,
    "elapsed_min": 0,
    "estimated_remaining_min": 0,
    "task_progress": {},
    "running_tasks": [
      {
        "task_id": "mgcd_gsm8k_pilot",
        "name": "MGCD-lite 在 GSM8K audited slice 上的 pilot",
        "gpu_ids": [
          4
        ],
        "elapsed_min": 21,
        "estimate_min": 20,
        "remaining_min": 0,
        "progress": {},
        "progress_age_sec": null,
        "started_at": "2026-03-13T18:02:03.095311"
      },
      {
        "task_id": "mgcd_mbpp_pilot",
        "name": "MGCD-lite 在 MBPP audited slice 上的 pilot",
        "gpu_ids": [
          5
        ],
        "elapsed_min": 21,
        "estimate_min": 20,
        "remaining_min": 0,
        "progress": {},
        "progress_age_sec": null,
        "started_at": "2026-03-13T18:02:03.095311"
      },
      {
        "task_id": "dsg_gsm8k_pilot",
        "name": "DSG 在 GSM8K audited slice 上的 pilot",
        "gpu_ids": [
          6
        ],
        "elapsed_min": 21,
        "estimate_min": 15,
        "remaining_min": 0,
        "progress": {},
        "progress_age_sec": null,
        "started_at": "2026-03-13T18:02:03.095311"
      },
      {
        "task_id": "dsg_mbpp_pilot",
        "name": "DSG 在 MBPP audited slice 上的 pilot",
        "gpu_ids": [
          7
        ],
        "elapsed_min": 21,
        "estimate_min": 15,
        "remaining_min": 0,
        "progress": {},
        "progress_age_sec": null,
        "started_at": "2026-03-13T18:02:03.095311"
      }
    ],
    "completed_tasks": [
      "implement_dsg_control",
      "implement_mgcd_lite",
      "pilot_controls_refresh",
      "repair_iteration4_contract",
      "setup_runtime_contract"
    ],
    "free_gpus": [
      4,
      5,
      6,
      7
    ],
    "monitor_age_sec": null,
    "gpu_poll_age_sec": 361,
    "workspace_path": "/Users/cwan0785/sibyl-system/workspaces/dlm-improve",
    "active_workspace_path": "/Users/cwan0785/sibyl-system/workspaces/dlm-improve/current"
  },
  "drift": {
    "runtime_slack_ratio": 1.5,
    "progress_stale_sec": 900,
    "overrun_tasks": [],
    "stale_progress_tasks": [],
    "pending_main_wake": false,
    "needs_gpu_refresh": false,
    "can_dispatch_now": false
  }
}
[2026-03-13T18:23:40+11:00] heartbeat summary=后台监督中：5/9 完成，running=4，pending=0
{
  "workspace_path": "/Users/cwan0785/sibyl-system/workspaces/dlm-improve",
  "active_workspace_path": "/Users/cwan0785/sibyl-system/workspaces/dlm-improve/current",
  "stage": "pilot_experiments",
  "supervisor_state": {
    "owner_id": "exp-supervisor-recovery-1773386254",
    "status": "running",
    "started_at": 1773386255.565213,
    "last_heartbeat_at": 1773386620.7948852,
    "workspace_path": "/Users/cwan0785/sibyl-system/workspaces/dlm-improve",
    "active_workspace_path": "/Users/cwan0785/sibyl-system/workspaces/dlm-improve/current",
    "last_summary": "后台监督中：5/9 完成，running=4，pending=0",
    "last_actions": [
      "snapshot"
    ],
    "last_recommendations": []
  },
  "main_wake_queue_depth": 0,
  "experiment_status": {
    "status": "no_monitor",
    "last_recovery_at": "2026-03-13T18:02:02.966356",
    "display": "\n+-----------------------------------------+\n|      SIBYL - Experiment Monitor          |\n+-----------------------------------------+\n|  [###########.........] 5/9 (55%)\n|  Status: INITIALIZING\n|  Running:\n|      MGCD-lite 在 GSM8K audited slice 上的 pilot -> GPU[4] (23min)\n|      MGCD-lite 在 MBPP audited slice 上的 pilot -> GPU[5] (23min)\n|      DSG 在 GSM8K audited slice 上的 pilot -> GPU[6] (23min)\n|      DSG 在 MBPP audited slice 上的 pilot -> GPU[7] (23min)\n|  Free GPUs: [4, 5, 6, 7]\n|\n|  System running, please wait...\n+-----------------------------------------+\n",
    "completed_count": 5,
    "running_count": 4,
    "pending_count": 0,
    "total_tasks": 9,
    "elapsed_min": 0,
    "estimated_remaining_min": 0,
    "task_progress": {},
    "running_tasks": [
      {
        "task_id": "mgcd_gsm8k_pilot",
        "name": "MGCD-lite 在 GSM8K audited slice 上的 pilot",
        "gpu_ids": [
          4
        ],
        "elapsed_min": 23,
        "estimate_min": 20,
        "remaining_min": 0,
        "progress": {},
        "progress_age_sec": null,
        "started_at": "2026-03-13T18:02:03.095311"
      },
      {
        "task_id": "mgcd_mbpp_pilot",
        "name": "MGCD-lite 在 MBPP audited slice 上的 pilot",
        "gpu_ids": [
          5
        ],
        "elapsed_min": 23,
        "estimate_min": 20,
        "remaining_min": 0,
        "progress": {},
        "progress_age_sec": null,
        "started_at": "2026-03-13T18:02:03.095311"
      },
      {
        "task_id": "dsg_gsm8k_pilot",
        "name": "DSG 在 GSM8K audited slice 上的 pilot",
        "gpu_ids": [
          6
        ],
        "elapsed_min": 23,
        "estimate_min": 15,
        "remaining_min": 0,
        "progress": {},
        "progress_age_sec": null,
        "started_at": "2026-03-13T18:02:03.095311"
      },
      {
        "task_id": "dsg_mbpp_pilot",
        "name": "DSG 在 MBPP audited slice 上的 pilot",
        "gpu_ids": [
          7
        ],
        "elapsed_min": 23,
        "estimate_min": 15,
        "remaining_min": 0,
        "progress": {},
        "progress_age_sec": null,
        "started_at": "2026-03-13T18:02:03.095311"
      }
    ],
    "completed_tasks": [
      "implement_dsg_control",
      "implement_mgcd_lite",
      "pilot_controls_refresh",
      "repair_iteration4_contract",
      "setup_runtime_contract"
    ],
    "free_gpus": [
      4,
      5,
      6,
      7
    ],
    "monitor_age_sec": null,
    "gpu_poll_age_sec": 481,
    "workspace_path": "/Users/cwan0785/sibyl-system/workspaces/dlm-improve",
    "active_workspace_path": "/Users/cwan0785/sibyl-system/workspaces/dlm-improve/current"
  },
  "drift": {
    "runtime_slack_ratio": 1.5,
    "progress_stale_sec": 900,
    "overrun_tasks": [
      {
        "task_id": "dsg_gsm8k_pilot",
        "elapsed_min": 23,
        "estimate_min": 15,
        "runtime_ratio": 1.53
      },
      {
        "task_id": "dsg_mbpp_pilot",
        "elapsed_min": 23,
        "estimate_min": 15,
        "runtime_ratio": 1.53
      }
    ],
    "stale_progress_tasks": [],
    "pending_main_wake": false,
    "needs_gpu_refresh": false,
    "can_dispatch_now": false
  }
}
[2026-03-13T18:25:41+11:00] heartbeat summary=后台监督中：5/9 完成，running=4，pending=0
{
  "workspace_path": "/Users/cwan0785/sibyl-system/workspaces/dlm-improve",
  "active_workspace_path": "/Users/cwan0785/sibyl-system/workspaces/dlm-improve/current",
  "stage": "pilot_experiments",
  "supervisor_state": {
    "owner_id": "exp-supervisor-recovery-1773386254",
    "status": "running",
    "started_at": 1773386255.565213,
    "last_heartbeat_at": 1773386741.152211,
    "workspace_path": "/Users/cwan0785/sibyl-system/workspaces/dlm-improve",
    "active_workspace_path": "/Users/cwan0785/sibyl-system/workspaces/dlm-improve/current",
    "last_summary": "后台监督中：5/9 完成，running=4，pending=0",
    "last_actions": [
      "snapshot"
    ],
    "last_recommendations": []
  },
  "main_wake_queue_depth": 0,
  "experiment_status": {
    "status": "no_monitor",
    "last_recovery_at": "2026-03-13T18:26:55.373288",
    "display": "\n+-----------------------------------------+\n|      SIBYL - Experiment Monitor          |\n+-----------------------------------------+\n|  [###########.........] 5/9 (55%)\n|  Status: INITIALIZING\n|  Queued: 4 tasks waiting\n|  Free GPUs: [4, 5, 6, 7]\n|\n|  System running, please wait...\n+-----------------------------------------+\n",
    "completed_count": 5,
    "running_count": 0,
    "pending_count": 4,
    "total_tasks": 9,
    "elapsed_min": 0,
    "estimated_remaining_min": 0,
    "task_progress": {},
    "running_tasks": [],
    "completed_tasks": [
      "implement_dsg_control",
      "implement_mgcd_lite",
      "pilot_controls_refresh",
      "repair_iteration4_contract",
      "setup_runtime_contract"
    ],
    "free_gpus": [
      4,
      5,
      6,
      7
    ],
    "monitor_age_sec": null,
    "gpu_poll_age_sec": 601,
    "workspace_path": "/Users/cwan0785/sibyl-system/workspaces/dlm-improve",
    "active_workspace_path": "/Users/cwan0785/sibyl-system/workspaces/dlm-improve/current"
  },
  "drift": {
    "runtime_slack_ratio": 1.5,
    "progress_stale_sec": 900,
    "overrun_tasks": [],
    "stale_progress_tasks": [],
    "pending_main_wake": false,
    "needs_gpu_refresh": true,
    "can_dispatch_now": true
  }
}
0, 42915, 97887
1, 19859, 97887
2, 19859, 97887
3, 19859, 97887
4, 0, 97887
5, 0, 97887
6, 0, 97887
7, 0, 97887
Traceback (most recent call last):
  File "<frozen runpy>", line 198, in _run_module_as_main
  File "<frozen runpy>", line 88, in _run_code
  File "/Users/cwan0785/sibyl-system/sibyl/cli.py", line 1113, in <module>
    main()
  File "/Users/cwan0785/sibyl-system/sibyl/cli.py", line 681, in main
    cli_dispatch_tasks(args.workspace)
  File "/Users/cwan0785/sibyl-system/sibyl/orchestration/runtime_cli.py", line 718, in cli_dispatch_tasks
    info = claim_next_batch(
           ^^^^^^^^^^^^^^^^^
  File "/Users/cwan0785/sibyl-system/sibyl/gpu_scheduler.py", line 178, in claim_next_batch
    with _global_gpu_leases_lock():
         ^^^^^^^^^^^^^^^^^^^^^^^^^
  File "/opt/homebrew/Caskroom/miniforge/base/lib/python3.12/contextlib.py", line 137, in __enter__
    return next(self.gen)
           ^^^^^^^^^^^^^^
  File "/Users/cwan0785/sibyl-system/sibyl/gpu_scheduler.py", line 66, in _global_gpu_leases_lock
    lock_fd = open(lock_path, "w", encoding="utf-8")
              ^^^^^^^^^^^^^^^^^^^^^^^^^^^^^^^^^^^^^^
PermissionError: [Errno 1] Operation not permitted: '/Users/cwan0785/sibyl-system/.sibyl/scheduler/gpu_leases.lock'
