[C1D FULL] PID=1219112 written to /home/qhxie/AutoResearch-SibylSystem/workspaces/sae-absorption/current/exp/results/C1D_width_paradox.pid
[1/14] Importing libraries and loading GPT-2 model
[C1D FULL] Device: cuda
[C1D FULL] Loading GPT-2 Small...
Loaded pretrained model gpt2 into HookedTransformer
[2/14] Collecting text tokens and building word vocabulary
[C1D FULL] Loaded 200 texts from Skylion007/openwebtext
[C1D FULL] Tokens collected: 10000
[C1D FULL] ICL word list: 780 words
[C1D FULL] Reference prompt token length: 76
  Letter A: 1303 valid words (using 50)
  Letter B: 1078 valid words (using 50)
  Letter C: 1984 valid words (using 50)
  Letter D: 1202 valid words (using 50)
  Letter E: 857 valid words (using 50)
  Letter F: 828 valid words (using 50)
  Letter G: 623 valid words (using 50)
  Letter H: 729 valid words (using 50)
  Letter I: 784 valid words (using 50)
  Letter J: 205 valid words (using 50)
  Letter K: 268 valid words (using 50)
  Letter L: 690 valid words (using 50)
  Letter M: 1069 valid words (using 50)
  Letter N: 437 valid words (using 50)
  Letter O: 434 valid words (using 50)
  Letter P: 1521 valid words (using 50)
  Letter Q: 81 valid words (using 50)
  Letter R: 1187 valid words (using 50)
  Letter S: 2221 valid words (using 50)
  Letter T: 999 valid words (using 50)
  Letter U: 360 valid words (using 50)
  Letter V: 356 valid words (using 50)
  Letter W: 492 valid words (using 50)
  Letter X: 25 valid words (using 25)
  Letter Y: 78 valid words (using 50)
  Letter Z: 55 valid words (using 50)

======================================================================
[C1D FULL] Processing width=24576 (24k)  [1/3]
======================================================================
[3/14] Loading SAE width=24k (24576)
[C1D FULL] SAE loaded: width=24576, hook=blocks.8.hook_resid_pre
[4/14] Finding parent features and training probes for width=24k
[C1D FULL] Parent features found for 26 letters
[C1D FULL] Probes trained for 26 letters
[5/14] Running DAS(k=1) absorption measurement for width=24k
  Letter A: DAS(k=1)=0.128 (5/39)
  Letter B: DAS(k=1)=0.000 (0/32)
  Letter C: DAS(k=1)=0.050 (2/40)
  Letter D: DAS(k=1)=0.143 (5/35)
  Letter E: DAS(k=1)=0.026 (1/39)
  Letter F: DAS(k=1)=0.000 (0/14)
  Letter G: DAS(k=1)=0.162 (6/37)
  Letter H: DAS(k=1)=0.100 (1/10)
  Letter I: DAS(k=1)=0.091 (1/11)
  Letter J: DAS(k=1)=0.077 (1/13)
  Letter K: DAS(k=1)=0.143 (2/14)
  Letter L: DAS(k=1)=0.103 (3/29)
  Letter M: DAS(k=1)=0.059 (2/34)
  Letter N: DAS(k=1)=0.571 (4/7)
  Letter O: DAS(k=1)=0.211 (8/38)
  Letter P: DAS(k=1)=0.152 (5/33)
  Letter Q: DAS(k=1)=0.278 (5/18)
  Letter R: DAS(k=1)=0.034 (1/29)
  Letter S: DAS(k=1)=0.059 (2/34)
  Letter T: DAS(k=1)=0.200 (8/40)
  Letter U: DAS(k=1)=0.094 (3/32)
  Letter V: DAS(k=1)=0.000 (0/17)
  Letter W: DAS(k=1)=0.059 (1/17)
  Letter X: DAS(k=1)=0.000 (0/0)
  Letter Y: DAS(k=1)=0.000 (0/14)
  Letter Z: DAS(k=1)=0.000 (0/1)
[6/14] Computing DAS(k=3) for width=24k

[C1D FULL] Collecting word-level SAE acts for DAS(k=3), width=24k...

[C1D FULL] Computing DAS(k=3) for width=24k...
  Letter A: parent=20929, DAS(k=1)=0.1282051282051282, DAS(k=3)=0.15287667571136732
  Letter B: parent=20409, DAS(k=1)=0.0, DAS(k=3)=0.6946319276445962
  Letter C: parent=17054, DAS(k=1)=0.05, DAS(k=3)=0.05336940621662156
  Letter D: parent=1553, DAS(k=1)=0.14285714285714285, DAS(k=3)=0.4915222182577187
  Letter E: parent=15707, DAS(k=1)=0.02564102564102564, DAS(k=3)=0.024523381614459994
  Letter F: parent=22547, DAS(k=1)=0.0, DAS(k=3)=0.45033179786957833
  Letter G: parent=16711, DAS(k=1)=0.16216216216216217, DAS(k=3)=0.07388564352601357
  Letter H: parent=14638, DAS(k=1)=0.1, DAS(k=3)=0.3620481163816994
  Letter I: parent=18319, DAS(k=1)=0.09090909090909091, DAS(k=3)=0.012936744915343024
  Letter J: parent=11953, DAS(k=1)=0.07692307692307693, DAS(k=3)=0.29799570592253977
  Letter K: parent=17024, DAS(k=1)=0.14285714285714285, DAS(k=3)=0.5299851626284053
  Letter L: parent=134, DAS(k=1)=0.10344827586206896, DAS(k=3)=0.298086891136792
  Letter M: parent=5206, DAS(k=1)=0.058823529411764705, DAS(k=3)=0.378775516832941
  Letter N: parent=4638, DAS(k=1)=0.5714285714285714, DAS(k=3)=0.11160800914503766
  Letter O: parent=17391, DAS(k=1)=0.21052631578947367, DAS(k=3)=0.5004646222164925
  Letter P: parent=3077, DAS(k=1)=0.15151515151515152, DAS(k=3)=0.4508895431377751
  Letter Q: parent=17645, DAS(k=1)=0.2777777777777778, DAS(k=3)=0.10316979279866079
  Letter R: parent=22912, DAS(k=1)=0.034482758620689655, DAS(k=3)=0.6167729971587523
  Letter S: parent=10144, DAS(k=1)=0.058823529411764705, DAS(k=3)=0.09834562512702127
  Letter T: parent=11854, DAS(k=1)=0.2, DAS(k=3)=0.12930733025579977
  Letter U: parent=11657, DAS(k=1)=0.09375, DAS(k=3)=0.3225912284451804
  Letter V: parent=5079, DAS(k=1)=0.0, DAS(k=3)=0.45790521449493293
  Letter W: parent=3480, DAS(k=1)=0.058823529411764705, DAS(k=3)=0.24948101184358717
  Letter X: parent=10653, DAS(k=1)=0.0, DAS(k=3)=0.3962147132167476
  Letter Y: parent=4954, DAS(k=1)=0.0, DAS(k=3)=0.612759697951694
  Letter Z: parent=21102, DAS(k=1)=0.0, DAS(k=3)=0.4506330143407329

[C1D FULL] Width 24k summary: DAS(k=1) computed for 26/26 letters, DAS(k=3) for 26/26 letters

======================================================================
[C1D FULL] Processing width=49152 (49k)  [2/3]
======================================================================
[7/14] Loading SAE width=49k (49152)
[C1D FULL] SAE loaded: width=49152, hook=blocks.8.hook_resid_pre
[8/14] Finding parent features and training probes for width=49k
[C1D FULL] Parent features found for 26 letters
[C1D FULL] Probes trained for 26 letters
[9/14] Running DAS(k=1) absorption measurement for width=49k
  Letter A: DAS(k=1)=0.100 (4/40)
  Letter B: DAS(k=1)=0.054 (2/37)
  Letter C: DAS(k=1)=0.050 (2/40)
  Letter D: DAS(k=1)=0.100 (4/40)
  Letter E: DAS(k=1)=0.000 (0/40)
  Letter F: DAS(k=1)=0.043 (1/23)
  Letter G: DAS(k=1)=0.175 (7/40)
  Letter H: DAS(k=1)=0.192 (5/26)
  Letter I: DAS(k=1)=0.062 (1/16)
  Letter J: DAS(k=1)=0.105 (2/19)
  Letter K: DAS(k=1)=0.133 (2/15)
  Letter L: DAS(k=1)=0.088 (3/34)
  Letter M: DAS(k=1)=0.081 (3/37)
  Letter N: DAS(k=1)=0.200 (2/10)
  Letter O: DAS(k=1)=0.175 (7/40)
  Letter P: DAS(k=1)=0.114 (4/35)
  Letter Q: DAS(k=1)=0.273 (6/22)
  Letter R: DAS(k=1)=0.025 (1/40)
  Letter S: DAS(k=1)=0.075 (3/40)
  Letter T: DAS(k=1)=0.150 (6/40)
  Letter U: DAS(k=1)=0.000 (0/30)
  Letter V: DAS(k=1)=0.111 (3/27)
  Letter W: DAS(k=1)=0.081 (3/37)
  Letter X: DAS(k=1)=0.000 (0/0)
  Letter Y: DAS(k=1)=0.105 (2/19)
  Letter Z: DAS(k=1)=0.200 (1/5)
[10/14] Computing DAS(k=3) for width=49k

[C1D FULL] Collecting word-level SAE acts for DAS(k=3), width=49k...

[C1D FULL] Computing DAS(k=3) for width=49k...
  Letter A: parent=14713, DAS(k=1)=0.1, DAS(k=3)=0.031160870127495688
  Letter B: parent=33785, DAS(k=1)=0.05405405405405406, DAS(k=3)=0.126177763502349
  Letter C: parent=26800, DAS(k=1)=0.05, DAS(k=3)=0.11043034942663432
  Letter D: parent=34268, DAS(k=1)=0.1, DAS(k=3)=0.04867318670468934
  Letter E: parent=29116, DAS(k=1)=0.0, DAS(k=3)=0.10913908999668065
  Letter F: parent=18196, DAS(k=1)=0.043478260869565216, DAS(k=3)=0.017250904304085823
  Letter G: parent=1341, DAS(k=1)=0.175, DAS(k=3)=0.06174272593654684
  Letter H: parent=26710, DAS(k=1)=0.19230769230769232, DAS(k=3)=0.25513092945665783
  Letter I: parent=39243, DAS(k=1)=0.0625, DAS(k=3)=0.019179118043707977
  Letter J: parent=9834, DAS(k=1)=0.10526315789473684, DAS(k=3)=0.06939276909937708
  Letter K: parent=48169, DAS(k=1)=0.13333333333333333, DAS(k=3)=0.6507430581931366
  Letter L: parent=35793, DAS(k=1)=0.08823529411764706, DAS(k=3)=0.22217941337018277
  Letter M: parent=49095, DAS(k=1)=0.08108108108108109, DAS(k=3)=0.11690206195235198
  Letter N: parent=9544, DAS(k=1)=0.2, DAS(k=3)=0.20673102224154638
  Letter O: parent=17860, DAS(k=1)=0.175, DAS(k=3)=0.4313859311730103
  Letter P: parent=24799, DAS(k=1)=0.11428571428571428, DAS(k=3)=0.5226669281591247
  Letter Q: parent=31840, DAS(k=1)=0.2727272727272727, DAS(k=3)=0.18984854993673728
  Letter R: parent=5430, DAS(k=1)=0.025, DAS(k=3)=0.376547170317039
  Letter S: parent=25420, DAS(k=1)=0.075, DAS(k=3)=0.20306093756452515
  Letter T: parent=9082, DAS(k=1)=0.15, DAS(k=3)=0.0911217912211616
  Letter U: parent=438, DAS(k=1)=0.0, DAS(k=3)=0.4566667080733088
  Letter V: parent=14772, DAS(k=1)=0.1111111111111111, DAS(k=3)=0.03668205118841206
  Letter W: parent=951, DAS(k=1)=0.08108108108108109, DAS(k=3)=0.10152768774833854
  Letter X: parent=5501, DAS(k=1)=0.0, DAS(k=3)=0.29802270443561074
  Letter Y: parent=9941, DAS(k=1)=0.10526315789473684, DAS(k=3)=0.7092660974972564
  Letter Z: parent=47756, DAS(k=1)=0.2, DAS(k=3)=0.43757581436042703

[C1D FULL] Width 49k summary: DAS(k=1) computed for 26/26 letters, DAS(k=3) for 26/26 letters

======================================================================
[C1D FULL] Processing width=98304 (98k)  [3/3]
======================================================================
[11/14] Loading SAE width=98k (98304)
[C1D FULL] SAE loaded: width=98304, hook=blocks.8.hook_resid_pre
[12/14] Finding parent features and training probes for width=98k
[C1D FULL] Parent features found for 26 letters
[C1D FULL] Probes trained for 26 letters
[13/14] Running DAS(k=1) absorption measurement for width=98k
  Letter A: DAS(k=1)=0.125 (5/40)
  Letter B: DAS(k=1)=0.108 (4/37)
  Letter C: DAS(k=1)=0.025 (1/40)
  Letter D: DAS(k=1)=0.077 (3/39)
  Letter E: DAS(k=1)=0.050 (2/40)
  Letter F: DAS(k=1)=0.075 (3/40)
  Letter G: DAS(k=1)=0.125 (5/40)
  Letter H: DAS(k=1)=0.115 (3/26)
  Letter I: DAS(k=1)=0.077 (1/13)
  Letter J: DAS(k=1)=0.050 (2/40)
  Letter K: DAS(k=1)=0.059 (1/17)
  Letter L: DAS(k=1)=0.083 (3/36)
  Letter M: DAS(k=1)=0.100 (4/40)
  Letter N: DAS(k=1)=0.100 (4/40)
  Letter O: DAS(k=1)=0.075 (3/40)
  Letter P: DAS(k=1)=0.061 (2/33)
  Letter Q: DAS(k=1)=0.269 (7/26)
  Letter R: DAS(k=1)=0.050 (2/40)
  Letter S: DAS(k=1)=0.027 (1/37)
  Letter T: DAS(k=1)=0.075 (3/40)
  Letter U: DAS(k=1)=0.000 (0/14)
  Letter V: DAS(k=1)=0.000 (0/19)
  Letter W: DAS(k=1)=0.088 (3/34)
  Letter X: DAS(k=1)=1.000 (1/1)
  Letter Y: DAS(k=1)=0.091 (1/11)
  Letter Z: DAS(k=1)=0.200 (1/5)
[14/14] Computing DAS(k=3) for width=98k

[C1D FULL] Collecting word-level SAE acts for DAS(k=3), width=98k...

[C1D FULL] Computing DAS(k=3) for width=98k...
  Letter A: parent=574, DAS(k=1)=0.125, DAS(k=3)=0.07631462349737272
  Letter B: parent=19192, DAS(k=1)=0.10810810810810811, DAS(k=3)=0.0712277091261535
  Letter C: parent=24595, DAS(k=1)=0.025, DAS(k=3)=0.041622735508497044
  Letter D: parent=86782, DAS(k=1)=0.07692307692307693, DAS(k=3)=0.4654551636029646
  Letter E: parent=39821, DAS(k=1)=0.05, DAS(k=3)=0.11607998522484819
  Letter F: parent=94269, DAS(k=1)=0.075, DAS(k=3)=0.4825947669896181
  Letter G: parent=68649, DAS(k=1)=0.125, DAS(k=3)=0.04255505832785389
  Letter H: parent=42452, DAS(k=1)=0.11538461538461539, DAS(k=3)=0.10259960203680496
  Letter I: parent=18334, DAS(k=1)=0.07692307692307693, DAS(k=3)=0.059198861510057044
  Letter J: parent=72849, DAS(k=1)=0.05, DAS(k=3)=0.04443822613992454
  Letter K: parent=37313, DAS(k=1)=0.058823529411764705, DAS(k=3)=0.6143346347375815
  Letter L: parent=48296, DAS(k=1)=0.08333333333333333, DAS(k=3)=0.22797271385730178
  Letter M: parent=70619, DAS(k=1)=0.1, DAS(k=3)=0.06717767824690868
  Letter N: parent=19510, DAS(k=1)=0.1, DAS(k=3)=0.22980326907848847
  Letter O: parent=96794, DAS(k=1)=0.075, DAS(k=3)=0.5923702728131133
  Letter P: parent=50828, DAS(k=1)=0.06060606060606061, DAS(k=3)=0.29271608479313793
  Letter Q: parent=3484, DAS(k=1)=0.2692307692307692, DAS(k=3)=0.3102783121275835
  Letter R: parent=9945, DAS(k=1)=0.05, DAS(k=3)=0.07354706142643619
  Letter S: parent=61603, DAS(k=1)=0.02702702702702703, DAS(k=3)=0.1893010588843571
  Letter T: parent=67170, DAS(k=1)=0.075, DAS(k=3)=0.048992689211413976
  Letter U: parent=8829, DAS(k=1)=0.0, DAS(k=3)=0.044173209291048066
  Letter V: parent=47664, DAS(k=1)=0.0, DAS(k=3)=0.4445797319817125
  Letter W: parent=95883, DAS(k=1)=0.08823529411764706, DAS(k=3)=0.3724750994486229
  Letter X: parent=80160, DAS(k=1)=1.0, DAS(k=3)=0.6013744297086643
  Letter Y: parent=30142, DAS(k=1)=0.09090909090909091, DAS(k=3)=0.7215478027410056
  Letter Z: parent=26777, DAS(k=1)=0.2, DAS(k=3)=0.4364614797108044

[C1D FULL] Width 98k summary: DAS(k=1) computed for 26/26 letters, DAS(k=3) for 26/26 letters
[13/14] Computing regression slopes and final analysis

======================================================================
[C1D FULL] Final Analysis: DAS slopes vs log(width)
======================================================================
  A: slope_k1=-0.0023, slope_k3=-0.0552
  B: slope_k1=0.0780, slope_k3=-0.4497
  C: slope_k1=-0.0180, slope_k3=-0.0085
  D: slope_k1=-0.0476, slope_k3=-0.0188
  E: slope_k1=0.0176, slope_k3=0.0660
  F: slope_k1=0.0541, slope_k3=0.0233
  G: slope_k1=-0.0268, slope_k3=-0.0226
  H: slope_k1=0.0111, slope_k3=-0.1872
  I: slope_k1=-0.0101, slope_k3=0.0334
  J: slope_k1=-0.0194, slope_k3=-0.1829
  K: slope_k1=-0.0606, slope_k3=0.0608
  L: slope_k1=-0.0145, slope_k3=-0.0506
  M: slope_k1=0.0297, slope_k3=-0.2248
  N: slope_k1=-0.3401, slope_k3=0.0853
  O: slope_k1=-0.0978, slope_k3=0.0663
  P: slope_k1=-0.0656, slope_k3=-0.1141
  Q: slope_k1=-0.0062, slope_k3=0.1494
  R: slope_k1=0.0112, slope_k3=-0.3919
  S: slope_k1=-0.0229, slope_k3=0.0656
  T: slope_k1=-0.0902, slope_k3=-0.0579
  U: slope_k1=-0.0676, slope_k3=-0.2008
  V: slope_k1=0.0000, slope_k3=-0.0096
  W: slope_k1=0.0212, slope_k3=0.0887
  X: slope_k1=0.7213, slope_k3=0.1480
  Y: slope_k1=0.0656, slope_k3=0.0785
  Z: slope_k1=0.1443, slope_k3=-0.0102

[C1D FULL] H4 Summary:
  DAS(k=3) positive slope: 11/26 = 42.31%
  DAS(k=1) non-positive slope: 15/26 = 57.69%
  Prediction: k3 positive >= 80%, k1 non-positive >= 60%
  Width 24k: mean DAS(k=1)=0.1053 (n=26), mean DAS(k=3)=0.3200 (n=26)
  Width 49k: mean DAS(k=1)=0.1036 (n=26), mean DAS(k=3)=0.2269 (n=26)
  Width 98k: mean DAS(k=1)=0.1194 (n=26), mean DAS(k=3)=0.2604 (n=26)

[C1D FULL] Results saved: /home/qhxie/AutoResearch-SibylSystem/workspaces/sae-absorption/current/exp/results/full/C1D_das_vs_width.json
[C1D FULL] gpu_progress.json updated
[14/14] Done. H4 assessment: PARTIAL. DAS(k=3) positive slope: 42%. DAS(k=1) non-positive slope: 58%.
[C1D FULL] DONE: success -- C1D FULL: H4 PARTIAL. 3 widths ([24576, 49152, 98304]), 26 letters. DAS(k=3) positive slope: 11/26 (42%). DAS(k=1) non-positive slope: 15/26 (58%).

[C1D FULL] Completed in 3 minutes.
  H4 assessment: PARTIAL
`torch_dtype` is deprecated! Use `dtype` instead!
Token indices sequence length is longer than the specified maximum sequence length for this model (1217 > 1024). Running this sequence through the model will result in indexing errors
/home/qhxie/miniforge3/envs/sibyl_sae-absorption/lib/python3.11/site-packages/sae_lens/saes/sae.py:251: UserWarning: 
This SAE has non-empty model_from_pretrained_kwargs. 
For optimal performance, load the model like so:
model = HookedSAETransformer.from_pretrained_no_processing(..., **cfg.model_from_pretrained_kwargs)
  warnings.warn(
/home/qhxie/miniforge3/envs/sibyl_sae-absorption/lib/python3.11/site-packages/sae_lens/saes/sae.py:251: UserWarning: 
This SAE has non-empty model_from_pretrained_kwargs. 
For optimal performance, load the model like so:
model = HookedSAETransformer.from_pretrained_no_processing(..., **cfg.model_from_pretrained_kwargs)
  warnings.warn(
/home/qhxie/miniforge3/envs/sibyl_sae-absorption/lib/python3.11/site-packages/sae_lens/saes/sae.py:251: UserWarning: 
This SAE has non-empty model_from_pretrained_kwargs. 
For optimal performance, load the model like so:
model = HookedSAETransformer.from_pretrained_no_processing(..., **cfg.model_from_pretrained_kwargs)
  warnings.warn(


