/home/ccwang/sibyl-research-system/.venv/lib/python3.12/site-packages/torchvision/datasets/cifar.py:83: VisibleDeprecationWarning: dtype(): align should be passed as Python or NumPy boolean but got `align=0`. Did you mean to pass a tuple to create a subarray type? (Deprecated NumPy 2.4)
  entry = pickle.load(f, encoding="latin1")
[INFO] Model: vgg16bn, Params: 15,299,748, Classes: 100
[INFO] Dataset: cifar100, Epochs: 50, BS: 128
[INFO] WD Method: NoWD, Lambda: 0.0005
[INFO] Normalized layers detected: 26
Epoch 1/50 | LR: 0.099901 | Train Loss: 4.5237 Acc: 1.66% | Test Loss: 4.3854 Top1: 2.29%
Epoch 2/50 | LR: 0.099606 | Train Loss: 4.3475 Acc: 2.68% | Test Loss: 4.2786 Top1: 3.38%
Epoch 3/50 | LR: 0.099114 | Train Loss: 4.2563 Acc: 3.13% | Test Loss: 4.1959 Top1: 3.58%
Epoch 4/50 | LR: 0.098429 | Train Loss: 4.1770 Acc: 3.60% | Test Loss: 4.1232 Top1: 4.42%
Epoch 5/50 | LR: 0.097553 | Train Loss: 4.0954 Acc: 4.28% | Test Loss: 3.9767 Top1: 5.50%
Epoch 6/50 | LR: 0.096489 | Train Loss: 3.9799 Acc: 5.53% | Test Loss: 3.8330 Top1: 7.16%
Epoch 7/50 | LR: 0.095241 | Train Loss: 3.7944 Acc: 7.62% | Test Loss: 3.7976 Top1: 8.15%
Epoch 8/50 | LR: 0.093815 | Train Loss: 3.6118 Acc: 9.81% | Test Loss: 3.5322 Top1: 12.39%
Epoch 9/50 | LR: 0.092216 | Train Loss: 3.4394 Acc: 12.59% | Test Loss: 3.4181 Top1: 13.52%
Epoch 10/50 | LR: 0.090451 | Train Loss: 3.2638 Acc: 15.76% | Test Loss: 3.0000 Top1: 20.46%
Epoch 11/50 | LR: 0.088526 | Train Loss: 3.1323 Acc: 18.49% | Test Loss: 3.0174 Top1: 21.36%
Epoch 12/50 | LR: 0.086448 | Train Loss: 2.9962 Acc: 20.80% | Test Loss: 2.9570 Top1: 22.42%
Epoch 13/50 | LR: 0.084227 | Train Loss: 2.8810 Acc: 23.18% | Test Loss: 2.7711 Top1: 26.13%
Epoch 14/50 | LR: 0.081871 | Train Loss: 2.7793 Acc: 25.36% | Test Loss: 2.7419 Top1: 27.05%
Epoch 15/50 | LR: 0.079389 | Train Loss: 2.6753 Acc: 27.35% | Test Loss: 2.5702 Top1: 30.64%
Epoch 16/50 | LR: 0.076791 | Train Loss: 2.5719 Acc: 29.87% | Test Loss: 2.5056 Top1: 32.08%
Epoch 17/50 | LR: 0.074088 | Train Loss: 2.4621 Acc: 32.30% | Test Loss: 2.3806 Top1: 34.38%
Epoch 18/50 | LR: 0.071289 | Train Loss: 2.3804 Acc: 34.43% | Test Loss: 2.3344 Top1: 35.88%
Epoch 19/50 | LR: 0.068406 | Train Loss: 2.2946 Acc: 36.22% | Test Loss: 2.2189 Top1: 38.74%
Epoch 20/50 | LR: 0.065451 | Train Loss: 2.2005 Acc: 38.91% | Test Loss: 2.0856 Top1: 41.81%
Epoch 21/50 | LR: 0.062434 | Train Loss: 2.1283 Acc: 40.49% | Test Loss: 2.1247 Top1: 42.00%
Epoch 22/50 | LR: 0.059369 | Train Loss: 2.0501 Acc: 42.30% | Test Loss: 2.0487 Top1: 43.50%
Epoch 23/50 | LR: 0.056267 | Train Loss: 1.9785 Acc: 44.38% | Test Loss: 1.9525 Top1: 45.77%
Epoch 24/50 | LR: 0.053140 | Train Loss: 1.9108 Acc: 46.27% | Test Loss: 1.9594 Top1: 45.72%
Epoch 25/50 | LR: 0.050000 | Train Loss: 1.8405 Acc: 48.15% | Test Loss: 1.8389 Top1: 48.88%
Epoch 26/50 | LR: 0.046860 | Train Loss: 1.7623 Acc: 50.45% | Test Loss: 1.8372 Top1: 49.41%
Epoch 27/50 | LR: 0.043733 | Train Loss: 1.6944 Acc: 51.96% | Test Loss: 1.8457 Top1: 50.11%
Epoch 28/50 | LR: 0.040631 | Train Loss: 1.6359 Acc: 53.59% | Test Loss: 1.8374 Top1: 50.55%
Epoch 29/50 | LR: 0.037566 | Train Loss: 1.5631 Acc: 55.75% | Test Loss: 1.7754 Top1: 51.88%
Epoch 30/50 | LR: 0.034549 | Train Loss: 1.5138 Acc: 57.16% | Test Loss: 1.6609 Top1: 54.49%
Epoch 31/50 | LR: 0.031594 | Train Loss: 1.4451 Acc: 58.65% | Test Loss: 1.7287 Top1: 53.59%
Epoch 32/50 | LR: 0.028711 | Train Loss: 1.3808 Acc: 60.27% | Test Loss: 1.6383 Top1: 56.43%
Epoch 33/50 | LR: 0.025912 | Train Loss: 1.3292 Acc: 62.15% | Test Loss: 1.6380 Top1: 56.11%
Epoch 34/50 | LR: 0.023209 | Train Loss: 1.2606 Acc: 63.65% | Test Loss: 1.6095 Top1: 57.46%
Epoch 35/50 | LR: 0.020611 | Train Loss: 1.2117 Acc: 65.02% | Test Loss: 1.6684 Top1: 56.84%
Epoch 36/50 | LR: 0.018129 | Train Loss: 1.1586 Acc: 66.55% | Test Loss: 1.5805 Top1: 58.35%
Epoch 37/50 | LR: 0.015773 | Train Loss: 1.1016 Acc: 68.01% | Test Loss: 1.5794 Top1: 59.11%
Epoch 38/50 | LR: 0.013552 | Train Loss: 1.0639 Acc: 69.10% | Test Loss: 1.5676 Top1: 59.41%
Epoch 39/50 | LR: 0.011474 | Train Loss: 1.0102 Acc: 70.58% | Test Loss: 1.5717 Top1: 60.09%
Epoch 40/50 | LR: 0.009549 | Train Loss: 0.9713 Acc: 71.66% | Test Loss: 1.5575 Top1: 60.88%
Epoch 41/50 | LR: 0.007784 | Train Loss: 0.9322 Acc: 72.66% | Test Loss: 1.5647 Top1: 60.98%
Epoch 42/50 | LR: 0.006185 | Train Loss: 0.8919 Acc: 73.61% | Test Loss: 1.5594 Top1: 61.25%
Epoch 43/50 | LR: 0.004759 | Train Loss: 0.8551 Acc: 74.62% | Test Loss: 1.5694 Top1: 61.48%
Epoch 44/50 | LR: 0.003511 | Train Loss: 0.8273 Acc: 75.38% | Test Loss: 1.5669 Top1: 61.77%
Epoch 45/50 | LR: 0.002447 | Train Loss: 0.8060 Acc: 76.19% | Test Loss: 1.5729 Top1: 61.89%
Epoch 46/50 | LR: 0.001571 | Train Loss: 0.7909 Acc: 76.45% | Test Loss: 1.5763 Top1: 61.88%
Epoch 47/50 | LR: 0.000886 | Train Loss: 0.7741 Acc: 77.02% | Test Loss: 1.5789 Top1: 62.13%
Epoch 48/50 | LR: 0.000394 | Train Loss: 0.7595 Acc: 77.31% | Test Loss: 1.5875 Top1: 62.21%
Epoch 49/50 | LR: 0.000099 | Train Loss: 0.7553 Acc: 77.47% | Test Loss: 1.5795 Top1: 62.05%
Epoch 50/50 | LR: 0.000000 | Train Loss: 0.7527 Acc: 77.56% | Test Loss: 1.5877 Top1: 62.14%

[DONE] Best Top1: 62.21%, Time: 2.9 min
[DONE] Results saved to /home/ccwang/sibyl-research-system/workspaces/dynamic-wd/current/exp/results/cifar100_vgg16bn_full/NoWD_seed123/default_results.json
