/home/ccwang/sibyl-research-system/.venv/lib/python3.12/site-packages/torchvision/datasets/cifar.py:83: VisibleDeprecationWarning: dtype(): align should be passed as Python or NumPy boolean but got `align=0`. Did you mean to pass a tuple to create a subarray type? (Deprecated NumPy 2.4)
  entry = pickle.load(f, encoding="latin1")
[INFO] Model: vgg16bn, Params: 15,299,748, Classes: 100
[INFO] Dataset: cifar100, Epochs: 50, BS: 128
[INFO] WD Method: SWD, Lambda: 0.0005
[INFO] Normalized layers detected: 26
Epoch 1/50 | LR: 0.099901 | Train Loss: 4.4610 Acc: 2.00% | Test Loss: 4.2777 Top1: 2.95%
Epoch 2/50 | LR: 0.099606 | Train Loss: 4.3107 Acc: 2.76% | Test Loss: 4.2305 Top1: 3.37%
Epoch 3/50 | LR: 0.099114 | Train Loss: 4.2410 Acc: 3.24% | Test Loss: 4.2025 Top1: 3.38%
Epoch 4/50 | LR: 0.098429 | Train Loss: 4.1574 Acc: 3.75% | Test Loss: 4.0564 Top1: 4.82%
Epoch 5/50 | LR: 0.097553 | Train Loss: 4.0514 Acc: 4.92% | Test Loss: 3.9379 Top1: 6.26%
Epoch 6/50 | LR: 0.096489 | Train Loss: 3.9004 Acc: 6.55% | Test Loss: 3.6785 Top1: 9.39%
Epoch 7/50 | LR: 0.095241 | Train Loss: 3.7295 Acc: 8.46% | Test Loss: 3.5697 Top1: 10.79%
Epoch 8/50 | LR: 0.093815 | Train Loss: 3.5648 Acc: 10.44% | Test Loss: 3.3251 Top1: 13.31%
Epoch 9/50 | LR: 0.092216 | Train Loss: 3.3906 Acc: 13.30% | Test Loss: 3.1829 Top1: 16.82%
Epoch 10/50 | LR: 0.090451 | Train Loss: 3.2355 Acc: 16.01% | Test Loss: 3.0511 Top1: 19.74%
Epoch 11/50 | LR: 0.088526 | Train Loss: 3.0814 Acc: 18.80% | Test Loss: 2.9885 Top1: 20.75%
Epoch 12/50 | LR: 0.086448 | Train Loss: 2.9518 Acc: 21.50% | Test Loss: 3.1937 Top1: 20.27%
Epoch 13/50 | LR: 0.084227 | Train Loss: 2.8352 Acc: 23.78% | Test Loss: 2.8965 Top1: 23.62%
Epoch 14/50 | LR: 0.081871 | Train Loss: 2.7136 Acc: 26.42% | Test Loss: 2.6576 Top1: 27.15%
Epoch 15/50 | LR: 0.079389 | Train Loss: 2.6067 Acc: 28.74% | Test Loss: 2.4223 Top1: 32.83%
Epoch 16/50 | LR: 0.076791 | Train Loss: 2.4984 Acc: 31.27% | Test Loss: 2.4071 Top1: 34.94%
Epoch 17/50 | LR: 0.074088 | Train Loss: 2.3983 Acc: 33.95% | Test Loss: 2.3368 Top1: 36.51%
Epoch 18/50 | LR: 0.071289 | Train Loss: 2.3028 Acc: 36.14% | Test Loss: 2.1947 Top1: 39.95%
Epoch 19/50 | LR: 0.068406 | Train Loss: 2.2082 Acc: 38.79% | Test Loss: 2.1404 Top1: 41.79%
Epoch 20/50 | LR: 0.065451 | Train Loss: 2.1454 Acc: 40.59% | Test Loss: 2.0877 Top1: 42.47%
Epoch 21/50 | LR: 0.062434 | Train Loss: 2.0558 Acc: 42.80% | Test Loss: 2.1142 Top1: 42.96%
Epoch 22/50 | LR: 0.059369 | Train Loss: 1.9716 Acc: 44.64% | Test Loss: 1.9594 Top1: 46.33%
Epoch 23/50 | LR: 0.056267 | Train Loss: 1.9023 Acc: 46.91% | Test Loss: 1.8895 Top1: 46.79%
Epoch 24/50 | LR: 0.053140 | Train Loss: 1.8175 Acc: 48.63% | Test Loss: 1.8963 Top1: 48.70%
Epoch 25/50 | LR: 0.050000 | Train Loss: 1.7473 Acc: 50.54% | Test Loss: 1.8870 Top1: 49.48%
Epoch 26/50 | LR: 0.046860 | Train Loss: 1.6850 Acc: 52.52% | Test Loss: 1.7513 Top1: 52.23%
Epoch 27/50 | LR: 0.043733 | Train Loss: 1.6186 Acc: 54.22% | Test Loss: 1.7113 Top1: 53.97%
Epoch 28/50 | LR: 0.040631 | Train Loss: 1.5447 Acc: 56.01% | Test Loss: 1.7816 Top1: 52.08%
Epoch 29/50 | LR: 0.037566 | Train Loss: 1.4904 Acc: 57.52% | Test Loss: 1.6581 Top1: 54.87%
Epoch 30/50 | LR: 0.034549 | Train Loss: 1.4280 Acc: 59.38% | Test Loss: 1.7023 Top1: 54.57%
Epoch 31/50 | LR: 0.031594 | Train Loss: 1.3551 Acc: 61.31% | Test Loss: 1.6410 Top1: 56.32%
Epoch 32/50 | LR: 0.028711 | Train Loss: 1.2936 Acc: 62.95% | Test Loss: 1.6369 Top1: 57.28%
Epoch 33/50 | LR: 0.025912 | Train Loss: 1.2400 Acc: 64.43% | Test Loss: 1.5940 Top1: 57.84%
Epoch 34/50 | LR: 0.023209 | Train Loss: 1.1776 Acc: 65.95% | Test Loss: 1.5585 Top1: 59.07%
Epoch 35/50 | LR: 0.020611 | Train Loss: 1.1225 Acc: 67.33% | Test Loss: 1.5779 Top1: 59.01%
Epoch 36/50 | LR: 0.018129 | Train Loss: 1.0644 Acc: 69.44% | Test Loss: 1.5879 Top1: 60.13%
Epoch 37/50 | LR: 0.015773 | Train Loss: 1.0034 Acc: 70.72% | Test Loss: 1.5753 Top1: 60.15%
Epoch 38/50 | LR: 0.013552 | Train Loss: 0.9624 Acc: 71.94% | Test Loss: 1.5475 Top1: 60.90%
Epoch 39/50 | LR: 0.011474 | Train Loss: 0.9061 Acc: 73.46% | Test Loss: 1.5154 Top1: 61.76%
Epoch 40/50 | LR: 0.009549 | Train Loss: 0.8571 Acc: 74.77% | Test Loss: 1.5195 Top1: 62.24%
Epoch 41/50 | LR: 0.007784 | Train Loss: 0.8233 Acc: 75.83% | Test Loss: 1.5307 Top1: 62.58%
Epoch 42/50 | LR: 0.006185 | Train Loss: 0.7762 Acc: 77.05% | Test Loss: 1.5401 Top1: 62.70%
Epoch 43/50 | LR: 0.004759 | Train Loss: 0.7360 Acc: 78.21% | Test Loss: 1.5638 Top1: 63.34%
Epoch 44/50 | LR: 0.003511 | Train Loss: 0.7045 Acc: 78.98% | Test Loss: 1.5570 Top1: 63.29%
Epoch 45/50 | LR: 0.002447 | Train Loss: 0.6738 Acc: 79.82% | Test Loss: 1.5622 Top1: 63.18%
Epoch 46/50 | LR: 0.001571 | Train Loss: 0.6552 Acc: 80.24% | Test Loss: 1.5648 Top1: 63.33%
Epoch 47/50 | LR: 0.000886 | Train Loss: 0.6323 Acc: 80.98% | Test Loss: 1.5543 Top1: 63.53%
Epoch 48/50 | LR: 0.000394 | Train Loss: 0.6238 Acc: 81.23% | Test Loss: 1.5631 Top1: 63.76%
Epoch 49/50 | LR: 0.000099 | Train Loss: 0.6180 Acc: 81.47% | Test Loss: 1.5742 Top1: 63.51%
Epoch 50/50 | LR: 0.000000 | Train Loss: 0.6136 Acc: 81.68% | Test Loss: 1.5735 Top1: 63.59%

[DONE] Best Top1: 63.76%, Time: 4.7 min
[DONE] Results saved to /home/ccwang/sibyl-research-system/workspaces/dynamic-wd/current/exp/results/cifar100_vgg16bn_full/SWD_seed456/default_results.json
