[IGSD Pareto Corrected FULL] seeds=[42, 123, 456]
  tau values: [0.7, 0.85, 0.9]
  T_draft values: [16, 32, 48]
  Benchmarks: GSM8K (full 1319) + MATH500 (full 500)
  Seeds: [42, 123, 456]
  Checkpoint: 2 runs already completed
[Loading LLaDA-8B-Instruct...]
`torch_dtype` is deprecated! Use `dtype` instead!
Loading checkpoint shards:   0%|          | 0/6 [00:00<?, ?it/s]Loading checkpoint shards: 100%|██████████| 6/6 [00:00<00:00, 487.83it/s]
  VRAM after load: 15288 MB / 97250 MB
  [Skip] tau0.7_td16_s42_gsm8k (already completed)
  [Skip] tau0.7_td16_s42_math500 (already completed)

[Run 3/54] tau=0.7, td=16, seed=123, GSM8K (1319 samples)
  [GSM8K tau=0.7 td=16 s=123] 100/1319 acc=0.450 tps=161.1
  [GSM8K tau=0.7 td=16 s=123] 200/1319 acc=0.465 tps=159.3
  [GSM8K tau=0.7 td=16 s=123] 300/1319 acc=0.440 tps=160.9
  [GSM8K tau=0.7 td=16 s=123] 400/1319 acc=0.458 tps=162.0
  [GSM8K tau=0.7 td=16 s=123] 500/1319 acc=0.444 tps=163.0
  [GSM8K tau=0.7 td=16 s=123] 600/1319 acc=0.443 tps=162.8
  [GSM8K tau=0.7 td=16 s=123] 700/1319 acc=0.440 tps=162.4
  [GSM8K tau=0.7 td=16 s=123] 800/1319 acc=0.436 tps=162.5
  [GSM8K tau=0.7 td=16 s=123] 900/1319 acc=0.440 tps=160.9
  [GSM8K tau=0.7 td=16 s=123] 1000/1319 acc=0.440 tps=161.0
  [GSM8K tau=0.7 td=16 s=123] 1100/1319 acc=0.437 tps=160.2
  [GSM8K tau=0.7 td=16 s=123] 1200/1319 acc=0.437 tps=160.2
  [GSM8K tau=0.7 td=16 s=123] 1300/1319 acc=0.441 tps=160.5
  -> GSM8K: acc=0.441, tps=160.2

[Run 4/54] tau=0.7, td=16, seed=123, MATH500 (500 samples)
  [MATH500 tau=0.7 td=16 s=123] 100/500 acc=0.200 tps=288.7
  [MATH500 tau=0.7 td=16 s=123] 200/500 acc=0.175 tps=294.5
  [MATH500 tau=0.7 td=16 s=123] 300/500 acc=0.143 tps=300.9
  [MATH500 tau=0.7 td=16 s=123] 400/500 acc=0.133 tps=296.1
  [MATH500 tau=0.7 td=16 s=123] 500/500 acc=0.124 tps=297.6
  -> MATH500: acc=0.124, tps=297.6

[Run 5/54] tau=0.7, td=16, seed=456, GSM8K (1319 samples)
  [GSM8K tau=0.7 td=16 s=456] 100/1319 acc=0.450 tps=161.1
Terminated
ERROR conda.cli.main_run:execute(127): `conda run python -u exp/code/igsd_pareto_corrected_full.py` failed. (See above for error)
