============================================================
Training vgg16_bn on cifar10
WD method: no_wd, base WD: 0.0005
Epochs: 200, LR: 0.001, Batch: 128
Seed: 123, Device: cuda:1
Output: /home/ccwang/sibyl-research-system/workspaces/dynamic-wd/current/exp/results/full/vgg16bn/cifar10/no_wd/seed_123
============================================================
  E  0/200: loss=1.9204 tr_acc=19.62% te_acc=28.28% wn=119.94 CSI=0.0000 AIS=0.4808 BEM=-1.0000
  E 10/200: loss=0.5960 tr_acc=81.20% te_acc=80.95% wn=262.06 CSI=0.3319 AIS=0.2417 BEM=-1.0000
  E 20/200: loss=0.3473 tr_acc=89.20% te_acc=84.80% wn=345.29 CSI=0.0659 AIS=0.2325 BEM=-1.0000
  E 30/200: loss=0.2187 tr_acc=93.07% te_acc=88.49% wn=415.86 CSI=0.0972 AIS=0.2803 BEM=-1.0000
  E 40/200: loss=0.1534 tr_acc=95.14% te_acc=88.48% wn=475.01 CSI=0.1629 AIS=0.1986 BEM=-1.0000
  E 50/200: loss=0.1081 tr_acc=96.70% te_acc=89.93% wn=518.71 CSI=0.0960 AIS=0.1541 BEM=-1.0000
  E 60/200: loss=0.0740 tr_acc=97.77% te_acc=89.69% wn=555.11 CSI=0.1916 AIS=0.3021 BEM=-1.0000
  E 70/200: loss=0.0547 tr_acc=98.36% te_acc=90.28% wn=584.81 CSI=0.2213 AIS=0.2571 BEM=-1.0000
  E 80/200: loss=0.0433 tr_acc=98.70% te_acc=90.74% wn=608.05 CSI=0.1389 AIS=0.2417 BEM=-1.0000
  E 90/200: loss=0.0283 tr_acc=99.15% te_acc=90.77% wn=624.49 CSI=0.2313 AIS=0.3036 BEM=-1.0000
  E100/200: loss=0.0234 tr_acc=99.29% te_acc=90.72% wn=637.25 CSI=0.2460 AIS=0.1541 BEM=-1.0000
  E110/200: loss=0.0197 tr_acc=99.39% te_acc=90.88% wn=646.81 CSI=0.1781 AIS=0.2571 BEM=-1.0000
  E120/200: loss=0.0109 tr_acc=99.70% te_acc=91.20% wn=653.40 CSI=0.3817 AIS=0.2209 BEM=-1.0000
  E130/200: loss=0.0075 tr_acc=99.78% te_acc=91.43% wn=657.26 CSI=0.3585 AIS=0.1633 BEM=-1.0000
  E140/200: loss=0.0052 tr_acc=99.82% te_acc=91.54% wn=659.76 CSI=0.3233 AIS=0.1227 BEM=-1.0000
  E150/200: loss=0.0036 tr_acc=99.88% te_acc=91.33% wn=661.27 CSI=0.4547 AIS=0.1956 BEM=-1.0000
  E160/200: loss=0.0027 tr_acc=99.92% te_acc=91.72% wn=661.90 CSI=0.6243 AIS=0.1346 BEM=-1.0000
  E170/200: loss=0.0013 tr_acc=99.95% te_acc=91.77% wn=662.32 CSI=0.9945 AIS=0.2835 BEM=-1.0000
  E180/200: loss=0.0010 tr_acc=99.97% te_acc=91.84% wn=662.44 CSI=1.2359 AIS=0.2835 BEM=-1.0000
  E190/200: loss=0.0009 tr_acc=99.98% te_acc=91.80% wn=662.46 CSI=1.5948 AIS=0.2516 BEM=-1.0000
  E199/200: loss=0.0008 tr_acc=99.98% te_acc=91.86% wn=662.47 CSI=1.2543 AIS=0.2378 BEM=-1.0000

Done! Best: 92.00%, Time: 780.1s
