
Loading checkpoint shards:   0%|          | 0/6 [00:00<?, ?it/s]
Loading checkpoint shards:  17%|█▋        | 1/6 [00:00<00:00,  6.92it/s]
Loading checkpoint shards:  33%|███▎      | 2/6 [00:00<00:00,  7.53it/s]
Loading checkpoint shards:  50%|█████     | 3/6 [00:00<00:00,  7.72it/s]
Loading checkpoint shards:  67%|██████▋   | 4/6 [00:00<00:00,  7.89it/s]
Loading checkpoint shards:  83%|████████▎ | 5/6 [00:00<00:00,  7.97it/s]
Loading checkpoint shards: 100%|██████████| 6/6 [00:00<00:00,  8.06it/s]
Loading checkpoint shards: 100%|██████████| 6/6 [00:00<00:00,  7.87it/s]

[CHR_refine Measurement] PILOT mode
  IGSD config: tau=0.9, T_draft=16, T_full=64
  GSM8K samples: 100, seed=42
  Entropy thresholds: [0.5, 1.0, 2.0]
[Loading GSM8K...]
  GSM8K: 100 samples
[Loading LLaDA-8B-Instruct...]
  VRAM: 15288 MB / 97250 MB
  [10/100] acc=0.400 avg_chr_refine=0.9209 avg_alpha=0.840 tps=147.1
  [20/100] acc=0.550 avg_chr_refine=0.9450 avg_alpha=0.893 tps=164.5
  [30/100] acc=0.533 avg_chr_refine=0.9537 avg_alpha=0.911 tps=165.3
  [40/100] acc=0.500 avg_chr_refine=0.9507 avg_alpha=0.904 tps=156.0
  [50/100] acc=0.480 avg_chr_refine=0.9508 avg_alpha=0.905 tps=153.1
  [60/100] acc=0.450 avg_chr_refine=0.9490 avg_alpha=0.900 tps=148.9
  [70/100] acc=0.443 avg_chr_refine=0.9480 avg_alpha=0.897 tps=148.5
  [80/100] acc=0.438 avg_chr_refine=0.9457 avg_alpha=0.892 tps=146.2
  [90/100] acc=0.467 avg_chr_refine=0.9462 avg_alpha=0.892 tps=146.8
  [100/100] acc=0.460 avg_chr_refine=0.9432 avg_alpha=0.886 tps=145.4

============================================================
[CHR_refine Measurement] COMPLETE
  Total elapsed: 4.0 min
  Valid samples: 100/100
  GSM8K accuracy: 0.460
  Average TPS: 145.4
  Alpha (frozen fraction): 0.8860 +/- 0.1335
  Position-based CHR_refine: 0.9432 +/- 0.0606
  Entropy CHR (eta=0.5): 0.9054 +/- 0.0958
  Entropy CHR (eta=1.0): 0.9327 +/- 0.0692
  Entropy CHR (eta=2.0): 0.9404 +/- 0.0624
  Analytical comparison: measured_eta2=0.9404 vs claimed=0.94
  Claim supported: True
  Pass criteria met: True
============================================================
[gpu_progress.json] Updated: chr_refine_measurement -> completed

