`torch_dtype` is deprecated! Use `dtype` instead!
/home/qhxie/miniforge3/envs/sibyl_sae-absorption/lib/python3.11/site-packages/sae_lens/saes/sae.py:251: UserWarning: 
This SAE has non-empty model_from_pretrained_kwargs. 
For optimal performance, load the model like so:
model = HookedSAETransformer.from_pretrained_no_processing(..., **cfg.model_from_pretrained_kwargs)
  warnings.warn(

Collecting activations:   0%|          | 0/1000 [00:00<?, ?it/s]
Collecting activations:   0%|          | 2/1000 [00:00<01:05, 15.17it/s]
Collecting activations:   0%|          | 5/1000 [00:00<00:48, 20.49it/s]
Collecting activations:   1%|          | 8/1000 [00:00<00:42, 23.57it/s]
Collecting activations:   1%|          | 11/1000 [00:00<00:48, 20.22it/s]
Collecting activations:   1%|▏         | 14/1000 [00:00<00:49, 19.93it/s]
Collecting activations:   2%|▏         | 17/1000 [00:00<00:50, 19.55it/s]
Collecting activations:   2%|▏         | 19/1000 [00:00<00:54, 17.95it/s]
Collecting activations:   2%|▏         | 21/1000 [00:01<00:53, 18.35it/s]
Collecting activations:   2%|▏         | 24/1000 [00:01<00:47, 20.39it/s]
Collecting activations:   3%|▎         | 27/1000 [00:01<00:46, 20.79it/s]
Collecting activations:   3%|▎         | 30/1000 [00:01<00:47, 20.51it/s]
Collecting activations:   3%|▎         | 33/1000 [00:01<00:49, 19.65it/s]
Collecting activations:   4%|▎         | 35/1000 [00:01<00:49, 19.40it/s]
Collecting activations:   4%|▎         | 37/1000 [00:01<00:51, 18.64it/s]
Collecting activations:   4%|▍         | 39/1000 [00:02<00:55, 17.37it/s]
Collecting activations:   4%|▍         | 42/1000 [00:02<00:47, 20.34it/s]
Collecting activations:   4%|▍         | 45/1000 [00:02<00:47, 20.31it/s]
Collecting activations:   5%|▍         | 48/1000 [00:02<00:54, 17.42it/s]
Collecting activations:   5%|▌         | 50/1000 [00:02<00:53, 17.88it/s]
Collecting activations:   5%|▌         | 53/1000 [00:02<00:53, 17.60it/s]
Collecting activations:   6%|▌         | 56/1000 [00:02<00:48, 19.35it/s]
Collecting activations:   6%|▌         | 59/1000 [00:03<00:49, 18.92it/s]
Collecting activations:   6%|▌         | 62/1000 [00:03<00:48, 19.50it/s]
Collecting activations:   7%|▋         | 66/1000 [00:03<00:45, 20.62it/s]
Collecting activations:   7%|▋         | 69/1000 [00:03<00:49, 18.83it/s]
Collecting activations:   7%|▋         | 71/1000 [00:03<00:50, 18.53it/s]
Collecting activations:   7%|▋         | 73/1000 [00:03<00:54, 17.13it/s]
Collecting activations:   8%|▊         | 76/1000 [00:03<00:47, 19.32it/s]
Collecting activations:   8%|▊         | 79/1000 [00:04<00:44, 20.47it/s]
Collecting activations:   8%|▊         | 82/1000 [00:04<00:51, 17.90it/s]
Collecting activations:   8%|▊         | 84/1000 [00:04<00:52, 17.32it/s]
Collecting activations:   9%|▊         | 87/1000 [00:04<00:46, 19.45it/s]
Collecting activations:   9%|▉         | 90/1000 [00:04<00:53, 16.94it/s]
Collecting activations:   9%|▉         | 92/1000 [00:04<00:53, 16.94it/s]
Collecting activations:   9%|▉         | 94/1000 [00:05<00:52, 17.13it/s]
Collecting activations:  10%|▉         | 96/1000 [00:05<00:52, 17.34it/s]
Collecting activations:  10%|█         | 100/1000 [00:05<00:41, 21.58it/s]
Collecting activations:  10%|█         | 103/1000 [00:05<00:41, 21.65it/s]
Collecting activations:  11%|█         | 106/1000 [00:05<00:40, 21.89it/s]
Collecting activations:  11%|█         | 109/1000 [00:05<00:39, 22.33it/s]
Collecting activations:  11%|█         | 112/1000 [00:05<00:47, 18.87it/s]
Collecting activations:  11%|█▏        | 114/1000 [00:05<00:48, 18.35it/s]
Collecting activations:  12%|█▏        | 116/1000 [00:06<00:49, 17.96it/s]
Collecting activations:  12%|█▏        | 118/1000 [00:06<00:50, 17.63it/s]
Collecting activations:  12%|█▏        | 121/1000 [00:06<00:45, 19.27it/s]
Collecting activations:  12%|█▏        | 123/1000 [00:06<00:46, 18.72it/s]
Collecting activations:  12%|█▎        | 125/1000 [00:06<00:50, 17.29it/s]
Collecting activations:  13%|█▎        | 127/1000 [00:06<00:55, 15.81it/s]
Collecting activations:  13%|█▎        | 129/1000 [00:06<00:52, 16.56it/s]
Collecting activations:  13%|█▎        | 132/1000 [00:06<00:46, 18.49it/s]
Collecting activations:  14%|█▎        | 136/1000 [00:07<00:41, 20.93it/s]
Collecting activations:  14%|█▍        | 139/1000 [00:07<00:42, 20.31it/s]
Collecting activations:  14%|█▍        | 142/1000 [00:07<00:46, 18.55it/s]
Collecting activations:  15%|█▍        | 146/1000 [00:07<00:42, 19.98it/s]
Collecting activations:  15%|█▍        | 149/1000 [00:07<00:41, 20.57it/s]
Collecting activations:  15%|█▌        | 152/1000 [00:07<00:39, 21.27it/s]
Collecting activations:  16%|█▌        | 156/1000 [00:08<00:36, 23.17it/s]
Collecting activations:  16%|█▌        | 159/1000 [00:08<00:37, 22.64it/s]
Collecting activations:  16%|█▌        | 162/1000 [00:08<00:37, 22.61it/s]
Collecting activations:  16%|█▋        | 165/1000 [00:08<00:37, 22.14it/s]
Collecting activations:  17%|█▋        | 168/1000 [00:08<00:40, 20.75it/s]
Collecting activations:  17%|█▋        | 172/1000 [00:08<00:37, 22.12it/s]
Collecting activations:  18%|█▊        | 175/1000 [00:08<00:35, 23.49it/s]
Collecting activations:  18%|█▊        | 179/1000 [00:09<00:33, 24.58it/s]
Collecting activations:  18%|█▊        | 182/1000 [00:09<00:34, 23.60it/s]
Collecting activations:  18%|█▊        | 185/1000 [00:09<00:36, 22.44it/s]
Collecting activations:  19%|█▉        | 188/1000 [00:09<00:39, 20.38it/s]
Collecting activations:  19%|█▉        | 191/1000 [00:09<00:36, 22.09it/s]
Collecting activations:  19%|█▉        | 194/1000 [00:09<00:34, 23.19it/s]
Collecting activations:  20%|█▉        | 197/1000 [00:09<00:34, 23.28it/s]
Collecting activations:  20%|██        | 201/1000 [00:10<00:33, 23.77it/s]
Collecting activations:  20%|██        | 204/1000 [00:10<00:39, 20.24it/s]
Collecting activations:  21%|██        | 207/1000 [00:10<00:41, 19.21it/s]
Collecting activations:  21%|██        | 210/1000 [00:10<00:37, 21.21it/s]
Collecting activations:  21%|██▏       | 213/1000 [00:10<00:41, 18.89it/s]
Collecting activations:  22%|██▏       | 217/1000 [00:10<00:34, 22.57it/s]
Collecting activations:  22%|██▏       | 220/1000 [00:10<00:33, 23.14it/s]
Collecting activations:  22%|██▏       | 223/1000 [00:11<00:37, 20.51it/s]
Collecting activations:  23%|██▎       | 226/1000 [00:11<00:39, 19.40it/s]
Collecting activations:  23%|██▎       | 229/1000 [00:11<00:38, 20.01it/s]
Collecting activations:  23%|██▎       | 232/1000 [00:11<00:35, 21.53it/s]
Collecting activations:  24%|██▎       | 235/1000 [00:11<00:33, 23.00it/s]
Collecting activations:  24%|██▍       | 238/1000 [00:11<00:34, 21.84it/s]
Collecting activations:  24%|██▍       | 241/1000 [00:12<00:36, 20.98it/s]
Collecting activations:  24%|██▍       | 244/1000 [00:12<00:40, 18.52it/s]
Collecting activations:  25%|██▍       | 246/1000 [00:12<00:41, 18.30it/s]
Collecting activations:  25%|██▍       | 249/1000 [00:12<00:36, 20.36it/s]
Collecting activations:  25%|██▌       | 252/1000 [00:12<00:35, 20.89it/s]
Collecting activations:  26%|██▌       | 255/1000 [00:12<00:36, 20.35it/s]
Collecting activations:  26%|██▌       | 258/1000 [00:12<00:34, 21.65it/s]
Collecting activations:  26%|██▌       | 261/1000 [00:12<00:33, 22.08it/s]
Collecting activations:  26%|██▋       | 264/1000 [00:13<00:37, 19.38it/s]
Collecting activations:  27%|██▋       | 267/1000 [00:13<00:39, 18.69it/s]
Collecting activations:  27%|██▋       | 270/1000 [00:13<00:36, 19.99it/s]
Collecting activations:  27%|██▋       | 273/1000 [00:13<00:34, 21.26it/s]
Collecting activations:  28%|██▊       | 276/1000 [00:13<00:31, 23.03it/s]
Collecting activations:  28%|██▊       | 279/1000 [00:13<00:34, 21.13it/s]
Collecting activations:  28%|██▊       | 282/1000 [00:14<00:39, 17.95it/s]
Collecting activations:  28%|██▊       | 284/1000 [00:14<00:40, 17.85it/s]
Collecting activations:  29%|██▊       | 286/1000 [00:14<00:40, 17.78it/s]
Collecting activations:  29%|██▉       | 289/1000 [00:14<00:34, 20.62it/s]
Collecting activations:  29%|██▉       | 292/1000 [00:14<00:35, 20.04it/s]
Collecting activations:  30%|██▉       | 295/1000 [00:14<00:31, 22.12it/s]
Collecting activations:  30%|██▉       | 298/1000 [00:14<00:34, 20.15it/s]
Collecting activations:  30%|███       | 301/1000 [00:15<00:36, 18.90it/s]
Collecting activations:  30%|███       | 304/1000 [00:15<00:36, 19.32it/s]
Collecting activations:  31%|███       | 307/1000 [00:15<00:36, 19.15it/s]
Collecting activations:  31%|███       | 309/1000 [00:15<00:36, 18.80it/s]
Collecting activations:  31%|███       | 312/1000 [00:15<00:35, 19.20it/s]
Collecting activations:  32%|███▏      | 315/1000 [00:15<00:34, 19.82it/s]
Collecting activations:  32%|███▏      | 317/1000 [00:15<00:35, 19.02it/s]
Collecting activations:  32%|███▏      | 319/1000 [00:16<00:36, 18.74it/s]
Collecting activations:  32%|███▏      | 321/1000 [00:16<00:37, 18.34it/s]
Collecting activations:  32%|███▏      | 323/1000 [00:16<00:37, 17.85it/s]
Collecting activations:  33%|███▎      | 326/1000 [00:16<00:35, 19.12it/s]
Collecting activations:  33%|███▎      | 330/1000 [00:16<00:28, 23.41it/s]
Collecting activations:  33%|███▎      | 333/1000 [00:16<00:29, 22.55it/s]
Collecting activations:  34%|███▎      | 336/1000 [00:16<00:31, 20.83it/s]
Collecting activations:  34%|███▍      | 339/1000 [00:16<00:32, 20.43it/s]
Collecting activations:  34%|███▍      | 342/1000 [00:17<00:36, 18.22it/s]
Collecting activations:  34%|███▍      | 344/1000 [00:17<00:35, 18.49it/s]
Collecting activations:  35%|███▍      | 348/1000 [00:17<00:29, 21.83it/s]
Collecting activations:  35%|███▌      | 351/1000 [00:17<00:29, 22.14it/s]
Collecting activations:  35%|███▌      | 354/1000 [00:17<00:34, 18.84it/s]
Collecting activations:  36%|███▌      | 357/1000 [00:17<00:33, 19.11it/s]
Collecting activations:  36%|███▌      | 359/1000 [00:18<00:33, 19.16it/s]
Collecting activations:  36%|███▌      | 361/1000 [00:18<00:35, 17.77it/s]
Collecting activations:  36%|███▋      | 364/1000 [00:18<00:31, 20.02it/s]
Collecting activations:  37%|███▋      | 368/1000 [00:18<00:25, 24.42it/s]
Collecting activations:  37%|███▋      | 372/1000 [00:18<00:22, 28.30it/s]
Collecting activations:  38%|███▊      | 375/1000 [00:18<00:23, 26.14it/s]
Collecting activations:  38%|███▊      | 379/1000 [00:18<00:23, 26.91it/s]
Collecting activations:  38%|███▊      | 382/1000 [00:18<00:27, 22.45it/s]
Collecting activations:  38%|███▊      | 385/1000 [00:19<00:31, 19.76it/s]
Collecting activations:  39%|███▉      | 388/1000 [00:19<00:28, 21.65it/s]
Collecting activations:  39%|███▉      | 391/1000 [00:19<00:27, 21.79it/s]
Collecting activations:  39%|███▉      | 394/1000 [00:19<00:25, 23.36it/s]
Collecting activations:  40%|███▉      | 397/1000 [00:19<00:27, 22.13it/s]
Collecting activations:  40%|████      | 400/1000 [00:19<00:26, 22.95it/s]
Collecting activations:  40%|████      | 403/1000 [00:19<00:29, 19.94it/s]
Collecting activations:  41%|████      | 406/1000 [00:20<00:27, 21.96it/s]
Collecting activations:  41%|████      | 409/1000 [00:20<00:29, 19.97it/s]
Collecting activations:  41%|████      | 412/1000 [00:20<00:27, 21.63it/s]
Collecting activations:  42%|████▏     | 415/1000 [00:20<00:26, 22.25it/s]
Collecting activations:  42%|████▏     | 418/1000 [00:20<00:25, 22.54it/s]
Collecting activations:  42%|████▏     | 421/1000 [00:20<00:25, 22.55it/s]
Collecting activations:  42%|████▏     | 424/1000 [00:20<00:26, 21.44it/s]
Collecting activations:  43%|████▎     | 427/1000 [00:21<00:26, 21.70it/s]
Collecting activations:  43%|████▎     | 430/1000 [00:21<00:26, 21.56it/s]
Collecting activations:  43%|████▎     | 433/1000 [00:21<00:26, 21.47it/s]
Collecting activations:  44%|████▎     | 436/1000 [00:21<00:27, 20.30it/s]
Collecting activations:  44%|████▍     | 439/1000 [00:21<00:24, 22.45it/s]
Collecting activations:  44%|████▍     | 442/1000 [00:21<00:26, 20.73it/s]
Collecting activations:  44%|████▍     | 445/1000 [00:21<00:26, 20.65it/s]
Collecting activations:  45%|████▍     | 448/1000 [00:22<00:25, 21.39it/s]
Collecting activations:  45%|████▌     | 451/1000 [00:22<00:25, 21.23it/s]
Collecting activations:  45%|████▌     | 454/1000 [00:22<00:25, 21.52it/s]
Collecting activations:  46%|████▌     | 457/1000 [00:22<00:26, 20.61it/s]
Collecting activations:  46%|████▌     | 460/1000 [00:22<00:28, 19.14it/s]
Collecting activations:  46%|████▌     | 462/1000 [00:22<00:29, 18.38it/s]
Collecting activations:  46%|████▋     | 464/1000 [00:22<00:29, 18.33it/s]
Collecting activations:  47%|████▋     | 466/1000 [00:22<00:29, 18.26it/s]
Collecting activations:  47%|████▋     | 469/1000 [00:23<00:25, 20.59it/s]
Collecting activations:  47%|████▋     | 472/1000 [00:23<00:23, 22.17it/s]
Collecting activations:  48%|████▊     | 475/1000 [00:23<00:25, 20.39it/s]
Collecting activations:  48%|████▊     | 478/1000 [00:23<00:27, 19.09it/s]
Collecting activations:  48%|████▊     | 481/1000 [00:23<00:25, 20.16it/s]
Collecting activations:  48%|████▊     | 484/1000 [00:23<00:27, 18.75it/s]
Collecting activations:  49%|████▊     | 487/1000 [00:23<00:25, 20.25it/s]
Collecting activations:  49%|████▉     | 491/1000 [00:24<00:23, 21.80it/s]
Collecting activations:  49%|████▉     | 494/1000 [00:24<00:22, 22.04it/s]
Collecting activations:  50%|████▉     | 497/1000 [00:24<00:23, 21.03it/s]
Collecting activations:  50%|█████     | 500/1000 [00:24<00:22, 22.03it/s]
Collecting activations:  50%|█████     | 503/1000 [00:24<00:25, 19.48it/s]
Collecting activations:  51%|█████     | 507/1000 [00:24<00:22, 21.73it/s]
Collecting activations:  51%|█████     | 511/1000 [00:25<00:19, 24.78it/s]
Collecting activations:  52%|█████▏    | 515/1000 [00:25<00:17, 27.24it/s]
Collecting activations:  52%|█████▏    | 518/1000 [00:25<00:19, 24.42it/s]
Collecting activations:  52%|█████▏    | 521/1000 [00:25<00:19, 24.96it/s]
Collecting activations:  52%|█████▏    | 524/1000 [00:25<00:23, 20.45it/s]
Collecting activations:  53%|█████▎    | 527/1000 [00:25<00:24, 19.70it/s]
Collecting activations:  53%|█████▎    | 530/1000 [00:25<00:22, 20.87it/s]
Collecting activations:  53%|█████▎    | 533/1000 [00:26<00:22, 20.36it/s]
Collecting activations:  54%|█████▎    | 536/1000 [00:26<00:22, 20.55it/s]
Collecting activations:  54%|█████▍    | 539/1000 [00:26<00:21, 21.22it/s]
Collecting activations:  54%|█████▍    | 542/1000 [00:26<00:24, 19.08it/s]
Collecting activations:  55%|█████▍    | 546/1000 [00:26<00:19, 22.92it/s]
Collecting activations:  55%|█████▍    | 549/1000 [00:26<00:18, 24.00it/s]
Collecting activations:  55%|█████▌    | 552/1000 [00:26<00:19, 23.11it/s]
Collecting activations:  56%|█████▌    | 556/1000 [00:27<00:19, 22.98it/s]
Collecting activations:  56%|█████▌    | 559/1000 [00:27<00:23, 19.14it/s]
Collecting activations:  56%|█████▌    | 562/1000 [00:27<00:22, 19.31it/s]
Collecting activations:  56%|█████▋    | 565/1000 [00:27<00:20, 20.97it/s]
Collecting activations:  57%|█████▋    | 568/1000 [00:27<00:21, 20.46it/s]
Collecting activations:  57%|█████▋    | 571/1000 [00:27<00:21, 20.42it/s]
Collecting activations:  57%|█████▋    | 574/1000 [00:28<00:21, 19.58it/s]
Collecting activations:  58%|█████▊    | 577/1000 [00:28<00:23, 17.75it/s]
Collecting activations:  58%|█████▊    | 579/1000 [00:28<00:25, 16.61it/s]
Collecting activations:  58%|█████▊    | 581/1000 [00:28<00:25, 16.49it/s]
Collecting activations:  58%|█████▊    | 584/1000 [00:28<00:21, 19.34it/s]
Collecting activations:  59%|█████▉    | 589/1000 [00:28<00:17, 24.00it/s]
Collecting activations:  59%|█████▉    | 592/1000 [00:28<00:17, 22.68it/s]
Collecting activations:  60%|█████▉    | 595/1000 [00:29<00:17, 22.85it/s]
Collecting activations:  60%|█████▉    | 598/1000 [00:29<00:21, 18.99it/s]
Collecting activations:  60%|██████    | 601/1000 [00:29<00:21, 18.95it/s]
Collecting activations:  60%|██████    | 603/1000 [00:29<00:21, 18.48it/s]
Collecting activations:  61%|██████    | 606/1000 [00:29<00:19, 20.13it/s]
Collecting activations:  61%|██████    | 609/1000 [00:29<00:19, 20.28it/s]
Collecting activations:  61%|██████    | 612/1000 [00:29<00:18, 20.72it/s]
Collecting activations:  62%|██████▏   | 615/1000 [00:30<00:18, 21.36it/s]
Collecting activations:  62%|██████▏   | 618/1000 [00:30<00:20, 18.41it/s]
Collecting activations:  62%|██████▏   | 620/1000 [00:30<00:20, 18.40it/s]
Collecting activations:  62%|██████▏   | 623/1000 [00:30<00:19, 19.18it/s]
Collecting activations:  62%|██████▎   | 625/1000 [00:30<00:19, 18.82it/s]
Collecting activations:  63%|██████▎   | 628/1000 [00:30<00:19, 19.51it/s]
Collecting activations:  63%|██████▎   | 630/1000 [00:30<00:20, 17.77it/s]
Collecting activations:  63%|██████▎   | 632/1000 [00:31<00:20, 17.87it/s]
Collecting activations:  63%|██████▎   | 634/1000 [00:31<00:20, 17.80it/s]
Collecting activations:  64%|██████▎   | 636/1000 [00:31<00:20, 17.92it/s]
Collecting activations:  64%|██████▍   | 638/1000 [00:31<00:20, 17.72it/s]
Collecting activations:  64%|██████▍   | 641/1000 [00:31<00:18, 18.96it/s]
Collecting activations:  64%|██████▍   | 643/1000 [00:31<00:18, 19.04it/s]
Collecting activations:  64%|██████▍   | 645/1000 [00:31<00:20, 17.68it/s]
Collecting activations:  65%|██████▍   | 647/1000 [00:31<00:20, 17.22it/s]
Collecting activations:  65%|██████▍   | 649/1000 [00:32<00:22, 15.78it/s]
Collecting activations:  65%|██████▌   | 651/1000 [00:32<00:21, 15.99it/s]
Collecting activations:  65%|██████▌   | 653/1000 [00:32<00:20, 16.95it/s]
Collecting activations:  66%|██████▌   | 655/1000 [00:32<00:20, 16.67it/s]
Collecting activations:  66%|██████▌   | 658/1000 [00:32<00:17, 19.41it/s]
Collecting activations:  66%|██████▌   | 661/1000 [00:32<00:17, 19.61it/s]
Collecting activations:  66%|██████▋   | 664/1000 [00:32<00:16, 20.12it/s]
Collecting activations:  67%|██████▋   | 667/1000 [00:32<00:16, 19.62it/s]
Collecting activations:  67%|██████▋   | 669/1000 [00:33<00:17, 19.33it/s]
Collecting activations:  67%|██████▋   | 671/1000 [00:33<00:18, 18.05it/s]
Collecting activations:  67%|██████▋   | 673/1000 [00:33<00:18, 17.84it/s]
Collecting activations:  68%|██████▊   | 677/1000 [00:33<00:14, 22.46it/s]
Collecting activations:  68%|██████▊   | 681/1000 [00:33<00:12, 25.77it/s]
Collecting activations:  68%|██████▊   | 685/1000 [00:33<00:12, 24.95it/s]
Collecting activations:  69%|██████▉   | 688/1000 [00:33<00:12, 25.57it/s]
Collecting activations:  69%|██████▉   | 691/1000 [00:34<00:13, 22.36it/s]
Collecting activations:  69%|██████▉   | 694/1000 [00:34<00:14, 21.79it/s]
Collecting activations:  70%|██████▉   | 697/1000 [00:34<00:13, 22.32it/s]
Collecting activations:  70%|███████   | 700/1000 [00:34<00:12, 23.74it/s]
Collecting activations:  70%|███████   | 703/1000 [00:34<00:12, 24.05it/s]
Collecting activations:  71%|███████   | 706/1000 [00:34<00:14, 19.98it/s]
Collecting activations:  71%|███████   | 709/1000 [00:34<00:14, 20.39it/s]
Collecting activations:  71%|███████   | 712/1000 [00:35<00:14, 19.51it/s]
Collecting activations:  72%|███████▏  | 715/1000 [00:35<00:13, 20.55it/s]
Collecting activations:  72%|███████▏  | 718/1000 [00:35<00:14, 20.02it/s]
Collecting activations:  72%|███████▏  | 721/1000 [00:35<00:13, 21.45it/s]
Collecting activations:  72%|███████▏  | 724/1000 [00:35<00:12, 21.57it/s]
Collecting activations:  73%|███████▎  | 727/1000 [00:35<00:12, 21.47it/s]
Collecting activations:  73%|███████▎  | 730/1000 [00:35<00:12, 21.76it/s]
Collecting activations:  73%|███████▎  | 733/1000 [00:36<00:13, 19.62it/s]
Collecting activations:  74%|███████▎  | 737/1000 [00:36<00:11, 22.64it/s]
Collecting activations:  74%|███████▍  | 740/1000 [00:36<00:11, 23.02it/s]
Collecting activations:  74%|███████▍  | 743/1000 [00:36<00:10, 24.59it/s]
Collecting activations:  75%|███████▍  | 746/1000 [00:36<00:11, 21.75it/s]
Collecting activations:  75%|███████▍  | 749/1000 [00:36<00:11, 22.52it/s]
Collecting activations:  75%|███████▌  | 752/1000 [00:36<00:12, 20.35it/s]
Collecting activations:  76%|███████▌  | 755/1000 [00:37<00:12, 19.49it/s]
Collecting activations:  76%|███████▌  | 758/1000 [00:37<00:11, 20.69it/s]
Collecting activations:  76%|███████▌  | 761/1000 [00:37<00:11, 21.18it/s]
Collecting activations:  76%|███████▋  | 764/1000 [00:37<00:12, 18.32it/s]
Collecting activations:  77%|███████▋  | 766/1000 [00:37<00:12, 18.64it/s]
Collecting activations:  77%|███████▋  | 769/1000 [00:37<00:12, 18.72it/s]
Collecting activations:  77%|███████▋  | 772/1000 [00:37<00:11, 20.31it/s]
Collecting activations:  78%|███████▊  | 776/1000 [00:38<00:09, 23.33it/s]
Collecting activations:  78%|███████▊  | 779/1000 [00:38<00:09, 23.32it/s]
Collecting activations:  78%|███████▊  | 783/1000 [00:38<00:08, 25.30it/s]
Collecting activations:  79%|███████▊  | 786/1000 [00:38<00:09, 21.92it/s]
Collecting activations:  79%|███████▉  | 789/1000 [00:38<00:09, 22.08it/s]
Collecting activations:  79%|███████▉  | 792/1000 [00:38<00:09, 21.84it/s]
Collecting activations:  80%|███████▉  | 796/1000 [00:38<00:08, 25.06it/s]
Collecting activations:  80%|███████▉  | 799/1000 [00:38<00:07, 25.34it/s]
Collecting activations:  80%|████████  | 802/1000 [00:39<00:07, 25.68it/s]
Collecting activations:  81%|████████  | 806/1000 [00:39<00:06, 28.14it/s]
Collecting activations:  81%|████████  | 809/1000 [00:39<00:08, 21.94it/s]
Collecting activations:  81%|████████  | 812/1000 [00:39<00:08, 23.49it/s]
Collecting activations:  82%|████████▏ | 815/1000 [00:39<00:08, 21.08it/s]
Collecting activations:  82%|████████▏ | 818/1000 [00:39<00:08, 20.97it/s]
Collecting activations:  82%|████████▏ | 821/1000 [00:39<00:08, 22.35it/s]
Collecting activations:  82%|████████▏ | 824/1000 [00:40<00:07, 23.12it/s]
Collecting activations:  83%|████████▎ | 828/1000 [00:40<00:07, 23.65it/s]
Collecting activations:  83%|████████▎ | 831/1000 [00:40<00:08, 20.35it/s]
Collecting activations:  83%|████████▎ | 834/1000 [00:40<00:07, 21.15it/s]
Collecting activations:  84%|████████▎ | 837/1000 [00:40<00:07, 22.02it/s]
Collecting activations:  84%|████████▍ | 840/1000 [00:40<00:07, 22.83it/s]
Collecting activations:  84%|████████▍ | 843/1000 [00:40<00:07, 22.40it/s]
Collecting activations:  85%|████████▍ | 847/1000 [00:41<00:05, 25.69it/s]
Collecting activations:  85%|████████▌ | 850/1000 [00:41<00:06, 24.40it/s]
Collecting activations:  85%|████████▌ | 853/1000 [00:41<00:06, 22.18it/s]
Collecting activations:  86%|████████▌ | 856/1000 [00:41<00:07, 20.33it/s]
Collecting activations:  86%|████████▌ | 859/1000 [00:41<00:07, 19.28it/s]
Collecting activations:  86%|████████▌ | 861/1000 [00:41<00:07, 18.55it/s]
Collecting activations:  86%|████████▋ | 863/1000 [00:41<00:07, 18.35it/s]
Collecting activations:  86%|████████▋ | 865/1000 [00:42<00:07, 18.34it/s]
Collecting activations:  87%|████████▋ | 867/1000 [00:42<00:07, 17.23it/s]
Collecting activations:  87%|████████▋ | 869/1000 [00:42<00:07, 16.51it/s]
Collecting activations:  87%|████████▋ | 871/1000 [00:42<00:07, 17.12it/s]
Collecting activations:  87%|████████▋ | 873/1000 [00:42<00:08, 15.86it/s]
Collecting activations:  88%|████████▊ | 876/1000 [00:42<00:06, 17.73it/s]
Collecting activations:  88%|████████▊ | 878/1000 [00:42<00:06, 18.19it/s]
Collecting activations:  88%|████████▊ | 881/1000 [00:42<00:05, 20.83it/s]
Collecting activations:  88%|████████▊ | 884/1000 [00:43<00:06, 19.14it/s]
Collecting activations:  89%|████████▊ | 886/1000 [00:43<00:06, 17.33it/s]
Collecting activations:  89%|████████▉ | 888/1000 [00:43<00:06, 17.87it/s]
Collecting activations:  89%|████████▉ | 891/1000 [00:43<00:05, 20.19it/s]
Collecting activations:  89%|████████▉ | 894/1000 [00:43<00:05, 21.03it/s]
Collecting activations:  90%|████████▉ | 897/1000 [00:43<00:04, 22.01it/s]
Collecting activations:  90%|█████████ | 900/1000 [00:43<00:04, 21.87it/s]
Collecting activations:  90%|█████████ | 903/1000 [00:44<00:04, 22.75it/s]
Collecting activations:  91%|█████████ | 906/1000 [00:44<00:04, 20.09it/s]
Collecting activations:  91%|█████████ | 909/1000 [00:44<00:04, 19.06it/s]
Collecting activations:  91%|█████████ | 911/1000 [00:44<00:04, 17.91it/s]
Collecting activations:  92%|█████████▏| 915/1000 [00:44<00:04, 20.47it/s]
Collecting activations:  92%|█████████▏| 918/1000 [00:44<00:03, 21.05it/s]
Collecting activations:  92%|█████████▏| 921/1000 [00:44<00:03, 20.87it/s]
Collecting activations:  92%|█████████▏| 924/1000 [00:45<00:04, 18.85it/s]
Collecting activations:  93%|█████████▎| 926/1000 [00:45<00:03, 18.89it/s]
Collecting activations:  93%|█████████▎| 928/1000 [00:45<00:03, 18.60it/s]
Collecting activations:  93%|█████████▎| 931/1000 [00:45<00:03, 19.80it/s]
Collecting activations:  93%|█████████▎| 933/1000 [00:45<00:03, 19.50it/s]
Collecting activations:  94%|█████████▎| 936/1000 [00:45<00:02, 21.41it/s]
Collecting activations:  94%|█████████▍| 939/1000 [00:45<00:02, 20.85it/s]
Collecting activations:  94%|█████████▍| 942/1000 [00:45<00:02, 22.75it/s]
Collecting activations:  94%|█████████▍| 945/1000 [00:46<00:02, 22.37it/s]
Collecting activations:  95%|█████████▍| 948/1000 [00:46<00:02, 20.97it/s]
Collecting activations:  95%|█████████▌| 951/1000 [00:46<00:02, 21.09it/s]
Collecting activations:  95%|█████████▌| 954/1000 [00:46<00:02, 20.27it/s]
Collecting activations:  96%|█████████▌| 957/1000 [00:46<00:02, 21.47it/s]
Collecting activations:  96%|█████████▌| 961/1000 [00:46<00:01, 24.20it/s]
Collecting activations:  96%|█████████▋| 964/1000 [00:47<00:01, 21.58it/s]
Collecting activations:  97%|█████████▋| 967/1000 [00:47<00:01, 21.36it/s]
Collecting activations:  97%|█████████▋| 970/1000 [00:47<00:01, 18.64it/s]
Collecting activations:  97%|█████████▋| 972/1000 [00:47<00:01, 18.77it/s]
Collecting activations:  98%|█████████▊| 975/1000 [00:47<00:01, 19.71it/s]
Collecting activations:  98%|█████████▊| 978/1000 [00:47<00:01, 19.93it/s]
Collecting activations:  98%|█████████▊| 981/1000 [00:47<00:00, 19.19it/s]
Collecting activations:  98%|█████████▊| 984/1000 [00:48<00:00, 20.01it/s]
Collecting activations:  99%|█████████▊| 987/1000 [00:48<00:00, 20.20it/s]
Collecting activations:  99%|█████████▉| 990/1000 [00:48<00:00, 21.57it/s]
Collecting activations:  99%|█████████▉| 993/1000 [00:48<00:00, 20.67it/s]
Collecting activations: 100%|█████████▉| 996/1000 [00:48<00:00, 21.51it/s]
Collecting activations: 100%|██████████| 1000/1000 [00:48<00:00, 24.15it/s]
Collecting activations: 100%|██████████| 1000/1000 [00:48<00:00, 20.52it/s]

Device: cuda
GPU: NVIDIA RTX PRO 6000 Blackwell Server Edition
Loading GPT-2 Small...
Loaded pretrained model gpt2 into HookedTransformer
Model loaded. Layers: 12
Loading SAE: gpt2-small-res-jb, layer 8...
SAE loaded. d_sae: 24576, d_in: 768
Building ground truth (number word features)...
Detected 8 number features
Absorption features: [2608, 4945, 10972, 11513, 15241, 21412, 24189]
Absorption pairs: 28
Feature absorption pairs: 7

Loading OpenWebText samples...
Loaded 1000 texts

Running UAD...
  Collecting feature activations...
  Analyzing 500 features
  Computing co-occurrence matrix...
  Running hierarchical clustering...
  Raw candidate pairs: 4000
  Filtering dead features...
  After dead feature filtering: 4000

Evaluating...

Results saved to exp/results/pilots/p2_uad_reproduce_results.json

============================================================
UAD REPRODUCIBILITY RESULTS (v3 - Number Hierarchy)
============================================================
Ground truth absorption pairs: 7
UAD detected pairs: 4000
Precision: 0.000
Recall:    0.000
F1:        0.000
Random baseline F1: 0.000 (+/- 0.000)
Dead features: 0/500 (0.0%)
Runtime: 150.6s
============================================================

Pass criteria: F1 >= 0.5 (0.000), Recall >= 0.8 (0.000)
RESULT: FAIL

