`torch_dtype` is deprecated! Use `dtype` instead!
/home/qhxie/miniforge3/envs/sibyl_sae-absorption/lib/python3.11/site-packages/sae_lens/saes/sae.py:251: UserWarning: 
This SAE has non-empty model_from_pretrained_kwargs. 
For optimal performance, load the model like so:
model = HookedSAETransformer.from_pretrained_no_processing(..., **cfg.model_from_pretrained_kwargs)
  warnings.warn(
/home/qhxie/AutoResearch-SibylSystem/workspaces/ablation-mem-negative/iter_003/exp/p2_uad_reproduce.py:401: DeprecationWarning: Unpacking SAE objects is deprecated. SAE.from_pretrained() now returns only the SAE object. Use SAE.from_pretrained_with_cfg_and_sparsity() to get the config dict and sparsity as well.
  sae, cfg_dict, sparsity = SAE.from_pretrained(

Scanning first-letter features:   0%|          | 0/100 [00:00<?, ?it/s]
Scanning first-letter features:   1%|          | 1/100 [00:00<00:29,  3.33it/s]
Scanning first-letter features:   4%|▍         | 4/100 [00:00<00:08, 10.89it/s]
Scanning first-letter features:   7%|▋         | 7/100 [00:00<00:06, 14.24it/s]
Scanning first-letter features:  10%|█         | 10/100 [00:00<00:05, 16.13it/s]
Scanning first-letter features:  12%|█▏        | 12/100 [00:00<00:05, 15.95it/s]
Scanning first-letter features:  15%|█▌        | 15/100 [00:01<00:05, 16.73it/s]
Scanning first-letter features:  18%|█▊        | 18/100 [00:01<00:04, 17.79it/s]
Scanning first-letter features:  20%|██        | 20/100 [00:01<00:04, 16.84it/s]
Scanning first-letter features:  24%|██▍       | 24/100 [00:01<00:03, 20.34it/s]
Scanning first-letter features:  27%|██▋       | 27/100 [00:01<00:03, 20.50it/s]
Scanning first-letter features:  30%|███       | 30/100 [00:01<00:03, 20.18it/s]
Scanning first-letter features:  33%|███▎      | 33/100 [00:01<00:03, 19.31it/s]
Scanning first-letter features:  36%|███▌      | 36/100 [00:02<00:03, 18.52it/s]
Scanning first-letter features:  38%|███▊      | 38/100 [00:02<00:03, 18.18it/s]
Scanning first-letter features:  40%|████      | 40/100 [00:02<00:03, 17.96it/s]
Scanning first-letter features:  43%|████▎     | 43/100 [00:02<00:02, 19.60it/s]
Scanning first-letter features:  45%|████▌     | 45/100 [00:02<00:02, 18.78it/s]
Scanning first-letter features:  47%|████▋     | 47/100 [00:02<00:03, 15.79it/s]
Scanning first-letter features:  49%|████▉     | 49/100 [00:02<00:03, 15.38it/s]
Scanning first-letter features:  52%|█████▏    | 52/100 [00:03<00:02, 17.67it/s]
Scanning first-letter features:  54%|█████▍    | 54/100 [00:03<00:02, 17.77it/s]
Scanning first-letter features:  57%|█████▋    | 57/100 [00:03<00:02, 19.97it/s]
Scanning first-letter features:  60%|██████    | 60/100 [00:03<00:01, 20.47it/s]
Scanning first-letter features:  63%|██████▎   | 63/100 [00:03<00:01, 19.60it/s]
Scanning first-letter features:  66%|██████▌   | 66/100 [00:03<00:01, 19.75it/s]
Scanning first-letter features:  68%|██████▊   | 68/100 [00:03<00:01, 18.14it/s]
Scanning first-letter features:  71%|███████   | 71/100 [00:04<00:01, 18.15it/s]
Scanning first-letter features:  73%|███████▎  | 73/100 [00:04<00:01, 17.04it/s]
Scanning first-letter features:  76%|███████▌  | 76/100 [00:04<00:01, 19.15it/s]
Scanning first-letter features:  79%|███████▉  | 79/100 [00:04<00:01, 19.99it/s]
Scanning first-letter features:  82%|████████▏ | 82/100 [00:04<00:01, 16.48it/s]
Scanning first-letter features:  84%|████████▍ | 84/100 [00:04<00:00, 16.14it/s]
Scanning first-letter features:  87%|████████▋ | 87/100 [00:04<00:00, 18.74it/s]
Scanning first-letter features:  90%|█████████ | 90/100 [00:05<00:00, 17.59it/s]
Scanning first-letter features:  92%|█████████▏| 92/100 [00:05<00:00, 17.28it/s]
Scanning first-letter features:  94%|█████████▍| 94/100 [00:05<00:00, 16.42it/s]
Scanning first-letter features:  96%|█████████▌| 96/100 [00:05<00:00, 15.54it/s]
Scanning first-letter features:  99%|█████████▉| 99/100 [00:05<00:00, 18.18it/s]
Scanning first-letter features: 100%|██████████| 100/100 [00:05<00:00, 17.62it/s]

Collecting activations:   0%|          | 0/1000 [00:00<?, ?it/s]
Collecting activations:   0%|          | 2/1000 [00:00<01:00, 16.58it/s]
Collecting activations:   0%|          | 5/1000 [00:00<00:56, 17.63it/s]
Collecting activations:   1%|          | 7/1000 [00:00<00:58, 16.91it/s]
Collecting activations:   1%|          | 9/1000 [00:00<00:56, 17.49it/s]
Collecting activations:   1%|          | 11/1000 [00:00<01:00, 16.27it/s]
Collecting activations:   1%|▏         | 14/1000 [00:00<00:54, 18.02it/s]
Collecting activations:   2%|▏         | 16/1000 [00:00<00:53, 18.32it/s]
Collecting activations:   2%|▏         | 19/1000 [00:01<00:53, 18.21it/s]
Collecting activations:   2%|▏         | 21/1000 [00:01<00:56, 17.44it/s]
Collecting activations:   2%|▏         | 24/1000 [00:01<00:55, 17.72it/s]
Collecting activations:   3%|▎         | 26/1000 [00:01<00:57, 16.81it/s]
Collecting activations:   3%|▎         | 28/1000 [00:01<01:02, 15.44it/s]
Collecting activations:   3%|▎         | 32/1000 [00:01<00:49, 19.71it/s]
Collecting activations:   4%|▎         | 35/1000 [00:01<00:47, 20.36it/s]
Collecting activations:   4%|▍         | 38/1000 [00:02<00:49, 19.25it/s]
Collecting activations:   4%|▍         | 40/1000 [00:02<00:52, 18.33it/s]
Collecting activations:   4%|▍         | 43/1000 [00:02<00:50, 19.02it/s]
Collecting activations:   4%|▍         | 45/1000 [00:02<00:52, 18.16it/s]
Collecting activations:   5%|▍         | 47/1000 [00:02<00:56, 17.01it/s]
Collecting activations:   5%|▍         | 49/1000 [00:02<00:55, 17.18it/s]
Collecting activations:   5%|▌         | 53/1000 [00:02<00:46, 20.59it/s]
Collecting activations:   6%|▌         | 56/1000 [00:03<00:44, 21.42it/s]
Collecting activations:   6%|▌         | 59/1000 [00:03<00:49, 18.92it/s]
Collecting activations:   6%|▌         | 61/1000 [00:03<00:51, 18.06it/s]
Collecting activations:   6%|▋         | 64/1000 [00:03<00:47, 19.91it/s]
Collecting activations:   7%|▋         | 67/1000 [00:03<00:46, 19.88it/s]
Collecting activations:   7%|▋         | 70/1000 [00:03<00:44, 20.87it/s]
Collecting activations:   7%|▋         | 73/1000 [00:03<00:49, 18.59it/s]
Collecting activations:   8%|▊         | 76/1000 [00:04<00:47, 19.31it/s]
Collecting activations:   8%|▊         | 78/1000 [00:04<00:48, 19.15it/s]
Collecting activations:   8%|▊         | 80/1000 [00:04<00:49, 18.42it/s]
Collecting activations:   8%|▊         | 82/1000 [00:04<00:53, 17.19it/s]
Collecting activations:   8%|▊         | 84/1000 [00:04<00:51, 17.80it/s]
Collecting activations:   9%|▉         | 88/1000 [00:04<00:42, 21.53it/s]
Collecting activations:   9%|▉         | 91/1000 [00:04<00:48, 18.67it/s]
Collecting activations:   9%|▉         | 93/1000 [00:05<00:51, 17.44it/s]
Collecting activations:  10%|▉         | 95/1000 [00:05<00:56, 16.02it/s]
Collecting activations:  10%|▉         | 97/1000 [00:05<00:57, 15.60it/s]
Collecting activations:  10%|█         | 101/1000 [00:05<00:42, 21.12it/s]
Collecting activations:  10%|█         | 104/1000 [00:05<00:45, 19.58it/s]
Collecting activations:  11%|█         | 108/1000 [00:05<00:38, 23.10it/s]
Collecting activations:  11%|█         | 111/1000 [00:05<00:46, 19.24it/s]
Collecting activations:  11%|█▏        | 114/1000 [00:06<00:51, 17.22it/s]
Collecting activations:  12%|█▏        | 116/1000 [00:06<00:56, 15.68it/s]
Collecting activations:  12%|█▏        | 118/1000 [00:06<00:57, 15.42it/s]
Collecting activations:  12%|█▏        | 121/1000 [00:06<00:50, 17.54it/s]
Collecting activations:  12%|█▏        | 123/1000 [00:06<00:50, 17.32it/s]
Collecting activations:  12%|█▎        | 125/1000 [00:06<00:56, 15.44it/s]
Collecting activations:  13%|█▎        | 127/1000 [00:07<01:02, 14.03it/s]
Collecting activations:  13%|█▎        | 129/1000 [00:07<01:00, 14.36it/s]
Collecting activations:  13%|█▎        | 132/1000 [00:07<00:54, 16.04it/s]
Collecting activations:  14%|█▎        | 135/1000 [00:07<00:46, 18.75it/s]
Collecting activations:  14%|█▎        | 137/1000 [00:07<00:46, 18.64it/s]
Collecting activations:  14%|█▍        | 139/1000 [00:07<00:55, 15.44it/s]
Collecting activations:  14%|█▍        | 141/1000 [00:07<00:55, 15.56it/s]
Collecting activations:  14%|█▍        | 143/1000 [00:08<00:54, 15.81it/s]
Collecting activations:  15%|█▍        | 146/1000 [00:08<00:49, 17.30it/s]
Collecting activations:  15%|█▌        | 150/1000 [00:08<00:42, 20.16it/s]
Collecting activations:  15%|█▌        | 153/1000 [00:08<00:40, 20.89it/s]
Collecting activations:  16%|█▌        | 156/1000 [00:08<00:40, 20.94it/s]
Collecting activations:  16%|█▌        | 159/1000 [00:08<00:42, 19.70it/s]
Collecting activations:  16%|█▌        | 162/1000 [00:08<00:40, 20.53it/s]
Collecting activations:  16%|█▋        | 165/1000 [00:09<00:41, 20.22it/s]
Collecting activations:  17%|█▋        | 168/1000 [00:09<00:40, 20.68it/s]
Collecting activations:  17%|█▋        | 172/1000 [00:09<00:38, 21.75it/s]
Collecting activations:  18%|█▊        | 175/1000 [00:09<00:40, 20.41it/s]
Collecting activations:  18%|█▊        | 178/1000 [00:09<00:41, 19.72it/s]
Collecting activations:  18%|█▊        | 180/1000 [00:09<00:43, 19.02it/s]
Collecting activations:  18%|█▊        | 182/1000 [00:09<00:43, 18.62it/s]
Collecting activations:  18%|█▊        | 185/1000 [00:10<00:39, 20.65it/s]
Collecting activations:  19%|█▉        | 188/1000 [00:10<00:39, 20.63it/s]
Collecting activations:  19%|█▉        | 192/1000 [00:10<00:34, 23.46it/s]
Collecting activations:  20%|█▉        | 195/1000 [00:10<00:37, 21.72it/s]
Collecting activations:  20%|█▉        | 198/1000 [00:10<00:38, 20.76it/s]
Collecting activations:  20%|██        | 201/1000 [00:10<00:41, 19.07it/s]
Collecting activations:  20%|██        | 203/1000 [00:10<00:43, 18.36it/s]
Collecting activations:  20%|██        | 205/1000 [00:11<00:47, 16.83it/s]
Collecting activations:  21%|██        | 207/1000 [00:11<00:47, 16.76it/s]
Collecting activations:  21%|██        | 209/1000 [00:11<00:45, 17.30it/s]
Collecting activations:  21%|██        | 211/1000 [00:11<00:46, 17.03it/s]
Collecting activations:  21%|██▏       | 213/1000 [00:11<00:52, 14.99it/s]
Collecting activations:  22%|██▏       | 216/1000 [00:11<00:44, 17.62it/s]
Collecting activations:  22%|██▏       | 219/1000 [00:11<00:38, 20.07it/s]
Collecting activations:  22%|██▏       | 222/1000 [00:11<00:36, 21.09it/s]
Collecting activations:  22%|██▎       | 225/1000 [00:12<00:41, 18.78it/s]
Collecting activations:  23%|██▎       | 227/1000 [00:12<00:42, 18.25it/s]
Collecting activations:  23%|██▎       | 230/1000 [00:12<00:37, 20.73it/s]
Collecting activations:  23%|██▎       | 233/1000 [00:12<00:39, 19.66it/s]
Collecting activations:  24%|██▎       | 236/1000 [00:12<00:41, 18.60it/s]
Collecting activations:  24%|██▍       | 238/1000 [00:12<00:41, 18.28it/s]
Collecting activations:  24%|██▍       | 240/1000 [00:13<00:44, 17.07it/s]
Collecting activations:  24%|██▍       | 242/1000 [00:13<00:43, 17.36it/s]
Collecting activations:  24%|██▍       | 244/1000 [00:13<00:47, 15.80it/s]
Collecting activations:  25%|██▍       | 246/1000 [00:13<00:46, 16.06it/s]
Collecting activations:  25%|██▍       | 249/1000 [00:13<00:41, 18.28it/s]
Collecting activations:  25%|██▌       | 252/1000 [00:13<00:38, 19.52it/s]
Collecting activations:  25%|██▌       | 254/1000 [00:13<00:39, 19.04it/s]
Collecting activations:  26%|██▌       | 257/1000 [00:13<00:34, 21.45it/s]
Collecting activations:  26%|██▌       | 260/1000 [00:13<00:33, 22.33it/s]
Collecting activations:  26%|██▋       | 263/1000 [00:14<00:37, 19.52it/s]
Collecting activations:  27%|██▋       | 266/1000 [00:14<00:39, 18.68it/s]
Collecting activations:  27%|██▋       | 268/1000 [00:14<00:40, 18.13it/s]
Collecting activations:  27%|██▋       | 271/1000 [00:14<00:37, 19.56it/s]
Collecting activations:  27%|██▋       | 274/1000 [00:14<00:34, 20.90it/s]
Collecting activations:  28%|██▊       | 277/1000 [00:14<00:34, 20.93it/s]
Collecting activations:  28%|██▊       | 280/1000 [00:15<00:39, 18.32it/s]
Collecting activations:  28%|██▊       | 282/1000 [00:15<00:45, 15.62it/s]
Collecting activations:  28%|██▊       | 284/1000 [00:15<00:46, 15.52it/s]
Collecting activations:  29%|██▊       | 286/1000 [00:15<00:45, 15.60it/s]
Collecting activations:  29%|██▉       | 289/1000 [00:15<00:40, 17.62it/s]
Collecting activations:  29%|██▉       | 291/1000 [00:15<00:42, 16.77it/s]
Collecting activations:  29%|██▉       | 293/1000 [00:15<00:40, 17.51it/s]
Collecting activations:  30%|██▉       | 295/1000 [00:16<00:39, 18.04it/s]
Collecting activations:  30%|██▉       | 297/1000 [00:16<00:39, 17.75it/s]
Collecting activations:  30%|██▉       | 299/1000 [00:16<00:43, 15.94it/s]
Collecting activations:  30%|███       | 302/1000 [00:16<00:37, 18.82it/s]
Collecting activations:  30%|███       | 305/1000 [00:16<00:36, 19.20it/s]
Collecting activations:  31%|███       | 308/1000 [00:16<00:35, 19.49it/s]
Collecting activations:  31%|███       | 310/1000 [00:16<00:39, 17.65it/s]
Collecting activations:  31%|███       | 312/1000 [00:16<00:39, 17.27it/s]
Collecting activations:  31%|███▏      | 314/1000 [00:17<00:38, 17.74it/s]
Collecting activations:  32%|███▏      | 316/1000 [00:17<00:41, 16.50it/s]
Collecting activations:  32%|███▏      | 319/1000 [00:17<00:38, 17.80it/s]
Collecting activations:  32%|███▏      | 322/1000 [00:17<00:34, 19.38it/s]
Collecting activations:  32%|███▏      | 324/1000 [00:17<01:00, 11.22it/s]
Collecting activations:  33%|███▎      | 327/1000 [00:18<00:49, 13.46it/s]
Collecting activations:  33%|███▎      | 330/1000 [00:18<00:41, 16.14it/s]
Collecting activations:  33%|███▎      | 333/1000 [00:18<00:39, 16.74it/s]
Collecting activations:  34%|███▎      | 336/1000 [00:18<00:36, 18.06it/s]
Collecting activations:  34%|███▍      | 339/1000 [00:18<00:34, 19.06it/s]
Collecting activations:  34%|███▍      | 342/1000 [00:18<00:37, 17.52it/s]
Collecting activations:  34%|███▍      | 344/1000 [00:18<00:37, 17.51it/s]
Collecting activations:  35%|███▍      | 347/1000 [00:19<00:32, 19.99it/s]
Collecting activations:  35%|███▌      | 350/1000 [00:19<00:35, 18.55it/s]
Collecting activations:  35%|███▌      | 353/1000 [00:19<00:33, 19.48it/s]
Collecting activations:  36%|███▌      | 356/1000 [00:19<00:32, 20.09it/s]
Collecting activations:  36%|███▌      | 359/1000 [00:19<00:32, 19.45it/s]
Collecting activations:  36%|███▌      | 361/1000 [00:19<00:35, 18.24it/s]
Collecting activations:  36%|███▋      | 364/1000 [00:19<00:33, 18.78it/s]
Collecting activations:  37%|███▋      | 367/1000 [00:20<00:32, 19.66it/s]
Collecting activations:  37%|███▋      | 371/1000 [00:20<00:26, 23.61it/s]
Collecting activations:  38%|███▊      | 375/1000 [00:20<00:24, 25.44it/s]
Collecting activations:  38%|███▊      | 379/1000 [00:20<00:21, 28.32it/s]
Collecting activations:  38%|███▊      | 382/1000 [00:20<00:26, 23.67it/s]
Collecting activations:  38%|███▊      | 385/1000 [00:20<00:30, 20.46it/s]
Collecting activations:  39%|███▉      | 388/1000 [00:20<00:29, 20.57it/s]
Collecting activations:  39%|███▉      | 391/1000 [00:21<00:30, 19.99it/s]
Collecting activations:  39%|███▉      | 394/1000 [00:21<00:27, 21.88it/s]
Collecting activations:  40%|███▉      | 397/1000 [00:21<00:26, 23.00it/s]
Collecting activations:  40%|████      | 400/1000 [00:21<00:25, 23.85it/s]
Collecting activations:  40%|████      | 403/1000 [00:21<00:30, 19.78it/s]
Collecting activations:  41%|████      | 406/1000 [00:21<00:33, 17.82it/s]
Collecting activations:  41%|████      | 408/1000 [00:21<00:35, 16.88it/s]
Collecting activations:  41%|████      | 411/1000 [00:22<00:32, 18.09it/s]
Collecting activations:  41%|████▏     | 414/1000 [00:22<00:29, 19.77it/s]
Collecting activations:  42%|████▏     | 417/1000 [00:22<00:33, 17.40it/s]
Collecting activations:  42%|████▏     | 420/1000 [00:22<00:29, 19.51it/s]
Collecting activations:  42%|████▏     | 423/1000 [00:22<00:30, 18.80it/s]
Collecting activations:  43%|████▎     | 426/1000 [00:22<00:29, 19.70it/s]
Collecting activations:  43%|████▎     | 429/1000 [00:23<00:28, 19.74it/s]
Collecting activations:  43%|████▎     | 432/1000 [00:23<00:28, 20.24it/s]
Collecting activations:  44%|████▎     | 435/1000 [00:23<00:30, 18.79it/s]
Collecting activations:  44%|████▎     | 437/1000 [00:23<00:33, 17.01it/s]
Collecting activations:  44%|████▍     | 440/1000 [00:23<00:30, 18.22it/s]
Collecting activations:  44%|████▍     | 442/1000 [00:23<00:30, 18.24it/s]
Collecting activations:  44%|████▍     | 445/1000 [00:23<00:26, 20.61it/s]
Collecting activations:  45%|████▍     | 448/1000 [00:23<00:24, 22.13it/s]
Collecting activations:  45%|████▌     | 451/1000 [00:24<00:28, 19.49it/s]
Collecting activations:  45%|████▌     | 454/1000 [00:24<00:31, 17.42it/s]
Collecting activations:  46%|████▌     | 456/1000 [00:24<00:32, 16.49it/s]
Collecting activations:  46%|████▌     | 458/1000 [00:24<00:35, 15.48it/s]
Collecting activations:  46%|████▌     | 461/1000 [00:24<00:31, 16.95it/s]
Collecting activations:  46%|████▋     | 464/1000 [00:25<00:30, 17.74it/s]
Collecting activations:  47%|████▋     | 466/1000 [00:25<00:32, 16.45it/s]
Collecting activations:  47%|████▋     | 468/1000 [00:25<00:34, 15.60it/s]
Collecting activations:  47%|████▋     | 471/1000 [00:25<00:32, 16.43it/s]
Collecting activations:  47%|████▋     | 473/1000 [00:25<00:32, 16.45it/s]
Collecting activations:  48%|████▊     | 476/1000 [00:25<00:29, 17.83it/s]
Collecting activations:  48%|████▊     | 479/1000 [00:25<00:26, 19.58it/s]
Collecting activations:  48%|████▊     | 481/1000 [00:25<00:27, 18.74it/s]
Collecting activations:  48%|████▊     | 483/1000 [00:26<00:32, 16.15it/s]
Collecting activations:  49%|████▊     | 486/1000 [00:26<00:31, 16.31it/s]
Collecting activations:  49%|████▉     | 488/1000 [00:26<00:31, 16.24it/s]
Collecting activations:  49%|████▉     | 491/1000 [00:26<00:26, 19.22it/s]
Collecting activations:  50%|████▉     | 495/1000 [00:26<00:23, 21.44it/s]
Collecting activations:  50%|████▉     | 498/1000 [00:26<00:24, 20.37it/s]
Collecting activations:  50%|█████     | 501/1000 [00:27<00:26, 18.93it/s]
Collecting activations:  50%|█████     | 503/1000 [00:27<00:28, 17.18it/s]
Collecting activations:  50%|█████     | 505/1000 [00:27<00:29, 16.89it/s]
Collecting activations:  51%|█████     | 509/1000 [00:27<00:24, 20.37it/s]
Collecting activations:  51%|█████▏    | 513/1000 [00:27<00:20, 23.97it/s]
Collecting activations:  52%|█████▏    | 517/1000 [00:27<00:19, 24.73it/s]
Collecting activations:  52%|█████▏    | 520/1000 [00:27<00:19, 24.12it/s]
Collecting activations:  52%|█████▏    | 523/1000 [00:28<00:24, 19.53it/s]
Collecting activations:  53%|█████▎    | 526/1000 [00:28<00:28, 16.54it/s]
Collecting activations:  53%|█████▎    | 529/1000 [00:28<00:25, 18.47it/s]
Collecting activations:  53%|█████▎    | 532/1000 [00:28<00:24, 19.17it/s]
Collecting activations:  54%|█████▎    | 535/1000 [00:28<00:26, 17.85it/s]
Collecting activations:  54%|█████▎    | 537/1000 [00:28<00:25, 18.00it/s]
Collecting activations:  54%|█████▍    | 540/1000 [00:29<00:23, 19.62it/s]
Collecting activations:  54%|█████▍    | 543/1000 [00:29<00:24, 18.59it/s]
Collecting activations:  55%|█████▍    | 547/1000 [00:29<00:21, 20.84it/s]
Collecting activations:  55%|█████▌    | 550/1000 [00:29<00:21, 21.11it/s]
Collecting activations:  55%|█████▌    | 553/1000 [00:29<00:22, 19.67it/s]
Collecting activations:  56%|█████▌    | 556/1000 [00:29<00:24, 18.04it/s]
Collecting activations:  56%|█████▌    | 558/1000 [00:30<00:27, 15.85it/s]
Collecting activations:  56%|█████▌    | 561/1000 [00:30<00:25, 17.41it/s]
Collecting activations:  56%|█████▋    | 564/1000 [00:30<00:23, 18.87it/s]
Collecting activations:  57%|█████▋    | 567/1000 [00:30<00:24, 17.85it/s]
Collecting activations:  57%|█████▋    | 569/1000 [00:30<00:25, 16.76it/s]
Collecting activations:  57%|█████▋    | 571/1000 [00:30<00:27, 15.54it/s]
Collecting activations:  57%|█████▋    | 573/1000 [00:30<00:26, 15.97it/s]
Collecting activations:  57%|█████▊    | 575/1000 [00:31<00:27, 15.26it/s]
Collecting activations:  58%|█████▊    | 577/1000 [00:31<00:26, 15.90it/s]
Collecting activations:  58%|█████▊    | 579/1000 [00:31<00:27, 15.47it/s]
Collecting activations:  58%|█████▊    | 581/1000 [00:31<00:29, 14.20it/s]
Collecting activations:  58%|█████▊    | 584/1000 [00:31<00:27, 15.21it/s]
Collecting activations:  59%|█████▊    | 587/1000 [00:31<00:22, 18.05it/s]
Collecting activations:  59%|█████▉    | 589/1000 [00:31<00:23, 17.60it/s]
Collecting activations:  59%|█████▉    | 591/1000 [00:32<00:22, 18.06it/s]
Collecting activations:  59%|█████▉    | 594/1000 [00:32<00:21, 18.53it/s]
Collecting activations:  60%|█████▉    | 597/1000 [00:32<00:21, 18.43it/s]
Collecting activations:  60%|█████▉    | 599/1000 [00:32<00:25, 16.02it/s]
Collecting activations:  60%|██████    | 601/1000 [00:32<00:23, 16.70it/s]
Collecting activations:  60%|██████    | 603/1000 [00:32<00:27, 14.56it/s]
Collecting activations:  61%|██████    | 606/1000 [00:32<00:23, 16.43it/s]
Collecting activations:  61%|██████    | 609/1000 [00:33<00:22, 17.14it/s]
Collecting activations:  61%|██████    | 611/1000 [00:33<00:23, 16.86it/s]
Collecting activations:  62%|██████▏   | 615/1000 [00:33<00:20, 18.61it/s]
Collecting activations:  62%|██████▏   | 617/1000 [00:33<00:23, 16.44it/s]
Collecting activations:  62%|██████▏   | 619/1000 [00:33<00:25, 15.10it/s]
Collecting activations:  62%|██████▏   | 622/1000 [00:33<00:22, 17.17it/s]
Collecting activations:  62%|██████▏   | 624/1000 [00:33<00:21, 17.23it/s]
Collecting activations:  63%|██████▎   | 627/1000 [00:34<00:21, 17.57it/s]
Collecting activations:  63%|██████▎   | 629/1000 [00:34<00:22, 16.22it/s]
Collecting activations:  63%|██████▎   | 631/1000 [00:34<00:23, 15.84it/s]
Collecting activations:  63%|██████▎   | 633/1000 [00:34<00:22, 16.47it/s]
Collecting activations:  64%|██████▎   | 635/1000 [00:34<00:22, 16.43it/s]
Collecting activations:  64%|██████▎   | 637/1000 [00:34<00:22, 16.11it/s]
Collecting activations:  64%|██████▍   | 639/1000 [00:34<00:21, 16.80it/s]
Collecting activations:  64%|██████▍   | 641/1000 [00:35<00:23, 15.57it/s]
Collecting activations:  64%|██████▍   | 643/1000 [00:35<00:25, 14.17it/s]
Collecting activations:  64%|██████▍   | 645/1000 [00:35<00:26, 13.26it/s]
Collecting activations:  65%|██████▍   | 647/1000 [00:35<00:25, 13.74it/s]
Collecting activations:  65%|██████▍   | 649/1000 [00:35<00:24, 14.10it/s]
Collecting activations:  65%|██████▌   | 651/1000 [00:35<00:22, 15.20it/s]
Collecting activations:  65%|██████▌   | 653/1000 [00:35<00:21, 16.35it/s]
Collecting activations:  66%|██████▌   | 655/1000 [00:36<00:23, 14.53it/s]
Collecting activations:  66%|██████▌   | 658/1000 [00:36<00:21, 16.13it/s]
Collecting activations:  66%|██████▌   | 660/1000 [00:36<00:20, 16.47it/s]
Collecting activations:  66%|██████▌   | 662/1000 [00:36<00:20, 16.51it/s]
Collecting activations:  66%|██████▋   | 665/1000 [00:36<00:18, 17.86it/s]
Collecting activations:  67%|██████▋   | 668/1000 [00:36<00:16, 20.41it/s]
Collecting activations:  67%|██████▋   | 671/1000 [00:36<00:19, 16.62it/s]
Collecting activations:  67%|██████▋   | 673/1000 [00:37<00:21, 14.97it/s]
Collecting activations:  68%|██████▊   | 675/1000 [00:37<00:21, 15.34it/s]
Collecting activations:  68%|██████▊   | 678/1000 [00:37<00:17, 18.40it/s]
Collecting activations:  68%|██████▊   | 682/1000 [00:37<00:14, 22.64it/s]
Collecting activations:  68%|██████▊   | 685/1000 [00:37<00:13, 23.42it/s]
Collecting activations:  69%|██████▉   | 689/1000 [00:37<00:12, 24.36it/s]
Collecting activations:  69%|██████▉   | 692/1000 [00:37<00:14, 21.16it/s]
Collecting activations:  70%|██████▉   | 695/1000 [00:38<00:15, 19.47it/s]
Collecting activations:  70%|██████▉   | 698/1000 [00:38<00:14, 20.61it/s]
Collecting activations:  70%|███████   | 701/1000 [00:38<00:14, 20.24it/s]
Collecting activations:  70%|███████   | 704/1000 [00:38<00:14, 20.68it/s]
Collecting activations:  71%|███████   | 707/1000 [00:38<00:15, 18.78it/s]
Collecting activations:  71%|███████   | 709/1000 [00:38<00:16, 17.97it/s]
Collecting activations:  71%|███████   | 711/1000 [00:38<00:16, 17.00it/s]
Collecting activations:  71%|███████▏  | 713/1000 [00:39<00:17, 16.60it/s]
Collecting activations:  72%|███████▏  | 715/1000 [00:39<00:18, 15.68it/s]
Collecting activations:  72%|███████▏  | 717/1000 [00:39<00:17, 15.88it/s]
Collecting activations:  72%|███████▏  | 720/1000 [00:39<00:15, 18.06it/s]
Collecting activations:  72%|███████▏  | 723/1000 [00:39<00:14, 18.90it/s]
Collecting activations:  72%|███████▎  | 725/1000 [00:39<00:14, 19.02it/s]
Collecting activations:  73%|███████▎  | 727/1000 [00:39<00:15, 17.86it/s]
Collecting activations:  73%|███████▎  | 729/1000 [00:40<00:15, 17.41it/s]
Collecting activations:  73%|███████▎  | 732/1000 [00:40<00:15, 17.47it/s]
Collecting activations:  74%|███████▎  | 735/1000 [00:40<00:13, 19.98it/s]
Collecting activations:  74%|███████▍  | 738/1000 [00:40<00:12, 21.28it/s]
Collecting activations:  74%|███████▍  | 741/1000 [00:40<00:14, 17.61it/s]
Collecting activations:  74%|███████▍  | 744/1000 [00:40<00:13, 19.08it/s]
Collecting activations:  75%|███████▍  | 747/1000 [00:41<00:15, 16.29it/s]
Collecting activations:  75%|███████▌  | 751/1000 [00:41<00:12, 19.17it/s]
Collecting activations:  75%|███████▌  | 754/1000 [00:41<00:13, 18.27it/s]
Collecting activations:  76%|███████▌  | 756/1000 [00:41<00:14, 17.33it/s]
Collecting activations:  76%|███████▌  | 758/1000 [00:41<00:14, 16.70it/s]
Collecting activations:  76%|███████▌  | 760/1000 [00:41<00:13, 17.16it/s]
Collecting activations:  76%|███████▌  | 762/1000 [00:41<00:15, 15.54it/s]
Collecting activations:  76%|███████▋  | 764/1000 [00:42<00:14, 15.90it/s]
Collecting activations:  77%|███████▋  | 767/1000 [00:42<00:13, 17.68it/s]
Collecting activations:  77%|███████▋  | 769/1000 [00:42<00:12, 17.85it/s]
Collecting activations:  77%|███████▋  | 772/1000 [00:42<00:12, 18.88it/s]
Collecting activations:  78%|███████▊  | 775/1000 [00:42<00:11, 19.37it/s]
Collecting activations:  78%|███████▊  | 777/1000 [00:42<00:11, 18.94it/s]
Collecting activations:  78%|███████▊  | 779/1000 [00:42<00:12, 17.70it/s]
Collecting activations:  78%|███████▊  | 782/1000 [00:42<00:11, 19.79it/s]
Collecting activations:  78%|███████▊  | 785/1000 [00:43<00:09, 21.90it/s]
Collecting activations:  79%|███████▉  | 789/1000 [00:43<00:09, 22.13it/s]
Collecting activations:  79%|███████▉  | 792/1000 [00:43<00:09, 20.85it/s]
Collecting activations:  80%|███████▉  | 795/1000 [00:43<00:08, 22.82it/s]
Collecting activations:  80%|███████▉  | 798/1000 [00:43<00:09, 22.35it/s]
Collecting activations:  80%|████████  | 801/1000 [00:43<00:09, 19.97it/s]
Collecting activations:  80%|████████  | 805/1000 [00:43<00:08, 24.06it/s]
Collecting activations:  81%|████████  | 808/1000 [00:44<00:08, 21.35it/s]
Collecting activations:  81%|████████  | 811/1000 [00:44<00:09, 19.92it/s]
Collecting activations:  81%|████████▏ | 814/1000 [00:44<00:09, 19.87it/s]
Collecting activations:  82%|████████▏ | 817/1000 [00:44<00:10, 18.26it/s]
Collecting activations:  82%|████████▏ | 819/1000 [00:44<00:09, 18.37it/s]
Collecting activations:  82%|████████▏ | 822/1000 [00:44<00:08, 19.86it/s]
Collecting activations:  82%|████████▎ | 825/1000 [00:44<00:08, 19.96it/s]
Collecting activations:  83%|████████▎ | 828/1000 [00:45<00:09, 18.74it/s]
Collecting activations:  83%|████████▎ | 830/1000 [00:45<00:09, 17.31it/s]
Collecting activations:  83%|████████▎ | 832/1000 [00:45<00:09, 17.32it/s]
Collecting activations:  83%|████████▎ | 834/1000 [00:45<00:09, 17.45it/s]
Collecting activations:  84%|████████▎ | 837/1000 [00:45<00:07, 20.39it/s]
Collecting activations:  84%|████████▍ | 840/1000 [00:45<00:07, 22.48it/s]
Collecting activations:  84%|████████▍ | 843/1000 [00:45<00:07, 20.76it/s]
Collecting activations:  85%|████████▍ | 846/1000 [00:46<00:07, 20.75it/s]
Collecting activations:  85%|████████▍ | 849/1000 [00:46<00:07, 21.12it/s]
Collecting activations:  85%|████████▌ | 852/1000 [00:46<00:08, 16.74it/s]
Collecting activations:  86%|████████▌ | 855/1000 [00:46<00:07, 18.68it/s]
Collecting activations:  86%|████████▌ | 858/1000 [00:46<00:07, 19.17it/s]
Collecting activations:  86%|████████▌ | 861/1000 [00:46<00:08, 16.58it/s]
Collecting activations:  86%|████████▋ | 863/1000 [00:47<00:09, 14.96it/s]
Collecting activations:  86%|████████▋ | 865/1000 [00:47<00:09, 14.20it/s]
Collecting activations:  87%|████████▋ | 867/1000 [00:47<00:09, 13.94it/s]
Collecting activations:  87%|████████▋ | 869/1000 [00:47<00:08, 14.96it/s]
Collecting activations:  87%|████████▋ | 872/1000 [00:47<00:07, 16.11it/s]
Collecting activations:  87%|████████▋ | 874/1000 [00:47<00:08, 15.75it/s]
Collecting activations:  88%|████████▊ | 876/1000 [00:47<00:07, 15.59it/s]
Collecting activations:  88%|████████▊ | 878/1000 [00:48<00:08, 14.73it/s]
Collecting activations:  88%|████████▊ | 880/1000 [00:48<00:07, 15.26it/s]
Collecting activations:  88%|████████▊ | 882/1000 [00:48<00:07, 15.98it/s]
Collecting activations:  88%|████████▊ | 885/1000 [00:48<00:06, 16.83it/s]
Collecting activations:  89%|████████▊ | 887/1000 [00:48<00:06, 16.38it/s]
Collecting activations:  89%|████████▉ | 890/1000 [00:48<00:05, 19.19it/s]
Collecting activations:  89%|████████▉ | 893/1000 [00:48<00:05, 19.11it/s]
Collecting activations:  90%|████████▉ | 895/1000 [00:49<00:05, 18.60it/s]
Collecting activations:  90%|████████▉ | 897/1000 [00:49<00:06, 17.02it/s]
Collecting activations:  90%|████████▉ | 899/1000 [00:49<00:05, 17.03it/s]
Collecting activations:  90%|█████████ | 902/1000 [00:49<00:05, 18.29it/s]
Collecting activations:  90%|█████████ | 905/1000 [00:49<00:05, 18.54it/s]
Collecting activations:  91%|█████████ | 907/1000 [00:49<00:05, 18.14it/s]
Collecting activations:  91%|█████████ | 909/1000 [00:49<00:05, 16.67it/s]
Collecting activations:  91%|█████████ | 911/1000 [00:50<00:05, 15.22it/s]
Collecting activations:  91%|█████████▏| 914/1000 [00:50<00:04, 17.89it/s]
Collecting activations:  92%|█████████▏| 916/1000 [00:50<00:04, 17.53it/s]
Collecting activations:  92%|█████████▏| 919/1000 [00:50<00:04, 18.55it/s]
Collecting activations:  92%|█████████▏| 921/1000 [00:50<00:04, 18.45it/s]
Collecting activations:  92%|█████████▏| 923/1000 [00:50<00:04, 15.91it/s]
Collecting activations:  92%|█████████▎| 925/1000 [00:50<00:04, 15.60it/s]
Collecting activations:  93%|█████████▎| 927/1000 [00:50<00:04, 16.20it/s]
Collecting activations:  93%|█████████▎| 929/1000 [00:51<00:04, 15.93it/s]
Collecting activations:  93%|█████████▎| 932/1000 [00:51<00:03, 17.54it/s]
Collecting activations:  93%|█████████▎| 934/1000 [00:51<00:03, 17.87it/s]
Collecting activations:  94%|█████████▎| 937/1000 [00:51<00:03, 17.95it/s]
Collecting activations:  94%|█████████▍| 939/1000 [00:51<00:03, 16.55it/s]
Collecting activations:  94%|█████████▍| 942/1000 [00:51<00:03, 18.54it/s]
Collecting activations:  94%|█████████▍| 944/1000 [00:51<00:03, 18.42it/s]
Collecting activations:  95%|█████████▍| 946/1000 [00:51<00:03, 17.99it/s]
Collecting activations:  95%|█████████▍| 949/1000 [00:52<00:02, 20.65it/s]
Collecting activations:  95%|█████████▌| 952/1000 [00:52<00:02, 20.41it/s]
Collecting activations:  96%|█████████▌| 955/1000 [00:52<00:02, 16.79it/s]
Collecting activations:  96%|█████████▌| 958/1000 [00:52<00:02, 18.38it/s]
Collecting activations:  96%|█████████▌| 961/1000 [00:52<00:02, 19.40it/s]
Collecting activations:  96%|█████████▋| 964/1000 [00:52<00:01, 19.60it/s]
Collecting activations:  97%|█████████▋| 967/1000 [00:53<00:01, 21.24it/s]
Collecting activations:  97%|█████████▋| 970/1000 [00:53<00:01, 18.89it/s]
Collecting activations:  97%|█████████▋| 972/1000 [00:53<00:01, 17.65it/s]
Collecting activations:  97%|█████████▋| 974/1000 [00:53<00:01, 16.59it/s]
Collecting activations:  98%|█████████▊| 976/1000 [00:53<00:01, 15.60it/s]
Collecting activations:  98%|█████████▊| 978/1000 [00:53<00:01, 15.61it/s]
Collecting activations:  98%|█████████▊| 981/1000 [00:53<00:01, 16.90it/s]
Collecting activations:  98%|█████████▊| 984/1000 [00:54<00:00, 19.41it/s]
Collecting activations:  99%|█████████▊| 987/1000 [00:54<00:00, 19.84it/s]
Collecting activations:  99%|█████████▉| 990/1000 [00:54<00:00, 21.66it/s]
Collecting activations:  99%|█████████▉| 993/1000 [00:54<00:00, 18.99it/s]
Collecting activations: 100%|█████████▉| 996/1000 [00:54<00:00, 18.21it/s]
Collecting activations: 100%|█████████▉| 999/1000 [00:54<00:00, 19.98it/s]
Collecting activations: 100%|██████████| 1000/1000 [00:54<00:00, 18.23it/s]

Device: cuda
GPU: NVIDIA RTX PRO 6000 Blackwell Server Edition
Loading GPT-2 Small...
Loaded pretrained model gpt2 into HookedTransformer
Model loaded. Layers: 12
Loading SAE: gpt2-small-res-jb, layer 8...
SAE loaded. d_sae: 24576, d_in: 768
Loading OpenWebText samples...
Loaded 1000 texts
Building ground truth (first-letter features)...
Detected 26 letter features
Ground truth absorption pairs: 57
Pairs: [('u', 'a'), ('u', 'e'), ('u', 'i'), ('a', 'e'), ('a', 'i'), ('e', 'i'), ('r', 't'), ('r', 'b'), ('r', 's'), ('r', 'w')]
Running UAD...
  Collecting feature activations...
  Analyzing 500 features
  Computing co-occurrence matrix...
  Running hierarchical clustering...
  Raw candidate pairs: 4000
  Filtering dead features...
  After dead feature filtering: 4000
Evaluating...

Results saved to exp/results/pilots/p2_uad_reproduce_results.json

============================================================
UAD REPRODUCIBILITY RESULTS
============================================================
Ground truth absorption pairs: 57
UAD detected pairs: 4000
Precision: 0.000
Recall:    0.000
F1:        0.000
Random baseline F1: 0.001 (+/- 0.000)
Dead features: 0/500 (0.0%)
Runtime: 163.3s
============================================================

Pass criteria: F1 >= 0.5 (0.000), Recall >= 0.8 (0.000)
RESULT: FAIL

