`torch_dtype` is deprecated! Use `dtype` instead!
/home/qhxie/miniforge3/envs/sibyl_sae-absorption/lib/python3.11/site-packages/sae_lens/saes/sae.py:251: UserWarning: 
This SAE has non-empty model_from_pretrained_kwargs. 
For optimal performance, load the model like so:
model = HookedSAETransformer.from_pretrained_no_processing(..., **cfg.model_from_pretrained_kwargs)
  warnings.warn(

Collecting activations:   0%|          | 0/1000 [00:00<?, ?it/s]
Collecting activations:   0%|          | 3/1000 [00:00<00:39, 25.23it/s]
Collecting activations:   1%|          | 6/1000 [00:00<00:41, 24.09it/s]
Collecting activations:   1%|          | 9/1000 [00:00<00:48, 20.33it/s]
Collecting activations:   1%|          | 12/1000 [00:00<00:52, 18.65it/s]
Collecting activations:   2%|▏         | 15/1000 [00:00<00:51, 19.17it/s]
Collecting activations:   2%|▏         | 18/1000 [00:00<00:46, 21.08it/s]
Collecting activations:   2%|▏         | 21/1000 [00:01<00:46, 21.00it/s]
Collecting activations:   2%|▏         | 24/1000 [00:01<00:42, 23.16it/s]
Collecting activations:   3%|▎         | 27/1000 [00:01<00:43, 22.42it/s]
Collecting activations:   3%|▎         | 30/1000 [00:01<00:45, 21.34it/s]
Collecting activations:   3%|▎         | 33/1000 [00:01<00:46, 20.60it/s]
Collecting activations:   4%|▎         | 36/1000 [00:01<00:49, 19.62it/s]
Collecting activations:   4%|▍         | 39/1000 [00:01<00:49, 19.51it/s]
Collecting activations:   4%|▍         | 43/1000 [00:02<00:44, 21.72it/s]
Collecting activations:   5%|▍         | 46/1000 [00:02<00:46, 20.44it/s]
Collecting activations:   5%|▍         | 49/1000 [00:02<00:52, 18.13it/s]
Collecting activations:   5%|▌         | 51/1000 [00:02<00:51, 18.37it/s]
Collecting activations:   5%|▌         | 54/1000 [00:02<00:48, 19.53it/s]
Collecting activations:   6%|▌         | 57/1000 [00:02<00:46, 20.13it/s]
Collecting activations:   6%|▌         | 60/1000 [00:02<00:45, 20.89it/s]
Collecting activations:   6%|▋         | 63/1000 [00:03<00:43, 21.79it/s]
Collecting activations:   7%|▋         | 66/1000 [00:03<00:41, 22.48it/s]
Collecting activations:   7%|▋         | 69/1000 [00:03<00:45, 20.41it/s]
Collecting activations:   7%|▋         | 72/1000 [00:03<00:48, 18.98it/s]
Collecting activations:   7%|▋         | 74/1000 [00:03<00:48, 19.18it/s]
Collecting activations:   8%|▊         | 76/1000 [00:03<00:48, 19.20it/s]
Collecting activations:   8%|▊         | 79/1000 [00:03<00:43, 21.15it/s]
Collecting activations:   8%|▊         | 82/1000 [00:04<00:45, 20.07it/s]
Collecting activations:   8%|▊         | 85/1000 [00:04<00:46, 19.69it/s]
Collecting activations:   9%|▉         | 88/1000 [00:04<00:44, 20.66it/s]
Collecting activations:   9%|▉         | 91/1000 [00:04<00:50, 17.83it/s]
Collecting activations:   9%|▉         | 93/1000 [00:04<00:52, 17.15it/s]
Collecting activations:  10%|▉         | 95/1000 [00:04<00:52, 17.25it/s]
Collecting activations:  10%|▉         | 98/1000 [00:04<00:45, 20.02it/s]
Collecting activations:  10%|█         | 102/1000 [00:05<00:39, 22.94it/s]
Collecting activations:  10%|█         | 105/1000 [00:05<00:44, 20.09it/s]
Collecting activations:  11%|█         | 108/1000 [00:05<00:41, 21.62it/s]
Collecting activations:  11%|█         | 111/1000 [00:05<00:49, 18.04it/s]
Collecting activations:  11%|█▏        | 113/1000 [00:05<00:49, 17.85it/s]
Collecting activations:  12%|█▏        | 115/1000 [00:05<00:53, 16.66it/s]
Collecting activations:  12%|█▏        | 117/1000 [00:05<00:56, 15.73it/s]
Collecting activations:  12%|█▏        | 119/1000 [00:06<00:58, 15.12it/s]
Collecting activations:  12%|█▏        | 121/1000 [00:06<00:56, 15.52it/s]
Collecting activations:  12%|█▏        | 123/1000 [00:06<00:56, 15.49it/s]
Collecting activations:  12%|█▎        | 125/1000 [00:06<01:00, 14.36it/s]
Collecting activations:  13%|█▎        | 127/1000 [00:06<01:02, 14.04it/s]
Collecting activations:  13%|█▎        | 130/1000 [00:06<00:53, 16.20it/s]
Collecting activations:  13%|█▎        | 132/1000 [00:06<00:51, 16.75it/s]
Collecting activations:  13%|█▎        | 134/1000 [00:07<00:49, 17.38it/s]
Collecting activations:  14%|█▎        | 136/1000 [00:07<00:52, 16.54it/s]
Collecting activations:  14%|█▍        | 138/1000 [00:07<00:52, 16.58it/s]
Collecting activations:  14%|█▍        | 140/1000 [00:07<00:57, 15.06it/s]
Collecting activations:  14%|█▍        | 142/1000 [00:07<00:55, 15.48it/s]
Collecting activations:  15%|█▍        | 146/1000 [00:07<00:44, 19.25it/s]
Collecting activations:  15%|█▍        | 149/1000 [00:07<00:41, 20.47it/s]
Collecting activations:  15%|█▌        | 152/1000 [00:08<00:44, 19.25it/s]
Collecting activations:  16%|█▌        | 155/1000 [00:08<00:41, 20.22it/s]
Collecting activations:  16%|█▌        | 158/1000 [00:08<00:48, 17.49it/s]
Collecting activations:  16%|█▌        | 161/1000 [00:08<00:42, 19.74it/s]
Collecting activations:  16%|█▋        | 164/1000 [00:08<00:41, 20.03it/s]
Collecting activations:  17%|█▋        | 167/1000 [00:08<00:38, 21.39it/s]
Collecting activations:  17%|█▋        | 170/1000 [00:08<00:41, 19.85it/s]
Collecting activations:  17%|█▋        | 173/1000 [00:09<00:45, 18.17it/s]
Collecting activations:  18%|█▊        | 176/1000 [00:09<00:43, 18.84it/s]
Collecting activations:  18%|█▊        | 179/1000 [00:09<00:41, 19.87it/s]
Collecting activations:  18%|█▊        | 182/1000 [00:09<00:38, 21.09it/s]
Collecting activations:  18%|█▊        | 185/1000 [00:09<00:37, 21.79it/s]
Collecting activations:  19%|█▉        | 188/1000 [00:09<00:41, 19.43it/s]
Collecting activations:  19%|█▉        | 191/1000 [00:09<00:38, 21.27it/s]
Collecting activations:  19%|█▉        | 194/1000 [00:10<00:38, 20.72it/s]
Collecting activations:  20%|█▉        | 197/1000 [00:10<00:41, 19.47it/s]
Collecting activations:  20%|██        | 200/1000 [00:10<00:37, 21.56it/s]
Collecting activations:  20%|██        | 203/1000 [00:10<00:40, 19.59it/s]
Collecting activations:  21%|██        | 206/1000 [00:10<00:46, 17.22it/s]
Collecting activations:  21%|██        | 208/1000 [00:10<00:44, 17.63it/s]
Collecting activations:  21%|██        | 211/1000 [00:11<00:44, 17.86it/s]
Collecting activations:  21%|██▏       | 213/1000 [00:11<00:48, 16.15it/s]
Collecting activations:  22%|██▏       | 216/1000 [00:11<00:42, 18.52it/s]
Collecting activations:  22%|██▏       | 219/1000 [00:11<00:38, 20.37it/s]
Collecting activations:  22%|██▏       | 222/1000 [00:11<00:39, 19.56it/s]
Collecting activations:  22%|██▎       | 225/1000 [00:11<00:45, 16.95it/s]
Collecting activations:  23%|██▎       | 227/1000 [00:11<00:45, 16.83it/s]
Collecting activations:  23%|██▎       | 231/1000 [00:12<00:38, 19.90it/s]
Collecting activations:  24%|██▎       | 235/1000 [00:12<00:36, 21.23it/s]
Collecting activations:  24%|██▍       | 238/1000 [00:12<00:39, 19.23it/s]
Collecting activations:  24%|██▍       | 240/1000 [00:12<00:43, 17.36it/s]
Collecting activations:  24%|██▍       | 242/1000 [00:12<00:43, 17.27it/s]
Collecting activations:  24%|██▍       | 244/1000 [00:12<00:48, 15.47it/s]
Collecting activations:  25%|██▍       | 246/1000 [00:13<00:47, 15.91it/s]
Collecting activations:  25%|██▍       | 249/1000 [00:13<00:39, 18.98it/s]
Collecting activations:  25%|██▌       | 252/1000 [00:13<00:38, 19.63it/s]
Collecting activations:  26%|██▌       | 255/1000 [00:13<00:42, 17.50it/s]
Collecting activations:  26%|██▌       | 258/1000 [00:13<00:42, 17.57it/s]
Collecting activations:  26%|██▌       | 261/1000 [00:13<00:40, 18.26it/s]
Collecting activations:  26%|██▋       | 263/1000 [00:13<00:42, 17.26it/s]
Collecting activations:  26%|██▋       | 265/1000 [00:14<00:42, 17.29it/s]
Collecting activations:  27%|██▋       | 267/1000 [00:14<00:42, 17.15it/s]
Collecting activations:  27%|██▋       | 270/1000 [00:14<00:40, 18.00it/s]
Collecting activations:  27%|██▋       | 272/1000 [00:14<00:43, 16.81it/s]
Collecting activations:  28%|██▊       | 275/1000 [00:14<00:38, 18.67it/s]
Collecting activations:  28%|██▊       | 277/1000 [00:14<00:41, 17.25it/s]
Collecting activations:  28%|██▊       | 279/1000 [00:14<00:44, 16.20it/s]
Collecting activations:  28%|██▊       | 281/1000 [00:15<00:46, 15.54it/s]
Collecting activations:  28%|██▊       | 283/1000 [00:15<00:46, 15.29it/s]
Collecting activations:  28%|██▊       | 285/1000 [00:15<00:45, 15.55it/s]
Collecting activations:  29%|██▉       | 288/1000 [00:15<00:39, 17.82it/s]
Collecting activations:  29%|██▉       | 290/1000 [00:15<00:42, 16.61it/s]
Collecting activations:  29%|██▉       | 292/1000 [00:15<00:46, 15.21it/s]
Collecting activations:  29%|██▉       | 294/1000 [00:15<00:44, 15.82it/s]
Collecting activations:  30%|██▉       | 297/1000 [00:15<00:38, 18.05it/s]
Collecting activations:  30%|██▉       | 299/1000 [00:16<00:41, 16.81it/s]
Collecting activations:  30%|███       | 301/1000 [00:16<00:41, 16.96it/s]
Collecting activations:  30%|███       | 304/1000 [00:16<00:40, 17.30it/s]
Collecting activations:  31%|███       | 306/1000 [00:16<00:40, 17.24it/s]
Collecting activations:  31%|███       | 308/1000 [00:16<00:45, 15.12it/s]
Collecting activations:  31%|███       | 310/1000 [00:16<00:45, 15.03it/s]
Collecting activations:  31%|███       | 312/1000 [00:16<00:44, 15.57it/s]
Collecting activations:  32%|███▏      | 315/1000 [00:17<00:40, 17.12it/s]
Collecting activations:  32%|███▏      | 317/1000 [00:17<00:42, 16.20it/s]
Collecting activations:  32%|███▏      | 319/1000 [00:17<00:42, 16.05it/s]
Collecting activations:  32%|███▏      | 321/1000 [00:17<00:42, 15.91it/s]
Collecting activations:  32%|███▏      | 323/1000 [00:17<00:44, 15.17it/s]
Collecting activations:  33%|███▎      | 326/1000 [00:17<00:39, 16.88it/s]
Collecting activations:  33%|███▎      | 329/1000 [00:17<00:34, 19.54it/s]
Collecting activations:  33%|███▎      | 332/1000 [00:18<00:33, 20.14it/s]
Collecting activations:  34%|███▎      | 335/1000 [00:18<00:37, 17.59it/s]
Collecting activations:  34%|███▎      | 337/1000 [00:18<00:40, 16.56it/s]
Collecting activations:  34%|███▍      | 340/1000 [00:18<00:39, 16.90it/s]
Collecting activations:  34%|███▍      | 342/1000 [00:18<00:38, 17.09it/s]
Collecting activations:  34%|███▍      | 344/1000 [00:18<00:37, 17.65it/s]
Collecting activations:  35%|███▍      | 348/1000 [00:18<00:31, 20.79it/s]
Collecting activations:  35%|███▌      | 351/1000 [00:19<00:34, 18.57it/s]
Collecting activations:  35%|███▌      | 353/1000 [00:19<00:39, 16.31it/s]
Collecting activations:  36%|███▌      | 355/1000 [00:19<00:39, 16.19it/s]
Collecting activations:  36%|███▌      | 357/1000 [00:19<00:39, 16.09it/s]
Collecting activations:  36%|███▌      | 360/1000 [00:19<00:37, 17.11it/s]
Collecting activations:  36%|███▋      | 363/1000 [00:19<00:34, 18.72it/s]
Collecting activations:  36%|███▋      | 365/1000 [00:19<00:34, 18.39it/s]
Collecting activations:  37%|███▋      | 368/1000 [00:20<00:31, 20.03it/s]
Collecting activations:  37%|███▋      | 371/1000 [00:20<00:30, 20.91it/s]
Collecting activations:  37%|███▋      | 374/1000 [00:20<00:27, 22.60it/s]
Collecting activations:  38%|███▊      | 377/1000 [00:20<00:27, 22.36it/s]
Collecting activations:  38%|███▊      | 380/1000 [00:20<00:25, 23.91it/s]
Collecting activations:  38%|███▊      | 383/1000 [00:20<00:30, 20.12it/s]
Collecting activations:  39%|███▊      | 386/1000 [00:20<00:32, 18.82it/s]
Collecting activations:  39%|███▉      | 388/1000 [00:21<00:33, 18.07it/s]
Collecting activations:  39%|███▉      | 390/1000 [00:21<00:34, 17.77it/s]
Collecting activations:  39%|███▉      | 392/1000 [00:21<00:35, 17.12it/s]
Collecting activations:  40%|███▉      | 395/1000 [00:21<00:34, 17.35it/s]
Collecting activations:  40%|███▉      | 398/1000 [00:21<00:30, 19.87it/s]
Collecting activations:  40%|████      | 401/1000 [00:21<00:27, 21.84it/s]
Collecting activations:  40%|████      | 404/1000 [00:21<00:31, 19.01it/s]
Collecting activations:  41%|████      | 407/1000 [00:22<00:32, 18.00it/s]
Collecting activations:  41%|████      | 409/1000 [00:22<00:37, 15.70it/s]
Collecting activations:  41%|████      | 412/1000 [00:22<00:34, 17.24it/s]
Collecting activations:  42%|████▏     | 415/1000 [00:22<00:32, 18.11it/s]
Collecting activations:  42%|████▏     | 418/1000 [00:22<00:29, 19.96it/s]
Collecting activations:  42%|████▏     | 421/1000 [00:22<00:26, 21.61it/s]
Collecting activations:  42%|████▏     | 424/1000 [00:22<00:26, 21.39it/s]
Collecting activations:  43%|████▎     | 427/1000 [00:23<00:27, 21.06it/s]
Collecting activations:  43%|████▎     | 430/1000 [00:23<00:30, 18.64it/s]
Collecting activations:  43%|████▎     | 432/1000 [00:23<00:32, 17.73it/s]
Collecting activations:  43%|████▎     | 434/1000 [00:23<00:31, 17.75it/s]
Collecting activations:  44%|████▎     | 436/1000 [00:23<00:34, 16.39it/s]
Collecting activations:  44%|████▍     | 440/1000 [00:23<00:28, 19.31it/s]
Collecting activations:  44%|████▍     | 442/1000 [00:23<00:29, 19.07it/s]
Collecting activations:  44%|████▍     | 445/1000 [00:24<00:30, 18.37it/s]
Collecting activations:  45%|████▍     | 447/1000 [00:24<00:30, 18.42it/s]
Collecting activations:  45%|████▍     | 449/1000 [00:24<00:29, 18.38it/s]
Collecting activations:  45%|████▌     | 451/1000 [00:24<00:33, 16.34it/s]
Collecting activations:  45%|████▌     | 453/1000 [00:24<00:33, 16.20it/s]
Collecting activations:  46%|████▌     | 456/1000 [00:24<00:31, 17.52it/s]
Collecting activations:  46%|████▌     | 458/1000 [00:24<00:33, 16.37it/s]
Collecting activations:  46%|████▌     | 460/1000 [00:25<00:32, 16.44it/s]
Collecting activations:  46%|████▌     | 462/1000 [00:25<00:35, 15.29it/s]
Collecting activations:  46%|████▋     | 464/1000 [00:25<00:34, 15.40it/s]
Collecting activations:  47%|████▋     | 466/1000 [00:25<00:34, 15.52it/s]
Collecting activations:  47%|████▋     | 468/1000 [00:25<00:33, 16.04it/s]
Collecting activations:  47%|████▋     | 471/1000 [00:25<00:28, 18.53it/s]
Collecting activations:  47%|████▋     | 473/1000 [00:25<00:29, 18.07it/s]
Collecting activations:  48%|████▊     | 475/1000 [00:25<00:29, 17.82it/s]
Collecting activations:  48%|████▊     | 477/1000 [00:26<00:33, 15.41it/s]
Collecting activations:  48%|████▊     | 481/1000 [00:26<00:29, 17.85it/s]
Collecting activations:  48%|████▊     | 483/1000 [00:26<00:31, 16.59it/s]
Collecting activations:  49%|████▊     | 486/1000 [00:26<00:28, 18.18it/s]
Collecting activations:  49%|████▉     | 488/1000 [00:26<00:29, 17.59it/s]
Collecting activations:  49%|████▉     | 491/1000 [00:26<00:27, 18.34it/s]
Collecting activations:  49%|████▉     | 494/1000 [00:26<00:25, 19.53it/s]
Collecting activations:  50%|████▉     | 496/1000 [00:27<00:25, 19.54it/s]
Collecting activations:  50%|████▉     | 498/1000 [00:27<00:28, 17.60it/s]
Collecting activations:  50%|█████     | 501/1000 [00:27<00:27, 18.48it/s]
Collecting activations:  50%|█████     | 503/1000 [00:27<00:27, 18.15it/s]
Collecting activations:  50%|█████     | 505/1000 [00:27<00:27, 18.02it/s]
Collecting activations:  51%|█████     | 508/1000 [00:27<00:25, 19.66it/s]
Collecting activations:  51%|█████     | 510/1000 [00:27<00:26, 18.75it/s]
Collecting activations:  51%|█████▏    | 513/1000 [00:27<00:24, 19.91it/s]
Collecting activations:  52%|█████▏    | 516/1000 [00:28<00:21, 22.41it/s]
Collecting activations:  52%|█████▏    | 519/1000 [00:28<00:22, 21.12it/s]
Collecting activations:  52%|█████▏    | 522/1000 [00:28<00:22, 20.93it/s]
Collecting activations:  52%|█████▎    | 525/1000 [00:28<00:26, 17.66it/s]
Collecting activations:  53%|█████▎    | 527/1000 [00:28<00:27, 17.11it/s]
Collecting activations:  53%|█████▎    | 529/1000 [00:28<00:28, 16.78it/s]
Collecting activations:  53%|█████▎    | 531/1000 [00:28<00:29, 15.81it/s]
Collecting activations:  53%|█████▎    | 533/1000 [00:29<00:28, 16.55it/s]
Collecting activations:  54%|█████▎    | 536/1000 [00:29<00:25, 18.37it/s]
Collecting activations:  54%|█████▍    | 539/1000 [00:29<00:22, 20.38it/s]
Collecting activations:  54%|█████▍    | 542/1000 [00:29<00:26, 17.53it/s]
Collecting activations:  55%|█████▍    | 545/1000 [00:29<00:23, 19.12it/s]
Collecting activations:  55%|█████▍    | 548/1000 [00:29<00:24, 18.10it/s]
Collecting activations:  55%|█████▌    | 551/1000 [00:30<00:24, 18.05it/s]
Collecting activations:  56%|█████▌    | 555/1000 [00:30<00:21, 20.94it/s]
Collecting activations:  56%|█████▌    | 558/1000 [00:30<00:25, 17.30it/s]
Collecting activations:  56%|█████▌    | 560/1000 [00:30<00:25, 17.31it/s]
Collecting activations:  56%|█████▌    | 562/1000 [00:30<00:26, 16.28it/s]
Collecting activations:  56%|█████▋    | 564/1000 [00:30<00:26, 16.49it/s]
Collecting activations:  57%|█████▋    | 567/1000 [00:30<00:25, 17.04it/s]
Collecting activations:  57%|█████▋    | 569/1000 [00:31<00:25, 17.09it/s]
Collecting activations:  57%|█████▋    | 571/1000 [00:31<00:25, 16.69it/s]
Collecting activations:  57%|█████▋    | 573/1000 [00:31<00:24, 17.20it/s]
Collecting activations:  57%|█████▊    | 575/1000 [00:31<00:27, 15.20it/s]
Collecting activations:  58%|█████▊    | 577/1000 [00:31<00:29, 14.22it/s]
Collecting activations:  58%|█████▊    | 579/1000 [00:31<00:30, 13.71it/s]
Collecting activations:  58%|█████▊    | 581/1000 [00:31<00:29, 14.16it/s]
Collecting activations:  58%|█████▊    | 584/1000 [00:32<00:24, 16.74it/s]
Collecting activations:  59%|█████▊    | 587/1000 [00:32<00:21, 19.28it/s]
Collecting activations:  59%|█████▉    | 590/1000 [00:32<00:22, 17.91it/s]
Collecting activations:  59%|█████▉    | 592/1000 [00:32<00:22, 17.92it/s]
Collecting activations:  59%|█████▉    | 594/1000 [00:32<00:23, 17.48it/s]
Collecting activations:  60%|█████▉    | 596/1000 [00:32<00:22, 17.88it/s]
Collecting activations:  60%|█████▉    | 598/1000 [00:32<00:24, 16.54it/s]
Collecting activations:  60%|██████    | 600/1000 [00:32<00:23, 17.38it/s]
Collecting activations:  60%|██████    | 602/1000 [00:33<00:23, 16.84it/s]
Collecting activations:  60%|██████    | 604/1000 [00:33<00:24, 16.38it/s]
Collecting activations:  61%|██████    | 607/1000 [00:33<00:22, 17.14it/s]
Collecting activations:  61%|██████    | 610/1000 [00:33<00:21, 18.09it/s]
Collecting activations:  61%|██████▏   | 614/1000 [00:33<00:17, 22.46it/s]
Collecting activations:  62%|██████▏   | 617/1000 [00:33<00:19, 19.31it/s]
Collecting activations:  62%|██████▏   | 620/1000 [00:34<00:20, 18.42it/s]
Collecting activations:  62%|██████▏   | 622/1000 [00:34<00:20, 18.30it/s]
Collecting activations:  62%|██████▏   | 624/1000 [00:34<00:21, 17.54it/s]
Collecting activations:  63%|██████▎   | 627/1000 [00:34<00:20, 18.05it/s]
Collecting activations:  63%|██████▎   | 629/1000 [00:34<00:22, 16.49it/s]
Collecting activations:  63%|██████▎   | 631/1000 [00:34<00:23, 15.48it/s]
Collecting activations:  63%|██████▎   | 633/1000 [00:34<00:23, 15.91it/s]
Collecting activations:  64%|██████▎   | 635/1000 [00:34<00:23, 15.65it/s]
Collecting activations:  64%|██████▎   | 637/1000 [00:35<00:25, 14.18it/s]
Collecting activations:  64%|██████▍   | 639/1000 [00:35<00:24, 14.61it/s]
Collecting activations:  64%|██████▍   | 641/1000 [00:35<00:26, 13.59it/s]
Collecting activations:  64%|██████▍   | 643/1000 [00:35<00:27, 12.97it/s]
Collecting activations:  64%|██████▍   | 645/1000 [00:35<00:28, 12.65it/s]
Collecting activations:  65%|██████▍   | 647/1000 [00:35<00:26, 13.42it/s]
Collecting activations:  65%|██████▍   | 649/1000 [00:36<00:28, 12.48it/s]
Collecting activations:  65%|██████▌   | 651/1000 [00:36<00:27, 12.88it/s]
Collecting activations:  65%|██████▌   | 653/1000 [00:36<00:26, 13.25it/s]
Collecting activations:  66%|██████▌   | 655/1000 [00:36<00:27, 12.55it/s]
Collecting activations:  66%|██████▌   | 658/1000 [00:36<00:24, 14.13it/s]
Collecting activations:  66%|██████▌   | 660/1000 [00:36<00:22, 14.87it/s]
Collecting activations:  66%|██████▌   | 662/1000 [00:36<00:23, 14.69it/s]
Collecting activations:  66%|██████▋   | 664/1000 [00:37<00:21, 15.55it/s]
Collecting activations:  67%|██████▋   | 666/1000 [00:37<00:20, 16.39it/s]
Collecting activations:  67%|██████▋   | 669/1000 [00:37<00:20, 16.51it/s]
Collecting activations:  67%|██████▋   | 671/1000 [00:37<00:22, 14.91it/s]
Collecting activations:  67%|██████▋   | 673/1000 [00:37<00:23, 13.68it/s]
Collecting activations:  68%|██████▊   | 675/1000 [00:37<00:22, 14.42it/s]
Collecting activations:  68%|██████▊   | 679/1000 [00:37<00:16, 18.89it/s]
Collecting activations:  68%|██████▊   | 682/1000 [00:38<00:15, 20.54it/s]
Collecting activations:  68%|██████▊   | 685/1000 [00:38<00:16, 19.38it/s]
Collecting activations:  69%|██████▉   | 688/1000 [00:38<00:15, 20.62it/s]
Collecting activations:  69%|██████▉   | 691/1000 [00:38<00:16, 18.25it/s]
Collecting activations:  69%|██████▉   | 693/1000 [00:38<00:19, 16.14it/s]
Collecting activations:  70%|██████▉   | 695/1000 [00:38<00:18, 16.44it/s]
Collecting activations:  70%|██████▉   | 697/1000 [00:39<00:18, 16.64it/s]
Collecting activations:  70%|██████▉   | 699/1000 [00:39<00:18, 16.47it/s]
Collecting activations:  70%|███████   | 702/1000 [00:39<00:16, 17.87it/s]
Collecting activations:  70%|███████   | 704/1000 [00:39<00:17, 17.04it/s]
Collecting activations:  71%|███████   | 706/1000 [00:39<00:19, 14.87it/s]
Collecting activations:  71%|███████   | 709/1000 [00:39<00:18, 15.69it/s]
Collecting activations:  71%|███████   | 711/1000 [00:39<00:18, 15.91it/s]
Collecting activations:  71%|███████▏  | 713/1000 [00:40<00:18, 15.80it/s]
Collecting activations:  72%|███████▏  | 715/1000 [00:40<00:18, 15.33it/s]
Collecting activations:  72%|███████▏  | 717/1000 [00:40<00:20, 13.95it/s]
Collecting activations:  72%|███████▏  | 719/1000 [00:40<00:18, 15.19it/s]
Collecting activations:  72%|███████▏  | 721/1000 [00:40<00:18, 14.84it/s]
Collecting activations:  72%|███████▏  | 724/1000 [00:40<00:17, 16.22it/s]
Collecting activations:  73%|███████▎  | 726/1000 [00:40<00:16, 16.64it/s]
Collecting activations:  73%|███████▎  | 728/1000 [00:40<00:16, 16.28it/s]
Collecting activations:  73%|███████▎  | 731/1000 [00:41<00:14, 18.68it/s]
Collecting activations:  73%|███████▎  | 733/1000 [00:41<00:16, 16.04it/s]
Collecting activations:  74%|███████▎  | 736/1000 [00:41<00:14, 18.18it/s]
Collecting activations:  74%|███████▍  | 738/1000 [00:41<00:14, 17.97it/s]
Collecting activations:  74%|███████▍  | 740/1000 [00:41<00:16, 15.81it/s]
Collecting activations:  74%|███████▍  | 742/1000 [00:41<00:16, 16.01it/s]
Collecting activations:  74%|███████▍  | 745/1000 [00:41<00:14, 17.37it/s]
Collecting activations:  75%|███████▍  | 747/1000 [00:42<00:16, 15.52it/s]
Collecting activations:  75%|███████▌  | 750/1000 [00:42<00:13, 18.14it/s]
Collecting activations:  75%|███████▌  | 752/1000 [00:42<00:14, 16.62it/s]
Collecting activations:  75%|███████▌  | 754/1000 [00:42<00:16, 15.19it/s]
Collecting activations:  76%|███████▌  | 756/1000 [00:42<00:16, 15.18it/s]
Collecting activations:  76%|███████▌  | 758/1000 [00:42<00:15, 15.37it/s]
Collecting activations:  76%|███████▌  | 760/1000 [00:42<00:14, 16.45it/s]
Collecting activations:  76%|███████▌  | 762/1000 [00:43<00:16, 14.71it/s]
Collecting activations:  76%|███████▋  | 764/1000 [00:43<00:17, 13.84it/s]
Collecting activations:  77%|███████▋  | 766/1000 [00:43<00:15, 14.86it/s]
Collecting activations:  77%|███████▋  | 768/1000 [00:43<00:14, 15.74it/s]
Collecting activations:  77%|███████▋  | 770/1000 [00:43<00:14, 16.42it/s]
Collecting activations:  77%|███████▋  | 772/1000 [00:43<00:13, 16.72it/s]
Collecting activations:  78%|███████▊  | 775/1000 [00:43<00:12, 17.84it/s]
Collecting activations:  78%|███████▊  | 777/1000 [00:43<00:12, 18.25it/s]
Collecting activations:  78%|███████▊  | 779/1000 [00:44<00:12, 17.64it/s]
Collecting activations:  78%|███████▊  | 782/1000 [00:44<00:11, 18.76it/s]
Collecting activations:  78%|███████▊  | 784/1000 [00:44<00:11, 18.14it/s]
Collecting activations:  79%|███████▊  | 786/1000 [00:44<00:12, 17.30it/s]
Collecting activations:  79%|███████▉  | 789/1000 [00:44<00:11, 18.03it/s]
Collecting activations:  79%|███████▉  | 791/1000 [00:44<00:11, 17.63it/s]
Collecting activations:  79%|███████▉  | 794/1000 [00:44<00:10, 19.59it/s]
Collecting activations:  80%|███████▉  | 797/1000 [00:44<00:09, 20.58it/s]
Collecting activations:  80%|████████  | 800/1000 [00:45<00:10, 19.82it/s]
Collecting activations:  80%|████████  | 803/1000 [00:45<00:09, 20.30it/s]
Collecting activations:  81%|████████  | 806/1000 [00:45<00:09, 20.09it/s]
Collecting activations:  81%|████████  | 809/1000 [00:45<00:11, 16.46it/s]
Collecting activations:  81%|████████  | 812/1000 [00:45<00:10, 18.49it/s]
Collecting activations:  82%|████████▏ | 815/1000 [00:46<00:10, 17.09it/s]
Collecting activations:  82%|████████▏ | 818/1000 [00:46<00:10, 16.96it/s]
Collecting activations:  82%|████████▏ | 820/1000 [00:46<00:10, 16.64it/s]
Collecting activations:  82%|████████▏ | 823/1000 [00:46<00:10, 16.95it/s]
Collecting activations:  83%|████████▎ | 827/1000 [00:46<00:08, 19.30it/s]
Collecting activations:  83%|████████▎ | 829/1000 [00:46<00:09, 18.00it/s]
Collecting activations:  83%|████████▎ | 831/1000 [00:46<00:10, 16.17it/s]
Collecting activations:  83%|████████▎ | 834/1000 [00:47<00:09, 17.23it/s]
Collecting activations:  84%|████████▎ | 836/1000 [00:47<00:09, 17.65it/s]
Collecting activations:  84%|████████▍ | 838/1000 [00:47<00:09, 17.32it/s]
Collecting activations:  84%|████████▍ | 841/1000 [00:47<00:07, 20.26it/s]
Collecting activations:  84%|████████▍ | 844/1000 [00:47<00:08, 18.11it/s]
Collecting activations:  85%|████████▍ | 846/1000 [00:47<00:08, 18.02it/s]
Collecting activations:  85%|████████▍ | 849/1000 [00:47<00:07, 20.07it/s]
Collecting activations:  85%|████████▌ | 852/1000 [00:48<00:08, 17.22it/s]
Collecting activations:  86%|████████▌ | 855/1000 [00:48<00:08, 18.06it/s]
Collecting activations:  86%|████████▌ | 857/1000 [00:48<00:08, 17.04it/s]
Collecting activations:  86%|████████▌ | 859/1000 [00:48<00:08, 16.06it/s]
Collecting activations:  86%|████████▌ | 861/1000 [00:48<00:09, 14.04it/s]
Collecting activations:  86%|████████▋ | 863/1000 [00:48<00:10, 13.32it/s]
Collecting activations:  86%|████████▋ | 865/1000 [00:49<00:10, 13.28it/s]
Collecting activations:  87%|████████▋ | 867/1000 [00:49<00:10, 13.02it/s]
Collecting activations:  87%|████████▋ | 869/1000 [00:49<00:09, 13.37it/s]
Collecting activations:  87%|████████▋ | 871/1000 [00:49<00:09, 14.00it/s]
Collecting activations:  87%|████████▋ | 873/1000 [00:49<00:09, 13.29it/s]
Collecting activations:  88%|████████▊ | 876/1000 [00:49<00:08, 14.34it/s]
Collecting activations:  88%|████████▊ | 878/1000 [00:49<00:08, 14.11it/s]
Collecting activations:  88%|████████▊ | 880/1000 [00:50<00:07, 15.09it/s]
Collecting activations:  88%|████████▊ | 882/1000 [00:50<00:07, 14.98it/s]
Collecting activations:  88%|████████▊ | 884/1000 [00:50<00:07, 15.01it/s]
Collecting activations:  89%|████████▊ | 886/1000 [00:50<00:08, 13.62it/s]
Collecting activations:  89%|████████▉ | 888/1000 [00:50<00:07, 14.87it/s]
Collecting activations:  89%|████████▉ | 891/1000 [00:50<00:06, 17.25it/s]
Collecting activations:  89%|████████▉ | 893/1000 [00:50<00:06, 17.69it/s]
Collecting activations:  90%|████████▉ | 895/1000 [00:50<00:05, 17.86it/s]
Collecting activations:  90%|████████▉ | 897/1000 [00:51<00:06, 16.87it/s]
Collecting activations:  90%|████████▉ | 899/1000 [00:51<00:06, 15.15it/s]
Collecting activations:  90%|█████████ | 901/1000 [00:51<00:06, 15.26it/s]
Collecting activations:  90%|█████████ | 904/1000 [00:51<00:05, 16.10it/s]
Collecting activations:  91%|█████████ | 906/1000 [00:51<00:05, 15.91it/s]
Collecting activations:  91%|█████████ | 908/1000 [00:51<00:05, 15.84it/s]
Collecting activations:  91%|█████████ | 910/1000 [00:51<00:06, 15.00it/s]
Collecting activations:  91%|█████████▏| 913/1000 [00:52<00:05, 16.58it/s]
Collecting activations:  92%|█████████▏| 915/1000 [00:52<00:04, 17.19it/s]
Collecting activations:  92%|█████████▏| 917/1000 [00:52<00:05, 16.29it/s]
Collecting activations:  92%|█████████▏| 919/1000 [00:52<00:05, 15.39it/s]
Collecting activations:  92%|█████████▏| 921/1000 [00:52<00:04, 15.94it/s]
Collecting activations:  92%|█████████▏| 923/1000 [00:52<00:05, 14.62it/s]
Collecting activations:  92%|█████████▎| 925/1000 [00:52<00:05, 14.90it/s]
Collecting activations:  93%|█████████▎| 927/1000 [00:53<00:04, 15.83it/s]
Collecting activations:  93%|█████████▎| 929/1000 [00:53<00:04, 15.03it/s]
Collecting activations:  93%|█████████▎| 932/1000 [00:53<00:04, 16.26it/s]
Collecting activations:  93%|█████████▎| 934/1000 [00:53<00:04, 16.37it/s]
Collecting activations:  94%|█████████▎| 937/1000 [00:53<00:03, 16.84it/s]
Collecting activations:  94%|█████████▍| 939/1000 [00:53<00:03, 15.98it/s]
Collecting activations:  94%|█████████▍| 942/1000 [00:53<00:03, 18.03it/s]
Collecting activations:  94%|█████████▍| 944/1000 [00:54<00:03, 17.51it/s]
Collecting activations:  95%|█████████▍| 946/1000 [00:54<00:03, 17.22it/s]
Collecting activations:  95%|█████████▍| 948/1000 [00:54<00:02, 17.42it/s]
Collecting activations:  95%|█████████▌| 951/1000 [00:54<00:02, 18.18it/s]
Collecting activations:  95%|█████████▌| 953/1000 [00:54<00:02, 17.04it/s]
Collecting activations:  96%|█████████▌| 955/1000 [00:54<00:02, 15.32it/s]
Collecting activations:  96%|█████████▌| 958/1000 [00:54<00:02, 17.48it/s]
Collecting activations:  96%|█████████▌| 961/1000 [00:55<00:02, 18.48it/s]
Collecting activations:  96%|█████████▋| 963/1000 [00:55<00:02, 17.93it/s]
Collecting activations:  96%|█████████▋| 965/1000 [00:55<00:02, 17.20it/s]
Collecting activations:  97%|█████████▋| 967/1000 [00:55<00:01, 17.11it/s]
Collecting activations:  97%|█████████▋| 969/1000 [00:55<00:01, 15.79it/s]
Collecting activations:  97%|█████████▋| 971/1000 [00:55<00:02, 14.15it/s]
Collecting activations:  97%|█████████▋| 974/1000 [00:55<00:01, 14.89it/s]
Collecting activations:  98%|█████████▊| 976/1000 [00:56<00:01, 14.54it/s]
Collecting activations:  98%|█████████▊| 978/1000 [00:56<00:01, 15.44it/s]
Collecting activations:  98%|█████████▊| 980/1000 [00:56<00:01, 15.48it/s]
Collecting activations:  98%|█████████▊| 982/1000 [00:56<00:01, 16.51it/s]
Collecting activations:  98%|█████████▊| 984/1000 [00:56<00:00, 16.73it/s]
Collecting activations:  99%|█████████▊| 987/1000 [00:56<00:00, 16.83it/s]
Collecting activations:  99%|█████████▉| 990/1000 [00:56<00:00, 18.94it/s]
Collecting activations:  99%|█████████▉| 992/1000 [00:56<00:00, 17.36it/s]
Collecting activations:  99%|█████████▉| 994/1000 [00:57<00:00, 15.24it/s]
Collecting activations: 100%|█████████▉| 996/1000 [00:57<00:00, 15.76it/s]
Collecting activations: 100%|█████████▉| 999/1000 [00:57<00:00, 17.05it/s]
Collecting activations: 100%|██████████| 1000/1000 [00:57<00:00, 17.42it/s]

Device: cuda
GPU: NVIDIA RTX PRO 6000 Blackwell Server Edition
Loading GPT-2 Small...
Loaded pretrained model gpt2 into HookedTransformer
Model loaded. Layers: 12
Loading SAE: gpt2-small-res-jb, layer 8...
SAE loaded. d_sae: 24576, d_in: 768
Building ground truth (letter-specific features)...
  Collecting letter-specific activations...
Detected 26 letter-specific features
Ground truth absorption pairs: 0

Feature sharing map:

Loading OpenWebText samples...
Loaded 1000 texts

Running UAD...
  Collecting feature activations...
  Analyzing 500 features
  Computing co-occurrence matrix...
  Running hierarchical clustering...
  Raw candidate pairs: 4000
  Filtering dead features...
  After dead feature filtering: 4000

Evaluating...

Results saved to exp/results/pilots/p2_uad_reproduce_results.json

============================================================
UAD REPRODUCIBILITY RESULTS (v2)
============================================================
Ground truth absorption pairs: 0
UAD detected pairs: 4000
Precision: 0.000
Recall:    0.000
F1:        0.000
Random baseline F1: 0.000 (+/- 0.000)
Dead features: 0/500 (0.0%)
Runtime: 165.6s
============================================================

Pass criteria: F1 >= 0.5 (0.000), Recall >= 0.8 (0.000)
RESULT: FAIL

