============================================================
Training resnet20 on cifar10
WD method: half_lambda, base WD: 5e-05
Epochs: 200, LR: 0.001, Batch: 128
Seed: 42, Device: cuda:1
Output: /home/ccwang/sibyl-research-system/workspaces/dynamic-wd/current/exp/results/full/rho_sweep/cifar10/rho_low/half_lambda/seed_42
============================================================
  E  0/200: loss=1.4424 tr_acc=46.72% te_acc=54.73% wn=33.85 CSI=0.0000 AIS=0.4334 BEM=-0.5000
  E 10/200: loss=0.4612 tr_acc=83.98% te_acc=82.72% wn=45.97 CSI=0.1047 AIS=0.3824 BEM=-0.5000
  E 20/200: loss=0.3285 tr_acc=88.53% te_acc=84.12% wn=55.82 CSI=0.0434 AIS=0.4091 BEM=-0.5000
  E 30/200: loss=0.2582 tr_acc=90.92% te_acc=86.60% wn=64.19 CSI=0.0498 AIS=0.3715 BEM=-0.5000
  E 40/200: loss=0.2048 tr_acc=92.77% te_acc=86.27% wn=71.22 CSI=0.0557 AIS=0.3307 BEM=-0.5000
  E 50/200: loss=0.1673 tr_acc=93.93% te_acc=87.34% wn=77.11 CSI=0.0532 AIS=0.3488 BEM=-0.5000
  E 60/200: loss=0.1351 tr_acc=95.10% te_acc=87.59% wn=81.90 CSI=0.0527 AIS=0.3782 BEM=-0.5000
  E 70/200: loss=0.1120 tr_acc=96.01% te_acc=88.53% wn=85.83 CSI=0.0536 AIS=0.3190 BEM=-0.5000
  E 80/200: loss=0.0888 tr_acc=96.73% te_acc=88.45% wn=88.93 CSI=0.0588 AIS=0.4085 BEM=-0.5000
  E 90/200: loss=0.0725 tr_acc=97.34% te_acc=88.32% wn=91.34 CSI=0.0792 AIS=0.2829 BEM=-0.5000
  E100/200: loss=0.0590 tr_acc=97.89% te_acc=88.52% wn=93.18 CSI=0.0860 AIS=0.3536 BEM=-0.5000
  E110/200: loss=0.0484 tr_acc=98.33% te_acc=89.06% wn=94.50 CSI=0.1079 AIS=0.3191 BEM=-0.5000
  E120/200: loss=0.0378 tr_acc=98.62% te_acc=89.39% wn=95.42 CSI=0.1086 AIS=0.4110 BEM=-0.5000
  E130/200: loss=0.0305 tr_acc=98.90% te_acc=89.28% wn=96.04 CSI=0.1288 AIS=0.3488 BEM=-0.5000
  E140/200: loss=0.0244 tr_acc=99.17% te_acc=89.57% wn=96.43 CSI=0.1494 AIS=0.3651 BEM=-0.5000
  E150/200: loss=0.0182 tr_acc=99.39% te_acc=89.57% wn=96.66 CSI=0.1798 AIS=0.4271 BEM=-0.5000
  E160/200: loss=0.0147 tr_acc=99.55% te_acc=89.80% wn=96.78 CSI=0.1999 AIS=0.3040 BEM=-0.5000
  E170/200: loss=0.0139 tr_acc=99.57% te_acc=89.97% wn=96.85 CSI=0.2217 AIS=0.2400 BEM=-0.5000
  E180/200: loss=0.0098 tr_acc=99.73% te_acc=90.03% wn=96.87 CSI=0.2924 AIS=0.3440 BEM=-0.5000
  E190/200: loss=0.0106 tr_acc=99.69% te_acc=89.86% wn=96.88 CSI=0.4643 AIS=0.3578 BEM=-0.5000
  E199/200: loss=0.0093 tr_acc=99.74% te_acc=89.91% wn=96.88 CSI=0.7929 AIS=0.3000 BEM=-0.5000

Done! Best: 90.05%, Time: 808.5s
