[full_ablation_igsd] Starting at 2026-04-14T03:54:46.463684 on cuda:0
[full_ablation_igsd] Loading LLaDA-8B-Instruct...
Loading checkpoint shards:   0%|          | 0/6 [00:00<?, ?it/s]Loading checkpoint shards:  17%|█▋        | 1/6 [00:00<00:00,  7.80it/s]Loading checkpoint shards:  33%|███▎      | 2/6 [00:00<00:00,  8.37it/s]Loading checkpoint shards:  50%|█████     | 3/6 [00:00<00:00,  8.69it/s]Loading checkpoint shards:  67%|██████▋   | 4/6 [00:00<00:00,  9.14it/s]Loading checkpoint shards: 100%|██████████| 6/6 [00:00<00:00,  9.69it/s]Loading checkpoint shards: 100%|██████████| 6/6 [00:00<00:00,  9.26it/s]
[full_ablation_igsd] Model loaded. VRAM: 15288 MB
  seed=42: 200 GSM8K, 164 HE
  seed=123: 200 GSM8K, 164 HE

[full_ablation_igsd] IGSD-full (tau=0.9, T=16) | seed=42

[ablation] Config: IGSD-full (tau=0.9, T=16) (tau=0.9, T_draft=16)
  gsm8k [50/200] acc=0.480
  gsm8k [100/200] acc=0.460
  gsm8k [150/200] acc=0.460
  gsm8k [200/200] acc=0.440
  GSM8K: acc=0.440, tps=114.6, speedup=3.694x, ret=0.618
  HumanEval: pass@1=0.000, tps=138.2, speedup=1.410x

[full_ablation_igsd] IGSD-full (tau=0.9, T=16) | seed=123

[ablation] Config: IGSD-full (tau=0.9, T=16) (tau=0.9, T_draft=16)
  gsm8k [50/200] acc=0.500
  gsm8k [100/200] acc=0.490
  gsm8k [150/200] acc=0.527
  gsm8k [200/200] acc=0.490
  GSM8K: acc=0.490, tps=114.5, speedup=3.691x, ret=0.688
  HumanEval: pass@1=0.000, tps=138.1, speedup=1.409x

[full_ablation_igsd] IGSD-no-partition (tau=0.0) | seed=42

[ablation] Config: IGSD-no-partition (tau=0.0) (tau=0.0, T_draft=16)
  gsm8k [50/200] acc=0.440
  gsm8k [100/200] acc=0.390
  gsm8k [150/200] acc=0.413
  gsm8k [200/200] acc=0.395
  GSM8K: acc=0.395, tps=218.8, speedup=7.056x, ret=0.555
  HumanEval: pass@1=0.000, tps=365.4, speedup=3.728x

[full_ablation_igsd] IGSD-no-partition (tau=0.0) | seed=123

[ablation] Config: IGSD-no-partition (tau=0.0) (tau=0.0, T_draft=16)
  gsm8k [50/200] acc=0.480
  gsm8k [100/200] acc=0.460
  gsm8k [150/200] acc=0.487
  gsm8k [200/200] acc=0.445
  GSM8K: acc=0.445, tps=219.0, speedup=7.063x, ret=0.625
  HumanEval: pass@1=0.000, tps=365.3, speedup=3.728x

[full_ablation_igsd] IGSD-T4 (tau=0.9, T=4) | seed=42

[ablation] Config: IGSD-T4 (tau=0.9, T=4) (tau=0.9, T_draft=4)
  gsm8k [50/200] acc=0.260
  gsm8k [100/200] acc=0.250
  gsm8k [150/200] acc=0.273
  gsm8k [200/200] acc=0.250
  GSM8K: acc=0.250, tps=74.7, speedup=2.410x, ret=0.351
  HumanEval: pass@1=0.000, tps=106.5, speedup=1.087x

[full_ablation_igsd] IGSD-T4 (tau=0.9, T=4) | seed=123

[ablation] Config: IGSD-T4 (tau=0.9, T=4) (tau=0.9, T_draft=4)
  gsm8k [50/200] acc=0.240
  gsm8k [100/200] acc=0.270
  gsm8k [150/200] acc=0.287
  gsm8k [200/200] acc=0.290
  GSM8K: acc=0.290, tps=82.7, speedup=2.666x, ret=0.407
  HumanEval: pass@1=0.000, tps=106.5, speedup=1.087x

[full_ablation_igsd] IGSD-T8 (tau=0.9, T=8) | seed=42

[ablation] Config: IGSD-T8 (tau=0.9, T=8) (tau=0.9, T_draft=8)
  gsm8k [50/200] acc=0.380
  gsm8k [100/200] acc=0.330
  gsm8k [150/200] acc=0.333
  gsm8k [200/200] acc=0.320
  GSM8K: acc=0.320, tps=93.6, speedup=3.017x, ret=0.449
  HumanEval: pass@1=0.000, tps=127.1, speedup=1.297x

[full_ablation_igsd] IGSD-T8 (tau=0.9, T=8) | seed=123

[ablation] Config: IGSD-T8 (tau=0.9, T=8) (tau=0.9, T_draft=8)
  gsm8k [50/200] acc=0.420
  gsm8k [100/200] acc=0.370
  gsm8k [150/200] acc=0.393
  gsm8k [200/200] acc=0.400
  GSM8K: acc=0.400, tps=100.6, speedup=3.244x, ret=0.562
  HumanEval: pass@1=0.000, tps=127.0, speedup=1.296x

[full_ablation_igsd] IGSD-T32 (tau=0.9, T=32) | seed=42

[ablation] Config: IGSD-T32 (tau=0.9, T=32) (tau=0.9, T_draft=32)
  gsm8k [50/200] acc=0.440
  gsm8k [100/200] acc=0.460
  gsm8k [150/200] acc=0.487
  gsm8k [200/200] acc=0.495
  GSM8K: acc=0.495, tps=87.0, speedup=2.804x, ret=0.695
  HumanEval: pass@1=0.000, tps=114.4, speedup=1.167x

[full_ablation_igsd] IGSD-T32 (tau=0.9, T=32) | seed=123

[ablation] Config: IGSD-T32 (tau=0.9, T=32) (tau=0.9, T_draft=32)
  gsm8k [50/200] acc=0.540
  gsm8k [100/200] acc=0.530
  gsm8k [150/200] acc=0.580
  gsm8k [200/200] acc=0.555
  GSM8K: acc=0.555, tps=89.0, speedup=2.871x, ret=0.779
  HumanEval: pass@1=0.000, tps=114.4, speedup=1.168x

[full_ablation_igsd] === ABLATION SUMMARY ===
Config                               Speedup  AccRet    QAS     ΔQAS   ΔQAS%
  IGSD-full (tau=0.9, T=16)            2.664x   0.359  0.956   +0.000    +0.0%
  IGSD-no-partition (tau=0.0)          5.558x   0.324  1.801   +0.845   +88.5%
  IGSD-T4 (tau=0.9, T=4)               1.884x   0.208  0.394   -0.562   -58.8%
  IGSD-T8 (tau=0.9, T=8)               2.304x   0.278  0.642   -0.314   -32.8%
  IGSD-T32 (tau=0.9, T=32)             2.085x   0.405  0.845   -0.111   -11.6%
[full_ablation_igsd] Results → /home/qhxie/AutoResearch-SibylSystem/workspaces/dlm-acceleration/current/exp/results/ablation_igsd/igsd_ablation.json
[full_ablation_igsd] Done.
