[16:13:16] ============================================================
[16:13:16] ABLATION: L1 Sparsity Sweep
[16:13:16] ============================================================
[16:13:16] Device: cuda:0
[16:13:16] GPU: NVIDIA RTX PRO 6000 Blackwell Server Edition
[16:13:16] Training tokens: 500,000 per SAE, Epochs: 2
[16:13:16] L1 sweep: [1e-05, 5e-05, 0.0001, 0.0005, 0.001]
[16:13:18] Loading GPT-2 Small...
`torch_dtype` is deprecated! Use `dtype` instead!
Loaded pretrained model gpt2-small into HookedTransformer
[16:13:21] Loaded. d_model=768, n_layers=12
[16:13:21] Collecting text examples...
[16:13:21]   Collecting 200 text examples...
    50/200...
    100/200...
    150/200...
[16:13:25]   Collected 200 examples in 4.1s
[16:13:25] Got 200 text examples
[16:13:25] 
========================================
[16:13:25] Training SAE with L1=1e-05
[16:13:25] ========================================
[16:13:25]   Training SAE with L1=1e-05...
[16:13:25]   Collecting activation sample...
[16:13:25]   Training: 122 steps, 2 epochs, batch_size=64x128
[16:13:26]   Epoch 1/2 done in 0.4s: loss=1844.1627, mse=1844.1627, l1=1.831463
[16:13:26]   Epoch 2/2 done in 0.3s: loss=1724.6384, mse=1724.6384, l1=1.832693
[16:13:26]   Evaluating SAE...
[16:13:28]   Results: L0=12324.2, MSE=1388.1749, Absorption=0.6861, UAS=5.1508
[16:13:29] 
========================================
[16:13:29] Training SAE with L1=5e-05
[16:13:29] ========================================
[16:13:29]   Training SAE with L1=5e-05...
[16:13:29]   Collecting activation sample...
[16:13:29]   Training: 122 steps, 2 epochs, batch_size=64x128
[16:13:30]   Epoch 1/2 done in 0.3s: loss=1782.5793, mse=1782.5792, l1=1.819180
[16:13:30]   Epoch 2/2 done in 0.3s: loss=1666.5082, mse=1666.5081, l1=1.820190
[16:13:30]   Evaluating SAE...
[16:13:32]   Results: L0=12314.3, MSE=1339.9592, Absorption=0.6919, UAS=5.2682
[16:13:32] 
========================================
[16:13:32] Training SAE with L1=1e-04
[16:13:32] ========================================
[16:13:32]   Training SAE with L1=1e-04...
[16:13:32]   Collecting activation sample...
[16:13:33]   Training: 122 steps, 2 epochs, batch_size=64x128
[16:13:33]   Epoch 1/2 done in 0.3s: loss=2036.8992, mse=2036.8990, l1=1.822239
[16:13:34]   Epoch 2/2 done in 0.3s: loss=1910.8234, mse=1910.8232, l1=1.823579
[16:13:34]   Evaluating SAE...
[16:13:36]   Results: L0=12299.1, MSE=1552.7587, Absorption=0.6898, UAS=5.2195
[16:13:36] 
========================================
[16:13:36] Training SAE with L1=5e-04
[16:13:36] ========================================
[16:13:36]   Training SAE with L1=5e-04...
[16:13:36]   Collecting activation sample...
[16:13:37]   Training: 122 steps, 2 epochs, batch_size=64x128
[16:13:37]   Epoch 1/2 done in 0.3s: loss=1881.2816, mse=1881.2808, l1=1.821011
[16:13:37]   Epoch 2/2 done in 0.3s: loss=1762.5419, mse=1762.5411, l1=1.822250
[16:13:37]   Evaluating SAE...
[16:13:39]   Results: L0=12239.8, MSE=1427.9277, Absorption=0.6899, UAS=5.3010
[16:13:40] 
========================================
[16:13:40] Training SAE with L1=1e-03
[16:13:40] ========================================
[16:13:40]   Training SAE with L1=1e-03...
[16:13:40]   Collecting activation sample...
[16:13:40]   Training: 122 steps, 2 epochs, batch_size=64x128
[16:13:40]   Epoch 1/2 done in 0.3s: loss=1931.1356, mse=1931.1338, l1=1.800942
[16:13:41]   Epoch 2/2 done in 0.3s: loss=1808.9112, mse=1808.9094, l1=1.801983
[16:13:41]   Evaluating SAE...
[16:13:43]   Results: L0=12238.8, MSE=1463.7330, Absorption=0.6887, UAS=5.1988
[16:13:43] 
============================================================
[16:13:43] PARETO ANALYSIS
[16:13:43] ============================================================
[16:13:43]   L1=1e-05: abs=0.6861, MSE=1388.1749, L0=0.501474, dead=0.0000 [Pareto]
[16:13:43]   L1=5e-05: abs=0.6919, MSE=1339.9592, L0=0.501071, dead=0.0000 [Pareto]
[16:13:43]   L1=1e-04: abs=0.6898, MSE=1552.7587, L0=0.500451, dead=0.0000 [Dominated]
[16:13:43]   L1=5e-04: abs=0.6899, MSE=1427.9277, L0=0.498039, dead=0.0000 [Dominated]
[16:13:43]   L1=1e-03: abs=0.6887, MSE=1463.7330, L0=0.497998, dead=0.0000 [Dominated]
[16:13:43] 
Best reconstruction (Pareto): L1=5e-05, MSE=1339.9592
[16:13:43] Sparsest (Pareto): L1=5e-05, L0=0.501071
[16:13:43] Results: /home/qhxie/AutoResearch-SibylSystem/workspaces/sae-absorption-minimax/current/exp/results/full/ablation_l1_sparsity.json
[16:13:43] Summary: /home/qhxie/AutoResearch-SibylSystem/workspaces/sae-absorption-minimax/current/exp/results/full/ablation_l1_sparsity_summary.md
[16:13:43] DONE!
