[2026-04-26T14:16:31.955933] Starting full_h5: downstream task analysis
  Device: cuda
  Features per model: 100
  Samples per class per task: 500

============================================================
PART 1: GPT-2 Small Layer 8
============================================================
Loading GPT-2 Small...
`torch_dtype` is deprecated! Use `dtype` instead!
Loaded pretrained model gpt2-small into HookedTransformer
Moving model to device:  cuda
Loading SAE for GPT-2 L8...
  SAE d_sae=24576, n_features=24576
Collecting activations (20 batches x 64 samples)...
  Batch 5/20
  Batch 10/20
  Batch 15/20
  Batch 20/20
  Collected 2560 tokens of activations
  Top 300 features selected
  Computing neg_cos_sim_var absorption proxy...
    Feature 0/300
    Feature 50/300
    Feature 100/300
    Feature 150/300
    Feature 200/300
    Feature 250/300
  Absorption proxy computed.
  GPT-2 bins: low=100, mid=100, high=100

=== Evaluating GPT-2 Small L8 features ===
  Features: 300 total
  Task 1 (gender): 369 samples
  Task 2 (sentiment): 1000 samples
  Task 3 (causal): 1000 samples
  Evaluating on Task 1 (gender)...
  Evaluating on Task 2 (sentiment)...
  Evaluating on Task 3 (causal)...

============================================================
PART 2: GPT-2 Small Layer 6
============================================================
Loading GPT-2 Small Layer 6...
Loaded pretrained model gpt2-small into HookedTransformer
Moving model to device:  cuda
Loading SAE for GPT-2 L6...
  SAE d_sae=24576, n_features=24576
Collecting activations (20 batches x 64 samples)...
  Batch 5/20
  Batch 10/20
  Batch 15/20
  Batch 20/20
  Collected 2560 tokens of activations
  Top 300 features selected
  Computing neg_cos_sim_var absorption proxy...
    Feature 0/300
    Feature 50/300
    Feature 100/300
    Feature 150/300
    Feature 200/300
    Feature 250/300
  Absorption proxy computed.
  GPT-2 L6 bins: low=100, mid=100, high=100

=== Evaluating GPT-2 Small L6 features ===
  Features: 300 total
  Task 1 (gender): 369 samples
  Task 2 (sentiment): 1000 samples
  Task 3 (causal): 1000 samples
  Evaluating on Task 1 (gender)...
  Evaluating on Task 2 (sentiment)...
  Evaluating on Task 3 (causal)...

============================================================
Aggregating results...
============================================================

--- GPT-2 L8 Results ---
  gender: delta=0.004
  sentiment: delta=0.005
  causal: delta=0.008

--- GPT-2 L6 Results ---
  gender: delta=0.003
  sentiment: delta=0.002
  causal: delta=0.018
  gpt2_l8 gender: low=0.496, mid=0.501, high=0.500, delta=0.004
  gpt2_l8 sentiment: low=0.505, mid=0.499, high=0.500, delta=0.005
  gpt2_l8 causal: low=0.481, mid=0.498, high=0.489, delta=0.008
  gpt2_l6 gender: low=0.497, mid=0.501, high=0.500, delta=0.003
  gpt2_l6 sentiment: low=0.500, mid=0.501, high=0.502, delta=0.002
  gpt2_l6 causal: low=0.472, mid=0.501, high=0.491, delta=0.018

Results saved to /home/qhxie/AutoResearch-SibylSystem/workspaces/sae-absorption-minimax/current/exp/results/full/full_h5_downstream_tasks.json

[2026-04-26T14:17:17.035999] full_h5 complete!
  H5 confirmed: False
