
PID: 1375497

============================================================
FULL H2: SAE Mitigation Benchmark
============================================================
Timestamp: 2026-04-26T07:19:45.977003
Device: cuda, GPU: 3
Model: gpt2-small, Layer: 8
SAE Release: gpt2-small-res-jb
Training tokens: 300,000, Eval tokens: 50,000
Loading gpt2-small...
`torch_dtype` is deprecated! Use `dtype` instead!
Loaded pretrained model gpt2-small into HookedTransformer
  d_model=768, n_layers=12
Loading pre-trained vanilla SAE from gpt2-small-res-jb...
/home/qhxie/miniforge3/envs/sibyl_sae-absorption/lib/python3.11/site-packages/sae_lens/saes/sae.py:251: UserWarning: 
This SAE has non-empty model_from_pretrained_kwargs. 
For optimal performance, load the model like so:
model = HookedSAETransformer.from_pretrained_no_processing(..., **cfg.model_from_pretrained_kwargs)
  warnings.warn(
  Vanilla SAE: d_sae=24576, architecture=standard

  Evaluating Vanilla (pre-trained)...
