============================================================
Training resnet20 on cifar10 [SGD]
WD method: no_wd, base WD: 0.005
Epochs: 200, LR: 0.01, Batch: 128
Seed: 123, Device: cuda:4
Output: /home/ccwang/sibyl-research-system/workspaces/dynamic-wd/current/exp/results/full/matched_rho_sgd/cifar10/resnet20/no_wd/seed_123
============================================================
  E  0/200: loss=1.5448 tr_acc=42.87% te_acc=55.24% wn=32.84 CSI=0.0000 AIS=0.3802 BEM=1.0000
  E 10/200: loss=0.4727 tr_acc=83.60% te_acc=78.86% wn=36.29 CSI=0.1558 AIS=0.3301 BEM=1.0000
  E 20/200: loss=0.3363 tr_acc=88.18% te_acc=84.01% wn=38.82 CSI=0.0493 AIS=0.4224 BEM=1.0000
  E 30/200: loss=0.2633 tr_acc=90.71% te_acc=85.80% wn=41.00 CSI=0.0405 AIS=0.4207 BEM=1.0000
  E 40/200: loss=0.2127 tr_acc=92.42% te_acc=87.55% wn=42.89 CSI=0.0449 AIS=0.3411 BEM=1.0000
  E 50/200: loss=0.1719 tr_acc=93.93% te_acc=87.27% wn=44.52 CSI=0.0486 AIS=0.3694 BEM=1.0000
  E 60/200: loss=0.1455 tr_acc=94.73% te_acc=87.70% wn=45.91 CSI=0.0487 AIS=0.3635 BEM=1.0000
  E 70/200: loss=0.1126 tr_acc=95.87% te_acc=87.78% wn=47.07 CSI=0.0554 AIS=0.4318 BEM=1.0000
  E 80/200: loss=0.0993 tr_acc=96.49% te_acc=88.45% wn=48.00 CSI=0.0611 AIS=0.3870 BEM=1.0000
  E 90/200: loss=0.0800 tr_acc=97.16% te_acc=88.45% wn=48.72 CSI=0.0815 AIS=0.3569 BEM=1.0000
  E100/200: loss=0.0620 tr_acc=97.76% te_acc=88.23% wn=49.27 CSI=0.0875 AIS=0.4062 BEM=1.0000
  E110/200: loss=0.0507 tr_acc=98.20% te_acc=88.68% wn=49.66 CSI=0.1069 AIS=0.3432 BEM=1.0000
  E120/200: loss=0.0413 tr_acc=98.59% te_acc=88.79% wn=49.92 CSI=0.1151 AIS=0.3312 BEM=1.0000
  E130/200: loss=0.0302 tr_acc=99.01% te_acc=89.25% wn=50.09 CSI=0.1337 AIS=0.4254 BEM=1.0000
  E140/200: loss=0.0266 tr_acc=99.14% te_acc=89.50% wn=50.20 CSI=0.1392 AIS=0.3585 BEM=1.0000
  E150/200: loss=0.0211 tr_acc=99.35% te_acc=89.37% wn=50.26 CSI=0.1481 AIS=0.3301 BEM=1.0000
  E160/200: loss=0.0191 tr_acc=99.47% te_acc=89.47% wn=50.30 CSI=0.1764 AIS=0.4296 BEM=1.0000
  E170/200: loss=0.0164 tr_acc=99.53% te_acc=89.63% wn=50.32 CSI=0.1924 AIS=0.3924 BEM=1.0000
  E180/200: loss=0.0160 tr_acc=99.51% te_acc=89.60% wn=50.33 CSI=0.2562 AIS=0.3600 BEM=1.0000
  E190/200: loss=0.0152 tr_acc=99.60% te_acc=89.61% wn=50.33 CSI=0.3839 AIS=0.4223 BEM=1.0000
  E199/200: loss=0.0159 tr_acc=99.55% te_acc=89.57% wn=50.33 CSI=0.9167 AIS=0.3600 BEM=1.0000

Done! Best: 89.77%, Time: 4189.5s
