This is pdfTeX, Version 3.141592653-2.6-1.40.25 (TeX Live 2023/Debian) (preloaded format=pdflatex 2026.3.16)  19 MAR 2026 00:59
entering extended mode
 restricted \write18 enabled.
 %&-line parsing enabled.
**main.tex
(./main.tex
LaTeX2e <2023-11-01> patch level 1
L3 programming layer <2024-01-22>
(/usr/share/texlive/texmf-dist/tex/latex/base/article.cls
Document Class: article 2023/05/17 v1.4n Standard LaTeX document class
(/usr/share/texlive/texmf-dist/tex/latex/base/size10.clo
File: size10.clo 2023/05/17 v1.4n Standard LaTeX file (size option)
)
\c@part=\count187
\c@section=\count188
\c@subsection=\count189
\c@subsubsection=\count190
\c@paragraph=\count191
\c@subparagraph=\count192
\c@figure=\count193
\c@table=\count194
\abovecaptionskip=\skip48
\belowcaptionskip=\skip49
\bibindent=\dimen140
)
(/usr/share/texlive/texmf-dist/tex/latex/amsmath/amsmath.sty
Package: amsmath 2023/05/13 v2.17o AMS math features
\@mathmargin=\skip50

For additional information on amsmath, use the `?' option.
(/usr/share/texlive/texmf-dist/tex/latex/amsmath/amstext.sty
Package: amstext 2021/08/26 v2.01 AMS text

(/usr/share/texlive/texmf-dist/tex/latex/amsmath/amsgen.sty
File: amsgen.sty 1999/11/30 v2.0 generic functions
\@emptytoks=\toks17
\ex@=\dimen141
))
(/usr/share/texlive/texmf-dist/tex/latex/amsmath/amsbsy.sty
Package: amsbsy 1999/11/29 v1.2d Bold Symbols
\pmbraise@=\dimen142
)
(/usr/share/texlive/texmf-dist/tex/latex/amsmath/amsopn.sty
Package: amsopn 2022/04/08 v2.04 operator names
)
\inf@bad=\count195
LaTeX Info: Redefining \frac on input line 234.
\uproot@=\count196
\leftroot@=\count197
LaTeX Info: Redefining \overline on input line 399.
LaTeX Info: Redefining \colon on input line 410.
\classnum@=\count198
\DOTSCASE@=\count199
LaTeX Info: Redefining \ldots on input line 496.
LaTeX Info: Redefining \dots on input line 499.
LaTeX Info: Redefining \cdots on input line 620.
\Mathstrutbox@=\box51
\strutbox@=\box52
LaTeX Info: Redefining \big on input line 722.
LaTeX Info: Redefining \Big on input line 723.
LaTeX Info: Redefining \bigg on input line 724.
LaTeX Info: Redefining \Bigg on input line 725.
\big@size=\dimen143
LaTeX Font Info:    Redeclaring font encoding OML on input line 743.
LaTeX Font Info:    Redeclaring font encoding OMS on input line 744.
\macc@depth=\count266
LaTeX Info: Redefining \bmod on input line 905.
LaTeX Info: Redefining \pmod on input line 910.
LaTeX Info: Redefining \smash on input line 940.
LaTeX Info: Redefining \relbar on input line 970.
LaTeX Info: Redefining \Relbar on input line 971.
\c@MaxMatrixCols=\count267
\dotsspace@=\muskip16
\c@parentequation=\count268
\dspbrk@lvl=\count269
\tag@help=\toks18
\row@=\count270
\column@=\count271
\maxfields@=\count272
\andhelp@=\toks19
\eqnshift@=\dimen144
\alignsep@=\dimen145
\tagshift@=\dimen146
\tagwidth@=\dimen147
\totwidth@=\dimen148
\lineht@=\dimen149
\@envbody=\toks20
\multlinegap=\skip51
\multlinetaggap=\skip52
\mathdisplay@stack=\toks21
LaTeX Info: Redefining \[ on input line 2953.
LaTeX Info: Redefining \] on input line 2954.
)
(/usr/share/texlive/texmf-dist/tex/latex/amsfonts/amssymb.sty
Package: amssymb 2013/01/14 v3.01 AMS font symbols

(/usr/share/texlive/texmf-dist/tex/latex/amsfonts/amsfonts.sty
Package: amsfonts 2013/01/14 v3.01 Basic AMSFonts support
\symAMSa=\mathgroup4
\symAMSb=\mathgroup5
LaTeX Font Info:    Redeclaring math symbol \hbar on input line 98.
LaTeX Font Info:    Overwriting math alphabet `\mathfrak' in version `bold'
(Font)                  U/euf/m/n --> U/euf/b/n on input line 106.
))
(/usr/share/texlive/texmf-dist/tex/generic/iftex/iftex.sty
Package: iftex 2022/02/03 v1.0f TeX engine tests
)
(/usr/share/texlive/texmf-dist/tex/latex/base/fontenc.sty
Package: fontenc 2021/04/29 v2.0v Standard LaTeX package
)
(/usr/share/texlive/texmf-dist/tex/latex/base/inputenc.sty
Package: inputenc 2021/02/14 v1.3d Input encoding file
\inpenc@prehook=\toks22
\inpenc@posthook=\toks23
)
(/usr/share/texlive/texmf-dist/tex/latex/base/textcomp.sty
Package: textcomp 2020/02/02 v2.0n Standard LaTeX package
)
(/usr/share/texmf/tex/latex/lm/lmodern.sty
Package: lmodern 2015/05/01 v1.6.1 Latin Modern Fonts
LaTeX Font Info:    Overwriting symbol font `operators' in version `normal'
(Font)                  OT1/cmr/m/n --> OT1/lmr/m/n on input line 22.
LaTeX Font Info:    Overwriting symbol font `letters' in version `normal'
(Font)                  OML/cmm/m/it --> OML/lmm/m/it on input line 23.
LaTeX Font Info:    Overwriting symbol font `symbols' in version `normal'
(Font)                  OMS/cmsy/m/n --> OMS/lmsy/m/n on input line 24.
LaTeX Font Info:    Overwriting symbol font `largesymbols' in version `normal'
(Font)                  OMX/cmex/m/n --> OMX/lmex/m/n on input line 25.
LaTeX Font Info:    Overwriting symbol font `operators' in version `bold'
(Font)                  OT1/cmr/bx/n --> OT1/lmr/bx/n on input line 26.
LaTeX Font Info:    Overwriting symbol font `letters' in version `bold'
(Font)                  OML/cmm/b/it --> OML/lmm/b/it on input line 27.
LaTeX Font Info:    Overwriting symbol font `symbols' in version `bold'
(Font)                  OMS/cmsy/b/n --> OMS/lmsy/b/n on input line 28.
LaTeX Font Info:    Overwriting symbol font `largesymbols' in version `bold'
(Font)                  OMX/cmex/m/n --> OMX/lmex/m/n on input line 29.
LaTeX Font Info:    Overwriting math alphabet `\mathbf' in version `normal'
(Font)                  OT1/cmr/bx/n --> OT1/lmr/bx/n on input line 31.
LaTeX Font Info:    Overwriting math alphabet `\mathsf' in version `normal'
(Font)                  OT1/cmss/m/n --> OT1/lmss/m/n on input line 32.
LaTeX Font Info:    Overwriting math alphabet `\mathit' in version `normal'
(Font)                  OT1/cmr/m/it --> OT1/lmr/m/it on input line 33.
LaTeX Font Info:    Overwriting math alphabet `\mathtt' in version `normal'
(Font)                  OT1/cmtt/m/n --> OT1/lmtt/m/n on input line 34.
LaTeX Font Info:    Overwriting math alphabet `\mathbf' in version `bold'
(Font)                  OT1/cmr/bx/n --> OT1/lmr/bx/n on input line 35.
LaTeX Font Info:    Overwriting math alphabet `\mathsf' in version `bold'
(Font)                  OT1/cmss/bx/n --> OT1/lmss/bx/n on input line 36.
LaTeX Font Info:    Overwriting math alphabet `\mathit' in version `bold'
(Font)                  OT1/cmr/bx/it --> OT1/lmr/bx/it on input line 37.
LaTeX Font Info:    Overwriting math alphabet `\mathtt' in version `bold'
(Font)                  OT1/cmtt/m/n --> OT1/lmtt/m/n on input line 38.
)
(/usr/share/texlive/texmf-dist/tex/latex/upquote/upquote.sty
Package: upquote 2012/04/19 v1.3 upright-quote and grave-accent glyphs in verba
tim
)
(/usr/share/texlive/texmf-dist/tex/latex/microtype/microtype.sty
Package: microtype 2023/03/13 v3.1a Micro-typographical refinements (RS)

(/usr/share/texlive/texmf-dist/tex/latex/graphics/keyval.sty
Package: keyval 2022/05/29 v1.15 key=value parser (DPC)
\KV@toks@=\toks24
)
(/usr/share/texlive/texmf-dist/tex/latex/etoolbox/etoolbox.sty
Package: etoolbox 2020/10/05 v2.5k e-TeX tools for LaTeX (JAW)
\etb@tempcnta=\count273
)
\MT@toks=\toks25
\MT@tempbox=\box53
\MT@count=\count274
LaTeX Info: Redefining \noprotrusionifhmode on input line 1059.
LaTeX Info: Redefining \leftprotrusion on input line 1060.
\MT@prot@toks=\toks26
LaTeX Info: Redefining \rightprotrusion on input line 1078.
LaTeX Info: Redefining \textls on input line 1368.
\MT@outer@kern=\dimen150
LaTeX Info: Redefining \textmicrotypecontext on input line 1988.
\MT@listname@count=\count275

(/usr/share/texlive/texmf-dist/tex/latex/microtype/microtype-pdftex.def
File: microtype-pdftex.def 2023/03/13 v3.1a Definitions specific to pdftex (RS)

LaTeX Info: Redefining \lsstyle on input line 902.
LaTeX Info: Redefining \lslig on input line 902.
\MT@outer@space=\skip53
)
Package microtype Info: Loading configuration file microtype.cfg.

(/usr/share/texlive/texmf-dist/tex/latex/microtype/microtype.cfg
File: microtype.cfg 2023/03/13 v3.1a microtype main configuration file (RS)
))
(/usr/share/texlive/texmf-dist/tex/latex/parskip/parskip.sty
Package: parskip 2021-03-14 v2.0h non-zero parskip adjustments

(/usr/share/texlive/texmf-dist/tex/latex/kvoptions/kvoptions.sty
Package: kvoptions 2022-06-15 v3.15 Key value format for package options (HO)

(/usr/share/texlive/texmf-dist/tex/generic/ltxcmds/ltxcmds.sty
Package: ltxcmds 2023-12-04 v1.26 LaTeX kernel commands for general use (HO)
)
(/usr/share/texlive/texmf-dist/tex/latex/kvsetkeys/kvsetkeys.sty
Package: kvsetkeys 2022-10-05 v1.19 Key value parser (HO)
)))
(/usr/share/texlive/texmf-dist/tex/latex/xcolor/xcolor.sty
Package: xcolor 2023/11/15 v3.01 LaTeX color extensions (UK)

(/usr/share/texlive/texmf-dist/tex/latex/graphics-cfg/color.cfg
File: color.cfg 2016/01/02 v1.6 sample color configuration
)
Package xcolor Info: Driver file: pdftex.def on input line 274.

(/usr/share/texlive/texmf-dist/tex/latex/graphics-def/pdftex.def
File: pdftex.def 2022/09/22 v1.2b Graphics/color driver for pdftex
)
(/usr/share/texlive/texmf-dist/tex/latex/graphics/mathcolor.ltx)
Package xcolor Info: Model `cmy' substituted by `cmy0' on input line 1350.
Package xcolor Info: Model `hsb' substituted by `rgb' on input line 1354.
Package xcolor Info: Model `RGB' extended on input line 1366.
Package xcolor Info: Model `HTML' substituted by `rgb' on input line 1368.
Package xcolor Info: Model `Hsb' substituted by `hsb' on input line 1369.
Package xcolor Info: Model `tHsb' substituted by `hsb' on input line 1370.
Package xcolor Info: Model `HSB' substituted by `hsb' on input line 1371.
Package xcolor Info: Model `Gray' substituted by `gray' on input line 1372.
Package xcolor Info: Model `wave' substituted by `hsb' on input line 1373.
)
(/usr/share/texlive/texmf-dist/tex/latex/tools/longtable.sty
Package: longtable 2023-11-01 v4.19 Multi-page Table package (DPC)
\LTleft=\skip54
\LTright=\skip55
\LTpre=\skip56
\LTpost=\skip57
\LTchunksize=\count276
\LTcapwidth=\dimen151
\LT@head=\box54
\LT@firsthead=\box55
\LT@foot=\box56
\LT@lastfoot=\box57
\LT@gbox=\box58
\LT@cols=\count277
\LT@rows=\count278
\c@LT@tables=\count279
\c@LT@chunks=\count280
\LT@p@ftn=\toks27
)
(/usr/share/texlive/texmf-dist/tex/latex/booktabs/booktabs.sty
Package: booktabs 2020/01/12 v1.61803398 Publication quality tables
\heavyrulewidth=\dimen152
\lightrulewidth=\dimen153
\cmidrulewidth=\dimen154
\belowrulesep=\dimen155
\belowbottomsep=\dimen156
\aboverulesep=\dimen157
\abovetopsep=\dimen158
\cmidrulesep=\dimen159
\cmidrulekern=\dimen160
\defaultaddspace=\dimen161
\@cmidla=\count281
\@cmidlb=\count282
\@aboverulesep=\dimen162
\@belowrulesep=\dimen163
\@thisruleclass=\count283
\@lastruleclass=\count284
\@thisrulewidth=\dimen164
)
(/usr/share/texlive/texmf-dist/tex/latex/tools/array.sty
Package: array 2023/10/16 v2.5g Tabular extension package (FMi)
\col@sep=\dimen165
\ar@mcellbox=\box59
\extrarowheight=\dimen166
\NC@list=\toks28
\extratabsurround=\skip58
\backup@length=\skip59
\ar@cellbox=\box60
)
(/usr/share/texlive/texmf-dist/tex/latex/tools/calc.sty
Package: calc 2023/07/08 v4.3 Infix arithmetic (KKT,FJ)
\calc@Acount=\count285
\calc@Bcount=\count286
\calc@Adimen=\dimen167
\calc@Bdimen=\dimen168
\calc@Askip=\skip60
\calc@Bskip=\skip61
LaTeX Info: Redefining \setlength on input line 80.
LaTeX Info: Redefining \addtolength on input line 81.
\calc@Ccount=\count287
\calc@Cskip=\skip62
)
(/usr/share/texlive/texmf-dist/tex/latex/footnotehyper/footnotehyper.sty
Package: footnotehyper 2021/08/13 v1.1e hyperref aware footnote.sty (JFB)
\FNH@notes=\box61
\FNH@width=\dimen169
\FNH@toks=\toks29
)
(/usr/share/texlive/texmf-dist/tex/latex/graphics/graphicx.sty
Package: graphicx 2021/09/16 v1.2d Enhanced LaTeX Graphics (DPC,SPQR)

(/usr/share/texlive/texmf-dist/tex/latex/graphics/graphics.sty
Package: graphics 2022/03/10 v1.4e Standard LaTeX Graphics (DPC,SPQR)

(/usr/share/texlive/texmf-dist/tex/latex/graphics/trig.sty
Package: trig 2021/08/11 v1.11 sin cos tan (DPC)
)
(/usr/share/texlive/texmf-dist/tex/latex/graphics-cfg/graphics.cfg
File: graphics.cfg 2016/06/04 v1.11 sample graphics configuration
)
Package graphics Info: Driver file: pdftex.def on input line 107.
)
\Gin@req@height=\dimen170
\Gin@req@width=\dimen171
)
(/usr/share/texlive/texmf-dist/tex/latex/natbib/natbib.sty
Package: natbib 2010/09/13 8.31b (PWD, AO)
\bibhang=\skip63
\bibsep=\skip64
LaTeX Info: Redefining \cite on input line 694.
\c@NAT@ctr=\count288
)
(/usr/share/texlive/texmf-dist/tex/latex/bookmark/bookmark.sty
Package: bookmark 2023-12-10 v1.31 PDF bookmarks (HO)

(/usr/share/texlive/texmf-dist/tex/latex/hyperref/hyperref.sty
Package: hyperref 2024-01-20 v7.01h Hypertext links for LaTeX

(/usr/share/texlive/texmf-dist/tex/generic/kvdefinekeys/kvdefinekeys.sty
Package: kvdefinekeys 2019-12-19 v1.6 Define keys (HO)
)
(/usr/share/texlive/texmf-dist/tex/generic/pdfescape/pdfescape.sty
Package: pdfescape 2019/12/09 v1.15 Implements pdfTeX's escape features (HO)

(/usr/share/texlive/texmf-dist/tex/generic/pdftexcmds/pdftexcmds.sty
Package: pdftexcmds 2020-06-27 v0.33 Utility functions of pdfTeX for LuaTeX (HO
)

(/usr/share/texlive/texmf-dist/tex/generic/infwarerr/infwarerr.sty
Package: infwarerr 2019/12/03 v1.5 Providing info/warning/error messages (HO)
)
Package pdftexcmds Info: \pdf@primitive is available.
Package pdftexcmds Info: \pdf@ifprimitive is available.
Package pdftexcmds Info: \pdfdraftmode found.
))
(/usr/share/texlive/texmf-dist/tex/latex/hycolor/hycolor.sty
Package: hycolor 2020-01-27 v1.10 Color options for hyperref/bookmark (HO)
)
(/usr/share/texlive/texmf-dist/tex/latex/auxhook/auxhook.sty
Package: auxhook 2019-12-17 v1.6 Hooks for auxiliary files (HO)
)
(/usr/share/texlive/texmf-dist/tex/latex/hyperref/nameref.sty
Package: nameref 2023-11-26 v2.56 Cross-referencing by name of section

(/usr/share/texlive/texmf-dist/tex/latex/refcount/refcount.sty
Package: refcount 2019/12/15 v3.6 Data extraction from label references (HO)
)
(/usr/share/texlive/texmf-dist/tex/generic/gettitlestring/gettitlestring.sty
Package: gettitlestring 2019/12/15 v1.6 Cleanup title references (HO)
)
\c@section@level=\count289
)
\@linkdim=\dimen172
\Hy@linkcounter=\count290
\Hy@pagecounter=\count291

(/usr/share/texlive/texmf-dist/tex/latex/hyperref/pd1enc.def
File: pd1enc.def 2024-01-20 v7.01h Hyperref: PDFDocEncoding definition (HO)
Now handling font encoding PD1 ...
... no UTF-8 mapping file for font encoding PD1
)
(/usr/share/texlive/texmf-dist/tex/generic/intcalc/intcalc.sty
Package: intcalc 2019/12/15 v1.3 Expandable calculations with integers (HO)
)
\Hy@SavedSpaceFactor=\count292

(/usr/share/texlive/texmf-dist/tex/latex/hyperref/puenc.def
File: puenc.def 2024-01-20 v7.01h Hyperref: PDF Unicode definition (HO)
Now handling font encoding PU ...
... no UTF-8 mapping file for font encoding PU
)
Package hyperref Info: Option `unicode' set `true' on input line 4062.
Package hyperref Info: Hyper figures OFF on input line 4179.
Package hyperref Info: Link nesting OFF on input line 4184.
Package hyperref Info: Hyper index ON on input line 4187.
Package hyperref Info: Plain pages OFF on input line 4194.
Package hyperref Info: Backreferencing OFF on input line 4199.
Package hyperref Info: Implicit mode ON; LaTeX internals redefined.
Package hyperref Info: Bookmarks ON on input line 4446.
\c@Hy@tempcnt=\count293

(/usr/share/texlive/texmf-dist/tex/latex/url/url.sty
\Urlmuskip=\muskip17
Package: url 2013/09/16  ver 3.4  Verb mode for urls, etc.
)
LaTeX Info: Redefining \url on input line 4784.
\XeTeXLinkMargin=\dimen173

(/usr/share/texlive/texmf-dist/tex/generic/bitset/bitset.sty
Package: bitset 2019/12/09 v1.3 Handle bit-vector datatype (HO)

(/usr/share/texlive/texmf-dist/tex/generic/bigintcalc/bigintcalc.sty
Package: bigintcalc 2019/12/15 v1.5 Expandable calculations on big integers (HO
)
))
\Fld@menulength=\count294
\Field@Width=\dimen174
\Fld@charsize=\dimen175
Package hyperref Info: Hyper figures OFF on input line 6063.
Package hyperref Info: Link nesting OFF on input line 6068.
Package hyperref Info: Hyper index ON on input line 6071.
Package hyperref Info: backreferencing OFF on input line 6078.
Package hyperref Info: Link coloring OFF on input line 6083.
Package hyperref Info: Link coloring with OCG OFF on input line 6088.
Package hyperref Info: PDF/A mode OFF on input line 6093.

(/usr/share/texlive/texmf-dist/tex/latex/base/atbegshi-ltx.sty
Package: atbegshi-ltx 2021/01/10 v1.0c Emulation of the original atbegshi
package with kernel methods
)
\Hy@abspage=\count295
\c@Item=\count296
\c@Hfootnote=\count297
)
Package hyperref Info: Driver (autodetected): hpdftex.

(/usr/share/texlive/texmf-dist/tex/latex/hyperref/hpdftex.def
File: hpdftex.def 2024-01-20 v7.01h Hyperref driver for pdfTeX

(/usr/share/texlive/texmf-dist/tex/latex/base/atveryend-ltx.sty
Package: atveryend-ltx 2020/08/19 v1.0a Emulation of the original atveryend pac
kage
with kernel methods
)
\Fld@listcount=\count298
\c@bookmark@seq@number=\count299

(/usr/share/texlive/texmf-dist/tex/latex/rerunfilecheck/rerunfilecheck.sty
Package: rerunfilecheck 2022-07-10 v1.10 Rerun checks for auxiliary files (HO)

(/usr/share/texlive/texmf-dist/tex/generic/uniquecounter/uniquecounter.sty
Package: uniquecounter 2019/12/15 v1.4 Provide unlimited unique counter (HO)
)
Package uniquecounter Info: New unique counter `rerunfilecheck' on input line 2
85.
)
\Hy@SectionHShift=\skip65
)
(/usr/share/texlive/texmf-dist/tex/latex/bookmark/bkm-pdftex.def
File: bkm-pdftex.def 2023-12-10 v1.31 bookmark driver for pdfTeX and luaTeX (HO
)
\BKM@id=\count300
))
(/usr/share/texlive/texmf-dist/tex/latex/xurl/xurl.sty
Package: xurl 2022/01/09 v 0.10 modify URL breaks
)
LaTeX Font Info:    Trying to load font information for T1+lmr on input line 81
.

(/usr/share/texmf/tex/latex/lm/t1lmr.fd
File: t1lmr.fd 2015/05/01 v1.6.1 Font defs for Latin Modern
)
(/usr/share/texlive/texmf-dist/tex/latex/l3backend/l3backend-pdftex.def
File: l3backend-pdftex.def 2024-01-04 L3 backend support: PDF output (pdfTeX)
\l__color_backend_stack_int=\count301
\l__pdf_internal_box=\box62
)
(./main.aux)
\openout1 = `main.aux'.

LaTeX Font Info:    Checking defaults for OML/cmm/m/it on input line 81.
LaTeX Font Info:    ... okay on input line 81.
LaTeX Font Info:    Checking defaults for OMS/cmsy/m/n on input line 81.
LaTeX Font Info:    ... okay on input line 81.
LaTeX Font Info:    Checking defaults for OT1/cmr/m/n on input line 81.
LaTeX Font Info:    ... okay on input line 81.
LaTeX Font Info:    Checking defaults for T1/cmr/m/n on input line 81.
LaTeX Font Info:    ... okay on input line 81.
LaTeX Font Info:    Checking defaults for TS1/cmr/m/n on input line 81.
LaTeX Font Info:    ... okay on input line 81.
LaTeX Font Info:    Checking defaults for OMX/cmex/m/n on input line 81.
LaTeX Font Info:    ... okay on input line 81.
LaTeX Font Info:    Checking defaults for U/cmr/m/n on input line 81.
LaTeX Font Info:    ... okay on input line 81.
LaTeX Font Info:    Checking defaults for PD1/pdf/m/n on input line 81.
LaTeX Font Info:    ... okay on input line 81.
LaTeX Font Info:    Checking defaults for PU/pdf/m/n on input line 81.
LaTeX Font Info:    ... okay on input line 81.
LaTeX Info: Redefining \microtypecontext on input line 81.
Package microtype Info: Applying patch `item' on input line 81.
Package microtype Info: Applying patch `toc' on input line 81.
Package microtype Info: Applying patch `eqnum' on input line 81.
Package microtype Info: Applying patch `footnote' on input line 81.
Package microtype Info: Applying patch `verbatim' on input line 81.
Package microtype Info: Generating PDF output.
Package microtype Info: Character protrusion enabled (level 2).
Package microtype Info: Using protrusion set `basicmath'.
Package microtype Info: Automatic font expansion enabled (level 2),
(microtype)             stretch: 20, shrink: 20, step: 1, non-selected.
Package microtype Info: Using default expansion set `alltext-nott'.
LaTeX Info: Redefining \showhyphens on input line 81.
Package microtype Info: No adjustment of tracking.
Package microtype Info: No adjustment of interword spacing.
Package microtype Info: No adjustment of character kerning.
 (/usr/share/texlive/texmf-dist/tex/latex/microtype/mt-cmr.cfg
File: mt-cmr.cfg 2013/05/19 v2.2 microtype config. file: Computer Modern Roman 
(RS)
)
(/usr/share/texlive/texmf-dist/tex/context/base/mkii/supp-pdf.mkii
[Loading MPS to PDF converter (version 2006.09.02).]
\scratchcounter=\count302
\scratchdimen=\dimen176
\scratchbox=\box63
\nofMPsegments=\count303
\nofMParguments=\count304
\everyMPshowfont=\toks30
\MPscratchCnt=\count305
\MPscratchDim=\dimen177
\MPnumerator=\count306
\makeMPintoPDFobject=\count307
\everyMPtoPDFconversion=\toks31
) (/usr/share/texlive/texmf-dist/tex/latex/epstopdf-pkg/epstopdf-base.sty
Package: epstopdf-base 2020-01-24 v2.11 Base part for package epstopdf
Package epstopdf-base Info: Redefining graphics rule for `.eps' on input line 4
85.

(/usr/share/texlive/texmf-dist/tex/latex/latexconfig/epstopdf-sys.cfg
File: epstopdf-sys.cfg 2010/07/13 v1.3 Configuration of (r)epstopdf for TeX Liv
e
))
Package hyperref Info: Link coloring OFF on input line 81.
LaTeX Font Info:    Trying to load font information for OT1+lmr on input line 9
6.

(/usr/share/texmf/tex/latex/lm/ot1lmr.fd
File: ot1lmr.fd 2015/05/01 v1.6.1 Font defs for Latin Modern
)
LaTeX Font Info:    Trying to load font information for OML+lmm on input line 9
6.

(/usr/share/texmf/tex/latex/lm/omllmm.fd
File: omllmm.fd 2015/05/01 v1.6.1 Font defs for Latin Modern
)
LaTeX Font Info:    Trying to load font information for OMS+lmsy on input line 
96.

(/usr/share/texmf/tex/latex/lm/omslmsy.fd
File: omslmsy.fd 2015/05/01 v1.6.1 Font defs for Latin Modern
)
LaTeX Font Info:    Trying to load font information for OMX+lmex on input line 
96.

(/usr/share/texmf/tex/latex/lm/omxlmex.fd
File: omxlmex.fd 2015/05/01 v1.6.1 Font defs for Latin Modern
)
LaTeX Font Info:    External font `lmex10' loaded for size
(Font)              <10> on input line 96.
LaTeX Font Info:    External font `lmex10' loaded for size
(Font)              <7> on input line 96.
LaTeX Font Info:    External font `lmex10' loaded for size
(Font)              <5> on input line 96.
LaTeX Font Info:    Trying to load font information for U+msa on input line 96.


(/usr/share/texlive/texmf-dist/tex/latex/amsfonts/umsa.fd
File: umsa.fd 2013/01/14 v3.01 AMS symbols A
)
(/usr/share/texlive/texmf-dist/tex/latex/microtype/mt-msa.cfg
File: mt-msa.cfg 2006/02/04 v1.1 microtype config. file: AMS symbols (a) (RS)
)
LaTeX Font Info:    Trying to load font information for U+msb on input line 96.


(/usr/share/texlive/texmf-dist/tex/latex/amsfonts/umsb.fd
File: umsb.fd 2013/01/14 v3.01 AMS symbols B
)
(/usr/share/texlive/texmf-dist/tex/latex/microtype/mt-msb.cfg
File: mt-msb.cfg 2005/06/01 v1.0 microtype config. file: AMS symbols (b) (RS)
) [1

{/var/lib/texmf/fonts/map/pdftex/updmap/pdftex.map}{/usr/share/texmf/fonts/enc/
dvips/lm/lm-ec.enc}{/usr/share/texmf/fonts/enc/dvips/lm/lm-mathit.enc}{/usr/sha
re/texmf/fonts/enc/dvips/lm/lm-rm.enc}{/usr/share/texmf/fonts/enc/dvips/lm/lm-m
athsy.enc}]
<figures/ratio_regime.pdf, id=24, 424.50131pt x 279.83232pt>
File: figures/ratio_regime.pdf Graphic file (type pdf)
<use figures/ratio_regime.pdf>
Package pdftex.def Info: figures/ratio_regime.pdf  used on input line 153.
(pdftex.def)             Requested size: 344.99715pt x 227.42297pt.

[2 <./figures/ratio_regime.pdf>] [3] [4] [5]
! Missing $ inserted.
<inserted text> 
                $
l.403 \$\sim
            \$0.50 \\
I've inserted a begin-math/end-math symbol since I think
you left one out. Proceed, with fingers crossed.

! Missing $ inserted.
<inserted text> 
                $
l.404 C
       WD (hard) & \(\mathbf{1}[\text{sign}(\theta) = \text{sign}(u_t)]\) &
I've inserted a begin-math/end-math symbol since I think
you left one out. Proceed, with fingers crossed.

! Missing $ inserted.
<inserted text> 
                $
l.405 Directional & \$\sim
                          \$0.50 \\
I've inserted a begin-math/end-math symbol since I think
you left one out. Proceed, with fingers crossed.

! Missing $ inserted.
<inserted text> 
                $
l.406 S
       WD & \(\|g\| / \|g\|_{\text{mean}}\) & Temporal &
I've inserted a begin-math/end-math symbol since I think
you left one out. Proceed, with fingers crossed.

! Missing $ inserted.
<inserted text> 
                $
l.407 \$\sim
            \(0.90 | | Half-\)\lambda\$ \\
I've inserted a begin-math/end-math symbol since I think
you left one out. Proceed, with fingers crossed.


! LaTeX Error: Bad math environment delimiter.

See the LaTeX manual or LaTeX Companion for explanation.
Type  H <return>  for immediate help.
 ...                                              
                                                  
l.407 \$\sim\(
              0.90 | | Half-\)\lambda\$ \\
Your command was ignored.
Type  I <command> <return>  to replace it with another command,
or  <return>  to continue without it.

! Missing $ inserted.
<inserted text> 
                $
l.407 \$\sim\(0.90 | | Half-\)\lambda
                                     \$ \\
I've inserted a begin-math/end-math symbol since I think
you left one out. Proceed, with fingers crossed.

! Missing $ inserted.
<inserted text> 
                $
l.408 R
       andom mask & \(\text{Bernoulli}(0.5)\) & Stochastic & \$\sim\$0.50 \\
I've inserted a begin-math/end-math symbol since I think
you left one out. Proceed, with fingers crossed.


Overfull \hbox (34.82396pt too wide) in paragraph at lines 407--408
\OT1/lmr/m/n/10 (-20) 0\OML/lmm/m/it/10 :\OT1/lmr/m/n/10 (-20) 90\OMS/lmsy/m/n/
10 jj\OML/lmm/m/it/10 Half\OMS/lmsy/m/n/10 ^^@$$\OML/lmm/m/it/10 ^^U\OT1/lmr/m/
n/10 (-20) $|$  
 []

! Missing $ inserted.
<inserted text> 
                $
l.408 ...t{Bernoulli}(0.5)\) & Stochastic & \$\sim
                                                  \$0.50 \\
I've inserted a begin-math/end-math symbol since I think
you left one out. Proceed, with fingers crossed.

! Missing $ inserted.
<inserted text> 
                $
l.409 N
       o WD & \(0\) & Complete removal & 1.0 \\
I've inserted a begin-math/end-math symbol since I think
you left one out. Proceed, with fingers crossed.

! Missing $ inserted.
<inserted text> 
                $
l.432 highest BEM (\$\sim
                         \$0.90), indicating it applies only \$\sim\$10\% of
I've inserted a begin-math/end-math symbol since I think
you left one out. Proceed, with fingers crossed.

! Missing $ inserted.
<inserted text> 
                $
l.435 
      
I've inserted a begin-math/end-math symbol since I think
you left one out. Proceed, with fingers crossed.


Underfull \hbox (badness 10000) in paragraph at lines 428--435
\OT1/lmr/m/n/10 (+20) $10%\OML/lmm/m/it/10 oftheconstantWDbudget; yetachievesco
mparableaccuracy \OMS/lmsy/m/n/10 ^^@ ^^@ ^^@
 []


Overfull \hbox (37.24168pt too wide) in paragraph at lines 428--435
\OML/lmm/m/it/10 evidencethatabsoluteWDmagnitudematterslessthanmodulationpatter
nunderAdamW:$ 
 []

[6] [7]
! Missing $ inserted.
<inserted text> 
                $
l.497 (\$\sim
             \$0.18--0.40). The stability cost exceeds the alignment benefit,
I've inserted a begin-math/end-math symbol since I think
you left one out. Proceed, with fingers crossed.

! Missing $ inserted.
<inserted text> 
                $
l.499 
      
I've inserted a begin-math/end-math symbol since I think
you left one out. Proceed, with fingers crossed.


Overfull \hbox (17.64078pt too wide) in paragraph at lines 493--499
\OMS/lmsy/m/n/10 ^^@\OT1/lmr/m/n/10 (-20) 0\OML/lmm/m/it/10 :\OT1/lmr/m/n/10 (-
20) 40)\OML/lmm/m/it/10 :Thestabilitycostexceedsthealignmentbenefit; predicting
constantWDwins:$ 
 []

<figures/theorem1_regime.pdf, id=148, 424.30959pt x 264.7629pt>
File: figures/theorem1_regime.pdf Graphic file (type pdf)
<use figures/theorem1_regime.pdf>
Package pdftex.def Info: figures/theorem1_regime.pdf  used on input line 509.
(pdftex.def)             Requested size: 345.01614pt x 215.28494pt.
[8 <./figures/theorem1_regime.pdf>]
Overfull \hbox (0.93257pt too wide) in paragraph at lines 524--529
[]\T1/lmr/bx/n/10 (-20) Empirical val-i-da-tion. \T1/lmr/m/n/10 (-20) Across al
l 5 com-plete configurations---$\OMS/lmsy/m/n/10 f[]g ^^B
 []

[9{/usr/share/texmf/fonts/enc/dvips/lm/lm-mathex.enc}]
<figures/pmpwd_control.pdf, id=247, 524.53166pt x 315.81992pt>
File: figures/pmpwd_control.pdf Graphic file (type pdf)
<use figures/pmpwd_control.pdf>
Package pdftex.def Info: figures/pmpwd_control.pdf  used on input line 602.
(pdftex.def)             Requested size: 345.01541pt x 207.73338pt.
 [10 <./figures/pmpwd_control.pdf>]
LaTeX Font Info:    Trying to load font information for TS1+lmr on input line 6
84.
 (/usr/share/texmf/tex/latex/lm/ts1lmr.fd
File: ts1lmr.fd 2015/05/01 v1.6.1 Font defs for Latin Modern
)
! Missing $ inserted.
<inserted text> 
                $
l.684   \textbf{ResNet-20} (\$\sim
                                  \$270K parameters) on CIFAR-10 and
I've inserted a begin-math/end-math symbol since I think
you left one out. Proceed, with fingers crossed.


! LaTeX Error: Command \item invalid in math mode.

See the LaTeX manual or LaTeX Companion for explanation.
Type  H <return>  for immediate help.
 ...                                              
                                                  
l.686 \item
           
Try typing  <return>  to proceed.
If that doesn't work, type  X <return>  to quit.


! LaTeX Error: Something's wrong--perhaps a missing \item.

See the LaTeX manual or LaTeX Companion for explanation.
Type  H <return>  for immediate help.
 ...                                              
                                                  
l.687   \textbf
               {VGG-16-BN} (\$\sim\$15M parameters) on CIFAR-10.
Try typing  <return>  to proceed.
If that doesn't work, type  X <return>  to quit.


! LaTeX Error: Something's wrong--perhaps a missing \item.

See the LaTeX manual or LaTeX Companion for explanation.
Type  H <return>  for immediate help.
 ...                                              
                                                  
l.687   \textbf
               {VGG-16-BN} (\$\sim\$15M parameters) on CIFAR-10.
Try typing  <return>  to proceed.
If that doesn't work, type  X <return>  to quit.


! LaTeX Error: Command \end{itemize} invalid in math mode.

See the LaTeX manual or LaTeX Companion for explanation.
Type  H <return>  for immediate help.
 ...                                              
                                                  
l.688 \end{itemize}
                   
Try typing  <return>  to proceed.
If that doesn't work, type  X <return>  to quit.


! LaTeX Error: Something's wrong--perhaps a missing \item.

See the LaTeX manual or LaTeX Companion for explanation.
Type  H <return>  for immediate help.
 ...                                              
                                                  
l.688 \end{itemize}
                   
Try typing  <return>  to proceed.
If that doesn't work, type  X <return>  to quit.


! LaTeX Error: Something's wrong--perhaps a missing \item.

See the LaTeX manual or LaTeX Companion for explanation.
Type  H <return>  for immediate help.
 ...                                              
                                                  
l.688 \end{itemize}
                   
Try typing  <return>  to proceed.
If that doesn't work, type  X <return>  to quit.

! Missing $ inserted.
<inserted text> 
                $
l.688 \end{itemize}
                   
I've inserted something that you may have forgotten.
(See the <inserted text> above.)
With luck, this will get me unwedged. But if you
really didn't forget anything, try typing `2' now; then
my insertion and my current dilemma will both disappear.


Overfull \hbox (36.45334pt too wide) in paragraph at lines 684--689
[]\T1/lmr/bx/n/10 (-20) ResNet-20 \T1/lmr/m/n/10 (-20) ($$\OMS/lmsy/m/n/10 ^^X 
\OT1/lmr/m/n/10 (-20) $270\OML/lmm/m/it/10 Kparameters\OT1/lmr/m/n/10 (-20) )\O
ML/lmm/m/it/10 onCIFAR \OMS/lmsy/m/n/10 ^^@ \OT1/lmr/m/n/10 (-20) 10\OML/lmm/m/
it/10 andCIFAR \OMS/lmsy/m/n/10 ^^@ \OT1/lmr/m/n/10 (-20) 100\OML/lmm/m/it/10 :
[]\OT1/lmr/m/n/10 (-20) ($ \OMS/lmsy/m/n/10 ^^X
 []

[11]
! Missing $ inserted.
<inserted text> 
                $
l.719 \$\sim
            \$0.50 \\
I've inserted a begin-math/end-math symbol since I think
you left one out. Proceed, with fingers crossed.

! Missing $ inserted.
<inserted text> 
                $
l.720 C
       WD (hard) & \(\mathbf{1}[\text{sign}(\theta) = \text{sign}(u_t)]\) &
I've inserted a begin-math/end-math symbol since I think
you left one out. Proceed, with fingers crossed.


Overfull \hbox (0.90988pt too wide) in paragraph at lines 721--721
[]|\T1/lmr/m/n/10 (-20) Directional|  
 []

! Missing $ inserted.
<inserted text> 
                $
l.721 Directional & \$\sim
                          \$0.50 \\
I've inserted a begin-math/end-math symbol since I think
you left one out. Proceed, with fingers crossed.

! Missing $ inserted.
<inserted text> 
                $
l.722 S
       WD & \(\|g\| / \|g\|_{\text{mean}}\) & Temporal &
I've inserted a begin-math/end-math symbol since I think
you left one out. Proceed, with fingers crossed.

! Missing $ inserted.
<inserted text> 
                $
l.723 \$\sim
            \(0.90 | | Half-\)\lambda\$ \\
I've inserted a begin-math/end-math symbol since I think
you left one out. Proceed, with fingers crossed.


! LaTeX Error: Bad math environment delimiter.

See the LaTeX manual or LaTeX Companion for explanation.
Type  H <return>  for immediate help.
 ...                                              
                                                  
l.723 \$\sim\(
              0.90 | | Half-\)\lambda\$ \\
Your command was ignored.
Type  I <command> <return>  to replace it with another command,
or  <return>  to continue without it.

! Missing $ inserted.
<inserted text> 
                $
l.723 \$\sim\(0.90 | | Half-\)\lambda
                                     \$ \\
I've inserted a begin-math/end-math symbol since I think
you left one out. Proceed, with fingers crossed.

! Missing $ inserted.
<inserted text> 
                $
l.724 R
       andom mask & \(\text{Bernoulli}(0.5)\) & Stochastic & \$\sim\$0.50 \\
I've inserted a begin-math/end-math symbol since I think
you left one out. Proceed, with fingers crossed.


Overfull \hbox (26.48318pt too wide) in paragraph at lines 723--724
\OT1/lmr/m/n/10 (-20) 0\OML/lmm/m/it/10 :\OT1/lmr/m/n/10 (-20) 90\OMS/lmsy/m/n/
10 jj\OML/lmm/m/it/10 Half\OMS/lmsy/m/n/10 ^^@$$\OML/lmm/m/it/10 ^^U\OT1/lmr/m/
n/10 (-20) $|$  
 []

! Missing $ inserted.
<inserted text> 
                $
l.724 ...t{Bernoulli}(0.5)\) & Stochastic & \$\sim
                                                  \$0.50 \\
I've inserted a begin-math/end-math symbol since I think
you left one out. Proceed, with fingers crossed.

! Missing $ inserted.
<inserted text> 
                $
l.725 N
       o WD & \(0\) & Removal & 1.0 \\
I've inserted a begin-math/end-math symbol since I think
you left one out. Proceed, with fingers crossed.

! Missing $ inserted.
<inserted text> 
                $
l.774 modulation values. This produces \$\sim
                                             \$1,400 scalar measurements per
I've inserted a begin-math/end-math symbol since I think
you left one out. Proceed, with fingers crossed.

! Missing $ inserted.
<inserted text> 
                $
l.776 
      
I've inserted a begin-math/end-math symbol since I think
you left one out. Proceed, with fingers crossed.


Underfull \hbox (badness 2073) in paragraph at lines 771--776
\T1/lmr/m/n/10 (+20) Per-epoch track-ing: test ac-cu-racy, train ac-cu-racy, we
ight norms per
 []

[12{/usr/share/texmf/fonts/enc/dvips/lm/lm-ts1.enc}]
Overfull \hbox (4.04955pt too wide) in paragraph at lines 815--815
[]|\T1/lmr/m/n/10 (-20) Constant|  
 []


Overfull \hbox (1.14182pt too wide) in paragraph at lines 825--825
[]|\T1/lmr/m/n/10 (-20) Random 
 []

[13]
! Missing $ inserted.
<inserted text> 
                $
l.889 ...5 | 0.35 | 1.00 | 0.88 | | Half-\)\lambda
                                                  \$ & \$-\$0.04 &
I've inserted a begin-math/end-math symbol since I think
you left one out. Proceed, with fingers crossed.

! Missing $ inserted.
<inserted text> 
                $
l.889 ...0.35 | 1.00 | 0.88 | | Half-\)\lambda\$ &
                                                   \$-\$0.04 &
I've inserted a begin-math/end-math symbol since I think
you left one out. Proceed, with fingers crossed.


Overfull \hbox (68.55588pt too wide) in paragraph at lines 889--889
\OT1/lmr/m/n/10 (-20) 0\OML/lmm/m/it/10 :\OT1/lmr/m/n/10 (-20) 25\OMS/lmsy/m/n/
10 j\OT1/lmr/m/n/10 (-20) 0\OML/lmm/m/it/10 :\OT1/lmr/m/n/10 (-20) 35\OMS/lmsy/
m/n/10 j\OT1/lmr/m/n/10 (-20) 1\OML/lmm/m/it/10 :\OT1/lmr/m/n/10 (-20) 00\OMS/l
msy/m/n/10 j\OT1/lmr/m/n/10 (-20) 0\OML/lmm/m/it/10 :\OT1/lmr/m/n/10 (-20) 88\O
MS/lmsy/m/n/10 jj\OML/lmm/m/it/10 Half\OMS/lmsy/m/n/10 ^^@$$\OML/lmm/m/it/10 ^^
U\OT1/lmr/m/n/10 (-20) $|$  
 []


Overfull \hbox (5.64606pt too wide) in paragraph at lines 900--906
[]\T1/lmr/bx/n/10 (-20) Theorem 1 val-i-da-tion. \T1/lmr/m/n/10 (-20) Across al
l 5 com-plete configurations---$\OMS/lmsy/m/n/10 f[]g ^^B
 []


Underfull \hbox (badness 1546) in paragraph at lines 900--906
\OMS/lmsy/m/n/10 f[]g ^^B f[]g$ \T1/lmr/m/n/10 (+20) (4 con-fig-u-ra-tions) plu
s VGG-16-
 []


Package longtable Warning: Column widths have changed
(longtable)                in table 5 on input line 932.

[14]
<figures/multi_arch_comparison.pdf, id=404, 683.1659pt x 279.44127pt>
File: figures/multi_arch_comparison.pdf Graphic file (type pdf)
<use figures/multi_arch_comparison.pdf>
Package pdftex.def Info: figures/multi_arch_comparison.pdf  used on input line 
946.
(pdftex.def)             Requested size: 345.00127pt x 141.11885pt.

! Missing $ inserted.
<inserted text> 
                $
l.982 SGD original & Table 1 & \$\sim
                                     \$0.005 & 0.91\% \\
I've inserted a begin-math/end-math symbol since I think
you left one out. Proceed, with fingers crossed.

! Missing $ inserted.
<inserted text> 
                $
l.982 SGD original & Table 1 & \$\sim\$0.005 &
                                               0.91\% \\
I've inserted a begin-math/end-math symbol since I think
you left one out. Proceed, with fingers crossed.

! Missing $ inserted.
<inserted text> 
                $
l.983 \(\rho\)-low (AdamW) & Sweep & \$\sim
                                           \$0.05 & constant: 90.13 \(\pm\)
I've inserted a begin-math/end-math symbol since I think
you left one out. Proceed, with fingers crossed.

! Missing $ inserted.
<inserted text> 
                $
l.983 ...ho\)-low (AdamW) & Sweep & \$\sim\$0.05 &
                                                   constant: 90.13 \(\pm\)
I've inserted a begin-math/end-math symbol since I think
you left one out. Proceed, with fingers crossed.

! Missing $ inserted.
<inserted text> 
                $
l.986 \(\rho\)-standard (AdamW) & Table 1 & \$\sim
                                                  \$0.5 & 0.25\% \\
I've inserted a begin-math/end-math symbol since I think
you left one out. Proceed, with fingers crossed.

! Missing $ inserted.
<inserted text> 
                $
l.986 ...tandard (AdamW) & Table 1 & \$\sim\$0.5 &
                                                   0.25\% \\
I've inserted a begin-math/end-math symbol since I think
you left one out. Proceed, with fingers crossed.

! Missing $ inserted.
<inserted text> 
                $
l.987 \(\rho\)-high (AdamW) & Pilot only & \$\sim
                                                 \$5.0 & 5-epoch pilot:
I've inserted a begin-math/end-math symbol since I think
you left one out. Proceed, with fingers crossed.

! Missing $ inserted.
<inserted text> 
                $
l.987 ...high (AdamW) & Pilot only & \$\sim\$5.0 &
                                                   5-epoch pilot:
I've inserted a begin-math/end-math symbol since I think
you left one out. Proceed, with fingers crossed.

! Missing $ inserted.
<inserted text> 
                $
l.996 \$\geq
            \$0.04\%---directionally consistent with Theorem 1's prediction
I've inserted a begin-math/end-math symbol since I think
you left one out. Proceed, with fingers crossed.


! LaTeX Error: Bad math environment delimiter.

See the LaTeX manual or LaTeX Companion for explanation.
Type  H <return>  for immediate help.
 ...                                              
                                                  
l.997 that lower \(
                   \rho\) reduces method sensitivity. The \(\rho\)-low
Your command was ignored.
Type  I <command> <return>  to replace it with another command,
or  <return>  to continue without it.


Underfull \hbox (badness 1616) in paragraph at lines 991--1004
[]\T1/lmr/m/n/10 (+20) SGD's larger spread (0.91% at $\OML/lmm/m/it/10 ^^Z \OMS
/lmsy/m/n/10 ^^Y \OT1/lmr/m/n/10 (+20) 0\OML/lmm/m/it/10 :\OT1/lmr/m/n/10 (+20)
 005$\T1/lmr/m/n/10 (+20) ) vs. AdamW's (0.25% at
 []


Underfull \hbox (badness 1895) in paragraph at lines 991--1004
\T1/lmr/m/n/10 (+20) regime has two data points: con-stant WD (90.13 $\OMS/lmsy
/m/n/10 ^^F$ \T1/lmr/m/n/10 (+20) 0.07, 3 seeds)
 []


Underfull \hbox (badness 1087) in paragraph at lines 991--1004
\T1/lmr/m/n/10 (+20) and CWD (90.09, 1 seed only), yield-ing a par-tial spread 
es-ti-mate of
 []

[15 <./figures/multi_arch_comparison.pdf>]
<figures/sgd_vs_adamw_spread.pdf, id=476, 424.52765pt x 278.83522pt>
File: figures/sgd_vs_adamw_spread.pdf Graphic file (type pdf)
<use figures/sgd_vs_adamw_spread.pdf>
Package pdftex.def Info: figures/sgd_vs_adamw_spread.pdf  used on input line 10
14.
(pdftex.def)             Requested size: 345.01854pt x 226.61261pt.

! Missing $ inserted.
<inserted text> 
                $
l.1032 training quality. AIS increases from \$\sim
                                                  \$0.35 (BN) to \$\sim\$0.50
I've inserted a begin-math/end-math symbol since I think
you left one out. Proceed, with fingers crossed.

! Missing $ inserted.
<inserted text> 
                $
l.1035 
       
I've inserted a begin-math/end-math symbol since I think
you left one out. Proceed, with fingers crossed.


Overfull \hbox (37.10237pt too wide) in paragraph at lines 1030--1035
\OML/lmm/m/it/10 withoutBN[]sscale \OMS/lmsy/m/n/10 ^^@ \OML/lmm/m/it/10 invari
ance; gradient \OMS/lmsy/m/n/10 ^^@ \OML/lmm/m/it/10 weightalignmentbecomesmore
informative:$ 
 []

[16 <./figures/sgd_vs_adamw_spread.pdf>]
! Missing $ inserted.
<inserted text> 
                $
l.1070 higher AIS (\$\sim
                         \$0.50 vs.~\$\sim\$0.35) is a necessary but not
I've inserted a begin-math/end-math symbol since I think
you left one out. Proceed, with fingers crossed.


! LaTeX Error: Bad math environment delimiter.

See the LaTeX manual or LaTeX Companion for explanation.
Type  H <return>  for immediate help.
 ...                                              
                                                  
l.1072 Theorem 1 also depends on \(
                                   \Delta\)CSI and \(\sigma^2/n\). Coverage
Your command was ignored.
Type  I <command> <return>  to replace it with another command,
or  <return>  to continue without it.


Overfull \hbox (248.36896pt too wide) in paragraph at lines 1068--1074
\OT1/lmr/m/n/10 (-20) $0\OML/lmm/m/it/10 :\OT1/lmr/m/n/10 (-20) 50\OML/lmm/m/it
/10 vs: \OT1/lmr/m/n/10 (-20) $ \OMS/lmsy/m/n/10 ^^X \OT1/lmr/m/n/10 (-20) $0\O
ML/lmm/m/it/10 :\OT1/lmr/m/n/10 (-20) 35)\OML/lmm/m/it/10 isanecessarybutnotsuf
ficientconditionfordynamicWDtohelp\OT1/lmr/m/n/10 (-20) ; \OML/lmm/m/it/10 thef
ullthresholdfromTheorem\OT1/lmr/m/n/10 (-20) 1\OML/lmm/m/it/10 alsodependson\OT
1/lmr/m/n/10 (-20) ^^A$\T1/lmr/m/n/10 (-20) CSI
 []

! Missing $ inserted.
<inserted text> 
                $
l.1090 half-\(\lambda\)) to \$\sim
                                  \$0.90 (SWD), yet accuracy varies by
I've inserted a begin-math/end-math symbol since I think
you left one out. Proceed, with fingers crossed.


! LaTeX Error: Bad math environment delimiter.

See the LaTeX manual or LaTeX Companion for explanation.
Type  H <return>  for immediate help.
 ...                                              
                                                  
l.1091 \(
         < 0.25\%\) on CIFAR-10 under AdamW. Across all 7 methods, a
Your command was ignored.
Type  I <command> <return>  to replace it with another command,
or  <return>  to continue without it.


Underfull \hbox (badness 2401) in paragraph at lines 1089--1095
\T1/lmr/bx/n/10 (+20) BEM vs. ac-cu-racy. \T1/lmr/m/n/10 (+20) BEM ranges from 
0.0 (con-stant, half-$\OML/lmm/m/it/10 ^^U$\T1/lmr/m/n/10 (+20) ) to
 []

[17]
<figures/diagnostic_panel.pdf, id=560, 768.14708pt x 248.54443pt>
File: figures/diagnostic_panel.pdf Graphic file (type pdf)
<use figures/diagnostic_panel.pdf>
Package pdftex.def Info: figures/diagnostic_panel.pdf  used on input line 1121.

(pdftex.def)             Requested size: 345.00662pt x 111.63156pt.
 [18 <./figures/diagnostic_panel.pdf>] [19]
! Missing $ inserted.
<inserted text> 
                $
l.1231 higher AIS (\$\sim
                         \$0.50 vs.~\$\sim\$0.35), consistent with the
I've inserted a begin-math/end-math symbol since I think
you left one out. Proceed, with fingers crossed.

! Missing $ inserted.
<inserted text> 
                $
l.1237 
       
I've inserted a begin-math/end-math symbol since I think
you left one out. Proceed, with fingers crossed.


Overfull \hbox (0.49312pt too wide) in paragraph at lines 1230--1237
\T1/lmr/m/n/10 (-20) ($$\OMS/lmsy/m/n/10 ^^X \OT1/lmr/m/n/10 (-20) $0\OML/lmm/m
/it/10 :\OT1/lmr/m/n/10 (-20) 50\OML/lmm/m/it/10 vs: \OT1/lmr/m/n/10 (-20) $ \O
MS/lmsy/m/n/10 ^^X \OT1/lmr/m/n/10 (-20) $0\OML/lmm/m/it/10 :\OT1/lmr/m/n/10 (-
20) 35)\OML/lmm/m/it/10 ; consistentwiththepredictionthatremovingBN[]sscale \OM
S/lmsy/m/n/10 ^^@
 []


Overfull \hbox (244.93849pt too wide) in paragraph at lines 1230--1237
\OML/lmm/m/it/10 invarianceincreasesalignmentinformativeness:TheavailableNoBNda
ta\OT1/lmr/m/n/10 (-20) (2\OML/lmm/m/it/10 methods; constantoutperformingCWDby\
OT1/lmr/m/n/10 (-20) 0\OML/lmm/m/it/10 :\OT1/lmr/m/n/10 (-20) 10%\OML/lmm/m/it/
10 ; within\OT1/lmr/m/n/10 (-20) 1 \OMS/lmsy/m/n/10 ^^@
 []


Overfull \hbox (343.89622pt too wide) in paragraph at lines 1230--1237
\OML/lmm/m/it/10 stdmargin\OT1/lmr/m/n/10 (-20) )\OML/lmm/m/it/10 doesnotyetres
olvewhethertheAISincreaseissufficienttocrosstheTheorem\OT1/lmr/m/n/10 (-20) 1\O
ML/lmm/m/it/10 threshold\OT1/lmr/m/n/10 (-20) ; \OML/lmm/m/it/10 fullNoBNPhispr
eadrequiresadditionalmethods\OT1/lmr/m/n/10 (-20) (\OML/lmm/m/it/10 Table\OT1/l
mr/m/n/10 (-20) 6)\OML/lmm/m/it/10 :$ 
 []

[20] [21]

Package longtable Warning: Table widths have changed. Rerun LaTeX.

[22] (./main.aux)
 ***********
LaTeX2e <2023-11-01> patch level 1
L3 programming layer <2024-01-22>
 ***********


LaTeX Warning: Label(s) may have changed. Rerun to get cross-references right.

 ) 
Here is how much of TeX's memory you used:
 13940 strings out of 474222
 216537 string characters out of 5748733
 1940975 words of memory out of 5000000
 35602 multiletter control sequences out of 15000+600000
 633626 words of font info for 188 fonts, out of 8000000 for 9000
 1141 hyphenation exceptions out of 8191
 83i,10n,93p,1147b,559s stack positions out of 10000i,1000n,20000p,200000b,200000s
</usr/share/texmf/fonts/type1/public/lm/lmbx10.pfb></usr/share/texmf/fonts/ty
pe1/public/lm/lmbx12.pfb></usr/share/texmf/fonts/type1/public/lm/lmbx7.pfb></us
r/share/texmf/fonts/type1/public/lm/lmex10.pfb></usr/share/texmf/fonts/type1/pu
blic/lm/lmmi10.pfb></usr/share/texmf/fonts/type1/public/lm/lmmi5.pfb></usr/shar
e/texmf/fonts/type1/public/lm/lmmi7.pfb></usr/share/texmf/fonts/type1/public/lm
/lmr10.pfb></usr/share/texmf/fonts/type1/public/lm/lmr7.pfb></usr/share/texmf/f
onts/type1/public/lm/lmri10.pfb></usr/share/texmf/fonts/type1/public/lm/lmri7.p
fb></usr/share/texmf/fonts/type1/public/lm/lmsy10.pfb></usr/share/texmf/fonts/t
ype1/public/lm/lmsy7.pfb></usr/share/texlive/texmf-dist/fonts/type1/public/amsf
onts/symbols/msbm10.pfb>
Output written on main.pdf (22 pages, 440492 bytes).
PDF statistics:
 907 PDF objects out of 1000 (max. 8388607)
 466 compressed objects within 5 object streams
 142 named destinations out of 1000 (max. 500000)
 41311 words of extra memory for PDF output out of 42996 (max. 10000000)

