============================================================
Training resnet20_nobn on cifar10
WD method: no_wd, base WD: 0.0005
Epochs: 200, LR: 0.0005, Batch: 128
Seed: 123, Device: cuda:7
Output: /home/ccwang/sibyl-research-system/workspaces/dynamic-wd/current/exp/results/full/nobn/cifar10/resnet20_nobn/no_wd/seed_123
============================================================
  E  0/200: loss=1.8885 tr_acc=28.12% te_acc=39.38% wn=18.11 CSI=0.0000 AIS=0.5522 BEM=-1.0000
  E 10/200: loss=0.7889 tr_acc=72.01% te_acc=71.79% wn=26.76 CSI=0.3620 AIS=0.4770 BEM=-1.0000
  E 20/200: loss=0.5455 tr_acc=80.81% te_acc=79.07% wn=31.45 CSI=0.0819 AIS=0.5067 BEM=-1.0000
  E 30/200: loss=0.4290 tr_acc=84.97% te_acc=82.65% wn=35.21 CSI=0.0412 AIS=0.5112 BEM=-1.0000
  E 40/200: loss=0.3463 tr_acc=87.93% te_acc=84.38% wn=38.33 CSI=0.0672 AIS=0.4778 BEM=-1.0000
  E 50/200: loss=0.2921 tr_acc=89.57% te_acc=84.36% wn=40.99 CSI=0.0620 AIS=0.3214 BEM=-1.0000
  E 60/200: loss=0.2445 tr_acc=91.21% te_acc=85.37% wn=43.12 CSI=0.0618 AIS=0.5250 BEM=-1.0000
  E 70/200: loss=0.2080 tr_acc=92.51% te_acc=85.90% wn=44.84 CSI=0.0735 AIS=0.4035 BEM=-1.0000
  E 80/200: loss=0.1751 tr_acc=93.78% te_acc=85.68% wn=46.22 CSI=0.0936 AIS=0.4382 BEM=-1.0000
  E 90/200: loss=0.1488 tr_acc=94.52% te_acc=86.58% wn=47.33 CSI=0.0798 AIS=0.3214 BEM=-1.0000
  E100/200: loss=0.1227 tr_acc=95.63% te_acc=85.99% wn=48.15 CSI=0.0949 AIS=0.5045 BEM=-1.0000
  E110/200: loss=0.1062 tr_acc=96.15% te_acc=86.49% wn=48.77 CSI=0.0635 AIS=0.5612 BEM=-1.0000
  E120/200: loss=0.0840 tr_acc=96.90% te_acc=86.14% wn=49.22 CSI=0.1185 AIS=0.3814 BEM=-1.0000
  E130/200: loss=0.0668 tr_acc=97.58% te_acc=86.56% wn=49.53 CSI=0.1459 AIS=0.4694 BEM=-1.0000
  E140/200: loss=0.0547 tr_acc=97.96% te_acc=86.75% wn=49.72 CSI=0.1323 AIS=0.4007 BEM=-1.0000
  E150/200: loss=0.0456 tr_acc=98.35% te_acc=86.97% wn=49.86 CSI=0.1538 AIS=0.5002 BEM=-1.0000
  E160/200: loss=0.0369 tr_acc=98.67% te_acc=86.96% wn=49.93 CSI=0.1689 AIS=0.4429 BEM=-1.0000
  E170/200: loss=0.0291 tr_acc=98.98% te_acc=87.07% wn=49.97 CSI=0.2486 AIS=0.5372 BEM=-1.0000
Traceback (most recent call last):
  File "/home/ccwang/sibyl-research-system/workspaces/dynamic-wd/iter_005/exp/code/train_unified.py", line 376, in <module>
    main()
  File "/home/ccwang/sibyl-research-system/workspaces/dynamic-wd/iter_005/exp/code/train_unified.py", line 372, in main
    run_training(config)
  File "/home/ccwang/sibyl-research-system/workspaces/dynamic-wd/iter_005/exp/code/train_unified.py", line 309, in run_training
    with open(epoch_log_path, 'a') as f:
         ^^^^^^^^^^^^^^^^^^^^^^^^^
FileNotFoundError: [Errno 2] No such file or directory: '/home/ccwang/sibyl-research-system/workspaces/dynamic-wd/current/exp/results/full/nobn/cifar10/resnet20_nobn/no_wd/seed_123/epoch_metrics.jsonl'
