============================================================
Training resnet20_nobn on cifar10
WD method: constant, base WD: 0.0005
Epochs: 200, LR: 0.0005, Batch: 128
Seed: 456, Device: cuda:7
Output: /home/ccwang/sibyl-research-system/workspaces/dynamic-wd/current/exp/results/full/nobn/cifar10/resnet20_nobn/constant/seed_456
============================================================
  E  0/200: loss=1.8598 tr_acc=28.76% te_acc=39.63% wn=17.84 CSI=0.0000 AIS=0.4506 BEM=0.0000
  E 10/200: loss=0.8358 tr_acc=70.28% te_acc=69.70% wn=27.31 CSI=0.2877 AIS=0.4528 BEM=0.0000
  E 20/200: loss=0.5677 tr_acc=80.21% te_acc=79.01% wn=32.14 CSI=0.1155 AIS=0.5150 BEM=0.0000
  E 30/200: loss=0.4460 tr_acc=84.38% te_acc=82.40% wn=35.94 CSI=0.0577 AIS=0.4696 BEM=0.0000
  E 40/200: loss=0.3611 tr_acc=87.32% te_acc=84.03% wn=39.09 CSI=0.0521 AIS=0.4738 BEM=0.0000
  E 50/200: loss=0.3017 tr_acc=89.25% te_acc=85.55% wn=41.75 CSI=0.0612 AIS=0.5741 BEM=0.0000
  E 60/200: loss=0.2542 tr_acc=90.99% te_acc=85.87% wn=43.96 CSI=0.0519 AIS=0.3789 BEM=0.0000
  E 70/200: loss=0.2155 tr_acc=92.36% te_acc=86.17% wn=45.73 CSI=0.0736 AIS=0.3532 BEM=0.0000
  E 80/200: loss=0.1890 tr_acc=93.25% te_acc=85.38% wn=47.16 CSI=0.0671 AIS=0.3935 BEM=0.0000
  E 90/200: loss=0.1568 tr_acc=94.34% te_acc=85.88% wn=48.26 CSI=0.0679 AIS=0.4947 BEM=0.0000
  E100/200: loss=0.1314 tr_acc=95.19% te_acc=87.07% wn=49.11 CSI=0.0937 AIS=0.5212 BEM=0.0000
  E110/200: loss=0.1085 tr_acc=96.13% te_acc=86.66% wn=49.74 CSI=0.0803 AIS=0.4335 BEM=0.0000
  E120/200: loss=0.0966 tr_acc=96.52% te_acc=87.24% wn=50.18 CSI=0.1355 AIS=0.4908 BEM=0.0000
  E130/200: loss=0.0790 tr_acc=97.07% te_acc=87.31% wn=50.49 CSI=0.1632 AIS=0.3960 BEM=0.0000
  E140/200: loss=0.0614 tr_acc=97.78% te_acc=86.94% wn=50.69 CSI=0.1120 AIS=0.4698 BEM=0.0000
  E150/200: loss=0.0489 tr_acc=98.26% te_acc=87.02% wn=50.82 CSI=0.2196 AIS=0.3033 BEM=0.0000
  E160/200: loss=0.0418 tr_acc=98.53% te_acc=87.29% wn=50.89 CSI=0.1324 AIS=0.4503 BEM=0.0000
  E170/200: loss=0.0356 tr_acc=98.79% te_acc=87.46% wn=50.93 CSI=0.1356 AIS=0.3993 BEM=0.0000
  E180/200: loss=0.0296 tr_acc=98.95% te_acc=87.17% wn=50.95 CSI=0.2348 AIS=0.4348 BEM=0.0000
  E190/200: loss=0.0275 tr_acc=99.05% te_acc=87.34% wn=50.96 CSI=0.3940 AIS=0.4947 BEM=0.0000
  E199/200: loss=0.0284 tr_acc=99.01% te_acc=87.28% wn=50.96 CSI=0.8013 AIS=0.3704 BEM=0.0000

Done! Best: 87.58%, Time: 2691.5s
