Device: cuda:0
GPU name: NVIDIA RTX PRO 6000 Blackwell Server Edition
GPU memory: 102.0 GB

Loading CIFAR-100...
/home/ccwang/miniforge3/envs/sibyl_dynamic-wd/lib/python3.12/site-packages/torchvision/datasets/cifar.py:83: VisibleDeprecationWarning: dtype(): align should be passed as Python or NumPy boolean but got `align=0`. Did you mean to pass a tuple to create a subarray type? (Deprecated NumPy 2.4)
  entry = pickle.load(f, encoding="latin1")
Train batches: 390, Test batches: 79

====================================================================================================
FULL: Phase 2a Ablation -- UDWDC-v2 Variants on CIFAR-100/VGG-16-BN
Epochs: 200, Seeds: [42, 123, 456], Batch size: 128
Model: vgg16_bn, Dataset: cifar100
All UDWDC variants use v2 with floor clipping (0.1 * lambda_base)
====================================================================================================

--- [1/24] FixedWD seed=42 (K_p=0.0, K_i=0.0, K_d=0.0) [Fixed WD baseline] ---
  [FixedWD|s42] Epoch 1/200 | Train: 2.1% Test: 2.7% Best: 2.7% | Loss: 4.4436 WD: 0.000064 LR: 0.100000 | Time: 6s ETA: 21.5min
  [FixedWD|s42] Epoch 20/200 | Train: 42.1% Test: 41.0% Best: 44.5% | Loss: 2.1797 WD: 0.000064 LR: 0.097790 | Time: 126s ETA: 18.9min
  [FixedWD|s42] Epoch 40/200 | Train: 64.2% Test: 56.9% Best: 57.2% | Loss: 1.3217 WD: 0.000064 LR: 0.090907 | Time: 250s ETA: 16.7min
  [FixedWD|s42] Epoch 60/200 | Train: 77.8% Test: 64.4% Best: 64.4% | Loss: 0.8095 WD: 0.000064 LR: 0.080021 | Time: 374s ETA: 14.6min
  [FixedWD|s42] Epoch 80/200 | Train: 87.1% Test: 64.5% Best: 65.6% | Loss: 0.4773 WD: 0.000064 LR: 0.066196 | Time: 496s ETA: 12.4min
  [FixedWD|s42] Epoch 100/200 | Train: 93.4% Test: 66.8% Best: 67.8% | Loss: 0.2420 WD: 0.000064 LR: 0.050785 | Time: 621s ETA: 10.4min
  [FixedWD|s42] Epoch 120/200 | Train: 97.0% Test: 67.3% Best: 68.3% | Loss: 0.1110 WD: 0.000064 LR: 0.035298 | Time: 746s ETA: 8.3min
  [FixedWD|s42] Epoch 140/200 | Train: 98.8% Test: 68.8% Best: 69.0% | Loss: 0.0449 WD: 0.000064 LR: 0.021250 | Time: 871s ETA: 6.2min
  [FixedWD|s42] Epoch 160/200 | Train: 99.5% Test: 69.3% Best: 69.6% | Loss: 0.0192 WD: 0.000064 LR: 0.010016 | Time: 994s ETA: 4.1min
  [FixedWD|s42] Epoch 180/200 | Train: 99.7% Test: 70.0% Best: 70.0% | Loss: 0.0105 WD: 0.000064 LR: 0.002696 | Time: 1116s ETA: 2.1min
  [FixedWD|s42] Epoch 200/200 | Train: 99.7% Test: 69.9% Best: 70.0% | Loss: 0.0094 WD: 0.000064 LR: 0.000006 | Time: 1241s ETA: 0.0min
  -> Best: 70.05% | WD Budget: 0.580000 | CSI: 0.2393 | Time: 1241s

--- [2/24] FixedWD seed=123 (K_p=0.0, K_i=0.0, K_d=0.0) [Fixed WD baseline] ---
  [FixedWD|s123] Epoch 1/200 | Train: 2.1% Test: 3.1% Best: 3.1% | Loss: 4.4530 WD: 0.000064 LR: 0.100000 | Time: 6s ETA: 20.5min
  [FixedWD|s123] Epoch 20/200 | Train: 45.3% Test: 44.5% Best: 45.9% | Loss: 2.0053 WD: 0.000064 LR: 0.097790 | Time: 125s ETA: 18.8min
  [FixedWD|s123] Epoch 40/200 | Train: 66.8% Test: 58.3% Best: 58.3% | Loss: 1.2235 WD: 0.000064 LR: 0.090907 | Time: 252s ETA: 16.8min
  [FixedWD|s123] Epoch 60/200 | Train: 79.3% Test: 63.3% Best: 64.0% | Loss: 0.7508 WD: 0.000064 LR: 0.080021 | Time: 377s ETA: 14.7min
  [FixedWD|s123] Epoch 80/200 | Train: 88.5% Test: 66.2% Best: 66.2% | Loss: 0.4268 WD: 0.000064 LR: 0.066196 | Time: 499s ETA: 12.5min
  [FixedWD|s123] Epoch 100/200 | Train: 93.9% Test: 67.6% Best: 67.6% | Loss: 0.2236 WD: 0.000064 LR: 0.050785 | Time: 624s ETA: 10.4min
  [FixedWD|s123] Epoch 120/200 | Train: 97.3% Test: 68.3% Best: 68.7% | Loss: 0.0998 WD: 0.000064 LR: 0.035298 | Time: 749s ETA: 8.3min
  [FixedWD|s123] Epoch 140/200 | Train: 98.9% Test: 69.5% Best: 69.5% | Loss: 0.0392 WD: 0.000064 LR: 0.021250 | Time: 874s ETA: 6.2min
  [FixedWD|s123] Epoch 160/200 | Train: 99.6% Test: 69.9% Best: 69.9% | Loss: 0.0170 WD: 0.000064 LR: 0.010016 | Time: 1000s ETA: 4.2min
  [FixedWD|s123] Epoch 180/200 | Train: 99.8% Test: 70.3% Best: 70.3% | Loss: 0.0087 WD: 0.000064 LR: 0.002696 | Time: 1122s ETA: 2.1min
  [FixedWD|s123] Epoch 200/200 | Train: 99.8% Test: 70.0% Best: 70.3% | Loss: 0.0076 WD: 0.000064 LR: 0.000006 | Time: 1247s ETA: 0.0min
  -> Best: 70.35% | WD Budget: 0.580000 | CSI: 0.2393 | Time: 1247s

--- [3/24] FixedWD seed=456 (K_p=0.0, K_i=0.0, K_d=0.0) [Fixed WD baseline] ---
  [FixedWD|s456] Epoch 1/200 | Train: 2.1% Test: 3.0% Best: 3.0% | Loss: 4.4458 WD: 0.000064 LR: 0.100000 | Time: 6s ETA: 20.5min
  [FixedWD|s456] Epoch 20/200 | Train: 49.1% Test: 49.9% Best: 49.9% | Loss: 1.8683 WD: 0.000064 LR: 0.097790 | Time: 126s ETA: 18.8min
  [FixedWD|s456] Epoch 40/200 | Train: 71.3% Test: 60.3% Best: 61.0% | Loss: 1.0557 WD: 0.000064 LR: 0.090907 | Time: 252s ETA: 16.8min
  [FixedWD|s456] Epoch 60/200 | Train: 82.7% Test: 64.8% Best: 65.3% | Loss: 0.6310 WD: 0.000064 LR: 0.080021 | Time: 377s ETA: 14.7min
  [FixedWD|s456] Epoch 80/200 | Train: 90.2% Test: 65.6% Best: 66.7% | Loss: 0.3572 WD: 0.000064 LR: 0.066196 | Time: 499s ETA: 12.5min
  [FixedWD|s456] Epoch 100/200 | Train: 95.0% Test: 67.8% Best: 68.2% | Loss: 0.1837 WD: 0.000064 LR: 0.050785 | Time: 623s ETA: 10.4min
  [FixedWD|s456] Epoch 120/200 | Train: 97.9% Test: 69.0% Best: 69.0% | Loss: 0.0755 WD: 0.000064 LR: 0.035298 | Time: 748s ETA: 8.3min
  [FixedWD|s456] Epoch 140/200 | Train: 99.1% Test: 70.1% Best: 70.1% | Loss: 0.0323 WD: 0.000064 LR: 0.021250 | Time: 873s ETA: 6.2min
  [FixedWD|s456] Epoch 160/200 | Train: 99.7% Test: 70.7% Best: 70.7% | Loss: 0.0115 WD: 0.000064 LR: 0.010016 | Time: 998s ETA: 4.2min
  [FixedWD|s456] Epoch 180/200 | Train: 99.8% Test: 70.9% Best: 71.1% | Loss: 0.0076 WD: 0.000064 LR: 0.002696 | Time: 1121s ETA: 2.1min
  [FixedWD|s456] Epoch 200/200 | Train: 99.8% Test: 71.2% Best: 71.2% | Loss: 0.0061 WD: 0.000064 LR: 0.000006 | Time: 1247s ETA: 0.0min
  -> Best: 71.19% | WD Budget: 0.580000 | CSI: 0.2393 | Time: 1247s

--- [4/24] Kp_only seed=42 (K_p=0.5, K_i=0.0, K_d=0.0) [Proportional only] ---
  [UDWDC_v2_Kp_only|s42] Epoch 1/200 | Train: 1.9% Test: 3.0% Best: 3.0% | Loss: 4.4826 WD: 0.000006 LR: 0.100000 | Time: 33s ETA: 110.8min
  [UDWDC_v2_Kp_only|s42] Epoch 20/200 | Train: 44.1% Test: 45.4% Best: 45.4% | Loss: 2.0690 WD: 0.000006 LR: 0.097790 | Time: 672s ETA: 100.8min
  [UDWDC_v2_Kp_only|s42] Epoch 40/200 | Train: 60.8% Test: 53.9% Best: 56.7% | Loss: 1.4796 WD: 0.000006 LR: 0.090907 | Time: 1289s ETA: 86.0min
  [UDWDC_v2_Kp_only|s42] Epoch 60/200 | Train: 73.6% Test: 62.0% Best: 62.1% | Loss: 0.9760 WD: 0.000006 LR: 0.080021 | Time: 1911s ETA: 74.3min
  [UDWDC_v2_Kp_only|s42] Epoch 80/200 | Train: 82.9% Test: 64.2% Best: 65.4% | Loss: 0.6112 WD: 0.000006 LR: 0.066196 | Time: 2584s ETA: 64.6min
  [UDWDC_v2_Kp_only|s42] Epoch 100/200 | Train: 91.1% Test: 65.5% Best: 66.4% | Loss: 0.3148 WD: 0.000006 LR: 0.050785 | Time: 3259s ETA: 54.3min
  [UDWDC_v2_Kp_only|s42] Epoch 120/200 | Train: 95.4% Test: 66.7% Best: 67.3% | Loss: 0.1623 WD: 0.000006 LR: 0.035298 | Time: 3928s ETA: 43.6min
  [UDWDC_v2_Kp_only|s42] Epoch 140/200 | Train: 97.5% Test: 67.1% Best: 67.5% | Loss: 0.0848 WD: 0.000006 LR: 0.021250 | Time: 4599s ETA: 32.8min
  [UDWDC_v2_Kp_only|s42] Epoch 160/200 | Train: 98.9% Test: 68.2% Best: 68.3% | Loss: 0.0379 WD: 0.000006 LR: 0.010016 | Time: 5217s ETA: 21.7min
  [UDWDC_v2_Kp_only|s42] Epoch 180/200 | Train: 99.3% Test: 68.5% Best: 68.7% | Loss: 0.0253 WD: 0.000007 LR: 0.002696 | Time: 5885s ETA: 10.9min
  [UDWDC_v2_Kp_only|s42] Epoch 200/200 | Train: 99.4% Test: 68.4% Best: 68.7% | Loss: 0.0202 WD: 0.000508 LR: 0.000006 | Time: 6560s ETA: 0.0min
  -> Best: 68.67% | WD Budget: 0.324947 | CSI: 0.2393 | Time: 6560s

--- [5/24] Kp_only seed=123 (K_p=0.5, K_i=0.0, K_d=0.0) [Proportional only] ---
  [UDWDC_v2_Kp_only|s123] Epoch 1/200 | Train: 1.5% Test: 1.8% Best: 1.8% | Loss: 4.5517 WD: 0.000006 LR: 0.100000 | Time: 34s ETA: 112.0min
  [UDWDC_v2_Kp_only|s123] Epoch 20/200 | Train: 42.5% Test: 44.5% Best: 44.5% | Loss: 2.1152 WD: 0.000006 LR: 0.097790 | Time: 672s ETA: 100.8min
  [UDWDC_v2_Kp_only|s123] Epoch 40/200 | Train: 58.0% Test: 56.4% Best: 56.4% | Loss: 1.6117 WD: 0.000006 LR: 0.090907 | Time: 1348s ETA: 89.9min
  [UDWDC_v2_Kp_only|s123] Epoch 60/200 | Train: 71.0% Test: 60.2% Best: 61.5% | Loss: 1.0927 WD: 0.000006 LR: 0.080021 | Time: 2020s ETA: 78.6min
  [UDWDC_v2_Kp_only|s123] Epoch 80/200 | Train: 78.3% Test: 62.9% Best: 64.3% | Loss: 0.8166 WD: 0.000006 LR: 0.066196 | Time: 2680s ETA: 67.0min
  [UDWDC_v2_Kp_only|s123] Epoch 100/200 | Train: 89.4% Test: 65.9% Best: 65.9% | Loss: 0.3863 WD: 0.000006 LR: 0.050785 | Time: 3340s ETA: 55.7min
  [UDWDC_v2_Kp_only|s123] Epoch 120/200 | Train: 94.8% Test: 66.6% Best: 66.6% | Loss: 0.2041 WD: 0.000006 LR: 0.035298 | Time: 4014s ETA: 44.6min
  [UDWDC_v2_Kp_only|s123] Epoch 140/200 | Train: 97.9% Test: 67.6% Best: 67.6% | Loss: 0.0749 WD: 0.000006 LR: 0.021250 | Time: 4691s ETA: 33.5min
  [UDWDC_v2_Kp_only|s123] Epoch 160/200 | Train: 99.1% Test: 67.8% Best: 68.1% | Loss: 0.0337 WD: 0.000006 LR: 0.010016 | Time: 5349s ETA: 22.3min
  [UDWDC_v2_Kp_only|s123] Epoch 180/200 | Train: 99.4% Test: 68.0% Best: 68.1% | Loss: 0.0194 WD: 0.000011 LR: 0.002696 | Time: 5985s ETA: 11.1min
  [UDWDC_v2_Kp_only|s123] Epoch 200/200 | Train: 99.5% Test: 67.8% Best: 68.1% | Loss: 0.0165 WD: 0.000513 LR: 0.000006 | Time: 6657s ETA: 0.0min
  -> Best: 68.09% | WD Budget: 0.316127 | CSI: 0.2393 | Time: 6657s

--- [6/24] Kp_only seed=456 (K_p=0.5, K_i=0.0, K_d=0.0) [Proportional only] ---
  [UDWDC_v2_Kp_only|s456] Epoch 1/200 | Train: 2.2% Test: 2.9% Best: 2.9% | Loss: 4.4356 WD: 0.000006 LR: 0.100000 | Time: 35s ETA: 115.3min
  [UDWDC_v2_Kp_only|s456] Epoch 20/200 | Train: 42.3% Test: 44.7% Best: 44.7% | Loss: 2.1552 WD: 0.000006 LR: 0.097790 | Time: 654s ETA: 98.1min
  [UDWDC_v2_Kp_only|s456] Epoch 40/200 | Train: 62.6% Test: 55.4% Best: 57.8% | Loss: 1.4076 WD: 0.000006 LR: 0.090907 | Time: 1329s ETA: 88.6min
  [UDWDC_v2_Kp_only|s456] Epoch 60/200 | Train: 73.8% Test: 59.9% Best: 62.8% | Loss: 0.9710 WD: 0.000006 LR: 0.080021 | Time: 1960s ETA: 76.2min
  [UDWDC_v2_Kp_only|s456] Epoch 80/200 | Train: 85.0% Test: 65.6% Best: 65.6% | Loss: 0.5426 WD: 0.000006 LR: 0.066196 | Time: 2584s ETA: 64.6min
  [UDWDC_v2_Kp_only|s456] Epoch 100/200 | Train: 92.5% Test: 66.6% Best: 66.8% | Loss: 0.2685 WD: 0.000006 LR: 0.050785 | Time: 3259s ETA: 54.3min
  [UDWDC_v2_Kp_only|s456] Epoch 120/200 | Train: 96.6% Test: 67.1% Best: 67.8% | Loss: 0.1204 WD: 0.000006 LR: 0.035298 | Time: 3918s ETA: 43.5min
  [UDWDC_v2_Kp_only|s456] Epoch 140/200 | Train: 98.5% Test: 67.8% Best: 67.8% | Loss: 0.0553 WD: 0.000006 LR: 0.021250 | Time: 4580s ETA: 32.7min
  [UDWDC_v2_Kp_only|s456] Epoch 160/200 | Train: 99.3% Test: 68.3% Best: 68.4% | Loss: 0.0235 WD: 0.000006 LR: 0.010016 | Time: 5247s ETA: 21.9min
  [UDWDC_v2_Kp_only|s456] Epoch 180/200 | Train: 99.6% Test: 68.6% Best: 68.7% | Loss: 0.0133 WD: 0.000006 LR: 0.002696 | Time: 5487s ETA: 10.2min
  [UDWDC_v2_Kp_only|s456] Epoch 200/200 | Train: 99.7% Test: 68.5% Best: 68.8% | Loss: 0.0116 WD: 0.000434 LR: 0.000006 | Time: 5559s ETA: 0.0min
  -> Best: 68.79% | WD Budget: 0.258753 | CSI: 0.2393 | Time: 5559s

--- [7/24] Ki_only seed=42 (K_p=0.0, K_i=0.1, K_d=0.0) [Integral only] ---
  [UDWDC_v2_Ki_only|s42] Epoch 1/200 | Train: 1.9% Test: 2.9% Best: 2.9% | Loss: 4.4770 WD: 0.000030 LR: 0.100000 | Time: 4s ETA: 11.8min
  [UDWDC_v2_Ki_only|s42] Epoch 20/200 | Train: 42.3% Test: 45.7% Best: 45.7% | Loss: 2.1489 WD: 0.000006 LR: 0.097790 | Time: 71s ETA: 10.6min
  [UDWDC_v2_Ki_only|s42] Epoch 40/200 | Train: 64.2% Test: 58.8% Best: 58.8% | Loss: 1.3269 WD: 0.000006 LR: 0.090907 | Time: 143s ETA: 9.5min
  [UDWDC_v2_Ki_only|s42] Epoch 60/200 | Train: 71.0% Test: 61.6% Best: 63.0% | Loss: 1.0627 WD: 0.000006 LR: 0.080021 | Time: 217s ETA: 8.4min
  [UDWDC_v2_Ki_only|s42] Epoch 80/200 | Train: 84.1% Test: 58.0% Best: 64.7% | Loss: 0.5725 WD: 0.000006 LR: 0.066196 | Time: 288s ETA: 7.2min
  [UDWDC_v2_Ki_only|s42] Epoch 100/200 | Train: 83.9% Test: 64.5% Best: 65.8% | Loss: 0.5889 WD: 0.000006 LR: 0.050785 | Time: 360s ETA: 6.0min
  [UDWDC_v2_Ki_only|s42] Epoch 120/200 | Train: 94.4% Test: 66.8% Best: 66.9% | Loss: 0.2002 WD: 0.000006 LR: 0.035298 | Time: 432s ETA: 4.8min
  [UDWDC_v2_Ki_only|s42] Epoch 140/200 | Train: 96.7% Test: 66.7% Best: 67.4% | Loss: 0.1142 WD: 0.000006 LR: 0.021250 | Time: 504s ETA: 3.6min
  [UDWDC_v2_Ki_only|s42] Epoch 160/200 | Train: 98.5% Test: 67.9% Best: 68.6% | Loss: 0.0488 WD: 0.000006 LR: 0.010016 | Time: 574s ETA: 2.4min
  [UDWDC_v2_Ki_only|s42] Epoch 180/200 | Train: 99.1% Test: 68.4% Best: 68.8% | Loss: 0.0305 WD: 0.000010 LR: 0.002696 | Time: 645s ETA: 1.2min
  [UDWDC_v2_Ki_only|s42] Epoch 200/200 | Train: 99.2% Test: 68.5% Best: 68.8% | Loss: 0.0262 WD: 0.000188 LR: 0.000006 | Time: 717s ETA: 0.0min
  -> Best: 68.76% | WD Budget: 0.160680 | CSI: 0.2393 | Time: 717s

--- [8/24] Ki_only seed=123 (K_p=0.0, K_i=0.1, K_d=0.0) [Integral only] ---
  [UDWDC_v2_Ki_only|s123] Epoch 1/200 | Train: 1.5% Test: 1.8% Best: 1.8% | Loss: 4.5514 WD: 0.000028 LR: 0.100000 | Time: 4s ETA: 11.9min
  [UDWDC_v2_Ki_only|s123] Epoch 20/200 | Train: 43.2% Test: 42.7% Best: 42.7% | Loss: 2.0949 WD: 0.000006 LR: 0.097790 | Time: 72s ETA: 10.7min
  [UDWDC_v2_Ki_only|s123] Epoch 40/200 | Train: 62.7% Test: 56.9% Best: 57.5% | Loss: 1.3796 WD: 0.000006 LR: 0.090907 | Time: 143s ETA: 9.6min
  [UDWDC_v2_Ki_only|s123] Epoch 60/200 | Train: 70.3% Test: 61.0% Best: 62.9% | Loss: 1.1155 WD: 0.000006 LR: 0.080021 | Time: 215s ETA: 8.4min
  [UDWDC_v2_Ki_only|s123] Epoch 80/200 | Train: 83.4% Test: 64.8% Best: 65.3% | Loss: 0.5941 WD: 0.000006 LR: 0.066196 | Time: 287s ETA: 7.2min
  [UDWDC_v2_Ki_only|s123] Epoch 100/200 | Train: 88.2% Test: 65.4% Best: 66.3% | Loss: 0.4341 WD: 0.000006 LR: 0.050785 | Time: 359s ETA: 6.0min
  [UDWDC_v2_Ki_only|s123] Epoch 120/200 | Train: 95.5% Test: 67.5% Best: 67.6% | Loss: 0.1553 WD: 0.000006 LR: 0.035298 | Time: 431s ETA: 4.8min
  [UDWDC_v2_Ki_only|s123] Epoch 140/200 | Train: 97.6% Test: 68.4% Best: 68.4% | Loss: 0.0824 WD: 0.000006 LR: 0.021250 | Time: 503s ETA: 3.6min
  [UDWDC_v2_Ki_only|s123] Epoch 160/200 | Train: 98.8% Test: 69.1% Best: 69.1% | Loss: 0.0395 WD: 0.000006 LR: 0.010016 | Time: 574s ETA: 2.4min
  [UDWDC_v2_Ki_only|s123] Epoch 180/200 | Train: 99.3% Test: 69.2% Best: 69.2% | Loss: 0.0242 WD: 0.000008 LR: 0.002696 | Time: 646s ETA: 1.2min
  [UDWDC_v2_Ki_only|s123] Epoch 200/200 | Train: 99.3% Test: 69.0% Best: 69.3% | Loss: 0.0229 WD: 0.000174 LR: 0.000006 | Time: 717s ETA: 0.0min
  -> Best: 69.33% | WD Budget: 0.141534 | CSI: 0.2393 | Time: 717s

--- [9/24] Ki_only seed=456 (K_p=0.0, K_i=0.1, K_d=0.0) [Integral only] ---
  [UDWDC_v2_Ki_only|s456] Epoch 1/200 | Train: 2.1% Test: 3.3% Best: 3.3% | Loss: 4.4445 WD: 0.000028 LR: 0.100000 | Time: 4s ETA: 11.8min
  [UDWDC_v2_Ki_only|s456] Epoch 20/200 | Train: 49.4% Test: 48.2% Best: 48.2% | Loss: 1.8709 WD: 0.000006 LR: 0.097790 | Time: 71s ETA: 10.7min
  [UDWDC_v2_Ki_only|s456] Epoch 40/200 | Train: 71.9% Test: 61.4% Best: 61.4% | Loss: 1.0350 WD: 0.000006 LR: 0.090907 | Time: 143s ETA: 9.5min
  [UDWDC_v2_Ki_only|s456] Epoch 60/200 | Train: 83.4% Test: 64.5% Best: 65.0% | Loss: 0.6040 WD: 0.000006 LR: 0.080021 | Time: 215s ETA: 8.4min
  [UDWDC_v2_Ki_only|s456] Epoch 80/200 | Train: 91.1% Test: 67.0% Best: 67.2% | Loss: 0.3241 WD: 0.000006 LR: 0.066196 | Time: 287s ETA: 7.2min
  [UDWDC_v2_Ki_only|s456] Epoch 100/200 | Train: 95.5% Test: 68.1% Best: 68.4% | Loss: 0.1625 WD: 0.000006 LR: 0.050785 | Time: 359s ETA: 6.0min
  [UDWDC_v2_Ki_only|s456] Epoch 120/200 | Train: 98.0% Test: 69.2% Best: 69.4% | Loss: 0.0712 WD: 0.000006 LR: 0.035298 | Time: 432s ETA: 4.8min
  [UDWDC_v2_Ki_only|s456] Epoch 140/200 | Train: 99.2% Test: 70.2% Best: 70.2% | Loss: 0.0297 WD: 0.000006 LR: 0.021250 | Time: 503s ETA: 3.6min
  [UDWDC_v2_Ki_only|s456] Epoch 160/200 | Train: 99.6% Test: 70.5% Best: 70.6% | Loss: 0.0128 WD: 0.000006 LR: 0.010016 | Time: 575s ETA: 2.4min
  [UDWDC_v2_Ki_only|s456] Epoch 180/200 | Train: 99.8% Test: 70.8% Best: 70.8% | Loss: 0.0079 WD: 0.000006 LR: 0.002696 | Time: 647s ETA: 1.2min
  [UDWDC_v2_Ki_only|s456] Epoch 200/200 | Train: 99.8% Test: 70.7% Best: 70.8% | Loss: 0.0065 WD: 0.000118 LR: 0.000006 | Time: 719s ETA: 0.0min
  -> Best: 70.84% | WD Budget: 0.100969 | CSI: 0.2393 | Time: 719s

--- [10/24] Kd_only seed=42 (K_p=0.0, K_i=0.0, K_d=0.3) [Derivative/alignment only] ---
  [UDWDC_v2_Kd_only|s42] Epoch 1/200 | Train: 2.2% Test: 3.1% Best: 3.1% | Loss: 4.4429 WD: 0.000095 LR: 0.100000 | Time: 4s ETA: 11.9min
  [UDWDC_v2_Kd_only|s42] Epoch 20/200 | Train: 46.4% Test: 46.6% Best: 46.6% | Loss: 1.9672 WD: 0.000086 LR: 0.097790 | Time: 71s ETA: 10.7min
  [UDWDC_v2_Kd_only|s42] Epoch 40/200 | Train: 68.6% Test: 58.3% Best: 60.0% | Loss: 1.1566 WD: 0.000071 LR: 0.090907 | Time: 142s ETA: 9.5min
  [UDWDC_v2_Kd_only|s42] Epoch 60/200 | Train: 81.2% Test: 64.1% Best: 64.8% | Loss: 0.6922 WD: 0.000065 LR: 0.080021 | Time: 214s ETA: 8.3min
  [UDWDC_v2_Kd_only|s42] Epoch 80/200 | Train: 89.2% Test: 65.9% Best: 66.7% | Loss: 0.3986 WD: 0.000060 LR: 0.066196 | Time: 286s ETA: 7.1min
  [UDWDC_v2_Kd_only|s42] Epoch 100/200 | Train: 94.5% Test: 67.2% Best: 67.2% | Loss: 0.2022 WD: 0.000061 LR: 0.050785 | Time: 358s ETA: 6.0min
  [UDWDC_v2_Kd_only|s42] Epoch 120/200 | Train: 97.4% Test: 68.7% Best: 68.7% | Loss: 0.0910 WD: 0.000059 LR: 0.035298 | Time: 429s ETA: 4.8min
  [UDWDC_v2_Kd_only|s42] Epoch 140/200 | Train: 99.1% Test: 69.3% Best: 69.3% | Loss: 0.0337 WD: 0.000058 LR: 0.021250 | Time: 501s ETA: 3.6min
  [UDWDC_v2_Kd_only|s42] Epoch 160/200 | Train: 99.6% Test: 69.6% Best: 70.0% | Loss: 0.0147 WD: 0.000058 LR: 0.010016 | Time: 572s ETA: 2.4min
  [UDWDC_v2_Kd_only|s42] Epoch 180/200 | Train: 99.8% Test: 70.1% Best: 70.2% | Loss: 0.0080 WD: 0.000062 LR: 0.002696 | Time: 644s ETA: 1.2min
  [UDWDC_v2_Kd_only|s42] Epoch 200/200 | Train: 99.8% Test: 70.2% Best: 70.2% | Loss: 0.0071 WD: 0.000065 LR: 0.000006 | Time: 715s ETA: 0.0min
  -> Best: 70.24% | WD Budget: 0.595056 | CSI: 0.2393 | Time: 715s

--- [11/24] Kd_only seed=123 (K_p=0.0, K_i=0.0, K_d=0.3) [Derivative/alignment only] ---
  [UDWDC_v2_Kd_only|s123] Epoch 1/200 | Train: 1.7% Test: 3.0% Best: 3.0% | Loss: 4.4972 WD: 0.000094 LR: 0.100000 | Time: 4s ETA: 11.9min
  [UDWDC_v2_Kd_only|s123] Epoch 20/200 | Train: 47.9% Test: 47.6% Best: 47.6% | Loss: 1.9173 WD: 0.000082 LR: 0.097790 | Time: 71s ETA: 10.7min
  [UDWDC_v2_Kd_only|s123] Epoch 40/200 | Train: 70.5% Test: 60.7% Best: 60.8% | Loss: 1.0781 WD: 0.000070 LR: 0.090907 | Time: 142s ETA: 9.5min
  [UDWDC_v2_Kd_only|s123] Epoch 60/200 | Train: 82.8% Test: 64.1% Best: 65.2% | Loss: 0.6374 WD: 0.000067 LR: 0.080021 | Time: 213s ETA: 8.3min
  [UDWDC_v2_Kd_only|s123] Epoch 80/200 | Train: 89.8% Test: 65.9% Best: 66.7% | Loss: 0.3708 WD: 0.000061 LR: 0.066196 | Time: 284s ETA: 7.1min
  [UDWDC_v2_Kd_only|s123] Epoch 100/200 | Train: 95.1% Test: 67.9% Best: 67.9% | Loss: 0.1805 WD: 0.000060 LR: 0.050785 | Time: 356s ETA: 5.9min
  [UDWDC_v2_Kd_only|s123] Epoch 120/200 | Train: 97.7% Test: 68.4% Best: 68.9% | Loss: 0.0828 WD: 0.000058 LR: 0.035298 | Time: 428s ETA: 4.8min
  [UDWDC_v2_Kd_only|s123] Epoch 140/200 | Train: 99.2% Test: 69.9% Best: 69.9% | Loss: 0.0302 WD: 0.000058 LR: 0.021250 | Time: 500s ETA: 3.6min
  [UDWDC_v2_Kd_only|s123] Epoch 160/200 | Train: 99.7% Test: 70.3% Best: 70.4% | Loss: 0.0124 WD: 0.000058 LR: 0.010016 | Time: 572s ETA: 2.4min
  [UDWDC_v2_Kd_only|s123] Epoch 180/200 | Train: 99.8% Test: 70.6% Best: 70.8% | Loss: 0.0070 WD: 0.000062 LR: 0.002696 | Time: 644s ETA: 1.2min
  [UDWDC_v2_Kd_only|s123] Epoch 200/200 | Train: 99.8% Test: 70.7% Best: 71.0% | Loss: 0.0060 WD: 0.000065 LR: 0.000006 | Time: 715s ETA: 0.0min
  -> Best: 70.95% | WD Budget: 0.590253 | CSI: 0.2393 | Time: 715s

--- [12/24] Kd_only seed=456 (K_p=0.0, K_i=0.0, K_d=0.3) [Derivative/alignment only] ---
  [UDWDC_v2_Kd_only|s456] Epoch 1/200 | Train: 2.1% Test: 3.1% Best: 3.1% | Loss: 4.4387 WD: 0.000099 LR: 0.100000 | Time: 4s ETA: 11.6min
  [UDWDC_v2_Kd_only|s456] Epoch 20/200 | Train: 49.6% Test: 49.8% Best: 49.8% | Loss: 1.8591 WD: 0.000086 LR: 0.097790 | Time: 71s ETA: 10.7min
  [UDWDC_v2_Kd_only|s456] Epoch 40/200 | Train: 71.8% Test: 60.9% Best: 60.9% | Loss: 1.0452 WD: 0.000072 LR: 0.090907 | Time: 143s ETA: 9.5min
  [UDWDC_v2_Kd_only|s456] Epoch 60/200 | Train: 83.0% Test: 64.1% Best: 64.9% | Loss: 0.6182 WD: 0.000064 LR: 0.080021 | Time: 214s ETA: 8.3min
  [UDWDC_v2_Kd_only|s456] Epoch 80/200 | Train: 90.6% Test: 67.5% Best: 67.5% | Loss: 0.3464 WD: 0.000064 LR: 0.066196 | Time: 287s ETA: 7.2min
  [UDWDC_v2_Kd_only|s456] Epoch 100/200 | Train: 95.4% Test: 68.8% Best: 68.8% | Loss: 0.1742 WD: 0.000060 LR: 0.050785 | Time: 359s ETA: 6.0min
  [UDWDC_v2_Kd_only|s456] Epoch 120/200 | Train: 98.0% Test: 69.0% Best: 69.0% | Loss: 0.0730 WD: 0.000059 LR: 0.035298 | Time: 431s ETA: 4.8min
  [UDWDC_v2_Kd_only|s456] Epoch 140/200 | Train: 99.2% Test: 70.0% Best: 70.0% | Loss: 0.0288 WD: 0.000058 LR: 0.021250 | Time: 504s ETA: 3.6min
  [UDWDC_v2_Kd_only|s456] Epoch 160/200 | Train: 99.6% Test: 70.1% Best: 70.2% | Loss: 0.0120 WD: 0.000058 LR: 0.010016 | Time: 575s ETA: 2.4min
  [UDWDC_v2_Kd_only|s456] Epoch 180/200 | Train: 99.8% Test: 70.4% Best: 70.7% | Loss: 0.0071 WD: 0.000062 LR: 0.002696 | Time: 647s ETA: 1.2min
  [UDWDC_v2_Kd_only|s456] Epoch 200/200 | Train: 99.8% Test: 70.5% Best: 70.7% | Loss: 0.0063 WD: 0.000065 LR: 0.000006 | Time: 719s ETA: 0.0min
  -> Best: 70.74% | WD Budget: 0.598078 | CSI: 0.2393 | Time: 719s

--- [13/24] PI_control seed=42 (K_p=0.5, K_i=0.1, K_d=0.0) [PI (CPR-like)] ---
  [UDWDC_v2_PI_control|s42] Epoch 1/200 | Train: 2.0% Test: 3.2% Best: 3.2% | Loss: 4.4707 WD: 0.000028 LR: 0.100000 | Time: 4s ETA: 12.0min
  [UDWDC_v2_PI_control|s42] Epoch 20/200 | Train: 37.6% Test: 45.1% Best: 45.1% | Loss: 2.3965 WD: 0.000006 LR: 0.097790 | Time: 73s ETA: 10.9min
  [UDWDC_v2_PI_control|s42] Epoch 40/200 | Train: 58.6% Test: 56.6% Best: 57.5% | Loss: 1.5761 WD: 0.000006 LR: 0.090907 | Time: 144s ETA: 9.6min
  [UDWDC_v2_PI_control|s42] Epoch 60/200 | Train: 68.6% Test: 56.6% Best: 60.8% | Loss: 1.1834 WD: 0.000006 LR: 0.080021 | Time: 216s ETA: 8.4min
  [UDWDC_v2_PI_control|s42] Epoch 80/200 | Train: 78.8% Test: 63.6% Best: 64.7% | Loss: 0.7814 WD: 0.000006 LR: 0.066196 | Time: 288s ETA: 7.2min
  [UDWDC_v2_PI_control|s42] Epoch 100/200 | Train: 87.9% Test: 65.2% Best: 65.8% | Loss: 0.4444 WD: 0.000006 LR: 0.050785 | Time: 360s ETA: 6.0min
  [UDWDC_v2_PI_control|s42] Epoch 120/200 | Train: 93.2% Test: 66.2% Best: 66.2% | Loss: 0.2536 WD: 0.000006 LR: 0.035298 | Time: 432s ETA: 4.8min
  [UDWDC_v2_PI_control|s42] Epoch 140/200 | Train: 96.8% Test: 67.0% Best: 67.0% | Loss: 0.1092 WD: 0.000006 LR: 0.021250 | Time: 505s ETA: 3.6min
  [UDWDC_v2_PI_control|s42] Epoch 160/200 | Train: 98.2% Test: 67.3% Best: 67.4% | Loss: 0.0589 WD: 0.000006 LR: 0.010016 | Time: 578s ETA: 2.4min
  [UDWDC_v2_PI_control|s42] Epoch 180/200 | Train: 98.9% Test: 68.0% Best: 68.0% | Loss: 0.0357 WD: 0.000064 LR: 0.002696 | Time: 652s ETA: 1.2min
  [UDWDC_v2_PI_control|s42] Epoch 200/200 | Train: 99.2% Test: 67.9% Best: 68.2% | Loss: 0.0267 WD: 0.000577 LR: 0.000006 | Time: 725s ETA: 0.0min
  -> Best: 68.16% | WD Budget: 0.417067 | CSI: 0.2393 | Time: 725s

--- [14/24] PI_control seed=123 (K_p=0.5, K_i=0.1, K_d=0.0) [PI (CPR-like)] ---
  [UDWDC_v2_PI_control|s123] Epoch 1/200 | Train: 1.7% Test: 2.8% Best: 2.8% | Loss: 4.5262 WD: 0.000028 LR: 0.100000 | Time: 4s ETA: 12.0min
  [UDWDC_v2_PI_control|s123] Epoch 20/200 | Train: 41.7% Test: 42.7% Best: 43.5% | Loss: 2.1856 WD: 0.000006 LR: 0.097790 | Time: 73s ETA: 11.0min
  [UDWDC_v2_PI_control|s123] Epoch 40/200 | Train: 60.4% Test: 55.5% Best: 55.9% | Loss: 1.4869 WD: 0.000006 LR: 0.090907 | Time: 147s ETA: 9.8min
  [UDWDC_v2_PI_control|s123] Epoch 60/200 | Train: 71.4% Test: 62.1% Best: 62.5% | Loss: 1.0689 WD: 0.000006 LR: 0.080021 | Time: 221s ETA: 8.6min
  [UDWDC_v2_PI_control|s123] Epoch 80/200 | Train: 81.0% Test: 65.0% Best: 65.0% | Loss: 0.6855 WD: 0.000006 LR: 0.066196 | Time: 294s ETA: 7.4min
  [UDWDC_v2_PI_control|s123] Epoch 100/200 | Train: 88.0% Test: 66.1% Best: 66.1% | Loss: 0.4432 WD: 0.000006 LR: 0.050785 | Time: 368s ETA: 6.1min
  [UDWDC_v2_PI_control|s123] Epoch 120/200 | Train: 93.9% Test: 66.0% Best: 66.8% | Loss: 0.2161 WD: 0.000006 LR: 0.035298 | Time: 442s ETA: 4.9min
  [UDWDC_v2_PI_control|s123] Epoch 140/200 | Train: 97.1% Test: 67.2% Best: 67.6% | Loss: 0.1044 WD: 0.000006 LR: 0.021250 | Time: 515s ETA: 3.7min
  [UDWDC_v2_PI_control|s123] Epoch 160/200 | Train: 98.9% Test: 67.9% Best: 68.0% | Loss: 0.0403 WD: 0.000006 LR: 0.010016 | Time: 588s ETA: 2.5min
  [UDWDC_v2_PI_control|s123] Epoch 180/200 | Train: 99.3% Test: 68.2% Best: 68.5% | Loss: 0.0244 WD: 0.000033 LR: 0.002696 | Time: 661s ETA: 1.2min
  [UDWDC_v2_PI_control|s123] Epoch 200/200 | Train: 99.4% Test: 68.3% Best: 68.5% | Loss: 0.0187 WD: 0.000563 LR: 0.000006 | Time: 736s ETA: 0.0min
  -> Best: 68.51% | WD Budget: 0.342869 | CSI: 0.2393 | Time: 736s

--- [15/24] PI_control seed=456 (K_p=0.5, K_i=0.1, K_d=0.0) [PI (CPR-like)] ---
  [UDWDC_v2_PI_control|s456] Epoch 1/200 | Train: 2.3% Test: 3.1% Best: 3.1% | Loss: 4.4346 WD: 0.000006 LR: 0.100000 | Time: 4s ETA: 12.0min
  [UDWDC_v2_PI_control|s456] Epoch 20/200 | Train: 49.3% Test: 48.5% Best: 48.5% | Loss: 1.8750 WD: 0.000006 LR: 0.097790 | Time: 73s ETA: 11.0min
  [UDWDC_v2_PI_control|s456] Epoch 40/200 | Train: 71.5% Test: 61.8% Best: 61.8% | Loss: 1.0559 WD: 0.000006 LR: 0.090907 | Time: 146s ETA: 9.8min
  [UDWDC_v2_PI_control|s456] Epoch 60/200 | Train: 83.1% Test: 64.4% Best: 65.2% | Loss: 0.6232 WD: 0.000006 LR: 0.080021 | Time: 219s ETA: 8.5min
  [UDWDC_v2_PI_control|s456] Epoch 80/200 | Train: 91.1% Test: 67.1% Best: 67.1% | Loss: 0.3272 WD: 0.000006 LR: 0.066196 | Time: 293s ETA: 7.3min
  [UDWDC_v2_PI_control|s456] Epoch 100/200 | Train: 95.6% Test: 68.4% Best: 68.4% | Loss: 0.1591 WD: 0.000006 LR: 0.050785 | Time: 366s ETA: 6.1min
  [UDWDC_v2_PI_control|s456] Epoch 120/200 | Train: 98.1% Test: 68.8% Best: 69.4% | Loss: 0.0720 WD: 0.000006 LR: 0.035298 | Time: 439s ETA: 4.9min
  [UDWDC_v2_PI_control|s456] Epoch 140/200 | Train: 99.2% Test: 69.6% Best: 70.2% | Loss: 0.0285 WD: 0.000006 LR: 0.021250 | Time: 512s ETA: 3.7min
  [UDWDC_v2_PI_control|s456] Epoch 160/200 | Train: 99.6% Test: 70.4% Best: 70.6% | Loss: 0.0147 WD: 0.000006 LR: 0.010016 | Time: 585s ETA: 2.4min
  [UDWDC_v2_PI_control|s456] Epoch 180/200 | Train: 99.7% Test: 70.5% Best: 70.6% | Loss: 0.0087 WD: 0.000006 LR: 0.002696 | Time: 659s ETA: 1.2min
  [UDWDC_v2_PI_control|s456] Epoch 200/200 | Train: 99.8% Test: 70.6% Best: 70.7% | Loss: 0.0062 WD: 0.000418 LR: 0.000006 | Time: 732s ETA: 0.0min
  -> Best: 70.68% | WD Budget: 0.192285 | CSI: 0.2393 | Time: 732s

--- [16/24] PD_control seed=42 (K_p=0.5, K_i=0.0, K_d=0.3) [PD (CWD-like)] ---
  [UDWDC_v2_PD_control|s42] Epoch 1/200 | Train: 1.9% Test: 3.1% Best: 3.1% | Loss: 4.4805 WD: 0.000006 LR: 0.100000 | Time: 4s ETA: 12.3min
  [UDWDC_v2_PD_control|s42] Epoch 20/200 | Train: 44.3% Test: 46.3% Best: 46.3% | Loss: 2.0607 WD: 0.000006 LR: 0.097790 | Time: 73s ETA: 11.0min
  [UDWDC_v2_PD_control|s42] Epoch 40/200 | Train: 62.8% Test: 52.0% Best: 58.0% | Loss: 1.3871 WD: 0.000006 LR: 0.090907 | Time: 146s ETA: 9.8min
  [UDWDC_v2_PD_control|s42] Epoch 60/200 | Train: 77.2% Test: 63.2% Best: 63.4% | Loss: 0.8239 WD: 0.000006 LR: 0.080021 | Time: 220s ETA: 8.5min
  [UDWDC_v2_PD_control|s42] Epoch 80/200 | Train: 85.1% Test: 64.9% Best: 65.1% | Loss: 0.5352 WD: 0.000006 LR: 0.066196 | Time: 293s ETA: 7.3min
  [UDWDC_v2_PD_control|s42] Epoch 100/200 | Train: 91.4% Test: 66.1% Best: 66.2% | Loss: 0.3078 WD: 0.000006 LR: 0.050785 | Time: 365s ETA: 6.1min
  [UDWDC_v2_PD_control|s42] Epoch 120/200 | Train: 94.3% Test: 66.1% Best: 66.7% | Loss: 0.2010 WD: 0.000006 LR: 0.035298 | Time: 438s ETA: 4.9min
  [UDWDC_v2_PD_control|s42] Epoch 140/200 | Train: 97.5% Test: 67.6% Best: 67.9% | Loss: 0.0828 WD: 0.000006 LR: 0.021250 | Time: 510s ETA: 3.6min
  [UDWDC_v2_PD_control|s42] Epoch 160/200 | Train: 97.9% Test: 67.4% Best: 68.3% | Loss: 0.0695 WD: 0.000006 LR: 0.010016 | Time: 583s ETA: 2.4min
  [UDWDC_v2_PD_control|s42] Epoch 180/200 | Train: 98.9% Test: 68.4% Best: 68.4% | Loss: 0.0341 WD: 0.000007 LR: 0.002696 | Time: 656s ETA: 1.2min
  [UDWDC_v2_PD_control|s42] Epoch 200/200 | Train: 99.0% Test: 68.7% Best: 68.7% | Loss: 0.0320 WD: 0.000556 LR: 0.000006 | Time: 730s ETA: 0.0min
  -> Best: 68.66% | WD Budget: 0.388818 | CSI: 0.2393 | Time: 730s

--- [17/24] PD_control seed=123 (K_p=0.5, K_i=0.0, K_d=0.3) [PD (CWD-like)] ---
  [UDWDC_v2_PD_control|s123] Epoch 1/200 | Train: 1.6% Test: 2.0% Best: 2.0% | Loss: 4.5543 WD: 0.000006 LR: 0.100000 | Time: 4s ETA: 12.1min
  [UDWDC_v2_PD_control|s123] Epoch 20/200 | Train: 45.1% Test: 46.1% Best: 46.1% | Loss: 2.0247 WD: 0.000006 LR: 0.097790 | Time: 74s ETA: 11.0min
  [UDWDC_v2_PD_control|s123] Epoch 40/200 | Train: 63.3% Test: 57.1% Best: 58.2% | Loss: 1.3682 WD: 0.000006 LR: 0.090907 | Time: 147s ETA: 9.8min
  [UDWDC_v2_PD_control|s123] Epoch 60/200 | Train: 75.8% Test: 62.6% Best: 62.6% | Loss: 0.8806 WD: 0.000006 LR: 0.080021 | Time: 220s ETA: 8.5min
  [UDWDC_v2_PD_control|s123] Epoch 80/200 | Train: 82.7% Test: 64.8% Best: 64.8% | Loss: 0.6288 WD: 0.000006 LR: 0.066196 | Time: 293s ETA: 7.3min
  [UDWDC_v2_PD_control|s123] Epoch 100/200 | Train: 92.4% Test: 66.3% Best: 66.3% | Loss: 0.2748 WD: 0.000006 LR: 0.050785 | Time: 366s ETA: 6.1min
  [UDWDC_v2_PD_control|s123] Epoch 120/200 | Train: 96.6% Test: 67.6% Best: 67.6% | Loss: 0.1260 WD: 0.000006 LR: 0.035298 | Time: 439s ETA: 4.9min
  [UDWDC_v2_PD_control|s123] Epoch 140/200 | Train: 98.5% Test: 67.8% Best: 68.2% | Loss: 0.0526 WD: 0.000006 LR: 0.021250 | Time: 512s ETA: 3.7min
  [UDWDC_v2_PD_control|s123] Epoch 160/200 | Train: 99.3% Test: 68.6% Best: 68.7% | Loss: 0.0248 WD: 0.000006 LR: 0.010016 | Time: 586s ETA: 2.4min
  [UDWDC_v2_PD_control|s123] Epoch 180/200 | Train: 99.6% Test: 68.8% Best: 69.1% | Loss: 0.0140 WD: 0.000006 LR: 0.002696 | Time: 659s ETA: 1.2min
  [UDWDC_v2_PD_control|s123] Epoch 200/200 | Train: 99.7% Test: 68.7% Best: 69.1% | Loss: 0.0125 WD: 0.000489 LR: 0.000006 | Time: 732s ETA: 0.0min
  -> Best: 69.13% | WD Budget: 0.274775 | CSI: 0.2393 | Time: 732s

--- [18/24] PD_control seed=456 (K_p=0.5, K_i=0.0, K_d=0.3) [PD (CWD-like)] ---
  [UDWDC_v2_PD_control|s456] Epoch 1/200 | Train: 2.2% Test: 2.8% Best: 2.8% | Loss: 4.4495 WD: 0.000006 LR: 0.100000 | Time: 4s ETA: 12.1min
  [UDWDC_v2_PD_control|s456] Epoch 20/200 | Train: 46.3% Test: 45.6% Best: 46.0% | Loss: 1.9852 WD: 0.000006 LR: 0.097790 | Time: 73s ETA: 10.9min
  [UDWDC_v2_PD_control|s456] Epoch 40/200 | Train: 65.5% Test: 60.3% Best: 60.3% | Loss: 1.2754 WD: 0.000006 LR: 0.090907 | Time: 146s ETA: 9.7min
  [UDWDC_v2_PD_control|s456] Epoch 60/200 | Train: 79.1% Test: 61.9% Best: 63.3% | Loss: 0.7562 WD: 0.000006 LR: 0.080021 | Time: 219s ETA: 8.5min
  [UDWDC_v2_PD_control|s456] Epoch 80/200 | Train: 88.7% Test: 66.0% Best: 66.0% | Loss: 0.4157 WD: 0.000006 LR: 0.066196 | Time: 292s ETA: 7.3min
  [UDWDC_v2_PD_control|s456] Epoch 100/200 | Train: 94.5% Test: 67.2% Best: 67.6% | Loss: 0.2040 WD: 0.000006 LR: 0.050785 | Time: 365s ETA: 6.1min
  [UDWDC_v2_PD_control|s456] Epoch 120/200 | Train: 97.4% Test: 68.0% Best: 68.1% | Loss: 0.0951 WD: 0.000006 LR: 0.035298 | Time: 438s ETA: 4.9min
  [UDWDC_v2_PD_control|s456] Epoch 140/200 | Train: 98.9% Test: 69.3% Best: 69.3% | Loss: 0.0374 WD: 0.000006 LR: 0.021250 | Time: 511s ETA: 3.6min
  [UDWDC_v2_PD_control|s456] Epoch 160/200 | Train: 99.5% Test: 69.7% Best: 69.7% | Loss: 0.0173 WD: 0.000006 LR: 0.010016 | Time: 583s ETA: 2.4min
  [UDWDC_v2_PD_control|s456] Epoch 180/200 | Train: 99.7% Test: 69.7% Best: 69.9% | Loss: 0.0113 WD: 0.000006 LR: 0.002696 | Time: 656s ETA: 1.2min
  [UDWDC_v2_PD_control|s456] Epoch 200/200 | Train: 99.7% Test: 69.9% Best: 70.0% | Loss: 0.0099 WD: 0.000473 LR: 0.000006 | Time: 729s ETA: 0.0min
  -> Best: 70.04% | WD Budget: 0.237151 | CSI: 0.2393 | Time: 729s

--- [19/24] Full_PID seed=42 (K_p=0.5, K_i=0.1, K_d=0.3) [Full PID] ---
  [UDWDC_v2_Full_PID|s42] Epoch 1/200 | Train: 2.1% Test: 3.1% Best: 3.1% | Loss: 4.4612 WD: 0.000028 LR: 0.100000 | Time: 4s ETA: 11.9min
  [UDWDC_v2_Full_PID|s42] Epoch 20/200 | Train: 41.9% Test: 44.5% Best: 44.5% | Loss: 2.1809 WD: 0.000006 LR: 0.097790 | Time: 73s ETA: 10.9min
  [UDWDC_v2_Full_PID|s42] Epoch 40/200 | Train: 61.6% Test: 55.5% Best: 57.2% | Loss: 1.4439 WD: 0.000006 LR: 0.090907 | Time: 145s ETA: 9.7min
  [UDWDC_v2_Full_PID|s42] Epoch 60/200 | Train: 69.5% Test: 61.8% Best: 61.8% | Loss: 1.1447 WD: 0.000006 LR: 0.080021 | Time: 218s ETA: 8.5min
  [UDWDC_v2_Full_PID|s42] Epoch 80/200 | Train: 83.6% Test: 64.4% Best: 65.2% | Loss: 0.5925 WD: 0.000006 LR: 0.066196 | Time: 291s ETA: 7.3min
  [UDWDC_v2_Full_PID|s42] Epoch 100/200 | Train: 88.9% Test: 65.5% Best: 65.5% | Loss: 0.4008 WD: 0.000006 LR: 0.050785 | Time: 364s ETA: 6.1min
  [UDWDC_v2_Full_PID|s42] Epoch 120/200 | Train: 93.8% Test: 65.9% Best: 66.3% | Loss: 0.2234 WD: 0.000006 LR: 0.035298 | Time: 438s ETA: 4.9min
  [UDWDC_v2_Full_PID|s42] Epoch 140/200 | Train: 97.8% Test: 67.4% Best: 67.6% | Loss: 0.0812 WD: 0.000006 LR: 0.021250 | Time: 511s ETA: 3.7min
  [UDWDC_v2_Full_PID|s42] Epoch 160/200 | Train: 99.1% Test: 68.3% Best: 68.3% | Loss: 0.0331 WD: 0.000006 LR: 0.010016 | Time: 584s ETA: 2.4min
  [UDWDC_v2_Full_PID|s42] Epoch 180/200 | Train: 99.4% Test: 68.6% Best: 68.6% | Loss: 0.0229 WD: 0.000017 LR: 0.002696 | Time: 657s ETA: 1.2min
  [UDWDC_v2_Full_PID|s42] Epoch 200/200 | Train: 99.5% Test: 68.8% Best: 68.8% | Loss: 0.0188 WD: 0.000536 LR: 0.000006 | Time: 730s ETA: 0.0min
  -> Best: 68.81% | WD Budget: 0.328029 | CSI: 0.2393 | Time: 730s

--- [20/24] Full_PID seed=123 (K_p=0.5, K_i=0.1, K_d=0.3) [Full PID] ---
  [UDWDC_v2_Full_PID|s123] Epoch 1/200 | Train: 1.7% Test: 2.7% Best: 2.7% | Loss: 4.5277 WD: 0.000028 LR: 0.100000 | Time: 4s ETA: 12.0min
  [UDWDC_v2_Full_PID|s123] Epoch 20/200 | Train: 39.5% Test: 34.7% Best: 44.5% | Loss: 2.3154 WD: 0.000006 LR: 0.097790 | Time: 73s ETA: 10.9min
  [UDWDC_v2_Full_PID|s123] Epoch 40/200 | Train: 62.9% Test: 58.2% Best: 58.2% | Loss: 1.3874 WD: 0.000006 LR: 0.090907 | Time: 146s ETA: 9.7min
  [UDWDC_v2_Full_PID|s123] Epoch 60/200 | Train: 68.8% Test: 60.3% Best: 61.3% | Loss: 1.1709 WD: 0.000006 LR: 0.080021 | Time: 219s ETA: 8.5min
  [UDWDC_v2_Full_PID|s123] Epoch 80/200 | Train: 80.0% Test: 62.6% Best: 63.5% | Loss: 0.7337 WD: 0.000006 LR: 0.066196 | Time: 292s ETA: 7.3min
  [UDWDC_v2_Full_PID|s123] Epoch 100/200 | Train: 91.1% Test: 65.5% Best: 65.8% | Loss: 0.3215 WD: 0.000006 LR: 0.050785 | Time: 365s ETA: 6.1min
  [UDWDC_v2_Full_PID|s123] Epoch 120/200 | Train: 96.0% Test: 65.8% Best: 66.5% | Loss: 0.1458 WD: 0.000006 LR: 0.035298 | Time: 438s ETA: 4.9min
  [UDWDC_v2_Full_PID|s123] Epoch 140/200 | Train: 98.3% Test: 66.9% Best: 67.3% | Loss: 0.0617 WD: 0.000006 LR: 0.021250 | Time: 512s ETA: 3.7min
  [UDWDC_v2_Full_PID|s123] Epoch 160/200 | Train: 99.2% Test: 67.6% Best: 67.6% | Loss: 0.0285 WD: 0.000006 LR: 0.010016 | Time: 585s ETA: 2.4min
  [UDWDC_v2_Full_PID|s123] Epoch 180/200 | Train: 99.5% Test: 67.9% Best: 67.9% | Loss: 0.0185 WD: 0.000006 LR: 0.002696 | Time: 658s ETA: 1.2min
  [UDWDC_v2_Full_PID|s123] Epoch 200/200 | Train: 99.6% Test: 67.8% Best: 68.0% | Loss: 0.0156 WD: 0.000554 LR: 0.000006 | Time: 731s ETA: 0.0min
  -> Best: 68.02% | WD Budget: 0.302129 | CSI: 0.2393 | Time: 731s

--- [21/24] Full_PID seed=456 (K_p=0.5, K_i=0.1, K_d=0.3) [Full PID] ---
  [UDWDC_v2_Full_PID|s456] Epoch 1/200 | Train: 2.1% Test: 3.0% Best: 3.0% | Loss: 4.4335 WD: 0.000006 LR: 0.100000 | Time: 4s ETA: 12.2min
  [UDWDC_v2_Full_PID|s456] Epoch 20/200 | Train: 49.3% Test: 49.3% Best: 49.3% | Loss: 1.8755 WD: 0.000006 LR: 0.097790 | Time: 73s ETA: 11.0min
  [UDWDC_v2_Full_PID|s456] Epoch 40/200 | Train: 71.6% Test: 62.1% Best: 62.1% | Loss: 1.0517 WD: 0.000006 LR: 0.090907 | Time: 147s ETA: 9.8min
  [UDWDC_v2_Full_PID|s456] Epoch 60/200 | Train: 83.1% Test: 66.9% Best: 66.9% | Loss: 0.6174 WD: 0.000006 LR: 0.080021 | Time: 219s ETA: 8.5min
  [UDWDC_v2_Full_PID|s456] Epoch 80/200 | Train: 90.7% Test: 66.5% Best: 67.0% | Loss: 0.3447 WD: 0.000006 LR: 0.066196 | Time: 291s ETA: 7.3min
  [UDWDC_v2_Full_PID|s456] Epoch 100/200 | Train: 95.5% Test: 67.7% Best: 68.2% | Loss: 0.1641 WD: 0.000006 LR: 0.050785 | Time: 365s ETA: 6.1min
  [UDWDC_v2_Full_PID|s456] Epoch 120/200 | Train: 97.9% Test: 69.2% Best: 69.6% | Loss: 0.0747 WD: 0.000006 LR: 0.035298 | Time: 438s ETA: 4.9min
  [UDWDC_v2_Full_PID|s456] Epoch 140/200 | Train: 99.2% Test: 70.2% Best: 70.6% | Loss: 0.0297 WD: 0.000006 LR: 0.021250 | Time: 510s ETA: 3.6min
  [UDWDC_v2_Full_PID|s456] Epoch 160/200 | Train: 99.6% Test: 70.5% Best: 70.8% | Loss: 0.0133 WD: 0.000006 LR: 0.010016 | Time: 583s ETA: 2.4min
  [UDWDC_v2_Full_PID|s456] Epoch 180/200 | Train: 99.7% Test: 70.8% Best: 71.0% | Loss: 0.0077 WD: 0.000006 LR: 0.002696 | Time: 656s ETA: 1.2min
  [UDWDC_v2_Full_PID|s456] Epoch 200/200 | Train: 99.8% Test: 70.9% Best: 71.0% | Loss: 0.0067 WD: 0.000432 LR: 0.000006 | Time: 729s ETA: 0.0min
  -> Best: 71.05% | WD Budget: 0.199744 | CSI: 0.2393 | Time: 729s

--- [22/24] UDWDC_v2 seed=42 (K_p=0.5, K_i=0.1, K_d=0.3) [UDWDC-v2 default] ---
  [UDWDC_v2_UDWDC_v2|s42] Epoch 1/200 | Train: 2.1% Test: 3.1% Best: 3.1% | Loss: 4.4612 WD: 0.000028 LR: 0.100000 | Time: 4s ETA: 12.0min
  [UDWDC_v2_UDWDC_v2|s42] Epoch 20/200 | Train: 41.9% Test: 44.5% Best: 44.5% | Loss: 2.1809 WD: 0.000006 LR: 0.097790 | Time: 73s ETA: 11.0min
  [UDWDC_v2_UDWDC_v2|s42] Epoch 40/200 | Train: 61.6% Test: 55.5% Best: 57.2% | Loss: 1.4439 WD: 0.000006 LR: 0.090907 | Time: 146s ETA: 9.8min
  [UDWDC_v2_UDWDC_v2|s42] Epoch 60/200 | Train: 69.5% Test: 61.8% Best: 61.8% | Loss: 1.1447 WD: 0.000006 LR: 0.080021 | Time: 220s ETA: 8.5min
  [UDWDC_v2_UDWDC_v2|s42] Epoch 80/200 | Train: 83.6% Test: 64.4% Best: 65.2% | Loss: 0.5925 WD: 0.000006 LR: 0.066196 | Time: 293s ETA: 7.3min
  [UDWDC_v2_UDWDC_v2|s42] Epoch 100/200 | Train: 88.9% Test: 65.5% Best: 65.5% | Loss: 0.4008 WD: 0.000006 LR: 0.050785 | Time: 366s ETA: 6.1min
  [UDWDC_v2_UDWDC_v2|s42] Epoch 120/200 | Train: 93.8% Test: 65.9% Best: 66.3% | Loss: 0.2234 WD: 0.000006 LR: 0.035298 | Time: 439s ETA: 4.9min
  [UDWDC_v2_UDWDC_v2|s42] Epoch 140/200 | Train: 97.8% Test: 67.4% Best: 67.6% | Loss: 0.0812 WD: 0.000006 LR: 0.021250 | Time: 512s ETA: 3.7min
  [UDWDC_v2_UDWDC_v2|s42] Epoch 160/200 | Train: 99.1% Test: 68.3% Best: 68.3% | Loss: 0.0331 WD: 0.000006 LR: 0.010016 | Time: 585s ETA: 2.4min
  [UDWDC_v2_UDWDC_v2|s42] Epoch 180/200 | Train: 99.4% Test: 68.6% Best: 68.6% | Loss: 0.0229 WD: 0.000017 LR: 0.002696 | Time: 657s ETA: 1.2min
  [UDWDC_v2_UDWDC_v2|s42] Epoch 200/200 | Train: 99.5% Test: 68.8% Best: 68.8% | Loss: 0.0188 WD: 0.000536 LR: 0.000006 | Time: 729s ETA: 0.0min
  -> Best: 68.81% | WD Budget: 0.328029 | CSI: 0.2393 | Time: 729s

--- [23/24] UDWDC_v2 seed=123 (K_p=0.5, K_i=0.1, K_d=0.3) [UDWDC-v2 default] ---
  [UDWDC_v2_UDWDC_v2|s123] Epoch 1/200 | Train: 1.7% Test: 2.7% Best: 2.7% | Loss: 4.5277 WD: 0.000028 LR: 0.100000 | Time: 4s ETA: 12.1min
  [UDWDC_v2_UDWDC_v2|s123] Epoch 20/200 | Train: 39.5% Test: 34.7% Best: 44.5% | Loss: 2.3154 WD: 0.000006 LR: 0.097790 | Time: 74s ETA: 11.0min
  [UDWDC_v2_UDWDC_v2|s123] Epoch 40/200 | Train: 62.9% Test: 58.2% Best: 58.2% | Loss: 1.3874 WD: 0.000006 LR: 0.090907 | Time: 147s ETA: 9.8min
  [UDWDC_v2_UDWDC_v2|s123] Epoch 60/200 | Train: 68.8% Test: 60.3% Best: 61.3% | Loss: 1.1709 WD: 0.000006 LR: 0.080021 | Time: 220s ETA: 8.6min
  [UDWDC_v2_UDWDC_v2|s123] Epoch 80/200 | Train: 80.0% Test: 62.6% Best: 63.5% | Loss: 0.7337 WD: 0.000006 LR: 0.066196 | Time: 293s ETA: 7.3min
  [UDWDC_v2_UDWDC_v2|s123] Epoch 100/200 | Train: 91.1% Test: 65.5% Best: 65.8% | Loss: 0.3215 WD: 0.000006 LR: 0.050785 | Time: 366s ETA: 6.1min
  [UDWDC_v2_UDWDC_v2|s123] Epoch 120/200 | Train: 96.0% Test: 65.8% Best: 66.5% | Loss: 0.1458 WD: 0.000006 LR: 0.035298 | Time: 439s ETA: 4.9min
  [UDWDC_v2_UDWDC_v2|s123] Epoch 140/200 | Train: 98.3% Test: 66.9% Best: 67.3% | Loss: 0.0617 WD: 0.000006 LR: 0.021250 | Time: 512s ETA: 3.7min
  [UDWDC_v2_UDWDC_v2|s123] Epoch 160/200 | Train: 99.2% Test: 67.6% Best: 67.6% | Loss: 0.0285 WD: 0.000006 LR: 0.010016 | Time: 586s ETA: 2.4min
  [UDWDC_v2_UDWDC_v2|s123] Epoch 180/200 | Train: 99.5% Test: 67.9% Best: 67.9% | Loss: 0.0185 WD: 0.000006 LR: 0.002696 | Time: 659s ETA: 1.2min
  [UDWDC_v2_UDWDC_v2|s123] Epoch 200/200 | Train: 99.6% Test: 67.8% Best: 68.0% | Loss: 0.0156 WD: 0.000554 LR: 0.000006 | Time: 733s ETA: 0.0min
  -> Best: 68.02% | WD Budget: 0.302129 | CSI: 0.2393 | Time: 733s

--- [24/24] UDWDC_v2 seed=456 (K_p=0.5, K_i=0.1, K_d=0.3) [UDWDC-v2 default] ---
  [UDWDC_v2_UDWDC_v2|s456] Epoch 1/200 | Train: 2.1% Test: 3.0% Best: 3.0% | Loss: 4.4335 WD: 0.000006 LR: 0.100000 | Time: 4s ETA: 12.1min
  [UDWDC_v2_UDWDC_v2|s456] Epoch 20/200 | Train: 49.3% Test: 49.3% Best: 49.3% | Loss: 1.8755 WD: 0.000006 LR: 0.097790 | Time: 73s ETA: 10.9min
  [UDWDC_v2_UDWDC_v2|s456] Epoch 40/200 | Train: 71.6% Test: 62.1% Best: 62.1% | Loss: 1.0517 WD: 0.000006 LR: 0.090907 | Time: 144s ETA: 9.6min
  [UDWDC_v2_UDWDC_v2|s456] Epoch 60/200 | Train: 83.1% Test: 66.9% Best: 66.9% | Loss: 0.6174 WD: 0.000006 LR: 0.080021 | Time: 216s ETA: 8.4min
  [UDWDC_v2_UDWDC_v2|s456] Epoch 80/200 | Train: 90.7% Test: 66.5% Best: 67.0% | Loss: 0.3447 WD: 0.000006 LR: 0.066196 | Time: 287s ETA: 7.2min
  [UDWDC_v2_UDWDC_v2|s456] Epoch 100/200 | Train: 95.5% Test: 67.7% Best: 68.2% | Loss: 0.1641 WD: 0.000006 LR: 0.050785 | Time: 359s ETA: 6.0min
  [UDWDC_v2_UDWDC_v2|s456] Epoch 120/200 | Train: 97.9% Test: 69.2% Best: 69.6% | Loss: 0.0747 WD: 0.000006 LR: 0.035298 | Time: 431s ETA: 4.8min
  [UDWDC_v2_UDWDC_v2|s456] Epoch 140/200 | Train: 99.2% Test: 70.2% Best: 70.6% | Loss: 0.0297 WD: 0.000006 LR: 0.021250 | Time: 503s ETA: 3.6min
  [UDWDC_v2_UDWDC_v2|s456] Epoch 160/200 | Train: 99.6% Test: 70.5% Best: 70.8% | Loss: 0.0133 WD: 0.000006 LR: 0.010016 | Time: 575s ETA: 2.4min
  [UDWDC_v2_UDWDC_v2|s456] Epoch 180/200 | Train: 99.7% Test: 70.8% Best: 71.0% | Loss: 0.0077 WD: 0.000006 LR: 0.002696 | Time: 647s ETA: 1.2min
  [UDWDC_v2_UDWDC_v2|s456] Epoch 200/200 | Train: 99.8% Test: 70.9% Best: 71.0% | Loss: 0.0067 WD: 0.000432 LR: 0.000006 | Time: 718s ETA: 0.0min
  -> Best: 71.05% | WD Budget: 0.199744 | CSI: 0.2393 | Time: 718s

====================================================================================================
AGGREGATE RESULTS (mean +/- std over 3 seeds)
====================================================================================================

Variant           K_p   K_i   K_d       Test Acc%     Gen Gap%    WD Budget          CSI  Time(s)
--------------------------------------------------------------------------------------------------------------
FixedWD           0.0   0.0   0.0   70.53+/-0.48  29.41+/-0.52 0.5800+/-0.0000 0.2393+/-0.0000     3735
Kp_only           0.5   0.0   0.0   68.52+/-0.31  31.30+/-0.30 0.2999+/-0.0293 0.2393+/-0.0000    18776
Ki_only           0.0   0.1   0.0   69.64+/-0.88  30.08+/-0.71 0.1344+/-0.0249 0.2393+/-0.0000     2153
Kd_only           0.0   0.0   0.3   70.64+/-0.30  29.34+/-0.17 0.5945+/-0.0032 0.2393+/-0.0000     2150
PI_control        0.5   0.1   0.0   69.12+/-1.11  30.55+/-0.97 0.3174+/-0.0935 0.2393+/-0.0000     2193
PD_control        0.5   0.0   0.3   69.28+/-0.57  30.36+/-0.44 0.3002+/-0.0645 0.2393+/-0.0000     2191
Full_PID          0.5   0.1   0.3   69.29+/-1.28  30.46+/-1.19 0.2766+/-0.0554 0.2393+/-0.0000     2191
UDWDC_v2          0.5   0.1   0.3   69.29+/-1.28  30.46+/-1.19 0.2766+/-0.0554 0.2393+/-0.0000     2181

Total time: 35573s (9.9h)
Traceback (most recent call last):
  File "/home/ccwang/sibyl-research-system/workspaces/dynamic-wd/iter_014/exp/code/full_ablation_cifar100.py", line 624, in <module>
    success = main()
              ^^^^^^
  File "/home/ccwang/sibyl-research-system/workspaces/dynamic-wd/iter_014/exp/code/full_ablation_cifar100.py", line 516, in main
    accs = aggregate[variant_name]['per_seed_accs']
           ~~~~~~~~~~~~~~~~~~~~~~~^^^^^^^^^^^^^^^^^
KeyError: 'per_seed_accs'
