============================================================
Training resnet20 on cifar10 [SGD]
WD method: cwd_hard, base WD: 0.005
Epochs: 200, LR: 0.01, Batch: 128
Seed: 456, Device: cuda:4
Output: /home/ccwang/sibyl-research-system/workspaces/dynamic-wd/current/exp/results/full/matched_rho_sgd/cifar10/resnet20/cwd_hard/seed_456
============================================================
  E  0/200: loss=1.5288 tr_acc=42.60% te_acc=53.53% wn=32.47 CSI=0.0000 AIS=0.4298 BEM=0.1000
  E 10/200: loss=0.4718 tr_acc=83.61% te_acc=82.53% wn=33.13 CSI=0.6002 AIS=0.3949 BEM=0.5000
  E 20/200: loss=0.3384 tr_acc=88.11% te_acc=84.66% wn=33.25 CSI=0.4982 AIS=0.4167 BEM=0.4810
  E 30/200: loss=0.2737 tr_acc=90.45% te_acc=85.76% wn=33.28 CSI=0.8369 AIS=0.4558 BEM=0.4806
  E 40/200: loss=0.2204 tr_acc=92.28% te_acc=86.64% wn=33.29 CSI=1.1603 AIS=0.4539 BEM=0.4634
  E 50/200: loss=0.1931 tr_acc=93.21% te_acc=86.05% wn=33.27 CSI=0.9810 AIS=0.3318 BEM=0.4725
  E 60/200: loss=0.1646 tr_acc=94.25% te_acc=88.12% wn=33.20 CSI=0.4867 AIS=0.3712 BEM=0.4885
  E 70/200: loss=0.1394 tr_acc=95.11% te_acc=88.37% wn=33.09 CSI=0.3871 AIS=0.3106 BEM=0.4859
  E 80/200: loss=0.1207 tr_acc=95.77% te_acc=88.38% wn=32.91 CSI=0.1346 AIS=0.3100 BEM=0.4901
Traceback (most recent call last):
  File "/home/ccwang/sibyl-research-system/workspaces/dynamic-wd/iter_003/exp/code/train_sgd.py", line 189, in <module>
    main()
  File "/home/ccwang/sibyl-research-system/workspaces/dynamic-wd/iter_003/exp/code/train_sgd.py", line 185, in main
    run_training(config)
  File "/home/ccwang/sibyl-research-system/workspaces/dynamic-wd/iter_003/exp/code/train_sgd.py", line 129, in run_training
    with open(epoch_log_path, 'a') as f:
         ^^^^^^^^^^^^^^^^^^^^^^^^^
FileNotFoundError: [Errno 2] No such file or directory: '/home/ccwang/sibyl-research-system/workspaces/dynamic-wd/current/exp/results/full/matched_rho_sgd/cifar10/resnet20/cwd_hard/seed_456/epoch_metrics.jsonl'
rent/exp/results/full/matched_rho_sgd/cifar10/resnet20/cwd_hard/seed_456/epoch_metrics.jsonl'
