============================================================
Training resnet20 on cifar10
WD method: cwd_hard, base WD: 5e-05
Epochs: 200, LR: 0.001, Batch: 128
Seed: 456, Device: cuda:1
Output: /home/ccwang/sibyl-research-system/workspaces/dynamic-wd/current/exp/results/full/rho_sweep/cifar10/rho_low/cwd_hard/seed_456
============================================================
  E  0/200: loss=1.4545 tr_acc=46.36% te_acc=56.28% wn=33.81 CSI=0.0000 AIS=0.4169 BEM=-0.3000
  E 10/200: loss=0.4653 tr_acc=83.93% te_acc=81.10% wn=46.04 CSI=0.0925 AIS=0.3601 BEM=-0.5364
  E 20/200: loss=0.3268 tr_acc=88.54% te_acc=85.42% wn=55.92 CSI=0.0485 AIS=0.3539 BEM=-0.5143
  E 30/200: loss=0.2533 tr_acc=91.11% te_acc=86.63% wn=64.24 CSI=0.0520 AIS=0.3486 BEM=-0.4903
  E 40/200: loss=0.2041 tr_acc=92.90% te_acc=87.21% wn=71.28 CSI=0.0540 AIS=0.4387 BEM=-0.4951
  E 50/200: loss=0.1633 tr_acc=94.06% te_acc=87.24% wn=77.12 CSI=0.0531 AIS=0.4204 BEM=-0.4980
  E 60/200: loss=0.1341 tr_acc=95.28% te_acc=88.16% wn=81.93 CSI=0.0616 AIS=0.3008 BEM=-0.5066
  E 70/200: loss=0.1084 tr_acc=96.11% te_acc=87.57% wn=85.80 CSI=0.0681 AIS=0.4329 BEM=-0.5099
  E 80/200: loss=0.0884 tr_acc=96.75% te_acc=88.58% wn=88.90 CSI=0.0777 AIS=0.4046 BEM=-0.5185
  E 90/200: loss=0.0753 tr_acc=97.36% te_acc=88.91% wn=91.30 CSI=0.0819 AIS=0.3488 BEM=-0.5143
  E100/200: loss=0.0602 tr_acc=97.85% te_acc=88.93% wn=93.13 CSI=0.0963 AIS=0.2973 BEM=-0.5079
  E110/200: loss=0.0487 tr_acc=98.27% te_acc=89.03% wn=94.47 CSI=0.1023 AIS=0.3476 BEM=-0.5090
  E120/200: loss=0.0372 tr_acc=98.68% te_acc=89.02% wn=95.40 CSI=0.1228 AIS=0.3209 BEM=-0.5033
  E130/200: loss=0.0306 tr_acc=98.91% te_acc=89.31% wn=96.03 CSI=0.1414 AIS=0.3366 BEM=-0.5046
  E140/200: loss=0.0228 tr_acc=99.25% te_acc=89.48% wn=96.41 CSI=0.1737 AIS=0.3308 BEM=-0.5064
  E150/200: loss=0.0188 tr_acc=99.36% te_acc=89.57% wn=96.64 CSI=0.1791 AIS=0.3821 BEM=-0.5053
  E160/200: loss=0.0155 tr_acc=99.48% te_acc=89.49% wn=96.76 CSI=0.1717 AIS=0.3953 BEM=-0.5056
  E170/200: loss=0.0116 tr_acc=99.65% te_acc=89.56% wn=96.82 CSI=0.2455 AIS=0.3104 BEM=-0.5023
  E180/200: loss=0.0116 tr_acc=99.64% te_acc=89.74% wn=96.85 CSI=0.3481 AIS=0.3255 BEM=-0.5039
  E190/200: loss=0.0103 tr_acc=99.69% te_acc=89.66% wn=96.86 CSI=0.4950 AIS=0.3276 BEM=-0.5058
  E199/200: loss=0.0094 tr_acc=99.75% te_acc=89.83% wn=96.86 CSI=0.9310 AIS=0.4208 BEM=-0.5065

Done! Best: 89.96%, Time: 1046.4s
