================================================================================
FULL EXPERIMENT: diagnostic_cifar10 — Phase 1
  Model: resnet20 on cifar10
  Epochs: 200
  Seeds: [42, 123, 456]
  Methods: FixedWD, CWD, SWD, CPR, DefazioCorrective, NoWD, UDWDC, UDWDC-v2
  Total runs: 24
  Expected time: ~288min (4.8h)
================================================================================
Device: cuda:0
Loading CIFAR-10 data...
Train batches: 390, Test batches: 79

======================================================================
[1/24] FixedWD / seed=42 / 200 epochs
======================================================================
  [FixedWD/seed42] Epoch 1/200 | LR: 0.100000 | Train: 35.75% | Test: 47.91% | Best: 47.91% | ETA: 13.1min [run 1/24]
  [FixedWD/seed42] Epoch 10/200 | LR: 0.099501 | Train: 83.46% | Test: 82.06% | Best: 82.06% | ETA: 11.7min [run 1/24]
  [FixedWD/seed42] Epoch 20/200 | LR: 0.097790 | Train: 89.10% | Test: 85.46% | Best: 85.46% | ETA: 11.0min [run 1/24]
  [FixedWD/seed42] Epoch 30/200 | LR: 0.094901 | Train: 92.07% | Test: 84.99% | Best: 86.82% | ETA: 10.4min [run 1/24]
  [FixedWD/seed42] Epoch 40/200 | LR: 0.090907 | Train: 93.66% | Test: 86.42% | Best: 87.73% | ETA: 9.8min [run 1/24]
  [FixedWD/seed42] Epoch 50/200 | LR: 0.085906 | Train: 94.84% | Test: 87.32% | Best: 88.23% | ETA: 9.2min [run 1/24]
  [FixedWD/seed42] Epoch 60/200 | LR: 0.080021 | Train: 95.62% | Test: 88.28% | Best: 88.61% | ETA: 8.4min [run 1/24]
  [FixedWD/seed42] Epoch 70/200 | LR: 0.073396 | Train: 96.50% | Test: 88.59% | Best: 89.22% | ETA: 7.8min [run 1/24]
  [FixedWD/seed42] Epoch 80/200 | LR: 0.066196 | Train: 97.18% | Test: 88.25% | Best: 89.30% | ETA: 7.2min [run 1/24]
  [FixedWD/seed42] Epoch 90/200 | LR: 0.058596 | Train: 97.80% | Test: 88.57% | Best: 89.70% | ETA: 6.6min [run 1/24]
  [FixedWD/seed42] Epoch 100/200 | LR: 0.050785 | Train: 98.14% | Test: 89.43% | Best: 89.70% | ETA: 6.0min [run 1/24]
  [FixedWD/seed42] Epoch 110/200 | LR: 0.042955 | Train: 98.63% | Test: 89.71% | Best: 90.28% | ETA: 5.4min [run 1/24]
  [FixedWD/seed42] Epoch 120/200 | LR: 0.035298 | Train: 99.01% | Test: 90.27% | Best: 90.29% | ETA: 4.8min [run 1/24]
  [FixedWD/seed42] Epoch 130/200 | LR: 0.028003 | Train: 99.33% | Test: 90.46% | Best: 90.46% | ETA: 4.2min [run 1/24]
  [FixedWD/seed42] Epoch 140/200 | LR: 0.021250 | Train: 99.49% | Test: 90.14% | Best: 90.61% | ETA: 3.6min [run 1/24]
  [FixedWD/seed42] Epoch 150/200 | LR: 0.015204 | Train: 99.66% | Test: 90.49% | Best: 90.67% | ETA: 3.0min [run 1/24]
  [FixedWD/seed42] Epoch 160/200 | LR: 0.010016 | Train: 99.73% | Test: 90.22% | Best: 90.67% | ETA: 2.4min [run 1/24]
  [FixedWD/seed42] Epoch 170/200 | LR: 0.005812 | Train: 99.82% | Test: 90.43% | Best: 90.67% | ETA: 1.8min [run 1/24]
  [FixedWD/seed42] Epoch 180/200 | LR: 0.002696 | Train: 99.81% | Test: 90.61% | Best: 90.71% | ETA: 1.2min [run 1/24]
  [FixedWD/seed42] Epoch 190/200 | LR: 0.000745 | Train: 99.84% | Test: 90.72% | Best: 90.79% | ETA: 0.6min [run 1/24]
  [FixedWD/seed42] Epoch 200/200 | LR: 0.000006 | Train: 99.84% | Test: 90.68% | Best: 90.79% | ETA: 0.0min [run 1/24]
  DONE: FixedWD/seed42 | Best: 90.79% | Final: 90.68% | Gen Gap: 9.16% | Time: 715.7s

======================================================================
[2/24] FixedWD / seed=123 / 200 epochs
======================================================================
  [FixedWD/seed123] Epoch 1/200 | LR: 0.100000 | Train: 39.34% | Test: 50.88% | Best: 50.88% | ETA: 12.0min [run 2/24]
  [FixedWD/seed123] Epoch 10/200 | LR: 0.099501 | Train: 84.13% | Test: 82.40% | Best: 82.40% | ETA: 11.5min [run 2/24]
  [FixedWD/seed123] Epoch 20/200 | LR: 0.097790 | Train: 89.25% | Test: 84.07% | Best: 85.01% | ETA: 10.3min [run 2/24]
  [FixedWD/seed123] Epoch 30/200 | LR: 0.094901 | Train: 91.57% | Test: 87.35% | Best: 87.35% | ETA: 9.8min [run 2/24]
  [FixedWD/seed123] Epoch 40/200 | LR: 0.090907 | Train: 93.31% | Test: 86.52% | Best: 87.68% | ETA: 9.3min [run 2/24]
  [FixedWD/seed123] Epoch 50/200 | LR: 0.085906 | Train: 94.80% | Test: 87.89% | Best: 88.49% | ETA: 8.8min [run 2/24]
  [FixedWD/seed123] Epoch 60/200 | LR: 0.080021 | Train: 95.72% | Test: 88.36% | Best: 88.73% | ETA: 8.3min [run 2/24]
  [FixedWD/seed123] Epoch 70/200 | LR: 0.073396 | Train: 96.28% | Test: 88.55% | Best: 88.83% | ETA: 7.7min [run 2/24]
  [FixedWD/seed123] Epoch 80/200 | LR: 0.066196 | Train: 97.14% | Test: 89.46% | Best: 89.48% | ETA: 7.2min [run 2/24]
  [FixedWD/seed123] Epoch 90/200 | LR: 0.058596 | Train: 97.53% | Test: 89.54% | Best: 89.74% | ETA: 6.6min [run 2/24]
  [FixedWD/seed123] Epoch 100/200 | LR: 0.050785 | Train: 98.15% | Test: 89.25% | Best: 89.74% | ETA: 5.9min [run 2/24]
  [FixedWD/seed123] Epoch 110/200 | LR: 0.042955 | Train: 98.50% | Test: 89.46% | Best: 89.83% | ETA: 5.3min [run 2/24]
  [FixedWD/seed123] Epoch 120/200 | LR: 0.035298 | Train: 98.92% | Test: 89.60% | Best: 90.22% | ETA: 4.7min [run 2/24]
  [FixedWD/seed123] Epoch 130/200 | LR: 0.028003 | Train: 99.22% | Test: 89.91% | Best: 90.25% | ETA: 4.2min [run 2/24]
  [FixedWD/seed123] Epoch 140/200 | LR: 0.021250 | Train: 99.43% | Test: 90.16% | Best: 90.27% | ETA: 3.6min [run 2/24]
  [FixedWD/seed123] Epoch 150/200 | LR: 0.015204 | Train: 99.66% | Test: 90.18% | Best: 90.46% | ETA: 3.0min [run 2/24]
  [FixedWD/seed123] Epoch 160/200 | LR: 0.010016 | Train: 99.73% | Test: 90.47% | Best: 90.50% | ETA: 2.4min [run 2/24]
  [FixedWD/seed123] Epoch 170/200 | LR: 0.005812 | Train: 99.75% | Test: 90.60% | Best: 90.71% | ETA: 1.8min [run 2/24]
  [FixedWD/seed123] Epoch 180/200 | LR: 0.002696 | Train: 99.79% | Test: 90.51% | Best: 90.71% | ETA: 1.2min [run 2/24]
  [FixedWD/seed123] Epoch 190/200 | LR: 0.000745 | Train: 99.81% | Test: 90.59% | Best: 90.71% | ETA: 0.6min [run 2/24]
  [FixedWD/seed123] Epoch 200/200 | LR: 0.000006 | Train: 99.81% | Test: 90.66% | Best: 90.71% | ETA: 0.0min [run 2/24]
  DONE: FixedWD/seed123 | Best: 90.71% | Final: 90.66% | Gen Gap: 9.15% | Time: 715.9s

======================================================================
[3/24] FixedWD / seed=456 / 200 epochs
======================================================================
  [FixedWD/seed456] Epoch 1/200 | LR: 0.100000 | Train: 35.81% | Test: 45.14% | Best: 45.14% | ETA: 12.3min [run 3/24]
  [FixedWD/seed456] Epoch 10/200 | LR: 0.099501 | Train: 83.36% | Test: 82.75% | Best: 82.75% | ETA: 11.7min [run 3/24]
  [FixedWD/seed456] Epoch 20/200 | LR: 0.097790 | Train: 88.76% | Test: 83.96% | Best: 84.35% | ETA: 11.1min [run 3/24]
  [FixedWD/seed456] Epoch 30/200 | LR: 0.094901 | Train: 91.27% | Test: 86.40% | Best: 86.46% | ETA: 10.5min [run 3/24]
  [FixedWD/seed456] Epoch 40/200 | LR: 0.090907 | Train: 93.14% | Test: 87.01% | Best: 87.41% | ETA: 9.8min [run 3/24]
  [FixedWD/seed456] Epoch 50/200 | LR: 0.085906 | Train: 94.24% | Test: 87.51% | Best: 87.86% | ETA: 9.1min [run 3/24]
  [FixedWD/seed456] Epoch 60/200 | LR: 0.080021 | Train: 95.37% | Test: 89.18% | Best: 89.18% | ETA: 8.4min [run 3/24]
  [FixedWD/seed456] Epoch 70/200 | LR: 0.073396 | Train: 96.08% | Test: 88.74% | Best: 89.18% | ETA: 7.8min [run 3/24]
  [FixedWD/seed456] Epoch 80/200 | LR: 0.066196 | Train: 96.88% | Test: 89.13% | Best: 89.18% | ETA: 7.2min [run 3/24]
  [FixedWD/seed456] Epoch 90/200 | LR: 0.058596 | Train: 97.34% | Test: 89.18% | Best: 89.18% | ETA: 6.6min [run 3/24]
  [FixedWD/seed456] Epoch 100/200 | LR: 0.050785 | Train: 98.17% | Test: 89.33% | Best: 89.53% | ETA: 6.1min [run 3/24]
  [FixedWD/seed456] Epoch 110/200 | LR: 0.042955 | Train: 98.54% | Test: 89.79% | Best: 89.95% | ETA: 5.5min [run 3/24]
  [FixedWD/seed456] Epoch 120/200 | LR: 0.035298 | Train: 98.95% | Test: 89.82% | Best: 89.95% | ETA: 4.9min [run 3/24]
  [FixedWD/seed456] Epoch 130/200 | LR: 0.028003 | Train: 99.20% | Test: 90.25% | Best: 90.25% | ETA: 4.2min [run 3/24]
  [FixedWD/seed456] Epoch 140/200 | LR: 0.021250 | Train: 99.42% | Test: 90.00% | Best: 90.25% | ETA: 3.6min [run 3/24]
  [FixedWD/seed456] Epoch 150/200 | LR: 0.015204 | Train: 99.57% | Test: 90.40% | Best: 90.40% | ETA: 3.0min [run 3/24]
  [FixedWD/seed456] Epoch 160/200 | LR: 0.010016 | Train: 99.71% | Test: 90.41% | Best: 90.41% | ETA: 2.4min [run 3/24]
  [FixedWD/seed456] Epoch 170/200 | LR: 0.005812 | Train: 99.75% | Test: 90.32% | Best: 90.42% | ETA: 1.8min [run 3/24]
  [FixedWD/seed456] Epoch 180/200 | LR: 0.002696 | Train: 99.82% | Test: 90.28% | Best: 90.42% | ETA: 1.2min [run 3/24]
  [FixedWD/seed456] Epoch 190/200 | LR: 0.000745 | Train: 99.80% | Test: 90.53% | Best: 90.53% | ETA: 0.6min [run 3/24]
  [FixedWD/seed456] Epoch 200/200 | LR: 0.000006 | Train: 99.83% | Test: 90.30% | Best: 90.53% | ETA: 0.0min [run 3/24]
  DONE: FixedWD/seed456 | Best: 90.53% | Final: 90.30% | Gen Gap: 9.53% | Time: 721.9s

======================================================================
[4/24] CWD / seed=42 / 200 epochs
======================================================================
  [CWD/seed42] Epoch 1/200 | LR: 0.100000 | Train: 35.07% | Test: 46.18% | Best: 46.18% | ETA: 24.9min [run 4/24]
  [CWD/seed42] Epoch 10/200 | LR: 0.099501 | Train: 84.43% | Test: 81.26% | Best: 81.26% | ETA: 21.5min [run 4/24]
  [CWD/seed42] Epoch 20/200 | LR: 0.097790 | Train: 89.54% | Test: 84.24% | Best: 86.02% | ETA: 21.5min [run 4/24]
  [CWD/seed42] Epoch 30/200 | LR: 0.094901 | Train: 92.05% | Test: 87.25% | Best: 87.41% | ETA: 20.1min [run 4/24]
  [CWD/seed42] Epoch 40/200 | LR: 0.090907 | Train: 93.85% | Test: 87.22% | Best: 87.57% | ETA: 19.0min [run 4/24]
  [CWD/seed42] Epoch 50/200 | LR: 0.085906 | Train: 94.98% | Test: 87.89% | Best: 87.89% | ETA: 17.9min [run 4/24]
  [CWD/seed42] Epoch 60/200 | LR: 0.080021 | Train: 95.99% | Test: 88.85% | Best: 88.85% | ETA: 16.5min [run 4/24]
  [CWD/seed42] Epoch 70/200 | LR: 0.073396 | Train: 96.72% | Test: 87.99% | Best: 89.14% | ETA: 15.4min [run 4/24]
  [CWD/seed42] Epoch 80/200 | LR: 0.066196 | Train: 97.37% | Test: 88.68% | Best: 89.19% | ETA: 14.2min [run 4/24]
  [CWD/seed42] Epoch 90/200 | LR: 0.058596 | Train: 98.05% | Test: 89.14% | Best: 89.19% | ETA: 13.0min [run 4/24]
  [CWD/seed42] Epoch 100/200 | LR: 0.050785 | Train: 98.55% | Test: 89.42% | Best: 89.49% | ETA: 11.8min [run 4/24]
  [CWD/seed42] Epoch 110/200 | LR: 0.042955 | Train: 98.84% | Test: 89.82% | Best: 89.82% | ETA: 10.6min [run 4/24]
  [CWD/seed42] Epoch 120/200 | LR: 0.035298 | Train: 99.08% | Test: 89.65% | Best: 89.86% | ETA: 9.5min [run 4/24]
  [CWD/seed42] Epoch 130/200 | LR: 0.028003 | Train: 99.29% | Test: 89.93% | Best: 90.20% | ETA: 8.3min [run 4/24]
  [CWD/seed42] Epoch 140/200 | LR: 0.021250 | Train: 99.55% | Test: 90.19% | Best: 90.20% | ETA: 7.1min [run 4/24]
  [CWD/seed42] Epoch 150/200 | LR: 0.015204 | Train: 99.68% | Test: 90.06% | Best: 90.22% | ETA: 5.9min [run 4/24]
  [CWD/seed42] Epoch 160/200 | LR: 0.010016 | Train: 99.75% | Test: 90.18% | Best: 90.27% | ETA: 4.7min [run 4/24]
  [CWD/seed42] Epoch 170/200 | LR: 0.005812 | Train: 99.81% | Test: 90.14% | Best: 90.28% | ETA: 3.5min [run 4/24]
  [CWD/seed42] Epoch 180/200 | LR: 0.002696 | Train: 99.82% | Test: 90.25% | Best: 90.35% | ETA: 2.4min [run 4/24]
  [CWD/seed42] Epoch 190/200 | LR: 0.000745 | Train: 99.82% | Test: 90.24% | Best: 90.35% | ETA: 1.2min [run 4/24]
  [CWD/seed42] Epoch 200/200 | LR: 0.000006 | Train: 99.82% | Test: 90.23% | Best: 90.35% | ETA: 0.0min [run 4/24]
  DONE: CWD/seed42 | Best: 90.35% | Final: 90.23% | Gen Gap: 9.59% | Time: 1407.5s

======================================================================
[5/24] CWD / seed=123 / 200 epochs
======================================================================
  [CWD/seed123] Epoch 1/200 | LR: 0.100000 | Train: 38.07% | Test: 45.52% | Best: 45.52% | ETA: 22.7min [run 5/24]
  [CWD/seed123] Epoch 10/200 | LR: 0.099501 | Train: 83.68% | Test: 80.16% | Best: 80.29% | ETA: 21.2min [run 5/24]
  [CWD/seed123] Epoch 20/200 | LR: 0.097790 | Train: 88.64% | Test: 85.01% | Best: 85.01% | ETA: 20.0min [run 5/24]
  [CWD/seed123] Epoch 30/200 | LR: 0.094901 | Train: 91.51% | Test: 85.09% | Best: 86.84% | ETA: 19.1min [run 5/24]
  [CWD/seed123] Epoch 40/200 | LR: 0.090907 | Train: 92.96% | Test: 86.75% | Best: 88.04% | ETA: 17.9min [run 5/24]
  [CWD/seed123] Epoch 50/200 | LR: 0.085906 | Train: 94.47% | Test: 87.84% | Best: 88.04% | ETA: 16.5min [run 5/24]
  [CWD/seed123] Epoch 60/200 | LR: 0.080021 | Train: 95.40% | Test: 87.71% | Best: 88.31% | ETA: 15.7min [run 5/24]
  [CWD/seed123] Epoch 70/200 | LR: 0.073396 | Train: 96.32% | Test: 88.28% | Best: 88.53% | ETA: 14.6min [run 5/24]
  [CWD/seed123] Epoch 80/200 | LR: 0.066196 | Train: 97.19% | Test: 88.39% | Best: 88.87% | ETA: 13.6min [run 5/24]
  [CWD/seed123] Epoch 90/200 | LR: 0.058596 | Train: 97.43% | Test: 88.72% | Best: 89.10% | ETA: 12.6min [run 5/24]
  [CWD/seed123] Epoch 100/200 | LR: 0.050785 | Train: 98.19% | Test: 88.87% | Best: 89.51% | ETA: 11.4min [run 5/24]
  [CWD/seed123] Epoch 110/200 | LR: 0.042955 | Train: 98.52% | Test: 89.33% | Best: 89.55% | ETA: 10.3min [run 5/24]
  [CWD/seed123] Epoch 120/200 | LR: 0.035298 | Train: 98.94% | Test: 89.08% | Best: 89.55% | ETA: 9.2min [run 5/24]
  [CWD/seed123] Epoch 130/200 | LR: 0.028003 | Train: 99.10% | Test: 89.54% | Best: 89.66% | ETA: 8.1min [run 5/24]
  [CWD/seed123] Epoch 140/200 | LR: 0.021250 | Train: 99.44% | Test: 89.72% | Best: 89.89% | ETA: 6.9min [run 5/24]
  [CWD/seed123] Epoch 150/200 | LR: 0.015204 | Train: 99.60% | Test: 89.95% | Best: 90.08% | ETA: 5.7min [run 5/24]
  [CWD/seed123] Epoch 160/200 | LR: 0.010016 | Train: 99.67% | Test: 90.03% | Best: 90.13% | ETA: 4.6min [run 5/24]
  [CWD/seed123] Epoch 170/200 | LR: 0.005812 | Train: 99.76% | Test: 90.10% | Best: 90.20% | ETA: 3.5min [run 5/24]
  [CWD/seed123] Epoch 180/200 | LR: 0.002696 | Train: 99.77% | Test: 90.08% | Best: 90.20% | ETA: 2.3min [run 5/24]
  [CWD/seed123] Epoch 190/200 | LR: 0.000745 | Train: 99.74% | Test: 90.08% | Best: 90.20% | ETA: 1.2min [run 5/24]
  [CWD/seed123] Epoch 200/200 | LR: 0.000006 | Train: 99.79% | Test: 90.10% | Best: 90.20% | ETA: 0.0min [run 5/24]
  DONE: CWD/seed123 | Best: 90.20% | Final: 90.10% | Gen Gap: 9.69% | Time: 1383.0s

======================================================================
[6/24] CWD / seed=456 / 200 epochs
======================================================================
  [CWD/seed456] Epoch 1/200 | LR: 0.100000 | Train: 34.48% | Test: 46.04% | Best: 46.04% | ETA: 22.9min [run 6/24]
  [CWD/seed456] Epoch 10/200 | LR: 0.099501 | Train: 83.59% | Test: 81.24% | Best: 81.24% | ETA: 23.4min [run 6/24]
  [CWD/seed456] Epoch 20/200 | LR: 0.097790 | Train: 89.24% | Test: 85.25% | Best: 85.37% | ETA: 22.2min [run 6/24]
  [CWD/seed456] Epoch 30/200 | LR: 0.094901 | Train: 91.58% | Test: 86.44% | Best: 86.44% | ETA: 20.3min [run 6/24]
  [CWD/seed456] Epoch 40/200 | LR: 0.090907 | Train: 93.64% | Test: 85.16% | Best: 87.80% | ETA: 19.3min [run 6/24]
  [CWD/seed456] Epoch 50/200 | LR: 0.085906 | Train: 94.47% | Test: 87.28% | Best: 88.19% | ETA: 17.8min [run 6/24]
  [CWD/seed456] Epoch 60/200 | LR: 0.080021 | Train: 95.64% | Test: 88.41% | Best: 88.41% | ETA: 16.7min [run 6/24]
  [CWD/seed456] Epoch 70/200 | LR: 0.073396 | Train: 96.67% | Test: 88.30% | Best: 88.66% | ETA: 15.6min [run 6/24]
  [CWD/seed456] Epoch 80/200 | LR: 0.066196 | Train: 97.32% | Test: 88.27% | Best: 89.31% | ETA: 14.3min [run 6/24]
  [CWD/seed456] Epoch 90/200 | LR: 0.058596 | Train: 97.74% | Test: 88.77% | Best: 89.31% | ETA: 13.1min [run 6/24]
  [CWD/seed456] Epoch 100/200 | LR: 0.050785 | Train: 98.36% | Test: 88.54% | Best: 89.31% | ETA: 11.9min [run 6/24]
  [CWD/seed456] Epoch 110/200 | LR: 0.042955 | Train: 98.75% | Test: 89.51% | Best: 89.51% | ETA: 10.6min [run 6/24]
  [CWD/seed456] Epoch 120/200 | LR: 0.035298 | Train: 99.14% | Test: 89.35% | Best: 89.86% | ETA: 9.5min [run 6/24]
  [CWD/seed456] Epoch 130/200 | LR: 0.028003 | Train: 99.35% | Test: 90.01% | Best: 90.01% | ETA: 8.2min [run 6/24]
  [CWD/seed456] Epoch 140/200 | LR: 0.021250 | Train: 99.52% | Test: 89.80% | Best: 90.01% | ETA: 7.1min [run 6/24]
  [CWD/seed456] Epoch 150/200 | LR: 0.015204 | Train: 99.65% | Test: 90.03% | Best: 90.03% | ETA: 5.9min [run 6/24]
  [CWD/seed456] Epoch 160/200 | LR: 0.010016 | Train: 99.72% | Test: 90.08% | Best: 90.11% | ETA: 4.7min [run 6/24]
  [CWD/seed456] Epoch 170/200 | LR: 0.005812 | Train: 99.78% | Test: 90.17% | Best: 90.18% | ETA: 3.5min [run 6/24]
  [CWD/seed456] Epoch 180/200 | LR: 0.002696 | Train: 99.80% | Test: 90.10% | Best: 90.40% | ETA: 2.4min [run 6/24]
  [CWD/seed456] Epoch 190/200 | LR: 0.000745 | Train: 99.84% | Test: 90.18% | Best: 90.40% | ETA: 1.2min [run 6/24]
  [CWD/seed456] Epoch 200/200 | LR: 0.000006 | Train: 99.85% | Test: 90.14% | Best: 90.40% | ETA: 0.0min [run 6/24]
  DONE: CWD/seed456 | Best: 90.40% | Final: 90.14% | Gen Gap: 9.71% | Time: 1420.1s

======================================================================
[7/24] SWD / seed=42 / 200 epochs
======================================================================
  [SWD/seed42] Epoch 1/200 | LR: 0.100000 | Train: 36.29% | Test: 46.88% | Best: 46.88% | ETA: 23.0min [run 7/24]
  [SWD/seed42] Epoch 10/200 | LR: 0.099501 | Train: 83.74% | Test: 80.10% | Best: 80.10% | ETA: 20.1min [run 7/24]
  [SWD/seed42] Epoch 20/200 | LR: 0.097790 | Train: 89.02% | Test: 83.09% | Best: 85.55% | ETA: 20.6min [run 7/24]
  [SWD/seed42] Epoch 30/200 | LR: 0.094901 | Train: 91.74% | Test: 84.81% | Best: 87.43% | ETA: 19.3min [run 7/24]
  [SWD/seed42] Epoch 40/200 | LR: 0.090907 | Train: 93.44% | Test: 87.19% | Best: 87.52% | ETA: 18.4min [run 7/24]
  [SWD/seed42] Epoch 50/200 | LR: 0.085906 | Train: 94.47% | Test: 87.10% | Best: 88.30% | ETA: 17.4min [run 7/24]
  [SWD/seed42] Epoch 60/200 | LR: 0.080021 | Train: 95.40% | Test: 89.25% | Best: 89.25% | ETA: 16.1min [run 7/24]
  [SWD/seed42] Epoch 70/200 | LR: 0.073396 | Train: 96.31% | Test: 88.48% | Best: 89.25% | ETA: 15.0min [run 7/24]
  [SWD/seed42] Epoch 80/200 | LR: 0.066196 | Train: 97.07% | Test: 89.27% | Best: 89.27% | ETA: 13.8min [run 7/24]
  [SWD/seed42] Epoch 90/200 | LR: 0.058596 | Train: 97.71% | Test: 88.90% | Best: 89.46% | ETA: 12.7min [run 7/24]
  [SWD/seed42] Epoch 100/200 | LR: 0.050785 | Train: 98.16% | Test: 88.84% | Best: 89.46% | ETA: 11.6min [run 7/24]
  [SWD/seed42] Epoch 110/200 | LR: 0.042955 | Train: 98.57% | Test: 89.51% | Best: 89.66% | ETA: 10.4min [run 7/24]
  [SWD/seed42] Epoch 120/200 | LR: 0.035298 | Train: 98.98% | Test: 90.21% | Best: 90.21% | ETA: 9.2min [run 7/24]
  [SWD/seed42] Epoch 130/200 | LR: 0.028003 | Train: 99.26% | Test: 89.92% | Best: 90.21% | ETA: 8.1min [run 7/24]
  [SWD/seed42] Epoch 140/200 | LR: 0.021250 | Train: 99.47% | Test: 90.06% | Best: 90.21% | ETA: 6.9min [run 7/24]
  [SWD/seed42] Epoch 150/200 | LR: 0.015204 | Train: 99.63% | Test: 90.23% | Best: 90.23% | ETA: 5.8min [run 7/24]
  [SWD/seed42] Epoch 160/200 | LR: 0.010016 | Train: 99.69% | Test: 90.16% | Best: 90.44% | ETA: 4.6min [run 7/24]
  [SWD/seed42] Epoch 170/200 | LR: 0.005812 | Train: 99.81% | Test: 89.98% | Best: 90.44% | ETA: 3.4min [run 7/24]
  [SWD/seed42] Epoch 180/200 | LR: 0.002696 | Train: 99.86% | Test: 90.33% | Best: 90.44% | ETA: 2.3min [run 7/24]
  [SWD/seed42] Epoch 190/200 | LR: 0.000745 | Train: 99.83% | Test: 90.37% | Best: 90.46% | ETA: 1.1min [run 7/24]
  [SWD/seed42] Epoch 200/200 | LR: 0.000006 | Train: 99.83% | Test: 90.45% | Best: 90.47% | ETA: 0.0min [run 7/24]
  DONE: SWD/seed42 | Best: 90.47% | Final: 90.45% | Gen Gap: 9.38% | Time: 1378.4s

======================================================================
[8/24] SWD / seed=123 / 200 epochs
======================================================================
  [SWD/seed123] Epoch 1/200 | LR: 0.100000 | Train: 35.92% | Test: 43.58% | Best: 43.58% | ETA: 23.8min [run 8/24]
  [SWD/seed123] Epoch 10/200 | LR: 0.099501 | Train: 83.47% | Test: 81.60% | Best: 81.60% | ETA: 23.0min [run 8/24]
  [SWD/seed123] Epoch 20/200 | LR: 0.097790 | Train: 88.81% | Test: 83.76% | Best: 85.39% | ETA: 20.8min [run 8/24]
  [SWD/seed123] Epoch 30/200 | LR: 0.094901 | Train: 91.36% | Test: 85.16% | Best: 86.38% | ETA: 19.9min [run 8/24]
  [SWD/seed123] Epoch 40/200 | LR: 0.090907 | Train: 93.23% | Test: 87.51% | Best: 87.58% | ETA: 18.4min [run 8/24]
  [SWD/seed123] Epoch 50/200 | LR: 0.085906 | Train: 94.39% | Test: 88.00% | Best: 88.00% | ETA: 17.4min [run 8/24]
  [SWD/seed123] Epoch 60/200 | LR: 0.080021 | Train: 95.57% | Test: 88.07% | Best: 88.29% | ETA: 16.4min [run 8/24]
  [SWD/seed123] Epoch 70/200 | LR: 0.073396 | Train: 96.28% | Test: 88.32% | Best: 88.82% | ETA: 15.0min [run 8/24]
  [SWD/seed123] Epoch 80/200 | LR: 0.066196 | Train: 96.91% | Test: 87.68% | Best: 88.92% | ETA: 14.0min [run 8/24]
  [SWD/seed123] Epoch 90/200 | LR: 0.058596 | Train: 97.60% | Test: 88.16% | Best: 89.22% | ETA: 12.7min [run 8/24]
  [SWD/seed123] Epoch 100/200 | LR: 0.050785 | Train: 98.16% | Test: 89.21% | Best: 89.41% | ETA: 11.6min [run 8/24]
  [SWD/seed123] Epoch 110/200 | LR: 0.042955 | Train: 98.51% | Test: 89.21% | Best: 89.58% | ETA: 10.5min [run 8/24]
  [SWD/seed123] Epoch 120/200 | LR: 0.035298 | Train: 98.97% | Test: 89.44% | Best: 90.24% | ETA: 9.3min [run 8/24]
  [SWD/seed123] Epoch 130/200 | LR: 0.028003 | Train: 99.27% | Test: 89.59% | Best: 90.24% | ETA: 8.1min [run 8/24]
  [SWD/seed123] Epoch 140/200 | LR: 0.021250 | Train: 99.48% | Test: 90.11% | Best: 90.26% | ETA: 6.9min [run 8/24]
  [SWD/seed123] Epoch 150/200 | LR: 0.015204 | Train: 99.64% | Test: 90.14% | Best: 90.44% | ETA: 5.8min [run 8/24]
  [SWD/seed123] Epoch 160/200 | LR: 0.010016 | Train: 99.72% | Test: 90.45% | Best: 90.45% | ETA: 4.6min [run 8/24]
  [SWD/seed123] Epoch 170/200 | LR: 0.005812 | Train: 99.80% | Test: 90.43% | Best: 90.48% | ETA: 3.5min [run 8/24]
  [SWD/seed123] Epoch 180/200 | LR: 0.002696 | Train: 99.81% | Test: 90.42% | Best: 90.56% | ETA: 2.2min [run 8/24]
  [SWD/seed123] Epoch 190/200 | LR: 0.000745 | Train: 99.85% | Test: 90.44% | Best: 90.56% | ETA: 1.1min [run 8/24]
  [SWD/seed123] Epoch 200/200 | LR: 0.000006 | Train: 99.83% | Test: 90.55% | Best: 90.58% | ETA: 0.0min [run 8/24]
  DONE: SWD/seed123 | Best: 90.58% | Final: 90.55% | Gen Gap: 9.28% | Time: 1350.2s

======================================================================
[9/24] SWD / seed=456 / 200 epochs
======================================================================
  [SWD/seed456] Epoch 1/200 | LR: 0.100000 | Train: 34.84% | Test: 47.46% | Best: 47.46% | ETA: 24.1min [run 9/24]
  [SWD/seed456] Epoch 10/200 | LR: 0.099501 | Train: 83.49% | Test: 83.04% | Best: 83.04% | ETA: 22.9min [run 9/24]
  [SWD/seed456] Epoch 20/200 | LR: 0.097790 | Train: 89.07% | Test: 83.96% | Best: 84.45% | ETA: 20.5min [run 9/24]
  [SWD/seed456] Epoch 30/200 | LR: 0.094901 | Train: 91.58% | Test: 85.59% | Best: 86.06% | ETA: 19.1min [run 9/24]
  [SWD/seed456] Epoch 40/200 | LR: 0.090907 | Train: 93.30% | Test: 87.01% | Best: 87.41% | ETA: 18.4min [run 9/24]
  [SWD/seed456] Epoch 50/200 | LR: 0.085906 | Train: 94.39% | Test: 86.65% | Best: 88.12% | ETA: 17.5min [run 9/24]
  [SWD/seed456] Epoch 60/200 | LR: 0.080021 | Train: 95.49% | Test: 88.03% | Best: 88.27% | ETA: 16.3min [run 9/24]
  [SWD/seed456] Epoch 70/200 | LR: 0.073396 | Train: 96.14% | Test: 88.04% | Best: 88.65% | ETA: 15.0min [run 9/24]
  [SWD/seed456] Epoch 80/200 | LR: 0.066196 | Train: 96.93% | Test: 88.13% | Best: 89.06% | ETA: 14.0min [run 9/24]
  [SWD/seed456] Epoch 90/200 | LR: 0.058596 | Train: 97.72% | Test: 88.67% | Best: 89.06% | ETA: 12.9min [run 9/24]
  [SWD/seed456] Epoch 100/200 | LR: 0.050785 | Train: 98.07% | Test: 88.70% | Best: 89.06% | ETA: 11.7min [run 9/24]
  [SWD/seed456] Epoch 110/200 | LR: 0.042955 | Train: 98.59% | Test: 89.27% | Best: 89.27% | ETA: 10.5min [run 9/24]
  [SWD/seed456] Epoch 120/200 | LR: 0.035298 | Train: 99.05% | Test: 89.32% | Best: 89.43% | ETA: 9.4min [run 9/24]
  [SWD/seed456] Epoch 130/200 | LR: 0.028003 | Train: 99.26% | Test: 89.66% | Best: 89.86% | ETA: 8.2min [run 9/24]
  [SWD/seed456] Epoch 140/200 | LR: 0.021250 | Train: 99.59% | Test: 89.84% | Best: 89.86% | ETA: 7.0min [run 9/24]
  [SWD/seed456] Epoch 150/200 | LR: 0.015204 | Train: 99.66% | Test: 89.87% | Best: 89.92% | ETA: 5.8min [run 9/24]
  [SWD/seed456] Epoch 160/200 | LR: 0.010016 | Train: 99.78% | Test: 89.79% | Best: 90.06% | ETA: 4.7min [run 9/24]
  [SWD/seed456] Epoch 170/200 | LR: 0.005812 | Train: 99.78% | Test: 90.05% | Best: 90.06% | ETA: 3.5min [run 9/24]
  [SWD/seed456] Epoch 180/200 | LR: 0.002696 | Train: 99.87% | Test: 89.95% | Best: 90.06% | ETA: 2.3min [run 9/24]
  [SWD/seed456] Epoch 190/200 | LR: 0.000745 | Train: 99.81% | Test: 90.06% | Best: 90.06% | ETA: 1.2min [run 9/24]
  [SWD/seed456] Epoch 200/200 | LR: 0.000006 | Train: 99.82% | Test: 90.01% | Best: 90.13% | ETA: 0.0min [run 9/24]
  DONE: SWD/seed456 | Best: 90.13% | Final: 90.01% | Gen Gap: 9.81% | Time: 1384.3s

======================================================================
[10/24] CPR / seed=42 / 200 epochs
======================================================================
  [CPR/seed42] Epoch 1/200 | LR: 0.100000 | Train: 35.20% | Test: 43.21% | Best: 43.21% | ETA: 22.7min [run 10/24]
  [CPR/seed42] Epoch 10/200 | LR: 0.099501 | Train: 83.39% | Test: 77.29% | Best: 80.52% | ETA: 21.9min [run 10/24]
  [CPR/seed42] Epoch 20/200 | LR: 0.097790 | Train: 87.92% | Test: 81.53% | Best: 83.71% | ETA: 21.0min [run 10/24]
  [CPR/seed42] Epoch 30/200 | LR: 0.094901 | Train: 89.93% | Test: 84.91% | Best: 85.19% | ETA: 19.7min [run 10/24]
  [CPR/seed42] Epoch 40/200 | LR: 0.090907 | Train: 91.25% | Test: 84.46% | Best: 86.44% | ETA: 17.8min [run 10/24]
  [CPR/seed42] Epoch 50/200 | LR: 0.085906 | Train: 92.32% | Test: 85.81% | Best: 86.92% | ETA: 17.0min [run 10/24]
  [CPR/seed42] Epoch 60/200 | LR: 0.080021 | Train: 93.04% | Test: 86.27% | Best: 87.43% | ETA: 16.1min [run 10/24]
  [CPR/seed42] Epoch 70/200 | LR: 0.073396 | Train: 93.57% | Test: 86.79% | Best: 88.20% | ETA: 15.1min [run 10/24]
  [CPR/seed42] Epoch 80/200 | LR: 0.066196 | Train: 94.41% | Test: 88.24% | Best: 88.91% | ETA: 13.7min [run 10/24]
  [CPR/seed42] Epoch 90/200 | LR: 0.058596 | Train: 94.93% | Test: 88.47% | Best: 89.10% | ETA: 12.6min [run 10/24]
  [CPR/seed42] Epoch 100/200 | LR: 0.050785 | Train: 95.71% | Test: 89.02% | Best: 89.10% | ETA: 11.6min [run 10/24]
  [CPR/seed42] Epoch 110/200 | LR: 0.042955 | Train: 96.43% | Test: 89.45% | Best: 89.61% | ETA: 10.5min [run 10/24]
  [CPR/seed42] Epoch 120/200 | LR: 0.035298 | Train: 96.94% | Test: 89.78% | Best: 89.88% | ETA: 9.2min [run 10/24]
  [CPR/seed42] Epoch 130/200 | LR: 0.028003 | Train: 97.74% | Test: 89.85% | Best: 90.16% | ETA: 8.1min [run 10/24]
  [CPR/seed42] Epoch 140/200 | LR: 0.021250 | Train: 98.43% | Test: 90.34% | Best: 90.46% | ETA: 7.0min [run 10/24]
  [CPR/seed42] Epoch 150/200 | LR: 0.015204 | Train: 99.03% | Test: 90.47% | Best: 91.02% | ETA: 5.8min [run 10/24]
  [CPR/seed42] Epoch 160/200 | LR: 0.010016 | Train: 99.51% | Test: 91.11% | Best: 91.11% | ETA: 4.6min [run 10/24]
  [CPR/seed42] Epoch 170/200 | LR: 0.005812 | Train: 99.74% | Test: 91.25% | Best: 91.38% | ETA: 3.5min [run 10/24]
  [CPR/seed42] Epoch 180/200 | LR: 0.002696 | Train: 99.84% | Test: 91.53% | Best: 91.58% | ETA: 2.3min [run 10/24]
  [CPR/seed42] Epoch 190/200 | LR: 0.000745 | Train: 99.85% | Test: 91.59% | Best: 91.65% | ETA: 1.2min [run 10/24]
  [CPR/seed42] Epoch 200/200 | LR: 0.000006 | Train: 99.89% | Test: 91.54% | Best: 91.65% | ETA: 0.0min [run 10/24]
  DONE: CPR/seed42 | Best: 91.65% | Final: 91.54% | Gen Gap: 8.35% | Time: 1398.5s

======================================================================
[11/24] CPR / seed=123 / 200 epochs
======================================================================
  [CPR/seed123] Epoch 1/200 | LR: 0.100000 | Train: 35.81% | Test: 49.12% | Best: 49.12% | ETA: 18.8min [run 11/24]
  [CPR/seed123] Epoch 10/200 | LR: 0.099501 | Train: 82.84% | Test: 78.14% | Best: 78.85% | ETA: 17.7min [run 11/24]
  [CPR/seed123] Epoch 20/200 | LR: 0.097790 | Train: 87.61% | Test: 84.79% | Best: 84.79% | ETA: 19.2min [run 11/24]
  [CPR/seed123] Epoch 30/200 | LR: 0.094901 | Train: 89.96% | Test: 82.73% | Best: 86.28% | ETA: 18.9min [run 11/24]
  [CPR/seed123] Epoch 40/200 | LR: 0.090907 | Train: 91.26% | Test: 85.90% | Best: 86.62% | ETA: 18.3min [run 11/24]
  [CPR/seed123] Epoch 50/200 | LR: 0.085906 | Train: 92.22% | Test: 86.38% | Best: 87.75% | ETA: 16.9min [run 11/24]
  [CPR/seed123] Epoch 60/200 | LR: 0.080021 | Train: 92.77% | Test: 87.27% | Best: 87.75% | ETA: 16.0min [run 11/24]
  [CPR/seed123] Epoch 70/200 | LR: 0.073396 | Train: 93.34% | Test: 86.59% | Best: 88.33% | ETA: 15.0min [run 11/24]
  [CPR/seed123] Epoch 80/200 | LR: 0.066196 | Train: 94.15% | Test: 87.83% | Best: 88.33% | ETA: 13.9min [run 11/24]
  [CPR/seed123] Epoch 90/200 | LR: 0.058596 | Train: 94.80% | Test: 87.77% | Best: 88.74% | ETA: 12.6min [run 11/24]
  [CPR/seed123] Epoch 100/200 | LR: 0.050785 | Train: 95.60% | Test: 89.00% | Best: 89.33% | ETA: 11.5min [run 11/24]
  [CPR/seed123] Epoch 110/200 | LR: 0.042955 | Train: 96.00% | Test: 88.40% | Best: 89.60% | ETA: 10.4min [run 11/24]
  [CPR/seed123] Epoch 120/200 | LR: 0.035298 | Train: 97.04% | Test: 89.10% | Best: 89.83% | ETA: 9.3min [run 11/24]
  [CPR/seed123] Epoch 130/200 | LR: 0.028003 | Train: 97.85% | Test: 90.73% | Best: 90.73% | ETA: 8.1min [run 11/24]
  [CPR/seed123] Epoch 140/200 | LR: 0.021250 | Train: 98.35% | Test: 90.57% | Best: 90.87% | ETA: 7.0min [run 11/24]
  [CPR/seed123] Epoch 150/200 | LR: 0.015204 | Train: 98.97% | Test: 91.22% | Best: 91.22% | ETA: 5.8min [run 11/24]
  [CPR/seed123] Epoch 160/200 | LR: 0.010016 | Train: 99.54% | Test: 91.47% | Best: 91.48% | ETA: 4.7min [run 11/24]
  [CPR/seed123] Epoch 170/200 | LR: 0.005812 | Train: 99.75% | Test: 91.69% | Best: 91.69% | ETA: 3.5min [run 11/24]
  [CPR/seed123] Epoch 180/200 | LR: 0.002696 | Train: 99.84% | Test: 91.67% | Best: 91.80% | ETA: 2.3min [run 11/24]
  [CPR/seed123] Epoch 190/200 | LR: 0.000745 | Train: 99.84% | Test: 91.59% | Best: 91.80% | ETA: 1.2min [run 11/24]
  [CPR/seed123] Epoch 200/200 | LR: 0.000006 | Train: 99.87% | Test: 91.58% | Best: 91.83% | ETA: 0.0min [run 11/24]
  DONE: CPR/seed123 | Best: 91.83% | Final: 91.58% | Gen Gap: 8.29% | Time: 1404.4s

======================================================================
[12/24] CPR / seed=456 / 200 epochs
======================================================================
  [CPR/seed456] Epoch 1/200 | LR: 0.100000 | Train: 36.39% | Test: 43.82% | Best: 43.82% | ETA: 22.8min [run 12/24]
  [CPR/seed456] Epoch 10/200 | LR: 0.099501 | Train: 83.07% | Test: 81.71% | Best: 81.71% | ETA: 20.9min [run 12/24]
  [CPR/seed456] Epoch 20/200 | LR: 0.097790 | Train: 88.08% | Test: 83.19% | Best: 84.28% | ETA: 19.3min [run 12/24]
  [CPR/seed456] Epoch 30/200 | LR: 0.094901 | Train: 89.92% | Test: 86.59% | Best: 86.59% | ETA: 19.0min [run 12/24]
  [CPR/seed456] Epoch 40/200 | LR: 0.090907 | Train: 91.33% | Test: 84.96% | Best: 86.70% | ETA: 18.3min [run 12/24]
  [CPR/seed456] Epoch 50/200 | LR: 0.085906 | Train: 92.18% | Test: 86.15% | Best: 87.10% | ETA: 17.4min [run 12/24]
  [CPR/seed456] Epoch 60/200 | LR: 0.080021 | Train: 93.08% | Test: 88.08% | Best: 88.24% | ETA: 15.9min [run 12/24]
  [CPR/seed456] Epoch 70/200 | LR: 0.073396 | Train: 93.60% | Test: 87.74% | Best: 88.78% | ETA: 14.9min [run 12/24]
  [CPR/seed456] Epoch 80/200 | LR: 0.066196 | Train: 94.48% | Test: 87.52% | Best: 88.78% | ETA: 13.9min [run 12/24]
  [CPR/seed456] Epoch 90/200 | LR: 0.058596 | Train: 94.88% | Test: 88.22% | Best: 88.78% | ETA: 12.8min [run 12/24]
  [CPR/seed456] Epoch 100/200 | LR: 0.050785 | Train: 95.66% | Test: 89.30% | Best: 89.45% | ETA: 11.5min [run 12/24]
  [CPR/seed456] Epoch 110/200 | LR: 0.042955 | Train: 96.18% | Test: 89.00% | Best: 89.80% | ETA: 10.4min [run 12/24]
  [CPR/seed456] Epoch 120/200 | LR: 0.035298 | Train: 96.85% | Test: 89.31% | Best: 89.80% | ETA: 9.3min [run 12/24]
  [CPR/seed456] Epoch 130/200 | LR: 0.028003 | Train: 97.74% | Test: 89.66% | Best: 90.28% | ETA: 8.2min [run 12/24]
  [CPR/seed456] Epoch 140/200 | LR: 0.021250 | Train: 98.34% | Test: 90.43% | Best: 90.58% | ETA: 7.0min [run 12/24]
  [CPR/seed456] Epoch 150/200 | LR: 0.015204 | Train: 99.13% | Test: 90.43% | Best: 90.89% | ETA: 5.8min [run 12/24]
  [CPR/seed456] Epoch 160/200 | LR: 0.010016 | Train: 99.52% | Test: 91.06% | Best: 91.12% | ETA: 4.7min [run 12/24]
  [CPR/seed456] Epoch 170/200 | LR: 0.005812 | Train: 99.73% | Test: 91.38% | Best: 91.67% | ETA: 3.5min [run 12/24]
  [CPR/seed456] Epoch 180/200 | LR: 0.002696 | Train: 99.84% | Test: 91.50% | Best: 91.67% | ETA: 2.3min [run 12/24]
  [CPR/seed456] Epoch 190/200 | LR: 0.000745 | Train: 99.87% | Test: 91.75% | Best: 91.75% | ETA: 1.2min [run 12/24]
  [CPR/seed456] Epoch 200/200 | LR: 0.000006 | Train: 99.89% | Test: 91.67% | Best: 91.75% | ETA: 0.0min [run 12/24]
  DONE: CPR/seed456 | Best: 91.75% | Final: 91.67% | Gen Gap: 8.22% | Time: 1397.7s

======================================================================
[13/24] DefazioCorrective / seed=42 / 200 epochs
======================================================================
  [DefazioCorrective/seed42] Epoch 1/200 | LR: 0.100000 | Train: 35.75% | Test: 47.91% | Best: 47.91% | ETA: 12.4min [run 13/24]
  [DefazioCorrective/seed42] Epoch 10/200 | LR: 0.099501 | Train: 83.39% | Test: 80.63% | Best: 80.63% | ETA: 11.8min [run 13/24]
  [DefazioCorrective/seed42] Epoch 20/200 | LR: 0.097790 | Train: 88.99% | Test: 84.86% | Best: 85.69% | ETA: 11.2min [run 13/24]
  [DefazioCorrective/seed42] Epoch 30/200 | LR: 0.094901 | Train: 91.95% | Test: 86.27% | Best: 86.70% | ETA: 10.6min [run 13/24]
  [DefazioCorrective/seed42] Epoch 40/200 | LR: 0.090907 | Train: 93.61% | Test: 86.32% | Best: 87.17% | ETA: 10.0min [run 13/24]
  [DefazioCorrective/seed42] Epoch 50/200 | LR: 0.085906 | Train: 94.88% | Test: 86.77% | Best: 88.15% | ETA: 9.1min [run 13/24]
  [DefazioCorrective/seed42] Epoch 60/200 | LR: 0.080021 | Train: 95.77% | Test: 87.09% | Best: 88.90% | ETA: 8.4min [run 13/24]
  [DefazioCorrective/seed42] Epoch 70/200 | LR: 0.073396 | Train: 96.54% | Test: 88.63% | Best: 89.46% | ETA: 7.7min [run 13/24]
  [DefazioCorrective/seed42] Epoch 80/200 | LR: 0.066196 | Train: 97.13% | Test: 88.11% | Best: 89.46% | ETA: 7.0min [run 13/24]
  [DefazioCorrective/seed42] Epoch 90/200 | LR: 0.058596 | Train: 97.85% | Test: 89.07% | Best: 89.46% | ETA: 6.4min [run 13/24]
  [DefazioCorrective/seed42] Epoch 100/200 | LR: 0.050785 | Train: 98.34% | Test: 89.83% | Best: 89.83% | ETA: 5.9min [run 13/24]
  [DefazioCorrective/seed42] Epoch 110/200 | LR: 0.042955 | Train: 98.67% | Test: 89.89% | Best: 89.89% | ETA: 5.3min [run 13/24]
  [DefazioCorrective/seed42] Epoch 120/200 | LR: 0.035298 | Train: 99.18% | Test: 89.70% | Best: 90.12% | ETA: 4.8min [run 13/24]
  [DefazioCorrective/seed42] Epoch 130/200 | LR: 0.028003 | Train: 99.42% | Test: 89.70% | Best: 90.12% | ETA: 4.2min [run 13/24]
  [DefazioCorrective/seed42] Epoch 140/200 | LR: 0.021250 | Train: 99.53% | Test: 89.90% | Best: 90.26% | ETA: 3.6min [run 13/24]
  [DefazioCorrective/seed42] Epoch 150/200 | LR: 0.015204 | Train: 99.67% | Test: 90.09% | Best: 90.42% | ETA: 3.0min [run 13/24]
  [DefazioCorrective/seed42] Epoch 160/200 | LR: 0.010016 | Train: 99.75% | Test: 90.45% | Best: 90.45% | ETA: 2.4min [run 13/24]
  [DefazioCorrective/seed42] Epoch 170/200 | LR: 0.005812 | Train: 99.81% | Test: 90.36% | Best: 90.45% | ETA: 1.8min [run 13/24]
  [DefazioCorrective/seed42] Epoch 180/200 | LR: 0.002696 | Train: 99.80% | Test: 90.31% | Best: 90.53% | ETA: 1.2min [run 13/24]
  [DefazioCorrective/seed42] Epoch 190/200 | LR: 0.000745 | Train: 99.83% | Test: 90.47% | Best: 90.54% | ETA: 0.6min [run 13/24]
  [DefazioCorrective/seed42] Epoch 200/200 | LR: 0.000006 | Train: 99.80% | Test: 90.42% | Best: 90.54% | ETA: 0.0min [run 13/24]
  DONE: DefazioCorrective/seed42 | Best: 90.54% | Final: 90.42% | Gen Gap: 9.38% | Time: 718.1s

======================================================================
[14/24] DefazioCorrective / seed=123 / 200 epochs
======================================================================
  [DefazioCorrective/seed123] Epoch 1/200 | LR: 0.100000 | Train: 39.34% | Test: 50.88% | Best: 50.88% | ETA: 10.7min [run 14/24]
  [DefazioCorrective/seed123] Epoch 10/200 | LR: 0.099501 | Train: 84.16% | Test: 79.11% | Best: 81.35% | ETA: 10.8min [run 14/24]
  [DefazioCorrective/seed123] Epoch 20/200 | LR: 0.097790 | Train: 89.41% | Test: 85.12% | Best: 85.12% | ETA: 10.7min [run 14/24]
  [DefazioCorrective/seed123] Epoch 30/200 | LR: 0.094901 | Train: 91.75% | Test: 87.09% | Best: 87.09% | ETA: 10.3min [run 14/24]
  [DefazioCorrective/seed123] Epoch 40/200 | LR: 0.090907 | Train: 93.51% | Test: 87.73% | Best: 87.91% | ETA: 9.7min [run 14/24]
  [DefazioCorrective/seed123] Epoch 50/200 | LR: 0.085906 | Train: 94.63% | Test: 87.46% | Best: 88.32% | ETA: 9.2min [run 14/24]
  [DefazioCorrective/seed123] Epoch 60/200 | LR: 0.080021 | Train: 95.64% | Test: 88.57% | Best: 88.65% | ETA: 8.6min [run 14/24]
  [DefazioCorrective/seed123] Epoch 70/200 | LR: 0.073396 | Train: 96.54% | Test: 88.11% | Best: 88.85% | ETA: 8.0min [run 14/24]
  [DefazioCorrective/seed123] Epoch 80/200 | LR: 0.066196 | Train: 96.98% | Test: 88.29% | Best: 89.07% | ETA: 7.4min [run 14/24]
  [DefazioCorrective/seed123] Epoch 90/200 | LR: 0.058596 | Train: 97.64% | Test: 89.20% | Best: 89.26% | ETA: 6.8min [run 14/24]
  [DefazioCorrective/seed123] Epoch 100/200 | LR: 0.050785 | Train: 98.38% | Test: 89.46% | Best: 89.68% | ETA: 6.2min [run 14/24]
  [DefazioCorrective/seed123] Epoch 110/200 | LR: 0.042955 | Train: 98.63% | Test: 89.45% | Best: 89.95% | ETA: 5.5min [run 14/24]
  [DefazioCorrective/seed123] Epoch 120/200 | LR: 0.035298 | Train: 99.08% | Test: 89.64% | Best: 89.95% | ETA: 4.9min [run 14/24]
  [DefazioCorrective/seed123] Epoch 130/200 | LR: 0.028003 | Train: 99.22% | Test: 89.69% | Best: 90.13% | ETA: 4.2min [run 14/24]
  [DefazioCorrective/seed123] Epoch 140/200 | LR: 0.021250 | Train: 99.54% | Test: 89.76% | Best: 90.20% | ETA: 3.6min [run 14/24]
  [DefazioCorrective/seed123] Epoch 150/200 | LR: 0.015204 | Train: 99.63% | Test: 89.99% | Best: 90.21% | ETA: 3.0min [run 14/24]
  [DefazioCorrective/seed123] Epoch 160/200 | LR: 0.010016 | Train: 99.72% | Test: 90.30% | Best: 90.33% | ETA: 2.4min [run 14/24]
  [DefazioCorrective/seed123] Epoch 170/200 | LR: 0.005812 | Train: 99.77% | Test: 90.32% | Best: 90.37% | ETA: 1.8min [run 14/24]
  [DefazioCorrective/seed123] Epoch 180/200 | LR: 0.002696 | Train: 99.83% | Test: 90.31% | Best: 90.40% | ETA: 1.2min [run 14/24]
  [DefazioCorrective/seed123] Epoch 190/200 | LR: 0.000745 | Train: 99.82% | Test: 90.33% | Best: 90.43% | ETA: 0.6min [run 14/24]
  [DefazioCorrective/seed123] Epoch 200/200 | LR: 0.000006 | Train: 99.80% | Test: 90.26% | Best: 90.43% | ETA: 0.0min [run 14/24]
  DONE: DefazioCorrective/seed123 | Best: 90.43% | Final: 90.26% | Gen Gap: 9.54% | Time: 733.8s

======================================================================
[15/24] DefazioCorrective / seed=456 / 200 epochs
======================================================================
  [DefazioCorrective/seed456] Epoch 1/200 | LR: 0.100000 | Train: 35.81% | Test: 45.14% | Best: 45.14% | ETA: 12.1min [run 15/24]
  [DefazioCorrective/seed456] Epoch 10/200 | LR: 0.099501 | Train: 83.15% | Test: 82.29% | Best: 82.29% | ETA: 11.8min [run 15/24]
  [DefazioCorrective/seed456] Epoch 20/200 | LR: 0.097790 | Train: 88.87% | Test: 84.55% | Best: 85.03% | ETA: 11.1min [run 15/24]
  [DefazioCorrective/seed456] Epoch 30/200 | LR: 0.094901 | Train: 91.46% | Test: 86.55% | Best: 86.55% | ETA: 10.6min [run 15/24]
  [DefazioCorrective/seed456] Epoch 40/200 | LR: 0.090907 | Train: 93.07% | Test: 86.25% | Best: 87.64% | ETA: 9.7min [run 15/24]
  [DefazioCorrective/seed456] Epoch 50/200 | LR: 0.085906 | Train: 94.30% | Test: 88.31% | Best: 88.50% | ETA: 8.9min [run 15/24]
  [DefazioCorrective/seed456] Epoch 60/200 | LR: 0.080021 | Train: 95.27% | Test: 88.68% | Best: 88.68% | ETA: 8.3min [run 15/24]
  [DefazioCorrective/seed456] Epoch 70/200 | LR: 0.073396 | Train: 96.20% | Test: 88.78% | Best: 88.79% | ETA: 7.8min [run 15/24]
  [DefazioCorrective/seed456] Epoch 80/200 | LR: 0.066196 | Train: 96.93% | Test: 88.72% | Best: 88.89% | ETA: 7.2min [run 15/24]
  [DefazioCorrective/seed456] Epoch 90/200 | LR: 0.058596 | Train: 97.52% | Test: 88.69% | Best: 89.43% | ETA: 6.7min [run 15/24]
  [DefazioCorrective/seed456] Epoch 100/200 | LR: 0.050785 | Train: 98.04% | Test: 89.57% | Best: 89.57% | ETA: 6.1min [run 15/24]
  [DefazioCorrective/seed456] Epoch 110/200 | LR: 0.042955 | Train: 98.48% | Test: 90.00% | Best: 90.00% | ETA: 5.5min [run 15/24]
  [DefazioCorrective/seed456] Epoch 120/200 | LR: 0.035298 | Train: 99.02% | Test: 89.85% | Best: 90.32% | ETA: 4.9min [run 15/24]
  [DefazioCorrective/seed456] Epoch 130/200 | LR: 0.028003 | Train: 99.32% | Test: 90.60% | Best: 90.60% | ETA: 4.3min [run 15/24]
  [DefazioCorrective/seed456] Epoch 140/200 | LR: 0.021250 | Train: 99.52% | Test: 90.38% | Best: 90.63% | ETA: 3.7min [run 15/24]
  [DefazioCorrective/seed456] Epoch 150/200 | LR: 0.015204 | Train: 99.61% | Test: 90.40% | Best: 90.63% | ETA: 3.1min [run 15/24]
  [DefazioCorrective/seed456] Epoch 160/200 | LR: 0.010016 | Train: 99.74% | Test: 90.73% | Best: 90.73% | ETA: 2.4min [run 15/24]
  [DefazioCorrective/seed456] Epoch 170/200 | LR: 0.005812 | Train: 99.78% | Test: 90.74% | Best: 90.87% | ETA: 1.8min [run 15/24]
  [DefazioCorrective/seed456] Epoch 180/200 | LR: 0.002696 | Train: 99.80% | Test: 90.83% | Best: 90.87% | ETA: 1.2min [run 15/24]
  [DefazioCorrective/seed456] Epoch 190/200 | LR: 0.000745 | Train: 99.83% | Test: 90.78% | Best: 90.90% | ETA: 0.6min [run 15/24]
  [DefazioCorrective/seed456] Epoch 200/200 | LR: 0.000006 | Train: 99.80% | Test: 90.78% | Best: 90.90% | ETA: 0.0min [run 15/24]
  DONE: DefazioCorrective/seed456 | Best: 90.90% | Final: 90.78% | Gen Gap: 9.02% | Time: 728.1s

======================================================================
[16/24] NoWD / seed=42 / 200 epochs
======================================================================
  [NoWD/seed42] Epoch 1/200 | LR: 0.100000 | Train: 35.46% | Test: 36.60% | Best: 36.60% | ETA: 12.5min [run 16/24]
  [NoWD/seed42] Epoch 10/200 | LR: 0.099501 | Train: 83.84% | Test: 80.54% | Best: 80.97% | ETA: 11.8min [run 16/24]
  [NoWD/seed42] Epoch 20/200 | LR: 0.097790 | Train: 89.05% | Test: 83.49% | Best: 85.08% | ETA: 11.2min [run 16/24]
  [NoWD/seed42] Epoch 30/200 | LR: 0.094901 | Train: 91.84% | Test: 86.33% | Best: 87.30% | ETA: 10.6min [run 16/24]
  [NoWD/seed42] Epoch 40/200 | LR: 0.090907 | Train: 93.36% | Test: 85.27% | Best: 87.92% | ETA: 10.0min [run 16/24]
  [NoWD/seed42] Epoch 50/200 | LR: 0.085906 | Train: 94.88% | Test: 87.86% | Best: 88.48% | ETA: 9.3min [run 16/24]
  [NoWD/seed42] Epoch 60/200 | LR: 0.080021 | Train: 95.62% | Test: 88.48% | Best: 88.82% | ETA: 8.7min [run 16/24]
  [NoWD/seed42] Epoch 70/200 | LR: 0.073396 | Train: 96.61% | Test: 87.45% | Best: 88.93% | ETA: 8.1min [run 16/24]
  [NoWD/seed42] Epoch 80/200 | LR: 0.066196 | Train: 97.25% | Test: 88.28% | Best: 88.93% | ETA: 7.4min [run 16/24]
  [NoWD/seed42] Epoch 90/200 | LR: 0.058596 | Train: 97.92% | Test: 89.46% | Best: 89.63% | ETA: 6.7min [run 16/24]
  [NoWD/seed42] Epoch 100/200 | LR: 0.050785 | Train: 98.36% | Test: 89.18% | Best: 89.63% | ETA: 6.1min [run 16/24]
  [NoWD/seed42] Epoch 110/200 | LR: 0.042955 | Train: 98.73% | Test: 89.69% | Best: 89.69% | ETA: 5.5min [run 16/24]
  [NoWD/seed42] Epoch 120/200 | LR: 0.035298 | Train: 99.04% | Test: 89.57% | Best: 89.69% | ETA: 4.9min [run 16/24]
  [NoWD/seed42] Epoch 130/200 | LR: 0.028003 | Train: 99.29% | Test: 89.68% | Best: 89.79% | ETA: 4.3min [run 16/24]
  [NoWD/seed42] Epoch 140/200 | LR: 0.021250 | Train: 99.51% | Test: 89.82% | Best: 89.97% | ETA: 3.7min [run 16/24]
  [NoWD/seed42] Epoch 150/200 | LR: 0.015204 | Train: 99.64% | Test: 89.59% | Best: 90.15% | ETA: 3.0min [run 16/24]
  [NoWD/seed42] Epoch 160/200 | LR: 0.010016 | Train: 99.71% | Test: 90.02% | Best: 90.15% | ETA: 2.4min [run 16/24]
  [NoWD/seed42] Epoch 170/200 | LR: 0.005812 | Train: 99.76% | Test: 89.98% | Best: 90.15% | ETA: 1.8min [run 16/24]
  [NoWD/seed42] Epoch 180/200 | LR: 0.002696 | Train: 99.79% | Test: 89.97% | Best: 90.15% | ETA: 1.2min [run 16/24]
  [NoWD/seed42] Epoch 190/200 | LR: 0.000745 | Train: 99.77% | Test: 90.02% | Best: 90.16% | ETA: 0.6min [run 16/24]
  [NoWD/seed42] Epoch 200/200 | LR: 0.000006 | Train: 99.77% | Test: 90.06% | Best: 90.16% | ETA: 0.0min [run 16/24]
  DONE: NoWD/seed42 | Best: 90.16% | Final: 90.06% | Gen Gap: 9.71% | Time: 731.8s

======================================================================
[17/24] NoWD / seed=123 / 200 epochs
======================================================================
  [NoWD/seed123] Epoch 1/200 | LR: 0.100000 | Train: 34.83% | Test: 44.74% | Best: 44.74% | ETA: 10.7min [run 17/24]
  [NoWD/seed123] Epoch 10/200 | LR: 0.099501 | Train: 83.48% | Test: 82.49% | Best: 82.49% | ETA: 10.2min [run 17/24]
  [NoWD/seed123] Epoch 20/200 | LR: 0.097790 | Train: 89.32% | Test: 85.16% | Best: 85.16% | ETA: 10.2min [run 17/24]
  [NoWD/seed123] Epoch 30/200 | LR: 0.094901 | Train: 91.95% | Test: 86.93% | Best: 86.93% | ETA: 9.9min [run 17/24]
  [NoWD/seed123] Epoch 40/200 | LR: 0.090907 | Train: 93.78% | Test: 88.02% | Best: 88.02% | ETA: 9.5min [run 17/24]
  [NoWD/seed123] Epoch 50/200 | LR: 0.085906 | Train: 94.92% | Test: 86.97% | Best: 88.02% | ETA: 9.0min [run 17/24]
  [NoWD/seed123] Epoch 60/200 | LR: 0.080021 | Train: 96.18% | Test: 88.98% | Best: 88.98% | ETA: 8.4min [run 17/24]
  [NoWD/seed123] Epoch 70/200 | LR: 0.073396 | Train: 96.81% | Test: 88.15% | Best: 88.98% | ETA: 7.8min [run 17/24]
  [NoWD/seed123] Epoch 80/200 | LR: 0.066196 | Train: 97.50% | Test: 88.47% | Best: 88.98% | ETA: 7.3min [run 17/24]
  [NoWD/seed123] Epoch 90/200 | LR: 0.058596 | Train: 97.91% | Test: 88.71% | Best: 89.24% | ETA: 6.7min [run 17/24]
  [NoWD/seed123] Epoch 100/200 | LR: 0.050785 | Train: 98.56% | Test: 88.96% | Best: 89.41% | ETA: 6.1min [run 17/24]
  [NoWD/seed123] Epoch 110/200 | LR: 0.042955 | Train: 98.86% | Test: 89.56% | Best: 89.56% | ETA: 5.5min [run 17/24]
  [NoWD/seed123] Epoch 120/200 | LR: 0.035298 | Train: 99.12% | Test: 89.30% | Best: 89.56% | ETA: 4.9min [run 17/24]
  [NoWD/seed123] Epoch 130/200 | LR: 0.028003 | Train: 99.31% | Test: 89.35% | Best: 89.88% | ETA: 4.2min [run 17/24]
  [NoWD/seed123] Epoch 140/200 | LR: 0.021250 | Train: 99.57% | Test: 89.58% | Best: 89.88% | ETA: 3.6min [run 17/24]
  [NoWD/seed123] Epoch 150/200 | LR: 0.015204 | Train: 99.64% | Test: 89.80% | Best: 89.92% | ETA: 3.0min [run 17/24]
  [NoWD/seed123] Epoch 160/200 | LR: 0.010016 | Train: 99.74% | Test: 89.71% | Best: 89.92% | ETA: 2.4min [run 17/24]
  [NoWD/seed123] Epoch 170/200 | LR: 0.005812 | Train: 99.80% | Test: 89.81% | Best: 89.92% | ETA: 1.8min [run 17/24]
  [NoWD/seed123] Epoch 180/200 | LR: 0.002696 | Train: 99.83% | Test: 89.84% | Best: 89.94% | ETA: 1.2min [run 17/24]
  [NoWD/seed123] Epoch 190/200 | LR: 0.000745 | Train: 99.83% | Test: 89.86% | Best: 89.94% | ETA: 0.6min [run 17/24]
  [NoWD/seed123] Epoch 200/200 | LR: 0.000006 | Train: 99.83% | Test: 89.72% | Best: 89.94% | ETA: 0.0min [run 17/24]
  DONE: NoWD/seed123 | Best: 89.94% | Final: 89.72% | Gen Gap: 10.11% | Time: 727.1s

======================================================================
[18/24] NoWD / seed=456 / 200 epochs
======================================================================
  [NoWD/seed456] Epoch 1/200 | LR: 0.100000 | Train: 36.39% | Test: 46.79% | Best: 46.79% | ETA: 12.6min [run 18/24]
  [NoWD/seed456] Epoch 10/200 | LR: 0.099501 | Train: 83.49% | Test: 83.14% | Best: 83.14% | ETA: 11.9min [run 18/24]
  [NoWD/seed456] Epoch 20/200 | LR: 0.097790 | Train: 89.16% | Test: 84.61% | Best: 84.84% | ETA: 11.2min [run 18/24]
  [NoWD/seed456] Epoch 30/200 | LR: 0.094901 | Train: 91.84% | Test: 87.35% | Best: 87.35% | ETA: 10.6min [run 18/24]
  [NoWD/seed456] Epoch 40/200 | LR: 0.090907 | Train: 93.57% | Test: 87.18% | Best: 87.94% | ETA: 9.9min [run 18/24]
  [NoWD/seed456] Epoch 50/200 | LR: 0.085906 | Train: 94.69% | Test: 88.00% | Best: 88.37% | ETA: 9.0min [run 18/24]
  [NoWD/seed456] Epoch 60/200 | LR: 0.080021 | Train: 95.83% | Test: 89.06% | Best: 89.07% | ETA: 8.3min [run 18/24]
  [NoWD/seed456] Epoch 70/200 | LR: 0.073396 | Train: 96.62% | Test: 88.71% | Best: 89.24% | ETA: 7.8min [run 18/24]
  [NoWD/seed456] Epoch 80/200 | LR: 0.066196 | Train: 97.34% | Test: 89.19% | Best: 89.24% | ETA: 7.2min [run 18/24]
  [NoWD/seed456] Epoch 90/200 | LR: 0.058596 | Train: 97.90% | Test: 89.25% | Best: 89.45% | ETA: 6.6min [run 18/24]
  [NoWD/seed456] Epoch 100/200 | LR: 0.050785 | Train: 98.41% | Test: 89.41% | Best: 90.03% | ETA: 6.1min [run 18/24]
  [NoWD/seed456] Epoch 110/200 | LR: 0.042955 | Train: 98.79% | Test: 89.58% | Best: 90.03% | ETA: 5.5min [run 18/24]
  [NoWD/seed456] Epoch 120/200 | LR: 0.035298 | Train: 99.07% | Test: 89.56% | Best: 90.04% | ETA: 4.9min [run 18/24]
  [NoWD/seed456] Epoch 130/200 | LR: 0.028003 | Train: 99.33% | Test: 90.03% | Best: 90.27% | ETA: 4.3min [run 18/24]
  [NoWD/seed456] Epoch 140/200 | LR: 0.021250 | Train: 99.48% | Test: 90.19% | Best: 90.47% | ETA: 3.7min [run 18/24]
  [NoWD/seed456] Epoch 150/200 | LR: 0.015204 | Train: 99.70% | Test: 90.53% | Best: 90.59% | ETA: 3.0min [run 18/24]
  [NoWD/seed456] Epoch 160/200 | LR: 0.010016 | Train: 99.73% | Test: 90.65% | Best: 90.65% | ETA: 2.4min [run 18/24]
  [NoWD/seed456] Epoch 170/200 | LR: 0.005812 | Train: 99.77% | Test: 90.48% | Best: 90.65% | ETA: 1.8min [run 18/24]
  [NoWD/seed456] Epoch 180/200 | LR: 0.002696 | Train: 99.76% | Test: 90.51% | Best: 90.65% | ETA: 1.2min [run 18/24]
  [NoWD/seed456] Epoch 190/200 | LR: 0.000745 | Train: 99.82% | Test: 90.48% | Best: 90.65% | ETA: 0.6min [run 18/24]
  [NoWD/seed456] Epoch 200/200 | LR: 0.000006 | Train: 99.83% | Test: 90.46% | Best: 90.65% | ETA: 0.0min [run 18/24]
  DONE: NoWD/seed456 | Best: 90.65% | Final: 90.46% | Gen Gap: 9.37% | Time: 724.7s

======================================================================
[19/24] UDWDC / seed=42 / 200 epochs
======================================================================
  [UDWDC/seed42] Epoch 1/200 | LR: 0.100000 | Train: 37.00% | Test: 47.51% | Best: 47.51% | ETA: 42.1min [run 19/24]
  [UDWDC/seed42] Epoch 10/200 | LR: 0.099501 | Train: 83.94% | Test: 81.78% | Best: 81.78% | ETA: 39.5min [run 19/24]
  [UDWDC/seed42] Epoch 20/200 | LR: 0.097790 | Train: 89.17% | Test: 83.59% | Best: 85.36% | ETA: 34.7min [run 19/24]
  [UDWDC/seed42] Epoch 30/200 | LR: 0.094901 | Train: 91.84% | Test: 86.79% | Best: 86.95% | ETA: 32.3min [run 19/24]
  [UDWDC/seed42] Epoch 40/200 | LR: 0.090907 | Train: 93.60% | Test: 86.50% | Best: 87.39% | ETA: 31.4min [run 19/24]
  [UDWDC/seed42] Epoch 50/200 | LR: 0.085906 | Train: 95.00% | Test: 88.11% | Best: 88.11% | ETA: 29.2min [run 19/24]
  [UDWDC/seed42] Epoch 60/200 | LR: 0.080021 | Train: 95.79% | Test: 87.81% | Best: 88.11% | ETA: 27.4min [run 19/24]
  [UDWDC/seed42] Epoch 70/200 | LR: 0.073396 | Train: 96.60% | Test: 87.22% | Best: 88.74% | ETA: 25.3min [run 19/24]
  [UDWDC/seed42] Epoch 80/200 | LR: 0.066196 | Train: 97.35% | Test: 88.55% | Best: 88.85% | ETA: 23.3min [run 19/24]
  [UDWDC/seed42] Epoch 90/200 | LR: 0.058596 | Train: 97.86% | Test: 88.63% | Best: 88.85% | ETA: 21.3min [run 19/24]
  [UDWDC/seed42] Epoch 100/200 | LR: 0.050785 | Train: 98.35% | Test: 88.72% | Best: 89.26% | ETA: 19.3min [run 19/24]
  [UDWDC/seed42] Epoch 110/200 | LR: 0.042955 | Train: 98.72% | Test: 88.75% | Best: 89.26% | ETA: 17.4min [run 19/24]
  [UDWDC/seed42] Epoch 120/200 | LR: 0.035298 | Train: 99.03% | Test: 89.11% | Best: 89.54% | ETA: 15.4min [run 19/24]
  [UDWDC/seed42] Epoch 130/200 | LR: 0.028003 | Train: 99.33% | Test: 89.11% | Best: 89.54% | ETA: 13.6min [run 19/24]
  [UDWDC/seed42] Epoch 140/200 | LR: 0.021250 | Train: 99.53% | Test: 89.57% | Best: 89.65% | ETA: 11.6min [run 19/24]
  [UDWDC/seed42] Epoch 150/200 | LR: 0.015204 | Train: 99.58% | Test: 89.52% | Best: 89.68% | ETA: 9.7min [run 19/24]
  [UDWDC/seed42] Epoch 160/200 | LR: 0.010016 | Train: 99.69% | Test: 89.69% | Best: 89.80% | ETA: 7.8min [run 19/24]
  [UDWDC/seed42] Epoch 170/200 | LR: 0.005812 | Train: 99.77% | Test: 89.81% | Best: 89.91% | ETA: 5.8min [run 19/24]
  [UDWDC/seed42] Epoch 180/200 | LR: 0.002696 | Train: 99.75% | Test: 89.88% | Best: 90.01% | ETA: 3.9min [run 19/24]
  [UDWDC/seed42] Epoch 190/200 | LR: 0.000745 | Train: 99.79% | Test: 89.94% | Best: 90.03% | ETA: 1.9min [run 19/24]
  [UDWDC/seed42] Epoch 200/200 | LR: 0.000006 | Train: 99.81% | Test: 89.92% | Best: 90.03% | ETA: 0.0min [run 19/24]
  DONE: UDWDC/seed42 | Best: 90.03% | Final: 89.92% | Gen Gap: 9.89% | Time: 2337.6s

======================================================================
[20/24] UDWDC / seed=123 / 200 epochs
======================================================================
  [UDWDC/seed123] Epoch 1/200 | LR: 0.100000 | Train: 36.36% | Test: 49.03% | Best: 49.03% | ETA: 38.4min [run 20/24]
  [UDWDC/seed123] Epoch 10/200 | LR: 0.099501 | Train: 83.55% | Test: 79.99% | Best: 79.99% | ETA: 35.2min [run 20/24]
  [UDWDC/seed123] Epoch 20/200 | LR: 0.097790 | Train: 88.94% | Test: 83.27% | Best: 83.98% | ETA: 34.8min [run 20/24]
  [UDWDC/seed123] Epoch 30/200 | LR: 0.094901 | Train: 91.61% | Test: 85.36% | Best: 86.81% | ETA: 32.9min [run 20/24]
  [UDWDC/seed123] Epoch 40/200 | LR: 0.090907 | Train: 93.51% | Test: 86.89% | Best: 88.34% | ETA: 31.5min [run 20/24]
  [UDWDC/seed123] Epoch 50/200 | LR: 0.085906 | Train: 94.83% | Test: 88.71% | Best: 88.71% | ETA: 29.3min [run 20/24]
  [UDWDC/seed123] Epoch 60/200 | LR: 0.080021 | Train: 95.91% | Test: 88.21% | Best: 88.72% | ETA: 27.3min [run 20/24]
  [UDWDC/seed123] Epoch 70/200 | LR: 0.073396 | Train: 96.54% | Test: 89.30% | Best: 89.30% | ETA: 25.6min [run 20/24]
  [UDWDC/seed123] Epoch 80/200 | LR: 0.066196 | Train: 97.18% | Test: 88.78% | Best: 89.30% | ETA: 23.5min [run 20/24]
  [UDWDC/seed123] Epoch 90/200 | LR: 0.058596 | Train: 97.79% | Test: 88.69% | Best: 89.30% | ETA: 21.5min [run 20/24]
  [UDWDC/seed123] Epoch 100/200 | LR: 0.050785 | Train: 98.39% | Test: 88.81% | Best: 89.64% | ETA: 19.4min [run 20/24]
  [UDWDC/seed123] Epoch 110/200 | LR: 0.042955 | Train: 98.83% | Test: 89.55% | Best: 89.77% | ETA: 17.5min [run 20/24]
  [UDWDC/seed123] Epoch 120/200 | LR: 0.035298 | Train: 99.12% | Test: 89.53% | Best: 89.92% | ETA: 15.6min [run 20/24]
  [UDWDC/seed123] Epoch 130/200 | LR: 0.028003 | Train: 99.23% | Test: 89.97% | Best: 90.08% | ETA: 13.6min [run 20/24]
  [UDWDC/seed123] Epoch 140/200 | LR: 0.021250 | Train: 99.53% | Test: 89.88% | Best: 90.25% | ETA: 11.7min [run 20/24]
  [UDWDC/seed123] Epoch 150/200 | LR: 0.015204 | Train: 99.60% | Test: 90.06% | Best: 90.25% | ETA: 9.7min [run 20/24]
  [UDWDC/seed123] Epoch 160/200 | LR: 0.010016 | Train: 99.75% | Test: 90.08% | Best: 90.32% | ETA: 7.8min [run 20/24]
  [UDWDC/seed123] Epoch 170/200 | LR: 0.005812 | Train: 99.77% | Test: 90.45% | Best: 90.46% | ETA: 5.8min [run 20/24]
  [UDWDC/seed123] Epoch 180/200 | LR: 0.002696 | Train: 99.78% | Test: 90.25% | Best: 90.47% | ETA: 3.9min [run 20/24]
  [UDWDC/seed123] Epoch 190/200 | LR: 0.000745 | Train: 99.81% | Test: 90.47% | Best: 90.47% | ETA: 1.9min [run 20/24]
  [UDWDC/seed123] Epoch 200/200 | LR: 0.000006 | Train: 99.80% | Test: 90.31% | Best: 90.47% | ETA: 0.0min [run 20/24]
  DONE: UDWDC/seed123 | Best: 90.47% | Final: 90.31% | Gen Gap: 9.49% | Time: 2346.5s

======================================================================
[21/24] UDWDC / seed=456 / 200 epochs
======================================================================
  [UDWDC/seed456] Epoch 1/200 | LR: 0.100000 | Train: 36.37% | Test: 46.30% | Best: 46.30% | ETA: 42.9min [run 21/24]
  [UDWDC/seed456] Epoch 10/200 | LR: 0.099501 | Train: 83.46% | Test: 81.69% | Best: 81.69% | ETA: 38.3min [run 21/24]
  [UDWDC/seed456] Epoch 20/200 | LR: 0.097790 | Train: 89.16% | Test: 84.12% | Best: 84.96% | ETA: 35.9min [run 21/24]
  [UDWDC/seed456] Epoch 30/200 | LR: 0.094901 | Train: 91.64% | Test: 85.85% | Best: 86.82% | ETA: 34.2min [run 21/24]
  [UDWDC/seed456] Epoch 40/200 | LR: 0.090907 | Train: 93.39% | Test: 86.82% | Best: 87.27% | ETA: 31.8min [run 21/24]
  [UDWDC/seed456] Epoch 50/200 | LR: 0.085906 | Train: 94.66% | Test: 87.70% | Best: 88.22% | ETA: 30.2min [run 21/24]
  [UDWDC/seed456] Epoch 60/200 | LR: 0.080021 | Train: 95.56% | Test: 88.44% | Best: 88.44% | ETA: 27.9min [run 21/24]
  [UDWDC/seed456] Epoch 70/200 | LR: 0.073396 | Train: 96.33% | Test: 88.24% | Best: 88.57% | ETA: 26.1min [run 21/24]
  [UDWDC/seed456] Epoch 80/200 | LR: 0.066196 | Train: 97.22% | Test: 88.73% | Best: 88.78% | ETA: 23.7min [run 21/24]
  [UDWDC/seed456] Epoch 90/200 | LR: 0.058596 | Train: 97.65% | Test: 89.16% | Best: 89.16% | ETA: 21.7min [run 21/24]
  [UDWDC/seed456] Epoch 100/200 | LR: 0.050785 | Train: 98.25% | Test: 88.75% | Best: 89.65% | ETA: 19.8min [run 21/24]
  [UDWDC/seed456] Epoch 110/200 | LR: 0.042955 | Train: 98.62% | Test: 89.18% | Best: 89.66% | ETA: 17.8min [run 21/24]
  [UDWDC/seed456] Epoch 120/200 | LR: 0.035298 | Train: 99.03% | Test: 89.22% | Best: 89.66% | ETA: 15.9min [run 21/24]
  [UDWDC/seed456] Epoch 130/200 | LR: 0.028003 | Train: 99.24% | Test: 89.54% | Best: 89.73% | ETA: 13.8min [run 21/24]
  [UDWDC/seed456] Epoch 140/200 | LR: 0.021250 | Train: 99.47% | Test: 89.82% | Best: 89.84% | ETA: 11.9min [run 21/24]
  [UDWDC/seed456] Epoch 160/200 | LR: 0.010016 | Train: 99.67% | Test: 89.63% | Best: 89.96% | ETA: 8.0min [run 21/24]
  [UDWDC/seed456] Epoch 190/200 | LR: 0.000745 | Train: 99.78% | Test: 89.70% | Best: 89.96% | ETA: 2.0min [run 21/24]
  [UDWDC-v2/seed42] Epoch 10/200 | LR: 0.099501 | Train: 83.82% | Test: 81.26% | Best: 81.26% | ETA: 38.4min [run 22/24]
  [UDWDC-v2/seed42] Epoch 40/200 | LR: 0.090907 | Train: 93.54% | Test: 86.66% | Best: 87.53% | ETA: 32.3min [run 22/24]
  [UDWDC-v2/seed42] Epoch 70/200 | LR: 0.073396 | Train: 96.56% | Test: 88.23% | Best: 88.86% | ETA: 26.3min [run 22/24]
  [UDWDC-v2/seed42] Epoch 100/200 | LR: 0.050785 | Train: 98.36% | Test: 89.46% | Best: 89.58% | ETA: 20.1min [run 22/24]
  [UDWDC-v2/seed42] Epoch 130/200 | LR: 0.028003 | Train: 99.35% | Test: 89.79% | Best: 89.97% | ETA: 14.1min [run 22/24]
  [UDWDC-v2/seed42] Epoch 170/200 | LR: 0.005812 | Train: 99.80% | Test: 90.13% | Best: 90.27% | ETA: 6.0min [run 22/24]
  [UDWDC-v2/seed42] Epoch 200/200 | LR: 0.000006 | Train: 99.77% | Test: 90.26% | Best: 90.32% | ETA: 0.0min [run 22/24]
  DONE: UDWDC-v2/seed42 | Best: 90.32% | Final: 90.26% | Gen Gap: 9.51% | Time: 2410.7s | WD Budget: 9.9309e+04

======================================================================
[23/24] UDWDC-v2 / seed=123 / 200 epochs
======================================================================
  [UDWDC-v2/seed123] Epoch 20/200 | LR: 0.097790 | Train: 88.88% | Test: 85.65% | Best: 85.65% | ETA: 26.8min [run 23/24]
  [UDWDC-v2/seed123] Epoch 50/200 | LR: 0.085906 | Train: 94.59% | Test: 88.22% | Best: 88.43% | ETA: 26.7min [run 23/24]
  [UDWDC-v2/seed123] Epoch 80/200 | LR: 0.066196 | Train: 97.27% | Test: 89.48% | Best: 89.48% | ETA: 22.7min [run 23/24]
  [UDWDC-v2/seed123] Epoch 110/200 | LR: 0.042955 | Train: 98.73% | Test: 89.38% | Best: 89.98% | ETA: 17.5min [run 23/24]
  [UDWDC-v2/seed123] Epoch 140/200 | LR: 0.021250 | Train: 99.46% | Test: 90.44% | Best: 90.44% | ETA: 11.8min [run 23/24]
  [UDWDC-v2/seed123] Epoch 170/200 | LR: 0.005812 | Train: 99.73% | Test: 90.10% | Best: 90.48% | ETA: 5.9min [run 23/24]
  [UDWDC-v2/seed123] Epoch 200/200 | LR: 0.000006 | Train: 99.84% | Test: 90.39% | Best: 90.48% | ETA: 0.0min [run 23/24]
  DONE: UDWDC-v2/seed123 | Best: 90.48% | Final: 90.39% | Gen Gap: 9.45% | Time: 2387.5s | WD Budget: 9.9104e+04

======================================================================
[24/24] UDWDC-v2 / seed=456 / 200 epochs
======================================================================
  [UDWDC-v2/seed456] Epoch 70/200 | LR: 0.073396 | Train: 96.53% | Test: 88.53% | Best: 88.80% | ETA: 25.6min [run 24/24]
  [UDWDC-v2/seed456] Epoch 110/200 | LR: 0.042955 | Train: 98.68% | Test: 89.73% | Best: 89.73% | ETA: 18.0min [run 24/24]
  [UDWDC-v2/seed456] Epoch 140/200 | LR: 0.021250 | Train: 99.50% | Test: 90.12% | Best: 90.16% | ETA: 11.9min [run 24/24]
  [UDWDC-v2/seed456] Epoch 170/200 | LR: 0.005812 | Train: 99.76% | Test: 90.00% | Best: 90.19% | ETA: 5.9min [run 24/24]
  [UDWDC-v2/seed456] Epoch 200/200 | LR: 0.000006 | Train: 99.78% | Test: 90.16% | Best: 90.28% | ETA: 0.0min [run 24/24]
  DONE: UDWDC-v2/seed456 | Best: 90.28% | Final: 90.16% | Gen Gap: 9.62% | Time: 2340.3s | WD Budget: 9.7385e+04

================================================================================
RESULTS SUMMARY
================================================================================

Method                     Best Acc      Final Acc        Gen Gap      WD Budget  Seeds
------------------------------------------------------------------------------------------
FixedWD               90.68±0.11  90.55±0.17   9.28±0.17       0.48±0.0      3
CWD                   90.32±0.08  90.16±0.05   9.66±0.05       0.24±0.0      3
SWD                   90.39±0.19  90.34±0.23   9.49±0.23       0.47±0.0      3
CPR                   91.74±0.07  91.60±0.05   8.28±0.05       4.44±0.0      3
DefazioCorrective     90.62±0.20  90.49±0.22   9.31±0.22       0.24±0.0      3
NoWD                  90.25±0.30  90.08±0.30   9.73±0.30       0.00±0.0      3
UDWDC                 90.15±0.23  89.98±0.25   9.82±0.25       0.38±0.0      3
UDWDC-v2              90.36±0.09  90.27±0.09   9.53±0.07   98599.24±862.7      3
------------------------------------------------------------------------------------------
Total time: 33253.5s (9.24h)

Saved: /home/ccwang/sibyl-research-system/workspaces/dynamic-wd/current/exp/results/full/phase1_diagnostic/summary.json
Saved: /home/ccwang/sibyl-research-system/workspaces/dynamic-wd/current/exp/results/full/phase1_diagnostic/summary.md
Wrote DONE marker
Updated gpu_progress.json
/home/ccwang/miniforge3/envs/sibyl_dynamic-wd/lib/python3.12/site-packages/torchvision/datasets/cifar.py:83: VisibleDeprecationWarning: dtype(): align should be passed as Python or NumPy boolean but got `align=0`. Did you mean to pass a tuple to create a subarray type? (Deprecated NumPy 2.4)
  entry = pickle.load(f, encoding="latin1")


