[Wed Mar 25 02:28:13 PM HKT 2026] Waiting for GPU 2 to have sufficient free memory...
[Wed Mar 25 02:28:13 PM HKT 2026] GPU 2 free memory: 13066 MiB
[Wed Mar 25 02:28:43 PM HKT 2026] GPU 2 free memory: 13064 MiB
[Wed Mar 25 02:29:14 PM HKT 2026] GPU 2 free memory: 13064 MiB
[Wed Mar 25 02:29:44 PM HKT 2026] GPU 2 free memory: 21073 MiB
[Wed Mar 25 02:30:14 PM HKT 2026] GPU 2 free memory: 21075 MiB
[Wed Mar 25 02:30:44 PM HKT 2026] GPU 2 free memory: 21073 MiB
[Wed Mar 25 02:31:14 PM HKT 2026] GPU 2 free memory: 21073 MiB
[Wed Mar 25 02:31:44 PM HKT 2026] GPU 2 free memory: 43462 MiB
[Wed Mar 25 02:31:44 PM HKT 2026] GPU 2 has 43462 MiB free, launching ResNet-101 pilot...
Device: cuda:0
GPU: NVIDIA RTX PRO 6000 Blackwell Server Edition
Memory: 102.0 GB

Pilot v2 config: ResNet-101, 2 epochs, batch_size=256, lr=0.1, seed=42
Data: 8 train shards, 3 val shards
Max samples: train=30000, val=5000
Timeout: 1800s
Methods: ['FixedWD', 'SWD', 'CWD', 'CPR', 'UDWDC-v2']

Loading ImageNet data (pilot subset)...
  Loading 8 shards for train...
  train: 30000 samples from 8 shards
  Loading 3 shards for validation...
  validation: 5000 samples from 3 shards
Data loaded in 1.8s

Probing max batch size for ResNet-101...
Max stable batch size: 512, using: 256
GPU profile saved to exp/results/imagenet_resnet101_gpu_profile.json

============================================================
  Method: FixedWD | Model: ResNet-101 | Params: 44,549,160 | WD: 0.0001
============================================================
  [FixedWD] Epoch 1/2 | LR: 0.100000 | Train: 0.12% | Val: 0.12% (top5: 0.62%) | Loss: 7.1481 | WD_budget: 1.208024e+01 | Time: 64s
  [FixedWD] Epoch 2/2 | LR: 0.050000 | Train: 0.19% | Val: 0.16% (top5: 0.64%) | Loss: 6.9018 | WD_budget: 1.206615e+01 | Time: 120s
  -> PASS: val_acc=0.16%, top5=0.64%, wd_budget=2.414638e+01, time=120s

============================================================
  Method: SWD | Model: ResNet-101 | Params: 44,549,160 | WD: 0.0001
============================================================
  [SWD] Epoch 1/2 | LR: 0.100000 | Train: 0.12% | Val: 0.08% (top5: 0.46%) | Loss: 7.1332 | WD_budget: 2.552944e-01 | Time: 136s
  [SWD] Epoch 2/2 | LR: 0.050000 | Train: 0.16% | Val: 0.10% (top5: 0.42%) | Loss: 6.9015 | WD_budget: 2.263608e-01 | Time: 272s
  -> PASS: val_acc=0.10%, top5=0.42%, wd_budget=4.816552e-01, time=272s

============================================================
  Method: CWD | Model: ResNet-101 | Params: 44,549,160 | WD: 0.0001
============================================================
  [CWD] Epoch 1/2 | LR: 0.100000 | Train: 0.11% | Val: 0.10% (top5: 0.82%) | Loss: 7.1702 | WD_budget: 6.123422e+00 | Time: 111s
  [CWD] Epoch 2/2 | LR: 0.050000 | Train: 0.17% | Val: 0.12% (top5: 0.76%) | Loss: 6.9042 | WD_budget: 6.141043e+00 | Time: 167s
  -> PASS: val_acc=0.12%, top5=0.76%, wd_budget=1.226446e+01, time=167s

============================================================
  Method: CPR | Model: ResNet-101 | Params: 44,549,160 | WD: 0.0001
============================================================
  [CPR] Epoch 1/2 | LR: 0.100000 | Train: 0.14% | Val: 0.08% (top5: 0.62%) | Loss: 7.1339 | WD_budget: 3.014278e+01 | Time: 55s
  [CPR] Epoch 2/2 | LR: 0.050000 | Train: 0.17% | Val: 0.08% (top5: 0.62%) | Loss: 6.9096 | WD_budget: 2.767276e+01 | Time: 111s
  -> PASS: val_acc=0.08%, top5=0.62%, wd_budget=5.781553e+01, time=111s

============================================================
  Method: UDWDC-v2 | Model: ResNet-101 | Params: 44,549,160 | WD: 0.0001
============================================================
    [UDWDC-v2] Epoch WD budget: 4.395338e+03, Cumulative: 4.395338e+03
  [UDWDC-v2] Epoch 1/2 | LR: 0.100000 | Train: 0.15% | Val: 0.12% (top5: 0.68%) | Loss: 7.1488 | WD_budget: 3.600172e+01 | Time: 70s
    [UDWDC-v2] Epoch WD budget: 4.348494e+03, Cumulative: 8.743831e+03
  [UDWDC-v2] Epoch 2/2 | LR: 0.050000 | Train: 0.22% | Val: 0.20% (top5: 0.70%) | Loss: 6.9063 | WD_budget: 3.472414e+01 | Time: 141s
  -> PASS: val_acc=0.20%, top5=0.70%, wd_budget=7.072586e+01, time=141s

  UDWDC-v2 WD budget check: total=7.072586e+01, v2_cumulative=8.743831e+03 -> OK

============================================================
  PILOT v2 SUMMARY: ImageNet ResNet-101
============================================================
  Methods: 5 passed, 0 failed out of 5
  UDWDC-v2 WD budget > 0: YES
  Total time: 816.4s

  [PASS] FixedWD              | Val: 0.16% (top5: 0.64%) | Train: 0.19% | WD: 2.4146e+01 | Time: 120s
  [PASS] SWD                  | Val: 0.10% (top5: 0.42%) | Train: 0.16% | WD: 4.8166e-01 | Time: 272s
  [PASS] CWD                  | Val: 0.12% (top5: 0.76%) | Train: 0.17% | WD: 1.2264e+01 | Time: 167s
  [PASS] CPR                  | Val: 0.08% (top5: 0.62%) | Train: 0.17% | WD: 5.7816e+01 | Time: 111s
  [PASS] UDWDC-v2             | Val: 0.20% (top5: 0.70%) | Train: 0.22% | WD: 7.0726e+01 | Time: 141s

  Overall: PASS

Results saved to exp/results/pilots/imagenet_resnet101

[Wed Mar 25 02:45:30 PM HKT 2026] ResNet-101 pilot v2 completed.
