============================================================
Training vgg16_bn on cifar10
WD method: swd, base WD: 0.0005
Epochs: 200, LR: 0.001, Batch: 128
Seed: 123, Device: cuda:1
Output: /home/ccwang/sibyl-research-system/workspaces/dynamic-wd/current/exp/results/full/vgg16bn/cifar10/swd/seed_123
============================================================
  E  0/200: loss=1.9252 tr_acc=19.96% te_acc=18.76% wn=120.02 CSI=0.0000 AIS=0.4591 BEM=-0.9000
  E 10/200: loss=0.5935 tr_acc=81.01% te_acc=81.31% wn=259.38 CSI=0.2967 AIS=0.2210 BEM=-0.9000
  E 20/200: loss=0.3620 tr_acc=88.80% te_acc=85.91% wn=340.80 CSI=0.0887 AIS=0.2956 BEM=-0.9000
  E 30/200: loss=0.2422 tr_acc=92.65% te_acc=88.65% wn=408.71 CSI=0.0873 AIS=0.1764 BEM=-0.9000
  E 40/200: loss=0.1658 tr_acc=94.90% te_acc=89.31% wn=465.78 CSI=0.1207 AIS=0.2571 BEM=-0.9000
  E 50/200: loss=0.1165 tr_acc=96.41% te_acc=89.70% wn=513.77 CSI=0.1682 AIS=0.2123 BEM=-0.9000
  E 60/200: loss=0.0840 tr_acc=97.46% te_acc=90.28% wn=549.18 CSI=0.0838 AIS=0.1732 BEM=-0.9000
  E 70/200: loss=0.0581 tr_acc=98.29% te_acc=90.52% wn=577.63 CSI=0.1231 AIS=0.2295 BEM=-0.9000
  E 80/200: loss=0.0419 tr_acc=98.76% te_acc=90.71% wn=600.75 CSI=0.1840 AIS=0.2569 BEM=-0.9000
  E 90/200: loss=0.0332 tr_acc=99.08% te_acc=90.75% wn=618.57 CSI=0.1223 AIS=0.1979 BEM=-0.9000
  E100/200: loss=0.0256 tr_acc=99.30% te_acc=90.69% wn=631.24 CSI=0.2401 AIS=0.2295 BEM=-0.9000
  E110/200: loss=0.0192 tr_acc=99.44% te_acc=90.91% wn=641.83 CSI=0.2645 AIS=0.2635 BEM=-0.9000
  E120/200: loss=0.0133 tr_acc=99.64% te_acc=91.16% wn=648.13 CSI=0.2910 AIS=0.1960 BEM=-0.9000
  E130/200: loss=0.0103 tr_acc=99.69% te_acc=91.25% wn=652.26 CSI=0.2778 AIS=0.1449 BEM=-0.9000
  E140/200: loss=0.0058 tr_acc=99.82% te_acc=90.94% wn=654.59 CSI=0.3171 AIS=0.2154 BEM=-0.9000
  E150/200: loss=0.0033 tr_acc=99.90% te_acc=91.21% wn=655.89 CSI=0.5549 AIS=0.3178 BEM=-0.9000
  E160/200: loss=0.0020 tr_acc=99.93% te_acc=91.53% wn=656.59 CSI=0.5502 AIS=0.2523 BEM=-0.9000
  E170/200: loss=0.0016 tr_acc=99.95% te_acc=91.55% wn=657.01 CSI=0.5661 AIS=0.2181 BEM=-0.9000
  E180/200: loss=0.0010 tr_acc=99.96% te_acc=91.60% wn=657.09 CSI=0.9210 AIS=0.1842 BEM=-0.9000
  E190/200: loss=0.0013 tr_acc=99.96% te_acc=91.57% wn=657.12 CSI=1.1702 AIS=0.2152 BEM=-0.9000
  E199/200: loss=0.0009 tr_acc=99.98% te_acc=91.78% wn=657.12 CSI=1.5339 AIS=0.2024 BEM=-0.9000

Done! Best: 91.81%, Time: 928.6s
