
============================================================
[ablation_beta] EqWD beta sensitivity on CIFAR-100/ResNet-20
  Total runs: 5
============================================================
  [SKIP] beta_0.1
  [SKIP] beta_0.5
  [SKIP] beta_1.0
  [4/5] beta_2.0... OK (top1=65.35)
  [5/5] beta_5.0... OK (top1=66.07)
  [ablation_beta] Done: 5/5 in 37.2min

============================================================
[ablation_ema] EqWD EMA alpha sensitivity on CIFAR-100/ResNet-20
  Total runs: 4
============================================================
  [1/4] ema_0.8... OK (top1=65.47)
  [SKIP] ema_0.9
  [3/4] ema_0.95... OK (top1=64.81)
  [4/4] ema_0.99... OK (top1=64.68)
  [ablation_ema] Done: 4/4 in 56.5min

============================================================
[nobn_ablation] All 7 methods on CIFAR-100/VGG-16 (NO BN)
  Total runs: 21
============================================================
  [1/21] NoWD_seed42... OK (top1=1.0)
  [2/21] NoWD_seed123... OK (top1=1.0)
  [3/21] NoWD_seed456... OK (top1=1.0)
  [4/21] FixedWD_seed42... OK (top1=1.0)
  [5/21] FixedWD_seed123... OK (top1=1.0)
  [6/21] FixedWD_seed456... OK (top1=1.0)
  [7/21] SWD_seed42... OK (top1=1.0)
  [8/21] SWD_seed123... OK (top1=1.0)
  [9/21] SWD_seed456... OK (top1=1.0)
  [10/21] CWD_seed42... OK (top1=1.0)
  [11/21] CWD_seed123... OK (top1=1.0)
  [12/21] CWD_seed456... OK (top1=1.0)
  [13/21] CPR_seed42... OK (top1=1.0)
  [14/21] CPR_seed123... OK (top1=1.0)
  [15/21] CPR_seed456... OK (top1=1.0)
  [16/21] CAWD_seed42... OK (top1=1.0)
  [17/21] CAWD_seed123... OK (top1=1.0)
  [18/21] CAWD_seed456... OK (top1=1.0)
  [19/21] EqWD_seed42... OK (top1=1.0)
  [20/21] EqWD_seed123... OK (top1=1.0)
  [21/21] EqWD_seed456... OK (top1=1.0)
  [nobn_ablation] Done: 21/21 in 79.6min

============================================================
[control_phase_schedule] Phase schedule control on CIFAR-100/ResNet-20
  Total runs: 3
============================================================
  [1/3] phase_eqwd_seed42... OK (top1=65.39)
  [2/3] phase_eqwd_seed123... OK (top1=65.1)
  [3/3] phase_eqwd_seed456... OK (top1=64.67)
  [control_phase_schedule] Done: 3/3 in 56.8min

============================================================
All ablation experiments complete in 230.1 min
============================================================
