======================================================================
CIFAR-100 / ResNet-20 Full Experiment
Methods: ['NoWD', 'FixedWD', 'SWD', 'CWD', 'CPR', 'CAWD', 'EqWD']
Seeds: [42, 123, 456]
Total runs: 21
Epochs per run: 200
======================================================================

[SKIP] NoWD_seed42 already completed: 63.74%

[SKIP] NoWD_seed123 already completed: 64.22%

[SKIP] NoWD_seed456 already completed: 63.25%

[SKIP] FixedWD_seed42 already completed: 64.92%

[SKIP] FixedWD_seed123 already completed: 65.24%

[SKIP] FixedWD_seed456 already completed: 65.42%

[SKIP] SWD_seed42 already completed: 64.70%

======================================================================
[RUN 8/21] SWD_seed123
  Method: SWD, Seed: 123
======================================================================
[OK] SWD_seed123: Best=64.94%, Time=12.0min

======================================================================
[RUN 9/21] SWD_seed456
  Method: SWD, Seed: 456
======================================================================
[OK] SWD_seed456: Best=64.88%, Time=18.4min

======================================================================
[RUN 10/21] CWD_seed42
  Method: CWD, Seed: 42
======================================================================
[OK] CWD_seed42: Best=64.40%, Time=20.3min

======================================================================
[RUN 11/21] CWD_seed123
  Method: CWD, Seed: 123
======================================================================
[OK] CWD_seed123: Best=64.61%, Time=20.6min

======================================================================
[RUN 12/21] CWD_seed456
  Method: CWD, Seed: 456
======================================================================
[OK] CWD_seed456: Best=64.63%, Time=20.7min

======================================================================
[RUN 13/21] CPR_seed42
  Method: CPR, Seed: 42
======================================================================
[OK] CPR_seed42: Best=65.26%, Time=18.4min

======================================================================
[RUN 14/21] CPR_seed123
  Method: CPR, Seed: 123
======================================================================
[OK] CPR_seed123: Best=65.10%, Time=18.8min

======================================================================
[RUN 15/21] CPR_seed456
  Method: CPR, Seed: 456
======================================================================
[OK] CPR_seed456: Best=65.20%, Time=18.5min

======================================================================
[RUN 16/21] CAWD_seed42
  Method: CAWD, Seed: 42
======================================================================
[OK] CAWD_seed42: Best=64.24%, Time=18.1min

======================================================================
[RUN 17/21] CAWD_seed123
  Method: CAWD, Seed: 123
======================================================================
[OK] CAWD_seed123: Best=65.22%, Time=17.9min

======================================================================
[RUN 18/21] CAWD_seed456
  Method: CAWD, Seed: 456
======================================================================
[OK] CAWD_seed456: Best=64.09%, Time=18.0min

======================================================================
[RUN 19/21] EqWD_seed42
  Method: EqWD, Seed: 42
======================================================================
[OK] EqWD_seed42: Best=65.39%, Time=18.1min

======================================================================
[RUN 20/21] EqWD_seed123
  Method: EqWD, Seed: 123
======================================================================
[OK] EqWD_seed123: Best=65.10%, Time=17.9min

======================================================================
[RUN 21/21] EqWD_seed456
  Method: EqWD, Seed: 456
======================================================================
[OK] EqWD_seed456: Best=64.67%, Time=18.2min

======================================================================
SUMMARY
======================================================================
Total time: 256.0 minutes
Successful: 21/21

Method        Seed 42   Seed 123   Seed 456       Mean        Std
--------------------------------------------------------------
NoWD            63.74     64.22     63.25      63.74       0.49
FixedWD         64.92     65.24     65.42      65.19       0.25
SWD             64.70     64.94     64.88      64.84       0.12
CWD             64.40     64.61     64.63      64.55       0.13
CPR             65.26     65.10     65.20      65.19       0.08
CAWD            64.24     65.22     64.09      64.52       0.61
EqWD            65.39     65.10     64.67      65.05       0.36

Summary saved to /home/ccwang/sibyl-research-system/workspaces/dynamic-wd/current/exp/results/full/cifar100_resnet20/summary.json

[DONE] 21/21 runs completed in 256.0min; EqWD=65.05% vs Fixed=65.19% (delta=-0.14%) [PASS]
