WARNING:root:You tried to specify center_unembed=True for a model using logit softcap, but this can't be done! Softcapping is not invariant upon adding a constant Setting center_unembed=False instead.
WARNING:root:With reduced precision, it is advised to use `from_pretrained_no_processing` instead of `from_pretrained`.
WARNING:root:You are not using LayerNorm, so the writing weights can't be centered! Skipping
======================================================================
First-Letter Absorption Baseline (IMPROVED) — Gemma 2 2B (FULL)
Task ID: first_letter_improved
GPU: 1
Cosine threshold: 0.025 (Chanin standard)
Magnitude gap: 1.0
Seed: 42
Start: 2026-04-15T10:48:40.086409
======================================================================

[Step 1/12] Loading Gemma 2 2B model...
Loaded pretrained model google/gemma-2-2b into HookedTransformer
  Model loaded in 24.8s

[Step 2/12] Loading SAE L12-16k...
  SAE loaded in 2.7s, features=16384

[Step 3/12] Building single-token vocabulary per letter (target: 50+)...
    A: 65 words [OK] (e.g., apple, animal, arrow, answer, album)
    B: 66 words [OK] (e.g., brain, brave, bread, bring, brown)
    C: 69 words [OK] (e.g., chain, chair, chalk, chase, cheap)
    D: 61 words [OK] (e.g., dance, death, debug, delay, dense)
    E: 53 words [OK] (e.g., eagle, early, earth, elect, elite)
    F: 69 words [OK] (e.g., faced, faith, false, feast, fence)
    G: 64 words [OK] (e.g., giant, given, glass, globe, glory)
    H: 57 words [OK] (e.g., happy, harsh, heart, heavy, hence)
    I: 30 words [WARN] (e.g., ideal, image, imply, index, inner)
    J: 23 words [WARN] (e.g., jewel, joint, judge, juice, jolly)
    K: 25 words [WARN] (e.g., kayak, kebab, knack, kneel, knife)
    L: 65 words [OK] (e.g., label, laser, later, layer, legal)
    M: 62 words [OK] (e.g., magic, major, maker, march, match)
    N: 37 words [WARN] (e.g., naked, nasty, nerve, never, night)
    O: 29 words [WARN] (e.g., ocean, offer, often, olive, onset)
    P: 68 words [OK] (e.g., panel, paper, paste, patch, pause)
    Q: 15 words [LOW] (e.g., queen, query, quest, queue, quick)
    R: 63 words [OK] (e.g., radar, raise, range, rapid, ratio)
    S: 70 words [OK] (e.g., saint, scale, scene, scope, score)
    T: 70 words [OK] (e.g., table, taste, teach, teens, theft)
    U: 27 words [WARN] (e.g., ultra, under, union, unite, unity)
    V: 34 words [WARN] (e.g., valid, value, vapor, vault, venue)
    W: 60 words [OK] (e.g., watch, water, wheat, wheel, where)
    X: 1 words [LOW] (e.g., xenon)
    Y: 12 words [LOW] (e.g., yacht, yield, young, youth, yards)
    Z: 9 words [LOW] (e.g., zebra, zeros, zones, zombie, zenith)
  Total words: 1204
  Letters with 50+: 15/26
  Letters with 20+: 22/26

[Step 4/12] Collecting activations...
  Collected 1203 activations in 34.9s
  SAE shape: torch.Size([1203, 16384]), Raw shape: torch.Size([1203, 2304])
  Mean active features per token: 27

[Step 5/12] Absorption analysis on L12-16k (cosine=0.025)...
    [+] A: n=65, F1=0.899, tested=65, FN=7, absorbed=7, rate=0.108
    [+] B: n=66, F1=0.927, tested=66, FN=4, absorbed=4, rate=0.061
    [-] C: n=69, F1=0.715, tested=69, FN=20, absorbed=20, rate=0.290
    [+] D: n=61, F1=0.869, tested=61, FN=9, absorbed=9, rate=0.148
    [-] E: n=53, F1=0.715, tested=53, FN=12, absorbed=12, rate=0.226
    [-] F: n=69, F1=0.809, tested=69, FN=11, absorbed=11, rate=0.159
    [+] G: n=64, F1=0.923, tested=64, FN=3, absorbed=2, rate=0.031
    [+] H: n=57, F1=0.855, tested=57, FN=2, absorbed=2, rate=0.035
    [x] I: n=30, F1=0.662, tested=30, FN=6, absorbed=5, rate=0.167
    [+] J: n=23, F1=0.950, tested=23, FN=0, absorbed=0, rate=0.000
    [+] K: n=25, F1=0.956, tested=25, FN=0, absorbed=0, rate=0.000
    [-] L: n=65, F1=0.753, tested=65, FN=20, absorbed=20, rate=0.308
    [+] M: n=62, F1=0.905, tested=62, FN=3, absorbed=3, rate=0.048
    [-] N: n=37, F1=0.845, tested=37, FN=2, absorbed=2, rate=0.054
    [x] O: n=29, F1=0.560, tested=29, FN=6, absorbed=6, rate=0.207
    [-] P: n=68, F1=0.743, tested=68, FN=25, absorbed=25, rate=0.368
    [+] Q: n=15, F1=0.920, tested=15, FN=0, absorbed=0, rate=0.000
    [-] R: n=63, F1=0.834, tested=63, FN=8, absorbed=8, rate=0.127
    [-] S: n=70, F1=0.741, tested=70, FN=22, absorbed=22, rate=0.314
    [-] T: n=70, F1=0.721, tested=70, FN=23, absorbed=23, rate=0.329
    [-] U: n=27, F1=0.841, tested=27, FN=2, absorbed=2, rate=0.074
    [+] V: n=34, F1=0.896, tested=34, FN=0, absorbed=0, rate=0.000
    [-] W: n=60, F1=0.829, tested=60, FN=9, absorbed=9, rate=0.150
    [-] Y: n=12, F1=0.720, tested=12, FN=0, absorbed=0, rate=0.000
    [-] Z: n=9, F1=0.833, tested=9, FN=0, absorbed=0, rate=0.000

  L12-16k Summary:
    Aggregate absorption rate: 0.1596
    CI 95%: [0.0843, 0.175]
    Mean probe F1: 0.8169
    Letters above 0.85 gate: 10/25
    Letters above 0.70 gate: 23/25
    Gated (F1>0.85): rate=0.0572, n_letters=10
    Time: 5.7s

[Step 6/12] Controls...

  Running C1: Random probe direction control...
    Random probe: tested=1203, FN=194 (0.161), absorbed=142 (0.118)

  Running C2: Shuffled label control (5 shuffles)...
    Shuffle 1/5: tested=1203, absorbed=882 (0.733)
    Shuffle 2/5: tested=1203, absorbed=859 (0.714)
    Shuffle 3/5: tested=1203, absorbed=907 (0.754)
    Shuffle 4/5: tested=1203, absorbed=907 (0.754)
    Shuffle 5/5: tested=1203, absorbed=932 (0.775)
    Shuffled control: mean=0.746 +/- 0.021

  Running C3: Dense probe upper bound...
    Dense probe: mean F1=0.929, 23/25 above 0.85
  Controls completed in 46.2s

[Step 7/12] C4: Untrained SAE control...

  Running C4: Untrained SAE control...
    Random SAE acts shape: torch.Size([1203, 16384]), mean nonzero per token: 8095
    [+] A: n=65, F1=0.947, tested=65, FN=0, absorbed=0, rate=0.000
    [+] B: n=66, F1=0.949, tested=66, FN=0, absorbed=0, rate=0.000
    [+] C: n=69, F1=0.948, tested=69, FN=0, absorbed=0, rate=0.000
    [+] D: n=61, F1=0.951, tested=61, FN=0, absorbed=0, rate=0.000
    [+] E: n=53, F1=0.875, tested=53, FN=0, absorbed=0, rate=0.000
    [+] F: n=69, F1=0.972, tested=69, FN=0, absorbed=0, rate=0.000
    [+] G: n=64, F1=0.992, tested=64, FN=0, absorbed=0, rate=0.000
    [+] H: n=57, F1=0.983, tested=57, FN=0, absorbed=0, rate=0.000
    [+] I: n=30, F1=0.895, tested=30, FN=0, absorbed=0, rate=0.000
    [+] J: n=23, F1=0.856, tested=23, FN=0, absorbed=0, rate=0.000
    [+] K: n=25, F1=0.942, tested=25, FN=0, absorbed=0, rate=0.000
    [+] L: n=65, F1=0.963, tested=65, FN=0, absorbed=0, rate=0.000
    [+] M: n=62, F1=0.961, tested=62, FN=0, absorbed=0, rate=0.000
    [+] N: n=37, F1=0.898, tested=37, FN=0, absorbed=0, rate=0.000
    [+] O: n=29, F1=0.936, tested=29, FN=0, absorbed=0, rate=0.000
    [+] P: n=68, F1=0.972, tested=68, FN=0, absorbed=0, rate=0.000
    [+] Q: n=15, F1=1.000, tested=15, FN=0, absorbed=0, rate=0.000
    [+] R: n=63, F1=0.977, tested=63, FN=0, absorbed=0, rate=0.000
    [+] S: n=70, F1=0.911, tested=70, FN=0, absorbed=0, rate=0.000
    [+] T: n=70, F1=0.957, tested=70, FN=0, absorbed=0, rate=0.000
    [+] U: n=27, F1=0.948, tested=27, FN=0, absorbed=0, rate=0.000
    [+] V: n=34, F1=0.966, tested=34, FN=0, absorbed=0, rate=0.000
    [+] W: n=60, F1=0.943, tested=60, FN=0, absorbed=0, rate=0.000
    [+] Y: n=12, F1=0.920, tested=12, FN=0, absorbed=0, rate=0.000
    [+] Z: n=9, F1=0.900, tested=9, FN=0, absorbed=0, rate=0.000
    C4 untrained: absorption=0.0, mean F1=0.9425
  C4 completed in 38.6s

[Step 8/12] Threshold sensitivity grid...

  Running threshold sensitivity mini-grid...
    [+] A: n=65, F1=0.899, tested=65, FN=7, absorbed=7, rate=0.108
    [+] B: n=66, F1=0.927, tested=66, FN=4, absorbed=4, rate=0.061
    [-] C: n=69, F1=0.715, tested=69, FN=20, absorbed=20, rate=0.290
    [+] D: n=61, F1=0.869, tested=61, FN=9, absorbed=9, rate=0.148
    [-] E: n=53, F1=0.715, tested=53, FN=12, absorbed=12, rate=0.226
    [-] F: n=69, F1=0.809, tested=69, FN=11, absorbed=11, rate=0.159
    [+] G: n=64, F1=0.923, tested=64, FN=3, absorbed=3, rate=0.047
    [+] H: n=57, F1=0.855, tested=57, FN=2, absorbed=2, rate=0.035
    [x] I: n=30, F1=0.662, tested=30, FN=6, absorbed=6, rate=0.200
    [+] J: n=23, F1=0.950, tested=23, FN=0, absorbed=0, rate=0.000
    [+] K: n=25, F1=0.956, tested=25, FN=0, absorbed=0, rate=0.000
    [-] L: n=65, F1=0.753, tested=65, FN=20, absorbed=20, rate=0.308
    [+] M: n=62, F1=0.905, tested=62, FN=3, absorbed=3, rate=0.048
    [-] N: n=37, F1=0.845, tested=37, FN=2, absorbed=2, rate=0.054
    [x] O: n=29, F1=0.560, tested=29, FN=6, absorbed=6, rate=0.207
    [-] P: n=68, F1=0.743, tested=68, FN=25, absorbed=25, rate=0.368
    [+] Q: n=15, F1=0.920, tested=15, FN=0, absorbed=0, rate=0.000
    [-] R: n=63, F1=0.834, tested=63, FN=8, absorbed=8, rate=0.127
    [-] S: n=70, F1=0.741, tested=70, FN=22, absorbed=22, rate=0.314
    [-] T: n=70, F1=0.721, tested=70, FN=23, absorbed=23, rate=0.329
    [-] U: n=27, F1=0.841, tested=27, FN=2, absorbed=2, rate=0.074
    [+] V: n=34, F1=0.896, tested=34, FN=0, absorbed=0, rate=0.000
    [-] W: n=60, F1=0.829, tested=60, FN=9, absorbed=9, rate=0.150
    [-] Y: n=12, F1=0.720, tested=12, FN=0, absorbed=0, rate=0.000
    [-] Z: n=9, F1=0.833, tested=9, FN=0, absorbed=0, rate=0.000
    cos0.01_gap0.5: rate=0.1613
    [+] A: n=65, F1=0.899, tested=65, FN=7, absorbed=7, rate=0.108
    [+] B: n=66, F1=0.927, tested=66, FN=4, absorbed=4, rate=0.061
    [-] C: n=69, F1=0.715, tested=69, FN=20, absorbed=20, rate=0.290
    [+] D: n=61, F1=0.869, tested=61, FN=9, absorbed=9, rate=0.148
    [-] E: n=53, F1=0.715, tested=53, FN=12, absorbed=12, rate=0.226
    [-] F: n=69, F1=0.809, tested=69, FN=11, absorbed=11, rate=0.159
    [+] G: n=64, F1=0.923, tested=64, FN=3, absorbed=3, rate=0.047
    [+] H: n=57, F1=0.855, tested=57, FN=2, absorbed=2, rate=0.035
    [x] I: n=30, F1=0.662, tested=30, FN=6, absorbed=5, rate=0.167
    [+] J: n=23, F1=0.950, tested=23, FN=0, absorbed=0, rate=0.000
    [+] K: n=25, F1=0.956, tested=25, FN=0, absorbed=0, rate=0.000
    [-] L: n=65, F1=0.753, tested=65, FN=20, absorbed=20, rate=0.308
    [+] M: n=62, F1=0.905, tested=62, FN=3, absorbed=3, rate=0.048
    [-] N: n=37, F1=0.845, tested=37, FN=2, absorbed=2, rate=0.054
    [x] O: n=29, F1=0.560, tested=29, FN=6, absorbed=6, rate=0.207
    [-] P: n=68, F1=0.743, tested=68, FN=25, absorbed=25, rate=0.368
    [+] Q: n=15, F1=0.920, tested=15, FN=0, absorbed=0, rate=0.000
    [-] R: n=63, F1=0.834, tested=63, FN=8, absorbed=8, rate=0.127
    [-] S: n=70, F1=0.741, tested=70, FN=22, absorbed=22, rate=0.314
    [-] T: n=70, F1=0.721, tested=70, FN=23, absorbed=23, rate=0.329
    [-] U: n=27, F1=0.841, tested=27, FN=2, absorbed=2, rate=0.074
    [+] V: n=34, F1=0.896, tested=34, FN=0, absorbed=0, rate=0.000
    [-] W: n=60, F1=0.829, tested=60, FN=9, absorbed=9, rate=0.150
    [-] Y: n=12, F1=0.720, tested=12, FN=0, absorbed=0, rate=0.000
    [-] Z: n=9, F1=0.833, tested=9, FN=0, absorbed=0, rate=0.000
    cos0.01_gap1.0: rate=0.1604
    [+] A: n=65, F1=0.899, tested=65, FN=7, absorbed=7, rate=0.108
    [+] B: n=66, F1=0.927, tested=66, FN=4, absorbed=4, rate=0.061
    [-] C: n=69, F1=0.715, tested=69, FN=20, absorbed=19, rate=0.275
    [+] D: n=61, F1=0.869, tested=61, FN=9, absorbed=9, rate=0.148
    [-] E: n=53, F1=0.715, tested=53, FN=12, absorbed=12, rate=0.226
    [-] F: n=69, F1=0.809, tested=69, FN=11, absorbed=11, rate=0.159
    [+] G: n=64, F1=0.923, tested=64, FN=3, absorbed=3, rate=0.047
    [+] H: n=57, F1=0.855, tested=57, FN=2, absorbed=2, rate=0.035
    [x] I: n=30, F1=0.662, tested=30, FN=6, absorbed=5, rate=0.167
    [+] J: n=23, F1=0.950, tested=23, FN=0, absorbed=0, rate=0.000
    [+] K: n=25, F1=0.956, tested=25, FN=0, absorbed=0, rate=0.000
    [-] L: n=65, F1=0.753, tested=65, FN=20, absorbed=20, rate=0.308
    [+] M: n=62, F1=0.905, tested=62, FN=3, absorbed=3, rate=0.048
    [-] N: n=37, F1=0.845, tested=37, FN=2, absorbed=2, rate=0.054
    [x] O: n=29, F1=0.560, tested=29, FN=6, absorbed=6, rate=0.207
    [-] P: n=68, F1=0.743, tested=68, FN=25, absorbed=25, rate=0.368
    [+] Q: n=15, F1=0.920, tested=15, FN=0, absorbed=0, rate=0.000
    [-] R: n=63, F1=0.834, tested=63, FN=8, absorbed=8, rate=0.127
    [-] S: n=70, F1=0.741, tested=70, FN=22, absorbed=22, rate=0.314
    [-] T: n=70, F1=0.721, tested=70, FN=23, absorbed=23, rate=0.329
    [-] U: n=27, F1=0.841, tested=27, FN=2, absorbed=2, rate=0.074
    [+] V: n=34, F1=0.896, tested=34, FN=0, absorbed=0, rate=0.000
    [-] W: n=60, F1=0.829, tested=60, FN=9, absorbed=9, rate=0.150
    [-] Y: n=12, F1=0.720, tested=12, FN=0, absorbed=0, rate=0.000
    [-] Z: n=9, F1=0.833, tested=9, FN=0, absorbed=0, rate=0.000
    cos0.01_gap1.5: rate=0.1596
    [+] A: n=65, F1=0.899, tested=65, FN=7, absorbed=7, rate=0.108
    [+] B: n=66, F1=0.927, tested=66, FN=4, absorbed=4, rate=0.061
    [-] C: n=69, F1=0.715, tested=69, FN=20, absorbed=16, rate=0.232
    [+] D: n=61, F1=0.869, tested=61, FN=9, absorbed=9, rate=0.148
    [-] E: n=53, F1=0.715, tested=53, FN=12, absorbed=12, rate=0.226
    [-] F: n=69, F1=0.809, tested=69, FN=11, absorbed=11, rate=0.159
    [+] G: n=64, F1=0.923, tested=64, FN=3, absorbed=3, rate=0.047
    [+] H: n=57, F1=0.855, tested=57, FN=2, absorbed=2, rate=0.035
    [x] I: n=30, F1=0.662, tested=30, FN=6, absorbed=5, rate=0.167
    [+] J: n=23, F1=0.950, tested=23, FN=0, absorbed=0, rate=0.000
    [+] K: n=25, F1=0.956, tested=25, FN=0, absorbed=0, rate=0.000
    [-] L: n=65, F1=0.753, tested=65, FN=20, absorbed=20, rate=0.308
    [+] M: n=62, F1=0.905, tested=62, FN=3, absorbed=3, rate=0.048
    [-] N: n=37, F1=0.845, tested=37, FN=2, absorbed=2, rate=0.054
    [x] O: n=29, F1=0.560, tested=29, FN=6, absorbed=5, rate=0.172
    [-] P: n=68, F1=0.743, tested=68, FN=25, absorbed=25, rate=0.368
    [+] Q: n=15, F1=0.920, tested=15, FN=0, absorbed=0, rate=0.000
    [-] R: n=63, F1=0.834, tested=63, FN=8, absorbed=8, rate=0.127
    [-] S: n=70, F1=0.741, tested=70, FN=22, absorbed=22, rate=0.314
    [-] T: n=70, F1=0.721, tested=70, FN=23, absorbed=23, rate=0.329
    [-] U: n=27, F1=0.841, tested=27, FN=2, absorbed=2, rate=0.074
    [+] V: n=34, F1=0.896, tested=34, FN=0, absorbed=0, rate=0.000
    [-] W: n=60, F1=0.829, tested=60, FN=9, absorbed=9, rate=0.150
    [-] Y: n=12, F1=0.720, tested=12, FN=0, absorbed=0, rate=0.000
    [-] Z: n=9, F1=0.833, tested=9, FN=0, absorbed=0, rate=0.000
    cos0.01_gap2.0: rate=0.1563
    [+] A: n=65, F1=0.899, tested=65, FN=7, absorbed=7, rate=0.108
    [+] B: n=66, F1=0.927, tested=66, FN=4, absorbed=4, rate=0.061
    [-] C: n=69, F1=0.715, tested=69, FN=20, absorbed=20, rate=0.290
    [+] D: n=61, F1=0.869, tested=61, FN=9, absorbed=9, rate=0.148
    [-] E: n=53, F1=0.715, tested=53, FN=12, absorbed=12, rate=0.226
    [-] F: n=69, F1=0.809, tested=69, FN=11, absorbed=11, rate=0.159
    [+] G: n=64, F1=0.923, tested=64, FN=3, absorbed=3, rate=0.047
    [+] H: n=57, F1=0.855, tested=57, FN=2, absorbed=2, rate=0.035
    [x] I: n=30, F1=0.662, tested=30, FN=6, absorbed=6, rate=0.200
    [+] J: n=23, F1=0.950, tested=23, FN=0, absorbed=0, rate=0.000
    [+] K: n=25, F1=0.956, tested=25, FN=0, absorbed=0, rate=0.000
    [-] L: n=65, F1=0.753, tested=65, FN=20, absorbed=20, rate=0.308
    [+] M: n=62, F1=0.905, tested=62, FN=3, absorbed=3, rate=0.048
    [-] N: n=37, F1=0.845, tested=37, FN=2, absorbed=2, rate=0.054
    [x] O: n=29, F1=0.560, tested=29, FN=6, absorbed=6, rate=0.207
    [-] P: n=68, F1=0.743, tested=68, FN=25, absorbed=25, rate=0.368
    [+] Q: n=15, F1=0.920, tested=15, FN=0, absorbed=0, rate=0.000
    [-] R: n=63, F1=0.834, tested=63, FN=8, absorbed=8, rate=0.127
    [-] S: n=70, F1=0.741, tested=70, FN=22, absorbed=22, rate=0.314
    [-] T: n=70, F1=0.721, tested=70, FN=23, absorbed=23, rate=0.329
    [-] U: n=27, F1=0.841, tested=27, FN=2, absorbed=2, rate=0.074
    [+] V: n=34, F1=0.896, tested=34, FN=0, absorbed=0, rate=0.000
    [-] W: n=60, F1=0.829, tested=60, FN=9, absorbed=9, rate=0.150
    [-] Y: n=12, F1=0.720, tested=12, FN=0, absorbed=0, rate=0.000
    [-] Z: n=9, F1=0.833, tested=9, FN=0, absorbed=0, rate=0.000
    cos0.02_gap0.5: rate=0.1613
    [+] A: n=65, F1=0.899, tested=65, FN=7, absorbed=7, rate=0.108
    [+] B: n=66, F1=0.927, tested=66, FN=4, absorbed=4, rate=0.061
    [-] C: n=69, F1=0.715, tested=69, FN=20, absorbed=20, rate=0.290
    [+] D: n=61, F1=0.869, tested=61, FN=9, absorbed=9, rate=0.148
    [-] E: n=53, F1=0.715, tested=53, FN=12, absorbed=12, rate=0.226
    [-] F: n=69, F1=0.809, tested=69, FN=11, absorbed=11, rate=0.159
    [+] G: n=64, F1=0.923, tested=64, FN=3, absorbed=2, rate=0.031
    [+] H: n=57, F1=0.855, tested=57, FN=2, absorbed=2, rate=0.035
    [x] I: n=30, F1=0.662, tested=30, FN=6, absorbed=5, rate=0.167
    [+] J: n=23, F1=0.950, tested=23, FN=0, absorbed=0, rate=0.000
    [+] K: n=25, F1=0.956, tested=25, FN=0, absorbed=0, rate=0.000
    [-] L: n=65, F1=0.753, tested=65, FN=20, absorbed=20, rate=0.308
    [+] M: n=62, F1=0.905, tested=62, FN=3, absorbed=3, rate=0.048
    [-] N: n=37, F1=0.845, tested=37, FN=2, absorbed=2, rate=0.054
    [x] O: n=29, F1=0.560, tested=29, FN=6, absorbed=6, rate=0.207
    [-] P: n=68, F1=0.743, tested=68, FN=25, absorbed=25, rate=0.368
    [+] Q: n=15, F1=0.920, tested=15, FN=0, absorbed=0, rate=0.000
    [-] R: n=63, F1=0.834, tested=63, FN=8, absorbed=8, rate=0.127
    [-] S: n=70, F1=0.741, tested=70, FN=22, absorbed=22, rate=0.314
    [-] T: n=70, F1=0.721, tested=70, FN=23, absorbed=23, rate=0.329
    [-] U: n=27, F1=0.841, tested=27, FN=2, absorbed=2, rate=0.074
    [+] V: n=34, F1=0.896, tested=34, FN=0, absorbed=0, rate=0.000
    [-] W: n=60, F1=0.829, tested=60, FN=9, absorbed=9, rate=0.150
    [-] Y: n=12, F1=0.720, tested=12, FN=0, absorbed=0, rate=0.000
    [-] Z: n=9, F1=0.833, tested=9, FN=0, absorbed=0, rate=0.000
    cos0.02_gap1.0: rate=0.1596
    [+] A: n=65, F1=0.899, tested=65, FN=7, absorbed=7, rate=0.108
    [+] B: n=66, F1=0.927, tested=66, FN=4, absorbed=4, rate=0.061
    [-] C: n=69, F1=0.715, tested=69, FN=20, absorbed=19, rate=0.275
    [+] D: n=61, F1=0.869, tested=61, FN=9, absorbed=9, rate=0.148
    [-] E: n=53, F1=0.715, tested=53, FN=12, absorbed=12, rate=0.226
    [-] F: n=69, F1=0.809, tested=69, FN=11, absorbed=11, rate=0.159
    [+] G: n=64, F1=0.923, tested=64, FN=3, absorbed=2, rate=0.031
    [+] H: n=57, F1=0.855, tested=57, FN=2, absorbed=2, rate=0.035
    [x] I: n=30, F1=0.662, tested=30, FN=6, absorbed=5, rate=0.167
    [+] J: n=23, F1=0.950, tested=23, FN=0, absorbed=0, rate=0.000
    [+] K: n=25, F1=0.956, tested=25, FN=0, absorbed=0, rate=0.000
    [-] L: n=65, F1=0.753, tested=65, FN=20, absorbed=20, rate=0.308
    [+] M: n=62, F1=0.905, tested=62, FN=3, absorbed=3, rate=0.048
    [-] N: n=37, F1=0.845, tested=37, FN=2, absorbed=2, rate=0.054
    [x] O: n=29, F1=0.560, tested=29, FN=6, absorbed=6, rate=0.207
    [-] P: n=68, F1=0.743, tested=68, FN=25, absorbed=25, rate=0.368
    [+] Q: n=15, F1=0.920, tested=15, FN=0, absorbed=0, rate=0.000
    [-] R: n=63, F1=0.834, tested=63, FN=8, absorbed=8, rate=0.127
    [-] S: n=70, F1=0.741, tested=70, FN=22, absorbed=20, rate=0.286
    [-] T: n=70, F1=0.721, tested=70, FN=23, absorbed=23, rate=0.329
    [-] U: n=27, F1=0.841, tested=27, FN=2, absorbed=2, rate=0.074
    [+] V: n=34, F1=0.896, tested=34, FN=0, absorbed=0, rate=0.000
    [-] W: n=60, F1=0.829, tested=60, FN=9, absorbed=9, rate=0.150
    [-] Y: n=12, F1=0.720, tested=12, FN=0, absorbed=0, rate=0.000
    [-] Z: n=9, F1=0.833, tested=9, FN=0, absorbed=0, rate=0.000
    cos0.02_gap1.5: rate=0.1571
    [+] A: n=65, F1=0.899, tested=65, FN=7, absorbed=7, rate=0.108
    [+] B: n=66, F1=0.927, tested=66, FN=4, absorbed=4, rate=0.061
    [-] C: n=69, F1=0.715, tested=69, FN=20, absorbed=16, rate=0.232
    [+] D: n=61, F1=0.869, tested=61, FN=9, absorbed=9, rate=0.148
    [-] E: n=53, F1=0.715, tested=53, FN=12, absorbed=12, rate=0.226
    [-] F: n=69, F1=0.809, tested=69, FN=11, absorbed=11, rate=0.159
    [+] G: n=64, F1=0.923, tested=64, FN=3, absorbed=2, rate=0.031
    [+] H: n=57, F1=0.855, tested=57, FN=2, absorbed=2, rate=0.035
    [x] I: n=30, F1=0.662, tested=30, FN=6, absorbed=5, rate=0.167
    [+] J: n=23, F1=0.950, tested=23, FN=0, absorbed=0, rate=0.000
    [+] K: n=25, F1=0.956, tested=25, FN=0, absorbed=0, rate=0.000
    [-] L: n=65, F1=0.753, tested=65, FN=20, absorbed=20, rate=0.308
    [+] M: n=62, F1=0.905, tested=62, FN=3, absorbed=2, rate=0.032
    [-] N: n=37, F1=0.845, tested=37, FN=2, absorbed=2, rate=0.054
    [x] O: n=29, F1=0.560, tested=29, FN=6, absorbed=5, rate=0.172
    [-] P: n=68, F1=0.743, tested=68, FN=25, absorbed=23, rate=0.338
    [+] Q: n=15, F1=0.920, tested=15, FN=0, absorbed=0, rate=0.000
    [-] R: n=63, F1=0.834, tested=63, FN=8, absorbed=8, rate=0.127
    [-] S: n=70, F1=0.741, tested=70, FN=22, absorbed=19, rate=0.271
    [-] T: n=70, F1=0.721, tested=70, FN=23, absorbed=23, rate=0.329
    [-] U: n=27, F1=0.841, tested=27, FN=2, absorbed=2, rate=0.074
    [+] V: n=34, F1=0.896, tested=34, FN=0, absorbed=0, rate=0.000
    [-] W: n=60, F1=0.829, tested=60, FN=9, absorbed=9, rate=0.150
    [-] Y: n=12, F1=0.720, tested=12, FN=0, absorbed=0, rate=0.000
    [-] Z: n=9, F1=0.833, tested=9, FN=0, absorbed=0, rate=0.000
    cos0.02_gap2.0: rate=0.1505
    [+] A: n=65, F1=0.899, tested=65, FN=7, absorbed=7, rate=0.108
    [+] B: n=66, F1=0.927, tested=66, FN=4, absorbed=4, rate=0.061
    [-] C: n=69, F1=0.715, tested=69, FN=20, absorbed=20, rate=0.290
    [+] D: n=61, F1=0.869, tested=61, FN=9, absorbed=9, rate=0.148
    [-] E: n=53, F1=0.715, tested=53, FN=12, absorbed=12, rate=0.226
    [-] F: n=69, F1=0.809, tested=69, FN=11, absorbed=11, rate=0.159
    [+] G: n=64, F1=0.923, tested=64, FN=3, absorbed=3, rate=0.047
    [+] H: n=57, F1=0.855, tested=57, FN=2, absorbed=2, rate=0.035
    [x] I: n=30, F1=0.662, tested=30, FN=6, absorbed=6, rate=0.200
    [+] J: n=23, F1=0.950, tested=23, FN=0, absorbed=0, rate=0.000
    [+] K: n=25, F1=0.956, tested=25, FN=0, absorbed=0, rate=0.000
    [-] L: n=65, F1=0.753, tested=65, FN=20, absorbed=20, rate=0.308
    [+] M: n=62, F1=0.905, tested=62, FN=3, absorbed=3, rate=0.048
    [-] N: n=37, F1=0.845, tested=37, FN=2, absorbed=2, rate=0.054
    [x] O: n=29, F1=0.560, tested=29, FN=6, absorbed=6, rate=0.207
    [-] P: n=68, F1=0.743, tested=68, FN=25, absorbed=25, rate=0.368
    [+] Q: n=15, F1=0.920, tested=15, FN=0, absorbed=0, rate=0.000
    [-] R: n=63, F1=0.834, tested=63, FN=8, absorbed=8, rate=0.127
    [-] S: n=70, F1=0.741, tested=70, FN=22, absorbed=22, rate=0.314
    [-] T: n=70, F1=0.721, tested=70, FN=23, absorbed=23, rate=0.329
    [-] U: n=27, F1=0.841, tested=27, FN=2, absorbed=2, rate=0.074
    [+] V: n=34, F1=0.896, tested=34, FN=0, absorbed=0, rate=0.000
    [-] W: n=60, F1=0.829, tested=60, FN=9, absorbed=9, rate=0.150
    [-] Y: n=12, F1=0.720, tested=12, FN=0, absorbed=0, rate=0.000
    [-] Z: n=9, F1=0.833, tested=9, FN=0, absorbed=0, rate=0.000
    cos0.025_gap0.5: rate=0.1613
    [+] A: n=65, F1=0.899, tested=65, FN=7, absorbed=7, rate=0.108
    [+] B: n=66, F1=0.927, tested=66, FN=4, absorbed=4, rate=0.061
    [-] C: n=69, F1=0.715, tested=69, FN=20, absorbed=20, rate=0.290
    [+] D: n=61, F1=0.869, tested=61, FN=9, absorbed=9, rate=0.148
    [-] E: n=53, F1=0.715, tested=53, FN=12, absorbed=12, rate=0.226
    [-] F: n=69, F1=0.809, tested=69, FN=11, absorbed=11, rate=0.159
    [+] G: n=64, F1=0.923, tested=64, FN=3, absorbed=2, rate=0.031
    [+] H: n=57, F1=0.855, tested=57, FN=2, absorbed=2, rate=0.035
    [x] I: n=30, F1=0.662, tested=30, FN=6, absorbed=5, rate=0.167
    [+] J: n=23, F1=0.950, tested=23, FN=0, absorbed=0, rate=0.000
    [+] K: n=25, F1=0.956, tested=25, FN=0, absorbed=0, rate=0.000
    [-] L: n=65, F1=0.753, tested=65, FN=20, absorbed=20, rate=0.308
    [+] M: n=62, F1=0.905, tested=62, FN=3, absorbed=3, rate=0.048
    [-] N: n=37, F1=0.845, tested=37, FN=2, absorbed=2, rate=0.054
    [x] O: n=29, F1=0.560, tested=29, FN=6, absorbed=6, rate=0.207
    [-] P: n=68, F1=0.743, tested=68, FN=25, absorbed=25, rate=0.368
    [+] Q: n=15, F1=0.920, tested=15, FN=0, absorbed=0, rate=0.000
    [-] R: n=63, F1=0.834, tested=63, FN=8, absorbed=8, rate=0.127
    [-] S: n=70, F1=0.741, tested=70, FN=22, absorbed=22, rate=0.314
    [-] T: n=70, F1=0.721, tested=70, FN=23, absorbed=23, rate=0.329
    [-] U: n=27, F1=0.841, tested=27, FN=2, absorbed=2, rate=0.074
    [+] V: n=34, F1=0.896, tested=34, FN=0, absorbed=0, rate=0.000
    [-] W: n=60, F1=0.829, tested=60, FN=9, absorbed=9, rate=0.150
    [-] Y: n=12, F1=0.720, tested=12, FN=0, absorbed=0, rate=0.000
    [-] Z: n=9, F1=0.833, tested=9, FN=0, absorbed=0, rate=0.000
    cos0.025_gap1.0: rate=0.1596
    [+] A: n=65, F1=0.899, tested=65, FN=7, absorbed=7, rate=0.108
    [+] B: n=66, F1=0.927, tested=66, FN=4, absorbed=4, rate=0.061
    [-] C: n=69, F1=0.715, tested=69, FN=20, absorbed=19, rate=0.275
    [+] D: n=61, F1=0.869, tested=61, FN=9, absorbed=9, rate=0.148
    [-] E: n=53, F1=0.715, tested=53, FN=12, absorbed=12, rate=0.226
    [-] F: n=69, F1=0.809, tested=69, FN=11, absorbed=11, rate=0.159
    [+] G: n=64, F1=0.923, tested=64, FN=3, absorbed=2, rate=0.031
    [+] H: n=57, F1=0.855, tested=57, FN=2, absorbed=2, rate=0.035
    [x] I: n=30, F1=0.662, tested=30, FN=6, absorbed=5, rate=0.167
    [+] J: n=23, F1=0.950, tested=23, FN=0, absorbed=0, rate=0.000
    [+] K: n=25, F1=0.956, tested=25, FN=0, absorbed=0, rate=0.000
    [-] L: n=65, F1=0.753, tested=65, FN=20, absorbed=20, rate=0.308
    [+] M: n=62, F1=0.905, tested=62, FN=3, absorbed=3, rate=0.048
    [-] N: n=37, F1=0.845, tested=37, FN=2, absorbed=2, rate=0.054
    [x] O: n=29, F1=0.560, tested=29, FN=6, absorbed=6, rate=0.207
    [-] P: n=68, F1=0.743, tested=68, FN=25, absorbed=25, rate=0.368
    [+] Q: n=15, F1=0.920, tested=15, FN=0, absorbed=0, rate=0.000
    [-] R: n=63, F1=0.834, tested=63, FN=8, absorbed=8, rate=0.127
    [-] S: n=70, F1=0.741, tested=70, FN=22, absorbed=20, rate=0.286
    [-] T: n=70, F1=0.721, tested=70, FN=23, absorbed=23, rate=0.329
    [-] U: n=27, F1=0.841, tested=27, FN=2, absorbed=2, rate=0.074
    [+] V: n=34, F1=0.896, tested=34, FN=0, absorbed=0, rate=0.000
    [-] W: n=60, F1=0.829, tested=60, FN=9, absorbed=9, rate=0.150
    [-] Y: n=12, F1=0.720, tested=12, FN=0, absorbed=0, rate=0.000
    [-] Z: n=9, F1=0.833, tested=9, FN=0, absorbed=0, rate=0.000
    cos0.025_gap1.5: rate=0.1571
    [+] A: n=65, F1=0.899, tested=65, FN=7, absorbed=7, rate=0.108
    [+] B: n=66, F1=0.927, tested=66, FN=4, absorbed=4, rate=0.061
    [-] C: n=69, F1=0.715, tested=69, FN=20, absorbed=16, rate=0.232
    [+] D: n=61, F1=0.869, tested=61, FN=9, absorbed=9, rate=0.148
    [-] E: n=53, F1=0.715, tested=53, FN=12, absorbed=12, rate=0.226
    [-] F: n=69, F1=0.809, tested=69, FN=11, absorbed=11, rate=0.159
    [+] G: n=64, F1=0.923, tested=64, FN=3, absorbed=2, rate=0.031
    [+] H: n=57, F1=0.855, tested=57, FN=2, absorbed=2, rate=0.035
    [x] I: n=30, F1=0.662, tested=30, FN=6, absorbed=5, rate=0.167
    [+] J: n=23, F1=0.950, tested=23, FN=0, absorbed=0, rate=0.000
    [+] K: n=25, F1=0.956, tested=25, FN=0, absorbed=0, rate=0.000
    [-] L: n=65, F1=0.753, tested=65, FN=20, absorbed=19, rate=0.292
    [+] M: n=62, F1=0.905, tested=62, FN=3, absorbed=2, rate=0.032
    [-] N: n=37, F1=0.845, tested=37, FN=2, absorbed=2, rate=0.054
    [x] O: n=29, F1=0.560, tested=29, FN=6, absorbed=5, rate=0.172
    [-] P: n=68, F1=0.743, tested=68, FN=25, absorbed=23, rate=0.338
    [+] Q: n=15, F1=0.920, tested=15, FN=0, absorbed=0, rate=0.000
    [-] R: n=63, F1=0.834, tested=63, FN=8, absorbed=8, rate=0.127
    [-] S: n=70, F1=0.741, tested=70, FN=22, absorbed=19, rate=0.271
    [-] T: n=70, F1=0.721, tested=70, FN=23, absorbed=23, rate=0.329
    [-] U: n=27, F1=0.841, tested=27, FN=2, absorbed=2, rate=0.074
    [+] V: n=34, F1=0.896, tested=34, FN=0, absorbed=0, rate=0.000
    [-] W: n=60, F1=0.829, tested=60, FN=9, absorbed=9, rate=0.150
    [-] Y: n=12, F1=0.720, tested=12, FN=0, absorbed=0, rate=0.000
    [-] Z: n=9, F1=0.833, tested=9, FN=0, absorbed=0, rate=0.000
    cos0.025_gap2.0: rate=0.1496
    [+] A: n=65, F1=0.899, tested=65, FN=7, absorbed=7, rate=0.108
    [+] B: n=66, F1=0.927, tested=66, FN=4, absorbed=4, rate=0.061
    [-] C: n=69, F1=0.715, tested=69, FN=20, absorbed=20, rate=0.290
    [+] D: n=61, F1=0.869, tested=61, FN=9, absorbed=9, rate=0.148
    [-] E: n=53, F1=0.715, tested=53, FN=12, absorbed=12, rate=0.226
    [-] F: n=69, F1=0.809, tested=69, FN=11, absorbed=11, rate=0.159
    [+] G: n=64, F1=0.923, tested=64, FN=3, absorbed=3, rate=0.047
    [+] H: n=57, F1=0.855, tested=57, FN=2, absorbed=2, rate=0.035
    [x] I: n=30, F1=0.662, tested=30, FN=6, absorbed=6, rate=0.200
    [+] J: n=23, F1=0.950, tested=23, FN=0, absorbed=0, rate=0.000
    [+] K: n=25, F1=0.956, tested=25, FN=0, absorbed=0, rate=0.000
    [-] L: n=65, F1=0.753, tested=65, FN=20, absorbed=20, rate=0.308
    [+] M: n=62, F1=0.905, tested=62, FN=3, absorbed=3, rate=0.048
    [-] N: n=37, F1=0.845, tested=37, FN=2, absorbed=2, rate=0.054
    [x] O: n=29, F1=0.560, tested=29, FN=6, absorbed=6, rate=0.207
    [-] P: n=68, F1=0.743, tested=68, FN=25, absorbed=25, rate=0.368
    [+] Q: n=15, F1=0.920, tested=15, FN=0, absorbed=0, rate=0.000
    [-] R: n=63, F1=0.834, tested=63, FN=8, absorbed=8, rate=0.127
    [-] S: n=70, F1=0.741, tested=70, FN=22, absorbed=22, rate=0.314
    [-] T: n=70, F1=0.721, tested=70, FN=23, absorbed=23, rate=0.329
    [-] U: n=27, F1=0.841, tested=27, FN=2, absorbed=2, rate=0.074
    [+] V: n=34, F1=0.896, tested=34, FN=0, absorbed=0, rate=0.000
    [-] W: n=60, F1=0.829, tested=60, FN=9, absorbed=9, rate=0.150
    [-] Y: n=12, F1=0.720, tested=12, FN=0, absorbed=0, rate=0.000
    [-] Z: n=9, F1=0.833, tested=9, FN=0, absorbed=0, rate=0.000
    cos0.03_gap0.5: rate=0.1613
    [+] A: n=65, F1=0.899, tested=65, FN=7, absorbed=7, rate=0.108
    [+] B: n=66, F1=0.927, tested=66, FN=4, absorbed=4, rate=0.061
    [-] C: n=69, F1=0.715, tested=69, FN=20, absorbed=20, rate=0.290
    [+] D: n=61, F1=0.869, tested=61, FN=9, absorbed=9, rate=0.148
    [-] E: n=53, F1=0.715, tested=53, FN=12, absorbed=12, rate=0.226
    [-] F: n=69, F1=0.809, tested=69, FN=11, absorbed=11, rate=0.159
    [+] G: n=64, F1=0.923, tested=64, FN=3, absorbed=2, rate=0.031
    [+] H: n=57, F1=0.855, tested=57, FN=2, absorbed=2, rate=0.035
    [x] I: n=30, F1=0.662, tested=30, FN=6, absorbed=5, rate=0.167
    [+] J: n=23, F1=0.950, tested=23, FN=0, absorbed=0, rate=0.000
    [+] K: n=25, F1=0.956, tested=25, FN=0, absorbed=0, rate=0.000
    [-] L: n=65, F1=0.753, tested=65, FN=20, absorbed=20, rate=0.308
    [+] M: n=62, F1=0.905, tested=62, FN=3, absorbed=3, rate=0.048
    [-] N: n=37, F1=0.845, tested=37, FN=2, absorbed=2, rate=0.054
    [x] O: n=29, F1=0.560, tested=29, FN=6, absorbed=6, rate=0.207
    [-] P: n=68, F1=0.743, tested=68, FN=25, absorbed=25, rate=0.368
    [+] Q: n=15, F1=0.920, tested=15, FN=0, absorbed=0, rate=0.000
    [-] R: n=63, F1=0.834, tested=63, FN=8, absorbed=8, rate=0.127
    [-] S: n=70, F1=0.741, tested=70, FN=22, absorbed=22, rate=0.314
    [-] T: n=70, F1=0.721, tested=70, FN=23, absorbed=22, rate=0.314
    [-] U: n=27, F1=0.841, tested=27, FN=2, absorbed=2, rate=0.074
    [+] V: n=34, F1=0.896, tested=34, FN=0, absorbed=0, rate=0.000
    [-] W: n=60, F1=0.829, tested=60, FN=9, absorbed=9, rate=0.150
    [-] Y: n=12, F1=0.720, tested=12, FN=0, absorbed=0, rate=0.000
    [-] Z: n=9, F1=0.833, tested=9, FN=0, absorbed=0, rate=0.000
    cos0.03_gap1.0: rate=0.1588
    [+] A: n=65, F1=0.899, tested=65, FN=7, absorbed=7, rate=0.108
    [+] B: n=66, F1=0.927, tested=66, FN=4, absorbed=4, rate=0.061
    [-] C: n=69, F1=0.715, tested=69, FN=20, absorbed=19, rate=0.275
    [+] D: n=61, F1=0.869, tested=61, FN=9, absorbed=9, rate=0.148
    [-] E: n=53, F1=0.715, tested=53, FN=12, absorbed=12, rate=0.226
    [-] F: n=69, F1=0.809, tested=69, FN=11, absorbed=11, rate=0.159
    [+] G: n=64, F1=0.923, tested=64, FN=3, absorbed=2, rate=0.031
    [+] H: n=57, F1=0.855, tested=57, FN=2, absorbed=2, rate=0.035
    [x] I: n=30, F1=0.662, tested=30, FN=6, absorbed=5, rate=0.167
    [+] J: n=23, F1=0.950, tested=23, FN=0, absorbed=0, rate=0.000
    [+] K: n=25, F1=0.956, tested=25, FN=0, absorbed=0, rate=0.000
    [-] L: n=65, F1=0.753, tested=65, FN=20, absorbed=20, rate=0.308
    [+] M: n=62, F1=0.905, tested=62, FN=3, absorbed=3, rate=0.048
    [-] N: n=37, F1=0.845, tested=37, FN=2, absorbed=2, rate=0.054
    [x] O: n=29, F1=0.560, tested=29, FN=6, absorbed=6, rate=0.207
    [-] P: n=68, F1=0.743, tested=68, FN=25, absorbed=25, rate=0.368
    [+] Q: n=15, F1=0.920, tested=15, FN=0, absorbed=0, rate=0.000
    [-] R: n=63, F1=0.834, tested=63, FN=8, absorbed=8, rate=0.127
    [-] S: n=70, F1=0.741, tested=70, FN=22, absorbed=20, rate=0.286
    [-] T: n=70, F1=0.721, tested=70, FN=23, absorbed=22, rate=0.314
    [-] U: n=27, F1=0.841, tested=27, FN=2, absorbed=2, rate=0.074
    [+] V: n=34, F1=0.896, tested=34, FN=0, absorbed=0, rate=0.000
    [-] W: n=60, F1=0.829, tested=60, FN=9, absorbed=9, rate=0.150
    [-] Y: n=12, F1=0.720, tested=12, FN=0, absorbed=0, rate=0.000
    [-] Z: n=9, F1=0.833, tested=9, FN=0, absorbed=0, rate=0.000
    cos0.03_gap1.5: rate=0.1563
    [+] A: n=65, F1=0.899, tested=65, FN=7, absorbed=7, rate=0.108
    [+] B: n=66, F1=0.927, tested=66, FN=4, absorbed=4, rate=0.061
    [-] C: n=69, F1=0.715, tested=69, FN=20, absorbed=16, rate=0.232
    [+] D: n=61, F1=0.869, tested=61, FN=9, absorbed=9, rate=0.148
    [-] E: n=53, F1=0.715, tested=53, FN=12, absorbed=12, rate=0.226
    [-] F: n=69, F1=0.809, tested=69, FN=11, absorbed=11, rate=0.159
    [+] G: n=64, F1=0.923, tested=64, FN=3, absorbed=2, rate=0.031
    [+] H: n=57, F1=0.855, tested=57, FN=2, absorbed=2, rate=0.035
    [x] I: n=30, F1=0.662, tested=30, FN=6, absorbed=5, rate=0.167
    [+] J: n=23, F1=0.950, tested=23, FN=0, absorbed=0, rate=0.000
    [+] K: n=25, F1=0.956, tested=25, FN=0, absorbed=0, rate=0.000
    [-] L: n=65, F1=0.753, tested=65, FN=20, absorbed=19, rate=0.292
    [+] M: n=62, F1=0.905, tested=62, FN=3, absorbed=2, rate=0.032
    [-] N: n=37, F1=0.845, tested=37, FN=2, absorbed=2, rate=0.054
    [x] O: n=29, F1=0.560, tested=29, FN=6, absorbed=5, rate=0.172
    [-] P: n=68, F1=0.743, tested=68, FN=25, absorbed=23, rate=0.338
    [+] Q: n=15, F1=0.920, tested=15, FN=0, absorbed=0, rate=0.000
    [-] R: n=63, F1=0.834, tested=63, FN=8, absorbed=8, rate=0.127
    [-] S: n=70, F1=0.741, tested=70, FN=22, absorbed=19, rate=0.271
    [-] T: n=70, F1=0.721, tested=70, FN=23, absorbed=22, rate=0.314
    [-] U: n=27, F1=0.841, tested=27, FN=2, absorbed=2, rate=0.074
    [+] V: n=34, F1=0.896, tested=34, FN=0, absorbed=0, rate=0.000
    [-] W: n=60, F1=0.829, tested=60, FN=9, absorbed=9, rate=0.150
    [-] Y: n=12, F1=0.720, tested=12, FN=0, absorbed=0, rate=0.000
    [-] Z: n=9, F1=0.833, tested=9, FN=0, absorbed=0, rate=0.000
    cos0.03_gap2.0: rate=0.1488
    [+] A: n=65, F1=0.899, tested=65, FN=7, absorbed=7, rate=0.108
    [+] B: n=66, F1=0.927, tested=66, FN=4, absorbed=4, rate=0.061
    [-] C: n=69, F1=0.715, tested=69, FN=20, absorbed=20, rate=0.290
    [+] D: n=61, F1=0.869, tested=61, FN=9, absorbed=9, rate=0.148
    [-] E: n=53, F1=0.715, tested=53, FN=12, absorbed=12, rate=0.226
    [-] F: n=69, F1=0.809, tested=69, FN=11, absorbed=11, rate=0.159
    [+] G: n=64, F1=0.923, tested=64, FN=3, absorbed=3, rate=0.047
    [+] H: n=57, F1=0.855, tested=57, FN=2, absorbed=2, rate=0.035
    [x] I: n=30, F1=0.662, tested=30, FN=6, absorbed=6, rate=0.200
    [+] J: n=23, F1=0.950, tested=23, FN=0, absorbed=0, rate=0.000
    [+] K: n=25, F1=0.956, tested=25, FN=0, absorbed=0, rate=0.000
    [-] L: n=65, F1=0.753, tested=65, FN=20, absorbed=20, rate=0.308
    [+] M: n=62, F1=0.905, tested=62, FN=3, absorbed=3, rate=0.048
    [-] N: n=37, F1=0.845, tested=37, FN=2, absorbed=2, rate=0.054
    [x] O: n=29, F1=0.560, tested=29, FN=6, absorbed=6, rate=0.207
    [-] P: n=68, F1=0.743, tested=68, FN=25, absorbed=25, rate=0.368
    [+] Q: n=15, F1=0.920, tested=15, FN=0, absorbed=0, rate=0.000
    [-] R: n=63, F1=0.834, tested=63, FN=8, absorbed=8, rate=0.127
    [-] S: n=70, F1=0.741, tested=70, FN=22, absorbed=22, rate=0.314
    [-] T: n=70, F1=0.721, tested=70, FN=23, absorbed=23, rate=0.329
    [-] U: n=27, F1=0.841, tested=27, FN=2, absorbed=2, rate=0.074
    [+] V: n=34, F1=0.896, tested=34, FN=0, absorbed=0, rate=0.000
    [-] W: n=60, F1=0.829, tested=60, FN=9, absorbed=9, rate=0.150
    [-] Y: n=12, F1=0.720, tested=12, FN=0, absorbed=0, rate=0.000
    [-] Z: n=9, F1=0.833, tested=9, FN=0, absorbed=0, rate=0.000
    cos0.05_gap0.5: rate=0.1613
    [+] A: n=65, F1=0.899, tested=65, FN=7, absorbed=7, rate=0.108
    [+] B: n=66, F1=0.927, tested=66, FN=4, absorbed=4, rate=0.061
    [-] C: n=69, F1=0.715, tested=69, FN=20, absorbed=19, rate=0.275
    [+] D: n=61, F1=0.869, tested=61, FN=9, absorbed=9, rate=0.148
    [-] E: n=53, F1=0.715, tested=53, FN=12, absorbed=12, rate=0.226
    [-] F: n=69, F1=0.809, tested=69, FN=11, absorbed=11, rate=0.159
    [+] G: n=64, F1=0.923, tested=64, FN=3, absorbed=2, rate=0.031
    [+] H: n=57, F1=0.855, tested=57, FN=2, absorbed=2, rate=0.035
    [x] I: n=30, F1=0.662, tested=30, FN=6, absorbed=5, rate=0.167
    [+] J: n=23, F1=0.950, tested=23, FN=0, absorbed=0, rate=0.000
    [+] K: n=25, F1=0.956, tested=25, FN=0, absorbed=0, rate=0.000
    [-] L: n=65, F1=0.753, tested=65, FN=20, absorbed=20, rate=0.308
    [+] M: n=62, F1=0.905, tested=62, FN=3, absorbed=2, rate=0.032
    [-] N: n=37, F1=0.845, tested=37, FN=2, absorbed=2, rate=0.054
    [x] O: n=29, F1=0.560, tested=29, FN=6, absorbed=6, rate=0.207
    [-] P: n=68, F1=0.743, tested=68, FN=25, absorbed=25, rate=0.368
    [+] Q: n=15, F1=0.920, tested=15, FN=0, absorbed=0, rate=0.000
    [-] R: n=63, F1=0.834, tested=63, FN=8, absorbed=8, rate=0.127
    [-] S: n=70, F1=0.741, tested=70, FN=22, absorbed=22, rate=0.314
    [-] T: n=70, F1=0.721, tested=70, FN=23, absorbed=22, rate=0.314
    [-] U: n=27, F1=0.841, tested=27, FN=2, absorbed=2, rate=0.074
    [+] V: n=34, F1=0.896, tested=34, FN=0, absorbed=0, rate=0.000
    [-] W: n=60, F1=0.829, tested=60, FN=9, absorbed=9, rate=0.150
    [-] Y: n=12, F1=0.720, tested=12, FN=0, absorbed=0, rate=0.000
    [-] Z: n=9, F1=0.833, tested=9, FN=0, absorbed=0, rate=0.000
    cos0.05_gap1.0: rate=0.1571
    [+] A: n=65, F1=0.899, tested=65, FN=7, absorbed=7, rate=0.108
    [+] B: n=66, F1=0.927, tested=66, FN=4, absorbed=4, rate=0.061
    [-] C: n=69, F1=0.715, tested=69, FN=20, absorbed=19, rate=0.275
    [+] D: n=61, F1=0.869, tested=61, FN=9, absorbed=9, rate=0.148
    [-] E: n=53, F1=0.715, tested=53, FN=12, absorbed=12, rate=0.226
    [-] F: n=69, F1=0.809, tested=69, FN=11, absorbed=11, rate=0.159
    [+] G: n=64, F1=0.923, tested=64, FN=3, absorbed=2, rate=0.031
    [+] H: n=57, F1=0.855, tested=57, FN=2, absorbed=2, rate=0.035
    [x] I: n=30, F1=0.662, tested=30, FN=6, absorbed=5, rate=0.167
    [+] J: n=23, F1=0.950, tested=23, FN=0, absorbed=0, rate=0.000
    [+] K: n=25, F1=0.956, tested=25, FN=0, absorbed=0, rate=0.000
    [-] L: n=65, F1=0.753, tested=65, FN=20, absorbed=19, rate=0.292
    [+] M: n=62, F1=0.905, tested=62, FN=3, absorbed=2, rate=0.032
    [-] N: n=37, F1=0.845, tested=37, FN=2, absorbed=2, rate=0.054
    [x] O: n=29, F1=0.560, tested=29, FN=6, absorbed=6, rate=0.207
    [-] P: n=68, F1=0.743, tested=68, FN=25, absorbed=25, rate=0.368
    [+] Q: n=15, F1=0.920, tested=15, FN=0, absorbed=0, rate=0.000
    [-] R: n=63, F1=0.834, tested=63, FN=8, absorbed=8, rate=0.127
    [-] S: n=70, F1=0.741, tested=70, FN=22, absorbed=20, rate=0.286
    [-] T: n=70, F1=0.721, tested=70, FN=23, absorbed=22, rate=0.314
    [-] U: n=27, F1=0.841, tested=27, FN=2, absorbed=2, rate=0.074
    [+] V: n=34, F1=0.896, tested=34, FN=0, absorbed=0, rate=0.000
    [-] W: n=60, F1=0.829, tested=60, FN=9, absorbed=9, rate=0.150
    [-] Y: n=12, F1=0.720, tested=12, FN=0, absorbed=0, rate=0.000
    [-] Z: n=9, F1=0.833, tested=9, FN=0, absorbed=0, rate=0.000
    cos0.05_gap1.5: rate=0.1546
    [+] A: n=65, F1=0.899, tested=65, FN=7, absorbed=7, rate=0.108
    [+] B: n=66, F1=0.927, tested=66, FN=4, absorbed=4, rate=0.061
    [-] C: n=69, F1=0.715, tested=69, FN=20, absorbed=16, rate=0.232
    [+] D: n=61, F1=0.869, tested=61, FN=9, absorbed=9, rate=0.148
    [-] E: n=53, F1=0.715, tested=53, FN=12, absorbed=12, rate=0.226
    [-] F: n=69, F1=0.809, tested=69, FN=11, absorbed=11, rate=0.159
    [+] G: n=64, F1=0.923, tested=64, FN=3, absorbed=2, rate=0.031
    [+] H: n=57, F1=0.855, tested=57, FN=2, absorbed=2, rate=0.035
    [x] I: n=30, F1=0.662, tested=30, FN=6, absorbed=5, rate=0.167
    [+] J: n=23, F1=0.950, tested=23, FN=0, absorbed=0, rate=0.000
    [+] K: n=25, F1=0.956, tested=25, FN=0, absorbed=0, rate=0.000
    [-] L: n=65, F1=0.753, tested=65, FN=20, absorbed=19, rate=0.292
    [+] M: n=62, F1=0.905, tested=62, FN=3, absorbed=2, rate=0.032
    [-] N: n=37, F1=0.845, tested=37, FN=2, absorbed=2, rate=0.054
    [x] O: n=29, F1=0.560, tested=29, FN=6, absorbed=5, rate=0.172
    [-] P: n=68, F1=0.743, tested=68, FN=25, absorbed=22, rate=0.324
    [+] Q: n=15, F1=0.920, tested=15, FN=0, absorbed=0, rate=0.000
    [-] R: n=63, F1=0.834, tested=63, FN=8, absorbed=8, rate=0.127
    [-] S: n=70, F1=0.741, tested=70, FN=22, absorbed=19, rate=0.271
    [-] T: n=70, F1=0.721, tested=70, FN=23, absorbed=22, rate=0.314
    [-] U: n=27, F1=0.841, tested=27, FN=2, absorbed=2, rate=0.074
    [+] V: n=34, F1=0.896, tested=34, FN=0, absorbed=0, rate=0.000
    [-] W: n=60, F1=0.829, tested=60, FN=9, absorbed=9, rate=0.150
    [-] Y: n=12, F1=0.720, tested=12, FN=0, absorbed=0, rate=0.000
    [-] Z: n=9, F1=0.833, tested=9, FN=0, absorbed=0, rate=0.000
    cos0.05_gap2.0: rate=0.148
  Grid CV: 0.0277
  Grid completed in 110.6s

[Step 9/12] Width comparison: L12-65k...
  SAE L12-65k loaded, features=65536
  65k activations: shape=torch.Size([1203, 65536]), mean active=16
    [x] A: n=65, F1=0.082, tested=65, FN=59, absorbed=41, rate=0.631
    [x] B: n=66, F1=0.234, tested=66, FN=50, absorbed=50, rate=0.758
    [x] C: n=69, F1=0.050, tested=69, FN=62, absorbed=52, rate=0.754
    [x] D: n=61, F1=0.282, tested=61, FN=37, absorbed=37, rate=0.607
    [x] E: n=53, F1=0.187, tested=53, FN=42, absorbed=42, rate=0.792
    [x] F: n=69, F1=0.213, tested=69, FN=53, absorbed=52, rate=0.754
    [x] G: n=64, F1=0.397, tested=64, FN=36, absorbed=36, rate=0.562
    [x] H: n=57, F1=0.176, tested=57, FN=30, absorbed=30, rate=0.526
    [x] I: n=30, F1=0.264, tested=30, FN=18, absorbed=18, rate=0.600
    [x] J: n=23, F1=0.612, tested=23, FN=2, absorbed=2, rate=0.087
    [x] K: n=25, F1=0.694, tested=25, FN=0, absorbed=0, rate=0.000
    [x] L: n=65, F1=0.163, tested=65, FN=48, absorbed=48, rate=0.738
    [x] M: n=62, F1=0.187, tested=62, FN=47, absorbed=47, rate=0.758
    [x] N: n=37, F1=0.199, tested=37, FN=18, absorbed=18, rate=0.486
    [x] O: n=29, F1=0.000, tested=29, FN=11, absorbed=9, rate=0.310
    [x] P: n=68, F1=0.170, tested=68, FN=57, absorbed=56, rate=0.824
    [x] Q: n=15, F1=0.400, tested=15, FN=2, absorbed=2, rate=0.133
    [x] R: n=63, F1=0.276, tested=63, FN=48, absorbed=43, rate=0.683
    [x] S: n=70, F1=0.103, tested=70, FN=57, absorbed=57, rate=0.814
    [x] T: n=70, F1=0.000, tested=70, FN=65, absorbed=57, rate=0.814
    [x] U: n=27, F1=0.248, tested=27, FN=15, absorbed=15, rate=0.556
    [x] V: n=34, F1=0.481, tested=34, FN=10, absorbed=10, rate=0.294
    [x] W: n=60, F1=0.244, tested=60, FN=43, absorbed=42, rate=0.700
    [x] Y: n=12, F1=0.367, tested=12, FN=0, absorbed=0, rate=0.000
    [+] Z: n=9, F1=0.867, tested=9, FN=0, absorbed=0, rate=0.000

  L12-65k Summary:
    Absorption rate: 0.6351
    Mean probe F1: 0.2759
    Letters above 0.85: 1/25
  Time: 45.1s

[Step 10/12] Layer comparison: L10-16k...
  SAE L10-16k loaded, features=16384
    [+] A: n=65, F1=0.868, tested=65, FN=8, absorbed=8, rate=0.123
    [+] B: n=66, F1=0.945, tested=66, FN=0, absorbed=0, rate=0.000
    [-] C: n=69, F1=0.729, tested=69, FN=20, absorbed=20, rate=0.290
    [+] D: n=61, F1=0.948, tested=61, FN=2, absorbed=2, rate=0.033
    [-] E: n=53, F1=0.763, tested=53, FN=9, absorbed=9, rate=0.170
    [-] F: n=69, F1=0.785, tested=69, FN=17, absorbed=17, rate=0.246
    [+] G: n=64, F1=0.933, tested=64, FN=1, absorbed=1, rate=0.016
    [+] H: n=57, F1=0.855, tested=57, FN=3, absorbed=3, rate=0.053
    [-] I: n=30, F1=0.768, tested=30, FN=2, absorbed=2, rate=0.067
    [+] J: n=23, F1=0.878, tested=23, FN=0, absorbed=0, rate=0.000
    [+] K: n=25, F1=0.933, tested=25, FN=0, absorbed=0, rate=0.000
    [-] L: n=65, F1=0.744, tested=65, FN=21, absorbed=21, rate=0.323
    [+] M: n=62, F1=0.912, tested=62, FN=1, absorbed=1, rate=0.016
    [+] N: n=37, F1=0.862, tested=37, FN=1, absorbed=1, rate=0.027
    [x] O: n=29, F1=0.557, tested=29, FN=8, absorbed=8, rate=0.276
    [-] P: n=68, F1=0.733, tested=68, FN=14, absorbed=14, rate=0.206
    [+] Q: n=15, F1=0.920, tested=15, FN=0, absorbed=0, rate=0.000
    [-] R: n=63, F1=0.842, tested=63, FN=9, absorbed=9, rate=0.143
    [x] S: n=70, F1=0.642, tested=70, FN=28, absorbed=28, rate=0.400
    [-] T: n=70, F1=0.818, tested=70, FN=11, absorbed=11, rate=0.157
    [-] U: n=27, F1=0.771, tested=27, FN=4, absorbed=4, rate=0.148
    [+] V: n=34, F1=0.898, tested=34, FN=0, absorbed=0, rate=0.000
    [-] W: n=60, F1=0.823, tested=60, FN=8, absorbed=8, rate=0.133
    [-] Y: n=12, F1=0.720, tested=12, FN=0, absorbed=0, rate=0.000
    [-] Z: n=9, F1=0.833, tested=9, FN=0, absorbed=0, rate=0.000

  L10-16k Summary: rate=0.1388, F1=0.8193
  Time: 40.3s

[Step 11/12] Layer comparison: L20-16k...
  SAE L20-16k loaded, features=16384
    [-] A: n=65, F1=0.733, tested=65, FN=19, absorbed=19, rate=0.292
    [+] B: n=66, F1=0.908, tested=66, FN=3, absorbed=3, rate=0.045
    [x] C: n=69, F1=0.605, tested=69, FN=29, absorbed=29, rate=0.420
    [-] D: n=61, F1=0.848, tested=61, FN=0, absorbed=0, rate=0.000
    [+] E: n=53, F1=0.884, tested=53, FN=5, absorbed=5, rate=0.094
    [+] F: n=69, F1=0.863, tested=69, FN=7, absorbed=7, rate=0.101
    [+] G: n=64, F1=0.967, tested=64, FN=0, absorbed=0, rate=0.000
    [+] H: n=57, F1=0.903, tested=57, FN=2, absorbed=2, rate=0.035
    [x] I: n=30, F1=0.665, tested=30, FN=8, absorbed=7, rate=0.233
    [+] J: n=23, F1=1.000, tested=23, FN=0, absorbed=0, rate=0.000
    [+] K: n=25, F1=0.889, tested=25, FN=0, absorbed=0, rate=0.000
    [+] L: n=65, F1=0.876, tested=65, FN=0, absorbed=0, rate=0.000
    [-] M: n=62, F1=0.764, tested=62, FN=16, absorbed=16, rate=0.258
    [+] N: n=37, F1=0.870, tested=37, FN=0, absorbed=0, rate=0.000
    [-] O: n=29, F1=0.728, tested=29, FN=3, absorbed=3, rate=0.103
    [-] P: n=68, F1=0.742, tested=68, FN=26, absorbed=26, rate=0.382
    [+] Q: n=15, F1=0.960, tested=15, FN=0, absorbed=0, rate=0.000
    [+] R: n=63, F1=0.903, tested=63, FN=2, absorbed=2, rate=0.032
    [x] S: n=70, F1=0.698, tested=70, FN=23, absorbed=22, rate=0.314
    [-] T: n=70, F1=0.755, tested=70, FN=18, absorbed=18, rate=0.257
    [-] U: n=27, F1=0.841, tested=27, FN=2, absorbed=2, rate=0.074
    [+] V: n=34, F1=0.966, tested=34, FN=0, absorbed=0, rate=0.000
    [+] W: n=60, F1=0.909, tested=60, FN=2, absorbed=2, rate=0.033
    [-] Y: n=12, F1=0.827, tested=12, FN=0, absorbed=0, rate=0.000
    [+] Z: n=9, F1=0.933, tested=9, FN=0, absorbed=0, rate=0.000

  L20-16k Summary: rate=0.1355, F1=0.8416
  Time: 39.2s

[Step 12/12] Compiling results...

======================================================================
RESULTS SUMMARY — FIRST-LETTER IMPROVED (FULL)
======================================================================
  Vocabulary: 1204 words, 15/26 with 50+

  L12-16k (primary):
    Absorption rate: 0.1596
    FN rate: 0.1613
    CI 95%: [0.0843, 0.175]
    Mean probe F1: 0.8169
    Letters >0.85: 10/25
    Letters >0.70: 23/25
    Gated (F1>0.85): rate=0.0572, n=10

  Controls:
    C1 (Random dir): 0.118
    C2 (Shuffled):   0.746
    C3 (Dense F1):   0.929
    C4 (Untrained):  0.0

  Threshold grid CV: 0.0277

  Cross-config comparison:
    l12_16k: rate=0.1596, F1=0.8169, gate=10
    l12_65k: rate=0.6351, F1=0.2759, gate=1
    l10_16k: rate=0.1388, F1=0.8193, gate=11
    l20_16k: rate=0.1355, F1=0.8416, gate=14

  Pass Criteria:
    absorption_rate_in_range: PASS (value=0.1596)
    letters_above_085_gate: FAIL (value=10)
    random_probe_control: FAIL (value=0.118)
    shuffled_control: FAIL (value=0.746)
    OVERALL: PASS

  Elapsed: 388.3s (6.5 min)
======================================================================
  Saved: /home/qhxie/AutoResearch-SibylSystem/workspaces/sae-absorption/current/exp/results/full/first_letter_improved.json
