============================================================
Training resnet20_nobn on cifar10
WD method: no_wd, base WD: 0.0005
Epochs: 200, LR: 0.0005, Batch: 128
Seed: 42, Device: cuda:7
Output: /home/ccwang/sibyl-research-system/workspaces/dynamic-wd/current/exp/results/full/nobn/cifar10/resnet20_nobn/no_wd/seed_42
============================================================
  E  0/200: loss=1.8694 tr_acc=28.99% te_acc=38.09% wn=17.97 CSI=0.0000 AIS=0.2773 BEM=-1.0000
  E 10/200: loss=0.7958 tr_acc=71.63% te_acc=73.11% wn=26.89 CSI=0.3340 AIS=0.3591 BEM=-1.0000
  E 20/200: loss=0.5359 tr_acc=81.21% te_acc=78.69% wn=31.80 CSI=0.1073 AIS=0.4520 BEM=-1.0000
  E 30/200: loss=0.4214 tr_acc=85.34% te_acc=82.81% wn=35.67 CSI=0.0528 AIS=0.5412 BEM=-1.0000
  E 40/200: loss=0.3347 tr_acc=88.29% te_acc=83.89% wn=38.87 CSI=0.0617 AIS=0.4703 BEM=-1.0000
  E 50/200: loss=0.2797 tr_acc=90.06% te_acc=85.00% wn=41.60 CSI=0.0557 AIS=0.3899 BEM=-1.0000
  E 60/200: loss=0.2321 tr_acc=91.75% te_acc=85.59% wn=43.84 CSI=0.0557 AIS=0.5175 BEM=-1.0000
  E 70/200: loss=0.1972 tr_acc=93.02% te_acc=86.51% wn=45.69 CSI=0.0928 AIS=0.3899 BEM=-1.0000
  E 80/200: loss=0.1607 tr_acc=94.32% te_acc=86.10% wn=47.12 CSI=0.0599 AIS=0.4312 BEM=-1.0000
  E 90/200: loss=0.1358 tr_acc=95.09% te_acc=86.27% wn=48.22 CSI=0.0979 AIS=0.4043 BEM=-1.0000
  E100/200: loss=0.1133 tr_acc=95.95% te_acc=86.88% wn=49.06 CSI=0.0897 AIS=0.5206 BEM=-1.0000
  E110/200: loss=0.0910 tr_acc=96.68% te_acc=86.74% wn=49.70 CSI=0.0948 AIS=0.4837 BEM=-1.0000
  E120/200: loss=0.0757 tr_acc=97.32% te_acc=86.66% wn=50.14 CSI=0.1026 AIS=0.4947 BEM=-1.0000
  E130/200: loss=0.0634 tr_acc=97.77% te_acc=87.25% wn=50.44 CSI=0.1444 AIS=0.4260 BEM=-1.0000
  E140/200: loss=0.0510 tr_acc=98.15% te_acc=86.95% wn=50.63 CSI=0.1764 AIS=0.4146 BEM=-1.0000
  E150/200: loss=0.0383 tr_acc=98.64% te_acc=87.49% wn=50.75 CSI=0.2143 AIS=0.4215 BEM=-1.0000
  E160/200: loss=0.0323 tr_acc=98.87% te_acc=87.47% wn=50.82 CSI=0.2271 AIS=0.3899 BEM=-1.0000
  E170/200: loss=0.0252 tr_acc=99.14% te_acc=87.60% wn=50.86 CSI=0.2436 AIS=0.3709 BEM=-1.0000
  E180/200: loss=0.0227 tr_acc=99.22% te_acc=87.59% wn=50.88 CSI=0.2868 AIS=0.4778 BEM=-1.0000
  E190/200: loss=0.0197 tr_acc=99.34% te_acc=87.74% wn=50.88 CSI=0.4436 AIS=0.3709 BEM=-1.0000
  E199/200: loss=0.0186 tr_acc=99.37% te_acc=87.65% wn=50.88 CSI=1.0452 AIS=0.4668 BEM=-1.0000

Done! Best: 87.79%, Time: 2372.4s
