============================================================
Training vgg16_bn on cifar10
WD method: constant, base WD: 0.0005
Epochs: 200, LR: 0.001, Batch: 128
Seed: 42, Device: cuda:1
Output: /home/ccwang/sibyl-research-system/workspaces/dynamic-wd/current/exp/results/full/vgg16bn/cifar10/constant/seed_42
============================================================
  E  0/200: loss=1.8886 tr_acc=22.08% te_acc=31.34% wn=121.86 CSI=0.0000 AIS=0.4252 BEM=0.0000
  E 10/200: loss=0.5820 tr_acc=81.55% te_acc=79.51% wn=259.12 CSI=0.2962 AIS=0.2783 BEM=0.0000
  E 20/200: loss=0.3421 tr_acc=89.46% te_acc=86.16% wn=340.72 CSI=0.0569 AIS=0.3563 BEM=0.0000
  E 30/200: loss=0.2221 tr_acc=93.10% te_acc=88.40% wn=409.06 CSI=0.0812 AIS=0.2602 BEM=0.0000
  E 40/200: loss=0.1516 tr_acc=95.35% te_acc=88.67% wn=464.02 CSI=0.1087 AIS=0.2213 BEM=0.0000
  E 50/200: loss=0.1082 tr_acc=96.74% te_acc=89.67% wn=508.85 CSI=0.1014 AIS=0.2064 BEM=0.0000
  E 60/200: loss=0.0752 tr_acc=97.78% te_acc=90.16% wn=546.32 CSI=0.1986 AIS=0.1340 BEM=0.0000
  E 70/200: loss=0.0563 tr_acc=98.30% te_acc=89.90% wn=575.14 CSI=0.1050 AIS=0.1732 BEM=0.0000
  E 80/200: loss=0.0424 tr_acc=98.78% te_acc=90.48% wn=598.10 CSI=0.0976 AIS=0.1541 BEM=0.0000
  E 90/200: loss=0.0322 tr_acc=99.01% te_acc=90.82% wn=615.08 CSI=0.2284 AIS=0.2282 BEM=0.0000
  E100/200: loss=0.0245 tr_acc=99.25% te_acc=90.89% wn=627.48 CSI=0.1410 AIS=0.2506 BEM=0.0000
  E110/200: loss=0.0144 tr_acc=99.57% te_acc=90.96% wn=637.80 CSI=0.5203 AIS=0.1680 BEM=0.0000
  E120/200: loss=0.0129 tr_acc=99.62% te_acc=91.53% wn=643.37 CSI=0.1323 AIS=0.1233 BEM=0.0000
  E130/200: loss=0.0094 tr_acc=99.73% te_acc=91.59% wn=647.02 CSI=0.3744 AIS=0.2116 BEM=0.0000
  E140/200: loss=0.0052 tr_acc=99.87% te_acc=91.62% wn=649.61 CSI=0.5764 AIS=0.1495 BEM=0.0000
  E150/200: loss=0.0034 tr_acc=99.88% te_acc=91.68% wn=650.76 CSI=0.4398 AIS=0.2300 BEM=0.0000
  E160/200: loss=0.0022 tr_acc=99.93% te_acc=91.80% wn=651.26 CSI=0.4580 AIS=0.2024 BEM=0.0000
  E170/200: loss=0.0014 tr_acc=99.96% te_acc=91.80% wn=651.38 CSI=1.8126 AIS=0.3279 BEM=0.0000
  E180/200: loss=0.0007 tr_acc=99.98% te_acc=91.93% wn=651.47 CSI=1.1233 AIS=0.2247 BEM=0.0000
  E190/200: loss=0.0008 tr_acc=99.99% te_acc=91.87% wn=651.50 CSI=1.0718 AIS=0.1682 BEM=0.0000
  E199/200: loss=0.0007 tr_acc=99.98% te_acc=91.94% wn=651.50 CSI=1.1741 AIS=0.1756 BEM=0.0000

Done! Best: 92.03%, Time: 796.8s
