/home/ccwang/sibyl-research-system/.venv/lib/python3.12/site-packages/torchvision/datasets/cifar.py:83: VisibleDeprecationWarning: dtype(): align should be passed as Python or NumPy boolean but got `align=0`. Did you mean to pass a tuple to create a subarray type? (Deprecated NumPy 2.4)
  entry = pickle.load(f, encoding="latin1")
[INFO] Model: vgg16bn, Params: 15,299,748, Classes: 100
[INFO] Dataset: cifar100, Epochs: 50, BS: 128
[INFO] WD Method: FixedWD, Lambda: 0.0005
[INFO] Normalized layers detected: 26
Epoch 1/50 | LR: 0.099901 | Train Loss: 4.4524 Acc: 2.05% | Test Loss: 4.2960 Top1: 2.90%
Epoch 2/50 | LR: 0.099606 | Train Loss: 4.2885 Acc: 2.74% | Test Loss: 4.1890 Top1: 3.76%
Epoch 3/50 | LR: 0.099114 | Train Loss: 4.2008 Acc: 3.50% | Test Loss: 4.0595 Top1: 4.31%
Epoch 4/50 | LR: 0.098429 | Train Loss: 4.0724 Acc: 4.67% | Test Loss: 3.9306 Top1: 6.41%
Epoch 5/50 | LR: 0.097553 | Train Loss: 3.9403 Acc: 5.98% | Test Loss: 3.8361 Top1: 7.74%
Epoch 6/50 | LR: 0.096489 | Train Loss: 3.8076 Acc: 7.41% | Test Loss: 3.7392 Top1: 9.28%
Epoch 7/50 | LR: 0.095241 | Train Loss: 3.6574 Acc: 9.04% | Test Loss: 3.5585 Top1: 11.63%
Epoch 8/50 | LR: 0.093815 | Train Loss: 3.4910 Acc: 11.25% | Test Loss: 3.2915 Top1: 15.11%
Epoch 9/50 | LR: 0.092216 | Train Loss: 3.3533 Acc: 13.51% | Test Loss: 3.1307 Top1: 16.35%
Epoch 10/50 | LR: 0.090451 | Train Loss: 3.2021 Acc: 16.35% | Test Loss: 3.1220 Top1: 17.79%
Epoch 11/50 | LR: 0.088526 | Train Loss: 3.1170 Acc: 18.14% | Test Loss: 2.9610 Top1: 21.03%
Epoch 12/50 | LR: 0.086448 | Train Loss: 2.9655 Acc: 20.69% | Test Loss: 3.1078 Top1: 20.48%
Epoch 13/50 | LR: 0.084227 | Train Loss: 2.8484 Acc: 23.17% | Test Loss: 2.8849 Top1: 24.54%
Epoch 14/50 | LR: 0.081871 | Train Loss: 2.7367 Acc: 25.51% | Test Loss: 2.6870 Top1: 27.43%
Epoch 15/50 | LR: 0.079389 | Train Loss: 2.6306 Acc: 27.76% | Test Loss: 2.6426 Top1: 29.02%
Epoch 16/50 | LR: 0.076791 | Train Loss: 2.5424 Acc: 29.61% | Test Loss: 2.4810 Top1: 30.84%
Epoch 17/50 | LR: 0.074088 | Train Loss: 2.4544 Acc: 31.83% | Test Loss: 2.3137 Top1: 35.66%
Epoch 18/50 | LR: 0.071289 | Train Loss: 2.3904 Acc: 33.68% | Test Loss: 2.2842 Top1: 36.55%
Epoch 19/50 | LR: 0.068406 | Train Loss: 2.2975 Acc: 35.85% | Test Loss: 2.4308 Top1: 34.84%
Epoch 20/50 | LR: 0.065451 | Train Loss: 2.2198 Acc: 37.93% | Test Loss: 2.4309 Top1: 36.75%
Epoch 21/50 | LR: 0.062434 | Train Loss: 2.1480 Acc: 39.85% | Test Loss: 2.0794 Top1: 42.29%
Epoch 22/50 | LR: 0.059369 | Train Loss: 2.0734 Acc: 41.82% | Test Loss: 2.0523 Top1: 43.01%
Epoch 23/50 | LR: 0.056267 | Train Loss: 2.0035 Acc: 43.64% | Test Loss: 2.0668 Top1: 43.84%
Epoch 24/50 | LR: 0.053140 | Train Loss: 1.9250 Acc: 45.59% | Test Loss: 1.9767 Top1: 46.51%
Epoch 25/50 | LR: 0.050000 | Train Loss: 1.8604 Acc: 47.46% | Test Loss: 1.8951 Top1: 48.14%
Epoch 26/50 | LR: 0.046860 | Train Loss: 1.7971 Acc: 49.08% | Test Loss: 1.9101 Top1: 48.19%
Epoch 27/50 | LR: 0.043733 | Train Loss: 1.7267 Acc: 51.00% | Test Loss: 1.8027 Top1: 50.20%
Epoch 28/50 | LR: 0.040631 | Train Loss: 1.6648 Acc: 52.63% | Test Loss: 1.8077 Top1: 50.66%
Epoch 29/50 | LR: 0.037566 | Train Loss: 1.5883 Acc: 54.64% | Test Loss: 1.7512 Top1: 52.73%
Epoch 30/50 | LR: 0.034549 | Train Loss: 1.5324 Acc: 56.11% | Test Loss: 1.7753 Top1: 51.64%
Epoch 31/50 | LR: 0.031594 | Train Loss: 1.4785 Acc: 57.78% | Test Loss: 1.7059 Top1: 54.19%
Epoch 32/50 | LR: 0.028711 | Train Loss: 1.4020 Acc: 59.53% | Test Loss: 1.6843 Top1: 55.63%
Epoch 33/50 | LR: 0.025912 | Train Loss: 1.3518 Acc: 60.98% | Test Loss: 1.6197 Top1: 56.89%
Epoch 34/50 | LR: 0.023209 | Train Loss: 1.2789 Acc: 62.75% | Test Loss: 1.6834 Top1: 56.82%
Epoch 35/50 | LR: 0.020611 | Train Loss: 1.2368 Acc: 64.48% | Test Loss: 1.6189 Top1: 57.13%
Epoch 36/50 | LR: 0.018129 | Train Loss: 1.1766 Acc: 65.75% | Test Loss: 1.6037 Top1: 58.55%
Epoch 37/50 | LR: 0.015773 | Train Loss: 1.1205 Acc: 67.18% | Test Loss: 1.5416 Top1: 59.51%
Epoch 38/50 | LR: 0.013552 | Train Loss: 1.0652 Acc: 69.07% | Test Loss: 1.5364 Top1: 60.65%
Epoch 39/50 | LR: 0.011474 | Train Loss: 1.0014 Acc: 70.37% | Test Loss: 1.5711 Top1: 60.35%
Epoch 40/50 | LR: 0.009549 | Train Loss: 0.9759 Acc: 71.37% | Test Loss: 1.5516 Top1: 60.90%
Epoch 41/50 | LR: 0.007784 | Train Loss: 0.9212 Acc: 72.89% | Test Loss: 1.5524 Top1: 61.37%
Epoch 42/50 | LR: 0.006185 | Train Loss: 0.8787 Acc: 73.93% | Test Loss: 1.5551 Top1: 61.25%
Epoch 43/50 | LR: 0.004759 | Train Loss: 0.8309 Acc: 75.25% | Test Loss: 1.5657 Top1: 61.82%
Epoch 44/50 | LR: 0.003511 | Train Loss: 0.7985 Acc: 76.24% | Test Loss: 1.5651 Top1: 62.16%
Epoch 45/50 | LR: 0.002447 | Train Loss: 0.7726 Acc: 76.97% | Test Loss: 1.5697 Top1: 62.48%
Epoch 46/50 | LR: 0.001571 | Train Loss: 0.7573 Acc: 77.32% | Test Loss: 1.5608 Top1: 62.36%
Epoch 47/50 | LR: 0.000886 | Train Loss: 0.7313 Acc: 77.80% | Test Loss: 1.5838 Top1: 62.59%
Epoch 48/50 | LR: 0.000394 | Train Loss: 0.7213 Acc: 78.27% | Test Loss: 1.5789 Top1: 62.59%
Epoch 49/50 | LR: 0.000099 | Train Loss: 0.7170 Acc: 78.30% | Test Loss: 1.5815 Top1: 62.68%
Epoch 50/50 | LR: 0.000000 | Train Loss: 0.7067 Acc: 78.82% | Test Loss: 1.5879 Top1: 62.69%

[DONE] Best Top1: 62.69%, Time: 3.9 min
[DONE] Results saved to /home/ccwang/sibyl-research-system/workspaces/dynamic-wd/current/exp/results/cifar100_vgg16bn_full/FixedWD_seed123/default_results.json
