============================================================
Training resnet20 on cifar10
WD method: constant, base WD: 5e-05
Epochs: 200, LR: 0.001, Batch: 128
Seed: 123, Device: cuda:6
Output: /home/ccwang/sibyl-research-system/workspaces/dynamic-wd/current/exp/results/full/rho_sweep/cifar10/rho_low/constant/seed_123
============================================================
  E  0/200: loss=1.4534 tr_acc=46.55% te_acc=54.46% wn=33.81 CSI=0.0000 AIS=0.4337 BEM=0.0000
  E 10/200: loss=0.4755 tr_acc=83.61% te_acc=80.01% wn=45.95 CSI=0.0945 AIS=0.4237 BEM=0.0000
  E 20/200: loss=0.3358 tr_acc=88.10% te_acc=83.89% wn=55.89 CSI=0.0506 AIS=0.3712 BEM=0.0000
  E 30/200: loss=0.2552 tr_acc=91.05% te_acc=85.68% wn=64.23 CSI=0.0524 AIS=0.3973 BEM=0.0000
  E 40/200: loss=0.2068 tr_acc=92.74% te_acc=87.09% wn=71.25 CSI=0.0471 AIS=0.2860 BEM=0.0000
  E 50/200: loss=0.1661 tr_acc=94.07% te_acc=87.74% wn=77.08 CSI=0.0539 AIS=0.3486 BEM=0.0000
  E 60/200: loss=0.1356 tr_acc=95.08% te_acc=88.03% wn=81.84 CSI=0.0598 AIS=0.3902 BEM=0.0000
  E 70/200: loss=0.1095 tr_acc=96.05% te_acc=88.42% wn=85.71 CSI=0.0659 AIS=0.3157 BEM=0.0000
  E 80/200: loss=0.0898 tr_acc=96.71% te_acc=88.88% wn=88.78 CSI=0.0774 AIS=0.3801 BEM=-0.0000
  E 90/200: loss=0.0761 tr_acc=97.25% te_acc=88.96% wn=91.17 CSI=0.0810 AIS=0.3422 BEM=0.0000
  E100/200: loss=0.0589 tr_acc=97.87% te_acc=89.12% wn=92.98 CSI=0.0813 AIS=0.3738 BEM=0.0000
  E110/200: loss=0.0483 tr_acc=98.27% te_acc=88.83% wn=94.30 CSI=0.1061 AIS=0.3674 BEM=0.0000
  E120/200: loss=0.0389 tr_acc=98.60% te_acc=89.16% wn=95.23 CSI=0.1062 AIS=0.3745 BEM=0.0000
  E130/200: loss=0.0329 tr_acc=98.86% te_acc=89.85% wn=95.85 CSI=0.1528 AIS=0.2770 BEM=0.0000
  E140/200: loss=0.0254 tr_acc=99.11% te_acc=89.53% wn=96.24 CSI=0.1653 AIS=0.3230 BEM=0.0000
  E150/200: loss=0.0195 tr_acc=99.33% te_acc=89.74% wn=96.47 CSI=0.1352 AIS=0.3826 BEM=0.0000
  E160/200: loss=0.0153 tr_acc=99.51% te_acc=89.91% wn=96.59 CSI=0.2054 AIS=0.4588 BEM=0.0000
  E170/200: loss=0.0123 tr_acc=99.61% te_acc=90.09% wn=96.65 CSI=0.2562 AIS=0.3733 BEM=0.0000
  E180/200: loss=0.0118 tr_acc=99.63% te_acc=89.99% wn=96.68 CSI=0.3027 AIS=0.3962 BEM=0.0000
  E190/200: loss=0.0099 tr_acc=99.69% te_acc=90.06% wn=96.69 CSI=0.5686 AIS=0.2872 BEM=0.0000
  E199/200: loss=0.0094 tr_acc=99.71% te_acc=90.08% wn=96.69 CSI=0.8543 AIS=0.3949 BEM=0.0000

Done! Best: 90.18%, Time: 4491.0s
