============================================================
Training vgg16_bn on cifar10
WD method: half_lambda, base WD: 0.0005
Epochs: 200, LR: 0.001, Batch: 128
Seed: 42, Device: cuda:1
Output: /home/ccwang/sibyl-research-system/workspaces/dynamic-wd/current/exp/results/full/vgg16bn/cifar10/half_lambda/seed_42
============================================================
  E  0/200: loss=1.8950 tr_acc=21.92% te_acc=31.87% wn=121.53 CSI=0.0000 AIS=0.4088 BEM=-0.5000
  E 10/200: loss=0.5823 tr_acc=81.45% te_acc=79.78% wn=254.55 CSI=0.2956 AIS=0.3893 BEM=-0.5000
  E 20/200: loss=0.3381 tr_acc=89.54% te_acc=85.98% wn=336.43 CSI=0.0577 AIS=0.2417 BEM=-0.5000
  E 30/200: loss=0.2265 tr_acc=92.85% te_acc=88.62% wn=405.95 CSI=0.0798 AIS=0.1085 BEM=-0.5000
  E 40/200: loss=0.1534 tr_acc=95.19% te_acc=89.14% wn=461.60 CSI=0.1146 AIS=0.2123 BEM=-0.5000
  E 50/200: loss=0.1106 tr_acc=96.63% te_acc=89.82% wn=511.70 CSI=0.2271 AIS=0.2087 BEM=-0.5000
  E 60/200: loss=0.0789 tr_acc=97.66% te_acc=90.46% wn=546.53 CSI=0.1239 AIS=0.1930 BEM=-0.5000
  E 70/200: loss=0.0553 tr_acc=98.28% te_acc=90.74% wn=575.28 CSI=0.1453 AIS=0.2012 BEM=-0.5000
  E 80/200: loss=0.0410 tr_acc=98.78% te_acc=90.64% wn=598.08 CSI=0.1676 AIS=0.1085 BEM=-0.5000
  E 90/200: loss=0.0322 tr_acc=99.07% te_acc=90.71% wn=616.06 CSI=0.1909 AIS=0.2184 BEM=-0.5000
  E100/200: loss=0.0227 tr_acc=99.31% te_acc=90.85% wn=628.02 CSI=0.1378 AIS=0.0688 BEM=-0.5000
  E110/200: loss=0.0179 tr_acc=99.47% te_acc=91.33% wn=637.09 CSI=0.4170 AIS=0.2428 BEM=-0.5000
  E120/200: loss=0.0114 tr_acc=99.67% te_acc=91.43% wn=643.41 CSI=0.1784 AIS=0.1755 BEM=-0.5000
  E130/200: loss=0.0066 tr_acc=99.80% te_acc=91.15% wn=647.42 CSI=0.3745 AIS=0.2750 BEM=-0.5000
  E140/200: loss=0.0056 tr_acc=99.82% te_acc=91.48% wn=650.41 CSI=0.7437 AIS=0.1746 BEM=-0.5000
  E150/200: loss=0.0035 tr_acc=99.90% te_acc=91.58% wn=651.56 CSI=0.4180 AIS=0.2874 BEM=-0.5000
  E160/200: loss=0.0019 tr_acc=99.94% te_acc=91.57% wn=652.09 CSI=0.5562 AIS=0.2606 BEM=-0.5000
  E170/200: loss=0.0013 tr_acc=99.97% te_acc=91.69% wn=652.40 CSI=0.8254 AIS=0.1937 BEM=-0.5000
  E180/200: loss=0.0009 tr_acc=99.97% te_acc=91.88% wn=652.54 CSI=0.5778 AIS=0.2639 BEM=-0.5000
  E190/200: loss=0.0006 tr_acc=99.99% te_acc=91.94% wn=652.54 CSI=1.4373 AIS=0.1729 BEM=-0.5000
  E199/200: loss=0.0004 tr_acc=99.99% te_acc=91.92% wn=652.54 CSI=1.5049 AIS=0.3052 BEM=-0.5000

Done! Best: 92.00%, Time: 825.7s
