============================================================
Training vgg16_bn on cifar10
WD method: cosine_schedule, base WD: 0.0005
Epochs: 200, LR: 0.001, Batch: 128
Seed: 456, Device: cuda:1
Output: /home/ccwang/sibyl-research-system/workspaces/dynamic-wd/current/exp/results/full/vgg16bn/cifar10/cosine_schedule/seed_456
============================================================
  E  0/200: loss=1.8956 tr_acc=20.79% te_acc=30.65% wn=120.83 CSI=0.0000 AIS=0.4109 BEM=-0.0001
  E 10/200: loss=0.5541 tr_acc=82.37% te_acc=82.31% wn=256.77 CSI=0.3016 AIS=0.3338 BEM=-0.0028
  E 20/200: loss=0.3323 tr_acc=89.56% te_acc=85.93% wn=339.39 CSI=0.0740 AIS=0.2247 BEM=-0.0097
  E 30/200: loss=0.2248 tr_acc=93.05% te_acc=87.82% wn=408.58 CSI=0.1118 AIS=0.2213 BEM=-0.0205
  E 40/200: loss=0.1513 tr_acc=95.24% te_acc=89.08% wn=463.75 CSI=0.1298 AIS=0.1906 BEM=-0.0351
  E 50/200: loss=0.0977 tr_acc=97.01% te_acc=89.98% wn=510.82 CSI=0.2193 AIS=0.0688 BEM=-0.0533
  E 60/200: loss=0.0746 tr_acc=97.82% te_acc=90.07% wn=546.55 CSI=0.3748 AIS=0.1147 BEM=-0.0748
  E 70/200: loss=0.0538 tr_acc=98.48% te_acc=90.36% wn=575.41 CSI=0.2906 AIS=0.1695 BEM=-0.0994
  E 80/200: loss=0.0421 tr_acc=98.77% te_acc=90.55% wn=598.83 CSI=0.3255 AIS=0.2263 BEM=-0.1266
  E 90/200: loss=0.0286 tr_acc=99.15% te_acc=91.09% wn=613.55 CSI=0.1474 AIS=0.2539 BEM=-0.1561
  E100/200: loss=0.0221 tr_acc=99.30% te_acc=90.77% wn=625.83 CSI=0.1698 AIS=0.1900 BEM=-0.1874
  E110/200: loss=0.0161 tr_acc=99.53% te_acc=90.94% wn=634.96 CSI=0.2744 AIS=0.2012 BEM=-0.2201
  E120/200: loss=0.0115 tr_acc=99.64% te_acc=91.17% wn=642.75 CSI=0.4051 AIS=0.1779 BEM=-0.2538
  E130/200: loss=0.0072 tr_acc=99.78% te_acc=91.14% wn=647.24 CSI=1.7128 AIS=0.1233 BEM=-0.2880
  E140/200: loss=0.0063 tr_acc=99.81% te_acc=91.51% wn=649.21 CSI=0.3362 AIS=0.1798 BEM=-0.3223
  E150/200: loss=0.0026 tr_acc=99.92% te_acc=91.79% wn=650.52 CSI=0.4241 AIS=0.1737 BEM=-0.3561
  E160/200: loss=0.0021 tr_acc=99.93% te_acc=91.92% wn=651.04 CSI=0.5921 AIS=0.2042 BEM=-0.3891
  E170/200: loss=0.0016 tr_acc=99.96% te_acc=92.01% wn=651.54 CSI=0.6599 AIS=0.2484 BEM=-0.4209
  E180/200: loss=0.0007 tr_acc=99.98% te_acc=92.01% wn=651.63 CSI=1.1109 AIS=0.1303 BEM=-0.4510
  E190/200: loss=0.0010 tr_acc=99.97% te_acc=92.04% wn=651.66 CSI=1.2710 AIS=0.1188 BEM=-0.4791
  E199/200: loss=0.0010 tr_acc=99.97% te_acc=92.09% wn=651.66 CSI=1.4384 AIS=0.2785 BEM=-0.5025

Done! Best: 92.14%, Time: 798.9s
