============================================================
Training vgg16_bn on cifar10
WD method: random_mask, base WD: 0.0005
Epochs: 200, LR: 0.001, Batch: 128
Seed: 123, Device: cuda:1
Output: /home/ccwang/sibyl-research-system/workspaces/dynamic-wd/current/exp/results/full/vgg16bn/cifar10/random_mask/seed_123
============================================================
  E  0/200: loss=1.9213 tr_acc=20.29% te_acc=26.89% wn=120.85 CSI=0.0000 AIS=0.5047 BEM=-0.5000
  E 10/200: loss=0.5949 tr_acc=81.13% te_acc=81.01% wn=261.05 CSI=0.2909 AIS=0.2714 BEM=-0.5000
  E 20/200: loss=0.3537 tr_acc=88.96% te_acc=86.38% wn=342.17 CSI=0.0772 AIS=0.2465 BEM=-0.5048
  E 30/200: loss=0.2335 tr_acc=92.97% te_acc=87.74% wn=407.60 CSI=0.0675 AIS=0.2491 BEM=-0.4806
  E 40/200: loss=0.1628 tr_acc=95.07% te_acc=89.58% wn=461.21 CSI=0.1063 AIS=0.1541 BEM=-0.4951
  E 50/200: loss=0.1134 tr_acc=96.58% te_acc=89.14% wn=507.51 CSI=0.0995 AIS=0.1541 BEM=-0.4882
  E 60/200: loss=0.0851 tr_acc=97.45% te_acc=89.78% wn=543.91 CSI=0.0800 AIS=0.2914 BEM=-0.4967
  E 70/200: loss=0.0590 tr_acc=98.25% te_acc=90.40% wn=572.22 CSI=0.1215 AIS=0.2340 BEM=-0.5070
  E 80/200: loss=0.0433 tr_acc=98.69% te_acc=90.78% wn=594.19 CSI=0.1093 AIS=0.1481 BEM=-0.5160
  E 90/200: loss=0.0357 tr_acc=99.05% te_acc=90.65% wn=612.89 CSI=0.3465 AIS=0.1503 BEM=-0.5077
  E100/200: loss=0.0245 tr_acc=99.26% te_acc=90.80% wn=624.37 CSI=0.1399 AIS=0.1865 BEM=-0.5129
  E110/200: loss=0.0187 tr_acc=99.43% te_acc=91.19% wn=634.04 CSI=0.2493 AIS=0.1906 BEM=-0.5135
  E120/200: loss=0.0119 tr_acc=99.66% te_acc=91.26% wn=640.03 CSI=0.2462 AIS=0.2060 BEM=-0.5240
  E130/200: loss=0.0090 tr_acc=99.73% te_acc=91.38% wn=643.99 CSI=0.1955 AIS=0.2746 BEM=-0.5214
  E140/200: loss=0.0060 tr_acc=99.82% te_acc=91.57% wn=646.28 CSI=0.2882 AIS=0.1676 BEM=-0.5241
  E150/200: loss=0.0039 tr_acc=99.88% te_acc=91.74% wn=647.36 CSI=0.3978 AIS=0.1676 BEM=-0.5219
  E160/200: loss=0.0022 tr_acc=99.94% te_acc=92.03% wn=647.96 CSI=0.6823 AIS=0.1047 BEM=-0.5137
  E170/200: loss=0.0014 tr_acc=99.96% te_acc=92.07% wn=648.31 CSI=1.1112 AIS=0.2060 BEM=-0.5135
  E180/200: loss=0.0011 tr_acc=99.97% te_acc=91.94% wn=648.40 CSI=1.0864 AIS=0.3002 BEM=-0.5099
  E190/200: loss=0.0010 tr_acc=99.97% te_acc=92.05% wn=648.44 CSI=0.9015 AIS=0.1974 BEM=-0.5120
  E199/200: loss=0.0007 tr_acc=99.98% te_acc=92.10% wn=648.45 CSI=1.3436 AIS=0.2107 BEM=-0.5155

Done! Best: 92.17%, Time: 1048.6s
