============================================================
Training resnet20 on cifar10 [SGD]
WD method: constant, base WD: 0.005
Epochs: 200, LR: 0.01, Batch: 128
Seed: 123, Device: cuda:4
Output: /home/ccwang/sibyl-research-system/workspaces/dynamic-wd/current/exp/results/full/matched_rho_sgd/cifar10/resnet20/constant/seed_123
============================================================
  E  0/200: loss=1.5466 tr_acc=42.63% te_acc=54.15% wn=32.21 CSI=0.0000 AIS=0.3178 BEM=0.0000
  E 10/200: loss=0.4926 tr_acc=82.94% te_acc=75.56% wn=30.33 CSI=0.0732 AIS=0.3509 BEM=0.0000
  E 20/200: loss=0.3570 tr_acc=87.67% te_acc=84.12% wn=28.78 CSI=0.1096 AIS=0.3896 BEM=0.0000
  E 30/200: loss=0.2874 tr_acc=89.89% te_acc=85.04% wn=27.75 CSI=0.1365 AIS=0.3559 BEM=0.0000
  E 40/200: loss=0.2465 tr_acc=91.37% te_acc=86.76% wn=27.12 CSI=0.1521 AIS=0.3301 BEM=0.0000
  E 50/200: loss=0.2173 tr_acc=92.42% te_acc=86.95% wn=26.69 CSI=0.1510 AIS=0.4073 BEM=0.0000
  E 60/200: loss=0.1954 tr_acc=93.14% te_acc=86.55% wn=26.42 CSI=0.2244 AIS=0.3866 BEM=0.0000
  E 70/200: loss=0.1753 tr_acc=93.84% te_acc=87.82% wn=26.16 CSI=0.2453 AIS=0.4251 BEM=0.0000
  E 80/200: loss=0.1586 tr_acc=94.39% te_acc=88.38% wn=25.88 CSI=0.1443 AIS=0.3191 BEM=0.0000
  E 90/200: loss=0.1363 tr_acc=95.32% te_acc=87.91% wn=25.57 CSI=0.0708 AIS=0.3972 BEM=0.0000
  E100/200: loss=0.1189 tr_acc=95.88% te_acc=88.39% wn=25.22 CSI=0.1098 AIS=0.3762 BEM=0.0000
  E110/200: loss=0.1002 tr_acc=96.57% te_acc=88.83% wn=24.81 CSI=0.0828 AIS=0.3905 BEM=0.0000
  E120/200: loss=0.0798 tr_acc=97.37% te_acc=88.87% wn=24.37 CSI=0.0557 AIS=0.3097 BEM=0.0000
  E130/200: loss=0.0633 tr_acc=97.96% te_acc=89.68% wn=23.90 CSI=0.0189 AIS=0.3686 BEM=0.0000
  E140/200: loss=0.0453 tr_acc=98.60% te_acc=90.14% wn=23.43 CSI=0.0303 AIS=0.4175 BEM=0.0000
  E150/200: loss=0.0336 tr_acc=99.08% te_acc=90.01% wn=23.01 CSI=0.0514 AIS=0.3847 BEM=0.0000
  E160/200: loss=0.0247 tr_acc=99.40% te_acc=90.78% wn=22.68 CSI=0.0912 AIS=0.3674 BEM=0.0000
  E170/200: loss=0.0185 tr_acc=99.63% te_acc=90.69% wn=22.46 CSI=0.1393 AIS=0.3625 BEM=0.0000
  E180/200: loss=0.0165 tr_acc=99.68% te_acc=90.76% wn=22.34 CSI=0.2120 AIS=0.4283 BEM=0.0000
  E190/200: loss=0.0156 tr_acc=99.70% te_acc=90.79% wn=22.29 CSI=0.3961 AIS=0.3201 BEM=0.0000
  E199/200: loss=0.0147 tr_acc=99.75% te_acc=90.88% wn=22.29 CSI=0.8255 AIS=0.3190 BEM=0.0000

Done! Best: 90.94%, Time: 4223.5s
