============================================================
Training vgg16_bn on cifar10
WD method: no_wd, base WD: 0.0005
Epochs: 200, LR: 0.001, Batch: 128
Seed: 456, Device: cuda:1
Output: /home/ccwang/sibyl-research-system/workspaces/dynamic-wd/current/exp/results/full/vgg16bn/cifar10/no_wd/seed_456
============================================================
  E  0/200: loss=1.8879 tr_acc=21.37% te_acc=29.29% wn=121.93 CSI=0.0000 AIS=0.3931 BEM=-1.0000
  E 10/200: loss=0.5637 tr_acc=81.98% te_acc=82.26% wn=256.82 CSI=0.2517 AIS=0.2919 BEM=-1.0000
  E 20/200: loss=0.3463 tr_acc=89.32% te_acc=85.63% wn=339.65 CSI=0.0772 AIS=0.2003 BEM=-1.0000
  E 30/200: loss=0.2216 tr_acc=93.16% te_acc=87.88% wn=408.34 CSI=0.0805 AIS=0.2184 BEM=-1.0000
  E 40/200: loss=0.1485 tr_acc=95.42% te_acc=89.24% wn=464.65 CSI=0.0943 AIS=0.2398 BEM=-1.0000
  E 50/200: loss=0.1064 tr_acc=96.81% te_acc=89.73% wn=514.17 CSI=0.2365 AIS=0.1562 BEM=-1.0000
  E 60/200: loss=0.0694 tr_acc=97.93% te_acc=90.54% wn=548.43 CSI=0.1236 AIS=0.1307 BEM=-1.0000
  E 70/200: loss=0.0550 tr_acc=98.38% te_acc=90.28% wn=579.73 CSI=0.2220 AIS=0.2638 BEM=-1.0000
  E 80/200: loss=0.0433 tr_acc=98.71% te_acc=90.75% wn=601.59 CSI=0.1175 AIS=0.1610 BEM=-1.0000
  E 90/200: loss=0.0299 tr_acc=99.15% te_acc=90.82% wn=619.58 CSI=0.1738 AIS=0.1328 BEM=-1.0000
  E100/200: loss=0.0216 tr_acc=99.34% te_acc=90.77% wn=632.99 CSI=0.2856 AIS=0.2066 BEM=-1.0000
  E110/200: loss=0.0151 tr_acc=99.57% te_acc=90.86% wn=641.76 CSI=0.2943 AIS=0.2705 BEM=-1.0000
  E120/200: loss=0.0109 tr_acc=99.68% te_acc=91.29% wn=648.62 CSI=0.3022 AIS=0.1842 BEM=-1.0000
  E130/200: loss=0.0089 tr_acc=99.73% te_acc=90.96% wn=654.32 CSI=1.4928 AIS=0.1688 BEM=-1.0000
  E140/200: loss=0.0053 tr_acc=99.84% te_acc=91.22% wn=656.31 CSI=0.4917 AIS=0.2748 BEM=-1.0000
  E150/200: loss=0.0040 tr_acc=99.88% te_acc=91.66% wn=657.82 CSI=0.3048 AIS=0.3052 BEM=-1.0000
  E160/200: loss=0.0019 tr_acc=99.95% te_acc=91.96% wn=658.38 CSI=0.5378 AIS=0.2923 BEM=-1.0000
  E170/200: loss=0.0014 tr_acc=99.95% te_acc=91.89% wn=658.65 CSI=0.5085 AIS=0.2728 BEM=-1.0000
  E180/200: loss=0.0013 tr_acc=99.97% te_acc=91.98% wn=658.75 CSI=0.9736 AIS=0.1703 BEM=-1.0000
  E190/200: loss=0.0004 tr_acc=99.98% te_acc=91.99% wn=658.76 CSI=1.0451 AIS=0.2240 BEM=-1.0000
  E199/200: loss=0.0009 tr_acc=99.99% te_acc=92.04% wn=658.77 CSI=1.6914 AIS=0.2506 BEM=-1.0000

Done! Best: 92.08%, Time: 781.8s
