============================================================
Training vgg16_bn on cifar10
WD method: random_mask, base WD: 0.0005
Epochs: 200, LR: 0.001, Batch: 128
Seed: 42, Device: cuda:1
Output: /home/ccwang/sibyl-research-system/workspaces/dynamic-wd/current/exp/results/full/vgg16bn/cifar10/random_mask/seed_42
============================================================
  E  0/200: loss=1.9386 tr_acc=18.80% te_acc=25.88% wn=119.10 CSI=0.0000 AIS=0.3773 BEM=-0.5000
  E 10/200: loss=0.6607 tr_acc=78.42% te_acc=77.20% wn=264.42 CSI=0.2440 AIS=0.2630 BEM=-0.4909
  E 20/200: loss=0.3928 tr_acc=87.86% te_acc=83.98% wn=348.52 CSI=0.0914 AIS=0.3110 BEM=-0.5000
  E 30/200: loss=0.2603 tr_acc=92.07% te_acc=88.11% wn=417.19 CSI=0.0672 AIS=0.1610 BEM=-0.5129
  E 40/200: loss=0.1750 tr_acc=94.61% te_acc=88.82% wn=474.98 CSI=0.0953 AIS=0.2240 BEM=-0.5195
  E 50/200: loss=0.1230 tr_acc=96.26% te_acc=89.39% wn=522.91 CSI=0.1090 AIS=0.2401 BEM=-0.5294
  E 60/200: loss=0.0839 tr_acc=97.45% te_acc=89.75% wn=560.96 CSI=0.1261 AIS=0.2282 BEM=-0.5131
  E 70/200: loss=0.0629 tr_acc=98.04% te_acc=90.29% wn=590.40 CSI=0.1862 AIS=0.2401 BEM=-0.5042
  E 80/200: loss=0.0421 tr_acc=98.72% te_acc=90.47% wn=614.23 CSI=0.1460 AIS=0.2274 BEM=-0.5025
  E 90/200: loss=0.0365 tr_acc=98.96% te_acc=90.09% wn=633.89 CSI=0.3087 AIS=0.2939 BEM=-0.4934
  E100/200: loss=0.0271 tr_acc=99.17% te_acc=90.59% wn=647.10 CSI=0.2000 AIS=0.1366 BEM=-0.4950
  E110/200: loss=0.0175 tr_acc=99.47% te_acc=90.84% wn=657.18 CSI=0.4213 AIS=0.1906 BEM=-0.4928
  E120/200: loss=0.0122 tr_acc=99.65% te_acc=91.12% wn=663.72 CSI=0.2884 AIS=0.2660 BEM=-0.4992
  E130/200: loss=0.0092 tr_acc=99.72% te_acc=90.74% wn=667.80 CSI=0.3684 AIS=0.1656 BEM=-0.4985
  E140/200: loss=0.0063 tr_acc=99.80% te_acc=91.06% wn=670.37 CSI=0.4710 AIS=0.2303 BEM=-0.4993
  E150/200: loss=0.0042 tr_acc=99.86% te_acc=91.23% wn=671.88 CSI=0.7109 AIS=0.2378 BEM=-0.4974
  E160/200: loss=0.0027 tr_acc=99.90% te_acc=91.28% wn=672.49 CSI=0.7320 AIS=0.1481 BEM=-0.5012
  E170/200: loss=0.0022 tr_acc=99.94% te_acc=91.41% wn=672.72 CSI=0.7601 AIS=0.2742 BEM=-0.4988
  E180/200: loss=0.0014 tr_acc=99.96% te_acc=91.52% wn=672.73 CSI=1.2153 AIS=0.1755 BEM=-0.5011
  E190/200: loss=0.0007 tr_acc=99.98% te_acc=91.65% wn=672.77 CSI=1.0782 AIS=0.3814 BEM=-0.5010
  E199/200: loss=0.0007 tr_acc=99.98% te_acc=91.55% wn=672.78 CSI=1.8087 AIS=0.2790 BEM=-0.5015

Done! Best: 91.74%, Time: 1015.0s
