/home/ccwang/sibyl-research-system/.venv/lib/python3.12/site-packages/torchvision/datasets/cifar.py:83: VisibleDeprecationWarning: dtype(): align should be passed as Python or NumPy boolean but got `align=0`. Did you mean to pass a tuple to create a subarray type? (Deprecated NumPy 2.4)
  entry = pickle.load(f, encoding="latin1")
[INFO] Model: vgg16bn, Params: 15,299,748, Classes: 100
[INFO] Dataset: cifar100, Epochs: 50, BS: 128
[INFO] WD Method: SWD, Lambda: 0.0005
[INFO] Normalized layers detected: 26
Epoch 1/50 | LR: 0.099901 | Train Loss: 4.4680 Acc: 2.02% | Test Loss: 4.3010 Top1: 2.74%
Epoch 2/50 | LR: 0.099606 | Train Loss: 4.3008 Acc: 2.88% | Test Loss: 4.2186 Top1: 3.64%
Epoch 3/50 | LR: 0.099114 | Train Loss: 4.2026 Acc: 3.28% | Test Loss: 4.0801 Top1: 4.61%
Epoch 4/50 | LR: 0.098429 | Train Loss: 4.1160 Acc: 4.18% | Test Loss: 4.0179 Top1: 4.93%
Epoch 5/50 | LR: 0.097553 | Train Loss: 4.0343 Acc: 4.88% | Test Loss: 4.0209 Top1: 4.78%
Epoch 6/50 | LR: 0.096489 | Train Loss: 3.8991 Acc: 6.29% | Test Loss: 3.7452 Top1: 8.14%
Epoch 7/50 | LR: 0.095241 | Train Loss: 3.7481 Acc: 8.15% | Test Loss: 3.7610 Top1: 8.52%
Epoch 8/50 | LR: 0.093815 | Train Loss: 3.6014 Acc: 9.58% | Test Loss: 3.4681 Top1: 11.79%
Epoch 9/50 | LR: 0.092216 | Train Loss: 3.4894 Acc: 11.00% | Test Loss: 3.4488 Top1: 11.88%
Epoch 10/50 | LR: 0.090451 | Train Loss: 3.3691 Acc: 12.89% | Test Loss: 3.1342 Top1: 15.96%
Epoch 11/50 | LR: 0.088526 | Train Loss: 3.2099 Acc: 15.07% | Test Loss: 3.0904 Top1: 17.30%
Epoch 12/50 | LR: 0.086448 | Train Loss: 3.0948 Acc: 17.60% | Test Loss: 3.0305 Top1: 19.53%
Epoch 13/50 | LR: 0.084227 | Train Loss: 2.9711 Acc: 20.18% | Test Loss: 2.8285 Top1: 23.66%
Epoch 14/50 | LR: 0.081871 | Train Loss: 2.8361 Acc: 23.27% | Test Loss: 2.6738 Top1: 26.76%
Epoch 15/50 | LR: 0.079389 | Train Loss: 2.7717 Acc: 24.89% | Test Loss: 2.7112 Top1: 27.56%
Epoch 16/50 | LR: 0.076791 | Train Loss: 2.7215 Acc: 26.69% | Test Loss: 2.5854 Top1: 29.43%
Epoch 17/50 | LR: 0.074088 | Train Loss: 2.5694 Acc: 29.61% | Test Loss: 2.4485 Top1: 32.65%
Epoch 18/50 | LR: 0.071289 | Train Loss: 2.4697 Acc: 31.94% | Test Loss: 2.3753 Top1: 34.44%
Epoch 19/50 | LR: 0.068406 | Train Loss: 2.4082 Acc: 33.50% | Test Loss: 2.2525 Top1: 37.63%
Epoch 20/50 | LR: 0.065451 | Train Loss: 2.3457 Acc: 34.90% | Test Loss: 2.3238 Top1: 37.45%
Epoch 21/50 | LR: 0.062434 | Train Loss: 2.2477 Acc: 37.32% | Test Loss: 2.1729 Top1: 40.53%
Epoch 22/50 | LR: 0.059369 | Train Loss: 2.1639 Acc: 39.24% | Test Loss: 2.1609 Top1: 40.25%
Epoch 23/50 | LR: 0.056267 | Train Loss: 2.1558 Acc: 40.26% | Test Loss: 2.0931 Top1: 42.34%
Epoch 24/50 | LR: 0.053140 | Train Loss: 2.0342 Acc: 42.82% | Test Loss: 2.0525 Top1: 44.03%
Epoch 25/50 | LR: 0.050000 | Train Loss: 1.9600 Acc: 44.79% | Test Loss: 2.0017 Top1: 44.11%
Epoch 26/50 | LR: 0.046860 | Train Loss: 1.9225 Acc: 45.96% | Test Loss: 1.9290 Top1: 45.88%
Epoch 27/50 | LR: 0.043733 | Train Loss: 1.8574 Acc: 47.61% | Test Loss: 1.9832 Top1: 46.06%
Epoch 28/50 | LR: 0.040631 | Train Loss: 1.7916 Acc: 49.27% | Test Loss: 1.9353 Top1: 47.42%
Epoch 29/50 | LR: 0.037566 | Train Loss: 1.7202 Acc: 51.12% | Test Loss: 1.8398 Top1: 50.33%
Epoch 30/50 | LR: 0.034549 | Train Loss: 1.6445 Acc: 53.13% | Test Loss: 1.8193 Top1: 50.53%
Epoch 31/50 | LR: 0.031594 | Train Loss: 1.5913 Acc: 54.21% | Test Loss: 1.7657 Top1: 51.90%
Epoch 32/50 | LR: 0.028711 | Train Loss: 1.5500 Acc: 55.73% | Test Loss: 1.7620 Top1: 52.19%
Epoch 33/50 | LR: 0.025912 | Train Loss: 1.4871 Acc: 57.35% | Test Loss: 1.7380 Top1: 53.37%
Epoch 34/50 | LR: 0.023209 | Train Loss: 1.4249 Acc: 59.04% | Test Loss: 1.6927 Top1: 54.15%
Epoch 35/50 | LR: 0.020611 | Train Loss: 1.3742 Acc: 60.34% | Test Loss: 1.6876 Top1: 55.26%
Epoch 36/50 | LR: 0.018129 | Train Loss: 1.2987 Acc: 62.07% | Test Loss: 1.6340 Top1: 56.21%
Epoch 37/50 | LR: 0.015773 | Train Loss: 1.2571 Acc: 63.17% | Test Loss: 1.6242 Top1: 56.87%
Epoch 38/50 | LR: 0.013552 | Train Loss: 1.2093 Acc: 64.50% | Test Loss: 1.6590 Top1: 57.35%
Epoch 39/50 | LR: 0.011474 | Train Loss: 1.1590 Acc: 65.72% | Test Loss: 1.7794 Top1: 56.30%
Epoch 40/50 | LR: 0.009549 | Train Loss: 1.1082 Acc: 67.09% | Test Loss: 1.6103 Top1: 58.28%
Epoch 41/50 | LR: 0.007784 | Train Loss: 1.0593 Acc: 68.35% | Test Loss: 1.5911 Top1: 59.37%
Epoch 42/50 | LR: 0.006185 | Train Loss: 1.0423 Acc: 69.05% | Test Loss: 1.5949 Top1: 59.12%
Epoch 43/50 | LR: 0.004759 | Train Loss: 0.9806 Acc: 70.80% | Test Loss: 1.5928 Top1: 59.35%
Epoch 44/50 | LR: 0.003511 | Train Loss: 0.9461 Acc: 71.78% | Test Loss: 1.6168 Top1: 59.64%
Epoch 45/50 | LR: 0.002447 | Train Loss: 0.9178 Acc: 72.33% | Test Loss: 1.6011 Top1: 60.16%
Epoch 46/50 | LR: 0.001571 | Train Loss: 0.8883 Acc: 73.26% | Test Loss: 1.6020 Top1: 60.43%
Epoch 47/50 | LR: 0.000886 | Train Loss: 0.8770 Acc: 73.71% | Test Loss: 1.5950 Top1: 60.74%
Epoch 48/50 | LR: 0.000394 | Train Loss: 0.8664 Acc: 73.79% | Test Loss: 1.6019 Top1: 60.80%
Epoch 49/50 | LR: 0.000099 | Train Loss: 0.8536 Acc: 74.31% | Test Loss: 1.6004 Top1: 60.71%
Epoch 50/50 | LR: 0.000000 | Train Loss: 0.8509 Acc: 74.32% | Test Loss: 1.5908 Top1: 60.72%

[DONE] Best Top1: 60.80%, Time: 4.8 min
[DONE] Results saved to /home/ccwang/sibyl-research-system/workspaces/dynamic-wd/current/exp/results/cifar100_vgg16bn_full/SWD_seed42/default_results.json
