============================================================
Training vgg16_bn on cifar10
WD method: random_mask, base WD: 0.0005
Epochs: 200, LR: 0.001, Batch: 128
Seed: 456, Device: cuda:1
Output: /home/ccwang/sibyl-research-system/workspaces/dynamic-wd/current/exp/results/full/vgg16bn/cifar10/random_mask/seed_456
============================================================
  E  0/200: loss=1.8870 tr_acc=21.46% te_acc=25.38% wn=121.04 CSI=0.0000 AIS=0.4357 BEM=-0.6000
  E 10/200: loss=0.5670 tr_acc=82.16% te_acc=81.33% wn=257.00 CSI=0.3009 AIS=0.2539 BEM=-0.5182
  E 20/200: loss=0.3415 tr_acc=89.35% te_acc=85.67% wn=337.11 CSI=0.0663 AIS=0.3006 BEM=-0.5190
  E 30/200: loss=0.2243 tr_acc=93.06% te_acc=86.73% wn=404.87 CSI=0.0777 AIS=0.2906 BEM=-0.5194
  E 40/200: loss=0.1510 tr_acc=95.28% te_acc=89.52% wn=461.43 CSI=0.1358 AIS=0.2064 BEM=-0.5244
  E 50/200: loss=0.1094 tr_acc=96.67% te_acc=89.54% wn=509.52 CSI=0.2242 AIS=0.2417 BEM=-0.5196
  E 60/200: loss=0.0723 tr_acc=97.82% te_acc=90.23% wn=545.11 CSI=0.0891 AIS=0.1610 BEM=-0.5131
  E 70/200: loss=0.0577 tr_acc=98.37% te_acc=90.38% wn=574.22 CSI=0.1106 AIS=0.2115 BEM=-0.5085
  E 80/200: loss=0.0422 tr_acc=98.74% te_acc=90.40% wn=598.24 CSI=0.1454 AIS=0.1732 BEM=-0.5259
  E 90/200: loss=0.0294 tr_acc=99.16% te_acc=90.81% wn=615.14 CSI=0.2641 AIS=0.2788 BEM=-0.5363
  E100/200: loss=0.0231 tr_acc=99.33% te_acc=91.36% wn=627.62 CSI=0.1586 AIS=0.1900 BEM=-0.5396
  E110/200: loss=0.0176 tr_acc=99.43% te_acc=91.12% wn=636.27 CSI=0.1865 AIS=0.2213 BEM=-0.5378
  E120/200: loss=0.0107 tr_acc=99.67% te_acc=91.10% wn=642.57 CSI=0.2792 AIS=0.1328 BEM=-0.5314
  E130/200: loss=0.0083 tr_acc=99.76% te_acc=91.43% wn=647.69 CSI=1.1219 AIS=0.2181 BEM=-0.5328
  E140/200: loss=0.0060 tr_acc=99.84% te_acc=91.68% wn=649.78 CSI=0.3190 AIS=0.2687 BEM=-0.5284
  E150/200: loss=0.0034 tr_acc=99.89% te_acc=91.87% wn=651.14 CSI=0.4739 AIS=0.2466 BEM=-0.5252
  E160/200: loss=0.0030 tr_acc=99.93% te_acc=92.03% wn=651.71 CSI=0.7236 AIS=0.1811 BEM=-0.5273
  E170/200: loss=0.0013 tr_acc=99.96% te_acc=92.04% wn=652.01 CSI=0.8903 AIS=0.1545 BEM=-0.5275
  E180/200: loss=0.0005 tr_acc=99.98% te_acc=92.11% wn=652.14 CSI=0.8644 AIS=0.2181 BEM=-0.5309
  E190/200: loss=0.0009 tr_acc=99.97% te_acc=92.09% wn=652.17 CSI=0.7619 AIS=0.2415 BEM=-0.5283
  E199/200: loss=0.0005 tr_acc=99.98% te_acc=92.23% wn=652.17 CSI=1.3818 AIS=0.2123 BEM=-0.5265

Done! Best: 92.23%, Time: 1022.2s
