[INFO] Using device: cuda:0 (CUDA_VISIBLE_DEVICES=3)
[PID] Written PID 861399 to /home/qhxie/AutoResearch-SibylSystem/workspaces/lewm-generalization/current/exp/results/train_lewm_vicreg.pid

======================================================================
FULL: train_lewm_vicreg
VICReg: 3 seeds x 200 epochs on 18/27 CoGenT training split
======================================================================

[DATA] Loading split definitions...
  Training combos: 18
  Holdout combos: 9

[DATA] Loading 18 training HDF5 files (200 traj each)...
  Loaded 18 HDF5 files in 68.1s

[DATA] Building PhysicsDataset...
  [Dataset] 205200 sequences from 3600 trajectories
  Total sequences: 205200

[VRAM] Probing max batch size for GPU...
  Probed max batch size: 256
  Using batch size: 256

============================================================
[TRAIN] Seed 42 (1/3)
============================================================
  Model parameters: 1,947,200 (1.95M)
  [Seed 42] Epoch   1/200 | total=18.2759 | inv=0.1092 | var=0.5009 | cov=3.02320 | ETA: 78.5min
  [Seed 42] Epoch  10/200 | total=12.8356 | inv=0.1046 | var=0.3056 | cov=2.58044 | ETA: 74.6min
  [Seed 42] Epoch  20/200 | total=11.4645 | inv=0.0875 | var=0.2509 | cov=3.00536 | ETA: 70.6min
  [Seed 42] Epoch  30/200 | total=11.2675 | inv=0.0757 | var=0.2621 | cov=2.82074 | ETA: 66.6min
  [Seed 42] Epoch  40/200 | total=11.2178 | inv=0.0727 | var=0.2707 | cov=2.63304 | ETA: 61.4min
  [Seed 42] Epoch  50/200 | total=11.4243 | inv=0.0644 | var=0.2983 | cov=2.35555 | ETA: 55.7min
  [Seed 42] Epoch  60/200 | total=11.0154 | inv=0.0665 | var=0.2660 | cov=2.70360 | ETA: 52.2min
  [Seed 42] Epoch  70/200 | total=10.7779 | inv=0.0602 | var=0.2623 | cov=2.71609 | ETA: 48.8min
  [Seed 42] Epoch  80/200 | total=11.3321 | inv=0.0555 | var=0.3056 | cov=2.30519 | ETA: 45.3min
  [Seed 42] Epoch  90/200 | total=11.2787 | inv=0.0537 | var=0.3149 | cov=2.06391 | ETA: 41.7min
  [Seed 42] Epoch 100/200 | total=11.4975 | inv=0.0535 | var=0.3231 | cov=2.08278 | ETA: 38.0min
  [Seed 42] Epoch 110/200 | total=11.1258 | inv=0.0523 | var=0.3030 | cov=2.24265 | ETA: 34.3min
  [Seed 42] Epoch 120/200 | total=11.1352 | inv=0.0506 | var=0.2971 | cov=2.44256 | ETA: 30.6min
  [Seed 42] Epoch 130/200 | total=10.8630 | inv=0.0522 | var=0.2809 | cov=2.53537 | ETA: 26.8min
  [Seed 42] Epoch 140/200 | total=11.1386 | inv=0.0495 | var=0.3069 | cov=2.22794 | ETA: 22.8min
  [Seed 42] Epoch 150/200 | total=11.1535 | inv=0.0471 | var=0.2956 | cov=2.58500 | ETA: 18.8min
  [Seed 42] Epoch 160/200 | total=11.1458 | inv=0.0472 | var=0.3020 | cov=2.41692 | ETA: 15.1min
  [Seed 42] Epoch 170/200 | total=11.0805 | inv=0.0464 | var=0.2943 | cov=2.56318 | ETA: 11.3min
  [Seed 42] Epoch 180/200 | total=11.1577 | inv=0.0480 | var=0.3066 | cov=2.29280 | ETA: 7.6min
  [Seed 42] Epoch 190/200 | total=11.0553 | inv=0.0468 | var=0.2989 | cov=2.41261 | ETA: 3.8min
  [Seed 42] Epoch 200/200 | total=11.1418 | inv=0.0469 | var=0.3046 | cov=2.35484 | ETA: 0.0min

  [Seed 42] Done: 76.1 min | loss: 18.2759 → 11.1418
  [Seed 42] Checkpoint saved: /home/qhxie/AutoResearch-SibylSystem/workspaces/lewm-generalization/current/exp/results/full/lewm_vicreg/seed42_epoch200.pt

============================================================
[TRAIN] Seed 7 (2/3)
============================================================
  [Seed 7] Epoch   1/200 | total=18.4886 | inv=0.1168 | var=0.5001 | cov=3.06626 | ETA: 77.8min
  [Seed 7] Epoch  10/200 | total=12.7175 | inv=0.1112 | var=0.3011 | cov=2.41015 | ETA: 74.6min
  [Seed 7] Epoch  20/200 | total=11.7199 | inv=0.0851 | var=0.2728 | cov=2.77174 | ETA: 70.4min
  [Seed 7] Epoch  30/200 | total=11.5394 | inv=0.0782 | var=0.2797 | cov=2.59146 | ETA: 66.5min
  [Seed 7] Epoch  40/200 | total=11.7095 | inv=0.0736 | var=0.2944 | cov=2.50937 | ETA: 60.3min
  [Seed 7] Epoch  50/200 | total=11.4794 | inv=0.0636 | var=0.2991 | cov=2.41073 | ETA: 55.4min
  [Seed 7] Epoch  60/200 | total=11.3658 | inv=0.0648 | var=0.2916 | cov=2.45571 | ETA: 52.3min
  [Seed 7] Epoch  70/200 | total=11.5556 | inv=0.0597 | var=0.3103 | cov=2.30462 | ETA: 48.9min
  [Seed 7] Epoch  80/200 | total=11.5720 | inv=0.0588 | var=0.3141 | cov=2.24987 | ETA: 45.4min
  [Seed 7] Epoch  90/200 | total=11.3109 | inv=0.0568 | var=0.3002 | cov=2.38590 | ETA: 41.8min
  [Seed 7] Epoch 100/200 | total=11.5362 | inv=0.0535 | var=0.3197 | cov=2.20647 | ETA: 38.2min
  [Seed 7] Epoch 110/200 | total=11.4588 | inv=0.0534 | var=0.3144 | cov=2.26349 | ETA: 34.5min
  [Seed 7] Epoch 120/200 | total=11.3062 | inv=0.0521 | var=0.3051 | cov=2.37730 | ETA: 30.7min
  [Seed 7] Epoch 130/200 | total=11.3167 | inv=0.0524 | var=0.3060 | cov=2.35649 | ETA: 26.9min
  [Seed 7] Epoch 140/200 | total=11.3439 | inv=0.0514 | var=0.3046 | cov=2.44519 | ETA: 22.8min
  [Seed 7] Epoch 150/200 | total=11.5508 | inv=0.0485 | var=0.3292 | cov=2.10868 | ETA: 18.9min
  [Seed 7] Epoch 160/200 | total=11.2772 | inv=0.0506 | var=0.3037 | cov=2.41853 | ETA: 15.2min
  [Seed 7] Epoch 170/200 | total=11.6853 | inv=0.0486 | var=0.3405 | cov=1.95858 | ETA: 11.4min
  [Seed 7] Epoch 180/200 | total=11.4727 | inv=0.0471 | var=0.3187 | cov=2.32823 | ETA: 7.6min
  [Seed 7] Epoch 190/200 | total=11.3734 | inv=0.0488 | var=0.3107 | cov=2.38607 | ETA: 3.8min
  [Seed 7] Epoch 200/200 | total=11.6273 | inv=0.0497 | var=0.3287 | cov=2.16718 | ETA: 0.0min

  [Seed 7] Done: 76.4 min | loss: 18.4886 → 11.6273
  [Seed 7] Checkpoint saved: /home/qhxie/AutoResearch-SibylSystem/workspaces/lewm-generalization/current/exp/results/full/lewm_vicreg/seed7_epoch200.pt

============================================================
[TRAIN] Seed 13 (3/3)
============================================================
  [Seed 13] Epoch   1/200 | total=17.9066 | inv=0.1211 | var=0.4663 | cov=3.22165 | ETA: 80.4min
  [Seed 13] Epoch  10/200 | total=12.3895 | inv=0.1095 | var=0.2782 | cov=2.69699 | ETA: 75.8min
  [Seed 13] Epoch  20/200 | total=12.0866 | inv=0.0815 | var=0.3068 | cov=2.37954 | ETA: 71.5min
  [Seed 13] Epoch  30/200 | total=11.5237 | inv=0.0764 | var=0.2823 | cov=2.55494 | ETA: 65.7min
  [Seed 13] Epoch  40/200 | total=11.6782 | inv=0.0693 | var=0.2988 | cov=2.47493 | ETA: 59.3min
  [Seed 13] Epoch  50/200 | total=11.6023 | inv=0.0624 | var=0.3138 | cov=2.19773 | ETA: 55.9min
  [Seed 13] Epoch  60/200 | total=11.8337 | inv=0.0597 | var=0.3264 | cov=2.17911 | ETA: 52.7min
  [Seed 13] Epoch  70/200 | total=11.6720 | inv=0.0582 | var=0.3174 | cov=2.28155 | ETA: 49.3min
  [Seed 13] Epoch  80/200 | total=11.7510 | inv=0.0573 | var=0.3296 | cov=2.07913 | ETA: 45.8min
  [Seed 13] Epoch  90/200 | total=11.4169 | inv=0.0542 | var=0.3110 | cov=2.28712 | ETA: 42.1min
  [Seed 13] Epoch 100/200 | total=11.6627 | inv=0.0508 | var=0.3354 | cov=2.00724 | ETA: 38.5min
  [Seed 13] Epoch 110/200 | total=11.3882 | inv=0.0516 | var=0.3081 | cov=2.39768 | ETA: 34.7min
  [Seed 13] Epoch 120/200 | total=11.6734 | inv=0.0493 | var=0.3415 | cov=1.90402 | ETA: 30.9min
  [Seed 13] Epoch 130/200 | total=11.6599 | inv=0.0485 | var=0.3308 | cov=2.17926 | ETA: 26.8min
  [Seed 13] Epoch 140/200 | total=11.5181 | inv=0.0486 | var=0.3184 | cov=2.34291 | ETA: 22.8min
  [Seed 13] Epoch 150/200 | total=11.7868 | inv=0.0458 | var=0.3389 | cov=2.16743 | ETA: 19.0min
  [Seed 13] Epoch 160/200 | total=11.6890 | inv=0.0476 | var=0.3354 | cov=2.11418 | ETA: 15.2min
  [Seed 13] Epoch 170/200 | total=11.8889 | inv=0.0451 | var=0.3495 | cov=2.02524 | ETA: 11.5min
  [Seed 13] Epoch 180/200 | total=11.5063 | inv=0.0474 | var=0.3103 | cov=2.56368 | ETA: 7.7min
  [Seed 13] Epoch 190/200 | total=11.8476 | inv=0.0447 | var=0.3431 | cov=2.15379 | ETA: 3.8min
  [Seed 13] Epoch 200/200 | total=11.8676 | inv=0.0446 | var=0.3452 | cov=2.12120 | ETA: 0.0min

  [Seed 13] Done: 76.8 min | loss: 17.9066 → 11.8676
  [Seed 13] Checkpoint saved: /home/qhxie/AutoResearch-SibylSystem/workspaces/lewm-generalization/current/exp/results/full/lewm_vicreg/seed13_epoch200.pt

[SAVE] Summary saved to /home/qhxie/AutoResearch-SibylSystem/workspaces/lewm-generalization/current/exp/results/full/lewm_vicreg/training_summary.json
[SAVE] Updated gpu_progress.json
[SAVE] Updated experiment_state.json

======================================================================
FULL TRAINING COMPLETE: train_lewm_vicreg
  Seed 42: loss 18.2759 → 11.1418 (39.0% drop) | 76.1 min
  Seed 7: loss 18.4886 → 11.6273 (37.1% drop) | 76.4 min
  Seed 13: loss 17.9066 → 11.8676 (33.7% drop) | 76.8 min
  Mean final loss: 11.545567 ± 0.301855
  Total time: 3.84 hours
======================================================================

[DONE] Written DONE marker: status=success

