[INFO] Using device: cuda:0 (CUDA_VISIBLE_DEVICES=4)
[PID] Written PID 947959 to /home/qhxie/AutoResearch-SibylSystem/workspaces/lewm-generalization/current/exp/results/train_lewm_noreg.pid

======================================================================
FULL: train_lewm_noreg
No regularizer (pure MSE prediction): 3 seeds x 200 epochs on 18/27 CoGenT split
Control baseline — monitoring embedding collapse trajectory
======================================================================

[DATA] Loading split definitions...
  Training combos: 18
  Holdout combos: 9

[DATA] Loading 18 training HDF5 files (200 traj each)...
  Loaded 18 HDF5 files in 69.4s

[DATA] Building PhysicsDataset...
  [Dataset] 205200 sequences from 3600 trajectories
  Total sequences: 205200

[VRAM] Probing max batch size for GPU...
  Probed max batch size: 512
  Using batch size: 256

============================================================
[TRAIN] Seed 42 (1/3) — NoReg Control
============================================================
  Model parameters: 1,947,200 (1.95M)
  [Seed 42] Epoch   1 | pred_loss=0.003492 | emb_var=0.00010875 (collapsed=False, n_coll=2/192)
  [Seed 42] Epoch  10 | pred_loss=0.017739 | emb_var=0.18699564 (collapsed=False, n_coll=0/192)
  [Seed 42] Epoch  20/200 | pred_loss=0.047620 | ETA: 48.9min
  [Seed 42] Epoch  30/200 | pred_loss=0.056273 | ETA: 46.3min
  [Seed 42] Epoch  40/200 | pred_loss=0.055021 | ETA: 43.0min
  [Seed 42] Epoch  50 | pred_loss=0.044255 | emb_var=0.36411098 (collapsed=False, n_coll=0/192)
  [Seed 42] Epoch  60/200 | pred_loss=0.043874 | ETA: 37.4min
  [Seed 42] Epoch  70/200 | pred_loss=0.032771 | ETA: 34.9min
  [Seed 42] Epoch  80/200 | pred_loss=0.031911 | ETA: 32.1min
  [Seed 42] Epoch  90/200 | pred_loss=0.027976 | ETA: 29.5min
  [Seed 42] Epoch 100 | pred_loss=0.026145 | emb_var=0.27556050 (collapsed=False, n_coll=0/192)
  [Seed 42] Epoch 110/200 | pred_loss=0.022743 | ETA: 24.2min
  [Seed 42] Epoch 120/200 | pred_loss=0.027335 | ETA: 21.4min
  [Seed 42] Epoch 130/200 | pred_loss=0.020358 | ETA: 18.8min
  [Seed 42] Epoch 140/200 | pred_loss=0.021157 | ETA: 16.0min
  [Seed 42] Epoch 150/200 | pred_loss=0.019195 | ETA: 13.3min
  [Seed 42] Epoch 160/200 | pred_loss=0.017448 | ETA: 10.7min
  [Seed 42] Epoch 170/200 | pred_loss=0.017670 | ETA: 8.0min
  [Seed 42] Epoch 180/200 | pred_loss=0.015841 | ETA: 5.3min
  [Seed 42] Epoch 190/200 | pred_loss=0.015741 | ETA: 2.7min
  [Seed 42] Epoch 200 | pred_loss=0.017156 | emb_var=0.34225693 (collapsed=False, n_coll=0/192)

  [Seed 42] Done: 53.4 min | loss: 0.003492 → 0.017156
  [Seed 42] Checkpoint saved: /home/qhxie/AutoResearch-SibylSystem/workspaces/lewm-generalization/current/exp/results/full/lewm_noreg/seed42_epoch200.pt

============================================================
[TRAIN] Seed 7 (2/3) — NoReg Control
============================================================
  [Seed 7] Epoch   1 | pred_loss=0.005528 | emb_var=0.00001823 (collapsed=True, n_coll=53/192)
  [Seed 7] Epoch  10 | pred_loss=0.040103 | emb_var=0.40492412 (collapsed=False, n_coll=0/192)
  [Seed 7] Epoch  20/200 | pred_loss=0.049794 | ETA: 52.0min
  [Seed 7] Epoch  30/200 | pred_loss=0.054252 | ETA: 47.3min
  [Seed 7] Epoch  40/200 | pred_loss=0.044429 | ETA: 43.8min
  [Seed 7] Epoch  50 | pred_loss=0.042003 | emb_var=0.13181180 (collapsed=False, n_coll=0/192)
  [Seed 7] Epoch  60/200 | pred_loss=0.041816 | ETA: 38.9min
  [Seed 7] Epoch  70/200 | pred_loss=0.035445 | ETA: 36.0min
  [Seed 7] Epoch  80/200 | pred_loss=0.026649 | ETA: 32.9min
  [Seed 7] Epoch  90/200 | pred_loss=0.028511 | ETA: 30.2min
  [Seed 7] Epoch 100 | pred_loss=0.029228 | emb_var=0.45411861 (collapsed=False, n_coll=0/192)
  [Seed 7] Epoch 110/200 | pred_loss=0.022477 | ETA: 24.6min
  [Seed 7] Epoch 120/200 | pred_loss=0.013120 | ETA: 21.7min
  [Seed 7] Epoch 130/200 | pred_loss=0.017387 | ETA: 19.0min
  [Seed 7] Epoch 140/200 | pred_loss=0.018911 | ETA: 16.3min
  [Seed 7] Epoch 150/200 | pred_loss=0.022663 | ETA: 13.5min
  [Seed 7] Epoch 160/200 | pred_loss=0.014703 | ETA: 10.8min
  [Seed 7] Epoch 170/200 | pred_loss=0.016440 | ETA: 8.1min
  [Seed 7] Epoch 180/200 | pred_loss=0.017135 | ETA: 5.4min
  [Seed 7] Epoch 190/200 | pred_loss=0.017298 | ETA: 2.7min
  [Seed 7] Epoch 200 | pred_loss=0.017791 | emb_var=0.36127472 (collapsed=False, n_coll=0/192)

  [Seed 7] Done: 53.9 min | loss: 0.005528 → 0.017791
  [Seed 7] Checkpoint saved: /home/qhxie/AutoResearch-SibylSystem/workspaces/lewm-generalization/current/exp/results/full/lewm_noreg/seed7_epoch200.pt

============================================================
[TRAIN] Seed 13 (3/3) — NoReg Control
============================================================
  [Seed 13] Epoch   1 | pred_loss=0.005423 | emb_var=0.01790975 (collapsed=False, n_coll=0/192)
  [Seed 13] Epoch  10 | pred_loss=0.001914 | emb_var=0.10881191 (collapsed=False, n_coll=0/192)
  [Seed 13] Epoch  20/200 | pred_loss=0.065198 | ETA: 51.6min
  [Seed 13] Epoch  30/200 | pred_loss=0.057082 | ETA: 47.1min
  [Seed 13] Epoch  40/200 | pred_loss=0.052524 | ETA: 44.0min
  [Seed 13] Epoch  50 | pred_loss=0.042871 | emb_var=0.30129912 (collapsed=False, n_coll=0/192)
  [Seed 13] Epoch  60/200 | pred_loss=0.037913 | ETA: 38.4min
  [Seed 13] Epoch  70/200 | pred_loss=0.039679 | ETA: 35.4min
  [Seed 13] Epoch  80/200 | pred_loss=0.035671 | ETA: 32.8min
  [Seed 13] Epoch  90/200 | pred_loss=0.029683 | ETA: 29.8min
  [Seed 13] Epoch 100 | pred_loss=0.028118 | emb_var=0.29310507 (collapsed=False, n_coll=0/192)
  [Seed 13] Epoch 110/200 | pred_loss=0.027424 | ETA: 24.3min
  [Seed 13] Epoch 120/200 | pred_loss=0.027340 | ETA: 21.7min
  [Seed 13] Epoch 130/200 | pred_loss=0.020183 | ETA: 18.9min
  [Seed 13] Epoch 140/200 | pred_loss=0.017603 | ETA: 16.2min
  [Seed 13] Epoch 150/200 | pred_loss=0.021081 | ETA: 13.5min
  [Seed 13] Epoch 160/200 | pred_loss=0.017160 | ETA: 10.8min
  [Seed 13] Epoch 170/200 | pred_loss=0.017628 | ETA: 8.1min
  [Seed 13] Epoch 180/200 | pred_loss=0.018316 | ETA: 5.3min
  [Seed 13] Epoch 190/200 | pred_loss=0.019451 | ETA: 2.6min
  [Seed 13] Epoch 200 | pred_loss=0.019924 | emb_var=0.36685014 (collapsed=False, n_coll=0/192)

  [Seed 13] Done: 51.2 min | loss: 0.005423 → 0.019924
  [Seed 13] Checkpoint saved: /home/qhxie/AutoResearch-SibylSystem/workspaces/lewm-generalization/current/exp/results/full/lewm_noreg/seed13_epoch200.pt

[SAVE] Summary saved to /home/qhxie/AutoResearch-SibylSystem/workspaces/lewm-generalization/current/exp/results/full/lewm_noreg/training_summary.json
[SAVE] Updated gpu_progress.json
[SAVE] Updated experiment_state.json

======================================================================
FULL TRAINING COMPLETE: train_lewm_noreg
  Seed 42: loss 0.003492 → 0.01715602 (-391.3% drop) | 53.4 min | collapse=NO_COLLAPSE
  Seed 7: loss 0.005528 → 0.01779095 (-221.9% drop) | 53.9 min | collapse=NO_COLLAPSE
  Seed 13: loss 0.005423 → 0.01992450 (-267.4% drop) | 51.2 min | collapse=NO_COLLAPSE
  Mean final loss: 0.01829049 ± 0.00118414
  Overall collapse verdict: NO_COLLAPSE
  No collapse detected — model maintains non-trivial embeddings even without regularization. This is an unexpected result; LayerNorm may be preventing collapse.
  Total time: 2.66 hours
======================================================================

[DONE] Written DONE marker: status=success

