[INFO] Using device: cuda:0 (CUDA_VISIBLE_DEVICES=5)
[PID] Written PID 863507 to /home/qhxie/AutoResearch-SibylSystem/workspaces/lewm-generalization/current/exp/results/train_dino_wm.pid

============================================================
FULL: train_dino_wm
Seeds: [42, 7, 13], Epochs: 200, Split: split_0 (18/27 combos)
Architecture: Frozen DINOv2-s encoder + learned transformer predictor
============================================================

[DATA] Loading splits...
  Train combos: 18, Holdout combos: 9

[DATA] Loading training data (18 combos x 200 traj each)...
  Loaded g0.5_f2.0_m2.0.h5: 200 traj
  Loaded g1.0_f1.0_m1.0.h5: 200 traj
  Loaded g1.0_f0.5_m0.5.h5: 200 traj
  Loaded g2.0_f1.0_m0.5.h5: 200 traj
  Loaded g0.5_f0.5_m0.5.h5: 200 traj
  Loaded g1.0_f0.5_m2.0.h5: 200 traj
  Loaded g1.0_f2.0_m1.0.h5: 200 traj
  Loaded g1.0_f2.0_m2.0.h5: 200 traj
  Loaded g1.0_f1.0_m0.5.h5: 200 traj
  Loaded g2.0_f2.0_m0.5.h5: 200 traj
  Loaded g0.5_f0.5_m1.0.h5: 200 traj
  Loaded g0.5_f1.0_m1.0.h5: 200 traj
  Loaded g0.5_f1.0_m2.0.h5: 200 traj
  Loaded g0.5_f0.5_m2.0.h5: 200 traj
  Loaded g2.0_f1.0_m1.0.h5: 200 traj
  Loaded g2.0_f2.0_m1.0.h5: 200 traj
  Loaded g2.0_f0.5_m0.5.h5: 200 traj
  Loaded g2.0_f2.0_m2.0.h5: 200 traj
  Loaded 18 training combos

[DATA] Building training dataset...
  [Dataset] 205200 sequences from 3600 trajectories
  Training sequences: 205,200

[DATA] Loading holdout data (9 combos x 200 traj each)...
  Loaded g1.0_f2.0_m0.5.h5: 200 traj
  Loaded g0.5_f1.0_m0.5.h5: 200 traj
  Loaded g2.0_f1.0_m2.0.h5: 200 traj
  Loaded g2.0_f0.5_m2.0.h5: 200 traj
  Loaded g0.5_f2.0_m1.0.h5: 200 traj
  Loaded g1.0_f0.5_m1.0.h5: 200 traj
  Loaded g1.0_f1.0_m2.0.h5: 200 traj
  Loaded g2.0_f0.5_m1.0.h5: 200 traj
  Loaded g0.5_f2.0_m0.5.h5: 200 traj
  [Dataset] 102600 sequences from 1800 trajectories
  Holdout sequences: 102,600

[MODEL] Initializing DINO-WM model...
  [DINOv2] Loading DINOv2-s via timm (img_size=64)...
  [DINOv2] Loaded via timm successfully
  [DINOv2] Frozen 21,536,640 params (21.5M)
  Total params: 25,486,592 (25.49M)
  Trainable (predictor): 3,949,952 (3.95M)
  Frozen (DINOv2): 21,536,640 (21.54M)

[VRAM] Probing max batch size...
  GPU: NVIDIA RTX PRO 6000 Blackwell Server Edition
  VRAM total: 97,250 MiB
  VRAM free: 97,130 MiB
  Max batch size: 256, Using: 217

============================================================
[TRAIN] Seed 42 (1/3) - 200 epochs
============================================================
  [Seed 42] Trainable params: 3,949,952 (3.95M)
  [Seed 42] Epoch   1/200 | loss=1.86340 | elapsed=0.7min
  [Seed 42] Epoch   2/200 | loss=1.56526 | elapsed=1.5min
  [Seed 42] Epoch   3/200 | loss=1.34068 | elapsed=2.4min
  [Seed 42] Epoch   4/200 | loss=1.16778 | elapsed=3.1min
  [Seed 42] Epoch   5/200 | loss=1.03796 | elapsed=3.7min
  [Seed 42] Epoch   6/200 | loss=0.94409 | elapsed=4.3min
  [Seed 42] Epoch   7/200 | loss=0.88026 | elapsed=4.9min
  [Seed 42] Epoch   8/200 | loss=0.83992 | elapsed=5.6min
  [Seed 42] Epoch   9/200 | loss=0.81632 | elapsed=6.2min
  [Seed 42] Epoch  10/200 | loss=0.80181 | elapsed=6.8min
  [Seed 42] Epoch  11/200 | loss=0.79022 | elapsed=7.4min
  [Seed 42] Epoch  12/200 | loss=0.77905 | elapsed=8.1min
  [Seed 42] Epoch  13/200 | loss=0.76755 | elapsed=8.7min
  [Seed 42] Epoch  14/200 | loss=0.75544 | elapsed=9.3min
  [Seed 42] Epoch  15/200 | loss=0.74385 | elapsed=9.9min
  [Seed 42] Epoch  16/200 | loss=0.73157 | elapsed=10.5min
  [Seed 42] Epoch  17/200 | loss=0.71961 | elapsed=11.2min
  [Seed 42] Epoch  18/200 | loss=0.70822 | elapsed=11.8min
  [Seed 42] Epoch  19/200 | loss=0.69701 | elapsed=12.4min
  [Seed 42] Epoch  20/200 | loss=0.68622 | elapsed=13.0min
  [Seed 42] Epoch  21/200 | loss=0.67587 | elapsed=13.7min
  [Seed 42] Epoch  22/200 | loss=0.66600 | elapsed=14.3min
  [Seed 42] Epoch  23/200 | loss=0.65623 | elapsed=14.9min
  [Seed 42] Epoch  24/200 | loss=0.64710 | elapsed=15.5min
  [Seed 42] Epoch  25/200 | loss=0.63822 | elapsed=16.2min
  [Seed 42] Epoch  26/200 | loss=0.62996 | elapsed=16.8min
  [Seed 42] Epoch  27/200 | loss=0.62166 | elapsed=17.4min
  [Seed 42] Epoch  28/200 | loss=0.61377 | elapsed=18.0min
  [Seed 42] Epoch  29/200 | loss=0.60603 | elapsed=18.6min
  [Seed 42] Epoch  30/200 | loss=0.59853 | elapsed=19.3min
  [Seed 42] Epoch  31/200 | loss=0.59150 | elapsed=19.9min
  [Seed 42] Epoch  32/200 | loss=0.58454 | elapsed=20.5min
  [Seed 42] Epoch  33/200 | loss=0.57769 | elapsed=21.1min
  [Seed 42] Epoch  34/200 | loss=0.57145 | elapsed=21.8min
  [Seed 42] Epoch  35/200 | loss=0.56500 | elapsed=22.4min
  [Seed 42] Epoch  36/200 | loss=0.55884 | elapsed=23.0min
  [Seed 42] Epoch  37/200 | loss=0.55311 | elapsed=23.6min
  [Seed 42] Epoch  38/200 | loss=0.54724 | elapsed=24.3min
  [Seed 42] Epoch  39/200 | loss=0.54188 | elapsed=24.9min
  [Seed 42] Epoch  40/200 | loss=0.53660 | elapsed=25.5min
  [Seed 42] Epoch  41/200 | loss=0.53145 | elapsed=26.1min
  [Seed 42] Epoch  42/200 | loss=0.52658 | elapsed=26.7min
  [Seed 42] Epoch  43/200 | loss=0.52174 | elapsed=27.4min
  [Seed 42] Epoch  44/200 | loss=0.51718 | elapsed=28.0min
  [Seed 42] Epoch  45/200 | loss=0.51250 | elapsed=28.6min
  [Seed 42] Epoch  46/200 | loss=0.50832 | elapsed=29.2min
  [Seed 42] Epoch  47/200 | loss=0.50386 | elapsed=29.8min
  [Seed 42] Epoch  48/200 | loss=0.49993 | elapsed=30.5min
  [Seed 42] Epoch  49/200 | loss=0.49602 | elapsed=31.1min
  [Seed 42] Epoch  50/200 | loss=0.49189 | elapsed=31.7min
  [Seed 42] Checkpoint saved: /home/qhxie/AutoResearch-SibylSystem/workspaces/lewm-generalization/current/exp/results/full/dino_wm/seed_42_epoch50.pt
  [Seed 42] Epoch  51/200 | loss=0.48833 | elapsed=32.3min
  [Seed 42] Epoch  52/200 | loss=0.48449 | elapsed=33.0min
  [Seed 42] Epoch  53/200 | loss=0.48082 | elapsed=33.6min
  [Seed 42] Epoch  54/200 | loss=0.47741 | elapsed=34.2min
  [Seed 42] Epoch  55/200 | loss=0.47395 | elapsed=34.8min
  [Seed 42] Epoch  56/200 | loss=0.47064 | elapsed=35.4min
  [Seed 42] Epoch  57/200 | loss=0.46749 | elapsed=36.1min
  [Seed 42] Epoch  58/200 | loss=0.46446 | elapsed=36.7min
  [Seed 42] Epoch  59/200 | loss=0.46125 | elapsed=37.3min
  [Seed 42] Epoch  60/200 | loss=0.45834 | elapsed=37.9min
  [Seed 42] Epoch  61/200 | loss=0.45535 | elapsed=38.6min
  [Seed 42] Epoch  62/200 | loss=0.45242 | elapsed=39.2min
  [Seed 42] Epoch  63/200 | loss=0.44952 | elapsed=39.8min
  [Seed 42] Epoch  64/200 | loss=0.44693 | elapsed=40.5min
  [Seed 42] Epoch  65/200 | loss=0.44419 | elapsed=41.1min
  [Seed 42] Epoch  66/200 | loss=0.44165 | elapsed=41.7min
  [Seed 42] Epoch  67/200 | loss=0.43905 | elapsed=42.3min
  [Seed 42] Epoch  68/200 | loss=0.43652 | elapsed=43.0min
  [Seed 42] Epoch  69/200 | loss=0.43390 | elapsed=43.6min
  [Seed 42] Epoch  70/200 | loss=0.43171 | elapsed=44.2min
  [Seed 42] Epoch  71/200 | loss=0.42945 | elapsed=44.8min
  [Seed 42] Epoch  72/200 | loss=0.42693 | elapsed=45.5min
  [Seed 42] Epoch  73/200 | loss=0.42491 | elapsed=46.1min
  [Seed 42] Epoch  74/200 | loss=0.42254 | elapsed=46.8min
  [Seed 42] Epoch  75/200 | loss=0.42041 | elapsed=47.4min
  [Seed 42] Epoch  76/200 | loss=0.41830 | elapsed=48.0min
  [Seed 42] Epoch  77/200 | loss=0.41619 | elapsed=48.7min
  [Seed 42] Epoch  78/200 | loss=0.41408 | elapsed=49.3min
  [Seed 42] Epoch  79/200 | loss=0.41218 | elapsed=49.9min
  [Seed 42] Epoch  80/200 | loss=0.41029 | elapsed=50.6min
  [Seed 42] Epoch  81/200 | loss=0.40820 | elapsed=51.2min
  [Seed 42] Epoch  82/200 | loss=0.40633 | elapsed=51.8min
  [Seed 42] Epoch  83/200 | loss=0.40447 | elapsed=52.5min
  [Seed 42] Epoch  84/200 | loss=0.40266 | elapsed=53.1min
  [Seed 42] Epoch  85/200 | loss=0.40095 | elapsed=53.7min
  [Seed 42] Epoch  86/200 | loss=0.39921 | elapsed=54.4min
  [Seed 42] Epoch  87/200 | loss=0.39732 | elapsed=55.0min
  [Seed 42] Epoch  88/200 | loss=0.39569 | elapsed=55.6min
  [Seed 42] Epoch  89/200 | loss=0.39389 | elapsed=56.2min
  [Seed 42] Epoch  90/200 | loss=0.39238 | elapsed=56.9min
  [Seed 42] Epoch  91/200 | loss=0.39082 | elapsed=57.5min
  [Seed 42] Epoch  92/200 | loss=0.38907 | elapsed=58.1min
  [Seed 42] Epoch  93/200 | loss=0.38749 | elapsed=58.8min
  [Seed 42] Epoch  94/200 | loss=0.38601 | elapsed=59.4min
  [Seed 42] Epoch  95/200 | loss=0.38460 | elapsed=60.0min
  [Seed 42] Epoch  96/200 | loss=0.38308 | elapsed=60.6min
  [Seed 42] Epoch  97/200 | loss=0.38159 | elapsed=61.3min
  [Seed 42] Epoch  98/200 | loss=0.38015 | elapsed=61.9min
  [Seed 42] Epoch  99/200 | loss=0.37880 | elapsed=62.5min
  [Seed 42] Epoch 100/200 | loss=0.37720 | elapsed=63.2min
  [Seed 42] Checkpoint saved: /home/qhxie/AutoResearch-SibylSystem/workspaces/lewm-generalization/current/exp/results/full/dino_wm/seed_42_epoch100.pt
  [Seed 42] Epoch 101/200 | loss=0.37590 | elapsed=63.8min
  [Seed 42] Epoch 102/200 | loss=0.37455 | elapsed=64.4min
  [Seed 42] Epoch 103/200 | loss=0.37321 | elapsed=65.0min
  [Seed 42] Epoch 104/200 | loss=0.37202 | elapsed=65.7min
  [Seed 42] Epoch 105/200 | loss=0.37075 | elapsed=66.3min
  [Seed 42] Epoch 106/200 | loss=0.36934 | elapsed=66.9min
  [Seed 42] Epoch 107/200 | loss=0.36809 | elapsed=67.6min
  [Seed 42] Epoch 108/200 | loss=0.36687 | elapsed=68.2min
  [Seed 42] Epoch 109/200 | loss=0.36572 | elapsed=68.8min
  [Seed 42] Epoch 110/200 | loss=0.36452 | elapsed=69.4min
  [Seed 42] Epoch 111/200 | loss=0.36331 | elapsed=70.1min
  [Seed 42] Epoch 112/200 | loss=0.36209 | elapsed=70.7min
  [Seed 42] Epoch 113/200 | loss=0.36100 | elapsed=71.3min
  [Seed 42] Epoch 114/200 | loss=0.35989 | elapsed=72.0min
  [Seed 42] Epoch 115/200 | loss=0.35880 | elapsed=72.6min
  [Seed 42] Epoch 116/200 | loss=0.35778 | elapsed=73.2min
  [Seed 42] Epoch 117/200 | loss=0.35665 | elapsed=73.8min
  [Seed 42] Epoch 118/200 | loss=0.35559 | elapsed=74.5min
  [Seed 42] Epoch 119/200 | loss=0.35467 | elapsed=75.1min
  [Seed 42] Epoch 120/200 | loss=0.35364 | elapsed=75.7min
  [Seed 42] Epoch 121/200 | loss=0.35256 | elapsed=76.4min
  [Seed 42] Epoch 122/200 | loss=0.35162 | elapsed=77.0min
  [Seed 42] Epoch 123/200 | loss=0.35067 | elapsed=77.6min
  [Seed 42] Epoch 124/200 | loss=0.34971 | elapsed=78.2min
  [Seed 42] Epoch 125/200 | loss=0.34880 | elapsed=78.9min
  [Seed 42] Epoch 126/200 | loss=0.34786 | elapsed=79.5min
  [Seed 42] Epoch 127/200 | loss=0.34701 | elapsed=80.1min
  [Seed 42] Epoch 128/200 | loss=0.34607 | elapsed=80.8min
  [Seed 42] Epoch 129/200 | loss=0.34518 | elapsed=81.4min
  [Seed 42] Epoch 130/200 | loss=0.34435 | elapsed=82.0min
  [Seed 42] Epoch 131/200 | loss=0.34358 | elapsed=83.1min
  [Seed 42] Epoch 132/200 | loss=0.34271 | elapsed=83.7min
  [Seed 42] Epoch 133/200 | loss=0.34193 | elapsed=84.4min
  [Seed 42] Epoch 134/200 | loss=0.34115 | elapsed=85.0min
  [Seed 42] Epoch 135/200 | loss=0.34038 | elapsed=85.6min
  [Seed 42] Epoch 136/200 | loss=0.33954 | elapsed=86.3min
  [Seed 42] Epoch 137/200 | loss=0.33884 | elapsed=86.9min
  [Seed 42] Epoch 138/200 | loss=0.33811 | elapsed=87.5min
  [Seed 42] Epoch 139/200 | loss=0.33741 | elapsed=88.1min
  [Seed 42] Epoch 140/200 | loss=0.33671 | elapsed=89.2min
  [Seed 42] Epoch 141/200 | loss=0.33599 | elapsed=90.5min
  [Seed 42] Epoch 142/200 | loss=0.33532 | elapsed=91.7min
  [Seed 42] Epoch 143/200 | loss=0.33472 | elapsed=92.9min
  [Seed 42] Epoch 144/200 | loss=0.33408 | elapsed=94.1min
  [Seed 42] Epoch 145/200 | loss=0.33343 | elapsed=95.3min
  [Seed 42] Epoch 146/200 | loss=0.33280 | elapsed=96.5min
  [Seed 42] Epoch 147/200 | loss=0.33218 | elapsed=97.7min
  [Seed 42] Epoch 148/200 | loss=0.33163 | elapsed=98.9min
  [Seed 42] Epoch 149/200 | loss=0.33110 | elapsed=100.0min
  [Seed 42] Epoch 150/200 | loss=0.33051 | elapsed=101.2min
  [Seed 42] Checkpoint saved: /home/qhxie/AutoResearch-SibylSystem/workspaces/lewm-generalization/current/exp/results/full/dino_wm/seed_42_epoch150.pt
  [Seed 42] Epoch 151/200 | loss=0.32997 | elapsed=102.5min
  [Seed 42] Epoch 152/200 | loss=0.32948 | elapsed=103.6min
  [Seed 42] Epoch 153/200 | loss=0.32896 | elapsed=104.9min
  [Seed 42] Epoch 154/200 | loss=0.32847 | elapsed=106.0min
  [Seed 42] Epoch 155/200 | loss=0.32799 | elapsed=107.2min
  [Seed 42] Epoch 156/200 | loss=0.32751 | elapsed=108.5min
  [Seed 42] Epoch 157/200 | loss=0.32707 | elapsed=109.6min
  [Seed 42] Epoch 158/200 | loss=0.32663 | elapsed=110.7min
  [Seed 42] Epoch 159/200 | loss=0.32620 | elapsed=111.8min
  [Seed 42] Epoch 160/200 | loss=0.32578 | elapsed=112.9min
  [Seed 42] Epoch 161/200 | loss=0.32539 | elapsed=114.1min
  [Seed 42] Epoch 162/200 | loss=0.32501 | elapsed=115.2min
  [Seed 42] Epoch 163/200 | loss=0.32464 | elapsed=116.3min
  [Seed 42] Epoch 164/200 | loss=0.32429 | elapsed=117.4min
  [Seed 42] Epoch 165/200 | loss=0.32394 | elapsed=118.6min
  [Seed 42] Epoch 166/200 | loss=0.32362 | elapsed=119.4min
  [Seed 42] Epoch 167/200 | loss=0.32329 | elapsed=120.2min
  [Seed 42] Epoch 168/200 | loss=0.32300 | elapsed=121.0min
  [Seed 42] Epoch 169/200 | loss=0.32270 | elapsed=121.9min
  [Seed 42] Epoch 170/200 | loss=0.32242 | elapsed=122.7min
  [Seed 42] Epoch 171/200 | loss=0.32217 | elapsed=123.5min
  [Seed 42] Epoch 172/200 | loss=0.32191 | elapsed=124.3min
  [Seed 42] Epoch 173/200 | loss=0.32167 | elapsed=125.1min
  [Seed 42] Epoch 174/200 | loss=0.32145 | elapsed=126.0min
  [Seed 42] Epoch 175/200 | loss=0.32123 | elapsed=126.8min
  [Seed 42] Epoch 176/200 | loss=0.32102 | elapsed=127.6min
  [Seed 42] Epoch 177/200 | loss=0.32085 | elapsed=128.4min
  [Seed 42] Epoch 178/200 | loss=0.32067 | elapsed=129.2min
  [Seed 42] Epoch 179/200 | loss=0.32048 | elapsed=130.1min
  [Seed 42] Epoch 180/200 | loss=0.32032 | elapsed=130.9min
  [Seed 42] Epoch 181/200 | loss=0.32017 | elapsed=131.7min
  [Seed 42] Epoch 182/200 | loss=0.32003 | elapsed=132.5min
  [Seed 42] Epoch 183/200 | loss=0.31991 | elapsed=133.4min
  [Seed 42] Epoch 184/200 | loss=0.31979 | elapsed=134.2min
  [Seed 42] Epoch 185/200 | loss=0.31968 | elapsed=135.0min
  [Seed 42] Epoch 186/200 | loss=0.31958 | elapsed=135.8min
  [Seed 42] Epoch 187/200 | loss=0.31948 | elapsed=136.7min
  [Seed 42] Epoch 188/200 | loss=0.31941 | elapsed=137.5min
  [Seed 42] Epoch 189/200 | loss=0.31934 | elapsed=138.3min
  [Seed 42] Epoch 190/200 | loss=0.31927 | elapsed=139.1min
  [Seed 42] Epoch 191/200 | loss=0.31920 | elapsed=140.0min
  [Seed 42] Epoch 192/200 | loss=0.31914 | elapsed=140.8min
  [Seed 42] Epoch 193/200 | loss=0.31910 | elapsed=141.7min
  [Seed 42] Epoch 194/200 | loss=0.31906 | elapsed=142.5min
  [Seed 42] Epoch 195/200 | loss=0.31903 | elapsed=143.3min
  [Seed 42] Epoch 196/200 | loss=0.31899 | elapsed=144.1min
  [Seed 42] Epoch 197/200 | loss=0.31898 | elapsed=145.0min
  [Seed 42] Epoch 198/200 | loss=0.31896 | elapsed=145.8min
  [Seed 42] Epoch 199/200 | loss=0.31894 | elapsed=146.6min
  [Seed 42] Epoch 200/200 | loss=0.31892 | elapsed=147.4min
  [Seed 42] Checkpoint saved: /home/qhxie/AutoResearch-SibylSystem/workspaces/lewm-generalization/current/exp/results/full/dino_wm/seed_42_epoch200.pt
  [Seed 42] Final checkpoint saved: /home/qhxie/AutoResearch-SibylSystem/workspaces/lewm-generalization/current/exp/results/full/dino_wm/seed_42_final.pt

[SEED 42] Complete: loss=0.31892 (82.9% drop), time=147.4min

[PROBE] Quick linear probe for seed 42...
  Joint angle R² - train=0.7183, holdout=-0.3758
  CoM velocity R² - train=0.6307, holdout=-0.7867

============================================================
[TRAIN] Seed 7 (2/3) - 200 epochs
============================================================
  Re-initializing model for seed 7...
  [DINOv2] Loading DINOv2-s via timm (img_size=64)...
  [DINOv2] Loaded via timm successfully
  [DINOv2] Frozen 21,536,640 params (21.5M)
  [Seed 7] Trainable params: 3,949,952 (3.95M)
  [Seed 7] Epoch   1/200 | loss=1.86355 | elapsed=0.8min
  [Seed 7] Epoch   2/200 | loss=1.56513 | elapsed=1.6min
  [Seed 7] Epoch   3/200 | loss=1.34047 | elapsed=2.5min
  [Seed 7] Epoch   4/200 | loss=1.16788 | elapsed=3.3min
  [Seed 7] Epoch   5/200 | loss=1.03815 | elapsed=4.1min
  [Seed 7] Epoch   6/200 | loss=0.94421 | elapsed=4.9min
  [Seed 7] Epoch   7/200 | loss=0.88053 | elapsed=5.8min
  [Seed 7] Epoch   8/200 | loss=0.84019 | elapsed=6.6min
  [Seed 7] Epoch   9/200 | loss=0.81664 | elapsed=7.4min
  [Seed 7] Epoch  10/200 | loss=0.80220 | elapsed=8.2min
  [Seed 7] Epoch  11/200 | loss=0.79082 | elapsed=9.1min
  [Seed 7] Epoch  12/200 | loss=0.78007 | elapsed=9.9min
  [Seed 7] Epoch  13/200 | loss=0.76841 | elapsed=10.7min
  [Seed 7] Epoch  14/200 | loss=0.75658 | elapsed=11.5min
  [Seed 7] Epoch  15/200 | loss=0.74459 | elapsed=12.4min
  [Seed 7] Epoch  16/200 | loss=0.73291 | elapsed=13.2min
  [Seed 7] Epoch  17/200 | loss=0.72088 | elapsed=14.0min
  [Seed 7] Epoch  18/200 | loss=0.70921 | elapsed=14.8min
  [Seed 7] Epoch  19/200 | loss=0.69803 | elapsed=15.7min
  [Seed 7] Epoch  20/200 | loss=0.68726 | elapsed=16.5min
  [Seed 7] Epoch  21/200 | loss=0.67686 | elapsed=17.4min
  [Seed 7] Epoch  22/200 | loss=0.66707 | elapsed=18.2min
  [Seed 7] Epoch  23/200 | loss=0.65737 | elapsed=19.0min
  [Seed 7] Epoch  24/200 | loss=0.64811 | elapsed=19.8min
  [Seed 7] Epoch  25/200 | loss=0.63956 | elapsed=20.6min
  [Seed 7] Epoch  26/200 | loss=0.63078 | elapsed=21.5min
  [Seed 7] Epoch  27/200 | loss=0.62266 | elapsed=22.3min
  [Seed 7] Epoch  28/200 | loss=0.61503 | elapsed=23.1min
  [Seed 7] Epoch  29/200 | loss=0.60734 | elapsed=23.9min
  [Seed 7] Epoch  30/200 | loss=0.60020 | elapsed=24.8min
  [Seed 7] Epoch  31/200 | loss=0.59286 | elapsed=25.6min
  [Seed 7] Epoch  32/200 | loss=0.58609 | elapsed=26.4min
  [Seed 7] Epoch  33/200 | loss=0.57943 | elapsed=27.2min
  [Seed 7] Epoch  34/200 | loss=0.57317 | elapsed=28.1min
  [Seed 7] Epoch  35/200 | loss=0.56676 | elapsed=28.9min
  [Seed 7] Epoch  36/200 | loss=0.56091 | elapsed=29.7min
  [Seed 7] Epoch  37/200 | loss=0.55517 | elapsed=30.5min
  [Seed 7] Epoch  38/200 | loss=0.54956 | elapsed=31.3min
  [Seed 7] Epoch  39/200 | loss=0.54401 | elapsed=32.2min
  [Seed 7] Epoch  40/200 | loss=0.53883 | elapsed=33.0min
  [Seed 7] Epoch  41/200 | loss=0.53367 | elapsed=33.8min
  [Seed 7] Epoch  42/200 | loss=0.52901 | elapsed=34.6min
  [Seed 7] Epoch  43/200 | loss=0.52418 | elapsed=35.5min
  [Seed 7] Epoch  44/200 | loss=0.51934 | elapsed=36.3min
  [Seed 7] Epoch  45/200 | loss=0.51491 | elapsed=37.1min
  [Seed 7] Epoch  46/200 | loss=0.51056 | elapsed=38.0min
  [Seed 7] Epoch  47/200 | loss=0.50650 | elapsed=38.8min
  [Seed 7] Epoch  48/200 | loss=0.50233 | elapsed=39.6min
  [Seed 7] Epoch  49/200 | loss=0.49844 | elapsed=40.5min
  [Seed 7] Epoch  50/200 | loss=0.49439 | elapsed=41.3min
  [Seed 7] Checkpoint saved: /home/qhxie/AutoResearch-SibylSystem/workspaces/lewm-generalization/current/exp/results/full/dino_wm/seed_7_epoch50.pt
  [Seed 7] Epoch  51/200 | loss=0.49073 | elapsed=42.1min
  [Seed 7] Epoch  52/200 | loss=0.48663 | elapsed=42.9min
  [Seed 7] Epoch  53/200 | loss=0.48327 | elapsed=43.8min
  [Seed 7] Epoch  54/200 | loss=0.47980 | elapsed=44.6min
  [Seed 7] Epoch  55/200 | loss=0.47630 | elapsed=45.4min
  [Seed 7] Epoch  56/200 | loss=0.47296 | elapsed=46.2min
  [Seed 7] Epoch  57/200 | loss=0.46976 | elapsed=47.0min
  [Seed 7] Epoch  58/200 | loss=0.46662 | elapsed=47.9min
  [Seed 7] Epoch  59/200 | loss=0.46323 | elapsed=48.7min
  [Seed 7] Epoch  60/200 | loss=0.46038 | elapsed=49.5min
  [Seed 7] Epoch  61/200 | loss=0.45755 | elapsed=50.3min
  [Seed 7] Epoch  62/200 | loss=0.45454 | elapsed=51.2min
  [Seed 7] Epoch  63/200 | loss=0.45161 | elapsed=52.0min
  [Seed 7] Epoch  64/200 | loss=0.44885 | elapsed=52.8min
  [Seed 7] Epoch  65/200 | loss=0.44636 | elapsed=53.6min
  [Seed 7] Epoch  66/200 | loss=0.44364 | elapsed=54.4min
  [Seed 7] Epoch  67/200 | loss=0.44098 | elapsed=55.3min
  [Seed 7] Epoch  68/200 | loss=0.43840 | elapsed=56.1min
  [Seed 7] Epoch  69/200 | loss=0.43591 | elapsed=56.9min
  [Seed 7] Epoch  70/200 | loss=0.43362 | elapsed=57.8min
  [Seed 7] Epoch  71/200 | loss=0.43120 | elapsed=58.6min
  [Seed 7] Epoch  72/200 | loss=0.42886 | elapsed=59.4min
  [Seed 7] Epoch  73/200 | loss=0.42659 | elapsed=60.2min
  [Seed 7] Epoch  74/200 | loss=0.42429 | elapsed=61.1min
  [Seed 7] Epoch  75/200 | loss=0.42195 | elapsed=61.9min
  [Seed 7] Epoch  76/200 | loss=0.41992 | elapsed=62.8min
  [Seed 7] Epoch  77/200 | loss=0.41806 | elapsed=63.6min
  [Seed 7] Epoch  78/200 | loss=0.41594 | elapsed=64.4min
  [Seed 7] Epoch  79/200 | loss=0.41362 | elapsed=65.2min
  [Seed 7] Epoch  80/200 | loss=0.41178 | elapsed=66.1min
  [Seed 7] Epoch  81/200 | loss=0.40974 | elapsed=66.9min
  [Seed 7] Epoch  82/200 | loss=0.40780 | elapsed=67.7min
  [Seed 7] Epoch  83/200 | loss=0.40608 | elapsed=68.5min
  [Seed 7] Epoch  84/200 | loss=0.40399 | elapsed=69.3min
  [Seed 7] Epoch  85/200 | loss=0.40224 | elapsed=70.2min
  [Seed 7] Epoch  86/200 | loss=0.40061 | elapsed=71.0min
  [Seed 7] Epoch  87/200 | loss=0.39881 | elapsed=71.8min
  [Seed 7] Epoch  88/200 | loss=0.39696 | elapsed=72.6min
  [Seed 7] Epoch  89/200 | loss=0.39514 | elapsed=73.5min
  [Seed 7] Epoch  90/200 | loss=0.39362 | elapsed=74.3min
  [Seed 7] Epoch  91/200 | loss=0.39206 | elapsed=75.1min
  [Seed 7] Epoch  92/200 | loss=0.39030 | elapsed=75.9min
  [Seed 7] Epoch  93/200 | loss=0.38882 | elapsed=76.7min
  [Seed 7] Epoch  94/200 | loss=0.38705 | elapsed=77.6min
  [Seed 7] Epoch  95/200 | loss=0.38564 | elapsed=78.4min
  [Seed 7] Epoch  96/200 | loss=0.38419 | elapsed=79.2min
  [Seed 7] Epoch  97/200 | loss=0.38270 | elapsed=80.0min
  [Seed 7] Epoch  98/200 | loss=0.38110 | elapsed=80.8min
  [Seed 7] Epoch  99/200 | loss=0.37969 | elapsed=81.7min
  [Seed 7] Epoch 100/200 | loss=0.37831 | elapsed=82.5min
  [Seed 7] Checkpoint saved: /home/qhxie/AutoResearch-SibylSystem/workspaces/lewm-generalization/current/exp/results/full/dino_wm/seed_7_epoch100.pt
  [Seed 7] Epoch 101/200 | loss=0.37701 | elapsed=83.3min
  [Seed 7] Epoch 102/200 | loss=0.37571 | elapsed=84.2min
  [Seed 7] Epoch 103/200 | loss=0.37418 | elapsed=85.0min
  [Seed 7] Epoch 104/200 | loss=0.37286 | elapsed=85.8min
  [Seed 7] Epoch 105/200 | loss=0.37151 | elapsed=86.6min
  [Seed 7] Epoch 106/200 | loss=0.37027 | elapsed=87.4min
  [Seed 7] Epoch 107/200 | loss=0.36907 | elapsed=88.3min
  [Seed 7] Epoch 108/200 | loss=0.36778 | elapsed=89.1min
  [Seed 7] Epoch 109/200 | loss=0.36654 | elapsed=89.9min
  [Seed 7] Epoch 110/200 | loss=0.36539 | elapsed=90.7min
  [Seed 7] Epoch 111/200 | loss=0.36415 | elapsed=91.5min
  [Seed 7] Epoch 112/200 | loss=0.36291 | elapsed=92.4min
  [Seed 7] Epoch 113/200 | loss=0.36175 | elapsed=93.2min
  [Seed 7] Epoch 114/200 | loss=0.36076 | elapsed=94.0min
  [Seed 7] Epoch 115/200 | loss=0.35963 | elapsed=94.8min
  [Seed 7] Epoch 116/200 | loss=0.35853 | elapsed=95.7min
  [Seed 7] Epoch 117/200 | loss=0.35733 | elapsed=96.5min
  [Seed 7] Epoch 118/200 | loss=0.35639 | elapsed=97.3min
  [Seed 7] Epoch 119/200 | loss=0.35528 | elapsed=98.1min
  [Seed 7] Epoch 120/200 | loss=0.35432 | elapsed=98.9min
  [Seed 7] Epoch 121/200 | loss=0.35331 | elapsed=99.8min
  [Seed 7] Epoch 122/200 | loss=0.35225 | elapsed=100.6min
  [Seed 7] Epoch 123/200 | loss=0.35126 | elapsed=101.4min
  [Seed 7] Epoch 124/200 | loss=0.35039 | elapsed=102.2min
  [Seed 7] Epoch 125/200 | loss=0.34938 | elapsed=103.0min
  [Seed 7] Epoch 126/200 | loss=0.34846 | elapsed=103.9min
  [Seed 7] Epoch 127/200 | loss=0.34758 | elapsed=104.7min
  [Seed 7] Epoch 128/200 | loss=0.34667 | elapsed=105.5min
  [Seed 7] Epoch 129/200 | loss=0.34582 | elapsed=106.3min
  [Seed 7] Epoch 130/200 | loss=0.34495 | elapsed=107.2min
  [Seed 7] Epoch 131/200 | loss=0.34408 | elapsed=108.0min
  [Seed 7] Epoch 132/200 | loss=0.34323 | elapsed=108.8min
  [Seed 7] Epoch 133/200 | loss=0.34244 | elapsed=109.7min
  [Seed 7] Epoch 134/200 | loss=0.34163 | elapsed=110.5min
  [Seed 7] Epoch 135/200 | loss=0.34089 | elapsed=111.3min
  [Seed 7] Epoch 136/200 | loss=0.34012 | elapsed=112.1min
  [Seed 7] Epoch 137/200 | loss=0.33934 | elapsed=113.0min
  [Seed 7] Epoch 138/200 | loss=0.33860 | elapsed=113.8min
  [Seed 7] Epoch 139/200 | loss=0.33785 | elapsed=114.6min
  [Seed 7] Epoch 140/200 | loss=0.33721 | elapsed=115.4min
  [Seed 7] Epoch 141/200 | loss=0.33649 | elapsed=116.2min
  [Seed 7] Epoch 142/200 | loss=0.33578 | elapsed=117.1min
  [Seed 7] Epoch 143/200 | loss=0.33510 | elapsed=117.9min
  [Seed 7] Epoch 144/200 | loss=0.33446 | elapsed=118.7min
  [Seed 7] Epoch 145/200 | loss=0.33385 | elapsed=119.5min
  [Seed 7] Epoch 146/200 | loss=0.33326 | elapsed=120.4min
  [Seed 7] Epoch 147/200 | loss=0.33264 | elapsed=121.2min
  [Seed 7] Epoch 148/200 | loss=0.33206 | elapsed=122.0min
  [Seed 7] Epoch 149/200 | loss=0.33149 | elapsed=122.8min
  [Seed 7] Epoch 150/200 | loss=0.33096 | elapsed=123.6min
  [Seed 7] Checkpoint saved: /home/qhxie/AutoResearch-SibylSystem/workspaces/lewm-generalization/current/exp/results/full/dino_wm/seed_7_epoch150.pt
  [Seed 7] Epoch 151/200 | loss=0.33040 | elapsed=124.5min
  [Seed 7] Epoch 152/200 | loss=0.32982 | elapsed=125.3min
  [Seed 7] Epoch 153/200 | loss=0.32931 | elapsed=126.1min
  [Seed 7] Epoch 154/200 | loss=0.32884 | elapsed=126.9min
  [Seed 7] Epoch 155/200 | loss=0.32835 | elapsed=127.7min
  [Seed 7] Epoch 156/200 | loss=0.32789 | elapsed=128.6min
  [Seed 7] Epoch 157/200 | loss=0.32743 | elapsed=129.4min
  [Seed 7] Epoch 158/200 | loss=0.32696 | elapsed=130.2min
  [Seed 7] Epoch 159/200 | loss=0.32656 | elapsed=131.1min
  [Seed 7] Epoch 160/200 | loss=0.32613 | elapsed=131.9min
  [Seed 7] Epoch 161/200 | loss=0.32574 | elapsed=132.7min
  [Seed 7] Epoch 162/200 | loss=0.32532 | elapsed=133.6min
  [Seed 7] Epoch 163/200 | loss=0.32496 | elapsed=134.4min
  [Seed 7] Epoch 164/200 | loss=0.32460 | elapsed=135.2min
  [Seed 7] Epoch 165/200 | loss=0.32426 | elapsed=136.0min
  [Seed 7] Epoch 166/200 | loss=0.32394 | elapsed=136.8min
  [Seed 7] Epoch 167/200 | loss=0.32361 | elapsed=137.7min
  [Seed 7] Epoch 168/200 | loss=0.32331 | elapsed=138.5min
  [Seed 7] Epoch 169/200 | loss=0.32301 | elapsed=139.3min
  [Seed 7] Epoch 170/200 | loss=0.32274 | elapsed=140.1min
  [Seed 7] Epoch 171/200 | loss=0.32246 | elapsed=141.0min
  [Seed 7] Epoch 172/200 | loss=0.32221 | elapsed=141.8min
  [Seed 7] Epoch 173/200 | loss=0.32196 | elapsed=142.6min
  [Seed 7] Epoch 174/200 | loss=0.32174 | elapsed=143.4min
  [Seed 7] Epoch 175/200 | loss=0.32151 | elapsed=144.2min
  [Seed 7] Epoch 176/200 | loss=0.32131 | elapsed=145.1min
  [Seed 7] Epoch 177/200 | loss=0.32112 | elapsed=145.9min
  [Seed 7] Epoch 178/200 | loss=0.32094 | elapsed=146.7min
  [Seed 7] Epoch 179/200 | loss=0.32077 | elapsed=147.5min
  [Seed 7] Epoch 180/200 | loss=0.32061 | elapsed=148.4min
  [Seed 7] Epoch 181/200 | loss=0.32045 | elapsed=149.2min
  [Seed 7] Epoch 182/200 | loss=0.32033 | elapsed=150.0min
  [Seed 7] Epoch 183/200 | loss=0.32019 | elapsed=150.8min
  [Seed 7] Epoch 184/200 | loss=0.32007 | elapsed=151.6min
  [Seed 7] Epoch 185/200 | loss=0.31996 | elapsed=152.5min
  [Seed 7] Epoch 186/200 | loss=0.31986 | elapsed=153.3min
  [Seed 7] Epoch 187/200 | loss=0.31976 | elapsed=154.2min
  [Seed 7] Epoch 188/200 | loss=0.31967 | elapsed=155.0min
  [Seed 7] Epoch 189/200 | loss=0.31960 | elapsed=155.8min
  [Seed 7] Epoch 190/200 | loss=0.31953 | elapsed=156.6min
  [Seed 7] Epoch 191/200 | loss=0.31947 | elapsed=157.4min
  [Seed 7] Epoch 192/200 | loss=0.31941 | elapsed=158.3min
  [Seed 7] Epoch 193/200 | loss=0.31938 | elapsed=159.1min
  [Seed 7] Epoch 194/200 | loss=0.31934 | elapsed=159.9min
  [Seed 7] Epoch 195/200 | loss=0.31931 | elapsed=160.7min
  [Seed 7] Epoch 196/200 | loss=0.31926 | elapsed=161.5min
  [Seed 7] Epoch 197/200 | loss=0.31926 | elapsed=162.4min
  [Seed 7] Epoch 198/200 | loss=0.31923 | elapsed=163.2min
  [Seed 7] Epoch 199/200 | loss=0.31922 | elapsed=164.0min
  [Seed 7] Epoch 200/200 | loss=0.31921 | elapsed=164.8min
  [Seed 7] Checkpoint saved: /home/qhxie/AutoResearch-SibylSystem/workspaces/lewm-generalization/current/exp/results/full/dino_wm/seed_7_epoch200.pt
  [Seed 7] Final checkpoint saved: /home/qhxie/AutoResearch-SibylSystem/workspaces/lewm-generalization/current/exp/results/full/dino_wm/seed_7_final.pt

[SEED 7] Complete: loss=0.31921 (82.9% drop), time=164.8min

[PROBE] Quick linear probe for seed 7...
  Joint angle R² - train=0.7183, holdout=-0.3758
  CoM velocity R² - train=0.6307, holdout=-0.7867

============================================================
[TRAIN] Seed 13 (3/3) - 200 epochs
============================================================
  Re-initializing model for seed 13...
  [DINOv2] Loading DINOv2-s via timm (img_size=64)...
  [DINOv2] Loaded via timm successfully
  [DINOv2] Frozen 21,536,640 params (21.5M)
  [Seed 13] Trainable params: 3,949,952 (3.95M)
  [Seed 13] Epoch   1/200 | loss=1.86318 | elapsed=0.8min
  [Seed 13] Epoch   2/200 | loss=1.56516 | elapsed=1.6min
  [Seed 13] Epoch   3/200 | loss=1.34044 | elapsed=2.5min
  [Seed 13] Epoch   4/200 | loss=1.16772 | elapsed=3.3min
  [Seed 13] Epoch   5/200 | loss=1.03764 | elapsed=4.1min
  [Seed 13] Epoch   6/200 | loss=0.94385 | elapsed=4.9min
  [Seed 13] Epoch   7/200 | loss=0.87986 | elapsed=5.8min
  [Seed 13] Epoch   8/200 | loss=0.83952 | elapsed=6.6min
  [Seed 13] Epoch   9/200 | loss=0.81621 | elapsed=7.4min
  [Seed 13] Epoch  10/200 | loss=0.80163 | elapsed=8.2min
  [Seed 13] Epoch  11/200 | loss=0.79019 | elapsed=9.1min
  [Seed 13] Epoch  12/200 | loss=0.77951 | elapsed=9.9min
  [Seed 13] Epoch  13/200 | loss=0.76820 | elapsed=10.7min
  [Seed 13] Epoch  14/200 | loss=0.75652 | elapsed=11.6min
  [Seed 13] Epoch  15/200 | loss=0.74503 | elapsed=12.4min
  [Seed 13] Epoch  16/200 | loss=0.73304 | elapsed=13.2min
  [Seed 13] Epoch  17/200 | loss=0.72142 | elapsed=14.0min
  [Seed 13] Epoch  18/200 | loss=0.70979 | elapsed=14.9min
  [Seed 13] Epoch  19/200 | loss=0.69866 | elapsed=15.7min
  [Seed 13] Epoch  20/200 | loss=0.68803 | elapsed=16.5min
  [Seed 13] Epoch  21/200 | loss=0.67745 | elapsed=17.3min
  [Seed 13] Epoch  22/200 | loss=0.66712 | elapsed=18.1min
  [Seed 13] Epoch  23/200 | loss=0.65759 | elapsed=19.0min
  [Seed 13] Epoch  24/200 | loss=0.64809 | elapsed=19.8min
  [Seed 13] Epoch  25/200 | loss=0.63928 | elapsed=20.6min
  [Seed 13] Epoch  26/200 | loss=0.63090 | elapsed=21.4min
  [Seed 13] Epoch  27/200 | loss=0.62218 | elapsed=22.3min
  [Seed 13] Epoch  28/200 | loss=0.61430 | elapsed=23.1min
  [Seed 13] Epoch  29/200 | loss=0.60648 | elapsed=23.9min
  [Seed 13] Epoch  30/200 | loss=0.59918 | elapsed=24.7min
  [Seed 13] Epoch  31/200 | loss=0.59163 | elapsed=25.6min
  [Seed 13] Epoch  32/200 | loss=0.58483 | elapsed=26.4min
  [Seed 13] Epoch  33/200 | loss=0.57818 | elapsed=27.2min
  [Seed 13] Epoch  34/200 | loss=0.57151 | elapsed=28.0min
  [Seed 13] Epoch  35/200 | loss=0.56534 | elapsed=28.9min
  [Seed 13] Epoch  36/200 | loss=0.55912 | elapsed=29.7min
  [Seed 13] Epoch  37/200 | loss=0.55323 | elapsed=30.5min
  [Seed 13] Epoch  38/200 | loss=0.54756 | elapsed=31.3min
  [Seed 13] Epoch  39/200 | loss=0.54213 | elapsed=32.1min
  [Seed 13] Epoch  40/200 | loss=0.53676 | elapsed=33.0min
  [Seed 13] Epoch  41/200 | loss=0.53166 | elapsed=33.8min
  [Seed 13] Epoch  42/200 | loss=0.52670 | elapsed=34.6min
  [Seed 13] Epoch  43/200 | loss=0.52179 | elapsed=35.5min
  [Seed 13] Epoch  44/200 | loss=0.51710 | elapsed=36.3min
  [Seed 13] Epoch  45/200 | loss=0.51242 | elapsed=37.1min
  [Seed 13] Epoch  46/200 | loss=0.50801 | elapsed=37.9min
  [Seed 13] Epoch  47/200 | loss=0.50385 | elapsed=38.8min
  [Seed 13] Epoch  48/200 | loss=0.49956 | elapsed=39.6min
  [Seed 13] Epoch  49/200 | loss=0.49571 | elapsed=40.4min
  [Seed 13] Epoch  50/200 | loss=0.49165 | elapsed=41.2min
  [Seed 13] Checkpoint saved: /home/qhxie/AutoResearch-SibylSystem/workspaces/lewm-generalization/current/exp/results/full/dino_wm/seed_13_epoch50.pt
  [Seed 13] Epoch  51/200 | loss=0.48796 | elapsed=42.1min
  [Seed 13] Epoch  52/200 | loss=0.48419 | elapsed=42.9min
  [Seed 13] Epoch  53/200 | loss=0.48064 | elapsed=43.7min
  [Seed 13] Epoch  54/200 | loss=0.47730 | elapsed=44.5min
  [Seed 13] Epoch  55/200 | loss=0.47377 | elapsed=45.4min
  [Seed 13] Epoch  56/200 | loss=0.47022 | elapsed=46.2min
  [Seed 13] Epoch  57/200 | loss=0.46712 | elapsed=47.0min
  [Seed 13] Epoch  58/200 | loss=0.46391 | elapsed=47.8min
  [Seed 13] Epoch  59/200 | loss=0.46085 | elapsed=48.7min
  [Seed 13] Epoch  60/200 | loss=0.45778 | elapsed=49.5min
  [Seed 13] Epoch  61/200 | loss=0.45485 | elapsed=50.3min
  [Seed 13] Epoch  62/200 | loss=0.45205 | elapsed=51.1min
  [Seed 13] Epoch  63/200 | loss=0.44939 | elapsed=52.0min
  [Seed 13] Epoch  64/200 | loss=0.44646 | elapsed=52.8min
  [Seed 13] Epoch  65/200 | loss=0.44381 | elapsed=53.6min
  [Seed 13] Epoch  66/200 | loss=0.44135 | elapsed=54.4min
  [Seed 13] Epoch  67/200 | loss=0.43880 | elapsed=55.2min
  [Seed 13] Epoch  68/200 | loss=0.43606 | elapsed=56.1min
  [Seed 13] Epoch  69/200 | loss=0.43363 | elapsed=57.0min
  [Seed 13] Epoch  70/200 | loss=0.43149 | elapsed=57.8min
  [Seed 13] Epoch  71/200 | loss=0.42889 | elapsed=58.6min
  [Seed 13] Epoch  72/200 | loss=0.42650 | elapsed=59.4min
  [Seed 13] Epoch  73/200 | loss=0.42457 | elapsed=60.3min
  [Seed 13] Epoch  74/200 | loss=0.42224 | elapsed=61.1min
  [Seed 13] Epoch  75/200 | loss=0.41997 | elapsed=61.9min
  [Seed 13] Epoch  76/200 | loss=0.41784 | elapsed=62.7min
  [Seed 13] Epoch  77/200 | loss=0.41577 | elapsed=63.6min
  [Seed 13] Epoch  78/200 | loss=0.41373 | elapsed=64.4min
  [Seed 13] Epoch  79/200 | loss=0.41177 | elapsed=65.2min
  [Seed 13] Epoch  80/200 | loss=0.40987 | elapsed=66.0min
  [Seed 13] Epoch  81/200 | loss=0.40786 | elapsed=66.9min
  [Seed 13] Epoch  82/200 | loss=0.40586 | elapsed=67.7min
  [Seed 13] Epoch  83/200 | loss=0.40413 | elapsed=68.5min
  [Seed 13] Epoch  84/200 | loss=0.40234 | elapsed=69.3min
  [Seed 13] Epoch  85/200 | loss=0.40045 | elapsed=70.2min
  [Seed 13] Epoch  86/200 | loss=0.39866 | elapsed=71.0min
  [Seed 13] Epoch  87/200 | loss=0.39703 | elapsed=71.8min
  [Seed 13] Epoch  88/200 | loss=0.39516 | elapsed=72.6min
  [Seed 13] Epoch  89/200 | loss=0.39378 | elapsed=73.4min
  [Seed 13] Epoch  90/200 | loss=0.39209 | elapsed=74.3min
  [Seed 13] Epoch  91/200 | loss=0.39027 | elapsed=75.1min
  [Seed 13] Epoch  92/200 | loss=0.38875 | elapsed=75.9min
  [Seed 13] Epoch  93/200 | loss=0.38702 | elapsed=76.7min
  [Seed 13] Epoch  94/200 | loss=0.38562 | elapsed=77.6min
  [Seed 13] Epoch  95/200 | loss=0.38396 | elapsed=78.4min
  [Seed 13] Epoch  96/200 | loss=0.38264 | elapsed=79.3min
  [Seed 13] Epoch  97/200 | loss=0.38126 | elapsed=80.1min
  [Seed 13] Epoch  98/200 | loss=0.37979 | elapsed=80.9min
  [Seed 13] Epoch  99/200 | loss=0.37828 | elapsed=81.8min
  [Seed 13] Epoch 100/200 | loss=0.37693 | elapsed=82.6min
  [Seed 13] Checkpoint saved: /home/qhxie/AutoResearch-SibylSystem/workspaces/lewm-generalization/current/exp/results/full/dino_wm/seed_13_epoch100.pt
  [Seed 13] Epoch 101/200 | loss=0.37554 | elapsed=83.4min
  [Seed 13] Epoch 102/200 | loss=0.37422 | elapsed=84.2min
  [Seed 13] Epoch 103/200 | loss=0.37282 | elapsed=85.1min
  [Seed 13] Epoch 104/200 | loss=0.37151 | elapsed=85.9min
  [Seed 13] Epoch 105/200 | loss=0.37029 | elapsed=86.7min
  [Seed 13] Epoch 106/200 | loss=0.36897 | elapsed=87.5min
  [Seed 13] Epoch 107/200 | loss=0.36776 | elapsed=88.4min
  [Seed 13] Epoch 108/200 | loss=0.36650 | elapsed=89.2min
  [Seed 13] Epoch 109/200 | loss=0.36539 | elapsed=90.0min
  [Seed 13] Epoch 110/200 | loss=0.36420 | elapsed=90.8min
  [Seed 13] Epoch 111/200 | loss=0.36296 | elapsed=91.7min
  [Seed 13] Epoch 112/200 | loss=0.36181 | elapsed=92.5min
  [Seed 13] Epoch 113/200 | loss=0.36076 | elapsed=93.3min
  [Seed 13] Epoch 114/200 | loss=0.35959 | elapsed=94.1min
  [Seed 13] Epoch 115/200 | loss=0.35849 | elapsed=94.9min
  [Seed 13] Epoch 116/200 | loss=0.35746 | elapsed=95.8min
  [Seed 13] Epoch 117/200 | loss=0.35634 | elapsed=96.6min
  [Seed 13] Epoch 118/200 | loss=0.35532 | elapsed=97.4min
  [Seed 13] Epoch 119/200 | loss=0.35430 | elapsed=98.2min
  [Seed 13] Epoch 120/200 | loss=0.35325 | elapsed=99.1min
  [Seed 13] Epoch 121/200 | loss=0.35223 | elapsed=99.9min
  [Seed 13] Epoch 122/200 | loss=0.35129 | elapsed=100.7min
  [Seed 13] Epoch 123/200 | loss=0.35047 | elapsed=101.5min
  [Seed 13] Epoch 124/200 | loss=0.34933 | elapsed=102.4min
  [Seed 13] Epoch 125/200 | loss=0.34846 | elapsed=103.2min
  [Seed 13] Epoch 126/200 | loss=0.34760 | elapsed=104.1min
  [Seed 13] Epoch 127/200 | loss=0.34664 | elapsed=104.9min
  [Seed 13] Epoch 128/200 | loss=0.34576 | elapsed=105.7min
  [Seed 13] Epoch 129/200 | loss=0.34492 | elapsed=106.5min
  [Seed 13] Epoch 130/200 | loss=0.34412 | elapsed=107.4min
  [Seed 13] Epoch 131/200 | loss=0.34325 | elapsed=108.2min
  [Seed 13] Epoch 132/200 | loss=0.34242 | elapsed=109.0min
  [Seed 13] Epoch 133/200 | loss=0.34164 | elapsed=109.8min
  [Seed 13] Epoch 134/200 | loss=0.34077 | elapsed=110.7min
  [Seed 13] Epoch 135/200 | loss=0.34002 | elapsed=111.5min
  [Seed 13] Epoch 136/200 | loss=0.33929 | elapsed=112.3min
  [Seed 13] Epoch 137/200 | loss=0.33859 | elapsed=113.1min
  [Seed 13] Epoch 138/200 | loss=0.33779 | elapsed=113.9min
  [Seed 13] Epoch 139/200 | loss=0.33709 | elapsed=114.8min
  [Seed 13] Epoch 140/200 | loss=0.33640 | elapsed=115.6min
  [Seed 13] Epoch 141/200 | loss=0.33573 | elapsed=116.4min
  [Seed 13] Epoch 142/200 | loss=0.33504 | elapsed=117.2min
  [Seed 13] Epoch 143/200 | loss=0.33440 | elapsed=118.1min
  [Seed 13] Epoch 144/200 | loss=0.33374 | elapsed=118.9min
  [Seed 13] Epoch 145/200 | loss=0.33316 | elapsed=119.7min
  [Seed 13] Epoch 146/200 | loss=0.33254 | elapsed=120.5min
  [Seed 13] Epoch 147/200 | loss=0.33194 | elapsed=121.4min
  [Seed 13] Epoch 148/200 | loss=0.33136 | elapsed=122.2min
  [Seed 13] Epoch 149/200 | loss=0.33077 | elapsed=123.0min
  [Seed 13] Epoch 150/200 | loss=0.33024 | elapsed=123.8min
  [Seed 13] Checkpoint saved: /home/qhxie/AutoResearch-SibylSystem/workspaces/lewm-generalization/current/exp/results/full/dino_wm/seed_13_epoch150.pt
  [Seed 13] Epoch 151/200 | loss=0.32971 | elapsed=124.7min
  [Seed 13] Epoch 152/200 | loss=0.32919 | elapsed=125.6min
  [Seed 13] Epoch 153/200 | loss=0.32867 | elapsed=126.4min
  [Seed 13] Epoch 154/200 | loss=0.32818 | elapsed=127.2min
  [Seed 13] Epoch 155/200 | loss=0.32768 | elapsed=128.0min
  [Seed 13] Epoch 156/200 | loss=0.32721 | elapsed=128.9min
  [Seed 13] Epoch 157/200 | loss=0.32677 | elapsed=129.7min
  [Seed 13] Epoch 158/200 | loss=0.32634 | elapsed=130.5min
  [Seed 13] Epoch 159/200 | loss=0.32591 | elapsed=131.3min
  [Seed 13] Epoch 160/200 | loss=0.32551 | elapsed=132.2min
  [Seed 13] Epoch 161/200 | loss=0.32512 | elapsed=133.0min
  [Seed 13] Epoch 162/200 | loss=0.32470 | elapsed=133.8min
  [Seed 13] Epoch 163/200 | loss=0.32435 | elapsed=134.6min
  [Seed 13] Epoch 164/200 | loss=0.32401 | elapsed=135.4min
  [Seed 13] Epoch 165/200 | loss=0.32367 | elapsed=136.3min
  [Seed 13] Epoch 166/200 | loss=0.32333 | elapsed=137.1min
  [Seed 13] Epoch 167/200 | loss=0.32301 | elapsed=137.9min
  [Seed 13] Epoch 168/200 | loss=0.32271 | elapsed=138.7min
  [Seed 13] Epoch 169/200 | loss=0.32242 | elapsed=139.6min
  [Seed 13] Epoch 170/200 | loss=0.32215 | elapsed=140.4min
  [Seed 13] Epoch 171/200 | loss=0.32189 | elapsed=141.2min
  [Seed 13] Epoch 172/200 | loss=0.32162 | elapsed=142.0min
  [Seed 13] Epoch 173/200 | loss=0.32140 | elapsed=142.8min
  [Seed 13] Epoch 174/200 | loss=0.32115 | elapsed=143.7min
  [Seed 13] Epoch 175/200 | loss=0.32097 | elapsed=144.5min
  [Seed 13] Epoch 176/200 | loss=0.32074 | elapsed=145.3min
  [Seed 13] Epoch 177/200 | loss=0.32054 | elapsed=146.1min
  [Seed 13] Epoch 178/200 | loss=0.32036 | elapsed=147.0min
  [Seed 13] Epoch 179/200 | loss=0.32020 | elapsed=147.8min
  [Seed 13] Epoch 180/200 | loss=0.32004 | elapsed=148.7min
  [Seed 13] Epoch 181/200 | loss=0.31989 | elapsed=149.5min
  [Seed 13] Epoch 182/200 | loss=0.31975 | elapsed=150.3min
  [Seed 13] Epoch 183/200 | loss=0.31963 | elapsed=151.1min
  [Seed 13] Epoch 184/200 | loss=0.31950 | elapsed=152.0min
  [Seed 13] Epoch 185/200 | loss=0.31940 | elapsed=152.8min
  [Seed 13] Epoch 186/200 | loss=0.31929 | elapsed=153.7min
  [Seed 13] Epoch 187/200 | loss=0.31920 | elapsed=154.5min
  [Seed 13] Epoch 188/200 | loss=0.31913 | elapsed=155.4min
  [Seed 13] Epoch 189/200 | loss=0.31904 | elapsed=156.2min
  [Seed 13] Epoch 190/200 | loss=0.31897 | elapsed=157.0min
  [Seed 13] Epoch 191/200 | loss=0.31891 | elapsed=157.9min
  [Seed 13] Epoch 192/200 | loss=0.31887 | elapsed=158.7min
  [Seed 13] Epoch 193/200 | loss=0.31882 | elapsed=159.6min
  [Seed 13] Epoch 194/200 | loss=0.31877 | elapsed=160.4min
  [Seed 13] Epoch 195/200 | loss=0.31875 | elapsed=161.2min
  [Seed 13] Epoch 196/200 | loss=0.31871 | elapsed=162.1min
  [Seed 13] Epoch 197/200 | loss=0.31868 | elapsed=162.9min
  [Seed 13] Epoch 198/200 | loss=0.31866 | elapsed=163.8min
  [Seed 13] Epoch 199/200 | loss=0.31867 | elapsed=164.6min
  [Seed 13] Epoch 200/200 | loss=0.31865 | elapsed=165.5min
  [Seed 13] Checkpoint saved: /home/qhxie/AutoResearch-SibylSystem/workspaces/lewm-generalization/current/exp/results/full/dino_wm/seed_13_epoch200.pt
  [Seed 13] Final checkpoint saved: /home/qhxie/AutoResearch-SibylSystem/workspaces/lewm-generalization/current/exp/results/full/dino_wm/seed_13_final.pt

[SEED 13] Complete: loss=0.31865 (82.9% drop), time=165.5min

[PROBE] Quick linear probe for seed 13...
  Joint angle R² - train=0.7183, holdout=-0.3758
  CoM velocity R² - train=0.6307, holdout=-0.7867

[SAVE] Results saved to /home/qhxie/AutoResearch-SibylSystem/workspaces/lewm-generalization/current/exp/results/full/dino_wm/full_results.json
[DONE] Written DONE marker: status=success

============================================================
FULL TRAINING COMPLETE: SUCCESS
Seeds: 3/3 successful
Final loss: 0.31893 ± 0.00022
Loss drop: 82.9%
Total time: 479.9 min
Checkpoints: /home/qhxie/AutoResearch-SibylSystem/workspaces/lewm-generalization/current/exp/results/full/dino_wm
============================================================

/home/qhxie/miniforge3/envs/sibyl_lewm-generalization/lib/python3.10/site-packages/sklearn/linear_model/_ridge.py:213: LinAlgWarning: Ill-conditioned matrix (rcond=5.46301e-10): result may not be accurate.
  return linalg.solve(A, Xy, assume_a="pos", overwrite_a=True).T
/home/qhxie/miniforge3/envs/sibyl_lewm-generalization/lib/python3.10/site-packages/sklearn/linear_model/_ridge.py:213: LinAlgWarning: Ill-conditioned matrix (rcond=5.46301e-10): result may not be accurate.
  return linalg.solve(A, Xy, assume_a="pos", overwrite_a=True).T
/home/qhxie/miniforge3/envs/sibyl_lewm-generalization/lib/python3.10/site-packages/sklearn/linear_model/_ridge.py:213: LinAlgWarning: Ill-conditioned matrix (rcond=5.46301e-10): result may not be accurate.
  return linalg.solve(A, Xy, assume_a="pos", overwrite_a=True).T
/home/qhxie/miniforge3/envs/sibyl_lewm-generalization/lib/python3.10/site-packages/sklearn/linear_model/_ridge.py:213: LinAlgWarning: Ill-conditioned matrix (rcond=5.46301e-10): result may not be accurate.
  return linalg.solve(A, Xy, assume_a="pos", overwrite_a=True).T
/home/qhxie/miniforge3/envs/sibyl_lewm-generalization/lib/python3.10/site-packages/sklearn/linear_model/_ridge.py:213: LinAlgWarning: Ill-conditioned matrix (rcond=5.46301e-10): result may not be accurate.
  return linalg.solve(A, Xy, assume_a="pos", overwrite_a=True).T
/home/qhxie/miniforge3/envs/sibyl_lewm-generalization/lib/python3.10/site-packages/sklearn/linear_model/_ridge.py:213: LinAlgWarning: Ill-conditioned matrix (rcond=5.46301e-10): result may not be accurate.
  return linalg.solve(A, Xy, assume_a="pos", overwrite_a=True).T


