`torch_dtype` is deprecated! Use `dtype` instead!
/home/qhxie/AutoResearch-SibylSystem/workspaces/ablation-mem-positive/.venv/lib/python3.12/site-packages/sae_lens/saes/sae.py:251: UserWarning: 
This SAE has non-empty model_from_pretrained_kwargs. 
For optimal performance, load the model like so:
model = HookedSAETransformer.from_pretrained_no_processing(..., **cfg.model_from_pretrained_kwargs)
  warnings.warn(
/home/qhxie/AutoResearch-SibylSystem/workspaces/ablation-mem-positive/exp/code/run_full_steering_cv.py:41: DeprecationWarning: Unpacking SAE objects is deprecated. SAE.from_pretrained() now returns only the SAE object. Use SAE.from_pretrained_with_cfg_and_sparsity() to get the config dict and sparsity as well.
  sae, cfg_dict, sparsity = SAE.from_pretrained(
============================================================
FULL STEERING CV EXPERIMENT
============================================================
Loading model and SAE...
Loaded pretrained model gpt2-small into HookedTransformer
Loading CV classification from pilot...
Testing 30 high-CV and 30 low-CV features

Running steering at strength +3...
  Collected 300 measurements

Running steering at strength +5...
  Collected 300 measurements

Running steering at strength +7...
  Collected 300 measurements

Computing statistics...

============================================================
RESULTS BY STEERING STRENGTH
============================================================

Strength +3:
  High-CV mean abs effect: 0.3079 (n=150)
  Low-CV mean abs effect:  0.2103 (n=150)
  Difference: 0.0976
  t-statistic: 9.9584, p (one-sided): 0.000000
  Significant at 0.05: True, at 0.01: True

Strength +5:
  High-CV mean abs effect: 0.5222 (n=150)
  Low-CV mean abs effect:  0.3551 (n=150)
  Difference: 0.1671
  t-statistic: 9.7281, p (one-sided): 0.000000
  Significant at 0.05: True, at 0.01: True

Strength +7:
  High-CV mean abs effect: 0.7453 (n=150)
  Low-CV mean abs effect:  0.5040 (n=150)
  Difference: 0.2413
  t-statistic: 9.4878, p (one-sided): 0.000000
  Significant at 0.05: True, at 0.01: True
Traceback (most recent call last):
  File "/home/qhxie/AutoResearch-SibylSystem/workspaces/ablation-mem-positive/exp/code/run_full_steering_cv.py", line 384, in <module>
    main()
  File "/home/qhxie/AutoResearch-SibylSystem/workspaces/ablation-mem-positive/exp/code/run_full_steering_cv.py", line 360, in main
    json.dump(output, f, indent=2)
  File "/home/qhxie/miniforge3/lib/python3.12/json/__init__.py", line 179, in dump
    for chunk in iterable:
                 ^^^^^^^^
  File "/home/qhxie/miniforge3/lib/python3.12/json/encoder.py", line 432, in _iterencode
    yield from _iterencode_dict(o, _current_indent_level)
  File "/home/qhxie/miniforge3/lib/python3.12/json/encoder.py", line 406, in _iterencode_dict
    yield from chunks
  File "/home/qhxie/miniforge3/lib/python3.12/json/encoder.py", line 406, in _iterencode_dict
    yield from chunks
  File "/home/qhxie/miniforge3/lib/python3.12/json/encoder.py", line 406, in _iterencode_dict
    yield from chunks
  File "/home/qhxie/miniforge3/lib/python3.12/json/encoder.py", line 439, in _iterencode
    o = _default(o)
        ^^^^^^^^^^^
  File "/home/qhxie/miniforge3/lib/python3.12/json/encoder.py", line 180, in default
    raise TypeError(f'Object of type {o.__class__.__name__} '
TypeError: Object of type bool_ is not JSON serializable
