============================================================
Training resnet20 on cifar10 [SGD]
WD method: cwd_hard, base WD: 0.005
Epochs: 200, LR: 0.01, Batch: 128
Seed: 123, Device: cuda:4
Output: /home/ccwang/sibyl-research-system/workspaces/dynamic-wd/current/exp/results/full/matched_rho_sgd/cifar10/resnet20/cwd_hard/seed_123
============================================================
  E  0/200: loss=1.5342 tr_acc=43.01% te_acc=55.23% wn=32.53 CSI=0.0000 AIS=0.4136 BEM=0.4000
  E 10/200: loss=0.4896 tr_acc=83.19% te_acc=75.18% wn=33.20 CSI=0.5041 AIS=0.4382 BEM=0.4727
  E 20/200: loss=0.3523 tr_acc=87.84% te_acc=84.02% wn=33.34 CSI=0.4327 AIS=0.3619 BEM=0.5095
  E 30/200: loss=0.2763 tr_acc=90.27% te_acc=86.24% wn=33.42 CSI=0.5743 AIS=0.4337 BEM=0.5129
  E 40/200: loss=0.2343 tr_acc=91.73% te_acc=86.05% wn=33.47 CSI=0.6184 AIS=0.3535 BEM=0.5073
  E 50/200: loss=0.1964 tr_acc=93.04% te_acc=87.18% wn=33.45 CSI=1.1741 AIS=0.3405 BEM=0.4882
  E 60/200: loss=0.1671 tr_acc=94.09% te_acc=87.38% wn=33.40 CSI=0.7459 AIS=0.3501 BEM=0.4803
  E 70/200: loss=0.1424 tr_acc=94.99% te_acc=87.71% wn=33.28 CSI=0.3102 AIS=0.4387 BEM=0.4845
  E 80/200: loss=0.1204 tr_acc=95.73% te_acc=88.23% wn=33.10 CSI=0.1569 AIS=0.3775 BEM=0.4840
  E 90/200: loss=0.1007 tr_acc=96.47% te_acc=88.96% wn=32.83 CSI=0.0976 AIS=0.3582 BEM=0.4846
  E100/200: loss=0.0846 tr_acc=96.99% te_acc=88.72% wn=32.51 CSI=0.0756 AIS=0.3952 BEM=0.4881
  E110/200: loss=0.0684 tr_acc=97.64% te_acc=89.09% wn=32.14 CSI=0.0545 AIS=0.3106 BEM=0.4820
  E120/200: loss=0.0538 tr_acc=98.15% te_acc=89.49% wn=31.74 CSI=0.0331 AIS=0.3813 BEM=0.4868
  E130/200: loss=0.0436 tr_acc=98.59% te_acc=89.46% wn=31.33 CSI=0.0240 AIS=0.3368 BEM=0.4832
  E140/200: loss=0.0319 tr_acc=99.05% te_acc=89.77% wn=30.95 CSI=0.0404 AIS=0.2973 BEM=0.4887
  E150/200: loss=0.0244 tr_acc=99.32% te_acc=90.06% wn=30.64 CSI=0.0721 AIS=0.3839 BEM=0.4927
  E160/200: loss=0.0183 tr_acc=99.52% te_acc=90.20% wn=30.40 CSI=0.1041 AIS=0.2987 BEM=0.4925
  E170/200: loss=0.0152 tr_acc=99.64% te_acc=90.41% wn=30.26 CSI=0.1520 AIS=0.3426 BEM=0.4924
  E180/200: loss=0.0136 tr_acc=99.68% te_acc=90.38% wn=30.18 CSI=0.2168 AIS=0.2977 BEM=0.4956
  E190/200: loss=0.0127 tr_acc=99.72% te_acc=90.45% wn=30.15 CSI=0.3962 AIS=0.4157 BEM=0.4984
  E199/200: loss=0.0126 tr_acc=99.75% te_acc=90.43% wn=30.14 CSI=0.8232 AIS=0.3088 BEM=0.5030

Done! Best: 90.53%, Time: 6385.2s
