2026-04-16 05:43:04,666 [INFO] === Phase 1.4: Architecture Comparison (MODE=FULL, device=cuda:0) ===
2026-04-16 05:43:04,666 [INFO] Primary layer: 12 (all architectures)
2026-04-16 05:43:04,666 [INFO] Secondary layer: 24 (JumpReLU + Matryoshka only)
2026-04-16 05:43:06,416 [INFO] Loading Gemma 2 2B on cuda:0...
`torch_dtype` is deprecated! Use `dtype` instead!
2026-04-16 05:43:07,045 [WARNING] You tried to specify center_unembed=True for a model using logit softcap, but this can't be done! Softcapping is not invariant upon adding a constant Setting center_unembed=False instead.
2026-04-16 05:43:09,360 [WARNING] With reduced precision, it is advised to use `from_pretrained_no_processing` instead of `from_pretrained`.
2026-04-16 05:43:11,577 [WARNING] You are not using LayerNorm, so the writing weights can't be centered! Skipping
2026-04-16 05:43:15,558 [INFO] Model loaded: 26 layers, d_model=2304
2026-04-16 05:43:15,954 [INFO] Preparing word list and city data...
2026-04-16 05:43:17,138 [INFO] Common words from vocab: 5862
2026-04-16 05:43:17,140 [INFO] Word list: 879 words, 25/26 letters
2026-04-16 05:43:19,638 [INFO] RAVEL loaded: 2041 entries, columns: ['ID', 'City', 'Continent', 'Country', 'Language', 'Latitude', 'Longitude', 'Timezone', 'URL']
2026-04-16 05:43:19,665 [INFO] RAVEL cities: 1000
2026-04-16 05:43:19,665 [INFO] 
============================================================
2026-04-16 05:43:19,665 [INFO] PHASE A: Layer 12 comparison (4 architectures)
2026-04-16 05:43:19,665 [INFO] ============================================================
2026-04-16 05:43:36,091 [INFO] First-letter probe training data (L12): (879, 2304), 25 classes
2026-04-16 05:43:36,488 [INFO]   C=0.01: F1=0.8668
2026-04-16 05:43:36,873 [INFO]   C=0.1: F1=0.8982
2026-04-16 05:43:37,388 [INFO] First-letter probe at L12: F1=0.8982, gate=below
2026-04-16 05:43:37,389 [INFO] Loading city-continent probe (L12): /home/qhxie/AutoResearch-SibylSystem/workspaces/sae-absorption/current/exp/results/phase1/probe_city-continent_L12.npz
2026-04-16 05:43:37,390 [INFO]   city-continent L12: loaded from probe_city-continent_L12.npz
2026-04-16 05:43:37,390 [INFO] Loading city-language probe (L12): /home/qhxie/AutoResearch-SibylSystem/workspaces/sae-absorption/current/exp/results/phase1/probe_city-language_L12.npz
2026-04-16 05:43:37,391 [INFO] Loading city-country probe (L12): /home/qhxie/AutoResearch-SibylSystem/workspaces/sae-absorption/current/exp/results/phase1/probe_city-country_L12.npz
2026-04-16 05:43:37,393 [INFO] 
--- JumpReLU_16k_L12 (JumpReLU) ---
2026-04-16 05:43:37,827 [INFO] Loading SAE: gemma-scope-2b-pt-res-canonical / layer_12/width_16k/canonical on cuda:0
2026-04-16 05:43:40,108 [INFO]   d_sae=16384, d_in=2304
2026-04-16 05:43:40,108 [INFO]   Measuring first-letter absorption at L12...
2026-04-16 05:43:58,160 [INFO]   L0 estimate: 86.5
2026-04-16 05:43:58,271 [INFO]   first-letter: rate=0.0220 strict=0.0139 FN=19/863 L0=86.47
2026-04-16 05:43:58,274 [INFO]   Measuring city-continent at L12...
2026-04-16 05:44:17,498 [INFO]   L0 estimate: 75.9
2026-04-16 05:44:17,580 [INFO]   city-continent: rate=0.1872 FN=41/219 L0=75.94
2026-04-16 05:44:17,581 [INFO]   Measuring city-language at L12...
2026-04-16 05:44:33,051 [INFO]   L0 estimate: 81.7
2026-04-16 05:44:33,129 [INFO]   city-language: rate=0.1791 FN=12/67 L0=81.67
2026-04-16 05:44:33,129 [INFO]   Measuring city-country at L12...
2026-04-16 05:44:53,599 [INFO]   L0 estimate: 76.6
2026-04-16 05:44:53,673 [INFO]   city-country: rate=0.1707 FN=7/41 L0=76.62
2026-04-16 05:44:53,883 [INFO] 
--- JumpReLU_65k_L12 (JumpReLU) ---
2026-04-16 05:44:53,883 [INFO] Loading SAE: gemma-scope-2b-pt-res-canonical / layer_12/width_65k/canonical on cuda:0
2026-04-16 05:44:54,973 [INFO]   d_sae=65536, d_in=2304
2026-04-16 05:44:54,973 [INFO]   Measuring first-letter absorption at L12...
2026-04-16 05:45:15,999 [INFO]   L0 estimate: 69.8
2026-04-16 05:45:16,114 [INFO]   first-letter: rate=0.0129 strict=0.0117 FN=11/856 L0=69.78
2026-04-16 05:45:16,116 [INFO]   Measuring city-continent at L12...
2026-04-16 05:45:36,493 [INFO]   L0 estimate: 70.7
2026-04-16 05:45:36,574 [INFO]   city-continent: rate=0.1461 FN=32/219 L0=70.66
2026-04-16 05:45:36,575 [INFO]   Measuring city-language at L12...
2026-04-16 05:45:55,035 [INFO]   L0 estimate: 75.4
2026-04-16 05:45:55,114 [INFO]   city-language: rate=0.1642 FN=11/67 L0=75.39
2026-04-16 05:45:55,115 [INFO]   Measuring city-country at L12...
2026-04-16 05:46:24,151 [INFO]   L0 estimate: 71.9
2026-04-16 05:46:24,224 [INFO]   city-country: rate=0.2683 FN=11/41 L0=71.94
2026-04-16 05:46:24,438 [INFO] 
--- BatchTopK_16k_L12 (BatchTopK) ---
2026-04-16 05:46:24,438 [INFO] Loading SAE: sae_bench_gemma-2-2b_topk_width-2pow14_date-1109 / blocks.12.hook_resid_post__trainer_0 on cuda:0
2026-04-16 05:46:25,008 [INFO]   d_sae=16384, d_in=2304
2026-04-16 05:46:25,008 [INFO]   Measuring first-letter absorption at L12...
2026-04-16 05:46:42,804 [INFO]   L0 estimate: 20.0
2026-04-16 05:46:42,917 [INFO]   first-letter: rate=0.0653 strict=0.0594 FN=56/858 L0=20.0
2026-04-16 05:46:42,920 [INFO]   Measuring city-continent at L12...
2026-04-16 05:47:01,937 [INFO]   L0 estimate: 20.0
2026-04-16 05:47:02,019 [INFO]   city-continent: rate=0.1644 FN=36/219 L0=20.0
2026-04-16 05:47:02,020 [INFO]   Measuring city-language at L12...
2026-04-16 05:47:17,503 [INFO]   L0 estimate: 20.0
2026-04-16 05:47:17,581 [INFO]   city-language: rate=0.1791 FN=12/67 L0=20.0
2026-04-16 05:47:17,582 [INFO]   Measuring city-country at L12...
2026-04-16 05:47:38,151 [INFO]   L0 estimate: 20.0
2026-04-16 05:47:38,224 [INFO]   city-country: rate=0.4390 FN=18/41 L0=20.0
2026-04-16 05:47:38,433 [INFO] 
--- Matryoshka_L12 (Matryoshka) ---
2026-04-16 05:47:38,433 [INFO] Loading SAE: gemma-2-2b-res-matryoshka-dc / blocks.12.hook_resid_post on cuda:0
/home/qhxie/miniforge3/envs/sibyl_sae-absorption/lib/python3.11/site-packages/sae_lens/saes/sae.py:251: UserWarning: 
This SAE has non-empty model_from_pretrained_kwargs. 
For optimal performance, load the model like so:
model = HookedSAETransformer.from_pretrained_no_processing(..., **cfg.model_from_pretrained_kwargs)
  warnings.warn(
2026-04-16 05:47:39,261 [INFO]   d_sae=32768, d_in=2304
2026-04-16 05:47:39,261 [INFO]   Measuring first-letter absorption at L12...
2026-04-16 05:47:58,271 [INFO]   L0 estimate: 93.5
2026-04-16 05:47:58,386 [INFO]   first-letter: rate=0.0209 strict=0.0093 FN=18/862 L0=93.53
2026-04-16 05:47:58,389 [INFO]   Measuring city-continent at L12...
2026-04-16 05:48:17,720 [INFO]   L0 estimate: 97.5
2026-04-16 05:48:17,801 [INFO]   city-continent: rate=0.1461 FN=32/219 L0=97.5
2026-04-16 05:48:17,802 [INFO]   Measuring city-language at L12...
2026-04-16 05:48:35,129 [INFO]   L0 estimate: 108.1
2026-04-16 05:48:35,208 [INFO]   city-language: rate=0.1194 FN=8/67 L0=108.13
2026-04-16 05:48:35,209 [INFO]   Measuring city-country at L12...
2026-04-16 05:48:58,045 [INFO]   L0 estimate: 99.7
2026-04-16 05:48:58,119 [INFO]   city-country: rate=0.4634 FN=19/41 L0=99.71
2026-04-16 05:48:58,323 [INFO] 
============================================================
2026-04-16 05:48:58,323 [INFO] PHASE B: Layer 24 comparison (JumpReLU + Matryoshka)
2026-04-16 05:48:58,323 [INFO] ============================================================
2026-04-16 05:49:14,557 [INFO] First-letter probe training data (L24): (879, 2304), 25 classes
2026-04-16 05:49:15,306 [INFO]   C=0.01: F1=0.6391
2026-04-16 05:49:15,911 [INFO]   C=0.1: F1=0.6510
2026-04-16 05:49:16,744 [INFO] First-letter probe at L24: F1=0.6510, gate=low
2026-04-16 05:49:16,745 [INFO] Loading city-continent probe (L24): /home/qhxie/AutoResearch-SibylSystem/workspaces/sae-absorption/current/exp/results/phase1/probe_city-continent_L24.npz
2026-04-16 05:49:16,745 [INFO] Loading city-language probe (L24): /home/qhxie/AutoResearch-SibylSystem/workspaces/sae-absorption/current/exp/results/phase1/probe_city-language_L24.npz
2026-04-16 05:49:16,746 [INFO] Loading city-country probe (L24): /home/qhxie/AutoResearch-SibylSystem/workspaces/sae-absorption/current/exp/results/phase1/probe_city-country_L24.npz
2026-04-16 05:49:16,747 [INFO] 
--- JumpReLU_16k_L24 (JumpReLU) ---
2026-04-16 05:49:16,747 [INFO] Loading SAE: gemma-scope-2b-pt-res-canonical / layer_24/width_16k/canonical on cuda:0
2026-04-16 05:49:17,213 [INFO]   d_sae=16384, d_in=2304
2026-04-16 05:49:17,213 [INFO]   Measuring first-letter absorption at L24...
2026-04-16 05:49:35,370 [INFO]   L0 estimate: 61.8
2026-04-16 05:49:35,490 [INFO]   first-letter: rate=0.1110 strict=0.0789 FN=90/811 L0=61.79
2026-04-16 05:49:35,492 [INFO]   Measuring city-continent at L24...
2026-04-16 05:49:54,424 [INFO]   L0 estimate: 61.1
2026-04-16 05:49:54,506 [INFO]   city-continent: rate=0.0829 FN=18/217 L0=61.1
2026-04-16 05:49:54,507 [INFO]   Measuring city-language at L24...
2026-04-16 05:50:10,059 [INFO]   L0 estimate: 68.4
2026-04-16 05:50:10,166 [INFO]   city-language: rate=0.1070 FN=29/271 L0=68.43
2026-04-16 05:50:10,167 [INFO]   Measuring city-country at L24...
2026-04-16 05:50:30,933 [INFO]   L0 estimate: 61.0
2026-04-16 05:50:31,017 [INFO]   city-country: rate=0.4478 FN=30/67 L0=60.95
2026-04-16 05:50:31,252 [INFO] 
--- JumpReLU_65k_L24 (JumpReLU) ---
2026-04-16 05:50:31,253 [INFO] Loading SAE: gemma-scope-2b-pt-res-canonical / layer_24/width_65k/canonical on cuda:0
2026-04-16 05:50:32,397 [INFO]   d_sae=65536, d_in=2304
2026-04-16 05:50:32,397 [INFO]   Measuring first-letter absorption at L24...
2026-04-16 05:50:53,602 [INFO]   L0 estimate: 105.6
2026-04-16 05:50:53,720 [INFO]   first-letter: rate=0.0468 strict=0.0382 FN=38/812 L0=105.61
2026-04-16 05:50:53,722 [INFO]   Measuring city-continent at L24...
2026-04-16 05:51:13,919 [INFO]   L0 estimate: 101.3
2026-04-16 05:51:14,001 [INFO]   city-continent: rate=0.0415 FN=9/217 L0=101.32
2026-04-16 05:51:14,002 [INFO]   Measuring city-language at L24...
2026-04-16 05:51:32,229 [INFO]   L0 estimate: 116.8
2026-04-16 05:51:32,334 [INFO]   city-language: rate=0.0332 FN=9/271 L0=116.76
2026-04-16 05:51:32,335 [INFO]   Measuring city-country at L24...
2026-04-16 05:52:03,064 [INFO]   L0 estimate: 96.6
2026-04-16 05:52:03,142 [INFO]   city-country: rate=0.4328 FN=29/67 L0=96.62
2026-04-16 05:52:03,362 [INFO] 
--- Matryoshka_L24 (Matryoshka) ---
2026-04-16 05:52:03,363 [INFO] Loading SAE: gemma-2-2b-res-matryoshka-dc / blocks.24.hook_resid_post on cuda:0
/home/qhxie/miniforge3/envs/sibyl_sae-absorption/lib/python3.11/site-packages/sae_lens/saes/sae.py:251: UserWarning: 
This SAE has non-empty model_from_pretrained_kwargs. 
For optimal performance, load the model like so:
model = HookedSAETransformer.from_pretrained_no_processing(..., **cfg.model_from_pretrained_kwargs)
  warnings.warn(
2026-04-16 05:52:04,128 [INFO]   d_sae=32768, d_in=2304
2026-04-16 05:52:04,128 [INFO]   Measuring first-letter absorption at L24...
2026-04-16 05:52:23,349 [INFO]   L0 estimate: 81.2
2026-04-16 05:52:23,470 [INFO]   first-letter: rate=0.1406 strict=0.0937 FN=114/811 L0=81.17
2026-04-16 05:52:23,473 [INFO]   Measuring city-continent at L24...
2026-04-16 05:52:42,821 [INFO]   L0 estimate: 72.8
2026-04-16 05:52:42,902 [INFO]   city-continent: rate=0.2166 FN=47/217 L0=72.84
2026-04-16 05:52:42,903 [INFO]   Measuring city-language at L24...
2026-04-16 05:52:59,488 [INFO]   L0 estimate: 73.7
2026-04-16 05:52:59,592 [INFO]   city-language: rate=0.0443 FN=12/271 L0=73.74
2026-04-16 05:52:59,593 [INFO]   Measuring city-country at L24...
2026-04-16 05:53:23,316 [INFO]   L0 estimate: 69.9
2026-04-16 05:53:23,394 [INFO]   city-country: rate=0.4179 FN=28/67 L0=69.91
2026-04-16 05:53:23,609 [INFO] 
============================================================
2026-04-16 05:53:23,609 [INFO] Computing architecture comparisons...
2026-04-16 05:53:23,609 [INFO] ============================================================
2026-04-16 05:53:23,612 [INFO] ANOVA L12: {
  "architecture_effect": {
    "H_stat": 0.5641592920353983,
    "p_value": 0.7542136120301601,
    "significant_005": false,
    "test": "Kruskal-Wallis",
    "groups": {
      "JumpReLU": 8,
      "BatchTopK": 4,
      "Matryoshka": 4
    }
  },
  "hierarchy_effect": {
    "H_stat": 11.305309734513276,
    "p_value": 0.010184479567840847,
    "significant_005": true,
    "test": "Kruskal-Wallis",
    "groups": {
      "first-letter": 4,
      "city-continent": 4,
      "city-language": 4,
      "city-country": 4
    }
  },
  "note": "Kruskal-Wallis non-parametric test (small cell sizes in pilot)"
}
2026-04-16 05:53:23,612 [INFO] ANOVA L24: {
  "architecture_effect": {
    "H_stat": 0.461538461538467,
    "p_value": 0.4969058475647652,
    "significant_005": false,
    "test": "Kruskal-Wallis",
    "groups": {
      "JumpReLU": 8,
      "Matryoshka": 4
    }
  },
  "hierarchy_effect": {
    "H_stat": 7.307692307692314,
    "p_value": 0.06271109075898111,
    "significant_005": false,
    "test": "Kruskal-Wallis",
    "groups": {
      "first-letter": 3,
      "city-continent": 3,
      "city-language": 3,
      "city-country": 3
    }
  },
  "note": "Kruskal-Wallis non-parametric test (small cell sizes in pilot)"
}
2026-04-16 05:53:23,615 [INFO] Results saved: /home/qhxie/AutoResearch-SibylSystem/workspaces/sae-absorption/current/exp/results/phase1/architecture_comparison.json
2026-04-16 05:53:23,618 [INFO] Pilot copy saved: /home/qhxie/AutoResearch-SibylSystem/workspaces/sae-absorption/current/exp/results/pilots/phase1_architecture_comparison.json
2026-04-16 05:53:23,618 [INFO] 
============================================================
2026-04-16 05:53:23,618 [INFO] ARCHITECTURE COMPARISON SUMMARY
2026-04-16 05:53:23,618 [INFO] ============================================================
2026-04-16 05:53:23,618 [INFO] 
--- Layer 12 (PRIMARY: all architectures) ---
2026-04-16 05:53:23,618 [INFO]   first-letter    | JumpReLU_16k_L12          | rate=0.0220 L0=86 FN=19/863
2026-04-16 05:53:23,618 [INFO]   first-letter    | JumpReLU_65k_L12          | rate=0.0129 L0=70 FN=11/856
2026-04-16 05:53:23,618 [INFO]   first-letter    | BatchTopK_16k_L12         | rate=0.0653 L0=20 FN=56/858
2026-04-16 05:53:23,618 [INFO]   first-letter    | Matryoshka_L12            | rate=0.0209 L0=94 FN=18/862
2026-04-16 05:53:23,618 [INFO]   city-continent  | JumpReLU_16k_L12          | rate=0.1872 L0=76 FN=41/219
2026-04-16 05:53:23,618 [INFO]   city-continent  | JumpReLU_65k_L12          | rate=0.1461 L0=71 FN=32/219
2026-04-16 05:53:23,618 [INFO]   city-continent  | BatchTopK_16k_L12         | rate=0.1644 L0=20 FN=36/219
2026-04-16 05:53:23,618 [INFO]   city-continent  | Matryoshka_L12            | rate=0.1461 L0=98 FN=32/219
2026-04-16 05:53:23,618 [INFO]   city-language   | JumpReLU_16k_L12          | rate=0.1791 L0=82 FN=12/67
2026-04-16 05:53:23,618 [INFO]   city-language   | JumpReLU_65k_L12          | rate=0.1642 L0=75 FN=11/67
2026-04-16 05:53:23,618 [INFO]   city-language   | BatchTopK_16k_L12         | rate=0.1791 L0=20 FN=12/67
2026-04-16 05:53:23,618 [INFO]   city-language   | Matryoshka_L12            | rate=0.1194 L0=108 FN=8/67
2026-04-16 05:53:23,618 [INFO]   city-country    | JumpReLU_16k_L12          | rate=0.1707 L0=77 FN=7/41
2026-04-16 05:53:23,618 [INFO]   city-country    | JumpReLU_65k_L12          | rate=0.2683 L0=72 FN=11/41
2026-04-16 05:53:23,618 [INFO]   city-country    | BatchTopK_16k_L12         | rate=0.4390 L0=20 FN=18/41
2026-04-16 05:53:23,618 [INFO]   city-country    | Matryoshka_L12            | rate=0.4634 L0=100 FN=19/41
2026-04-16 05:53:23,618 [INFO] 
--- Layer 24 (SUPPLEMENTARY: JumpReLU + Matryoshka) ---
2026-04-16 05:53:23,618 [INFO]   first-letter    | JumpReLU_16k_L24          | rate=0.1110 L0=62 FN=90/811
2026-04-16 05:53:23,618 [INFO]   first-letter    | JumpReLU_65k_L24          | rate=0.0468 L0=106 FN=38/812
2026-04-16 05:53:23,618 [INFO]   first-letter    | Matryoshka_L24            | rate=0.1406 L0=81 FN=114/811
2026-04-16 05:53:23,618 [INFO]   city-continent  | JumpReLU_16k_L24          | rate=0.0829 L0=61 FN=18/217
2026-04-16 05:53:23,618 [INFO]   city-continent  | JumpReLU_65k_L24          | rate=0.0415 L0=101 FN=9/217
2026-04-16 05:53:23,618 [INFO]   city-continent  | Matryoshka_L24            | rate=0.2166 L0=73 FN=47/217
2026-04-16 05:53:23,618 [INFO]   city-language   | JumpReLU_16k_L24          | rate=0.1070 L0=68 FN=29/271
2026-04-16 05:53:23,618 [INFO]   city-language   | JumpReLU_65k_L24          | rate=0.0332 L0=117 FN=9/271
2026-04-16 05:53:23,618 [INFO]   city-language   | Matryoshka_L24            | rate=0.0443 L0=74 FN=12/271
2026-04-16 05:53:23,618 [INFO]   city-country    | JumpReLU_16k_L24          | rate=0.4478 L0=61 FN=30/67
2026-04-16 05:53:23,618 [INFO]   city-country    | JumpReLU_65k_L24          | rate=0.4328 L0=97 FN=29/67
2026-04-16 05:53:23,618 [INFO]   city-country    | Matryoshka_L24            | rate=0.4179 L0=70 FN=28/67
2026-04-16 05:53:23,618 [INFO] 
ANOVA L12: arch_p=0.7542136120301601, hier_p=0.010184479567840847
2026-04-16 05:53:23,618 [INFO] ANOVA L24: arch_p=0.4969058475647652, hier_p=0.06271109075898111
2026-04-16 05:53:23,618 [INFO] H6 verdict: PARTIALLY_SUPPORTED
2026-04-16 05:53:23,618 [INFO] Pilot pass: True
2026-04-16 05:53:23,618 [INFO] Elapsed: 10.3 min
2026-04-16 05:53:23,619 [INFO] GPU progress updated: completed
Loaded pretrained model gemma-2-2b into HookedTransformer
