2026-04-16 09:27:22,272 [INFO] ======================================================================
2026-04-16 09:27:22,273 [INFO] Phase 2.1: Decoder Direction Magnitude on First-Letter (H8)
2026-04-16 09:27:22,273 [INFO] Mode: PILOT, Layer: 24, Token pos: -6
2026-04-16 09:27:22,273 [INFO] Thresholds: [0.05, 0.1, 0.2]
2026-04-16 09:27:22,273 [INFO] N prompts per word: 10
2026-04-16 09:27:22,273 [INFO] Max words: 300
2026-04-16 09:27:22,273 [INFO] ======================================================================
2026-04-16 09:27:23,833 [INFO] Loading Gemma 2 2B...
`torch_dtype` is deprecated! Use `dtype` instead!
2026-04-16 09:27:24,321 [WARNING] You tried to specify center_unembed=True for a model using logit softcap, but this can't be done! Softcapping is not invariant upon adding a constant Setting center_unembed=False instead.
2026-04-16 09:27:25,590 [WARNING] With reduced precision, it is advised to use `from_pretrained_no_processing` instead of `from_pretrained`.
2026-04-16 09:27:26,277 [WARNING] You are not using LayerNorm, so the writing weights can't be centered! Skipping
2026-04-16 09:27:29,241 [INFO] Model loaded: 26 layers, d_model=2304
2026-04-16 09:27:30,066 [INFO] Loading SAE: gemma-scope-2b-pt-res-canonical / layer_24/width_16k/canonical
2026-04-16 09:27:32,178 [INFO]   d_sae=16384, d_in=2304
2026-04-16 09:27:32,179 [INFO]   Loaded probe from probe_first-letter_L24_sklearn.npz: coef=(26, 2304), classes=26
2026-04-16 09:27:32,179 [INFO]   Probe classes: 26, shape: (26, 2304)
2026-04-16 09:27:33,370 [INFO] Common words from vocab: 5862
2026-04-16 09:27:33,372 [INFO] Word list: 268 words, 25/26 letters
2026-04-16 09:27:33,372 [INFO] 
  [1/268] Processing 'awareness' (letter: a)...
2026-04-16 09:27:33,777 [INFO] 
  [2/268] Processing 'wonderfully' (letter: w)...
2026-04-16 09:27:33,998 [INFO] 
  [3/268] Processing 'pattern' (letter: p)...
2026-04-16 09:27:34,217 [INFO] 
  [4/268] Processing 'yellow' (letter: y)...
2026-04-16 09:27:34,437 [INFO] 
  [5/268] Processing 'quarters' (letter: q)...
2026-04-16 09:27:37,778 [INFO] 
  [20/268] Processing 'frightened' (letter: f)...
2026-04-16 09:27:42,198 [INFO] 
  [40/268] Processing 'owe' (letter: o)...
2026-04-16 09:27:44,841 [INFO]   --- Checkpoint 50/268: FN words=4, total_instances=14, elapsed=0.4min ---
2026-04-16 09:27:46,837 [INFO] 
  [60/268] Processing 'celebrated' (letter: c)...
2026-04-16 09:27:51,208 [INFO] 
  [80/268] Processing 'gordon' (letter: g)...
2026-04-16 09:27:55,615 [INFO] 
  [100/268] Processing 'hot' (letter: h)...
2026-04-16 09:27:56,038 [INFO]   --- Checkpoint 100/268: FN words=5, total_instances=18, elapsed=0.6min ---
2026-04-16 09:28:00,192 [INFO] 
  [120/268] Processing 'leaning' (letter: l)...
2026-04-16 09:28:04,693 [INFO] 
  [140/268] Processing 'law' (letter: l)...
2026-04-16 09:28:04,923 [INFO]     FN: 1, processed: 1
2026-04-16 09:28:04,923 [INFO]     Mean |logit_change|: 5.1954
2026-04-16 09:28:07,313 [INFO]   --- Checkpoint 150/268: FN words=9, total_instances=29, elapsed=0.8min ---
2026-04-16 09:28:09,311 [INFO] 
  [160/268] Processing 'justification' (letter: j)...
2026-04-16 09:28:13,661 [INFO] 
  [180/268] Processing 'maintain' (letter: m)...
2026-04-16 09:28:18,025 [INFO] 
  [200/268] Processing 'novelist' (letter: n)...
2026-04-16 09:28:18,436 [INFO]   --- Checkpoint 200/268: FN words=13, total_instances=35, elapsed=0.9min ---
2026-04-16 09:28:22,596 [INFO] 
  [220/268] Processing 'unlimited' (letter: u)...
2026-04-16 09:28:26,966 [INFO] 
  [240/268] Processing 'anchor' (letter: a)...
2026-04-16 09:28:27,192 [INFO]     FN: 1, processed: 1
2026-04-16 09:28:27,192 [INFO]     Mean |logit_change|: 7.2702
2026-04-16 09:28:29,593 [INFO]   --- Checkpoint 250/268: FN words=16, total_instances=42, elapsed=1.1min ---
2026-04-16 09:28:31,614 [INFO] 
  [260/268] Processing 'glad' (letter: g)...
2026-04-16 09:28:31,856 [INFO]     FN: 4, processed: 4
2026-04-16 09:28:31,856 [INFO]     Mean |logit_change|: 5.5772
2026-04-16 09:28:33,615 [INFO] 
======================================================================
2026-04-16 09:28:33,616 [INFO] Aggregate Results -- First-Letter Decoder Magnitude
2026-04-16 09:28:33,616 [INFO] ======================================================================
2026-04-16 09:28:33,616 [INFO]   Completed words: 19/268
2026-04-16 09:28:33,616 [INFO]   Words with FN: 19
2026-04-16 09:28:33,616 [INFO]   Total FN instances: 52
2026-04-16 09:28:33,616 [INFO]   Total processed FN instances: 52
2026-04-16 09:28:33,616 [INFO]   threshold_0.05: benign=0/52 (0.0%), pathological=52/52
2026-04-16 09:28:33,616 [INFO]   threshold_0.1: benign=0/52 (0.0%), pathological=52/52
2026-04-16 09:28:33,616 [INFO]   threshold_0.2: benign=0/52 (0.0%), pathological=52/52
2026-04-16 09:28:33,616 [INFO]   Control benign% at 0.1: 100.0%
2026-04-16 09:28:33,617 [INFO] 
  t-test vs zero: t=-19.8722, p=0.000000
2026-04-16 09:28:33,618 [INFO]   Wilcoxon parent vs control: p=0.000000
2026-04-16 09:28:33,618 [INFO]   Mann-Whitney U: U=2704.0, p=0.000000
2026-04-16 09:28:33,633 [INFO]   Benign% CI at threshold 0.05: [0.000, 0.000] (mean=0.000)
2026-04-16 09:28:33,647 [INFO]   Benign% CI at threshold 0.1: [0.000, 0.000] (mean=0.000)
2026-04-16 09:28:33,662 [INFO]   Benign% CI at threshold 0.2: [0.000, 0.000] (mean=0.000)
2026-04-16 09:28:33,662 [INFO]   a: words=1, processed=1, mean|delta|=7.2702
2026-04-16 09:28:33,662 [INFO]   b: words=5, processed=13, mean|delta|=5.3721
2026-04-16 09:28:33,662 [INFO]   c: words=1, processed=4, mean|delta|=4.1894
2026-04-16 09:28:33,662 [INFO]   e: words=1, processed=5, mean|delta|=10.5577
2026-04-16 09:28:33,662 [INFO]   f: words=2, processed=3, mean|delta|=5.3107
2026-04-16 09:28:33,662 [INFO]   g: words=2, processed=5, mean|delta|=5.5803
2026-04-16 09:28:33,662 [INFO]   k: words=1, processed=1, mean|delta|=11.2334
2026-04-16 09:28:33,663 [INFO]   l: words=4, processed=11, mean|delta|=6.7493
2026-04-16 09:28:33,663 [INFO]   v: words=1, processed=7, mean|delta|=3.8722
2026-04-16 09:28:33,663 [INFO]   z: words=1, processed=2, mean|delta|=4.0796
2026-04-16 09:28:33,665 [INFO] 
Saved: /home/qhxie/AutoResearch-SibylSystem/workspaces/sae-absorption/current/exp/results/phase2/decoder_magnitude_firstletter.json
2026-04-16 09:28:33,666 [INFO] Also saved: /home/qhxie/AutoResearch-SibylSystem/workspaces/sae-absorption/current/exp/results/pilots/phase2_decoder_magnitude_firstletter.json
2026-04-16 09:28:33,666 [INFO] Summary: /home/qhxie/AutoResearch-SibylSystem/workspaces/sae-absorption/current/exp/results/phase2/phase2_decoder_magnitude_firstletter_summary.md
2026-04-16 09:28:33,889 [INFO] DONE (status=success): Phase 2.1 decoder magnitude first-letter (PILOT). Words: 19, FN processed: 52. Mean |logit_change|: 5.985 nats (city-continent baseline: 3.979). Benign%: 0.0% at threshold 0.1. Cross-hierarchy: CONSISTENT. Pilot: PASS. Time: 1.2min.
2026-04-16 09:28:33,890 [INFO] 
======================================================================
2026-04-16 09:28:33,890 [INFO] COMPLETED: Phase 2.1 decoder magnitude first-letter (PILOT). Words: 19, FN processed: 52. Mean |logit_change|: 5.985 nats (city-continent baseline: 3.979). Benign%: 0.0% at threshold 0.1. Cross-hierarchy: CONSISTENT. Pilot: PASS. Time: 1.2min.
2026-04-16 09:28:33,890 [INFO] ======================================================================
Loaded pretrained model gemma-2-2b into HookedTransformer
