============================================================
Training resnet20 on cifar10
WD method: half_lambda, base WD: 5e-05
Epochs: 200, LR: 0.001, Batch: 128
Seed: 123, Device: cuda:1
Output: /home/ccwang/sibyl-research-system/workspaces/dynamic-wd/current/exp/results/full/rho_sweep/cifar10/rho_low/half_lambda/seed_123
============================================================
  E  0/200: loss=1.4561 tr_acc=46.28% te_acc=54.73% wn=33.82 CSI=0.0000 AIS=0.3920 BEM=-0.5000
  E 10/200: loss=0.4761 tr_acc=83.48% te_acc=80.10% wn=46.04 CSI=0.0932 AIS=0.3826 BEM=-0.5000
  E 20/200: loss=0.3361 tr_acc=88.26% te_acc=83.57% wn=55.98 CSI=0.0514 AIS=0.2902 BEM=-0.5000
  E 30/200: loss=0.2590 tr_acc=90.90% te_acc=85.97% wn=64.35 CSI=0.0595 AIS=0.3739 BEM=-0.5000
  E 40/200: loss=0.2067 tr_acc=92.75% te_acc=87.81% wn=71.38 CSI=0.0571 AIS=0.3782 BEM=-0.5000
  E 50/200: loss=0.1756 tr_acc=93.63% te_acc=87.41% wn=77.21 CSI=0.0643 AIS=0.3276 BEM=-0.5000
  E 60/200: loss=0.1409 tr_acc=94.96% te_acc=88.04% wn=81.97 CSI=0.0581 AIS=0.4229 BEM=-0.5000
  E 70/200: loss=0.1161 tr_acc=95.83% te_acc=88.08% wn=85.88 CSI=0.0647 AIS=0.3896 BEM=-0.5000
  E 80/200: loss=0.0971 tr_acc=96.49% te_acc=88.89% wn=88.97 CSI=0.0748 AIS=0.3312 BEM=-0.5000
  E 90/200: loss=0.0795 tr_acc=97.21% te_acc=88.93% wn=91.37 CSI=0.0830 AIS=0.3284 BEM=-0.5000
  E100/200: loss=0.0611 tr_acc=97.84% te_acc=88.96% wn=93.18 CSI=0.0979 AIS=0.1975 BEM=-0.5000
  E110/200: loss=0.0532 tr_acc=98.10% te_acc=89.04% wn=94.51 CSI=0.0951 AIS=0.3285 BEM=-0.5000
  E120/200: loss=0.0410 tr_acc=98.51% te_acc=89.34% wn=95.44 CSI=0.1197 AIS=0.4597 BEM=-0.5000
  E130/200: loss=0.0340 tr_acc=98.79% te_acc=89.37% wn=96.06 CSI=0.1392 AIS=0.3861 BEM=-0.5000
  E140/200: loss=0.0271 tr_acc=99.06% te_acc=89.43% wn=96.45 CSI=0.1426 AIS=0.2919 BEM=-0.5000
Traceback (most recent call last):
  File "/home/ccwang/sibyl-research-system/workspaces/dynamic-wd/iter_005/exp/code/train_unified.py", line 376, in <module>
    main()
  File "/home/ccwang/sibyl-research-system/workspaces/dynamic-wd/iter_005/exp/code/train_unified.py", line 372, in main
    run_training(config)
  File "/home/ccwang/sibyl-research-system/workspaces/dynamic-wd/iter_005/exp/code/train_unified.py", line 309, in run_training
    with open(epoch_log_path, 'a') as f:
         ^^^^^^^^^^^^^^^^^^^^^^^^^
FileNotFoundError: [Errno 2] No such file or directory: '/home/ccwang/sibyl-research-system/workspaces/dynamic-wd/current/exp/results/full/rho_sweep/cifar10/rho_low/half_lambda/seed_123/epoch_metrics.jsonl'
