/home/ccwang/sibyl-research-system/.venv/lib/python3.12/site-packages/torchvision/datasets/cifar.py:83: VisibleDeprecationWarning: dtype(): align should be passed as Python or NumPy boolean but got `align=0`. Did you mean to pass a tuple to create a subarray type? (Deprecated NumPy 2.4)
  entry = pickle.load(f, encoding="latin1")
[INFO] Model: vgg16bn, Params: 15,299,748, Classes: 100
[INFO] Dataset: cifar100, Epochs: 50, BS: 128
[INFO] WD Method: CWD, Lambda: 0.0005
[INFO] Normalized layers detected: 26
Epoch 1/50 | LR: 0.099901 | Train Loss: 4.5294 Acc: 1.67% | Test Loss: 4.3137 Top1: 2.52%
Epoch 2/50 | LR: 0.099606 | Train Loss: 4.3468 Acc: 2.61% | Test Loss: 4.2712 Top1: 3.14%
Epoch 3/50 | LR: 0.099114 | Train Loss: 4.2505 Acc: 3.13% | Test Loss: 4.2315 Top1: 2.69%
Epoch 4/50 | LR: 0.098429 | Train Loss: 4.1740 Acc: 3.87% | Test Loss: 4.0964 Top1: 5.45%
Epoch 5/50 | LR: 0.097553 | Train Loss: 4.1009 Acc: 4.55% | Test Loss: 3.9582 Top1: 6.22%
Epoch 6/50 | LR: 0.096489 | Train Loss: 3.9763 Acc: 6.03% | Test Loss: 3.8528 Top1: 8.47%
Epoch 7/50 | LR: 0.095241 | Train Loss: 3.8135 Acc: 8.16% | Test Loss: 3.7626 Top1: 9.14%
Epoch 8/50 | LR: 0.093815 | Train Loss: 3.6540 Acc: 10.09% | Test Loss: 3.5540 Top1: 11.95%
Epoch 9/50 | LR: 0.092216 | Train Loss: 3.4921 Acc: 11.91% | Test Loss: 3.3159 Top1: 14.78%
Epoch 10/50 | LR: 0.090451 | Train Loss: 3.3312 Acc: 14.42% | Test Loss: 3.2014 Top1: 17.04%
Epoch 11/50 | LR: 0.088526 | Train Loss: 3.1629 Acc: 17.33% | Test Loss: 2.9526 Top1: 21.23%
Epoch 12/50 | LR: 0.086448 | Train Loss: 3.0070 Acc: 20.58% | Test Loss: 2.9817 Top1: 21.80%
Epoch 13/50 | LR: 0.084227 | Train Loss: 2.8673 Acc: 23.56% | Test Loss: 2.7277 Top1: 26.06%
Epoch 14/50 | LR: 0.081871 | Train Loss: 2.7430 Acc: 26.09% | Test Loss: 2.5857 Top1: 29.61%
Epoch 15/50 | LR: 0.079389 | Train Loss: 2.6275 Acc: 28.91% | Test Loss: 2.4705 Top1: 32.53%
Epoch 16/50 | LR: 0.076791 | Train Loss: 2.5196 Acc: 30.93% | Test Loss: 2.3358 Top1: 35.25%
Epoch 17/50 | LR: 0.074088 | Train Loss: 2.4186 Acc: 33.63% | Test Loss: 2.4437 Top1: 34.57%
Epoch 18/50 | LR: 0.071289 | Train Loss: 2.3276 Acc: 36.23% | Test Loss: 2.1978 Top1: 38.56%
Epoch 19/50 | LR: 0.068406 | Train Loss: 2.2297 Acc: 38.23% | Test Loss: 2.2238 Top1: 39.42%
Epoch 20/50 | LR: 0.065451 | Train Loss: 2.1533 Acc: 40.39% | Test Loss: 2.1541 Top1: 41.64%
Epoch 21/50 | LR: 0.062434 | Train Loss: 2.0727 Acc: 42.54% | Test Loss: 2.1197 Top1: 42.74%
Epoch 22/50 | LR: 0.059369 | Train Loss: 1.9957 Acc: 44.43% | Test Loss: 2.0785 Top1: 44.11%
Epoch 23/50 | LR: 0.056267 | Train Loss: 1.9209 Acc: 46.36% | Test Loss: 1.9268 Top1: 46.62%
Epoch 24/50 | LR: 0.053140 | Train Loss: 1.8307 Acc: 48.78% | Test Loss: 1.8728 Top1: 48.63%
Epoch 25/50 | LR: 0.050000 | Train Loss: 1.7769 Acc: 50.05% | Test Loss: 1.8629 Top1: 49.35%
Epoch 26/50 | LR: 0.046860 | Train Loss: 1.7015 Acc: 52.05% | Test Loss: 1.8116 Top1: 50.34%
Epoch 27/50 | LR: 0.043733 | Train Loss: 1.6283 Acc: 54.28% | Test Loss: 1.6928 Top1: 53.81%
Epoch 28/50 | LR: 0.040631 | Train Loss: 1.5609 Acc: 56.21% | Test Loss: 1.6804 Top1: 53.70%
Epoch 29/50 | LR: 0.037566 | Train Loss: 1.4985 Acc: 57.60% | Test Loss: 1.6799 Top1: 54.17%
Epoch 30/50 | LR: 0.034549 | Train Loss: 1.4354 Acc: 59.44% | Test Loss: 1.6326 Top1: 55.42%
Epoch 31/50 | LR: 0.031594 | Train Loss: 1.3721 Acc: 60.98% | Test Loss: 1.7018 Top1: 54.97%
Epoch 32/50 | LR: 0.028711 | Train Loss: 1.3078 Acc: 62.92% | Test Loss: 1.6002 Top1: 57.40%
Epoch 33/50 | LR: 0.025912 | Train Loss: 1.2466 Acc: 64.60% | Test Loss: 1.5938 Top1: 57.81%
Epoch 34/50 | LR: 0.023209 | Train Loss: 1.1977 Acc: 65.70% | Test Loss: 1.5494 Top1: 59.20%
Epoch 35/50 | LR: 0.020611 | Train Loss: 1.1386 Acc: 67.48% | Test Loss: 1.5518 Top1: 59.37%
Epoch 36/50 | LR: 0.018129 | Train Loss: 1.0803 Acc: 68.93% | Test Loss: 1.5243 Top1: 60.13%
Epoch 37/50 | LR: 0.015773 | Train Loss: 1.0326 Acc: 70.30% | Test Loss: 1.5290 Top1: 60.18%
Epoch 38/50 | LR: 0.013552 | Train Loss: 0.9823 Acc: 71.45% | Test Loss: 1.5163 Top1: 61.19%
Epoch 39/50 | LR: 0.011474 | Train Loss: 0.9340 Acc: 73.02% | Test Loss: 1.4701 Top1: 61.76%
Epoch 40/50 | LR: 0.009549 | Train Loss: 0.8810 Acc: 74.18% | Test Loss: 1.4688 Top1: 62.76%
Epoch 41/50 | LR: 0.007784 | Train Loss: 0.8384 Acc: 75.49% | Test Loss: 1.4933 Top1: 62.99%
Epoch 42/50 | LR: 0.006185 | Train Loss: 0.8025 Acc: 76.38% | Test Loss: 1.4810 Top1: 62.72%
Epoch 43/50 | LR: 0.004759 | Train Loss: 0.7642 Acc: 77.49% | Test Loss: 1.5046 Top1: 63.29%
Epoch 44/50 | LR: 0.003511 | Train Loss: 0.7353 Acc: 78.23% | Test Loss: 1.5072 Top1: 63.34%
Epoch 45/50 | LR: 0.002447 | Train Loss: 0.7104 Acc: 78.93% | Test Loss: 1.5105 Top1: 63.38%
Epoch 46/50 | LR: 0.001571 | Train Loss: 0.6836 Acc: 79.59% | Test Loss: 1.5066 Top1: 63.80%
Epoch 47/50 | LR: 0.000886 | Train Loss: 0.6781 Acc: 79.91% | Test Loss: 1.5052 Top1: 63.77%
Epoch 48/50 | LR: 0.000394 | Train Loss: 0.6624 Acc: 80.17% | Test Loss: 1.5111 Top1: 63.70%
Epoch 49/50 | LR: 0.000099 | Train Loss: 0.6585 Acc: 80.37% | Test Loss: 1.5243 Top1: 64.05%
Epoch 50/50 | LR: 0.000000 | Train Loss: 0.6478 Acc: 80.53% | Test Loss: 1.5130 Top1: 63.92%

[DONE] Best Top1: 64.05%, Time: 5.3 min
[DONE] Results saved to /home/ccwang/sibyl-research-system/workspaces/dynamic-wd/current/exp/results/cifar100_vgg16bn_full/CWD_seed456/default_results.json
