/home/ccwang/sibyl-research-system/.venv/lib/python3.12/site-packages/torchvision/datasets/cifar.py:83: VisibleDeprecationWarning: dtype(): align should be passed as Python or NumPy boolean but got `align=0`. Did you mean to pass a tuple to create a subarray type? (Deprecated NumPy 2.4)
  entry = pickle.load(f, encoding="latin1")

############################################################
# FULL EXPERIMENT: tier1_aadwd_variants
# GPU: 0, Device: cuda:0
# Results: /home/ccwang/sibyl-research-system/workspaces/dynamic-wd/current/exp/results
############################################################

============================================================
Experiment: aadwd_conservative
  arch=resnet20, dataset=cifar10
  method=aadwd_conservative, epochs=200
  lr=0.1, wd=0.0005
  c=0.005, beta=0.999
  milestones=[80, 120]
  Device: cuda:0
============================================================
  Epoch   0/200: loss=1.7073 train=35.6% test=36.29% gap=-0.73% wn=29.99 lr=0.10000 λ=0.000499
  Epoch  20/200: loss=0.4918 train=83.2% test=76.87% gap=6.37% wn=35.95 lr=0.10000 λ=0.000498
  Epoch  40/200: loss=0.4477 train=84.6% test=81.69% gap=2.95% wn=36.73 lr=0.10000 λ=0.000499
  Epoch  60/200: loss=0.4367 train=85.0% test=80.44% gap=4.53% wn=37.14 lr=0.10000 λ=0.000499
  Epoch  80/200: loss=0.2753 train=90.9% test=89.90% gap=0.96% wn=36.56 lr=0.01000 λ=0.000050
  Epoch 100/200: loss=0.1390 train=95.2% test=90.08% gap=5.08% wn=28.62 lr=0.01000 λ=0.000050
  Epoch 120/200: loss=0.0978 train=96.8% test=91.96% gap=4.85% wn=26.20 lr=0.00100 λ=0.000005
  Epoch 140/200: loss=0.0463 train=98.8% test=92.17% gap=6.58% wn=25.53 lr=0.00100 λ=0.000005
  Epoch 160/200: loss=0.0366 train=99.1% test=92.08% gap=6.97% wn=24.87 lr=0.00100 λ=0.000005
  Epoch 180/200: loss=0.0290 train=99.3% test=92.05% gap=7.26% wn=24.21 lr=0.00100 λ=0.000005
  Epoch 199/200: loss=0.0268 train=99.4% test=92.22% gap=7.15% wn=23.60 lr=0.00100 λ=0.000005
  Done! Best: 92.37%, Time: 1293.3s

============================================================
Experiment: aadwd_aggressive
  arch=resnet20, dataset=cifar10
  method=aadwd_aggressive, epochs=200
  lr=0.1, wd=0.0005
  c=2.5, beta=0.999
  milestones=[80, 120]
  Device: cuda:0
============================================================
  Epoch   0/200: loss=1.7261 train=35.1% test=45.31% gap=-10.26% wn=32.73 lr=0.10000 λ=0.000420
  Epoch  20/200: loss=0.6167 train=78.8% test=72.81% gap=5.98% wn=27.72 lr=0.10000 λ=0.001003
  Epoch  40/200: loss=0.5667 train=80.6% test=79.79% gap=0.78% wn=28.95 lr=0.10000 λ=0.000928
  Epoch  60/200: loss=0.5569 train=81.1% test=76.29% gap=4.78% wn=29.26 lr=0.10000 λ=0.000917
  Epoch  80/200: loss=0.3526 train=88.1% test=88.40% gap=-0.27% wn=28.86 lr=0.01000 λ=0.000104
  Epoch 100/200: loss=0.2063 train=92.9% test=88.21% gap=4.71% wn=22.73 lr=0.01000 λ=0.000054
  Epoch 120/200: loss=0.1199 train=96.1% test=91.53% gap=4.55% wn=24.66 lr=0.00100 λ=0.000005
  Epoch 140/200: loss=0.0605 train=98.3% test=91.73% gap=6.52% wn=23.73 lr=0.00100 λ=0.000007
  Epoch 160/200: loss=0.0472 train=98.8% test=91.50% gap=7.26% wn=22.87 lr=0.00100 λ=0.000007
  Epoch 180/200: loss=0.0385 train=99.0% test=91.54% gap=7.48% wn=22.11 lr=0.00100 λ=0.000006
  Epoch 199/200: loss=0.0356 train=99.1% test=91.57% gap=7.50% wn=21.47 lr=0.00100 λ=0.000006
  Done! Best: 92.05%, Time: 1338.3s

============================================================
Experiment: aadwd_square
  arch=resnet20, dataset=cifar10
  method=aadwd_square, epochs=200
  lr=0.1, wd=0.0005
  c=0.05, beta=0.999
  milestones=[80, 120]
  Device: cuda:0
============================================================
  Epoch   0/200: loss=1.7073 train=35.6% test=36.29% gap=-0.73% wn=29.99 lr=0.10000 λ=0.000499
  Epoch  20/200: loss=0.4918 train=83.2% test=76.87% gap=6.37% wn=35.95 lr=0.10000 λ=0.000498
  Epoch  40/200: loss=0.4477 train=84.6% test=81.69% gap=2.95% wn=36.73 lr=0.10000 λ=0.000499
  Epoch  60/200: loss=0.4367 train=85.0% test=80.44% gap=4.53% wn=37.14 lr=0.10000 λ=0.000499
  Epoch  80/200: loss=0.2747 train=90.8% test=89.87% gap=0.98% wn=37.20 lr=0.01000 λ=0.000005
  Epoch 100/200: loss=0.1163 train=95.9% test=91.26% gap=4.65% wn=38.28 lr=0.01000 λ=0.000005
  Epoch 120/200: loss=0.0645 train=97.8% test=91.70% gap=6.08% wn=39.52 lr=0.00100 λ=0.000001
  Epoch 140/200: loss=0.0379 train=98.8% test=91.88% gap=6.94% wn=39.33 lr=0.00100 λ=0.000001
  Epoch 160/200: loss=0.0324 train=99.0% test=91.99% gap=6.99% wn=39.14 lr=0.00100 λ=0.000001
  Epoch 180/200: loss=0.0277 train=99.2% test=91.94% gap=7.30% wn=38.94 lr=0.00100 λ=0.000001
  Epoch 199/200: loss=0.0258 train=99.3% test=91.78% gap=7.47% wn=38.75 lr=0.00100 λ=0.000001
  Done! Best: 92.13%, Time: 1324.8s

============================================================
FULL tier1_aadwd_variants COMPLETE — 3 experiments
Total wall time: 3959.9s
  aadwd_conservative: best=92.37% final=92.22%
  aadwd_aggressive: best=92.05% final=91.57%
  aadwd_square: best=92.13% final=91.78%
============================================================
