/home/ccwang/sibyl-research-system/.venv/lib/python3.12/site-packages/torchvision/datasets/cifar.py:83: VisibleDeprecationWarning: dtype(): align should be passed as Python or NumPy boolean but got `align=0`. Did you mean to pass a tuple to create a subarray type? (Deprecated NumPy 2.4)
  entry = pickle.load(f, encoding="latin1")

############################################################
# FULL EXPERIMENT: tier2_decoupled
# GPU: 3, Device: cuda:3
# Results: /home/ccwang/sibyl-research-system/workspaces/dynamic-wd/current/exp/results
############################################################

============================================================
Experiment: aadwd_conservative_decoupled
  arch=resnet20, dataset=cifar10
  method=aadwd_conservative, epochs=200
  lr=0.1, wd=0.0005
  c=0.0005, beta=0.999
  milestones=[80, 120]
  Device: cuda:3
============================================================
  Epoch   0/200: loss=1.7073 train=35.6% test=36.29% gap=-0.73% wn=29.99 lr=0.10000 λ=0.000499
  Epoch  20/200: loss=0.4918 train=83.2% test=76.87% gap=6.37% wn=35.95 lr=0.10000 λ=0.000498
  Epoch  40/200: loss=0.4477 train=84.6% test=81.69% gap=2.95% wn=36.73 lr=0.10000 λ=0.000499
  Epoch  60/200: loss=0.4367 train=85.0% test=80.44% gap=4.53% wn=37.14 lr=0.10000 λ=0.000499
  Epoch  80/200: loss=0.2854 train=90.8% test=89.90% gap=0.95% wn=30.83 lr=0.01000 λ=0.000498
  Epoch 100/200: loss=0.4233 train=86.2% test=80.34% gap=5.81% wn=12.95 lr=0.01000 λ=0.000497
  Epoch 120/200: loss=0.3282 train=90.7% test=90.32% gap=0.40% wn=10.78 lr=0.00100 λ=0.000495
  Epoch 140/200: loss=0.5832 train=85.3% test=80.74% gap=4.55% wn=5.61 lr=0.00100 λ=0.000489
  Epoch 160/200: loss=0.5817 train=85.1% test=77.36% gap=7.75% wn=5.56 lr=0.00100 λ=0.000490
  Epoch 180/200: loss=0.5775 train=85.2% test=80.57% gap=4.62% wn=5.54 lr=0.00100 λ=0.000490
  Epoch 199/200: loss=0.5782 train=85.2% test=80.30% gap=4.88% wn=5.53 lr=0.00100 λ=0.000490
  Done! Best: 90.32%, Time: 2264.6s

============================================================
Experiment: aadwd_aggressive_decoupled
  arch=resnet20, dataset=cifar10
  method=aadwd_aggressive, epochs=200
  lr=0.1, wd=0.0005
  c=0.25, beta=0.999
  milestones=[80, 120]
  Device: cuda:3
============================================================
  Epoch   0/200: loss=1.7261 train=35.1% test=45.31% gap=-10.26% wn=32.73 lr=0.10000 λ=0.000420
  Epoch  20/200: loss=0.6167 train=78.8% test=72.81% gap=5.98% wn=27.72 lr=0.10000 λ=0.001003
  Epoch  40/200: loss=0.5667 train=80.6% test=79.79% gap=0.78% wn=28.95 lr=0.10000 λ=0.000928
  Epoch  60/200: loss=0.5569 train=81.1% test=76.29% gap=4.78% wn=29.26 lr=0.10000 λ=0.000917
  Epoch  80/200: loss=0.3887 train=88.0% test=84.49% gap=3.53% wn=18.38 lr=0.01000 λ=0.002024
  Epoch 100/200: loss=1.5701 train=49.8% test=35.72% gap=14.07% wn=3.50 lr=0.01000 λ=0.010000
  Epoch 120/200: loss=2.1717 train=29.1% test=10.00% gap=19.09% wn=0.13 lr=0.00100 λ=0.010000
  Epoch 140/200: loss=2.3026 train=9.7% test=10.00% gap=-0.33% wn=0.00 lr=0.00100 λ=0.010000
  Epoch 160/200: loss=2.3026 train=9.9% test=10.00% gap=-0.12% wn=0.01 lr=0.00100 λ=0.010000
  Epoch 180/200: loss=2.3026 train=9.8% test=10.00% gap=-0.23% wn=0.00 lr=0.00100 λ=0.010000
  Epoch 199/200: loss=2.3026 train=9.8% test=10.00% gap=-0.18% wn=0.00 lr=0.00100 λ=0.010000
  Done! Best: 84.49%, Time: 2240.0s

============================================================
Experiment: aadwd_conservative_coupled_ref
  arch=resnet20, dataset=cifar10
  method=aadwd_conservative, epochs=200
  lr=0.1, wd=0.0005
  c=0.005, beta=0.999
  milestones=[80, 120]
  Device: cuda:3
============================================================
  Epoch   0/200: loss=1.7073 train=35.6% test=36.29% gap=-0.73% wn=29.99 lr=0.10000 λ=0.000499
  Epoch  20/200: loss=0.4918 train=83.2% test=76.87% gap=6.37% wn=35.95 lr=0.10000 λ=0.000498
  Epoch  40/200: loss=0.4477 train=84.6% test=81.69% gap=2.95% wn=36.73 lr=0.10000 λ=0.000499
  Epoch  60/200: loss=0.4367 train=85.0% test=80.44% gap=4.53% wn=37.14 lr=0.10000 λ=0.000499
  Epoch  80/200: loss=0.2753 train=90.9% test=89.90% gap=0.96% wn=36.56 lr=0.01000 λ=0.000050
  Epoch 100/200: loss=0.1390 train=95.2% test=90.08% gap=5.08% wn=28.62 lr=0.01000 λ=0.000050
  Epoch 120/200: loss=0.0978 train=96.8% test=91.96% gap=4.85% wn=26.20 lr=0.00100 λ=0.000005
  Epoch 140/200: loss=0.0463 train=98.8% test=92.17% gap=6.58% wn=25.53 lr=0.00100 λ=0.000005
  Epoch 160/200: loss=0.0366 train=99.1% test=92.08% gap=6.97% wn=24.87 lr=0.00100 λ=0.000005
  Epoch 180/200: loss=0.0290 train=99.3% test=92.05% gap=7.26% wn=24.21 lr=0.00100 λ=0.000005
  Epoch 199/200: loss=0.0268 train=99.4% test=92.22% gap=7.15% wn=23.60 lr=0.00100 λ=0.000005
  Done! Best: 92.37%, Time: 1755.2s

============================================================
Experiment: aadwd_aggressive_coupled_ref
  arch=resnet20, dataset=cifar10
  method=aadwd_aggressive, epochs=200
  lr=0.1, wd=0.0005
  c=2.5, beta=0.999
  milestones=[80, 120]
  Device: cuda:3
============================================================
  Epoch   0/200: loss=1.7261 train=35.1% test=45.31% gap=-10.26% wn=32.73 lr=0.10000 λ=0.000420
  Epoch  20/200: loss=0.6167 train=78.8% test=72.81% gap=5.98% wn=27.72 lr=0.10000 λ=0.001003
  Epoch  40/200: loss=0.5667 train=80.6% test=79.79% gap=0.78% wn=28.95 lr=0.10000 λ=0.000928
  Epoch  60/200: loss=0.5569 train=81.1% test=76.29% gap=4.78% wn=29.26 lr=0.10000 λ=0.000917
  Epoch  80/200: loss=0.3526 train=88.1% test=88.40% gap=-0.27% wn=28.86 lr=0.01000 λ=0.000104
  Epoch 100/200: loss=0.2063 train=92.9% test=88.21% gap=4.71% wn=22.73 lr=0.01000 λ=0.000054
  Epoch 120/200: loss=0.1199 train=96.1% test=91.53% gap=4.55% wn=24.66 lr=0.00100 λ=0.000005
  Epoch 140/200: loss=0.0605 train=98.3% test=91.73% gap=6.52% wn=23.73 lr=0.00100 λ=0.000007
  Epoch 160/200: loss=0.0472 train=98.8% test=91.50% gap=7.26% wn=22.87 lr=0.00100 λ=0.000007
  Epoch 180/200: loss=0.0385 train=99.0% test=91.54% gap=7.48% wn=22.11 lr=0.00100 λ=0.000006
  Epoch 199/200: loss=0.0356 train=99.1% test=91.57% gap=7.50% wn=21.47 lr=0.00100 λ=0.000006
  Done! Best: 92.05%, Time: 1007.8s

============================================================
FULL tier2_decoupled COMPLETE — 4 experiments
Total wall time: 7272.8s
  aadwd_conservative_decoupled: best=90.32% final=80.30%
  aadwd_aggressive_decoupled: best=84.49% final=10.00%
  aadwd_conservative_coupled_ref: best=92.37% final=92.22%
  aadwd_aggressive_coupled_ref: best=92.05% final=91.57%
============================================================
