/home/ccwang/sibyl-research-system/.venv/lib/python3.12/site-packages/torchvision/datasets/cifar.py:83: VisibleDeprecationWarning: dtype(): align should be passed as Python or NumPy boolean but got `align=0`. Did you mean to pass a tuple to create a subarray type? (Deprecated NumPy 2.4)
  entry = pickle.load(f, encoding="latin1")

############################################################
# FULL EXPERIMENT: tier1_fixed_wd_grid
# GPU: 0, Device: cuda:0
# Results: /home/ccwang/sibyl-research-system/workspaces/dynamic-wd/current/exp/results
############################################################

============================================================
Experiment: no_wd
  arch=resnet20, dataset=cifar10
  method=no_wd, epochs=200
  lr=0.1, wd=0.0
  milestones=[80, 120]
  Device: cuda:0
============================================================
  Epoch   0/200: loss=1.7168 train=35.1% test=43.04% gap=-7.96% wn=35.63 lr=0.10000 λ=0.000000
  Epoch  20/200: loss=0.2915 train=89.8% test=84.83% gap=5.01% wn=77.72 lr=0.10000 λ=0.000000
  Epoch  40/200: loss=0.1742 train=93.7% test=86.39% gap=7.32% wn=100.24 lr=0.10000 λ=0.000000
  Epoch  60/200: loss=0.1211 train=95.7% test=87.73% gap=7.98% wn=116.66 lr=0.10000 λ=0.000000
  Epoch  80/200: loss=0.0575 train=98.0% test=89.80% gap=8.20% wn=128.92 lr=0.01000 λ=0.000000
  Epoch 100/200: loss=0.0242 train=99.2% test=90.14% gap=9.10% wn=129.18 lr=0.01000 λ=0.000000
  Epoch 120/200: loss=0.0195 train=99.4% test=90.23% gap=9.17% wn=129.37 lr=0.00100 λ=0.000000
  Epoch 140/200: loss=0.0184 train=99.4% test=90.49% gap=8.93% wn=129.38 lr=0.00100 λ=0.000000
  Epoch 160/200: loss=0.0175 train=99.4% test=90.38% gap=9.05% wn=129.40 lr=0.00100 λ=0.000000
  Epoch 180/200: loss=0.0155 train=99.5% test=90.25% gap=9.28% wn=129.41 lr=0.00100 λ=0.000000
  Epoch 199/200: loss=0.0162 train=99.5% test=90.31% gap=9.17% wn=129.42 lr=0.00100 λ=0.000000
  Done! Best: 90.49%, Time: 851.7s

============================================================
Experiment: fixed_wd_0.0001
  arch=resnet20, dataset=cifar10
  method=fixed_wd, epochs=200
  lr=0.1, wd=0.0001
  milestones=[80, 120]
  Device: cuda:0
============================================================
  Epoch   0/200: loss=1.7080 train=35.5% test=43.50% gap=-7.95% wn=34.45 lr=0.10000 λ=0.000100
  Epoch  20/200: loss=0.3569 train=87.6% test=83.68% gap=3.89% wn=57.12 lr=0.10000 λ=0.000100
  Epoch  40/200: loss=0.2753 train=90.3% test=84.54% gap=5.80% wn=62.43 lr=0.10000 λ=0.000100
  Epoch  60/200: loss=0.2474 train=91.2% test=84.99% gap=6.25% wn=64.53 lr=0.10000 λ=0.000100
  Epoch  80/200: loss=0.1450 train=95.0% test=90.94% gap=4.04% wn=65.19 lr=0.01000 λ=0.000100
  Epoch 100/200: loss=0.0538 train=98.2% test=91.91% gap=6.30% wn=61.33 lr=0.01000 λ=0.000100
  Epoch 120/200: loss=0.0346 train=98.9% test=91.91% gap=7.01% wn=57.86 lr=0.00100 λ=0.000100
  Epoch 140/200: loss=0.0252 train=99.3% test=91.82% gap=7.47% wn=57.47 lr=0.00100 λ=0.000100
  Epoch 160/200: loss=0.0228 train=99.4% test=92.00% gap=7.35% wn=57.09 lr=0.00100 λ=0.000100
  Epoch 180/200: loss=0.0210 train=99.4% test=91.86% gap=7.56% wn=56.70 lr=0.00100 λ=0.000100
  Epoch 199/200: loss=0.0204 train=99.5% test=91.83% gap=7.64% wn=56.34 lr=0.00100 λ=0.000100
  Done! Best: 92.08%, Time: 858.4s

============================================================
Experiment: fixed_wd_0.0003
  arch=resnet20, dataset=cifar10
  method=fixed_wd, epochs=200
  lr=0.1, wd=0.0003
  milestones=[80, 120]
  Device: cuda:0
============================================================
  Epoch   0/200: loss=1.7230 train=34.7% test=39.41% gap=-4.67% wn=32.05 lr=0.10000 λ=0.000300
  Epoch  20/200: loss=0.4381 train=85.0% test=80.65% gap=4.37% wn=41.61 lr=0.10000 λ=0.000300
  Epoch  40/200: loss=0.3800 train=87.0% test=82.41% gap=4.56% wn=43.42 lr=0.10000 λ=0.000300
  Epoch  60/200: loss=0.3583 train=87.6% test=77.29% gap=10.29% wn=44.04 lr=0.10000 λ=0.000300
  Epoch  80/200: loss=0.2231 train=92.5% test=90.82% gap=1.65% wn=43.75 lr=0.01000 λ=0.000300
  Epoch 100/200: loss=0.0949 train=96.7% test=91.22% gap=5.49% wn=36.91 lr=0.01000 λ=0.000300
  Epoch 120/200: loss=0.0628 train=98.0% test=92.06% gap=5.89% wn=32.95 lr=0.00100 λ=0.000300
  Epoch 140/200: loss=0.0299 train=99.3% test=92.39% gap=6.89% wn=32.38 lr=0.00100 λ=0.000300
  Epoch 160/200: loss=0.0250 train=99.4% test=91.96% gap=7.43% wn=31.81 lr=0.00100 λ=0.000300
  Epoch 180/200: loss=0.0220 train=99.5% test=92.24% gap=7.27% wn=31.24 lr=0.00100 λ=0.000300
  Epoch 199/200: loss=0.0210 train=99.5% test=91.97% gap=7.52% wn=30.70 lr=0.00100 λ=0.000300
  Done! Best: 92.39%, Time: 868.0s

============================================================
Experiment: fixed_wd_0.0005
  arch=resnet20, dataset=cifar10
  method=fixed_wd, epochs=200
  lr=0.1, wd=0.0005
  milestones=[80, 120]
  Device: cuda:0
============================================================
  Epoch   0/200: loss=1.7232 train=34.9% test=42.12% gap=-7.26% wn=30.02 lr=0.10000 λ=0.000500
  Epoch  20/200: loss=0.4944 train=83.0% test=77.68% gap=5.36% wn=35.67 lr=0.10000 λ=0.000500
  Epoch  40/200: loss=0.4491 train=84.6% test=81.19% gap=3.37% wn=36.65 lr=0.10000 λ=0.000500
  Epoch  60/200: loss=0.4324 train=85.0% test=82.04% gap=2.98% wn=37.06 lr=0.10000 λ=0.000500
  Epoch  80/200: loss=0.2688 train=91.0% test=89.79% gap=1.21% wn=36.65 lr=0.01000 λ=0.000500
  Epoch 100/200: loss=0.1343 train=95.4% test=90.09% gap=5.26% wn=28.58 lr=0.01000 λ=0.000500
  Epoch 120/200: loss=0.0900 train=97.1% test=91.85% gap=5.29% wn=26.10 lr=0.00100 λ=0.000500
  Epoch 140/200: loss=0.0426 train=98.8% test=92.35% gap=6.50% wn=25.43 lr=0.00100 λ=0.000500
  Epoch 160/200: loss=0.0332 train=99.2% test=92.32% gap=6.89% wn=24.77 lr=0.00100 λ=0.000500
  Epoch 180/200: loss=0.0271 train=99.4% test=92.54% gap=6.84% wn=24.11 lr=0.00100 λ=0.000500
  Epoch 199/200: loss=0.0247 train=99.5% test=92.29% gap=7.17% wn=23.49 lr=0.00100 λ=0.000500
  Done! Best: 92.54%, Time: 864.5s

============================================================
Experiment: fixed_wd_0.001
  arch=resnet20, dataset=cifar10
  method=fixed_wd, epochs=200
  lr=0.1, wd=0.001
  milestones=[80, 120]
  Device: cuda:0
============================================================
  Epoch   0/200: loss=1.7120 train=35.3% test=45.60% gap=-10.34% wn=25.66 lr=0.10000 λ=0.001000
  Epoch  20/200: loss=0.6145 train=79.0% test=76.19% gap=2.86% wn=27.94 lr=0.10000 λ=0.001000
  Epoch  40/200: loss=0.5722 train=80.3% test=74.34% gap=5.98% wn=28.49 lr=0.10000 λ=0.001000
  Epoch  60/200: loss=0.5672 train=80.6% test=68.76% gap=11.80% wn=28.62 lr=0.10000 λ=0.001000
  Epoch  80/200: loss=0.3665 train=87.7% test=88.30% gap=-0.63% wn=27.89 lr=0.01000 λ=0.001000
  Epoch 100/200: loss=0.2290 train=92.2% test=87.30% gap=4.88% wn=20.39 lr=0.01000 λ=0.001000
  Epoch 120/200: loss=0.1507 train=95.1% test=91.53% gap=3.58% wn=20.38 lr=0.00100 λ=0.001000
  Epoch 140/200: loss=0.0703 train=98.0% test=92.10% gap=5.90% wn=19.45 lr=0.00100 λ=0.001000
  Epoch 160/200: loss=0.0539 train=98.5% test=92.32% gap=6.17% wn=18.59 lr=0.00100 λ=0.001000
  Epoch 180/200: loss=0.0444 train=98.9% test=91.91% gap=6.97% wn=17.80 lr=0.00100 λ=0.001000
  Epoch 199/200: loss=0.0437 train=98.9% test=91.92% gap=6.95% wn=17.13 lr=0.00100 λ=0.001000
  Done! Best: 92.32%, Time: 852.2s

============================================================
Experiment: fixed_wd_0.003
  arch=resnet20, dataset=cifar10
  method=fixed_wd, epochs=200
  lr=0.1, wd=0.003
  milestones=[80, 120]
  Device: cuda:0
============================================================
  Epoch   0/200: loss=1.7065 train=35.3% test=40.15% gap=-4.85% wn=15.11 lr=0.10000 λ=0.003000
  Epoch  20/200: loss=0.8948 train=69.3% test=55.24% gap=14.10% wn=18.55 lr=0.10000 λ=0.003000
  Epoch  40/200: loss=0.8745 train=70.1% test=54.83% gap=15.29% wn=18.21 lr=0.10000 λ=0.003000
  Epoch  60/200: loss=0.8645 train=70.4% test=49.96% gap=20.46% wn=18.35 lr=0.10000 λ=0.003000
  Epoch  80/200: loss=0.5996 train=79.7% test=80.68% gap=-1.00% wn=17.01 lr=0.01000 λ=0.003000
  Epoch 100/200: loss=0.4642 train=84.3% test=80.23% gap=4.09% wn=13.64 lr=0.01000 λ=0.003000
  Epoch 120/200: loss=0.3508 train=88.4% test=87.40% gap=1.02% wn=13.82 lr=0.00100 λ=0.003000
  Epoch 140/200: loss=0.2476 train=92.0% test=88.04% gap=3.99% wn=12.48 lr=0.00100 λ=0.003000
  Epoch 160/200: loss=0.2393 train=92.2% test=88.20% gap=4.00% wn=11.78 lr=0.00100 λ=0.003000
  Epoch 180/200: loss=0.2340 train=92.3% test=86.77% gap=5.48% wn=11.52 lr=0.00100 λ=0.003000
  Epoch 199/200: loss=0.2342 train=92.5% test=87.25% gap=5.20% wn=11.44 lr=0.00100 λ=0.003000
  Done! Best: 88.63%, Time: 875.1s

============================================================
FULL tier1_fixed_wd_grid COMPLETE — 6 experiments
Total wall time: 5176.6s
  no_wd: best=90.49% final=90.31%
  fixed_wd_0.0001: best=92.08% final=91.83%
  fixed_wd_0.0003: best=92.39% final=91.97%
  fixed_wd_0.0005: best=92.54% final=92.29%
  fixed_wd_0.001: best=92.32% final=91.92%
  fixed_wd_0.003: best=88.63% final=87.25%
============================================================
