/home/ccwang/sibyl-research-system/.venv/lib/python3.12/site-packages/torchvision/datasets/cifar.py:83: VisibleDeprecationWarning: dtype(): align should be passed as Python or NumPy boolean but got `align=0`. Did you mean to pass a tuple to create a subarray type? (Deprecated NumPy 2.4)
  entry = pickle.load(f, encoding="latin1")

############################################################
# FULL EXPERIMENT: tier2_hyperparam_sensitivity
# GPU: 2, Device: cuda:2
# Results: /home/ccwang/sibyl-research-system/workspaces/dynamic-wd/current/exp/results
############################################################

============================================================
Experiment: aadwd_agg_c0.5
  arch=resnet20, dataset=cifar10
  method=aadwd_aggressive, epochs=200
  lr=0.1, wd=0.0005
  c=0.5, beta=0.999
  milestones=[80, 120]
  Device: cuda:2
============================================================
  Epoch   0/200: loss=1.7364 train=34.2% test=36.13% gap=-1.89% wn=34.91 lr=0.10000 λ=0.000080
  Epoch  20/200: loss=0.3704 train=87.3% test=82.15% gap=5.12% wn=53.55 lr=0.10000 λ=0.000113
  Epoch  40/200: loss=0.2638 train=90.8% test=85.03% gap=5.78% wn=63.74 lr=0.10000 λ=0.000080
  Epoch  60/200: loss=0.2135 train=92.5% test=88.05% gap=4.49% wn=70.25 lr=0.10000 λ=0.000067
  Epoch  80/200: loss=0.1130 train=96.2% test=91.19% gap=5.00% wn=74.06 lr=0.01000 λ=0.000008
  Epoch 100/200: loss=0.0405 train=98.7% test=91.36% gap=7.31% wn=70.14 lr=0.01000 λ=0.000007
  Epoch 120/200: loss=0.0290 train=99.1% test=91.41% gap=7.64% wn=67.38 lr=0.00100 λ=0.000001
  Epoch 140/200: loss=0.0224 train=99.3% test=91.57% gap=7.75% wn=66.89 lr=0.00100 λ=0.000001
  Epoch 160/200: loss=0.0206 train=99.4% test=91.59% gap=7.84% wn=66.41 lr=0.00100 λ=0.000001
  Epoch 180/200: loss=0.0190 train=99.5% test=91.75% gap=7.71% wn=65.93 lr=0.00100 λ=0.000001
  Epoch 199/200: loss=0.0187 train=99.5% test=91.69% gap=7.78% wn=65.48 lr=0.00100 λ=0.000001
  Done! Best: 91.87%, Time: 1091.9s

============================================================
Experiment: aadwd_agg_c1.0
  arch=resnet20, dataset=cifar10
  method=aadwd_aggressive, epochs=200
  lr=0.1, wd=0.0005
  c=1.0, beta=0.999
  milestones=[80, 120]
  Device: cuda:2
============================================================
  Epoch   0/200: loss=1.7441 train=33.9% test=41.26% gap=-7.35% wn=34.25 lr=0.10000 λ=0.000158
  Epoch  20/200: loss=0.4327 train=85.2% test=81.55% gap=3.66% wn=42.37 lr=0.10000 λ=0.000265
  Epoch  40/200: loss=0.3428 train=88.1% test=84.56% gap=3.59% wn=48.05 lr=0.10000 λ=0.000211
  Epoch  60/200: loss=0.3048 train=89.4% test=85.19% gap=4.23% wn=51.01 lr=0.10000 λ=0.000184
  Epoch  80/200: loss=0.1799 train=93.9% test=91.45% gap=2.42% wn=52.23 lr=0.01000 λ=0.000022
  Epoch 100/200: loss=0.0714 train=97.6% test=91.83% gap=5.73% wn=46.02 lr=0.01000 λ=0.000016
  Epoch 120/200: loss=0.0426 train=98.6% test=91.95% gap=6.63% wn=43.29 lr=0.00100 λ=0.000001
  Epoch 140/200: loss=0.0264 train=99.3% test=91.96% gap=7.31% wn=42.80 lr=0.00100 λ=0.000002
  Epoch 160/200: loss=0.0231 train=99.4% test=91.73% gap=7.67% wn=42.27 lr=0.00100 λ=0.000002
  Epoch 180/200: loss=0.0209 train=99.4% test=91.97% gap=7.47% wn=41.75 lr=0.00100 λ=0.000002
  Epoch 199/200: loss=0.0192 train=99.5% test=92.07% gap=7.47% wn=41.27 lr=0.00100 λ=0.000002
  Done! Best: 92.18%, Time: 1097.3s

============================================================
Experiment: aadwd_agg_c2.5
  arch=resnet20, dataset=cifar10
  method=aadwd_aggressive, epochs=200
  lr=0.1, wd=0.0005
  c=2.5, beta=0.999
  milestones=[80, 120]
  Device: cuda:2
============================================================
  Epoch   0/200: loss=1.7261 train=35.1% test=45.31% gap=-10.26% wn=32.73 lr=0.10000 λ=0.000420
  Epoch  20/200: loss=0.6167 train=78.8% test=72.81% gap=5.98% wn=27.72 lr=0.10000 λ=0.001003
  Epoch  40/200: loss=0.5667 train=80.6% test=79.79% gap=0.78% wn=28.95 lr=0.10000 λ=0.000928
  Epoch  60/200: loss=0.5569 train=81.1% test=76.29% gap=4.78% wn=29.26 lr=0.10000 λ=0.000917
  Epoch  80/200: loss=0.3526 train=88.1% test=88.40% gap=-0.27% wn=28.86 lr=0.01000 λ=0.000104
  Epoch 100/200: loss=0.2063 train=92.9% test=88.21% gap=4.71% wn=22.73 lr=0.01000 λ=0.000054
  Epoch 120/200: loss=0.1199 train=96.1% test=91.53% gap=4.55% wn=24.66 lr=0.00100 λ=0.000005
  Epoch 140/200: loss=0.0605 train=98.3% test=91.73% gap=6.52% wn=23.73 lr=0.00100 λ=0.000007
  Epoch 160/200: loss=0.0472 train=98.8% test=91.50% gap=7.26% wn=22.87 lr=0.00100 λ=0.000007
  Epoch 180/200: loss=0.0385 train=99.0% test=91.54% gap=7.48% wn=22.11 lr=0.00100 λ=0.000006
  Epoch 199/200: loss=0.0356 train=99.1% test=91.57% gap=7.50% wn=21.47 lr=0.00100 λ=0.000006
  Done! Best: 92.05%, Time: 1112.2s

============================================================
Experiment: aadwd_agg_c5.0
  arch=resnet20, dataset=cifar10
  method=aadwd_aggressive, epochs=200
  lr=0.1, wd=0.0005
  c=5.0, beta=0.999
  milestones=[80, 120]
  Device: cuda:2
============================================================
  Epoch   0/200: loss=1.7190 train=35.0% test=42.01% gap=-7.01% wn=30.24 lr=0.10000 λ=0.000839
  Epoch  20/200: loss=0.9164 train=68.7% test=38.84% gap=29.91% wn=17.36 lr=0.10000 λ=0.003693
  Epoch  40/200: loss=0.9249 train=68.2% test=50.94% gap=17.21% wn=16.75 lr=0.10000 λ=0.003981
  Epoch  60/200: loss=0.9643 train=67.0% test=43.36% gap=23.64% wn=15.94 lr=0.10000 λ=0.004454
  Epoch  80/200: loss=0.6984 train=76.6% test=76.32% gap=0.25% wn=13.32 lr=0.01000 λ=0.000566
  Epoch 100/200: loss=0.5212 train=82.6% test=79.09% gap=3.47% wn=12.93 lr=0.01000 λ=0.000307
  Epoch 120/200: loss=0.3861 train=87.2% test=86.74% gap=0.43% wn=14.02 lr=0.00100 λ=0.000029
  Epoch 140/200: loss=0.2942 train=90.3% test=87.62% gap=2.63% wn=12.67 lr=0.00100 λ=0.000023
  Epoch 160/200: loss=0.2766 train=90.8% test=86.68% gap=4.16% wn=12.49 lr=0.00100 λ=0.000016
  Epoch 180/200: loss=0.2594 train=91.2% test=87.27% gap=3.92% wn=12.74 lr=0.00100 λ=0.000013
  Epoch 199/200: loss=0.2477 train=91.5% test=87.24% gap=4.26% wn=13.07 lr=0.00100 λ=0.000011
  Done! Best: 87.98%, Time: 1102.7s

============================================================
Experiment: aadwd_agg_c10.0
  arch=resnet20, dataset=cifar10
  method=aadwd_aggressive, epochs=200
  lr=0.1, wd=0.0005
  c=10.0, beta=0.999
  milestones=[80, 120]
  Device: cuda:2
============================================================
  Epoch   0/200: loss=1.7239 train=34.6% test=44.86% gap=-10.22% wn=25.18 lr=0.10000 λ=0.001846
  Epoch  20/200: loss=2.1300 train=17.7% test=17.46% gap=0.28% wn=2.09 lr=0.10000 λ=0.050000
  Epoch  40/200: loss=2.1276 train=18.0% test=18.13% gap=-0.17% wn=2.12 lr=0.10000 λ=0.050000
  Epoch  60/200: loss=2.1327 train=18.2% test=10.35% gap=7.83% wn=2.05 lr=0.10000 λ=0.050000
  Epoch  80/200: loss=2.2745 train=15.3% test=10.00% gap=5.33% wn=0.04 lr=0.01000 λ=0.024704
  Epoch 100/200: loss=2.3026 train=9.9% test=10.00% gap=-0.08% wn=0.03 lr=0.01000 λ=0.027754
  Epoch 120/200: loss=2.3026 train=9.7% test=10.00% gap=-0.28% wn=0.00 lr=0.00100 λ=0.002799
  Epoch 140/200: loss=2.3026 train=9.8% test=10.00% gap=-0.19% wn=0.00 lr=0.00100 λ=0.002742
  Epoch 160/200: loss=2.3026 train=9.7% test=10.00% gap=-0.26% wn=0.01 lr=0.00100 λ=0.002701
  Epoch 180/200: loss=2.3026 train=9.7% test=10.00% gap=-0.25% wn=0.00 lr=0.00100 λ=0.002735
  Epoch 199/200: loss=2.3026 train=9.7% test=10.00% gap=-0.32% wn=0.00 lr=0.00100 λ=0.002781
  Done! Best: 52.12%, Time: 1105.2s

============================================================
Experiment: aadwd_agg_beta0.9
  arch=resnet20, dataset=cifar10
  method=aadwd_aggressive, epochs=200
  lr=0.1, wd=0.0005
  c=2.5, beta=0.9
  milestones=[80, 120]
  Device: cuda:2
============================================================
  Epoch   0/200: loss=1.6784 train=36.6% test=44.86% gap=-8.26% wn=22.94 lr=0.10000 λ=0.001350
  Epoch  20/200: loss=0.6077 train=79.3% test=70.12% gap=9.14% wn=27.91 lr=0.10000 λ=0.001315
  Epoch  40/200: loss=0.5601 train=81.0% test=72.56% gap=8.47% wn=29.32 lr=0.10000 λ=0.001004
  Epoch  60/200: loss=0.5431 train=81.4% test=76.19% gap=5.20% wn=30.08 lr=0.10000 λ=0.000811
  Epoch  80/200: loss=0.3453 train=88.4% test=88.64% gap=-0.28% wn=28.81 lr=0.01000 λ=0.000137
  Epoch 100/200: loss=0.1940 train=93.3% test=89.21% gap=4.06% wn=23.57 lr=0.01000 λ=0.000057
  Epoch 120/200: loss=0.1129 train=96.3% test=91.54% gap=4.76% wn=25.21 lr=0.00100 λ=0.000006
  Epoch 140/200: loss=0.0556 train=98.5% test=91.89% gap=6.57% wn=24.19 lr=0.00100 λ=0.000007
  Epoch 160/200: loss=0.0436 train=98.9% test=91.66% gap=7.21% wn=23.28 lr=0.00100 λ=0.000007
  Epoch 180/200: loss=0.0371 train=99.1% test=91.68% gap=7.41% wn=22.46 lr=0.00100 λ=0.000007
  Epoch 199/200: loss=0.0335 train=99.2% test=91.95% gap=7.22% wn=21.75 lr=0.00100 λ=0.000007
  Done! Best: 92.08%, Time: 1109.3s

============================================================
Experiment: aadwd_agg_beta0.99
  arch=resnet20, dataset=cifar10
  method=aadwd_aggressive, epochs=200
  lr=0.1, wd=0.0005
  c=2.5, beta=0.99
  milestones=[80, 120]
  Device: cuda:2
============================================================
  Epoch   0/200: loss=1.6906 train=36.1% test=43.34% gap=-7.28% wn=25.20 lr=0.10000 λ=0.001332
  Epoch  20/200: loss=0.5997 train=79.5% test=75.38% gap=4.14% wn=28.27 lr=0.10000 λ=0.000979
  Epoch  40/200: loss=0.5478 train=81.3% test=79.20% gap=2.11% wn=30.24 lr=0.10000 λ=0.000789
  Epoch  60/200: loss=0.5394 train=81.5% test=78.69% gap=2.83% wn=30.27 lr=0.10000 λ=0.000831
  Epoch  80/200: loss=0.3450 train=88.4% test=88.73% gap=-0.30% wn=29.16 lr=0.01000 λ=0.000129
  Epoch 100/200: loss=0.1923 train=93.4% test=89.56% gap=3.80% wn=23.51 lr=0.01000 λ=0.000050
  Epoch 120/200: loss=0.1098 train=96.4% test=91.89% gap=4.46% wn=25.14 lr=0.00100 λ=0.000006
  Epoch 140/200: loss=0.0557 train=98.4% test=92.13% gap=6.27% wn=24.11 lr=0.00100 λ=0.000007
  Epoch 160/200: loss=0.0435 train=98.8% test=92.06% gap=6.78% wn=23.18 lr=0.00100 λ=0.000007
  Epoch 180/200: loss=0.0348 train=99.2% test=92.10% gap=7.07% wn=22.35 lr=0.00100 λ=0.000007
  Epoch 199/200: loss=0.0337 train=99.2% test=91.97% gap=7.18% wn=21.65 lr=0.00100 λ=0.000006
  Done! Best: 92.24%, Time: 1104.2s

============================================================
Experiment: aadwd_agg_beta0.999
  arch=resnet20, dataset=cifar10
  method=aadwd_aggressive, epochs=200
  lr=0.1, wd=0.0005
  c=2.5, beta=0.999
  milestones=[80, 120]
  Device: cuda:2
============================================================
  Epoch   0/200: loss=1.7261 train=35.1% test=45.31% gap=-10.26% wn=32.73 lr=0.10000 λ=0.000420
  Epoch  20/200: loss=0.6167 train=78.8% test=72.81% gap=5.98% wn=27.72 lr=0.10000 λ=0.001003
  Epoch  40/200: loss=0.5667 train=80.6% test=79.79% gap=0.78% wn=28.95 lr=0.10000 λ=0.000928
  Epoch  60/200: loss=0.5569 train=81.1% test=76.29% gap=4.78% wn=29.26 lr=0.10000 λ=0.000917
  Epoch  80/200: loss=0.3526 train=88.1% test=88.40% gap=-0.27% wn=28.86 lr=0.01000 λ=0.000104
  Epoch 100/200: loss=0.2063 train=92.9% test=88.21% gap=4.71% wn=22.73 lr=0.01000 λ=0.000054
  Epoch 120/200: loss=0.1199 train=96.1% test=91.53% gap=4.55% wn=24.66 lr=0.00100 λ=0.000005
  Epoch 140/200: loss=0.0605 train=98.3% test=91.73% gap=6.52% wn=23.73 lr=0.00100 λ=0.000007
  Epoch 160/200: loss=0.0472 train=98.8% test=91.50% gap=7.26% wn=22.87 lr=0.00100 λ=0.000007
  Epoch 180/200: loss=0.0385 train=99.0% test=91.54% gap=7.48% wn=22.11 lr=0.00100 λ=0.000006
  Epoch 199/200: loss=0.0356 train=99.1% test=91.57% gap=7.50% wn=21.47 lr=0.00100 λ=0.000006
  Done! Best: 92.05%, Time: 968.6s

============================================================
Experiment: aadwd_agg_beta0.9999
  arch=resnet20, dataset=cifar10
  method=aadwd_aggressive, epochs=200
  lr=0.1, wd=0.0005
  c=2.5, beta=0.9999
  milestones=[80, 120]
  Device: cuda:2
============================================================
  Epoch   0/200: loss=1.7358 train=34.3% test=39.55% gap=-5.28% wn=35.12 lr=0.10000 λ=0.000048
  Epoch  20/200: loss=0.4813 train=83.5% test=80.31% gap=3.20% wn=38.17 lr=0.10000 λ=0.000435
  Epoch  40/200: loss=0.4748 train=83.6% test=72.83% gap=10.79% wn=34.93 lr=0.10000 λ=0.000586
  Epoch  60/200: loss=0.4875 train=83.1% test=71.68% gap=11.46% wn=33.57 lr=0.10000 λ=0.000671
  Epoch  80/200: loss=0.3249 train=89.0% test=89.11% gap=-0.12% wn=32.06 lr=0.01000 λ=0.000074
  Epoch 100/200: loss=0.1820 train=93.8% test=88.92% gap=4.87% wn=23.73 lr=0.01000 λ=0.000069
  Epoch 120/200: loss=0.1160 train=96.2% test=91.80% gap=4.44% wn=23.67 lr=0.00100 λ=0.000006
  Epoch 140/200: loss=0.0525 train=98.6% test=92.13% gap=6.44% wn=22.91 lr=0.00100 λ=0.000007
  Epoch 160/200: loss=0.0402 train=99.0% test=91.94% gap=7.06% wn=22.07 lr=0.00100 λ=0.000007
  Epoch 180/200: loss=0.0330 train=99.2% test=92.07% gap=7.14% wn=21.27 lr=0.00100 λ=0.000007
  Epoch 199/200: loss=0.0303 train=99.3% test=91.80% gap=7.53% wn=20.56 lr=0.00100 λ=0.000007
  Done! Best: 92.25%, Time: 757.8s

============================================================
FULL tier2_hyperparam_sensitivity COMPLETE — 9 experiments
Total wall time: 9458.6s
  aadwd_agg_c0.5: best=91.87% final=91.69%
  aadwd_agg_c1.0: best=92.18% final=92.07%
  aadwd_agg_c2.5: best=92.05% final=91.57%
  aadwd_agg_c5.0: best=87.98% final=87.24%
  aadwd_agg_c10.0: best=52.12% final=10.00%
  aadwd_agg_beta0.9: best=92.08% final=91.95%
  aadwd_agg_beta0.99: best=92.24% final=91.97%
  aadwd_agg_beta0.999: best=92.05% final=91.57%
  aadwd_agg_beta0.9999: best=92.25% final=91.80%
============================================================
