/home/ccwang/sibyl-research-system/.venv/lib/python3.12/site-packages/torchvision/datasets/cifar.py:83: VisibleDeprecationWarning: dtype(): align should be passed as Python or NumPy boolean but got `align=0`. Did you mean to pass a tuple to create a subarray type? (Deprecated NumPy 2.4)
  entry = pickle.load(f, encoding="latin1")

############################################################
# FULL EXPERIMENT: tier2_ablations
# GPU: 0, Device: cuda:0
# Results: /home/ccwang/sibyl-research-system/workspaces/dynamic-wd/current/exp/results
############################################################

============================================================
Experiment: aadwd_conservative_ref
  arch=resnet20, dataset=cifar10
  method=aadwd_conservative, epochs=200
  lr=0.1, wd=0.0005
  c=0.005, beta=0.999
  milestones=[80, 120]
  Device: cuda:0
============================================================
  Epoch   0/200: loss=1.7073 train=35.6% test=36.29% gap=-0.73% wn=29.99 lr=0.10000 λ=0.000499
  Epoch  20/200: loss=0.4918 train=83.2% test=76.87% gap=6.37% wn=35.95 lr=0.10000 λ=0.000498
  Epoch  40/200: loss=0.4477 train=84.6% test=81.69% gap=2.95% wn=36.73 lr=0.10000 λ=0.000499
  Epoch  60/200: loss=0.4367 train=85.0% test=80.44% gap=4.53% wn=37.14 lr=0.10000 λ=0.000499
  Epoch  80/200: loss=0.2753 train=90.9% test=89.90% gap=0.96% wn=36.56 lr=0.01000 λ=0.000050
  Epoch 100/200: loss=0.1390 train=95.2% test=90.08% gap=5.08% wn=28.62 lr=0.01000 λ=0.000050
  Epoch 120/200: loss=0.0978 train=96.8% test=91.96% gap=4.85% wn=26.20 lr=0.00100 λ=0.000005
  Epoch 140/200: loss=0.0463 train=98.8% test=92.17% gap=6.58% wn=25.53 lr=0.00100 λ=0.000005
  Epoch 160/200: loss=0.0366 train=99.1% test=92.08% gap=6.97% wn=24.87 lr=0.00100 λ=0.000005
  Epoch 180/200: loss=0.0290 train=99.3% test=92.05% gap=7.26% wn=24.21 lr=0.00100 λ=0.000005
  Epoch 199/200: loss=0.0268 train=99.4% test=92.22% gap=7.15% wn=23.60 lr=0.00100 λ=0.000005
  Done! Best: 92.37%, Time: 1311.2s

============================================================
Experiment: aadwd_aggressive_ref
  arch=resnet20, dataset=cifar10
  method=aadwd_aggressive, epochs=200
  lr=0.1, wd=0.0005
  c=2.5, beta=0.999
  milestones=[80, 120]
  Device: cuda:0
============================================================
  Epoch   0/200: loss=1.7261 train=35.1% test=45.31% gap=-10.26% wn=32.73 lr=0.10000 λ=0.000420
  Epoch  20/200: loss=0.6167 train=78.8% test=72.81% gap=5.98% wn=27.72 lr=0.10000 λ=0.001003
  Epoch  40/200: loss=0.5667 train=80.6% test=79.79% gap=0.78% wn=28.95 lr=0.10000 λ=0.000928
  Epoch  60/200: loss=0.5569 train=81.1% test=76.29% gap=4.78% wn=29.26 lr=0.10000 λ=0.000917
  Epoch  80/200: loss=0.3526 train=88.1% test=88.40% gap=-0.27% wn=28.86 lr=0.01000 λ=0.000104
  Epoch 100/200: loss=0.2063 train=92.9% test=88.21% gap=4.71% wn=22.73 lr=0.01000 λ=0.000054
  Epoch 120/200: loss=0.1199 train=96.1% test=91.53% gap=4.55% wn=24.66 lr=0.00100 λ=0.000005
  Epoch 140/200: loss=0.0605 train=98.3% test=91.73% gap=6.52% wn=23.73 lr=0.00100 λ=0.000007
  Epoch 160/200: loss=0.0472 train=98.8% test=91.50% gap=7.26% wn=22.87 lr=0.00100 λ=0.000007
  Epoch 180/200: loss=0.0385 train=99.0% test=91.54% gap=7.48% wn=22.11 lr=0.00100 λ=0.000006
  Epoch 199/200: loss=0.0356 train=99.1% test=91.57% gap=7.50% wn=21.47 lr=0.00100 λ=0.000006
  Done! Best: 92.05%, Time: 1358.9s

============================================================
Experiment: random_dynamic_wd
  arch=resnet20, dataset=cifar10
  method=random_dynamic_wd, epochs=200
  lr=0.1, wd=0.0005
  milestones=[80, 120]
  Device: cuda:0
============================================================
  Epoch   0/200: loss=1.6885 train=36.3% test=43.45% gap=-7.12% wn=32.70 lr=0.10000 λ=0.000153
  Epoch  20/200: loss=0.4155 train=85.7% test=81.72% gap=3.98% wn=44.45 lr=0.10000 λ=0.000044
  Epoch  40/200: loss=0.3578 train=87.6% test=79.94% gap=7.61% wn=46.69 lr=0.10000 λ=0.000124
  Epoch  60/200: loss=0.3403 train=88.2% test=80.91% gap=7.27% wn=47.41 lr=0.10000 λ=0.000459
  Epoch  80/200: loss=0.2067 train=92.9% test=90.84% gap=2.10% wn=47.00 lr=0.01000 λ=0.000041
  Epoch 100/200: loss=0.0843 train=97.2% test=91.37% gap=5.79% wn=40.63 lr=0.01000 λ=0.000034
  Epoch 120/200: loss=0.0519 train=98.3% test=91.62% gap=6.69% wn=36.46 lr=0.00100 λ=0.000005
  Epoch 140/200: loss=0.0295 train=99.2% test=91.89% gap=7.30% wn=35.88 lr=0.00100 λ=0.000003
  Epoch 160/200: loss=0.0249 train=99.4% test=91.89% gap=7.53% wn=35.31 lr=0.00100 λ=0.000002
  Epoch 180/200: loss=0.0223 train=99.5% test=91.97% gap=7.50% wn=34.73 lr=0.00100 λ=0.000003
  Epoch 199/200: loss=0.0205 train=99.5% test=91.95% gap=7.54% wn=34.19 lr=0.00100 λ=0.000002
  Done! Best: 92.06%, Time: 937.8s

============================================================
Experiment: norm_matched_wd
  arch=resnet20, dataset=cifar10
  method=norm_matched_wd, epochs=200
  lr=0.1, wd=0.0005
  milestones=[80, 120]
  Device: cuda:0
============================================================
  Epoch   0/200: loss=1.7080 train=35.3% test=42.93% gap=-7.64% wn=29.93 lr=0.10000 λ=0.000500
  Epoch  20/200: loss=0.4975 train=83.1% test=76.29% gap=6.85% wn=35.64 lr=0.10000 λ=0.000500
  Epoch  40/200: loss=0.4483 train=84.6% test=82.33% gap=2.29% wn=36.70 lr=0.10000 λ=0.000500
  Epoch  60/200: loss=0.4370 train=84.9% test=80.59% gap=4.34% wn=37.10 lr=0.10000 λ=0.000500
  Epoch  80/200: loss=0.2880 train=90.7% test=90.06% gap=0.64% wn=30.79 lr=0.01000 λ=0.000500
  Epoch 100/200: loss=0.4275 train=86.0% test=80.90% gap=5.13% wn=12.92 lr=0.01000 λ=0.000500
  Epoch 120/200: loss=0.3264 train=90.8% test=90.26% gap=0.57% wn=10.77 lr=0.00100 λ=0.000500
  Epoch 140/200: loss=0.5867 train=85.3% test=80.54% gap=4.76% wn=5.59 lr=0.00100 λ=0.000500
  Epoch 160/200: loss=0.5872 train=85.1% test=77.61% gap=7.51% wn=5.54 lr=0.00100 λ=0.000500
  Epoch 180/200: loss=0.5855 train=85.0% test=83.92% gap=1.06% wn=5.52 lr=0.00100 λ=0.000500
  Epoch 199/200: loss=0.5856 train=85.1% test=75.37% gap=9.69% wn=5.51 lr=0.00100 λ=0.000500
  Done! Best: 90.44%, Time: 937.9s

============================================================
Experiment: equiv_cumulative_wd
  arch=resnet20, dataset=cifar10
  method=equiv_cumulative_wd, epochs=200
  lr=0.1, wd=0.0005
  milestones=[80, 120]
  Device: cuda:0
============================================================
  Epoch   0/200: loss=1.7232 train=34.9% test=42.12% gap=-7.26% wn=30.02 lr=0.10000 λ=0.000500
  Epoch  20/200: loss=0.4944 train=83.0% test=77.68% gap=5.36% wn=35.67 lr=0.10000 λ=0.000500
  Epoch  40/200: loss=0.4491 train=84.6% test=81.19% gap=3.37% wn=36.65 lr=0.10000 λ=0.000500
  Epoch  60/200: loss=0.4324 train=85.0% test=82.04% gap=2.98% wn=37.06 lr=0.10000 λ=0.000500
  Epoch  80/200: loss=0.2688 train=91.0% test=89.79% gap=1.21% wn=36.65 lr=0.01000 λ=0.000500
  Epoch 100/200: loss=0.1343 train=95.4% test=90.09% gap=5.26% wn=28.58 lr=0.01000 λ=0.000500
  Epoch 120/200: loss=0.0900 train=97.1% test=91.85% gap=5.29% wn=26.10 lr=0.00100 λ=0.000500
  Epoch 140/200: loss=0.0426 train=98.8% test=92.35% gap=6.50% wn=25.43 lr=0.00100 λ=0.000500
  Epoch 160/200: loss=0.0332 train=99.2% test=92.32% gap=6.89% wn=24.77 lr=0.00100 λ=0.000500
  Epoch 180/200: loss=0.0271 train=99.4% test=92.54% gap=6.84% wn=24.11 lr=0.00100 λ=0.000500
  Epoch 199/200: loss=0.0247 train=99.5% test=92.29% gap=7.17% wn=23.49 lr=0.00100 λ=0.000500
  Done! Best: 92.54%, Time: 891.4s

============================================================
FULL tier2_ablations COMPLETE — 5 experiments
Total wall time: 5442.8s
  aadwd_conservative_ref: best=92.37% final=92.22%
  aadwd_aggressive_ref: best=92.05% final=91.57%
  random_dynamic_wd: best=92.06% final=91.95%
  norm_matched_wd: best=90.44% final=75.37%
  equiv_cumulative_wd: best=92.54% final=92.29%
============================================================
