/home/ccwang/sibyl-research-system/.venv/lib/python3.12/site-packages/torchvision/datasets/cifar.py:83: VisibleDeprecationWarning: dtype(): align should be passed as Python or NumPy boolean but got `align=0`. Did you mean to pass a tuple to create a subarray type? (Deprecated NumPy 2.4)
  entry = pickle.load(f, encoding="latin1")

############################################################
# FULL EXPERIMENT: tier1_stagewise_cwd
# GPU: 1, Device: cuda:1
# Results: /home/ccwang/sibyl-research-system/workspaces/dynamic-wd/current/exp/results
############################################################

============================================================
Experiment: stagewise_wd
  arch=resnet20, dataset=cifar10
  method=stagewise_wd, epochs=200
  lr=0.1, wd=0.0005
  milestones=[80, 120]
  Device: cuda:1
============================================================
  Epoch   0/200: loss=1.7232 train=34.9% test=42.12% gap=-7.26% wn=30.02 lr=0.10000 λ=0.000500
  Epoch  20/200: loss=0.4944 train=83.0% test=77.68% gap=5.36% wn=35.67 lr=0.10000 λ=0.000500
  Epoch  40/200: loss=0.4491 train=84.6% test=81.19% gap=3.37% wn=36.65 lr=0.10000 λ=0.000500
  Epoch  60/200: loss=0.4324 train=85.0% test=82.04% gap=2.98% wn=37.06 lr=0.10000 λ=0.000500
  Epoch  80/200: loss=0.2688 train=91.0% test=89.79% gap=1.21% wn=36.65 lr=0.01000 λ=0.000500
  Epoch 100/200: loss=0.1339 train=95.4% test=90.20% gap=5.18% wn=29.06 lr=0.01000 λ=0.000050
  Epoch 120/200: loss=0.0651 train=97.9% test=92.13% gap=5.73% wn=32.96 lr=0.00100 λ=0.000050
  Epoch 140/200: loss=0.0323 train=99.1% test=92.40% gap=6.70% wn=32.99 lr=0.00100 λ=0.000050
  Epoch 160/200: loss=0.0265 train=99.3% test=92.23% gap=7.02% wn=33.01 lr=0.00100 λ=0.000005
  Epoch 180/200: loss=0.0206 train=99.4% test=92.24% gap=7.19% wn=33.12 lr=0.00100 λ=0.000005
  Epoch 199/200: loss=0.0197 train=99.4% test=92.27% gap=7.18% wn=33.22 lr=0.00100 λ=0.000005
  Done! Best: 92.44%, Time: 537.7s

============================================================
Experiment: cwd
  arch=resnet20, dataset=cifar10
  method=cwd, epochs=200
  lr=0.1, wd=0.0005
  milestones=[80, 120]
  Device: cuda:1
============================================================
  Epoch   0/200: loss=1.7104 train=35.3% test=41.19% gap=-5.88% wn=32.86 lr=0.10000 λ=0.000500
  Epoch  20/200: loss=0.4146 train=85.7% test=80.82% gap=4.91% wn=45.39 lr=0.10000 λ=0.000500
  Epoch  40/200: loss=0.3585 train=87.6% test=79.93% gap=7.63% wn=47.68 lr=0.10000 λ=0.000500
  Epoch  60/200: loss=0.3332 train=88.4% test=83.27% gap=5.14% wn=48.49 lr=0.10000 λ=0.000500
  Epoch  80/200: loss=0.1997 train=93.4% test=91.16% gap=2.22% wn=44.57 lr=0.01000 λ=0.000500
  Epoch 100/200: loss=0.2897 train=90.3% test=86.09% gap=4.18% wn=17.97 lr=0.01000 λ=0.000500
  Epoch 120/200: loss=0.1948 train=93.8% test=91.55% gap=2.27% wn=16.27 lr=0.00100 λ=0.000500
  Epoch 140/200: loss=0.2966 train=90.5% test=84.95% gap=5.52% wn=10.17 lr=0.00100 λ=0.000500
  Epoch 160/200: loss=0.3107 train=90.1% test=81.44% gap=8.62% wn=9.79 lr=0.00100 λ=0.000500
  Epoch 180/200: loss=0.3110 train=89.9% test=80.80% gap=9.13% wn=9.51 lr=0.00100 λ=0.000500
  Epoch 199/200: loss=0.3101 train=90.2% test=86.95% gap=3.22% wn=9.28 lr=0.00100 λ=0.000500
  Done! Best: 91.79%, Time: 622.4s

============================================================
FULL tier1_stagewise_cwd COMPLETE — 2 experiments
Total wall time: 1162.4s
  stagewise_wd: best=92.44% final=92.27%
  cwd: best=91.79% final=86.95%
============================================================
