WARNING:root:You tried to specify center_unembed=True for a model using logit softcap, but this can't be done! Softcapping is not invariant upon adding a constant Setting center_unembed=False instead.
Traceback (most recent call last):
  File "/home/qhxie/AutoResearch-SibylSystem/.venv/lib/python3.12/site-packages/huggingface_hub/utils/_http.py", line 403, in hf_raise_for_status
    response.raise_for_status()
  File "/home/qhxie/AutoResearch-SibylSystem/.venv/lib/python3.12/site-packages/requests/models.py", line 1026, in raise_for_status
    raise HTTPError(http_error_msg, response=self)
requests.exceptions.HTTPError: 401 Client Error: Unauthorized for url: https://huggingface.co/google/gemma-2-2b/resolve/main/config.json

The above exception was the direct cause of the following exception:

Traceback (most recent call last):
  File "/home/qhxie/AutoResearch-SibylSystem/.venv/lib/python3.12/site-packages/transformers/utils/hub.py", line 479, in cached_files
    hf_hub_download(
  File "/home/qhxie/AutoResearch-SibylSystem/.venv/lib/python3.12/site-packages/huggingface_hub/utils/_validators.py", line 114, in _inner_fn
    return fn(*args, **kwargs)
           ^^^^^^^^^^^^^^^^^^^
  File "/home/qhxie/AutoResearch-SibylSystem/.venv/lib/python3.12/site-packages/huggingface_hub/file_download.py", line 1014, in hf_hub_download
    return _hf_hub_download_to_cache_dir(
           ^^^^^^^^^^^^^^^^^^^^^^^^^^^^^^
  File "/home/qhxie/AutoResearch-SibylSystem/.venv/lib/python3.12/site-packages/huggingface_hub/file_download.py", line 1121, in _hf_hub_download_to_cache_dir
    _raise_on_head_call_error(head_call_error, force_download, local_files_only)
  File "/home/qhxie/AutoResearch-SibylSystem/.venv/lib/python3.12/site-packages/huggingface_hub/file_download.py", line 1662, in _raise_on_head_call_error
    raise head_call_error
  File "/home/qhxie/AutoResearch-SibylSystem/.venv/lib/python3.12/site-packages/huggingface_hub/file_download.py", line 1550, in _get_metadata_or_catch_error
    metadata = get_hf_file_metadata(
               ^^^^^^^^^^^^^^^^^^^^^
  File "/home/qhxie/AutoResearch-SibylSystem/.venv/lib/python3.12/site-packages/huggingface_hub/utils/_validators.py", line 114, in _inner_fn
    return fn(*args, **kwargs)
           ^^^^^^^^^^^^^^^^^^^
  File "/home/qhxie/AutoResearch-SibylSystem/.venv/lib/python3.12/site-packages/huggingface_hub/file_download.py", line 1467, in get_hf_file_metadata
    r = _request_wrapper(
        ^^^^^^^^^^^^^^^^^
  File "/home/qhxie/AutoResearch-SibylSystem/.venv/lib/python3.12/site-packages/huggingface_hub/file_download.py", line 283, in _request_wrapper
    response = _request_wrapper(
               ^^^^^^^^^^^^^^^^^
  File "/home/qhxie/AutoResearch-SibylSystem/.venv/lib/python3.12/site-packages/huggingface_hub/file_download.py", line 307, in _request_wrapper
    hf_raise_for_status(response)
  File "/home/qhxie/AutoResearch-SibylSystem/.venv/lib/python3.12/site-packages/huggingface_hub/utils/_http.py", line 420, in hf_raise_for_status
    raise _format(GatedRepoError, message, response) from e
huggingface_hub.errors.GatedRepoError: 401 Client Error. (Request ID: Root=1-69ef8802-52730ab27010da9614f96e45;6379e0f2-ef31-460c-a1dc-3f36645a270a)

Cannot access gated repo for url https://huggingface.co/google/gemma-2-2b/resolve/main/config.json.
Access to model google/gemma-2-2b is restricted. You must have access to it and be authenticated to access it. Please log in.

The above exception was the direct cause of the following exception:

Traceback (most recent call last):
  File "/home/qhxie/AutoResearch-SibylSystem/workspaces/ablation-mem-weakened/exp/full_absorption_gemma.py", line 347, in <module>
    results = run_full_absorption()
              ^^^^^^^^^^^^^^^^^^^^^
  File "/home/qhxie/AutoResearch-SibylSystem/workspaces/ablation-mem-weakened/exp/full_absorption_gemma.py", line 258, in run_full_absorption
    model = HookedTransformer.from_pretrained(
            ^^^^^^^^^^^^^^^^^^^^^^^^^^^^^^^^^^
  File "/home/qhxie/AutoResearch-SibylSystem/.venv/lib/python3.12/site-packages/transformer_lens/HookedTransformer.py", line 1379, in from_pretrained
    state_dict = loading.get_pretrained_state_dict(
                 ^^^^^^^^^^^^^^^^^^^^^^^^^^^^^^^^^^
  File "/home/qhxie/AutoResearch-SibylSystem/.venv/lib/python3.12/site-packages/transformer_lens/loading_from_pretrained.py", line 2499, in get_pretrained_state_dict
    hf_model = AutoModelForCausalLM.from_pretrained(
               ^^^^^^^^^^^^^^^^^^^^^^^^^^^^^^^^^^^^^
  File "/home/qhxie/AutoResearch-SibylSystem/.venv/lib/python3.12/site-packages/transformers/models/auto/auto_factory.py", line 549, in from_pretrained
    config, kwargs = AutoConfig.from_pretrained(
                     ^^^^^^^^^^^^^^^^^^^^^^^^^^^
  File "/home/qhxie/AutoResearch-SibylSystem/.venv/lib/python3.12/site-packages/transformers/models/auto/configuration_auto.py", line 1332, in from_pretrained
    config_dict, unused_kwargs = PretrainedConfig.get_config_dict(pretrained_model_name_or_path, **kwargs)
                                 ^^^^^^^^^^^^^^^^^^^^^^^^^^^^^^^^^^^^^^^^^^^^^^^^^^^^^^^^^^^^^^^^^^^^^^^^^
  File "/home/qhxie/AutoResearch-SibylSystem/.venv/lib/python3.12/site-packages/transformers/configuration_utils.py", line 662, in get_config_dict
    config_dict, kwargs = cls._get_config_dict(pretrained_model_name_or_path, **kwargs)
                          ^^^^^^^^^^^^^^^^^^^^^^^^^^^^^^^^^^^^^^^^^^^^^^^^^^^^^^^^^^^^^
  File "/home/qhxie/AutoResearch-SibylSystem/.venv/lib/python3.12/site-packages/transformers/configuration_utils.py", line 721, in _get_config_dict
    resolved_config_file = cached_file(
                           ^^^^^^^^^^^^
  File "/home/qhxie/AutoResearch-SibylSystem/.venv/lib/python3.12/site-packages/transformers/utils/hub.py", line 322, in cached_file
    file = cached_files(path_or_repo_id=path_or_repo_id, filenames=[filename], **kwargs)
           ^^^^^^^^^^^^^^^^^^^^^^^^^^^^^^^^^^^^^^^^^^^^^^^^^^^^^^^^^^^^^^^^^^^^^^^^^^^^^
  File "/home/qhxie/AutoResearch-SibylSystem/.venv/lib/python3.12/site-packages/transformers/utils/hub.py", line 543, in cached_files
    raise OSError(
OSError: You are trying to access a gated repo.
Make sure to have access to it at https://huggingface.co/google/gemma-2-2b.
401 Client Error. (Request ID: Root=1-69ef8802-52730ab27010da9614f96e45;6379e0f2-ef31-460c-a1dc-3f36645a270a)

Cannot access gated repo for url https://huggingface.co/google/gemma-2-2b/resolve/main/config.json.
Access to model google/gemma-2-2b is restricted. You must have access to it and be authenticated to access it. Please log in.
======================================================================
Full Experiment: Absorption Detection on Gemma-2-2B
Layer 8, 16K dictionary
Device: cuda:0
======================================================================

[Loading] Loading Gemma-2-2B and SAE...
ERROR: You are trying to access a gated repo.
Make sure to have access to it at https://huggingface.co/google/gemma-2-2b.
401 Client Error. (Request ID: Root=1-69ef8802-52730ab27010da9614f96e45;6379e0f2-ef31-460c-a1dc-3f36645a270a)

Cannot access gated repo for url https://huggingface.co/google/gemma-2-2b/resolve/main/config.json.
Access to model google/gemma-2-2b is restricted. You must have access to it and be authenticated to access it. Please log in.
