============================================================
Training resnet20 on cifar10
WD method: constant, base WD: 5e-05
Epochs: 200, LR: 0.001, Batch: 128
Seed: 42, Device: cuda:6
Output: /home/ccwang/sibyl-research-system/workspaces/dynamic-wd/current/exp/results/full/rho_sweep/cifar10/rho_low/constant/seed_42
============================================================
  E  0/200: loss=1.4457 tr_acc=46.54% te_acc=58.58% wn=33.81 CSI=0.0000 AIS=0.4244 BEM=0.0000
  E 10/200: loss=0.4646 tr_acc=83.92% te_acc=81.29% wn=45.88 CSI=0.1021 AIS=0.3959 BEM=0.0000
  E 20/200: loss=0.3361 tr_acc=88.38% te_acc=85.56% wn=55.78 CSI=0.0368 AIS=0.3995 BEM=0.0000
  E 30/200: loss=0.2572 tr_acc=91.04% te_acc=85.09% wn=64.21 CSI=0.0529 AIS=0.3639 BEM=0.0000
  E 40/200: loss=0.2003 tr_acc=92.87% te_acc=86.32% wn=71.25 CSI=0.0585 AIS=0.3536 BEM=0.0000
  E 50/200: loss=0.1657 tr_acc=94.11% te_acc=87.97% wn=77.09 CSI=0.0610 AIS=0.3178 BEM=0.0000
  E 60/200: loss=0.1357 tr_acc=95.13% te_acc=87.74% wn=81.91 CSI=0.0595 AIS=0.4230 BEM=0.0000
  E 70/200: loss=0.1127 tr_acc=95.95% te_acc=88.03% wn=85.76 CSI=0.0614 AIS=0.3040 BEM=0.0000
  E 80/200: loss=0.0921 tr_acc=96.71% te_acc=88.09% wn=88.85 CSI=0.0722 AIS=0.3871 BEM=-0.0000
  E 90/200: loss=0.0772 tr_acc=97.24% te_acc=88.78% wn=91.24 CSI=0.0610 AIS=0.3536 BEM=0.0000
  E100/200: loss=0.0585 tr_acc=97.96% te_acc=88.75% wn=93.05 CSI=0.0962 AIS=0.3393 BEM=0.0000
  E110/200: loss=0.0466 tr_acc=98.41% te_acc=89.02% wn=94.38 CSI=0.1142 AIS=0.3051 BEM=0.0000
  E120/200: loss=0.0362 tr_acc=98.74% te_acc=89.31% wn=95.31 CSI=0.1335 AIS=0.3934 BEM=0.0000
  E130/200: loss=0.0310 tr_acc=98.97% te_acc=89.51% wn=95.93 CSI=0.1508 AIS=0.4277 BEM=0.0000
  E140/200: loss=0.0248 tr_acc=99.17% te_acc=89.75% wn=96.32 CSI=0.1542 AIS=0.4421 BEM=0.0000
  E150/200: loss=0.0183 tr_acc=99.41% te_acc=89.74% wn=96.55 CSI=0.1851 AIS=0.3312 BEM=0.0000
  E160/200: loss=0.0165 tr_acc=99.44% te_acc=89.96% wn=96.67 CSI=0.2038 AIS=0.3636 BEM=0.0000
  E170/200: loss=0.0122 tr_acc=99.62% te_acc=89.97% wn=96.73 CSI=0.2567 AIS=0.3088 BEM=0.0000
  E180/200: loss=0.0099 tr_acc=99.71% te_acc=90.08% wn=96.75 CSI=0.2762 AIS=0.3426 BEM=0.0000
  E190/200: loss=0.0103 tr_acc=99.71% te_acc=90.02% wn=96.76 CSI=0.5195 AIS=0.3674 BEM=0.0000
  E199/200: loss=0.0097 tr_acc=99.73% te_acc=90.01% wn=96.76 CSI=0.8552 AIS=0.3482 BEM=0.0000

Done! Best: 90.17%, Time: 4375.5s
