============================================================
Training vgg16_bn on cifar10
WD method: cwd_hard, base WD: 0.0005
Epochs: 200, LR: 0.001, Batch: 128
Seed: 123, Device: cuda:1
Output: /home/ccwang/sibyl-research-system/workspaces/dynamic-wd/current/exp/results/full/vgg16bn/cifar10/cwd_hard/seed_123
============================================================
  E  0/200: loss=1.9202 tr_acc=19.94% te_acc=26.98% wn=119.75 CSI=0.0000 AIS=0.4871 BEM=-0.3000
  E 10/200: loss=0.5813 tr_acc=81.41% te_acc=79.85% wn=260.18 CSI=0.3335 AIS=0.2726 BEM=-0.4909
  E 20/200: loss=0.3510 tr_acc=89.15% te_acc=86.09% wn=342.00 CSI=0.0618 AIS=0.2156 BEM=-0.5000
  E 30/200: loss=0.2373 tr_acc=92.69% te_acc=88.51% wn=410.57 CSI=0.0939 AIS=0.2957 BEM=-0.5129
  E 40/200: loss=0.1621 tr_acc=94.96% te_acc=89.14% wn=468.77 CSI=0.0707 AIS=0.1875 BEM=-0.5146
  E 50/200: loss=0.1157 tr_acc=96.56% te_acc=90.12% wn=513.42 CSI=0.1063 AIS=0.2340 BEM=-0.5235
  E 60/200: loss=0.0787 tr_acc=97.60% te_acc=90.47% wn=549.71 CSI=0.1929 AIS=0.1931 BEM=-0.5197
  E 70/200: loss=0.0584 tr_acc=98.26% te_acc=90.71% wn=579.72 CSI=0.3229 AIS=0.1656 BEM=-0.5268
  E 80/200: loss=0.0414 tr_acc=98.76% te_acc=90.32% wn=600.33 CSI=0.0563 AIS=0.1515 BEM=-0.5321
  E 90/200: loss=0.0312 tr_acc=99.07% te_acc=91.15% wn=618.29 CSI=0.1777 AIS=0.2839 BEM=-0.5231
  E100/200: loss=0.0229 tr_acc=99.32% te_acc=90.87% wn=630.18 CSI=0.1369 AIS=0.1656 BEM=-0.5218
  E110/200: loss=0.0278 tr_acc=99.19% te_acc=91.10% wn=643.04 CSI=0.5362 AIS=0.0799 BEM=-0.5297
  E120/200: loss=0.0108 tr_acc=99.69% te_acc=91.27% wn=647.30 CSI=0.1678 AIS=0.2031 BEM=-0.5314
  E130/200: loss=0.0088 tr_acc=99.75% te_acc=91.49% wn=650.98 CSI=0.3246 AIS=0.2446 BEM=-0.5298
  E140/200: loss=0.0060 tr_acc=99.82% te_acc=91.62% wn=653.86 CSI=0.6780 AIS=0.1942 BEM=-0.5390
  E150/200: loss=0.0036 tr_acc=99.89% te_acc=91.51% wn=655.24 CSI=0.3517 AIS=0.1991 BEM=-0.5344
  E160/200: loss=0.0022 tr_acc=99.93% te_acc=91.79% wn=655.65 CSI=0.6569 AIS=0.1755 BEM=-0.5311
  E170/200: loss=0.0016 tr_acc=99.94% te_acc=91.77% wn=655.89 CSI=0.9667 AIS=0.2094 BEM=-0.5333
  E180/200: loss=0.0017 tr_acc=99.96% te_acc=91.91% wn=656.01 CSI=0.8937 AIS=0.2835 BEM=-0.5331
  E190/200: loss=0.0009 tr_acc=99.98% te_acc=91.99% wn=656.06 CSI=2.4706 AIS=0.1779 BEM=-0.5346
  E199/200: loss=0.0006 tr_acc=99.98% te_acc=91.97% wn=656.06 CSI=1.3053 AIS=0.3413 BEM=-0.5335

Done! Best: 92.04%, Time: 1021.0s
