[full_igsd_pareto] Starting at 2026-04-11T16:04:18.439025
[full_igsd_pareto] TAU values: [0.7, 0.8, 0.85, 0.9]
[full_igsd_pareto] T_draft values: [4, 8, 16, 32]
[full_igsd_pareto] T_full: 64
[full_igsd_pareto] Sweep seeds: [42]
[full_igsd_pareto] Full seeds (top config): [123, 456]
[full_igsd_pareto] Loading LLaDA-8B-Instruct...
[full_igsd_pareto] Model loaded. VRAM: 15288 MB
[full_igsd_pareto] Loading datasets...
  GSM8K=1319, MATH500=500, HumanEval=164, MBPP=257

[full_igsd_pareto] === Phase 1: Parameter Sweep (16 configs × 1 seed) ===

[full_igsd_pareto] Config 1/16: tau=0.7, T_draft=4
  [GSM8K_tau0.7_td4_s42] n=1319, seed=42, tau=0.7, t_draft=4
    [100/1319] acc=0.250, tps=72.8
    [200/1319] acc=0.260, tps=69.8
    [300/1319] acc=0.240, tps=67.3
    [400/1319] acc=0.242, tps=67.8
    [500/1319] acc=0.250, tps=66.7
    [600/1319] acc=0.255, tps=67.8
    [700/1319] acc=0.263, tps=66.4
    [800/1319] acc=0.249, tps=66.1
    [900/1319] acc=0.249, tps=65.7
    [1000/1319] acc=0.243, tps=66.0
    [1100/1319] acc=0.249, tps=66.2
    [1200/1319] acc=0.245, tps=66.0
    [1300/1319] acc=0.242, tps=65.7
    [1319/1319] acc=0.241, tps=66.1
    GSM8K done: acc=0.241, speedup=2.13x, accept_rate=0.729
  [MATH500_tau0.7_td4_s42] n=500, seed=42, tau=0.7, t_draft=4
    [100/500] acc=0.040, tps=108.5
    [200/500] acc=0.055, tps=115.5
    [300/500] acc=0.057, tps=114.9
    [400/500] acc=0.068, tps=110.5
    [500/500] acc=0.066, tps=105.3
    MATH500 done: acc=0.066, speedup=1.33x
  [HumanEval_tau0.7_td4_s42] n=164, seed=42, tau=0.7, t_draft=4
    [40/164] pass@1=0.000, tps=69.1
    [80/164] pass@1=0.000, tps=70.9
    [120/164] pass@1=0.000, tps=70.3
    [160/164] pass@1=0.000, tps=68.5
    [164/164] pass@1=0.000, tps=70.3
    HumanEval done: pass@1=0.000, speedup=0.72x
  [MBPP_tau0.7_td4_s42] n=257, seed=42, tau=0.7, t_draft=4
    [80/257] pass@1=0.000, tps=95.8
    [160/257] pass@1=0.000, tps=107.8
    [240/257] pass@1=0.000, tps=104.4
    [257/257] pass@1=0.000, tps=104.1
    MBPP done: pass@1=0.000, speedup=0.54x
  [checkpoint] tau=0.7, T_draft=4, seed=42 saved

[full_igsd_pareto] Config 2/16: tau=0.7, T_draft=8
  [GSM8K_tau0.7_td8_s42] n=1319, seed=42, tau=0.7, t_draft=8
    [100/1319] acc=0.420, tps=78.4
    [200/1319] acc=0.410, tps=79.7
    [300/1319] acc=0.360, tps=77.8
    [400/1319] acc=0.343, tps=77.0
    [500/1319] acc=0.344, tps=76.0
    [600/1319] acc=0.335, tps=77.5
    [700/1319] acc=0.337, tps=76.7
    [800/1319] acc=0.320, tps=76.5
    [900/1319] acc=0.308, tps=76.3
    [1000/1319] acc=0.308, tps=76.5
    [1100/1319] acc=0.317, tps=76.1
    [1200/1319] acc=0.313, tps=76.0
    [1300/1319] acc=0.311, tps=75.4
    [1319/1319] acc=0.312, tps=75.8
    GSM8K done: acc=0.312, speedup=2.44x, accept_rate=0.802
  [MATH500_tau0.7_td8_s42] n=500, seed=42, tau=0.7, t_draft=8
    [100/500] acc=0.100, tps=122.0
    [200/500] acc=0.080, tps=133.3
    [300/500] acc=0.067, tps=126.3
    [400/500] acc=0.072, tps=122.5
    [500/500] acc=0.070, tps=118.0
    MATH500 done: acc=0.070, speedup=1.49x
  [HumanEval_tau0.7_td8_s42] n=164, seed=42, tau=0.7, t_draft=8
    [40/164] pass@1=0.000, tps=71.8
    [80/164] pass@1=0.000, tps=85.1
    [120/164] pass@1=0.000, tps=86.1
    [160/164] pass@1=0.000, tps=87.2
    [164/164] pass@1=0.000, tps=88.1
    HumanEval done: pass@1=0.000, speedup=0.90x
  [MBPP_tau0.7_td8_s42] n=257, seed=42, tau=0.7, t_draft=8
    [80/257] pass@1=0.000, tps=139.2
    [160/257] pass@1=0.000, tps=152.6
    [240/257] pass@1=0.000, tps=155.4
    [257/257] pass@1=0.000, tps=156.8
    MBPP done: pass@1=0.000, speedup=0.82x
  [checkpoint] tau=0.7, T_draft=8, seed=42 saved

[full_igsd_pareto] Config 3/16: tau=0.7, T_draft=16
  [GSM8K_tau0.7_td16_s42] n=1319, seed=42, tau=0.7, t_draft=16
    [100/1319] acc=0.450, tps=71.2
    [200/1319] acc=0.485, tps=70.7
    [300/1319] acc=0.447, tps=69.6
    [400/1319] acc=0.440, tps=69.9
    [500/1319] acc=0.434, tps=68.5
    [600/1319] acc=0.447, tps=69.3
    [700/1319] acc=0.449, tps=69.3
    [800/1319] acc=0.438, tps=69.7
    [900/1319] acc=0.434, tps=69.7
    [1000/1319] acc=0.437, tps=69.8
    [1100/1319] acc=0.446, tps=69.8
    [1200/1319] acc=0.440, tps=69.9
    [1300/1319] acc=0.440, tps=70.0
    [1319/1319] acc=0.441, tps=70.1
    GSM8K done: acc=0.441, speedup=2.26x, accept_rate=0.915
  [MATH500_tau0.7_td16_s42] n=500, seed=42, tau=0.7, t_draft=16
    [100/500] acc=0.120, tps=90.0
    [200/500] acc=0.105, tps=96.4
    [300/500] acc=0.087, tps=96.5
    [400/500] acc=0.095, tps=95.5
    [500/500] acc=0.082, tps=93.4
    MATH500 done: acc=0.082, speedup=1.18x
  [HumanEval_tau0.7_td16_s42] n=164, seed=42, tau=0.7, t_draft=16
    [40/164] pass@1=0.000, tps=90.1
    [80/164] pass@1=0.000, tps=89.2
    [120/164] pass@1=0.000, tps=93.9
    [160/164] pass@1=0.000, tps=94.8
    [164/164] pass@1=0.000, tps=95.0
    HumanEval done: pass@1=0.000, speedup=0.97x
  [MBPP_tau0.7_td16_s42] n=257, seed=42, tau=0.7, t_draft=16
    [80/257] pass@1=0.000, tps=115.7
    [160/257] pass@1=0.000, tps=119.1
    [240/257] pass@1=0.000, tps=121.2
    [257/257] pass@1=0.000, tps=121.8
    MBPP done: pass@1=0.000, speedup=0.64x
  [checkpoint] tau=0.7, T_draft=16, seed=42 saved

[full_igsd_pareto] Config 4/16: tau=0.7, T_draft=32
  [GSM8K_tau0.7_td32_s42] n=1319, seed=42, tau=0.7, t_draft=32
    [100/1319] acc=0.540, tps=44.8
    [200/1319] acc=0.545, tps=44.9
    [300/1319] acc=0.550, tps=44.8
    [400/1319] acc=0.547, tps=45.0
    [500/1319] acc=0.542, tps=45.0
    [600/1319] acc=0.540, tps=45.2
    [700/1319] acc=0.554, tps=45.3
    [800/1319] acc=0.534, tps=45.4
    [900/1319] acc=0.534, tps=45.4
    [1000/1319] acc=0.542, tps=45.5
    [1100/1319] acc=0.544, tps=45.6
    [1200/1319] acc=0.538, tps=45.7
    [1300/1319] acc=0.537, tps=45.7
    [1319/1319] acc=0.534, tps=45.7
    GSM8K done: acc=0.534, speedup=1.47x, accept_rate=0.966
  [MATH500_tau0.7_td32_s42] n=500, seed=42, tau=0.7, t_draft=32
    [100/500] acc=0.150, tps=70.0
    [200/500] acc=0.140, tps=73.8
    [300/500] acc=0.137, tps=72.9
    [400/500] acc=0.138, tps=73.6
    [500/500] acc=0.124, tps=72.0
    MATH500 done: acc=0.124, speedup=0.91x
  [HumanEval_tau0.7_td32_s42] n=164, seed=42, tau=0.7, t_draft=32
    [40/164] pass@1=0.000, tps=61.8
    [80/164] pass@1=0.000, tps=63.3
    [120/164] pass@1=0.000, tps=64.4
    [160/164] pass@1=0.000, tps=64.4
    [164/164] pass@1=0.000, tps=64.4
    HumanEval done: pass@1=0.000, speedup=0.66x
  [MBPP_tau0.7_td32_s42] n=257, seed=42, tau=0.7, t_draft=32
    [80/257] pass@1=0.000, tps=85.3
    [160/257] pass@1=0.000, tps=86.1
    [240/257] pass@1=0.000, tps=86.3
    [257/257] pass@1=0.000, tps=86.5
    MBPP done: pass@1=0.000, speedup=0.45x
  [checkpoint] tau=0.7, T_draft=32, seed=42 saved

[full_igsd_pareto] Config 5/16: tau=0.8, T_draft=4
  [GSM8K_tau0.8_td4_s42] n=1319, seed=42, tau=0.8, t_draft=4
    [100/1319] acc=0.250, tps=64.9
    [200/1319] acc=0.265, tps=61.9
    [300/1319] acc=0.250, tps=59.9
    [400/1319] acc=0.240, tps=59.9
    [500/1319] acc=0.250, tps=58.7
    [600/1319] acc=0.258, tps=59.7
    [700/1319] acc=0.264, tps=58.4
    [800/1319] acc=0.251, tps=58.1
    [900/1319] acc=0.251, tps=57.8
    [1000/1319] acc=0.247, tps=58.1
    [1100/1319] acc=0.255, tps=58.3
    [1200/1319] acc=0.253, tps=58.1
    [1300/1319] acc=0.249, tps=57.9
    [1319/1319] acc=0.248, tps=58.2
    GSM8K done: acc=0.248, speedup=1.88x, accept_rate=0.699
  [MATH500_tau0.8_td4_s42] n=500, seed=42, tau=0.8, t_draft=4
    [100/500] acc=0.060, tps=100.1
    [200/500] acc=0.070, tps=104.3
    [300/500] acc=0.060, tps=103.6
    [400/500] acc=0.065, tps=99.8
    [500/500] acc=0.064, tps=95.4
    MATH500 done: acc=0.064, speedup=1.20x
  [HumanEval_tau0.8_td4_s42] n=164, seed=42, tau=0.8, t_draft=4
    [40/164] pass@1=0.000, tps=57.1
    [80/164] pass@1=0.000, tps=60.9
    [120/164] pass@1=0.000, tps=61.0
    [160/164] pass@1=0.000, tps=60.2
    [164/164] pass@1=0.000, tps=62.0
    HumanEval done: pass@1=0.000, speedup=0.63x
  [MBPP_tau0.8_td4_s42] n=257, seed=42, tau=0.8, t_draft=4
    [80/257] pass@1=0.000, tps=87.3
    [160/257] pass@1=0.000, tps=95.7
    [240/257] pass@1=0.000, tps=93.5
    [257/257] pass@1=0.000, tps=93.0
    MBPP done: pass@1=0.000, speedup=0.49x
  [checkpoint] tau=0.8, T_draft=4, seed=42 saved

[full_igsd_pareto] Config 6/16: tau=0.8, T_draft=8
  [GSM8K_tau0.8_td8_s42] n=1319, seed=42, tau=0.8, t_draft=8
    [100/1319] acc=0.420, tps=72.9
    [200/1319] acc=0.415, tps=73.6
    [300/1319] acc=0.357, tps=71.5
    [400/1319] acc=0.343, tps=70.6
    [500/1319] acc=0.342, tps=69.9
    [600/1319] acc=0.340, tps=71.5
    [700/1319] acc=0.341, tps=70.7
    [800/1319] acc=0.324, tps=70.3
    [900/1319] acc=0.314, tps=70.0
    [1000/1319] acc=0.313, tps=70.2
    [1100/1319] acc=0.323, tps=69.8
    [1200/1319] acc=0.318, tps=69.8
    [1300/1319] acc=0.315, tps=69.5
    [1319/1319] acc=0.317, tps=70.0
    GSM8K done: acc=0.317, speedup=2.26x, accept_rate=0.778
  [MATH500_tau0.8_td8_s42] n=500, seed=42, tau=0.8, t_draft=8
    [100/500] acc=0.110, tps=108.1
    [200/500] acc=0.085, tps=111.1
    [300/500] acc=0.073, tps=107.7
    [400/500] acc=0.077, tps=105.8
    [500/500] acc=0.070, tps=103.1
    MATH500 done: acc=0.070, speedup=1.30x
  [HumanEval_tau0.8_td8_s42] n=164, seed=42, tau=0.8, t_draft=8
    [40/164] pass@1=0.000, tps=66.9
    [80/164] pass@1=0.000, tps=79.0
    [120/164] pass@1=0.000, tps=80.8
    [160/164] pass@1=0.000, tps=80.7
    [164/164] pass@1=0.000, tps=81.5
    HumanEval done: pass@1=0.000, speedup=0.83x
  [MBPP_tau0.8_td8_s42] n=257, seed=42, tau=0.8, t_draft=8
    [80/257] pass@1=0.000, tps=126.8
    [160/257] pass@1=0.000, tps=139.3
    [240/257] pass@1=0.000, tps=143.0
    [257/257] pass@1=0.000, tps=144.4
    MBPP done: pass@1=0.000, speedup=0.75x
  [checkpoint] tau=0.8, T_draft=8, seed=42 saved

[full_igsd_pareto] Config 7/16: tau=0.8, T_draft=16
  [GSM8K_tau0.8_td16_s42] n=1319, seed=42, tau=0.8, t_draft=16
    [100/1319] acc=0.460, tps=68.3
    [200/1319] acc=0.490, tps=67.5
    [300/1319] acc=0.450, tps=66.4
    [400/1319] acc=0.443, tps=66.8
    [500/1319] acc=0.436, tps=65.4
    [600/1319] acc=0.450, tps=66.2
    [700/1319] acc=0.451, tps=66.3
    [800/1319] acc=0.440, tps=66.7
    [900/1319] acc=0.437, tps=66.7
    [1000/1319] acc=0.439, tps=66.9
    [1100/1319] acc=0.449, tps=66.8
    [1200/1319] acc=0.442, tps=66.9
    [1300/1319] acc=0.442, tps=67.0
    [1319/1319] acc=0.444, tps=67.1
    GSM8K done: acc=0.444, speedup=2.16x, accept_rate=0.903
  [MATH500_tau0.8_td16_s42] n=500, seed=42, tau=0.8, t_draft=16
    [100/500] acc=0.120, tps=84.4
    [200/500] acc=0.110, tps=90.5
    [300/500] acc=0.090, tps=90.5
    [400/500] acc=0.102, tps=89.9
    [500/500] acc=0.090, tps=88.0
    MATH500 done: acc=0.090, speedup=1.11x
  [HumanEval_tau0.8_td16_s42] n=164, seed=42, tau=0.8, t_draft=16
    [40/164] pass@1=0.000, tps=85.0
    [80/164] pass@1=0.000, tps=83.8
    [120/164] pass@1=0.000, tps=87.8
    [160/164] pass@1=0.000, tps=89.1
    [164/164] pass@1=0.000, tps=89.4
    HumanEval done: pass@1=0.000, speedup=0.91x
  [MBPP_tau0.8_td16_s42] n=257, seed=42, tau=0.8, t_draft=16
    [80/257] pass@1=0.000, tps=108.3
    [160/257] pass@1=0.000, tps=112.9
    [240/257] pass@1=0.000, tps=115.2
    [257/257] pass@1=0.000, tps=115.7
    MBPP done: pass@1=0.000, speedup=0.60x
  [checkpoint] tau=0.8, T_draft=16, seed=42 saved

[full_igsd_pareto] Config 8/16: tau=0.8, T_draft=32
  [GSM8K_tau0.8_td32_s42] n=1319, seed=42, tau=0.8, t_draft=32
    [100/1319] acc=0.540, tps=44.8
    [200/1319] acc=0.545, tps=45.0
    [300/1319] acc=0.550, tps=45.0
    [400/1319] acc=0.547, tps=45.2
    [500/1319] acc=0.542, tps=45.2
    [600/1319] acc=0.542, tps=45.3
    [700/1319] acc=0.556, tps=45.2
    [800/1319] acc=0.535, tps=45.3
    [900/1319] acc=0.536, tps=45.2
    [1000/1319] acc=0.543, tps=45.3
    [1100/1319] acc=0.545, tps=45.4
    [1200/1319] acc=0.539, tps=45.6
    [1300/1319] acc=0.538, tps=45.9
    [1319/1319] acc=0.534, tps=46.0
    GSM8K done: acc=0.534, speedup=1.48x, accept_rate=0.961
  [MATH500_tau0.8_td32_s42] n=500, seed=42, tau=0.8, t_draft=32
    [100/500] acc=0.150, tps=67.6
    [200/500] acc=0.135, tps=70.6
    [300/500] acc=0.133, tps=68.9
    [400/500] acc=0.135, tps=68.1
    [500/500] acc=0.124, tps=67.2
    MATH500 done: acc=0.124, speedup=0.85x
  [HumanEval_tau0.8_td32_s42] n=164, seed=42, tau=0.8, t_draft=32
    [40/164] pass@1=0.000, tps=60.4
    [80/164] pass@1=0.000, tps=61.8
    [120/164] pass@1=0.000, tps=63.1
    [160/164] pass@1=0.000, tps=62.9
    [164/164] pass@1=0.000, tps=63.0
    HumanEval done: pass@1=0.000, speedup=0.64x
  [MBPP_tau0.8_td32_s42] n=257, seed=42, tau=0.8, t_draft=32
    [80/257] pass@1=0.000, tps=82.9
    [160/257] pass@1=0.000, tps=84.0
    [240/257] pass@1=0.000, tps=84.3
    [257/257] pass@1=0.000, tps=84.5
    MBPP done: pass@1=0.000, speedup=0.44x
  [checkpoint] tau=0.8, T_draft=32, seed=42 saved

[full_igsd_pareto] Config 9/16: tau=0.85, T_draft=4
  [GSM8K_tau0.85_td4_s42] n=1319, seed=42, tau=0.85, t_draft=4
    [100/1319] acc=0.270, tps=60.2
    [200/1319] acc=0.280, tps=57.9
    [300/1319] acc=0.260, tps=55.7
    [400/1319] acc=0.250, tps=55.7
    [500/1319] acc=0.258, tps=54.6
    [600/1319] acc=0.263, tps=55.3
    [700/1319] acc=0.270, tps=54.1
    [800/1319] acc=0.255, tps=53.8
    [900/1319] acc=0.254, tps=53.6
    [1000/1319] acc=0.251, tps=54.0
    [1100/1319] acc=0.262, tps=54.1
    [1200/1319] acc=0.259, tps=53.9
    [1300/1319] acc=0.256, tps=53.7
    [1319/1319] acc=0.254, tps=53.9
    GSM8K done: acc=0.254, speedup=1.74x, accept_rate=0.681
  [MATH500_tau0.85_td4_s42] n=500, seed=42, tau=0.85, t_draft=4
    [100/500] acc=0.070, tps=91.7
    [200/500] acc=0.080, tps=97.0
    [300/500] acc=0.067, tps=96.9
    [400/500] acc=0.070, tps=94.1
    [500/500] acc=0.068, tps=90.4
    MATH500 done: acc=0.068, speedup=1.14x
  [HumanEval_tau0.85_td4_s42] n=164, seed=42, tau=0.85, t_draft=4
    [40/164] pass@1=0.000, tps=54.7
    [80/164] pass@1=0.000, tps=58.1
    [120/164] pass@1=0.000, tps=58.8
    [160/164] pass@1=0.000, tps=58.6
    [164/164] pass@1=0.000, tps=60.2
    HumanEval done: pass@1=0.000, speedup=0.61x
  [MBPP_tau0.85_td4_s42] n=257, seed=42, tau=0.85, t_draft=4
    [80/257] pass@1=0.000, tps=84.8
    [160/257] pass@1=0.000, tps=92.9
    [240/257] pass@1=0.000, tps=90.7
    [257/257] pass@1=0.000, tps=90.4
    MBPP done: pass@1=0.000, speedup=0.47x
  [checkpoint] tau=0.85, T_draft=4, seed=42 saved

[full_igsd_pareto] Config 10/16: tau=0.85, T_draft=8
  [GSM8K_tau0.85_td8_s42] n=1319, seed=42, tau=0.85, t_draft=8
    [100/1319] acc=0.420, tps=70.1
    [200/1319] acc=0.420, tps=70.4
    [300/1319] acc=0.367, tps=69.0
    [400/1319] acc=0.347, tps=69.2
    [500/1319] acc=0.350, tps=68.7
    [600/1319] acc=0.347, tps=69.6
    [700/1319] acc=0.349, tps=68.3
    [800/1319] acc=0.331, tps=67.6
    [900/1319] acc=0.321, tps=67.0
    [1000/1319] acc=0.316, tps=67.0
    [1100/1319] acc=0.327, tps=66.4
    [1200/1319] acc=0.322, tps=66.0
    [1300/1319] acc=0.318, tps=65.3
    [1319/1319] acc=0.320, tps=65.6
    GSM8K done: acc=0.320, speedup=2.12x, accept_rate=0.764
  [MATH500_tau0.85_td8_s42] n=500, seed=42, tau=0.85, t_draft=8
    [100/500] acc=0.080, tps=95.5
    [200/500] acc=0.075, tps=101.1
    [300/500] acc=0.070, tps=99.4
    [400/500] acc=0.080, tps=98.3
    [500/500] acc=0.078, tps=96.0
    MATH500 done: acc=0.078, speedup=1.21x
  [HumanEval_tau0.85_td8_s42] n=164, seed=42, tau=0.85, t_draft=8
    [40/164] pass@1=0.000, tps=64.2
    [80/164] pass@1=0.000, tps=75.2
    [120/164] pass@1=0.000, tps=75.7
    [160/164] pass@1=0.000, tps=76.2
    [164/164] pass@1=0.000, tps=76.9
    HumanEval done: pass@1=0.000, speedup=0.78x
  [MBPP_tau0.85_td8_s42] n=257, seed=42, tau=0.85, t_draft=8
    [80/257] pass@1=0.000, tps=120.9
    [160/257] pass@1=0.000, tps=132.6
    [240/257] pass@1=0.000, tps=136.1
    [257/257] pass@1=0.000, tps=137.5
    MBPP done: pass@1=0.000, speedup=0.72x
  [checkpoint] tau=0.85, T_draft=8, seed=42 saved

[full_igsd_pareto] Config 11/16: tau=0.85, T_draft=16
  [GSM8K_tau0.85_td16_s42] n=1319, seed=42, tau=0.85, t_draft=16
    [100/1319] acc=0.480, tps=66.9
    [200/1319] acc=0.505, tps=65.8
    [300/1319] acc=0.460, tps=64.6
    [400/1319] acc=0.453, tps=64.9
    [500/1319] acc=0.446, tps=63.4
    [600/1319] acc=0.458, tps=64.2
    [700/1319] acc=0.459, tps=64.2
    [800/1319] acc=0.448, tps=64.6
    [900/1319] acc=0.443, tps=64.7
    [1000/1319] acc=0.447, tps=64.8
    [1100/1319] acc=0.456, tps=64.7
    [1200/1319] acc=0.448, tps=64.9
    [1300/1319] acc=0.450, tps=65.1
    [1319/1319] acc=0.451, tps=65.1
    GSM8K done: acc=0.451, speedup=2.10x, accept_rate=0.894
  [MATH500_tau0.85_td16_s42] n=500, seed=42, tau=0.85, t_draft=16
    [100/500] acc=0.140, tps=83.6
    [200/500] acc=0.115, tps=89.7
    [300/500] acc=0.093, tps=89.7
    [400/500] acc=0.105, tps=88.8
    [500/500] acc=0.092, tps=86.9
    MATH500 done: acc=0.092, speedup=1.10x
  [HumanEval_tau0.85_td16_s42] n=164, seed=42, tau=0.85, t_draft=16
    [40/164] pass@1=0.000, tps=83.3
    [80/164] pass@1=0.000, tps=82.2
    [120/164] pass@1=0.000, tps=86.0
    [160/164] pass@1=0.000, tps=86.9
    [164/164] pass@1=0.000, tps=87.4
    HumanEval done: pass@1=0.000, speedup=0.89x
  [MBPP_tau0.85_td16_s42] n=257, seed=42, tau=0.85, t_draft=16
    [80/257] pass@1=0.000, tps=106.4
    [160/257] pass@1=0.000, tps=111.5
    [240/257] pass@1=0.000, tps=114.0
    [257/257] pass@1=0.000, tps=114.6
    MBPP done: pass@1=0.000, speedup=0.60x
  [checkpoint] tau=0.85, T_draft=16, seed=42 saved

[full_igsd_pareto] Config 12/16: tau=0.85, T_draft=32
  [GSM8K_tau0.85_td32_s42] n=1319, seed=42, tau=0.85, t_draft=32
    [100/1319] acc=0.550, tps=46.4
    [200/1319] acc=0.545, tps=47.6
    [300/1319] acc=0.550, tps=47.4
    [400/1319] acc=0.547, tps=46.6
    [500/1319] acc=0.542, tps=46.0
    [600/1319] acc=0.542, tps=45.8
    [700/1319] acc=0.556, tps=45.4
    [800/1319] acc=0.535, tps=45.3
    [900/1319] acc=0.536, tps=50.5
    [1000/1319] acc=0.543, tps=55.8
    [1100/1319] acc=0.545, tps=59.9
    [1200/1319] acc=0.539, tps=63.4
    [1300/1319] acc=0.538, tps=66.3
    [1319/1319] acc=0.536, tps=66.8
    GSM8K done: acc=0.536, speedup=2.15x, accept_rate=0.957
  [MATH500_tau0.85_td32_s42] n=500, seed=42, tau=0.85, t_draft=32
    [100/500] acc=0.160, tps=147.7
    [200/500] acc=0.140, tps=156.2
    [300/500] acc=0.137, tps=150.0
    [400/500] acc=0.138, tps=148.2
    [500/500] acc=0.128, tps=147.2
    MATH500 done: acc=0.128, speedup=1.86x
  [HumanEval_tau0.85_td32_s42] n=164, seed=42, tau=0.85, t_draft=32
    [40/164] pass@1=0.000, tps=140.6
    [80/164] pass@1=0.000, tps=144.5
    [120/164] pass@1=0.000, tps=147.3
    [160/164] pass@1=0.000, tps=147.0
    [164/164] pass@1=0.000, tps=147.1
    HumanEval done: pass@1=0.000, speedup=1.50x
  [MBPP_tau0.85_td32_s42] n=257, seed=42, tau=0.85, t_draft=32
    [80/257] pass@1=0.000, tps=200.2
    [160/257] pass@1=0.000, tps=202.8
    [240/257] pass@1=0.000, tps=202.6
    [257/257] pass@1=0.000, tps=203.3
    MBPP done: pass@1=0.000, speedup=1.06x
  [checkpoint] tau=0.85, T_draft=32, seed=42 saved

[full_igsd_pareto] Config 13/16: tau=0.9, T_draft=4
  [GSM8K_tau0.9_td4_s42] n=1319, seed=42, tau=0.9, t_draft=4
    [100/1319] acc=0.280, tps=126.0
    [200/1319] acc=0.290, tps=120.8
    [300/1319] acc=0.273, tps=115.9
    [400/1319] acc=0.273, tps=115.6
    [500/1319] acc=0.272, tps=113.7
    [600/1319] acc=0.275, tps=115.3
    [700/1319] acc=0.287, tps=112.7
    [800/1319] acc=0.275, tps=112.0
    [900/1319] acc=0.276, tps=111.6
    [1000/1319] acc=0.268, tps=112.0
    [1100/1319] acc=0.278, tps=112.0
    [1200/1319] acc=0.274, tps=111.6
    [1300/1319] acc=0.275, tps=111.1
    [1319/1319] acc=0.274, tps=111.5
    GSM8K done: acc=0.274, speedup=3.59x, accept_rate=0.654
  [MATH500_tau0.9_td4_s42] n=500, seed=42, tau=0.9, t_draft=4
    [100/500] acc=0.050, tps=197.6
    [200/500] acc=0.060, tps=206.3
    [300/500] acc=0.057, tps=201.8
    [400/500] acc=0.072, tps=196.6
    [500/500] acc=0.070, tps=188.6
    MATH500 done: acc=0.070, speedup=2.38x
  [HumanEval_tau0.9_td4_s42] n=164, seed=42, tau=0.9, t_draft=4
    [40/164] pass@1=0.000, tps=115.3
    [80/164] pass@1=0.000, tps=127.4
    [120/164] pass@1=0.000, tps=128.7
    [160/164] pass@1=0.000, tps=127.5
    [164/164] pass@1=0.000, tps=131.5
    HumanEval done: pass@1=0.000, speedup=1.34x
  [MBPP_tau0.9_td4_s42] n=257, seed=42, tau=0.9, t_draft=4
    [80/257] pass@1=0.000, tps=190.4
    [160/257] pass@1=0.000, tps=205.0
    [240/257] pass@1=0.000, tps=202.0
    [257/257] pass@1=0.000, tps=199.9
    MBPP done: pass@1=0.000, speedup=1.04x
  [checkpoint] tau=0.9, T_draft=4, seed=42 saved

[full_igsd_pareto] Config 14/16: tau=0.9, T_draft=8
  [GSM8K_tau0.9_td8_s42] n=1319, seed=42, tau=0.9, t_draft=8
    [100/1319] acc=0.430, tps=146.2
    [200/1319] acc=0.415, tps=147.2
    [300/1319] acc=0.367, tps=142.4
    [400/1319] acc=0.343, tps=139.5
    [500/1319] acc=0.346, tps=138.3
    [600/1319] acc=0.340, tps=141.3
    [700/1319] acc=0.343, tps=139.3
    [800/1319] acc=0.328, tps=138.3
    [900/1319] acc=0.319, tps=137.6
    [1000/1319] acc=0.317, tps=137.9
    [1100/1319] acc=0.325, tps=137.0
    [1200/1319] acc=0.322, tps=136.4
    [1300/1319] acc=0.322, tps=135.3
    [1319/1319] acc=0.324, tps=136.0
    GSM8K done: acc=0.324, speedup=4.39x, accept_rate=0.743
  [MATH500_tau0.9_td8_s42] n=500, seed=42, tau=0.9, t_draft=8
    [100/500] acc=0.110, tps=200.0
    [200/500] acc=0.090, tps=212.7
    [300/500] acc=0.080, tps=208.5
    [400/500] acc=0.087, tps=207.5
    [500/500] acc=0.086, tps=202.8
    MATH500 done: acc=0.086, speedup=2.56x
  [HumanEval_tau0.9_td8_s42] n=164, seed=42, tau=0.9, t_draft=8
    [40/164] pass@1=0.000, tps=139.3
    [80/164] pass@1=0.000, tps=165.5
    [120/164] pass@1=0.000, tps=167.7
    [160/164] pass@1=0.000, tps=169.4
    [164/164] pass@1=0.000, tps=171.5
    HumanEval done: pass@1=0.000, speedup=1.75x
  [MBPP_tau0.9_td8_s42] n=257, seed=42, tau=0.9, t_draft=8
    [80/257] pass@1=0.000, tps=273.7
    [160/257] pass@1=0.000, tps=300.2
    [240/257] pass@1=0.000, tps=309.9
    [257/257] pass@1=0.000, tps=313.2
    MBPP done: pass@1=0.000, speedup=1.63x
  [checkpoint] tau=0.9, T_draft=8, seed=42 saved

[full_igsd_pareto] Config 15/16: tau=0.9, T_draft=16
  [GSM8K_tau0.9_td16_s42] n=1319, seed=42, tau=0.9, t_draft=16
    [100/1319] acc=0.480, tps=145.7
    [200/1319] acc=0.505, tps=144.1
    [300/1319] acc=0.463, tps=141.6
    [400/1319] acc=0.455, tps=142.3
    [500/1319] acc=0.448, tps=139.2
    [600/1319] acc=0.462, tps=141.1
    [700/1319] acc=0.460, tps=141.1
    [800/1319] acc=0.449, tps=142.0
    [900/1319] acc=0.444, tps=142.2
    [1000/1319] acc=0.447, tps=142.4
    [1100/1319] acc=0.456, tps=142.1
    [1200/1319] acc=0.449, tps=142.4
    [1300/1319] acc=0.452, tps=142.8
    [1319/1319] acc=0.453, tps=142.9
    GSM8K done: acc=0.453, speedup=4.61x, accept_rate=0.882
  [MATH500_tau0.9_td16_s42] n=500, seed=42, tau=0.9, t_draft=16
    [100/500] acc=0.120, tps=176.4
    [200/500] acc=0.105, tps=190.1
    [300/500] acc=0.090, tps=188.8
    [400/500] acc=0.107, tps=187.3
    [500/500] acc=0.098, tps=183.6
    MATH500 done: acc=0.098, speedup=2.32x
  [HumanEval_tau0.9_td16_s42] n=164, seed=42, tau=0.9, t_draft=16
    [40/164] pass@1=0.000, tps=181.3
    [80/164] pass@1=0.000, tps=179.7
    [120/164] pass@1=0.000, tps=187.8
    [160/164] pass@1=0.000, tps=190.4
    [164/164] pass@1=0.000, tps=191.6
    HumanEval done: pass@1=0.000, speedup=1.96x
  [MBPP_tau0.9_td16_s42] n=257, seed=42, tau=0.9, t_draft=16
    [80/257] pass@1=0.000, tps=241.8
    [160/257] pass@1=0.000, tps=254.0
    [240/257] pass@1=0.000, tps=258.2
    [257/257] pass@1=0.000, tps=259.2
    MBPP done: pass@1=0.000, speedup=1.35x
  [checkpoint] tau=0.9, T_draft=16, seed=42 saved

[full_igsd_pareto] Config 16/16: tau=0.9, T_draft=32
  [GSM8K_tau0.9_td32_s42] n=1319, seed=42, tau=0.9, t_draft=32
    [100/1319] acc=0.550, tps=98.6
    [200/1319] acc=0.545, tps=98.9
    [300/1319] acc=0.550, tps=98.7
    [400/1319] acc=0.547, tps=99.0
    [500/1319] acc=0.542, tps=98.7
    [600/1319] acc=0.542, tps=99.1
    [700/1319] acc=0.556, tps=98.9
    [800/1319] acc=0.535, tps=99.0
    [900/1319] acc=0.536, tps=98.8
    [1000/1319] acc=0.543, tps=99.1
    [1100/1319] acc=0.545, tps=99.2
    [1200/1319] acc=0.539, tps=99.2
    [1300/1319] acc=0.538, tps=99.2
    [1319/1319] acc=0.536, tps=99.2
    GSM8K done: acc=0.536, speedup=3.20x, accept_rate=0.952
  [MATH500_tau0.9_td32_s42] n=500, seed=42, tau=0.9, t_draft=32
    [100/500] acc=0.150, tps=143.2
    [200/500] acc=0.135, tps=152.0
    [300/500] acc=0.137, tps=149.0
    [400/500] acc=0.138, tps=147.7
    [500/500] acc=0.128, tps=146.1
    MATH500 done: acc=0.128, speedup=1.84x
  [HumanEval_tau0.9_td32_s42] n=164, seed=42, tau=0.9, t_draft=32
    [40/164] pass@1=0.000, tps=136.5
    [80/164] pass@1=0.000, tps=140.5
    [120/164] pass@1=0.000, tps=143.4
    [160/164] pass@1=0.000, tps=143.0
    [164/164] pass@1=0.000, tps=143.2
    HumanEval done: pass@1=0.000, speedup=1.46x
  [MBPP_tau0.9_td32_s42] n=257, seed=42, tau=0.9, t_draft=32
    [80/257] pass@1=0.000, tps=195.4
    [160/257] pass@1=0.000, tps=197.6
    [240/257] pass@1=0.000, tps=197.6
    [257/257] pass@1=0.000, tps=198.3
    MBPP done: pass@1=0.000, speedup=1.03x
  [checkpoint] tau=0.9, T_draft=32, seed=42 saved

[full_igsd_pareto] Phase 1 complete. Aggregating sweep results...
  tau=0.7, T_draft=4: speedup=1.611x, acc_ret=0.544, QAS=0.877, accept=0.729, within5%=False
  tau=0.7, T_draft=8: speedup=1.876x, acc_ret=0.608, QAS=1.141, accept=0.802, within5%=False
  tau=0.7, T_draft=16: speedup=1.683x, acc_ret=0.732, QAS=1.232, accept=0.915, within5%=False
  tau=0.7, T_draft=32: speedup=1.135x, acc_ret=0.885, QAS=1.005, accept=0.966, within5%=False
  tau=0.8, T_draft=4: speedup=1.426x, acc_ret=0.546, QAS=0.778, accept=0.699, within5%=False
  tau=0.8, T_draft=8: speedup=1.716x, acc_ret=0.611, QAS=1.049, accept=0.778, within5%=False
  tau=0.8, T_draft=16: speedup=1.605x, acc_ret=0.750, QAS=1.204, accept=0.903, within5%=False
  tau=0.8, T_draft=32: speedup=1.125x, acc_ret=0.886, QAS=0.996, accept=0.961, within5%=False
  tau=0.85, T_draft=4: speedup=1.332x, acc_ret=0.558, QAS=0.744, accept=0.681, within5%=False
  tau=0.85, T_draft=8: speedup=1.609x, acc_ret=0.629, QAS=1.012, accept=0.764, within5%=False
  tau=0.85, T_draft=16: speedup=1.565x, acc_ret=0.759, QAS=1.188, accept=0.894, within5%=False
  tau=0.85, T_draft=32: speedup=1.872x, acc_ret=0.895, QAS=1.675, accept=0.957, within5%=False
  tau=0.9, T_draft=4: speedup=2.776x, acc_ret=0.577, QAS=1.603, accept=0.654, within5%=False
  tau=0.9, T_draft=8: speedup=3.379x, acc_ret=0.648, QAS=2.190, accept=0.743, within5%=False
  tau=0.9, T_draft=16: speedup=3.420x, acc_ret=0.772, QAS=2.641, accept=0.882, within5%=False
  tau=0.9, T_draft=32: speedup=2.447x, acc_ret=0.895, QAS=2.190, accept=0.952, within5%=False
  Top-2 configs for full 3-seed run: [(0.9, 16), (0.9, 32)]

[full_igsd_pareto] === Phase 2: Full 3-seed Evaluation for Top-2 Configs ===

  Full eval: tau=0.9, T_draft=16
  [GSM8K_tau0.9_td16_s123] n=1319, seed=123, tau=0.9, t_draft=16
    [100/1319] acc=0.430, tps=144.9
    [200/1319] acc=0.475, tps=148.3
    [300/1319] acc=0.490, tps=148.2
    [400/1319] acc=0.482, tps=148.4
    [500/1319] acc=0.466, tps=146.7
    [600/1319] acc=0.468, tps=145.9
    [700/1319] acc=0.476, tps=145.7
    [800/1319] acc=0.472, tps=145.2
    [900/1319] acc=0.461, tps=143.1
    [1000/1319] acc=0.460, tps=142.7
    [1100/1319] acc=0.455, tps=142.8
    [1200/1319] acc=0.453, tps=142.2
    [1300/1319] acc=0.451, tps=142.1
    [1319/1319] acc=0.453, tps=142.2
    GSM8K done: acc=0.453, speedup=4.59x, accept_rate=0.881
  [MATH500_tau0.9_td16_s123] n=500, seed=123, tau=0.9, t_draft=16
    [100/500] acc=0.120, tps=173.5

Loading checkpoint shards:   0%|          | 0/6 [00:00<?, ?it/s]
Loading checkpoint shards:  17%|█▋        | 1/6 [00:00<00:00,  6.86it/s]
Loading checkpoint shards:  33%|███▎      | 2/6 [00:00<00:00,  7.34it/s]
Loading checkpoint shards:  50%|█████     | 3/6 [00:00<00:00,  7.82it/s]
Loading checkpoint shards:  67%|██████▋   | 4/6 [00:00<00:00,  8.35it/s]
Loading checkpoint shards:  83%|████████▎ | 5/6 [00:00<00:00,  8.74it/s]
Loading checkpoint shards: 100%|██████████| 6/6 [00:00<00:00,  9.02it/s]
Loading checkpoint shards: 100%|██████████| 6/6 [00:00<00:00,  8.45it/s]
Terminated

ERROR conda.cli.main_run:execute(127): `conda run python3 -u exp/code/full_igsd_pareto.py` failed. (See above for error)

