[full_m1_pareto] Starting at 2026-04-11T15:38:21.468521
[full_m1_pareto] Entropy thresholds: [0.5, 1.0, 2.0, 3.0]
[full_m1_pareto] Seeds: [42, 123, 456]
[full_m1_pareto] Loading LLaDA-8B-Instruct...
[full_m1_pareto] Model loaded. VRAM: 15288 MB
[full_m1_pareto] Loading datasets...
  GSM8K=1319, MATH500=500, HumanEval=164, MBPP=257

[full_m1_pareto] === Threshold 0.5 (1/4) ===
  [full_m1_pareto] threshold=0.5, seed=42
  [GSM8K_t0.5_s42] n=1319, seed=42, threshold=0.5, bs=4
    [100/1319] acc=0.690, tps=36.3, cache_hit=0.553
    [200/1319] acc=0.715, tps=34.5, cache_hit=0.571
    [300/1319] acc=0.687, tps=28.8, cache_hit=0.567
    [400/1319] acc=0.682, tps=25.9, cache_hit=0.566
    [500/1319] acc=0.680, tps=24.2, cache_hit=0.560
    [600/1319] acc=0.683, tps=23.1, cache_hit=0.562
    [700/1319] acc=0.677, tps=22.4, cache_hit=0.560
    [800/1319] acc=0.667, tps=21.8, cache_hit=0.560
    [900/1319] acc=0.664, tps=21.4, cache_hit=0.561
    [1000/1319] acc=0.665, tps=21.0, cache_hit=0.560
    [1100/1319] acc=0.665, tps=20.7, cache_hit=0.561
    [1200/1319] acc=0.668, tps=20.5, cache_hit=0.561
    [1300/1319] acc=0.675, tps=20.4, cache_hit=0.561
    [1319/1319] acc=0.673, tps=20.4, cache_hit=0.562
    GSM8K done: acc=0.673, speedup=0.66x, cache_hit=0.562
  [MATH500_t0.5_s42] n=500, seed=42, threshold=0.5, bs=2
    [100/500] acc=0.070, tps=41.6
    [200/500] acc=0.080, tps=41.1
    [300/500] acc=0.093, tps=40.8
    [400/500] acc=0.115, tps=40.7
    [500/500] acc=0.118, tps=40.7
    MATH500 done: acc=0.118, speedup=0.51x
  [HumanEval_t0.5_s42] n=164, seed=42, threshold=0.5, bs=4
    [40/164] pass@1=0.000, tps=43.5
    [80/164] pass@1=0.000, tps=47.6
    [120/164] pass@1=0.000, tps=48.4
    [160/164] pass@1=0.000, tps=49.6
    [164/164] pass@1=0.000, tps=49.9
    HumanEval done: pass@1=0.000, speedup=0.51x
  [MBPP_t0.5_s42] n=257, seed=42, threshold=0.5, bs=4
    [80/257] pass@1=0.000, tps=83.5
    [160/257] pass@1=0.000, tps=82.8
    [240/257] pass@1=0.000, tps=82.7
    [257/257] pass@1=0.000, tps=82.3
    MBPP done: pass@1=0.000, speedup=0.43x
  [checkpoint] threshold=0.5, seed=42 saved
  [full_m1_pareto] threshold=0.5, seed=123
  [GSM8K_t0.5_s123] n=1319, seed=123, threshold=0.5, bs=4
    [100/1319] acc=0.680, tps=17.8, cache_hit=0.566
    [200/1319] acc=0.685, tps=18.4, cache_hit=0.583
    [300/1319] acc=0.677, tps=18.7, cache_hit=0.578
    [400/1319] acc=0.665, tps=18.6, cache_hit=0.576
    [500/1319] acc=0.650, tps=18.5, cache_hit=0.573
    [600/1319] acc=0.652, tps=18.3, cache_hit=0.568
    [700/1319] acc=0.657, tps=18.2, cache_hit=0.568
    [800/1319] acc=0.655, tps=18.2, cache_hit=0.565
    [900/1319] acc=0.652, tps=18.1, cache_hit=0.561
    [1000/1319] acc=0.658, tps=18.1, cache_hit=0.562
    [1100/1319] acc=0.653, tps=18.2, cache_hit=0.562
    [1200/1319] acc=0.656, tps=18.2, cache_hit=0.563
    [1300/1319] acc=0.655, tps=18.1, cache_hit=0.563
    [1319/1319] acc=0.660, tps=18.1, cache_hit=0.564
    GSM8K done: acc=0.660, speedup=0.59x, cache_hit=0.564
  [MATH500_t0.5_s123] n=500, seed=123, threshold=0.5, bs=2
    [100/500] acc=0.060, tps=41.2
    [200/500] acc=0.080, tps=40.8
    [300/500] acc=0.083, tps=40.6
    [400/500] acc=0.090, tps=40.4
    [500/500] acc=0.108, tps=40.7
    MATH500 done: acc=0.108, speedup=0.51x
  [HumanEval_t0.5_s123] n=164, seed=123, threshold=0.5, bs=4
    [40/164] pass@1=0.000, tps=47.0
    [80/164] pass@1=0.000, tps=48.9
    [120/164] pass@1=0.000, tps=47.8
    [160/164] pass@1=0.000, tps=49.4
    [164/164] pass@1=0.000, tps=49.0
    HumanEval done: pass@1=0.000, speedup=0.50x
  [MBPP_t0.5_s123] n=257, seed=123, threshold=0.5, bs=4
    [80/257] pass@1=0.000, tps=82.4
    [160/257] pass@1=0.000, tps=82.4
    [240/257] pass@1=0.000, tps=82.2
    [257/257] pass@1=0.000, tps=81.7
    MBPP done: pass@1=0.000, speedup=0.43x
  [checkpoint] threshold=0.5, seed=123 saved
  [full_m1_pareto] threshold=0.5, seed=456
  [GSM8K_t0.5_s456] n=1319, seed=456, threshold=0.5, bs=4
    [100/1319] acc=0.720, tps=17.9, cache_hit=0.535
    [200/1319] acc=0.700, tps=18.5, cache_hit=0.546
    [300/1319] acc=0.677, tps=18.2, cache_hit=0.545
    [400/1319] acc=0.667, tps=18.1, cache_hit=0.547
    [500/1319] acc=0.678, tps=18.0, cache_hit=0.558
    [600/1319] acc=0.673, tps=18.0, cache_hit=0.560
    [700/1319] acc=0.671, tps=18.0, cache_hit=0.562
    [800/1319] acc=0.670, tps=18.0, cache_hit=0.561
    [900/1319] acc=0.663, tps=17.9, cache_hit=0.561
    [1000/1319] acc=0.657, tps=17.9, cache_hit=0.562
    [1100/1319] acc=0.657, tps=18.0, cache_hit=0.563
    [1200/1319] acc=0.658, tps=18.0, cache_hit=0.562
    [1300/1319] acc=0.663, tps=18.1, cache_hit=0.563
    [1319/1319] acc=0.663, tps=18.1, cache_hit=0.563
    GSM8K done: acc=0.663, speedup=0.58x, cache_hit=0.563
  [MATH500_t0.5_s456] n=500, seed=456, threshold=0.5, bs=2
    [100/500] acc=0.130, tps=38.9
    [200/500] acc=0.140, tps=41.6
    [300/500] acc=0.133, tps=41.7
    [400/500] acc=0.117, tps=41.3
    [500/500] acc=0.114, tps=41.2
    MATH500 done: acc=0.114, speedup=0.52x
  [HumanEval_t0.5_s456] n=164, seed=456, threshold=0.5, bs=4
    [40/164] pass@1=0.000, tps=46.0
    [80/164] pass@1=0.000, tps=48.5
    [120/164] pass@1=0.000, tps=49.2
    [160/164] pass@1=0.000, tps=49.2
    [164/164] pass@1=0.000, tps=48.9
    HumanEval done: pass@1=0.000, speedup=0.50x
  [MBPP_t0.5_s456] n=257, seed=456, threshold=0.5, bs=4
    [80/257] pass@1=0.000, tps=82.0
    [160/257] pass@1=0.000, tps=82.1
    [240/257] pass@1=0.000, tps=82.3
    [257/257] pass@1=0.000, tps=82.0
    MBPP done: pass@1=0.000, speedup=0.43x
  [checkpoint] threshold=0.5, seed=456 saved

[full_m1_pareto] === Threshold 1.0 (2/4) ===
  [full_m1_pareto] threshold=1.0, seed=42
  [GSM8K_t1.0_s42] n=1319, seed=42, threshold=1.0, bs=4
    [100/1319] acc=0.580, tps=18.9, cache_hit=0.577
    [200/1319] acc=0.630, tps=19.2, cache_hit=0.597
    [300/1319] acc=0.623, tps=19.2, cache_hit=0.592
    [400/1319] acc=0.620, tps=19.4, cache_hit=0.590
    [500/1319] acc=0.622, tps=19.2, cache_hit=0.586
    [600/1319] acc=0.633, tps=19.2, cache_hit=0.587
    [700/1319] acc=0.627, tps=19.2, cache_hit=0.585
    [800/1319] acc=0.611, tps=19.2, cache_hit=0.585
    [900/1319] acc=0.611, tps=19.2, cache_hit=0.585
    [1000/1319] acc=0.619, tps=19.2, cache_hit=0.585
    [1100/1319] acc=0.625, tps=19.1, cache_hit=0.585
    [1200/1319] acc=0.629, tps=19.1, cache_hit=0.586
    [1300/1319] acc=0.628, tps=19.3, cache_hit=0.586
    [1319/1319] acc=0.627, tps=19.3, cache_hit=0.587
    GSM8K done: acc=0.627, speedup=0.62x, cache_hit=0.587
  [MATH500_t1.0_s42] n=500, seed=42, threshold=1.0, bs=2
    [100/500] acc=0.080, tps=43.4
    [200/500] acc=0.080, tps=44.0
    [300/500] acc=0.080, tps=43.9
    [400/500] acc=0.092, tps=43.5
    [500/500] acc=0.086, tps=43.4
    MATH500 done: acc=0.086, speedup=0.55x
  [HumanEval_t1.0_s42] n=164, seed=42, threshold=1.0, bs=4
    [40/164] pass@1=0.000, tps=47.5
    [80/164] pass@1=0.000, tps=51.6
    [120/164] pass@1=0.000, tps=52.2
    [160/164] pass@1=0.000, tps=53.7
    [164/164] pass@1=0.000, tps=54.0
    HumanEval done: pass@1=0.000, speedup=0.55x
  [MBPP_t1.0_s42] n=257, seed=42, threshold=1.0, bs=4
    [80/257] pass@1=0.000, tps=86.0
    [160/257] pass@1=0.000, tps=85.2
    [240/257] pass@1=0.000, tps=85.0
    [257/257] pass@1=0.000, tps=84.7
    MBPP done: pass@1=0.000, speedup=0.44x
  [checkpoint] threshold=1.0, seed=42 saved
  [full_m1_pareto] threshold=1.0, seed=123
  [GSM8K_t1.0_s123] n=1319, seed=123, threshold=1.0, bs=4
    [100/1319] acc=0.610, tps=18.9, cache_hit=0.589
    [200/1319] acc=0.610, tps=19.4, cache_hit=0.605
    [300/1319] acc=0.600, tps=19.4, cache_hit=0.600
    [400/1319] acc=0.610, tps=19.5, cache_hit=0.599
    [500/1319] acc=0.604, tps=19.8, cache_hit=0.597
    [600/1319] acc=0.603, tps=19.5, cache_hit=0.592
    [700/1319] acc=0.620, tps=19.5, cache_hit=0.593
    [800/1319] acc=0.619, tps=19.4, cache_hit=0.590
    [900/1319] acc=0.616, tps=19.2, cache_hit=0.585
    [1000/1319] acc=0.618, tps=19.2, cache_hit=0.587
    [1100/1319] acc=0.619, tps=19.2, cache_hit=0.586
    [1200/1319] acc=0.621, tps=19.2, cache_hit=0.587
    [1300/1319] acc=0.618, tps=19.2, cache_hit=0.587
    [1319/1319] acc=0.619, tps=19.2, cache_hit=0.587
    GSM8K done: acc=0.619, speedup=0.62x, cache_hit=0.587
  [MATH500_t1.0_s123] n=500, seed=123, threshold=1.0, bs=2
    [100/500] acc=0.070, tps=43.8
    [200/500] acc=0.090, tps=42.9
    [300/500] acc=0.083, tps=43.3
    [400/500] acc=0.087, tps=44.1
    [500/500] acc=0.096, tps=44.3
    MATH500 done: acc=0.096, speedup=0.56x
  [HumanEval_t1.0_s123] n=164, seed=123, threshold=1.0, bs=4
    [40/164] pass@1=0.000, tps=51.3
    [80/164] pass@1=0.000, tps=53.4
    [120/164] pass@1=0.000, tps=51.9
    [160/164] pass@1=0.000, tps=53.4
    [164/164] pass@1=0.000, tps=53.1
    HumanEval done: pass@1=0.000, speedup=0.54x
  [MBPP_t1.0_s123] n=257, seed=123, threshold=1.0, bs=4
    [80/257] pass@1=0.000, tps=85.4
    [160/257] pass@1=0.000, tps=85.7
    [240/257] pass@1=0.000, tps=85.2
    [257/257] pass@1=0.000, tps=84.7
    MBPP done: pass@1=0.000, speedup=0.44x
  [checkpoint] threshold=1.0, seed=123 saved
  [full_m1_pareto] threshold=1.0, seed=456
  [GSM8K_t1.0_s456] n=1319, seed=456, threshold=1.0, bs=4
    [100/1319] acc=0.590, tps=18.6, cache_hit=0.560
    [200/1319] acc=0.590, tps=18.9, cache_hit=0.571
    [300/1319] acc=0.577, tps=18.9, cache_hit=0.570
    [400/1319] acc=0.585, tps=18.9, cache_hit=0.572
    [500/1319] acc=0.596, tps=19.0, cache_hit=0.582
    [600/1319] acc=0.597, tps=19.1, cache_hit=0.585
    [700/1319] acc=0.597, tps=19.0, cache_hit=0.587
    [800/1319] acc=0.595, tps=19.1, cache_hit=0.586
    [900/1319] acc=0.593, tps=19.1, cache_hit=0.586
    [1000/1319] acc=0.594, tps=19.2, cache_hit=0.587
    [1100/1319] acc=0.596, tps=19.2, cache_hit=0.588
    [1200/1319] acc=0.599, tps=19.2, cache_hit=0.587
    [1300/1319] acc=0.597, tps=19.2, cache_hit=0.588
    [1319/1319] acc=0.597, tps=19.2, cache_hit=0.588
    GSM8K done: acc=0.597, speedup=0.62x, cache_hit=0.588
  [MATH500_t1.0_s456] n=500, seed=456, threshold=1.0, bs=2
    [100/500] acc=0.120, tps=41.4
    [200/500] acc=0.130, tps=44.3
    [300/500] acc=0.117, tps=44.2
    [400/500] acc=0.113, tps=44.0
    [500/500] acc=0.106, tps=44.7
    MATH500 done: acc=0.106, speedup=0.56x
  [HumanEval_t1.0_s456] n=164, seed=456, threshold=1.0, bs=4
    [40/164] pass@1=0.000, tps=52.1
    [80/164] pass@1=0.000, tps=53.0
    [120/164] pass@1=0.000, tps=53.8
    [160/164] pass@1=0.000, tps=53.8
    [164/164] pass@1=0.000, tps=53.5
    HumanEval done: pass@1=0.000, speedup=0.55x
  [MBPP_t1.0_s456] n=257, seed=456, threshold=1.0, bs=4
    [80/257] pass@1=0.000, tps=85.3
    [160/257] pass@1=0.000, tps=85.0
    [240/257] pass@1=0.000, tps=85.1
    [257/257] pass@1=0.000, tps=84.8
    MBPP done: pass@1=0.000, speedup=0.44x
  [checkpoint] threshold=1.0, seed=456 saved

[full_m1_pareto] === Threshold 2.0 (3/4) ===
  [full_m1_pareto] threshold=2.0, seed=42
  [GSM8K_t2.0_s42] n=1319, seed=42, threshold=2.0, bs=4
    [100/1319] acc=0.400, tps=23.7, cache_hit=0.584
    [200/1319] acc=0.390, tps=23.7, cache_hit=0.605

Loading checkpoint shards:   0%|          | 0/6 [00:00<?, ?it/s]
Loading checkpoint shards:  17%|█▋        | 1/6 [00:00<00:00,  7.76it/s]
Loading checkpoint shards:  33%|███▎      | 2/6 [00:00<00:00,  8.40it/s]
Loading checkpoint shards:  50%|█████     | 3/6 [00:00<00:00,  8.60it/s]
Loading checkpoint shards:  67%|██████▋   | 4/6 [00:00<00:00,  8.99it/s]
Loading checkpoint shards: 100%|██████████| 6/6 [00:00<00:00,  9.70it/s]
Loading checkpoint shards: 100%|██████████| 6/6 [00:00<00:00,  9.24it/s]
Terminated

ERROR conda.cli.main_run:execute(127): `conda run python3 -u /home/qhxie/AutoResearch-SibylSystem/workspaces/dlm-acceleration/current/exp/code/full_m1_pareto.py` failed. (See above for error)

