
Loading checkpoint shards:   0%|          | 0/6 [00:00<?, ?it/s]
Loading checkpoint shards:  17%|█▋        | 1/6 [00:00<00:00,  7.49it/s]
Loading checkpoint shards:  33%|███▎      | 2/6 [00:00<00:00,  8.04it/s]
Loading checkpoint shards:  50%|█████     | 3/6 [00:00<00:00,  8.32it/s]
Loading checkpoint shards:  67%|██████▋   | 4/6 [00:00<00:00,  8.83it/s]
Loading checkpoint shards:  83%|████████▎ | 5/6 [00:00<00:00,  8.99it/s]
Loading checkpoint shards: 100%|██████████| 6/6 [00:00<00:00,  9.27it/s]
Loading checkpoint shards: 100%|██████████| 6/6 [00:00<00:00,  8.84it/s]

[pilot_h6] Starting IGSD feasibility pilot at 2026-04-10T20:06:47.951104
[pilot_h6] Loading LLaDA-8B-Instruct from /home/qhxie/AutoResearch-SibylSystem/workspaces/dlm-acceleration/shared/checkpoints/llada-8b-instruct...
[pilot_h6] Model loaded. VRAM used: 15288 MB

[pilot_h6] === GSM8K Draft Confidence (200 samples) ===
  [20/200] accept_rate@tau=0.85=0.639, draft_acc=0.050
  [40/200] accept_rate@tau=0.85=0.593, draft_acc=0.025
  [60/200] accept_rate@tau=0.85=0.564, draft_acc=0.017
  [80/200] accept_rate@tau=0.85=0.575, draft_acc=0.013
  [100/200] accept_rate@tau=0.85=0.579, draft_acc=0.010
  [120/200] accept_rate@tau=0.85=0.582, draft_acc=0.017
  [140/200] accept_rate@tau=0.85=0.593, draft_acc=0.021
  [160/200] accept_rate@tau=0.85=0.587, draft_acc=0.025
  [180/200] accept_rate@tau=0.85=0.593, draft_acc=0.022
  [200/200] accept_rate@tau=0.85=0.589, draft_acc=0.020

[pilot_h6] GSM8K Summary:
  Confidence: mean=0.644, std=0.443
  accept_rate@tau=0.70: 0.621
  accept_rate@tau=0.80: 0.600
  accept_rate@tau=0.85: 0.589
  accept_rate@tau=0.90: 0.570
  draft_accuracy (8-step GSM8K exact match): 0.020

[pilot_h6] === HumanEval Draft Confidence (50 samples) ===
  [10/50] accept_rate@tau=0.85=0.782
  [20/50] accept_rate@tau=0.85=0.846
  [30/50] accept_rate@tau=0.85=0.831
  [40/50] accept_rate@tau=0.85=0.835
  [50/50] accept_rate@tau=0.85=0.829

[pilot_h6] HumanEval Summary:
  Confidence: mean=0.850, std=0.339
  accept_rate@tau=0.70: 0.842
  accept_rate@tau=0.80: 0.833
  accept_rate@tau=0.85: 0.829
  accept_rate@tau=0.90: 0.822

[pilot_h6] ═══════════════════════════════════════════════
[pilot_h6] DECISION: PROCEED: IGSD is primary contribution (accept_rate@0.85 >= 50%)
[pilot_h6] ═══════════════════════════════════════════════

[pilot_h6] Saved metrics to /home/qhxie/AutoResearch-SibylSystem/workspaces/dlm-acceleration/current/exp/results/pilots/h6_igsd_metrics.json

[pilot_h6] DONE. accept_rate@tau=0.85=0.637, @tau=0.70=0.665, draft_acc(8step)=0.020, verdict=go

