
Loading checkpoint shards:   0%|          | 0/6 [00:00<?, ?it/s]
Loading checkpoint shards:  17%|█▋        | 1/6 [00:00<00:00,  7.68it/s]
Loading checkpoint shards:  33%|███▎      | 2/6 [00:00<00:00,  8.59it/s]
Loading checkpoint shards:  50%|█████     | 3/6 [00:00<00:00,  8.56it/s]
Loading checkpoint shards:  67%|██████▋   | 4/6 [00:00<00:00,  9.02it/s]
Loading checkpoint shards: 100%|██████████| 6/6 [00:00<00:00,  9.85it/s]
Loading checkpoint shards: 100%|██████████| 6/6 [00:00<00:00,  9.34it/s]

[pilot_baseline] Starting at 2026-04-10T19:58:36.148217
[pilot_baseline] Loading LLaDA-8B-Instruct from /home/qhxie/AutoResearch-SibylSystem/workspaces/dlm-acceleration/shared/checkpoints/llada-8b-instruct...
[pilot_baseline] Model loaded. VRAM used: 15288 MB

[pilot_baseline] === GSM8K Evaluation ===
  [10/100] acc=0.600, avg_tps=58.9
  [20/100] acc=0.700, avg_tps=58.7
  [30/100] acc=0.733, avg_tps=58.6
  [40/100] acc=0.700, avg_tps=58.6
  [50/100] acc=0.660, avg_tps=58.6
  [60/100] acc=0.700, avg_tps=58.6
  [70/100] acc=0.714, avg_tps=58.6
  [80/100] acc=0.738, avg_tps=58.6
  [90/100] acc=0.744, avg_tps=58.6
  [100/100] acc=0.730, avg_tps=58.6

[pilot_baseline] GSM8K Results:
  exact_match = 0.730 (73/100)
  avg_tps = 58.6 ± 0.3

[pilot_baseline] === HumanEval Evaluation ===
  [10/50] pass@1=0.000, avg_tps=106.4
  [20/50] pass@1=0.000, avg_tps=103.8
  [30/50] pass@1=0.033, avg_tps=103.0
  [40/50] pass@1=0.025, avg_tps=102.6
  [50/50] pass@1=0.040, avg_tps=100.9

[pilot_baseline] HumanEval Results:
  pass@1 = 0.040 (2/50)
  avg_tps = 100.9 ± 15.6

[pilot_baseline] Saved metrics to /home/qhxie/AutoResearch-SibylSystem/workspaces/dlm-acceleration/current/exp/results/baseline/baseline_metrics.json

[pilot_baseline] DONE. GSM8K exact_match=0.730, HumanEval pass@1=0.040, avg_tps=72.6

