Using device: cuda

============================================================
Random Control (task: pilot_random_control)
============================================================
Creating synthetic model...
Evaluating random decoder...
Results saved to exp/results/pilots/pilot_random_control_results.json

--- Results Summary ---
  absorption_rate: 0.5597
  feature_recovery_mcc: 0.2228
  reconstruction_mse: 0.6272
  explained_variance: -111.9482
  l0_sparsity: 1032.5995
  true_l0: 1.5839
  dead_latents: 0
  shrinkage: 8.8019
  uniqueness: 0.4341
  hedging_score: 0.2471
  classification_precision: 0.0029
  classification_recall: 0.1885
  classification_f1: 0.0042
  classification_accuracy: 0.4958

Combined results saved to exp/results/pilots/pilot_all_results.json
